[2025-08-28T09:07:38.007+0000] {local_task_job_runner.py:123} INFO - ::group::Pre task execution logs
[2025-08-28T09:07:38.012+0000] {taskinstance.py:2612} INFO - Dependencies all met for dep_context=non-requeueable deps ti=<TaskInstance: unemployment_etl_dag.run_etl manual__2025-08-28T09:07:37.249375+00:00 [queued]>
[2025-08-28T09:07:38.014+0000] {taskinstance.py:2612} INFO - Dependencies all met for dep_context=requeueable deps ti=<TaskInstance: unemployment_etl_dag.run_etl manual__2025-08-28T09:07:37.249375+00:00 [queued]>
[2025-08-28T09:07:38.014+0000] {taskinstance.py:2865} INFO - Starting attempt 1 of 1
[2025-08-28T09:07:38.017+0000] {taskinstance.py:2888} INFO - Executing <Task(PythonOperator): run_etl> on 2025-08-28 09:07:37.249375+00:00
[2025-08-28T09:07:38.020+0000] {warnings.py:112} WARNING - /home/***/.local/lib/python3.12/site-packages/***/task/task_runner/standard_task_runner.py:70: DeprecationWarning: This process (pid=803) is multi-threaded, use of fork() may lead to deadlocks in the child.
  pid = os.fork()

[2025-08-28T09:07:38.021+0000] {standard_task_runner.py:72} INFO - Started process 805 to run task
[2025-08-28T09:07:38.021+0000] {standard_task_runner.py:104} INFO - Running: ['***', 'tasks', 'run', 'unemployment_etl_dag', 'run_etl', 'manual__2025-08-28T09:07:37.249375+00:00', '--job-id', '21', '--raw', '--subdir', 'DAGS_FOLDER/unemployment_etl_dag.py', '--cfg-path', '/tmp/tmpzzlgn9_y']
[2025-08-28T09:07:38.022+0000] {standard_task_runner.py:105} INFO - Job 21: Subtask run_etl
[2025-08-28T09:07:38.039+0000] {task_command.py:467} INFO - Running <TaskInstance: unemployment_etl_dag.run_etl manual__2025-08-28T09:07:37.249375+00:00 [running]> on host 6c81a3d5d2a8
[2025-08-28T09:07:38.063+0000] {taskinstance.py:3131} INFO - Exporting env vars: AIRFLOW_CTX_DAG_OWNER='***' AIRFLOW_CTX_DAG_ID='unemployment_etl_dag' AIRFLOW_CTX_TASK_ID='run_etl' AIRFLOW_CTX_EXECUTION_DATE='2025-08-28T09:07:37.249375+00:00' AIRFLOW_CTX_TRY_NUMBER='1' AIRFLOW_CTX_DAG_RUN_ID='manual__2025-08-28T09:07:37.249375+00:00'
[2025-08-28T09:07:38.064+0000] {logging_mixin.py:190} INFO - Task instance is in running state
[2025-08-28T09:07:38.064+0000] {logging_mixin.py:190} INFO -  Previous state of the Task instance: queued
[2025-08-28T09:07:38.064+0000] {logging_mixin.py:190} INFO - Current task name:run_etl state:running start_date:2025-08-28 09:07:38.012198+00:00
[2025-08-28T09:07:38.064+0000] {logging_mixin.py:190} INFO - Dag name:unemployment_etl_dag and current dag run status:running
[2025-08-28T09:07:38.064+0000] {taskinstance.py:731} INFO - ::endgroup::
[2025-08-28T09:07:38.352+0000] {logging_mixin.py:190} INFO - Saved: /opt/***/data/raw/unemployment_CZ_total_unemployment_rate.json and /opt/***/data/processed/unemployment_CZ_total_unemployment_rate.csv
[2025-08-28T09:07:39.656+0000] {logging_mixin.py:190} INFO - Saved: /opt/***/data/raw/unemployment_CZ_male_unemployment_rate.json and /opt/***/data/processed/unemployment_CZ_male_unemployment_rate.csv
[2025-08-28T09:07:40.990+0000] {logging_mixin.py:190} INFO - Saved: /opt/***/data/raw/unemployment_CZ_female_unemployment_rate.json and /opt/***/data/processed/unemployment_CZ_female_unemployment_rate.csv
[2025-08-28T09:07:42.325+0000] {logging_mixin.py:190} INFO - Saved: /opt/***/data/raw/unemployment_CZ_youth_unemployment_rate.json and /opt/***/data/processed/unemployment_CZ_youth_unemployment_rate.csv
[2025-08-28T09:07:43.551+0000] {logging_mixin.py:190} INFO - Saved: /opt/***/data/raw/unemployment_CZ_youth_male_unemployment_rate.json and /opt/***/data/processed/unemployment_CZ_youth_male_unemployment_rate.csv
[2025-08-28T09:07:44.878+0000] {logging_mixin.py:190} INFO - Saved: /opt/***/data/raw/unemployment_CZ_youth_female_unemployment_rate.json and /opt/***/data/processed/unemployment_CZ_youth_female_unemployment_rate.csv
[2025-08-28T09:07:46.166+0000] {logging_mixin.py:190} INFO - Saved: /opt/***/data/raw/unemployment_CZ_unemployment_rate_basic_education_male.json and /opt/***/data/processed/unemployment_CZ_unemployment_rate_basic_education_male.csv
[2025-08-28T09:07:47.402+0000] {logging_mixin.py:190} INFO - Saved: /opt/***/data/raw/unemployment_CZ_unemployment_rate_intermediate_education_male.json and /opt/***/data/processed/unemployment_CZ_unemployment_rate_intermediate_education_male.csv
[2025-08-28T09:07:48.626+0000] {logging_mixin.py:190} INFO - Saved: /opt/***/data/raw/unemployment_CZ_unemployment_rate_advanced_education_male.json and /opt/***/data/processed/unemployment_CZ_unemployment_rate_advanced_education_male.csv
[2025-08-28T09:07:49.854+0000] {logging_mixin.py:190} INFO - Saved: /opt/***/data/raw/unemployment_CZ_unemployment_rate_basic_education_female.json and /opt/***/data/processed/unemployment_CZ_unemployment_rate_basic_education_female.csv
[2025-08-28T09:07:51.092+0000] {logging_mixin.py:190} INFO - Saved: /opt/***/data/raw/unemployment_CZ_unemployment_rate_intermediate_education_female.json and /opt/***/data/processed/unemployment_CZ_unemployment_rate_intermediate_education_female.csv
[2025-08-28T09:07:52.325+0000] {logging_mixin.py:190} INFO - Saved: /opt/***/data/raw/unemployment_CZ_unemployment_rate_advanced_education_female.json and /opt/***/data/processed/unemployment_CZ_unemployment_rate_advanced_education_female.csv
[2025-08-28T09:07:53.556+0000] {logging_mixin.py:190} INFO - Saved: /opt/***/data/raw/unemployment_EUU_total_unemployment_rate.json and /opt/***/data/processed/unemployment_EUU_total_unemployment_rate.csv
[2025-08-28T09:07:54.786+0000] {logging_mixin.py:190} INFO - Saved: /opt/***/data/raw/unemployment_EUU_male_unemployment_rate.json and /opt/***/data/processed/unemployment_EUU_male_unemployment_rate.csv
[2025-08-28T09:07:56.150+0000] {logging_mixin.py:190} INFO - Saved: /opt/***/data/raw/unemployment_EUU_female_unemployment_rate.json and /opt/***/data/processed/unemployment_EUU_female_unemployment_rate.csv
[2025-08-28T09:07:57.353+0000] {logging_mixin.py:190} INFO - Saved: /opt/***/data/raw/unemployment_EUU_youth_unemployment_rate.json and /opt/***/data/processed/unemployment_EUU_youth_unemployment_rate.csv
[2025-08-28T09:07:58.570+0000] {logging_mixin.py:190} INFO - Saved: /opt/***/data/raw/unemployment_EUU_youth_male_unemployment_rate.json and /opt/***/data/processed/unemployment_EUU_youth_male_unemployment_rate.csv
[2025-08-28T09:07:59.815+0000] {logging_mixin.py:190} INFO - Saved: /opt/***/data/raw/unemployment_EUU_youth_female_unemployment_rate.json and /opt/***/data/processed/unemployment_EUU_youth_female_unemployment_rate.csv
[2025-08-28T09:08:01.016+0000] {logging_mixin.py:190} INFO - Saved: /opt/***/data/raw/unemployment_EUU_unemployment_rate_basic_education_male.json and /opt/***/data/processed/unemployment_EUU_unemployment_rate_basic_education_male.csv
[2025-08-28T09:08:02.219+0000] {logging_mixin.py:190} INFO - Saved: /opt/***/data/raw/unemployment_EUU_unemployment_rate_intermediate_education_male.json and /opt/***/data/processed/unemployment_EUU_unemployment_rate_intermediate_education_male.csv
[2025-08-28T09:08:03.430+0000] {logging_mixin.py:190} INFO - Saved: /opt/***/data/raw/unemployment_EUU_unemployment_rate_advanced_education_male.json and /opt/***/data/processed/unemployment_EUU_unemployment_rate_advanced_education_male.csv
[2025-08-28T09:08:04.674+0000] {logging_mixin.py:190} INFO - Saved: /opt/***/data/raw/unemployment_EUU_unemployment_rate_basic_education_female.json and /opt/***/data/processed/unemployment_EUU_unemployment_rate_basic_education_female.csv
[2025-08-28T09:08:05.951+0000] {logging_mixin.py:190} INFO - Saved: /opt/***/data/raw/unemployment_EUU_unemployment_rate_intermediate_education_female.json and /opt/***/data/processed/unemployment_EUU_unemployment_rate_intermediate_education_female.csv
[2025-08-28T09:08:07.168+0000] {logging_mixin.py:190} INFO - Saved: /opt/***/data/raw/unemployment_EUU_unemployment_rate_advanced_education_female.json and /opt/***/data/processed/unemployment_EUU_unemployment_rate_advanced_education_female.csv
[2025-08-28T09:08:08.173+0000] {python.py:240} INFO - Done. Returned value was: None
[2025-08-28T09:08:08.190+0000] {taskinstance.py:340} INFO - ::group::Post task execution logs
[2025-08-28T09:08:08.190+0000] {taskinstance.py:352} INFO - Marking task as SUCCESS. dag_id=unemployment_etl_dag, task_id=run_etl, run_id=manual__2025-08-28T09:07:37.249375+00:00, execution_date=20250828T090737, start_date=20250828T090738, end_date=20250828T090808
[2025-08-28T09:08:08.199+0000] {logging_mixin.py:190} INFO - Task instance in success state
[2025-08-28T09:08:08.200+0000] {logging_mixin.py:190} INFO -  Previous state of the Task instance: running
[2025-08-28T09:08:08.200+0000] {logging_mixin.py:190} INFO - Dag name:unemployment_etl_dag queued_at:2025-08-28 09:07:37.260250+00:00
[2025-08-28T09:08:08.200+0000] {logging_mixin.py:190} INFO - Task hostname:6c81a3d5d2a8 operator:PythonOperator
[2025-08-28T09:08:08.236+0000] {local_task_job_runner.py:266} INFO - Task exited with return code 0
[2025-08-28T09:08:08.252+0000] {taskinstance.py:3900} INFO - 2 downstream tasks scheduled from follow-on schedule check
[2025-08-28T09:08:08.253+0000] {local_task_job_runner.py:245} INFO - ::endgroup::
