[2025-08-26T15:43:47.948+0000] {processor.py:186} INFO - Started process (PID=39) to work on /opt/airflow/dags/hello_world.py
[2025-08-26T15:43:47.949+0000] {processor.py:914} INFO - Processing file /opt/airflow/dags/hello_world.py for tasks to queue
[2025-08-26T15:43:47.952+0000] {logging_mixin.py:190} INFO - [2025-08-26T15:43:47.952+0000] {dagbag.py:588} INFO - Filling up the DagBag from /opt/airflow/dags/hello_world.py
[2025-08-26T15:43:47.963+0000] {processor.py:927} WARNING - No viable dags retrieved from /opt/airflow/dags/hello_world.py
[2025-08-26T15:43:47.974+0000] {processor.py:208} INFO - Processing /opt/airflow/dags/hello_world.py took 0.032 seconds
[2025-08-26T15:44:18.617+0000] {processor.py:186} INFO - Started process (PID=101) to work on /opt/airflow/dags/hello_world.py
[2025-08-26T15:44:18.619+0000] {processor.py:914} INFO - Processing file /opt/airflow/dags/hello_world.py for tasks to queue
[2025-08-26T15:44:18.622+0000] {logging_mixin.py:190} INFO - [2025-08-26T15:44:18.621+0000] {dagbag.py:588} INFO - Filling up the DagBag from /opt/airflow/dags/hello_world.py
[2025-08-26T15:44:18.626+0000] {processor.py:927} WARNING - No viable dags retrieved from /opt/airflow/dags/hello_world.py
[2025-08-26T15:44:18.639+0000] {processor.py:208} INFO - Processing /opt/airflow/dags/hello_world.py took 0.028 seconds
[2025-08-26T15:44:49.316+0000] {processor.py:186} INFO - Started process (PID=170) to work on /opt/airflow/dags/hello_world.py
[2025-08-26T15:44:49.317+0000] {processor.py:914} INFO - Processing file /opt/airflow/dags/hello_world.py for tasks to queue
[2025-08-26T15:44:49.320+0000] {logging_mixin.py:190} INFO - [2025-08-26T15:44:49.319+0000] {dagbag.py:588} INFO - Filling up the DagBag from /opt/airflow/dags/hello_world.py
[2025-08-26T15:44:49.323+0000] {processor.py:927} WARNING - No viable dags retrieved from /opt/airflow/dags/hello_world.py
[2025-08-26T15:44:49.332+0000] {processor.py:208} INFO - Processing /opt/airflow/dags/hello_world.py took 0.024 seconds
[2025-08-26T15:45:20.142+0000] {processor.py:186} INFO - Started process (PID=233) to work on /opt/airflow/dags/hello_world.py
[2025-08-26T15:45:20.145+0000] {processor.py:914} INFO - Processing file /opt/airflow/dags/hello_world.py for tasks to queue
[2025-08-26T15:45:20.148+0000] {logging_mixin.py:190} INFO - [2025-08-26T15:45:20.147+0000] {dagbag.py:588} INFO - Filling up the DagBag from /opt/airflow/dags/hello_world.py
[2025-08-26T15:45:20.153+0000] {processor.py:927} WARNING - No viable dags retrieved from /opt/airflow/dags/hello_world.py
[2025-08-26T15:45:20.166+0000] {processor.py:208} INFO - Processing /opt/airflow/dags/hello_world.py took 0.033 seconds
[2025-08-26T15:56:42.363+0000] {processor.py:186} INFO - Started process (PID=290) to work on /opt/airflow/dags/hello_world.py
[2025-08-26T15:56:42.363+0000] {processor.py:914} INFO - Processing file /opt/airflow/dags/hello_world.py for tasks to queue
[2025-08-26T15:56:42.365+0000] {logging_mixin.py:190} INFO - [2025-08-26T15:56:42.365+0000] {dagbag.py:588} INFO - Filling up the DagBag from /opt/airflow/dags/hello_world.py
[2025-08-26T15:56:42.371+0000] {processor.py:927} WARNING - No viable dags retrieved from /opt/airflow/dags/hello_world.py
[2025-08-26T15:56:42.379+0000] {processor.py:208} INFO - Processing /opt/airflow/dags/hello_world.py took 0.020 seconds
[2025-08-26T16:32:52.892+0000] {processor.py:186} INFO - Started process (PID=353) to work on /opt/airflow/dags/hello_world.py
[2025-08-26T16:32:52.892+0000] {processor.py:914} INFO - Processing file /opt/airflow/dags/hello_world.py for tasks to queue
[2025-08-26T16:32:52.899+0000] {logging_mixin.py:190} INFO - [2025-08-26T16:32:52.898+0000] {dagbag.py:588} INFO - Filling up the DagBag from /opt/airflow/dags/hello_world.py
[2025-08-26T16:32:52.909+0000] {processor.py:927} WARNING - No viable dags retrieved from /opt/airflow/dags/hello_world.py
[2025-08-26T16:32:52.917+0000] {processor.py:208} INFO - Processing /opt/airflow/dags/hello_world.py took 0.033 seconds
[2025-08-26T18:02:29.047+0000] {processor.py:186} INFO - Started process (PID=416) to work on /opt/airflow/dags/hello_world.py
[2025-08-26T18:02:29.049+0000] {processor.py:914} INFO - Processing file /opt/airflow/dags/hello_world.py for tasks to queue
[2025-08-26T18:02:29.052+0000] {logging_mixin.py:190} INFO - [2025-08-26T18:02:29.051+0000] {dagbag.py:588} INFO - Filling up the DagBag from /opt/airflow/dags/hello_world.py
[2025-08-26T18:02:29.056+0000] {processor.py:927} WARNING - No viable dags retrieved from /opt/airflow/dags/hello_world.py
[2025-08-26T18:02:29.063+0000] {processor.py:208} INFO - Processing /opt/airflow/dags/hello_world.py took 0.020 seconds
[2025-08-26T18:46:58.860+0000] {processor.py:186} INFO - Started process (PID=479) to work on /opt/airflow/dags/hello_world.py
[2025-08-26T18:46:58.861+0000] {processor.py:914} INFO - Processing file /opt/airflow/dags/hello_world.py for tasks to queue
[2025-08-26T18:46:58.864+0000] {logging_mixin.py:190} INFO - [2025-08-26T18:46:58.864+0000] {dagbag.py:588} INFO - Filling up the DagBag from /opt/airflow/dags/hello_world.py
[2025-08-26T18:46:58.871+0000] {processor.py:927} WARNING - No viable dags retrieved from /opt/airflow/dags/hello_world.py
[2025-08-26T18:46:58.882+0000] {processor.py:208} INFO - Processing /opt/airflow/dags/hello_world.py took 0.029 seconds
[2025-08-26T18:47:29.881+0000] {processor.py:186} INFO - Started process (PID=542) to work on /opt/airflow/dags/hello_world.py
[2025-08-26T18:47:29.882+0000] {processor.py:914} INFO - Processing file /opt/airflow/dags/hello_world.py for tasks to queue
[2025-08-26T18:47:29.889+0000] {logging_mixin.py:190} INFO - [2025-08-26T18:47:29.888+0000] {dagbag.py:588} INFO - Filling up the DagBag from /opt/airflow/dags/hello_world.py
[2025-08-26T18:47:29.894+0000] {processor.py:927} WARNING - No viable dags retrieved from /opt/airflow/dags/hello_world.py
[2025-08-26T18:47:29.903+0000] {processor.py:208} INFO - Processing /opt/airflow/dags/hello_world.py took 0.025 seconds
[2025-08-26T18:48:00.680+0000] {processor.py:186} INFO - Started process (PID=605) to work on /opt/airflow/dags/hello_world.py
[2025-08-26T18:48:00.681+0000] {processor.py:914} INFO - Processing file /opt/airflow/dags/hello_world.py for tasks to queue
[2025-08-26T18:48:00.682+0000] {logging_mixin.py:190} INFO - [2025-08-26T18:48:00.681+0000] {dagbag.py:588} INFO - Filling up the DagBag from /opt/airflow/dags/hello_world.py
[2025-08-26T18:48:00.687+0000] {processor.py:927} WARNING - No viable dags retrieved from /opt/airflow/dags/hello_world.py
[2025-08-26T18:48:00.694+0000] {processor.py:208} INFO - Processing /opt/airflow/dags/hello_world.py took 0.017 seconds
[2025-08-26T18:48:31.526+0000] {processor.py:186} INFO - Started process (PID=668) to work on /opt/airflow/dags/hello_world.py
[2025-08-26T18:48:31.527+0000] {processor.py:914} INFO - Processing file /opt/airflow/dags/hello_world.py for tasks to queue
[2025-08-26T18:48:31.528+0000] {logging_mixin.py:190} INFO - [2025-08-26T18:48:31.528+0000] {dagbag.py:588} INFO - Filling up the DagBag from /opt/airflow/dags/hello_world.py
[2025-08-26T18:48:31.535+0000] {processor.py:927} WARNING - No viable dags retrieved from /opt/airflow/dags/hello_world.py
[2025-08-26T18:48:31.543+0000] {processor.py:208} INFO - Processing /opt/airflow/dags/hello_world.py took 0.020 seconds
[2025-08-26T18:49:02.190+0000] {processor.py:186} INFO - Started process (PID=731) to work on /opt/airflow/dags/hello_world.py
[2025-08-26T18:49:02.191+0000] {processor.py:914} INFO - Processing file /opt/airflow/dags/hello_world.py for tasks to queue
[2025-08-26T18:49:02.192+0000] {logging_mixin.py:190} INFO - [2025-08-26T18:49:02.192+0000] {dagbag.py:588} INFO - Filling up the DagBag from /opt/airflow/dags/hello_world.py
[2025-08-26T18:49:02.198+0000] {processor.py:927} WARNING - No viable dags retrieved from /opt/airflow/dags/hello_world.py
[2025-08-26T18:49:02.205+0000] {processor.py:208} INFO - Processing /opt/airflow/dags/hello_world.py took 0.020 seconds
[2025-08-26T18:49:32.923+0000] {processor.py:186} INFO - Started process (PID=795) to work on /opt/airflow/dags/hello_world.py
[2025-08-26T18:49:32.923+0000] {processor.py:914} INFO - Processing file /opt/airflow/dags/hello_world.py for tasks to queue
[2025-08-26T18:49:32.925+0000] {logging_mixin.py:190} INFO - [2025-08-26T18:49:32.925+0000] {dagbag.py:588} INFO - Filling up the DagBag from /opt/airflow/dags/hello_world.py
[2025-08-26T18:49:32.933+0000] {processor.py:927} WARNING - No viable dags retrieved from /opt/airflow/dags/hello_world.py
[2025-08-26T18:49:32.941+0000] {processor.py:208} INFO - Processing /opt/airflow/dags/hello_world.py took 0.024 seconds
[2025-08-26T18:50:03.555+0000] {processor.py:186} INFO - Started process (PID=858) to work on /opt/airflow/dags/hello_world.py
[2025-08-26T18:50:03.557+0000] {processor.py:914} INFO - Processing file /opt/airflow/dags/hello_world.py for tasks to queue
[2025-08-26T18:50:03.559+0000] {logging_mixin.py:190} INFO - [2025-08-26T18:50:03.558+0000] {dagbag.py:588} INFO - Filling up the DagBag from /opt/airflow/dags/hello_world.py
[2025-08-26T18:50:03.563+0000] {processor.py:927} WARNING - No viable dags retrieved from /opt/airflow/dags/hello_world.py
[2025-08-26T18:50:03.574+0000] {processor.py:208} INFO - Processing /opt/airflow/dags/hello_world.py took 0.025 seconds
[2025-08-26T18:50:34.122+0000] {processor.py:186} INFO - Started process (PID=921) to work on /opt/airflow/dags/hello_world.py
[2025-08-26T18:50:34.122+0000] {processor.py:914} INFO - Processing file /opt/airflow/dags/hello_world.py for tasks to queue
[2025-08-26T18:50:34.123+0000] {logging_mixin.py:190} INFO - [2025-08-26T18:50:34.123+0000] {dagbag.py:588} INFO - Filling up the DagBag from /opt/airflow/dags/hello_world.py
[2025-08-26T18:50:34.129+0000] {processor.py:927} WARNING - No viable dags retrieved from /opt/airflow/dags/hello_world.py
[2025-08-26T18:50:34.134+0000] {processor.py:208} INFO - Processing /opt/airflow/dags/hello_world.py took 0.015 seconds
[2025-08-26T18:51:04.663+0000] {processor.py:186} INFO - Started process (PID=984) to work on /opt/airflow/dags/hello_world.py
[2025-08-26T18:51:04.664+0000] {processor.py:914} INFO - Processing file /opt/airflow/dags/hello_world.py for tasks to queue
[2025-08-26T18:51:04.666+0000] {logging_mixin.py:190} INFO - [2025-08-26T18:51:04.666+0000] {dagbag.py:588} INFO - Filling up the DagBag from /opt/airflow/dags/hello_world.py
[2025-08-26T18:51:04.671+0000] {processor.py:927} WARNING - No viable dags retrieved from /opt/airflow/dags/hello_world.py
[2025-08-26T18:51:04.678+0000] {processor.py:208} INFO - Processing /opt/airflow/dags/hello_world.py took 0.020 seconds
[2025-08-26T18:51:35.244+0000] {processor.py:186} INFO - Started process (PID=1047) to work on /opt/airflow/dags/hello_world.py
[2025-08-26T18:51:35.245+0000] {processor.py:914} INFO - Processing file /opt/airflow/dags/hello_world.py for tasks to queue
[2025-08-26T18:51:35.247+0000] {logging_mixin.py:190} INFO - [2025-08-26T18:51:35.247+0000] {dagbag.py:588} INFO - Filling up the DagBag from /opt/airflow/dags/hello_world.py
[2025-08-26T18:51:35.253+0000] {processor.py:927} WARNING - No viable dags retrieved from /opt/airflow/dags/hello_world.py
[2025-08-26T18:51:35.264+0000] {processor.py:208} INFO - Processing /opt/airflow/dags/hello_world.py took 0.026 seconds
[2025-08-26T18:52:05.852+0000] {processor.py:186} INFO - Started process (PID=1110) to work on /opt/airflow/dags/hello_world.py
[2025-08-26T18:52:05.853+0000] {processor.py:914} INFO - Processing file /opt/airflow/dags/hello_world.py for tasks to queue
[2025-08-26T18:52:05.857+0000] {logging_mixin.py:190} INFO - [2025-08-26T18:52:05.856+0000] {dagbag.py:588} INFO - Filling up the DagBag from /opt/airflow/dags/hello_world.py
[2025-08-26T18:52:05.861+0000] {processor.py:927} WARNING - No viable dags retrieved from /opt/airflow/dags/hello_world.py
[2025-08-26T18:52:05.871+0000] {processor.py:208} INFO - Processing /opt/airflow/dags/hello_world.py took 0.025 seconds
[2025-08-26T18:52:36.565+0000] {processor.py:186} INFO - Started process (PID=1173) to work on /opt/airflow/dags/hello_world.py
[2025-08-26T18:52:36.566+0000] {processor.py:914} INFO - Processing file /opt/airflow/dags/hello_world.py for tasks to queue
[2025-08-26T18:52:36.570+0000] {logging_mixin.py:190} INFO - [2025-08-26T18:52:36.570+0000] {dagbag.py:588} INFO - Filling up the DagBag from /opt/airflow/dags/hello_world.py
[2025-08-26T18:52:36.575+0000] {processor.py:927} WARNING - No viable dags retrieved from /opt/airflow/dags/hello_world.py
[2025-08-26T18:52:36.586+0000] {processor.py:208} INFO - Processing /opt/airflow/dags/hello_world.py took 0.028 seconds
[2025-08-26T18:53:07.170+0000] {processor.py:186} INFO - Started process (PID=1236) to work on /opt/airflow/dags/hello_world.py
[2025-08-26T18:53:07.171+0000] {processor.py:914} INFO - Processing file /opt/airflow/dags/hello_world.py for tasks to queue
[2025-08-26T18:53:07.174+0000] {logging_mixin.py:190} INFO - [2025-08-26T18:53:07.174+0000] {dagbag.py:588} INFO - Filling up the DagBag from /opt/airflow/dags/hello_world.py
[2025-08-26T18:53:07.178+0000] {processor.py:927} WARNING - No viable dags retrieved from /opt/airflow/dags/hello_world.py
[2025-08-26T18:53:07.190+0000] {processor.py:208} INFO - Processing /opt/airflow/dags/hello_world.py took 0.027 seconds
[2025-08-26T18:53:37.756+0000] {processor.py:186} INFO - Started process (PID=1299) to work on /opt/airflow/dags/hello_world.py
[2025-08-26T18:53:37.757+0000] {processor.py:914} INFO - Processing file /opt/airflow/dags/hello_world.py for tasks to queue
[2025-08-26T18:53:37.760+0000] {logging_mixin.py:190} INFO - [2025-08-26T18:53:37.759+0000] {dagbag.py:588} INFO - Filling up the DagBag from /opt/airflow/dags/hello_world.py
[2025-08-26T18:53:37.763+0000] {processor.py:927} WARNING - No viable dags retrieved from /opt/airflow/dags/hello_world.py
[2025-08-26T18:53:37.774+0000] {processor.py:208} INFO - Processing /opt/airflow/dags/hello_world.py took 0.025 seconds
[2025-08-26T18:54:08.415+0000] {processor.py:186} INFO - Started process (PID=1362) to work on /opt/airflow/dags/hello_world.py
[2025-08-26T18:54:08.416+0000] {processor.py:914} INFO - Processing file /opt/airflow/dags/hello_world.py for tasks to queue
[2025-08-26T18:54:08.418+0000] {logging_mixin.py:190} INFO - [2025-08-26T18:54:08.418+0000] {dagbag.py:588} INFO - Filling up the DagBag from /opt/airflow/dags/hello_world.py
[2025-08-26T18:54:08.423+0000] {processor.py:927} WARNING - No viable dags retrieved from /opt/airflow/dags/hello_world.py
[2025-08-26T18:54:08.437+0000] {processor.py:208} INFO - Processing /opt/airflow/dags/hello_world.py took 0.029 seconds
[2025-08-26T18:54:38.983+0000] {processor.py:186} INFO - Started process (PID=1425) to work on /opt/airflow/dags/hello_world.py
[2025-08-26T18:54:38.984+0000] {processor.py:914} INFO - Processing file /opt/airflow/dags/hello_world.py for tasks to queue
[2025-08-26T18:54:38.987+0000] {logging_mixin.py:190} INFO - [2025-08-26T18:54:38.986+0000] {dagbag.py:588} INFO - Filling up the DagBag from /opt/airflow/dags/hello_world.py
[2025-08-26T18:54:38.991+0000] {processor.py:927} WARNING - No viable dags retrieved from /opt/airflow/dags/hello_world.py
[2025-08-26T18:54:39.002+0000] {processor.py:208} INFO - Processing /opt/airflow/dags/hello_world.py took 0.026 seconds
[2025-08-26T18:55:09.606+0000] {processor.py:186} INFO - Started process (PID=1488) to work on /opt/airflow/dags/hello_world.py
[2025-08-26T18:55:09.608+0000] {processor.py:914} INFO - Processing file /opt/airflow/dags/hello_world.py for tasks to queue
[2025-08-26T18:55:09.610+0000] {logging_mixin.py:190} INFO - [2025-08-26T18:55:09.610+0000] {dagbag.py:588} INFO - Filling up the DagBag from /opt/airflow/dags/hello_world.py
[2025-08-26T18:55:09.616+0000] {processor.py:927} WARNING - No viable dags retrieved from /opt/airflow/dags/hello_world.py
[2025-08-26T18:55:09.627+0000] {processor.py:208} INFO - Processing /opt/airflow/dags/hello_world.py took 0.028 seconds
[2025-08-26T18:55:40.257+0000] {processor.py:186} INFO - Started process (PID=1551) to work on /opt/airflow/dags/hello_world.py
[2025-08-26T18:55:40.258+0000] {processor.py:914} INFO - Processing file /opt/airflow/dags/hello_world.py for tasks to queue
[2025-08-26T18:55:40.260+0000] {logging_mixin.py:190} INFO - [2025-08-26T18:55:40.260+0000] {dagbag.py:588} INFO - Filling up the DagBag from /opt/airflow/dags/hello_world.py
[2025-08-26T18:55:40.271+0000] {processor.py:927} WARNING - No viable dags retrieved from /opt/airflow/dags/hello_world.py
[2025-08-26T18:55:40.283+0000] {processor.py:208} INFO - Processing /opt/airflow/dags/hello_world.py took 0.032 seconds
[2025-08-26T18:56:10.856+0000] {processor.py:186} INFO - Started process (PID=1614) to work on /opt/airflow/dags/hello_world.py
[2025-08-26T18:56:10.857+0000] {processor.py:914} INFO - Processing file /opt/airflow/dags/hello_world.py for tasks to queue
[2025-08-26T18:56:10.859+0000] {logging_mixin.py:190} INFO - [2025-08-26T18:56:10.859+0000] {dagbag.py:588} INFO - Filling up the DagBag from /opt/airflow/dags/hello_world.py
[2025-08-26T18:56:10.863+0000] {processor.py:927} WARNING - No viable dags retrieved from /opt/airflow/dags/hello_world.py
[2025-08-26T18:56:10.872+0000] {processor.py:208} INFO - Processing /opt/airflow/dags/hello_world.py took 0.023 seconds
[2025-08-26T18:56:41.447+0000] {processor.py:186} INFO - Started process (PID=1677) to work on /opt/airflow/dags/hello_world.py
[2025-08-26T18:56:41.448+0000] {processor.py:914} INFO - Processing file /opt/airflow/dags/hello_world.py for tasks to queue
[2025-08-26T18:56:41.450+0000] {logging_mixin.py:190} INFO - [2025-08-26T18:56:41.450+0000] {dagbag.py:588} INFO - Filling up the DagBag from /opt/airflow/dags/hello_world.py
[2025-08-26T18:56:41.459+0000] {processor.py:927} WARNING - No viable dags retrieved from /opt/airflow/dags/hello_world.py
[2025-08-26T18:56:41.470+0000] {processor.py:208} INFO - Processing /opt/airflow/dags/hello_world.py took 0.029 seconds
[2025-08-26T18:57:12.085+0000] {processor.py:186} INFO - Started process (PID=1740) to work on /opt/airflow/dags/hello_world.py
[2025-08-26T18:57:12.086+0000] {processor.py:914} INFO - Processing file /opt/airflow/dags/hello_world.py for tasks to queue
[2025-08-26T18:57:12.089+0000] {logging_mixin.py:190} INFO - [2025-08-26T18:57:12.089+0000] {dagbag.py:588} INFO - Filling up the DagBag from /opt/airflow/dags/hello_world.py
[2025-08-26T18:57:12.093+0000] {processor.py:927} WARNING - No viable dags retrieved from /opt/airflow/dags/hello_world.py
[2025-08-26T18:57:12.103+0000] {processor.py:208} INFO - Processing /opt/airflow/dags/hello_world.py took 0.025 seconds
[2025-08-26T18:57:42.675+0000] {processor.py:186} INFO - Started process (PID=1803) to work on /opt/airflow/dags/hello_world.py
[2025-08-26T18:57:42.676+0000] {processor.py:914} INFO - Processing file /opt/airflow/dags/hello_world.py for tasks to queue
[2025-08-26T18:57:42.678+0000] {logging_mixin.py:190} INFO - [2025-08-26T18:57:42.678+0000] {dagbag.py:588} INFO - Filling up the DagBag from /opt/airflow/dags/hello_world.py
[2025-08-26T18:57:42.684+0000] {processor.py:927} WARNING - No viable dags retrieved from /opt/airflow/dags/hello_world.py
[2025-08-26T18:57:42.694+0000] {processor.py:208} INFO - Processing /opt/airflow/dags/hello_world.py took 0.025 seconds
[2025-08-26T18:58:13.282+0000] {processor.py:186} INFO - Started process (PID=1866) to work on /opt/airflow/dags/hello_world.py
[2025-08-26T18:58:13.283+0000] {processor.py:914} INFO - Processing file /opt/airflow/dags/hello_world.py for tasks to queue
[2025-08-26T18:58:13.285+0000] {logging_mixin.py:190} INFO - [2025-08-26T18:58:13.285+0000] {dagbag.py:588} INFO - Filling up the DagBag from /opt/airflow/dags/hello_world.py
[2025-08-26T18:58:13.289+0000] {processor.py:927} WARNING - No viable dags retrieved from /opt/airflow/dags/hello_world.py
[2025-08-26T18:58:13.301+0000] {processor.py:208} INFO - Processing /opt/airflow/dags/hello_world.py took 0.025 seconds
[2025-08-26T18:58:43.898+0000] {processor.py:186} INFO - Started process (PID=1929) to work on /opt/airflow/dags/hello_world.py
[2025-08-26T18:58:43.900+0000] {processor.py:914} INFO - Processing file /opt/airflow/dags/hello_world.py for tasks to queue
[2025-08-26T18:58:43.902+0000] {logging_mixin.py:190} INFO - [2025-08-26T18:58:43.901+0000] {dagbag.py:588} INFO - Filling up the DagBag from /opt/airflow/dags/hello_world.py
[2025-08-26T18:58:43.908+0000] {processor.py:927} WARNING - No viable dags retrieved from /opt/airflow/dags/hello_world.py
[2025-08-26T18:58:43.918+0000] {processor.py:208} INFO - Processing /opt/airflow/dags/hello_world.py took 0.026 seconds
[2025-08-26T18:59:14.485+0000] {processor.py:186} INFO - Started process (PID=1992) to work on /opt/airflow/dags/hello_world.py
[2025-08-26T18:59:14.485+0000] {processor.py:914} INFO - Processing file /opt/airflow/dags/hello_world.py for tasks to queue
[2025-08-26T18:59:14.486+0000] {logging_mixin.py:190} INFO - [2025-08-26T18:59:14.486+0000] {dagbag.py:588} INFO - Filling up the DagBag from /opt/airflow/dags/hello_world.py
[2025-08-26T18:59:14.492+0000] {processor.py:927} WARNING - No viable dags retrieved from /opt/airflow/dags/hello_world.py
[2025-08-26T18:59:14.500+0000] {processor.py:208} INFO - Processing /opt/airflow/dags/hello_world.py took 0.018 seconds
[2025-08-26T18:59:45.045+0000] {processor.py:186} INFO - Started process (PID=2055) to work on /opt/airflow/dags/hello_world.py
[2025-08-26T18:59:45.046+0000] {processor.py:914} INFO - Processing file /opt/airflow/dags/hello_world.py for tasks to queue
[2025-08-26T18:59:45.047+0000] {logging_mixin.py:190} INFO - [2025-08-26T18:59:45.047+0000] {dagbag.py:588} INFO - Filling up the DagBag from /opt/airflow/dags/hello_world.py
[2025-08-26T18:59:45.052+0000] {processor.py:927} WARNING - No viable dags retrieved from /opt/airflow/dags/hello_world.py
[2025-08-26T18:59:45.058+0000] {processor.py:208} INFO - Processing /opt/airflow/dags/hello_world.py took 0.015 seconds
[2025-08-26T19:00:15.713+0000] {processor.py:186} INFO - Started process (PID=2118) to work on /opt/airflow/dags/hello_world.py
[2025-08-26T19:00:15.714+0000] {processor.py:914} INFO - Processing file /opt/airflow/dags/hello_world.py for tasks to queue
[2025-08-26T19:00:15.715+0000] {logging_mixin.py:190} INFO - [2025-08-26T19:00:15.715+0000] {dagbag.py:588} INFO - Filling up the DagBag from /opt/airflow/dags/hello_world.py
[2025-08-26T19:00:15.721+0000] {processor.py:927} WARNING - No viable dags retrieved from /opt/airflow/dags/hello_world.py
[2025-08-26T19:00:15.728+0000] {processor.py:208} INFO - Processing /opt/airflow/dags/hello_world.py took 0.019 seconds
[2025-08-26T19:00:46.448+0000] {processor.py:186} INFO - Started process (PID=2181) to work on /opt/airflow/dags/hello_world.py
[2025-08-26T19:00:46.449+0000] {processor.py:914} INFO - Processing file /opt/airflow/dags/hello_world.py for tasks to queue
[2025-08-26T19:00:46.451+0000] {logging_mixin.py:190} INFO - [2025-08-26T19:00:46.451+0000] {dagbag.py:588} INFO - Filling up the DagBag from /opt/airflow/dags/hello_world.py
[2025-08-26T19:00:46.460+0000] {processor.py:927} WARNING - No viable dags retrieved from /opt/airflow/dags/hello_world.py
[2025-08-26T19:00:46.470+0000] {processor.py:208} INFO - Processing /opt/airflow/dags/hello_world.py took 0.028 seconds
[2025-08-26T19:01:17.161+0000] {processor.py:186} INFO - Started process (PID=2244) to work on /opt/airflow/dags/hello_world.py
[2025-08-26T19:01:17.162+0000] {processor.py:914} INFO - Processing file /opt/airflow/dags/hello_world.py for tasks to queue
[2025-08-26T19:01:17.165+0000] {logging_mixin.py:190} INFO - [2025-08-26T19:01:17.165+0000] {dagbag.py:588} INFO - Filling up the DagBag from /opt/airflow/dags/hello_world.py
[2025-08-26T19:01:17.171+0000] {processor.py:927} WARNING - No viable dags retrieved from /opt/airflow/dags/hello_world.py
[2025-08-26T19:01:17.181+0000] {processor.py:208} INFO - Processing /opt/airflow/dags/hello_world.py took 0.026 seconds
[2025-08-26T19:01:48.183+0000] {processor.py:186} INFO - Started process (PID=2307) to work on /opt/airflow/dags/hello_world.py
[2025-08-26T19:01:48.185+0000] {processor.py:914} INFO - Processing file /opt/airflow/dags/hello_world.py for tasks to queue
[2025-08-26T19:01:48.189+0000] {logging_mixin.py:190} INFO - [2025-08-26T19:01:48.189+0000] {dagbag.py:588} INFO - Filling up the DagBag from /opt/airflow/dags/hello_world.py
[2025-08-26T19:01:48.194+0000] {processor.py:927} WARNING - No viable dags retrieved from /opt/airflow/dags/hello_world.py
[2025-08-26T19:01:48.208+0000] {processor.py:208} INFO - Processing /opt/airflow/dags/hello_world.py took 0.034 seconds
[2025-08-26T19:02:19.092+0000] {processor.py:186} INFO - Started process (PID=2376) to work on /opt/airflow/dags/hello_world.py
[2025-08-26T19:02:19.092+0000] {processor.py:914} INFO - Processing file /opt/airflow/dags/hello_world.py for tasks to queue
[2025-08-26T19:02:19.096+0000] {logging_mixin.py:190} INFO - [2025-08-26T19:02:19.095+0000] {dagbag.py:588} INFO - Filling up the DagBag from /opt/airflow/dags/hello_world.py
[2025-08-26T19:02:19.106+0000] {processor.py:927} WARNING - No viable dags retrieved from /opt/airflow/dags/hello_world.py
[2025-08-26T19:02:19.118+0000] {processor.py:208} INFO - Processing /opt/airflow/dags/hello_world.py took 0.036 seconds
[2025-08-26T19:02:49.812+0000] {processor.py:186} INFO - Started process (PID=2439) to work on /opt/airflow/dags/hello_world.py
[2025-08-26T19:02:49.813+0000] {processor.py:914} INFO - Processing file /opt/airflow/dags/hello_world.py for tasks to queue
[2025-08-26T19:02:49.815+0000] {logging_mixin.py:190} INFO - [2025-08-26T19:02:49.815+0000] {dagbag.py:588} INFO - Filling up the DagBag from /opt/airflow/dags/hello_world.py
[2025-08-26T19:02:49.819+0000] {processor.py:927} WARNING - No viable dags retrieved from /opt/airflow/dags/hello_world.py
[2025-08-26T19:02:49.830+0000] {processor.py:208} INFO - Processing /opt/airflow/dags/hello_world.py took 0.025 seconds
[2025-08-26T19:03:20.417+0000] {processor.py:186} INFO - Started process (PID=2502) to work on /opt/airflow/dags/hello_world.py
[2025-08-26T19:03:20.418+0000] {processor.py:914} INFO - Processing file /opt/airflow/dags/hello_world.py for tasks to queue
[2025-08-26T19:03:20.420+0000] {logging_mixin.py:190} INFO - [2025-08-26T19:03:20.420+0000] {dagbag.py:588} INFO - Filling up the DagBag from /opt/airflow/dags/hello_world.py
[2025-08-26T19:03:20.427+0000] {processor.py:927} WARNING - No viable dags retrieved from /opt/airflow/dags/hello_world.py
[2025-08-26T19:03:20.438+0000] {processor.py:208} INFO - Processing /opt/airflow/dags/hello_world.py took 0.027 seconds
[2025-08-26T19:03:51.111+0000] {processor.py:186} INFO - Started process (PID=2565) to work on /opt/airflow/dags/hello_world.py
[2025-08-26T19:03:51.112+0000] {processor.py:914} INFO - Processing file /opt/airflow/dags/hello_world.py for tasks to queue
[2025-08-26T19:03:51.116+0000] {logging_mixin.py:190} INFO - [2025-08-26T19:03:51.115+0000] {dagbag.py:588} INFO - Filling up the DagBag from /opt/airflow/dags/hello_world.py
[2025-08-26T19:03:51.122+0000] {processor.py:927} WARNING - No viable dags retrieved from /opt/airflow/dags/hello_world.py
[2025-08-26T19:03:51.132+0000] {processor.py:208} INFO - Processing /opt/airflow/dags/hello_world.py took 0.029 seconds
[2025-08-26T19:04:21.792+0000] {processor.py:186} INFO - Started process (PID=2628) to work on /opt/airflow/dags/hello_world.py
[2025-08-26T19:04:21.794+0000] {processor.py:914} INFO - Processing file /opt/airflow/dags/hello_world.py for tasks to queue
[2025-08-26T19:04:21.796+0000] {logging_mixin.py:190} INFO - [2025-08-26T19:04:21.796+0000] {dagbag.py:588} INFO - Filling up the DagBag from /opt/airflow/dags/hello_world.py
[2025-08-26T19:04:21.800+0000] {processor.py:927} WARNING - No viable dags retrieved from /opt/airflow/dags/hello_world.py
[2025-08-26T19:04:21.813+0000] {processor.py:208} INFO - Processing /opt/airflow/dags/hello_world.py took 0.029 seconds
[2025-08-26T19:04:52.586+0000] {processor.py:186} INFO - Started process (PID=2691) to work on /opt/airflow/dags/hello_world.py
[2025-08-26T19:04:52.587+0000] {processor.py:914} INFO - Processing file /opt/airflow/dags/hello_world.py for tasks to queue
[2025-08-26T19:04:52.589+0000] {logging_mixin.py:190} INFO - [2025-08-26T19:04:52.589+0000] {dagbag.py:588} INFO - Filling up the DagBag from /opt/airflow/dags/hello_world.py
[2025-08-26T19:04:52.594+0000] {processor.py:927} WARNING - No viable dags retrieved from /opt/airflow/dags/hello_world.py
[2025-08-26T19:04:52.609+0000] {processor.py:208} INFO - Processing /opt/airflow/dags/hello_world.py took 0.031 seconds
[2025-08-26T19:05:23.233+0000] {processor.py:186} INFO - Started process (PID=2754) to work on /opt/airflow/dags/hello_world.py
[2025-08-26T19:05:23.233+0000] {processor.py:914} INFO - Processing file /opt/airflow/dags/hello_world.py for tasks to queue
[2025-08-26T19:05:23.236+0000] {logging_mixin.py:190} INFO - [2025-08-26T19:05:23.236+0000] {dagbag.py:588} INFO - Filling up the DagBag from /opt/airflow/dags/hello_world.py
[2025-08-26T19:05:23.242+0000] {processor.py:927} WARNING - No viable dags retrieved from /opt/airflow/dags/hello_world.py
[2025-08-26T19:05:23.251+0000] {processor.py:208} INFO - Processing /opt/airflow/dags/hello_world.py took 0.025 seconds
[2025-08-26T19:05:53.964+0000] {processor.py:186} INFO - Started process (PID=2817) to work on /opt/airflow/dags/hello_world.py
[2025-08-26T19:05:53.965+0000] {processor.py:914} INFO - Processing file /opt/airflow/dags/hello_world.py for tasks to queue
[2025-08-26T19:05:53.968+0000] {logging_mixin.py:190} INFO - [2025-08-26T19:05:53.968+0000] {dagbag.py:588} INFO - Filling up the DagBag from /opt/airflow/dags/hello_world.py
[2025-08-26T19:05:53.974+0000] {processor.py:927} WARNING - No viable dags retrieved from /opt/airflow/dags/hello_world.py
[2025-08-26T19:05:53.985+0000] {processor.py:208} INFO - Processing /opt/airflow/dags/hello_world.py took 0.029 seconds
[2025-08-26T19:06:24.655+0000] {processor.py:186} INFO - Started process (PID=2880) to work on /opt/airflow/dags/hello_world.py
[2025-08-26T19:06:24.655+0000] {processor.py:914} INFO - Processing file /opt/airflow/dags/hello_world.py for tasks to queue
[2025-08-26T19:06:24.658+0000] {logging_mixin.py:190} INFO - [2025-08-26T19:06:24.657+0000] {dagbag.py:588} INFO - Filling up the DagBag from /opt/airflow/dags/hello_world.py
[2025-08-26T19:06:24.663+0000] {processor.py:927} WARNING - No viable dags retrieved from /opt/airflow/dags/hello_world.py
[2025-08-26T19:06:24.671+0000] {processor.py:208} INFO - Processing /opt/airflow/dags/hello_world.py took 0.020 seconds
[2025-08-26T19:06:55.267+0000] {processor.py:186} INFO - Started process (PID=2943) to work on /opt/airflow/dags/hello_world.py
[2025-08-26T19:06:55.268+0000] {processor.py:914} INFO - Processing file /opt/airflow/dags/hello_world.py for tasks to queue
[2025-08-26T19:06:55.270+0000] {logging_mixin.py:190} INFO - [2025-08-26T19:06:55.270+0000] {dagbag.py:588} INFO - Filling up the DagBag from /opt/airflow/dags/hello_world.py
[2025-08-26T19:06:55.275+0000] {processor.py:927} WARNING - No viable dags retrieved from /opt/airflow/dags/hello_world.py
[2025-08-26T19:06:55.287+0000] {processor.py:208} INFO - Processing /opt/airflow/dags/hello_world.py took 0.026 seconds
[2025-08-26T19:07:25.997+0000] {processor.py:186} INFO - Started process (PID=3006) to work on /opt/airflow/dags/hello_world.py
[2025-08-26T19:07:25.998+0000] {processor.py:914} INFO - Processing file /opt/airflow/dags/hello_world.py for tasks to queue
[2025-08-26T19:07:26.001+0000] {logging_mixin.py:190} INFO - [2025-08-26T19:07:26.001+0000] {dagbag.py:588} INFO - Filling up the DagBag from /opt/airflow/dags/hello_world.py
[2025-08-26T19:07:26.006+0000] {processor.py:927} WARNING - No viable dags retrieved from /opt/airflow/dags/hello_world.py
[2025-08-26T19:07:26.021+0000] {processor.py:208} INFO - Processing /opt/airflow/dags/hello_world.py took 0.032 seconds
[2025-08-26T19:07:56.667+0000] {processor.py:186} INFO - Started process (PID=3069) to work on /opt/airflow/dags/hello_world.py
[2025-08-26T19:07:56.668+0000] {processor.py:914} INFO - Processing file /opt/airflow/dags/hello_world.py for tasks to queue
[2025-08-26T19:07:56.670+0000] {logging_mixin.py:190} INFO - [2025-08-26T19:07:56.670+0000] {dagbag.py:588} INFO - Filling up the DagBag from /opt/airflow/dags/hello_world.py
[2025-08-26T19:07:56.673+0000] {processor.py:927} WARNING - No viable dags retrieved from /opt/airflow/dags/hello_world.py
[2025-08-26T19:07:56.684+0000] {processor.py:208} INFO - Processing /opt/airflow/dags/hello_world.py took 0.023 seconds
[2025-08-26T19:08:27.313+0000] {processor.py:186} INFO - Started process (PID=3132) to work on /opt/airflow/dags/hello_world.py
[2025-08-26T19:08:27.314+0000] {processor.py:914} INFO - Processing file /opt/airflow/dags/hello_world.py for tasks to queue
[2025-08-26T19:08:27.317+0000] {logging_mixin.py:190} INFO - [2025-08-26T19:08:27.316+0000] {dagbag.py:588} INFO - Filling up the DagBag from /opt/airflow/dags/hello_world.py
[2025-08-26T19:08:27.319+0000] {processor.py:927} WARNING - No viable dags retrieved from /opt/airflow/dags/hello_world.py
[2025-08-26T19:08:27.331+0000] {processor.py:208} INFO - Processing /opt/airflow/dags/hello_world.py took 0.025 seconds
[2025-08-26T19:08:57.909+0000] {processor.py:186} INFO - Started process (PID=3195) to work on /opt/airflow/dags/hello_world.py
[2025-08-26T19:08:57.910+0000] {processor.py:914} INFO - Processing file /opt/airflow/dags/hello_world.py for tasks to queue
[2025-08-26T19:08:57.912+0000] {logging_mixin.py:190} INFO - [2025-08-26T19:08:57.911+0000] {dagbag.py:588} INFO - Filling up the DagBag from /opt/airflow/dags/hello_world.py
[2025-08-26T19:08:57.916+0000] {processor.py:927} WARNING - No viable dags retrieved from /opt/airflow/dags/hello_world.py
[2025-08-26T19:08:57.923+0000] {processor.py:208} INFO - Processing /opt/airflow/dags/hello_world.py took 0.020 seconds
[2025-08-26T19:09:28.655+0000] {processor.py:186} INFO - Started process (PID=3258) to work on /opt/airflow/dags/hello_world.py
[2025-08-26T19:09:28.656+0000] {processor.py:914} INFO - Processing file /opt/airflow/dags/hello_world.py for tasks to queue
[2025-08-26T19:09:28.658+0000] {logging_mixin.py:190} INFO - [2025-08-26T19:09:28.658+0000] {dagbag.py:588} INFO - Filling up the DagBag from /opt/airflow/dags/hello_world.py
[2025-08-26T19:09:28.662+0000] {processor.py:927} WARNING - No viable dags retrieved from /opt/airflow/dags/hello_world.py
[2025-08-26T19:09:28.672+0000] {processor.py:208} INFO - Processing /opt/airflow/dags/hello_world.py took 0.024 seconds
[2025-08-26T19:09:59.377+0000] {processor.py:186} INFO - Started process (PID=3321) to work on /opt/airflow/dags/hello_world.py
[2025-08-26T19:09:59.377+0000] {processor.py:914} INFO - Processing file /opt/airflow/dags/hello_world.py for tasks to queue
[2025-08-26T19:09:59.380+0000] {logging_mixin.py:190} INFO - [2025-08-26T19:09:59.380+0000] {dagbag.py:588} INFO - Filling up the DagBag from /opt/airflow/dags/hello_world.py
[2025-08-26T19:09:59.388+0000] {processor.py:927} WARNING - No viable dags retrieved from /opt/airflow/dags/hello_world.py
[2025-08-26T19:09:59.398+0000] {processor.py:208} INFO - Processing /opt/airflow/dags/hello_world.py took 0.029 seconds
[2025-08-26T19:10:30.158+0000] {processor.py:186} INFO - Started process (PID=3384) to work on /opt/airflow/dags/hello_world.py
[2025-08-26T19:10:30.159+0000] {processor.py:914} INFO - Processing file /opt/airflow/dags/hello_world.py for tasks to queue
[2025-08-26T19:10:30.162+0000] {logging_mixin.py:190} INFO - [2025-08-26T19:10:30.162+0000] {dagbag.py:588} INFO - Filling up the DagBag from /opt/airflow/dags/hello_world.py
[2025-08-26T19:10:30.165+0000] {processor.py:927} WARNING - No viable dags retrieved from /opt/airflow/dags/hello_world.py
[2025-08-26T19:10:30.177+0000] {processor.py:208} INFO - Processing /opt/airflow/dags/hello_world.py took 0.026 seconds
[2025-08-26T19:11:00.915+0000] {processor.py:186} INFO - Started process (PID=3447) to work on /opt/airflow/dags/hello_world.py
[2025-08-26T19:11:00.916+0000] {processor.py:914} INFO - Processing file /opt/airflow/dags/hello_world.py for tasks to queue
[2025-08-26T19:11:00.918+0000] {logging_mixin.py:190} INFO - [2025-08-26T19:11:00.918+0000] {dagbag.py:588} INFO - Filling up the DagBag from /opt/airflow/dags/hello_world.py
[2025-08-26T19:11:00.921+0000] {processor.py:927} WARNING - No viable dags retrieved from /opt/airflow/dags/hello_world.py
[2025-08-26T19:11:00.935+0000] {processor.py:208} INFO - Processing /opt/airflow/dags/hello_world.py took 0.026 seconds
[2025-08-26T19:11:31.712+0000] {processor.py:186} INFO - Started process (PID=3510) to work on /opt/airflow/dags/hello_world.py
[2025-08-26T19:11:31.713+0000] {processor.py:914} INFO - Processing file /opt/airflow/dags/hello_world.py for tasks to queue
[2025-08-26T19:11:31.716+0000] {logging_mixin.py:190} INFO - [2025-08-26T19:11:31.715+0000] {dagbag.py:588} INFO - Filling up the DagBag from /opt/airflow/dags/hello_world.py
[2025-08-26T19:11:31.723+0000] {processor.py:927} WARNING - No viable dags retrieved from /opt/airflow/dags/hello_world.py
[2025-08-26T19:11:31.734+0000] {processor.py:208} INFO - Processing /opt/airflow/dags/hello_world.py took 0.029 seconds
[2025-08-26T19:12:02.513+0000] {processor.py:186} INFO - Started process (PID=3573) to work on /opt/airflow/dags/hello_world.py
[2025-08-26T19:12:02.514+0000] {processor.py:914} INFO - Processing file /opt/airflow/dags/hello_world.py for tasks to queue
[2025-08-26T19:12:02.515+0000] {logging_mixin.py:190} INFO - [2025-08-26T19:12:02.515+0000] {dagbag.py:588} INFO - Filling up the DagBag from /opt/airflow/dags/hello_world.py
[2025-08-26T19:12:02.520+0000] {processor.py:927} WARNING - No viable dags retrieved from /opt/airflow/dags/hello_world.py
[2025-08-26T19:12:02.529+0000] {processor.py:208} INFO - Processing /opt/airflow/dags/hello_world.py took 0.021 seconds
[2025-08-26T19:12:33.261+0000] {processor.py:186} INFO - Started process (PID=3636) to work on /opt/airflow/dags/hello_world.py
[2025-08-26T19:12:33.262+0000] {processor.py:914} INFO - Processing file /opt/airflow/dags/hello_world.py for tasks to queue
[2025-08-26T19:12:33.264+0000] {logging_mixin.py:190} INFO - [2025-08-26T19:12:33.264+0000] {dagbag.py:588} INFO - Filling up the DagBag from /opt/airflow/dags/hello_world.py
[2025-08-26T19:12:33.274+0000] {processor.py:927} WARNING - No viable dags retrieved from /opt/airflow/dags/hello_world.py
[2025-08-26T19:12:33.289+0000] {processor.py:208} INFO - Processing /opt/airflow/dags/hello_world.py took 0.034 seconds
[2025-08-26T19:13:04.169+0000] {processor.py:186} INFO - Started process (PID=3699) to work on /opt/airflow/dags/hello_world.py
[2025-08-26T19:13:04.170+0000] {processor.py:914} INFO - Processing file /opt/airflow/dags/hello_world.py for tasks to queue
[2025-08-26T19:13:04.172+0000] {logging_mixin.py:190} INFO - [2025-08-26T19:13:04.172+0000] {dagbag.py:588} INFO - Filling up the DagBag from /opt/airflow/dags/hello_world.py
[2025-08-26T19:13:04.177+0000] {processor.py:927} WARNING - No viable dags retrieved from /opt/airflow/dags/hello_world.py
[2025-08-26T19:13:04.185+0000] {processor.py:208} INFO - Processing /opt/airflow/dags/hello_world.py took 0.022 seconds
[2025-08-26T19:13:35.112+0000] {processor.py:186} INFO - Started process (PID=3762) to work on /opt/airflow/dags/hello_world.py
[2025-08-26T19:13:35.113+0000] {processor.py:914} INFO - Processing file /opt/airflow/dags/hello_world.py for tasks to queue
[2025-08-26T19:13:35.115+0000] {logging_mixin.py:190} INFO - [2025-08-26T19:13:35.115+0000] {dagbag.py:588} INFO - Filling up the DagBag from /opt/airflow/dags/hello_world.py
[2025-08-26T19:13:35.124+0000] {processor.py:927} WARNING - No viable dags retrieved from /opt/airflow/dags/hello_world.py
[2025-08-26T19:13:35.134+0000] {processor.py:208} INFO - Processing /opt/airflow/dags/hello_world.py took 0.028 seconds
[2025-08-26T19:14:06.053+0000] {processor.py:186} INFO - Started process (PID=3825) to work on /opt/airflow/dags/hello_world.py
[2025-08-26T19:14:06.054+0000] {processor.py:914} INFO - Processing file /opt/airflow/dags/hello_world.py for tasks to queue
[2025-08-26T19:14:06.057+0000] {logging_mixin.py:190} INFO - [2025-08-26T19:14:06.056+0000] {dagbag.py:588} INFO - Filling up the DagBag from /opt/airflow/dags/hello_world.py
[2025-08-26T19:14:06.064+0000] {processor.py:927} WARNING - No viable dags retrieved from /opt/airflow/dags/hello_world.py
[2025-08-26T19:14:06.076+0000] {processor.py:208} INFO - Processing /opt/airflow/dags/hello_world.py took 0.030 seconds
[2025-08-26T19:14:36.887+0000] {processor.py:186} INFO - Started process (PID=3888) to work on /opt/airflow/dags/hello_world.py
[2025-08-26T19:14:36.889+0000] {processor.py:914} INFO - Processing file /opt/airflow/dags/hello_world.py for tasks to queue
[2025-08-26T19:14:36.890+0000] {logging_mixin.py:190} INFO - [2025-08-26T19:14:36.890+0000] {dagbag.py:588} INFO - Filling up the DagBag from /opt/airflow/dags/hello_world.py
[2025-08-26T19:14:36.894+0000] {processor.py:927} WARNING - No viable dags retrieved from /opt/airflow/dags/hello_world.py
[2025-08-26T19:14:36.904+0000] {processor.py:208} INFO - Processing /opt/airflow/dags/hello_world.py took 0.022 seconds
