[2025-08-26T15:43:50.025+0000] {processor.py:186} INFO - Started process (PID=76) to work on /home/airflow/.local/lib/python3.12/site-packages/airflow/example_dags/example_sensors.py
[2025-08-26T15:43:50.026+0000] {processor.py:914} INFO - Processing file /home/airflow/.local/lib/python3.12/site-packages/airflow/example_dags/example_sensors.py for tasks to queue
[2025-08-26T15:43:50.027+0000] {logging_mixin.py:190} INFO - [2025-08-26T15:43:50.027+0000] {dagbag.py:588} INFO - Filling up the DagBag from /home/airflow/.local/lib/python3.12/site-packages/airflow/example_dags/example_sensors.py
[2025-08-26T15:43:50.032+0000] {processor.py:925} INFO - DAG(s) 'example_sensors' retrieved from /home/airflow/.local/lib/python3.12/site-packages/airflow/example_dags/example_sensors.py
[2025-08-26T15:43:50.071+0000] {logging_mixin.py:190} INFO - [2025-08-26T15:43:50.071+0000] {override.py:1900} INFO - Created Permission View: can edit on DAG:example_sensors
[2025-08-26T15:43:50.075+0000] {logging_mixin.py:190} INFO - [2025-08-26T15:43:50.075+0000] {override.py:1900} INFO - Created Permission View: can delete on DAG:example_sensors
[2025-08-26T15:43:50.077+0000] {logging_mixin.py:190} INFO - [2025-08-26T15:43:50.077+0000] {override.py:1900} INFO - Created Permission View: can read on DAG:example_sensors
[2025-08-26T15:43:50.079+0000] {logging_mixin.py:190} INFO - [2025-08-26T15:43:50.079+0000] {override.py:1900} INFO - Created Permission View: can create on DAG Run:example_sensors
[2025-08-26T15:43:50.082+0000] {logging_mixin.py:190} INFO - [2025-08-26T15:43:50.082+0000] {override.py:1900} INFO - Created Permission View: can delete on DAG Run:example_sensors
[2025-08-26T15:43:50.083+0000] {logging_mixin.py:190} INFO - [2025-08-26T15:43:50.083+0000] {override.py:1900} INFO - Created Permission View: menu access on DAG Run:example_sensors
[2025-08-26T15:43:50.085+0000] {logging_mixin.py:190} INFO - [2025-08-26T15:43:50.084+0000] {override.py:1900} INFO - Created Permission View: can read on DAG Run:example_sensors
[2025-08-26T15:43:50.085+0000] {logging_mixin.py:190} INFO - [2025-08-26T15:43:50.085+0000] {dag.py:3239} INFO - Sync 1 DAGs
[2025-08-26T15:43:50.090+0000] {logging_mixin.py:190} INFO - [2025-08-26T15:43:50.090+0000] {dag.py:3262} INFO - Creating ORM DAG for example_sensors
[2025-08-26T15:43:50.090+0000] {logging_mixin.py:190} INFO - [2025-08-26T15:43:50.090+0000] {dag.py:4180} INFO - Setting next_dagrun for example_sensors to None, run_after=None
[2025-08-26T15:43:50.099+0000] {processor.py:208} INFO - Processing /home/airflow/.local/lib/python3.12/site-packages/airflow/example_dags/example_sensors.py took 0.076 seconds
[2025-08-26T15:44:20.392+0000] {processor.py:186} INFO - Started process (PID=139) to work on /home/airflow/.local/lib/python3.12/site-packages/airflow/example_dags/example_sensors.py
[2025-08-26T15:44:20.393+0000] {processor.py:914} INFO - Processing file /home/airflow/.local/lib/python3.12/site-packages/airflow/example_dags/example_sensors.py for tasks to queue
[2025-08-26T15:44:20.394+0000] {logging_mixin.py:190} INFO - [2025-08-26T15:44:20.394+0000] {dagbag.py:588} INFO - Filling up the DagBag from /home/airflow/.local/lib/python3.12/site-packages/airflow/example_dags/example_sensors.py
[2025-08-26T15:44:20.398+0000] {processor.py:925} INFO - DAG(s) 'example_sensors' retrieved from /home/airflow/.local/lib/python3.12/site-packages/airflow/example_dags/example_sensors.py
[2025-08-26T15:44:20.407+0000] {logging_mixin.py:190} INFO - [2025-08-26T15:44:20.407+0000] {dag.py:3239} INFO - Sync 1 DAGs
[2025-08-26T15:44:20.412+0000] {logging_mixin.py:190} INFO - [2025-08-26T15:44:20.412+0000] {dag.py:4180} INFO - Setting next_dagrun for example_sensors to None, run_after=None
[2025-08-26T15:44:20.418+0000] {processor.py:208} INFO - Processing /home/airflow/.local/lib/python3.12/site-packages/airflow/example_dags/example_sensors.py took 0.028 seconds
[2025-08-26T15:44:51.088+0000] {processor.py:186} INFO - Started process (PID=202) to work on /home/airflow/.local/lib/python3.12/site-packages/airflow/example_dags/example_sensors.py
[2025-08-26T15:44:51.090+0000] {processor.py:914} INFO - Processing file /home/airflow/.local/lib/python3.12/site-packages/airflow/example_dags/example_sensors.py for tasks to queue
[2025-08-26T15:44:51.092+0000] {logging_mixin.py:190} INFO - [2025-08-26T15:44:51.092+0000] {dagbag.py:588} INFO - Filling up the DagBag from /home/airflow/.local/lib/python3.12/site-packages/airflow/example_dags/example_sensors.py
[2025-08-26T15:44:51.096+0000] {processor.py:925} INFO - DAG(s) 'example_sensors' retrieved from /home/airflow/.local/lib/python3.12/site-packages/airflow/example_dags/example_sensors.py
[2025-08-26T15:44:51.109+0000] {logging_mixin.py:190} INFO - [2025-08-26T15:44:51.109+0000] {dag.py:3239} INFO - Sync 1 DAGs
[2025-08-26T15:44:51.113+0000] {logging_mixin.py:190} INFO - [2025-08-26T15:44:51.113+0000] {dag.py:4180} INFO - Setting next_dagrun for example_sensors to None, run_after=None
[2025-08-26T15:44:51.122+0000] {processor.py:208} INFO - Processing /home/airflow/.local/lib/python3.12/site-packages/airflow/example_dags/example_sensors.py took 0.036 seconds
[2025-08-26T15:45:21.918+0000] {processor.py:186} INFO - Started process (PID=265) to work on /home/airflow/.local/lib/python3.12/site-packages/airflow/example_dags/example_sensors.py
[2025-08-26T15:45:21.918+0000] {processor.py:914} INFO - Processing file /home/airflow/.local/lib/python3.12/site-packages/airflow/example_dags/example_sensors.py for tasks to queue
[2025-08-26T15:45:21.919+0000] {logging_mixin.py:190} INFO - [2025-08-26T15:45:21.919+0000] {dagbag.py:588} INFO - Filling up the DagBag from /home/airflow/.local/lib/python3.12/site-packages/airflow/example_dags/example_sensors.py
[2025-08-26T15:45:21.924+0000] {processor.py:925} INFO - DAG(s) 'example_sensors' retrieved from /home/airflow/.local/lib/python3.12/site-packages/airflow/example_dags/example_sensors.py
[2025-08-26T15:45:21.934+0000] {logging_mixin.py:190} INFO - [2025-08-26T15:45:21.934+0000] {dag.py:3239} INFO - Sync 1 DAGs
[2025-08-26T15:45:21.938+0000] {logging_mixin.py:190} INFO - [2025-08-26T15:45:21.938+0000] {dag.py:4180} INFO - Setting next_dagrun for example_sensors to None, run_after=None
[2025-08-26T15:45:21.946+0000] {processor.py:208} INFO - Processing /home/airflow/.local/lib/python3.12/site-packages/airflow/example_dags/example_sensors.py took 0.031 seconds
[2025-08-26T15:56:43.080+0000] {processor.py:186} INFO - Started process (PID=322) to work on /home/airflow/.local/lib/python3.12/site-packages/airflow/example_dags/example_sensors.py
[2025-08-26T15:56:43.081+0000] {processor.py:914} INFO - Processing file /home/airflow/.local/lib/python3.12/site-packages/airflow/example_dags/example_sensors.py for tasks to queue
[2025-08-26T15:56:43.082+0000] {logging_mixin.py:190} INFO - [2025-08-26T15:56:43.082+0000] {dagbag.py:588} INFO - Filling up the DagBag from /home/airflow/.local/lib/python3.12/site-packages/airflow/example_dags/example_sensors.py
[2025-08-26T15:56:43.085+0000] {processor.py:925} INFO - DAG(s) 'example_sensors' retrieved from /home/airflow/.local/lib/python3.12/site-packages/airflow/example_dags/example_sensors.py
[2025-08-26T15:56:43.096+0000] {logging_mixin.py:190} INFO - [2025-08-26T15:56:43.096+0000] {dag.py:3239} INFO - Sync 1 DAGs
[2025-08-26T15:56:43.100+0000] {logging_mixin.py:190} INFO - [2025-08-26T15:56:43.100+0000] {dag.py:4180} INFO - Setting next_dagrun for example_sensors to None, run_after=None
[2025-08-26T15:56:43.108+0000] {processor.py:208} INFO - Processing /home/airflow/.local/lib/python3.12/site-packages/airflow/example_dags/example_sensors.py took 0.030 seconds
[2025-08-26T16:32:53.756+0000] {processor.py:186} INFO - Started process (PID=385) to work on /home/airflow/.local/lib/python3.12/site-packages/airflow/example_dags/example_sensors.py
[2025-08-26T16:32:53.756+0000] {processor.py:914} INFO - Processing file /home/airflow/.local/lib/python3.12/site-packages/airflow/example_dags/example_sensors.py for tasks to queue
[2025-08-26T16:32:53.757+0000] {logging_mixin.py:190} INFO - [2025-08-26T16:32:53.757+0000] {dagbag.py:588} INFO - Filling up the DagBag from /home/airflow/.local/lib/python3.12/site-packages/airflow/example_dags/example_sensors.py
[2025-08-26T16:32:53.761+0000] {processor.py:925} INFO - DAG(s) 'example_sensors' retrieved from /home/airflow/.local/lib/python3.12/site-packages/airflow/example_dags/example_sensors.py
[2025-08-26T16:32:53.773+0000] {logging_mixin.py:190} INFO - [2025-08-26T16:32:53.773+0000] {dag.py:3239} INFO - Sync 1 DAGs
[2025-08-26T16:32:53.777+0000] {logging_mixin.py:190} INFO - [2025-08-26T16:32:53.777+0000] {dag.py:4180} INFO - Setting next_dagrun for example_sensors to None, run_after=None
[2025-08-26T16:32:53.784+0000] {processor.py:208} INFO - Processing /home/airflow/.local/lib/python3.12/site-packages/airflow/example_dags/example_sensors.py took 0.031 seconds
[2025-08-26T18:02:29.862+0000] {processor.py:186} INFO - Started process (PID=448) to work on /home/airflow/.local/lib/python3.12/site-packages/airflow/example_dags/example_sensors.py
[2025-08-26T18:02:29.862+0000] {processor.py:914} INFO - Processing file /home/airflow/.local/lib/python3.12/site-packages/airflow/example_dags/example_sensors.py for tasks to queue
[2025-08-26T18:02:29.864+0000] {logging_mixin.py:190} INFO - [2025-08-26T18:02:29.864+0000] {dagbag.py:588} INFO - Filling up the DagBag from /home/airflow/.local/lib/python3.12/site-packages/airflow/example_dags/example_sensors.py
[2025-08-26T18:02:29.869+0000] {processor.py:925} INFO - DAG(s) 'example_sensors' retrieved from /home/airflow/.local/lib/python3.12/site-packages/airflow/example_dags/example_sensors.py
[2025-08-26T18:02:29.878+0000] {logging_mixin.py:190} INFO - [2025-08-26T18:02:29.878+0000] {dag.py:3239} INFO - Sync 1 DAGs
[2025-08-26T18:02:29.883+0000] {logging_mixin.py:190} INFO - [2025-08-26T18:02:29.883+0000] {dag.py:4180} INFO - Setting next_dagrun for example_sensors to None, run_after=None
[2025-08-26T18:02:29.893+0000] {processor.py:208} INFO - Processing /home/airflow/.local/lib/python3.12/site-packages/airflow/example_dags/example_sensors.py took 0.034 seconds
[2025-08-26T18:46:59.996+0000] {processor.py:186} INFO - Started process (PID=511) to work on /home/airflow/.local/lib/python3.12/site-packages/airflow/example_dags/example_sensors.py
[2025-08-26T18:47:00.002+0000] {processor.py:914} INFO - Processing file /home/airflow/.local/lib/python3.12/site-packages/airflow/example_dags/example_sensors.py for tasks to queue
[2025-08-26T18:47:00.004+0000] {logging_mixin.py:190} INFO - [2025-08-26T18:47:00.004+0000] {dagbag.py:588} INFO - Filling up the DagBag from /home/airflow/.local/lib/python3.12/site-packages/airflow/example_dags/example_sensors.py
[2025-08-26T18:47:00.014+0000] {processor.py:925} INFO - DAG(s) 'example_sensors' retrieved from /home/airflow/.local/lib/python3.12/site-packages/airflow/example_dags/example_sensors.py
[2025-08-26T18:47:00.057+0000] {logging_mixin.py:190} INFO - [2025-08-26T18:47:00.056+0000] {dag.py:3239} INFO - Sync 1 DAGs
[2025-08-26T18:47:00.119+0000] {logging_mixin.py:190} INFO - [2025-08-26T18:47:00.118+0000] {dag.py:4180} INFO - Setting next_dagrun for example_sensors to None, run_after=None
[2025-08-26T18:47:00.176+0000] {processor.py:208} INFO - Processing /home/airflow/.local/lib/python3.12/site-packages/airflow/example_dags/example_sensors.py took 0.188 seconds
[2025-08-26T18:47:30.741+0000] {processor.py:186} INFO - Started process (PID=574) to work on /home/airflow/.local/lib/python3.12/site-packages/airflow/example_dags/example_sensors.py
[2025-08-26T18:47:30.742+0000] {processor.py:914} INFO - Processing file /home/airflow/.local/lib/python3.12/site-packages/airflow/example_dags/example_sensors.py for tasks to queue
[2025-08-26T18:47:30.743+0000] {logging_mixin.py:190} INFO - [2025-08-26T18:47:30.743+0000] {dagbag.py:588} INFO - Filling up the DagBag from /home/airflow/.local/lib/python3.12/site-packages/airflow/example_dags/example_sensors.py
[2025-08-26T18:47:30.747+0000] {processor.py:925} INFO - DAG(s) 'example_sensors' retrieved from /home/airflow/.local/lib/python3.12/site-packages/airflow/example_dags/example_sensors.py
[2025-08-26T18:47:30.757+0000] {logging_mixin.py:190} INFO - [2025-08-26T18:47:30.757+0000] {dag.py:3239} INFO - Sync 1 DAGs
[2025-08-26T18:47:30.763+0000] {logging_mixin.py:190} INFO - [2025-08-26T18:47:30.763+0000] {dag.py:4180} INFO - Setting next_dagrun for example_sensors to None, run_after=None
[2025-08-26T18:47:30.772+0000] {processor.py:208} INFO - Processing /home/airflow/.local/lib/python3.12/site-packages/airflow/example_dags/example_sensors.py took 0.034 seconds
[2025-08-26T18:48:01.458+0000] {processor.py:186} INFO - Started process (PID=637) to work on /home/airflow/.local/lib/python3.12/site-packages/airflow/example_dags/example_sensors.py
[2025-08-26T18:48:01.458+0000] {processor.py:914} INFO - Processing file /home/airflow/.local/lib/python3.12/site-packages/airflow/example_dags/example_sensors.py for tasks to queue
[2025-08-26T18:48:01.459+0000] {logging_mixin.py:190} INFO - [2025-08-26T18:48:01.459+0000] {dagbag.py:588} INFO - Filling up the DagBag from /home/airflow/.local/lib/python3.12/site-packages/airflow/example_dags/example_sensors.py
[2025-08-26T18:48:01.464+0000] {processor.py:925} INFO - DAG(s) 'example_sensors' retrieved from /home/airflow/.local/lib/python3.12/site-packages/airflow/example_dags/example_sensors.py
[2025-08-26T18:48:01.474+0000] {logging_mixin.py:190} INFO - [2025-08-26T18:48:01.474+0000] {dag.py:3239} INFO - Sync 1 DAGs
[2025-08-26T18:48:01.479+0000] {logging_mixin.py:190} INFO - [2025-08-26T18:48:01.479+0000] {dag.py:4180} INFO - Setting next_dagrun for example_sensors to None, run_after=None
[2025-08-26T18:48:01.487+0000] {processor.py:208} INFO - Processing /home/airflow/.local/lib/python3.12/site-packages/airflow/example_dags/example_sensors.py took 0.031 seconds
[2025-08-26T18:48:32.289+0000] {processor.py:186} INFO - Started process (PID=700) to work on /home/airflow/.local/lib/python3.12/site-packages/airflow/example_dags/example_sensors.py
[2025-08-26T18:48:32.290+0000] {processor.py:914} INFO - Processing file /home/airflow/.local/lib/python3.12/site-packages/airflow/example_dags/example_sensors.py for tasks to queue
[2025-08-26T18:48:32.291+0000] {logging_mixin.py:190} INFO - [2025-08-26T18:48:32.291+0000] {dagbag.py:588} INFO - Filling up the DagBag from /home/airflow/.local/lib/python3.12/site-packages/airflow/example_dags/example_sensors.py
[2025-08-26T18:48:32.298+0000] {processor.py:925} INFO - DAG(s) 'example_sensors' retrieved from /home/airflow/.local/lib/python3.12/site-packages/airflow/example_dags/example_sensors.py
[2025-08-26T18:48:32.308+0000] {logging_mixin.py:190} INFO - [2025-08-26T18:48:32.308+0000] {dag.py:3239} INFO - Sync 1 DAGs
[2025-08-26T18:48:32.314+0000] {logging_mixin.py:190} INFO - [2025-08-26T18:48:32.313+0000] {dag.py:4180} INFO - Setting next_dagrun for example_sensors to None, run_after=None
[2025-08-26T18:48:32.323+0000] {processor.py:208} INFO - Processing /home/airflow/.local/lib/python3.12/site-packages/airflow/example_dags/example_sensors.py took 0.036 seconds
[2025-08-26T18:49:02.882+0000] {processor.py:186} INFO - Started process (PID=763) to work on /home/airflow/.local/lib/python3.12/site-packages/airflow/example_dags/example_sensors.py
[2025-08-26T18:49:02.886+0000] {processor.py:914} INFO - Processing file /home/airflow/.local/lib/python3.12/site-packages/airflow/example_dags/example_sensors.py for tasks to queue
[2025-08-26T18:49:02.887+0000] {logging_mixin.py:190} INFO - [2025-08-26T18:49:02.887+0000] {dagbag.py:588} INFO - Filling up the DagBag from /home/airflow/.local/lib/python3.12/site-packages/airflow/example_dags/example_sensors.py
[2025-08-26T18:49:02.892+0000] {processor.py:925} INFO - DAG(s) 'example_sensors' retrieved from /home/airflow/.local/lib/python3.12/site-packages/airflow/example_dags/example_sensors.py
[2025-08-26T18:49:02.904+0000] {logging_mixin.py:190} INFO - [2025-08-26T18:49:02.904+0000] {dag.py:3239} INFO - Sync 1 DAGs
[2025-08-26T18:49:02.909+0000] {logging_mixin.py:190} INFO - [2025-08-26T18:49:02.909+0000] {dag.py:4180} INFO - Setting next_dagrun for example_sensors to None, run_after=None
[2025-08-26T18:49:02.916+0000] {processor.py:208} INFO - Processing /home/airflow/.local/lib/python3.12/site-packages/airflow/example_dags/example_sensors.py took 0.036 seconds
[2025-08-26T18:49:33.624+0000] {processor.py:186} INFO - Started process (PID=827) to work on /home/airflow/.local/lib/python3.12/site-packages/airflow/example_dags/example_sensors.py
[2025-08-26T18:49:33.624+0000] {processor.py:914} INFO - Processing file /home/airflow/.local/lib/python3.12/site-packages/airflow/example_dags/example_sensors.py for tasks to queue
[2025-08-26T18:49:33.626+0000] {logging_mixin.py:190} INFO - [2025-08-26T18:49:33.626+0000] {dagbag.py:588} INFO - Filling up the DagBag from /home/airflow/.local/lib/python3.12/site-packages/airflow/example_dags/example_sensors.py
[2025-08-26T18:49:33.631+0000] {processor.py:925} INFO - DAG(s) 'example_sensors' retrieved from /home/airflow/.local/lib/python3.12/site-packages/airflow/example_dags/example_sensors.py
[2025-08-26T18:49:33.641+0000] {logging_mixin.py:190} INFO - [2025-08-26T18:49:33.641+0000] {dag.py:3239} INFO - Sync 1 DAGs
[2025-08-26T18:49:33.646+0000] {logging_mixin.py:190} INFO - [2025-08-26T18:49:33.646+0000] {dag.py:4180} INFO - Setting next_dagrun for example_sensors to None, run_after=None
[2025-08-26T18:49:33.652+0000] {processor.py:208} INFO - Processing /home/airflow/.local/lib/python3.12/site-packages/airflow/example_dags/example_sensors.py took 0.031 seconds
[2025-08-26T18:50:04.242+0000] {processor.py:186} INFO - Started process (PID=890) to work on /home/airflow/.local/lib/python3.12/site-packages/airflow/example_dags/example_sensors.py
[2025-08-26T18:50:04.243+0000] {processor.py:914} INFO - Processing file /home/airflow/.local/lib/python3.12/site-packages/airflow/example_dags/example_sensors.py for tasks to queue
[2025-08-26T18:50:04.244+0000] {logging_mixin.py:190} INFO - [2025-08-26T18:50:04.244+0000] {dagbag.py:588} INFO - Filling up the DagBag from /home/airflow/.local/lib/python3.12/site-packages/airflow/example_dags/example_sensors.py
[2025-08-26T18:50:04.249+0000] {processor.py:925} INFO - DAG(s) 'example_sensors' retrieved from /home/airflow/.local/lib/python3.12/site-packages/airflow/example_dags/example_sensors.py
[2025-08-26T18:50:04.258+0000] {logging_mixin.py:190} INFO - [2025-08-26T18:50:04.258+0000] {dag.py:3239} INFO - Sync 1 DAGs
[2025-08-26T18:50:04.263+0000] {logging_mixin.py:190} INFO - [2025-08-26T18:50:04.263+0000] {dag.py:4180} INFO - Setting next_dagrun for example_sensors to None, run_after=None
[2025-08-26T18:50:04.269+0000] {processor.py:208} INFO - Processing /home/airflow/.local/lib/python3.12/site-packages/airflow/example_dags/example_sensors.py took 0.028 seconds
[2025-08-26T18:50:34.780+0000] {processor.py:186} INFO - Started process (PID=953) to work on /home/airflow/.local/lib/python3.12/site-packages/airflow/example_dags/example_sensors.py
[2025-08-26T18:50:34.780+0000] {processor.py:914} INFO - Processing file /home/airflow/.local/lib/python3.12/site-packages/airflow/example_dags/example_sensors.py for tasks to queue
[2025-08-26T18:50:34.781+0000] {logging_mixin.py:190} INFO - [2025-08-26T18:50:34.781+0000] {dagbag.py:588} INFO - Filling up the DagBag from /home/airflow/.local/lib/python3.12/site-packages/airflow/example_dags/example_sensors.py
[2025-08-26T18:50:34.784+0000] {processor.py:925} INFO - DAG(s) 'example_sensors' retrieved from /home/airflow/.local/lib/python3.12/site-packages/airflow/example_dags/example_sensors.py
[2025-08-26T18:50:34.795+0000] {logging_mixin.py:190} INFO - [2025-08-26T18:50:34.795+0000] {dag.py:3239} INFO - Sync 1 DAGs
[2025-08-26T18:50:34.800+0000] {logging_mixin.py:190} INFO - [2025-08-26T18:50:34.800+0000] {dag.py:4180} INFO - Setting next_dagrun for example_sensors to None, run_after=None
[2025-08-26T18:50:34.806+0000] {processor.py:208} INFO - Processing /home/airflow/.local/lib/python3.12/site-packages/airflow/example_dags/example_sensors.py took 0.029 seconds
[2025-08-26T18:51:05.326+0000] {processor.py:186} INFO - Started process (PID=1016) to work on /home/airflow/.local/lib/python3.12/site-packages/airflow/example_dags/example_sensors.py
[2025-08-26T18:51:05.327+0000] {processor.py:914} INFO - Processing file /home/airflow/.local/lib/python3.12/site-packages/airflow/example_dags/example_sensors.py for tasks to queue
[2025-08-26T18:51:05.328+0000] {logging_mixin.py:190} INFO - [2025-08-26T18:51:05.328+0000] {dagbag.py:588} INFO - Filling up the DagBag from /home/airflow/.local/lib/python3.12/site-packages/airflow/example_dags/example_sensors.py
[2025-08-26T18:51:05.333+0000] {processor.py:925} INFO - DAG(s) 'example_sensors' retrieved from /home/airflow/.local/lib/python3.12/site-packages/airflow/example_dags/example_sensors.py
[2025-08-26T18:51:05.342+0000] {logging_mixin.py:190} INFO - [2025-08-26T18:51:05.342+0000] {dag.py:3239} INFO - Sync 1 DAGs
[2025-08-26T18:51:05.346+0000] {logging_mixin.py:190} INFO - [2025-08-26T18:51:05.346+0000] {dag.py:4180} INFO - Setting next_dagrun for example_sensors to None, run_after=None
[2025-08-26T18:51:05.354+0000] {processor.py:208} INFO - Processing /home/airflow/.local/lib/python3.12/site-packages/airflow/example_dags/example_sensors.py took 0.030 seconds
[2025-08-26T18:51:35.922+0000] {processor.py:186} INFO - Started process (PID=1079) to work on /home/airflow/.local/lib/python3.12/site-packages/airflow/example_dags/example_sensors.py
[2025-08-26T18:51:35.923+0000] {processor.py:914} INFO - Processing file /home/airflow/.local/lib/python3.12/site-packages/airflow/example_dags/example_sensors.py for tasks to queue
[2025-08-26T18:51:35.924+0000] {logging_mixin.py:190} INFO - [2025-08-26T18:51:35.923+0000] {dagbag.py:588} INFO - Filling up the DagBag from /home/airflow/.local/lib/python3.12/site-packages/airflow/example_dags/example_sensors.py
[2025-08-26T18:51:35.928+0000] {processor.py:925} INFO - DAG(s) 'example_sensors' retrieved from /home/airflow/.local/lib/python3.12/site-packages/airflow/example_dags/example_sensors.py
[2025-08-26T18:51:35.936+0000] {logging_mixin.py:190} INFO - [2025-08-26T18:51:35.936+0000] {dag.py:3239} INFO - Sync 1 DAGs
[2025-08-26T18:51:35.940+0000] {logging_mixin.py:190} INFO - [2025-08-26T18:51:35.940+0000] {dag.py:4180} INFO - Setting next_dagrun for example_sensors to None, run_after=None
[2025-08-26T18:51:35.947+0000] {processor.py:208} INFO - Processing /home/airflow/.local/lib/python3.12/site-packages/airflow/example_dags/example_sensors.py took 0.027 seconds
[2025-08-26T18:52:06.566+0000] {processor.py:186} INFO - Started process (PID=1142) to work on /home/airflow/.local/lib/python3.12/site-packages/airflow/example_dags/example_sensors.py
[2025-08-26T18:52:06.567+0000] {processor.py:914} INFO - Processing file /home/airflow/.local/lib/python3.12/site-packages/airflow/example_dags/example_sensors.py for tasks to queue
[2025-08-26T18:52:06.568+0000] {logging_mixin.py:190} INFO - [2025-08-26T18:52:06.568+0000] {dagbag.py:588} INFO - Filling up the DagBag from /home/airflow/.local/lib/python3.12/site-packages/airflow/example_dags/example_sensors.py
[2025-08-26T18:52:06.572+0000] {processor.py:925} INFO - DAG(s) 'example_sensors' retrieved from /home/airflow/.local/lib/python3.12/site-packages/airflow/example_dags/example_sensors.py
[2025-08-26T18:52:06.580+0000] {logging_mixin.py:190} INFO - [2025-08-26T18:52:06.580+0000] {dag.py:3239} INFO - Sync 1 DAGs
[2025-08-26T18:52:06.584+0000] {logging_mixin.py:190} INFO - [2025-08-26T18:52:06.584+0000] {dag.py:4180} INFO - Setting next_dagrun for example_sensors to None, run_after=None
[2025-08-26T18:52:06.593+0000] {processor.py:208} INFO - Processing /home/airflow/.local/lib/python3.12/site-packages/airflow/example_dags/example_sensors.py took 0.029 seconds
[2025-08-26T18:52:37.260+0000] {processor.py:186} INFO - Started process (PID=1205) to work on /home/airflow/.local/lib/python3.12/site-packages/airflow/example_dags/example_sensors.py
[2025-08-26T18:52:37.261+0000] {processor.py:914} INFO - Processing file /home/airflow/.local/lib/python3.12/site-packages/airflow/example_dags/example_sensors.py for tasks to queue
[2025-08-26T18:52:37.262+0000] {logging_mixin.py:190} INFO - [2025-08-26T18:52:37.262+0000] {dagbag.py:588} INFO - Filling up the DagBag from /home/airflow/.local/lib/python3.12/site-packages/airflow/example_dags/example_sensors.py
[2025-08-26T18:52:37.266+0000] {processor.py:925} INFO - DAG(s) 'example_sensors' retrieved from /home/airflow/.local/lib/python3.12/site-packages/airflow/example_dags/example_sensors.py
[2025-08-26T18:52:37.276+0000] {logging_mixin.py:190} INFO - [2025-08-26T18:52:37.276+0000] {dag.py:3239} INFO - Sync 1 DAGs
[2025-08-26T18:52:37.281+0000] {logging_mixin.py:190} INFO - [2025-08-26T18:52:37.281+0000] {dag.py:4180} INFO - Setting next_dagrun for example_sensors to None, run_after=None
[2025-08-26T18:52:37.288+0000] {processor.py:208} INFO - Processing /home/airflow/.local/lib/python3.12/site-packages/airflow/example_dags/example_sensors.py took 0.031 seconds
[2025-08-26T18:53:07.844+0000] {processor.py:186} INFO - Started process (PID=1268) to work on /home/airflow/.local/lib/python3.12/site-packages/airflow/example_dags/example_sensors.py
[2025-08-26T18:53:07.847+0000] {processor.py:914} INFO - Processing file /home/airflow/.local/lib/python3.12/site-packages/airflow/example_dags/example_sensors.py for tasks to queue
[2025-08-26T18:53:07.848+0000] {logging_mixin.py:190} INFO - [2025-08-26T18:53:07.848+0000] {dagbag.py:588} INFO - Filling up the DagBag from /home/airflow/.local/lib/python3.12/site-packages/airflow/example_dags/example_sensors.py
[2025-08-26T18:53:07.852+0000] {processor.py:925} INFO - DAG(s) 'example_sensors' retrieved from /home/airflow/.local/lib/python3.12/site-packages/airflow/example_dags/example_sensors.py
[2025-08-26T18:53:07.861+0000] {logging_mixin.py:190} INFO - [2025-08-26T18:53:07.861+0000] {dag.py:3239} INFO - Sync 1 DAGs
[2025-08-26T18:53:07.865+0000] {logging_mixin.py:190} INFO - [2025-08-26T18:53:07.865+0000] {dag.py:4180} INFO - Setting next_dagrun for example_sensors to None, run_after=None
[2025-08-26T18:53:07.873+0000] {processor.py:208} INFO - Processing /home/airflow/.local/lib/python3.12/site-packages/airflow/example_dags/example_sensors.py took 0.031 seconds
[2025-08-26T18:53:38.443+0000] {processor.py:186} INFO - Started process (PID=1331) to work on /home/airflow/.local/lib/python3.12/site-packages/airflow/example_dags/example_sensors.py
[2025-08-26T18:53:38.444+0000] {processor.py:914} INFO - Processing file /home/airflow/.local/lib/python3.12/site-packages/airflow/example_dags/example_sensors.py for tasks to queue
[2025-08-26T18:53:38.445+0000] {logging_mixin.py:190} INFO - [2025-08-26T18:53:38.444+0000] {dagbag.py:588} INFO - Filling up the DagBag from /home/airflow/.local/lib/python3.12/site-packages/airflow/example_dags/example_sensors.py
[2025-08-26T18:53:38.448+0000] {processor.py:925} INFO - DAG(s) 'example_sensors' retrieved from /home/airflow/.local/lib/python3.12/site-packages/airflow/example_dags/example_sensors.py
[2025-08-26T18:53:38.457+0000] {logging_mixin.py:190} INFO - [2025-08-26T18:53:38.457+0000] {dag.py:3239} INFO - Sync 1 DAGs
[2025-08-26T18:53:38.461+0000] {logging_mixin.py:190} INFO - [2025-08-26T18:53:38.461+0000] {dag.py:4180} INFO - Setting next_dagrun for example_sensors to None, run_after=None
[2025-08-26T18:53:38.470+0000] {processor.py:208} INFO - Processing /home/airflow/.local/lib/python3.12/site-packages/airflow/example_dags/example_sensors.py took 0.030 seconds
[2025-08-26T18:54:09.090+0000] {processor.py:186} INFO - Started process (PID=1394) to work on /home/airflow/.local/lib/python3.12/site-packages/airflow/example_dags/example_sensors.py
[2025-08-26T18:54:09.093+0000] {processor.py:914} INFO - Processing file /home/airflow/.local/lib/python3.12/site-packages/airflow/example_dags/example_sensors.py for tasks to queue
[2025-08-26T18:54:09.094+0000] {logging_mixin.py:190} INFO - [2025-08-26T18:54:09.094+0000] {dagbag.py:588} INFO - Filling up the DagBag from /home/airflow/.local/lib/python3.12/site-packages/airflow/example_dags/example_sensors.py
[2025-08-26T18:54:09.099+0000] {processor.py:925} INFO - DAG(s) 'example_sensors' retrieved from /home/airflow/.local/lib/python3.12/site-packages/airflow/example_dags/example_sensors.py
[2025-08-26T18:54:09.110+0000] {logging_mixin.py:190} INFO - [2025-08-26T18:54:09.110+0000] {dag.py:3239} INFO - Sync 1 DAGs
[2025-08-26T18:54:09.116+0000] {logging_mixin.py:190} INFO - [2025-08-26T18:54:09.116+0000] {dag.py:4180} INFO - Setting next_dagrun for example_sensors to None, run_after=None
[2025-08-26T18:54:09.121+0000] {processor.py:208} INFO - Processing /home/airflow/.local/lib/python3.12/site-packages/airflow/example_dags/example_sensors.py took 0.033 seconds
[2025-08-26T18:54:39.676+0000] {processor.py:186} INFO - Started process (PID=1457) to work on /home/airflow/.local/lib/python3.12/site-packages/airflow/example_dags/example_sensors.py
[2025-08-26T18:54:39.679+0000] {processor.py:914} INFO - Processing file /home/airflow/.local/lib/python3.12/site-packages/airflow/example_dags/example_sensors.py for tasks to queue
[2025-08-26T18:54:39.680+0000] {logging_mixin.py:190} INFO - [2025-08-26T18:54:39.680+0000] {dagbag.py:588} INFO - Filling up the DagBag from /home/airflow/.local/lib/python3.12/site-packages/airflow/example_dags/example_sensors.py
[2025-08-26T18:54:39.684+0000] {processor.py:925} INFO - DAG(s) 'example_sensors' retrieved from /home/airflow/.local/lib/python3.12/site-packages/airflow/example_dags/example_sensors.py
[2025-08-26T18:54:39.695+0000] {logging_mixin.py:190} INFO - [2025-08-26T18:54:39.695+0000] {dag.py:3239} INFO - Sync 1 DAGs
[2025-08-26T18:54:39.700+0000] {logging_mixin.py:190} INFO - [2025-08-26T18:54:39.700+0000] {dag.py:4180} INFO - Setting next_dagrun for example_sensors to None, run_after=None
[2025-08-26T18:54:39.706+0000] {processor.py:208} INFO - Processing /home/airflow/.local/lib/python3.12/site-packages/airflow/example_dags/example_sensors.py took 0.033 seconds
[2025-08-26T18:55:10.376+0000] {processor.py:186} INFO - Started process (PID=1520) to work on /home/airflow/.local/lib/python3.12/site-packages/airflow/example_dags/example_sensors.py
[2025-08-26T18:55:10.376+0000] {processor.py:914} INFO - Processing file /home/airflow/.local/lib/python3.12/site-packages/airflow/example_dags/example_sensors.py for tasks to queue
[2025-08-26T18:55:10.378+0000] {logging_mixin.py:190} INFO - [2025-08-26T18:55:10.377+0000] {dagbag.py:588} INFO - Filling up the DagBag from /home/airflow/.local/lib/python3.12/site-packages/airflow/example_dags/example_sensors.py
[2025-08-26T18:55:10.382+0000] {processor.py:925} INFO - DAG(s) 'example_sensors' retrieved from /home/airflow/.local/lib/python3.12/site-packages/airflow/example_dags/example_sensors.py
[2025-08-26T18:55:10.392+0000] {logging_mixin.py:190} INFO - [2025-08-26T18:55:10.392+0000] {dag.py:3239} INFO - Sync 1 DAGs
[2025-08-26T18:55:10.397+0000] {logging_mixin.py:190} INFO - [2025-08-26T18:55:10.397+0000] {dag.py:4180} INFO - Setting next_dagrun for example_sensors to None, run_after=None
[2025-08-26T18:55:10.402+0000] {processor.py:208} INFO - Processing /home/airflow/.local/lib/python3.12/site-packages/airflow/example_dags/example_sensors.py took 0.029 seconds
[2025-08-26T18:55:40.919+0000] {processor.py:186} INFO - Started process (PID=1583) to work on /home/airflow/.local/lib/python3.12/site-packages/airflow/example_dags/example_sensors.py
[2025-08-26T18:55:40.920+0000] {processor.py:914} INFO - Processing file /home/airflow/.local/lib/python3.12/site-packages/airflow/example_dags/example_sensors.py for tasks to queue
[2025-08-26T18:55:40.920+0000] {logging_mixin.py:190} INFO - [2025-08-26T18:55:40.920+0000] {dagbag.py:588} INFO - Filling up the DagBag from /home/airflow/.local/lib/python3.12/site-packages/airflow/example_dags/example_sensors.py
[2025-08-26T18:55:40.924+0000] {processor.py:925} INFO - DAG(s) 'example_sensors' retrieved from /home/airflow/.local/lib/python3.12/site-packages/airflow/example_dags/example_sensors.py
[2025-08-26T18:55:40.932+0000] {logging_mixin.py:190} INFO - [2025-08-26T18:55:40.932+0000] {dag.py:3239} INFO - Sync 1 DAGs
[2025-08-26T18:55:40.936+0000] {logging_mixin.py:190} INFO - [2025-08-26T18:55:40.936+0000] {dag.py:4180} INFO - Setting next_dagrun for example_sensors to None, run_after=None
[2025-08-26T18:55:40.944+0000] {processor.py:208} INFO - Processing /home/airflow/.local/lib/python3.12/site-packages/airflow/example_dags/example_sensors.py took 0.028 seconds
[2025-08-26T18:56:11.553+0000] {processor.py:186} INFO - Started process (PID=1646) to work on /home/airflow/.local/lib/python3.12/site-packages/airflow/example_dags/example_sensors.py
[2025-08-26T18:56:11.554+0000] {processor.py:914} INFO - Processing file /home/airflow/.local/lib/python3.12/site-packages/airflow/example_dags/example_sensors.py for tasks to queue
[2025-08-26T18:56:11.555+0000] {logging_mixin.py:190} INFO - [2025-08-26T18:56:11.555+0000] {dagbag.py:588} INFO - Filling up the DagBag from /home/airflow/.local/lib/python3.12/site-packages/airflow/example_dags/example_sensors.py
[2025-08-26T18:56:11.560+0000] {processor.py:925} INFO - DAG(s) 'example_sensors' retrieved from /home/airflow/.local/lib/python3.12/site-packages/airflow/example_dags/example_sensors.py
[2025-08-26T18:56:11.570+0000] {logging_mixin.py:190} INFO - [2025-08-26T18:56:11.570+0000] {dag.py:3239} INFO - Sync 1 DAGs
[2025-08-26T18:56:11.575+0000] {logging_mixin.py:190} INFO - [2025-08-26T18:56:11.574+0000] {dag.py:4180} INFO - Setting next_dagrun for example_sensors to None, run_after=None
[2025-08-26T18:56:11.583+0000] {processor.py:208} INFO - Processing /home/airflow/.local/lib/python3.12/site-packages/airflow/example_dags/example_sensors.py took 0.031 seconds
[2025-08-26T18:56:42.135+0000] {processor.py:186} INFO - Started process (PID=1709) to work on /home/airflow/.local/lib/python3.12/site-packages/airflow/example_dags/example_sensors.py
[2025-08-26T18:56:42.135+0000] {processor.py:914} INFO - Processing file /home/airflow/.local/lib/python3.12/site-packages/airflow/example_dags/example_sensors.py for tasks to queue
[2025-08-26T18:56:42.136+0000] {logging_mixin.py:190} INFO - [2025-08-26T18:56:42.136+0000] {dagbag.py:588} INFO - Filling up the DagBag from /home/airflow/.local/lib/python3.12/site-packages/airflow/example_dags/example_sensors.py
[2025-08-26T18:56:42.140+0000] {processor.py:925} INFO - DAG(s) 'example_sensors' retrieved from /home/airflow/.local/lib/python3.12/site-packages/airflow/example_dags/example_sensors.py
[2025-08-26T18:56:42.149+0000] {logging_mixin.py:190} INFO - [2025-08-26T18:56:42.149+0000] {dag.py:3239} INFO - Sync 1 DAGs
[2025-08-26T18:56:42.153+0000] {logging_mixin.py:190} INFO - [2025-08-26T18:56:42.153+0000] {dag.py:4180} INFO - Setting next_dagrun for example_sensors to None, run_after=None
[2025-08-26T18:56:42.159+0000] {processor.py:208} INFO - Processing /home/airflow/.local/lib/python3.12/site-packages/airflow/example_dags/example_sensors.py took 0.026 seconds
[2025-08-26T18:57:12.760+0000] {processor.py:186} INFO - Started process (PID=1772) to work on /home/airflow/.local/lib/python3.12/site-packages/airflow/example_dags/example_sensors.py
[2025-08-26T18:57:12.760+0000] {processor.py:914} INFO - Processing file /home/airflow/.local/lib/python3.12/site-packages/airflow/example_dags/example_sensors.py for tasks to queue
[2025-08-26T18:57:12.762+0000] {logging_mixin.py:190} INFO - [2025-08-26T18:57:12.762+0000] {dagbag.py:588} INFO - Filling up the DagBag from /home/airflow/.local/lib/python3.12/site-packages/airflow/example_dags/example_sensors.py
[2025-08-26T18:57:12.767+0000] {processor.py:925} INFO - DAG(s) 'example_sensors' retrieved from /home/airflow/.local/lib/python3.12/site-packages/airflow/example_dags/example_sensors.py
[2025-08-26T18:57:12.778+0000] {logging_mixin.py:190} INFO - [2025-08-26T18:57:12.778+0000] {dag.py:3239} INFO - Sync 1 DAGs
[2025-08-26T18:57:12.782+0000] {logging_mixin.py:190} INFO - [2025-08-26T18:57:12.782+0000] {dag.py:4180} INFO - Setting next_dagrun for example_sensors to None, run_after=None
[2025-08-26T18:57:12.788+0000] {processor.py:208} INFO - Processing /home/airflow/.local/lib/python3.12/site-packages/airflow/example_dags/example_sensors.py took 0.030 seconds
[2025-08-26T18:57:43.340+0000] {processor.py:186} INFO - Started process (PID=1835) to work on /home/airflow/.local/lib/python3.12/site-packages/airflow/example_dags/example_sensors.py
[2025-08-26T18:57:43.341+0000] {processor.py:914} INFO - Processing file /home/airflow/.local/lib/python3.12/site-packages/airflow/example_dags/example_sensors.py for tasks to queue
[2025-08-26T18:57:43.342+0000] {logging_mixin.py:190} INFO - [2025-08-26T18:57:43.342+0000] {dagbag.py:588} INFO - Filling up the DagBag from /home/airflow/.local/lib/python3.12/site-packages/airflow/example_dags/example_sensors.py
[2025-08-26T18:57:43.346+0000] {processor.py:925} INFO - DAG(s) 'example_sensors' retrieved from /home/airflow/.local/lib/python3.12/site-packages/airflow/example_dags/example_sensors.py
[2025-08-26T18:57:43.359+0000] {logging_mixin.py:190} INFO - [2025-08-26T18:57:43.359+0000] {dag.py:3239} INFO - Sync 1 DAGs
[2025-08-26T18:57:43.366+0000] {logging_mixin.py:190} INFO - [2025-08-26T18:57:43.365+0000] {dag.py:4180} INFO - Setting next_dagrun for example_sensors to None, run_after=None
[2025-08-26T18:57:43.371+0000] {processor.py:208} INFO - Processing /home/airflow/.local/lib/python3.12/site-packages/airflow/example_dags/example_sensors.py took 0.034 seconds
[2025-08-26T18:58:13.950+0000] {processor.py:186} INFO - Started process (PID=1898) to work on /home/airflow/.local/lib/python3.12/site-packages/airflow/example_dags/example_sensors.py
[2025-08-26T18:58:13.950+0000] {processor.py:914} INFO - Processing file /home/airflow/.local/lib/python3.12/site-packages/airflow/example_dags/example_sensors.py for tasks to queue
[2025-08-26T18:58:13.951+0000] {logging_mixin.py:190} INFO - [2025-08-26T18:58:13.951+0000] {dagbag.py:588} INFO - Filling up the DagBag from /home/airflow/.local/lib/python3.12/site-packages/airflow/example_dags/example_sensors.py
[2025-08-26T18:58:13.955+0000] {processor.py:925} INFO - DAG(s) 'example_sensors' retrieved from /home/airflow/.local/lib/python3.12/site-packages/airflow/example_dags/example_sensors.py
[2025-08-26T18:58:13.964+0000] {logging_mixin.py:190} INFO - [2025-08-26T18:58:13.964+0000] {dag.py:3239} INFO - Sync 1 DAGs
[2025-08-26T18:58:13.969+0000] {logging_mixin.py:190} INFO - [2025-08-26T18:58:13.969+0000] {dag.py:4180} INFO - Setting next_dagrun for example_sensors to None, run_after=None
[2025-08-26T18:58:13.977+0000] {processor.py:208} INFO - Processing /home/airflow/.local/lib/python3.12/site-packages/airflow/example_dags/example_sensors.py took 0.029 seconds
[2025-08-26T18:58:44.603+0000] {processor.py:186} INFO - Started process (PID=1961) to work on /home/airflow/.local/lib/python3.12/site-packages/airflow/example_dags/example_sensors.py
[2025-08-26T18:58:44.604+0000] {processor.py:914} INFO - Processing file /home/airflow/.local/lib/python3.12/site-packages/airflow/example_dags/example_sensors.py for tasks to queue
[2025-08-26T18:58:44.605+0000] {logging_mixin.py:190} INFO - [2025-08-26T18:58:44.605+0000] {dagbag.py:588} INFO - Filling up the DagBag from /home/airflow/.local/lib/python3.12/site-packages/airflow/example_dags/example_sensors.py
[2025-08-26T18:58:44.609+0000] {processor.py:925} INFO - DAG(s) 'example_sensors' retrieved from /home/airflow/.local/lib/python3.12/site-packages/airflow/example_dags/example_sensors.py
[2025-08-26T18:58:44.620+0000] {logging_mixin.py:190} INFO - [2025-08-26T18:58:44.620+0000] {dag.py:3239} INFO - Sync 1 DAGs
[2025-08-26T18:58:44.625+0000] {logging_mixin.py:190} INFO - [2025-08-26T18:58:44.625+0000] {dag.py:4180} INFO - Setting next_dagrun for example_sensors to None, run_after=None
[2025-08-26T18:58:44.630+0000] {processor.py:208} INFO - Processing /home/airflow/.local/lib/python3.12/site-packages/airflow/example_dags/example_sensors.py took 0.030 seconds
[2025-08-26T18:59:15.139+0000] {processor.py:186} INFO - Started process (PID=2024) to work on /home/airflow/.local/lib/python3.12/site-packages/airflow/example_dags/example_sensors.py
[2025-08-26T18:59:15.140+0000] {processor.py:914} INFO - Processing file /home/airflow/.local/lib/python3.12/site-packages/airflow/example_dags/example_sensors.py for tasks to queue
[2025-08-26T18:59:15.141+0000] {logging_mixin.py:190} INFO - [2025-08-26T18:59:15.140+0000] {dagbag.py:588} INFO - Filling up the DagBag from /home/airflow/.local/lib/python3.12/site-packages/airflow/example_dags/example_sensors.py
[2025-08-26T18:59:15.145+0000] {processor.py:925} INFO - DAG(s) 'example_sensors' retrieved from /home/airflow/.local/lib/python3.12/site-packages/airflow/example_dags/example_sensors.py
[2025-08-26T18:59:15.155+0000] {logging_mixin.py:190} INFO - [2025-08-26T18:59:15.155+0000] {dag.py:3239} INFO - Sync 1 DAGs
[2025-08-26T18:59:15.160+0000] {logging_mixin.py:190} INFO - [2025-08-26T18:59:15.160+0000] {dag.py:4180} INFO - Setting next_dagrun for example_sensors to None, run_after=None
[2025-08-26T18:59:15.167+0000] {processor.py:208} INFO - Processing /home/airflow/.local/lib/python3.12/site-packages/airflow/example_dags/example_sensors.py took 0.031 seconds
[2025-08-26T18:59:45.765+0000] {processor.py:186} INFO - Started process (PID=2087) to work on /home/airflow/.local/lib/python3.12/site-packages/airflow/example_dags/example_sensors.py
[2025-08-26T18:59:45.765+0000] {processor.py:914} INFO - Processing file /home/airflow/.local/lib/python3.12/site-packages/airflow/example_dags/example_sensors.py for tasks to queue
[2025-08-26T18:59:45.766+0000] {logging_mixin.py:190} INFO - [2025-08-26T18:59:45.766+0000] {dagbag.py:588} INFO - Filling up the DagBag from /home/airflow/.local/lib/python3.12/site-packages/airflow/example_dags/example_sensors.py
[2025-08-26T18:59:45.770+0000] {processor.py:925} INFO - DAG(s) 'example_sensors' retrieved from /home/airflow/.local/lib/python3.12/site-packages/airflow/example_dags/example_sensors.py
[2025-08-26T18:59:45.781+0000] {logging_mixin.py:190} INFO - [2025-08-26T18:59:45.781+0000] {dag.py:3239} INFO - Sync 1 DAGs
[2025-08-26T18:59:45.786+0000] {logging_mixin.py:190} INFO - [2025-08-26T18:59:45.786+0000] {dag.py:4180} INFO - Setting next_dagrun for example_sensors to None, run_after=None
[2025-08-26T18:59:45.792+0000] {processor.py:208} INFO - Processing /home/airflow/.local/lib/python3.12/site-packages/airflow/example_dags/example_sensors.py took 0.029 seconds
[2025-08-26T19:00:16.433+0000] {processor.py:186} INFO - Started process (PID=2150) to work on /home/airflow/.local/lib/python3.12/site-packages/airflow/example_dags/example_sensors.py
[2025-08-26T19:00:16.434+0000] {processor.py:914} INFO - Processing file /home/airflow/.local/lib/python3.12/site-packages/airflow/example_dags/example_sensors.py for tasks to queue
[2025-08-26T19:00:16.435+0000] {logging_mixin.py:190} INFO - [2025-08-26T19:00:16.435+0000] {dagbag.py:588} INFO - Filling up the DagBag from /home/airflow/.local/lib/python3.12/site-packages/airflow/example_dags/example_sensors.py
[2025-08-26T19:00:16.440+0000] {processor.py:925} INFO - DAG(s) 'example_sensors' retrieved from /home/airflow/.local/lib/python3.12/site-packages/airflow/example_dags/example_sensors.py
[2025-08-26T19:00:16.452+0000] {logging_mixin.py:190} INFO - [2025-08-26T19:00:16.451+0000] {dag.py:3239} INFO - Sync 1 DAGs
[2025-08-26T19:00:16.457+0000] {logging_mixin.py:190} INFO - [2025-08-26T19:00:16.457+0000] {dag.py:4180} INFO - Setting next_dagrun for example_sensors to None, run_after=None
[2025-08-26T19:00:16.468+0000] {processor.py:208} INFO - Processing /home/airflow/.local/lib/python3.12/site-packages/airflow/example_dags/example_sensors.py took 0.038 seconds
[2025-08-26T19:00:47.144+0000] {processor.py:186} INFO - Started process (PID=2213) to work on /home/airflow/.local/lib/python3.12/site-packages/airflow/example_dags/example_sensors.py
[2025-08-26T19:00:47.144+0000] {processor.py:914} INFO - Processing file /home/airflow/.local/lib/python3.12/site-packages/airflow/example_dags/example_sensors.py for tasks to queue
[2025-08-26T19:00:47.145+0000] {logging_mixin.py:190} INFO - [2025-08-26T19:00:47.145+0000] {dagbag.py:588} INFO - Filling up the DagBag from /home/airflow/.local/lib/python3.12/site-packages/airflow/example_dags/example_sensors.py
[2025-08-26T19:00:47.149+0000] {processor.py:925} INFO - DAG(s) 'example_sensors' retrieved from /home/airflow/.local/lib/python3.12/site-packages/airflow/example_dags/example_sensors.py
[2025-08-26T19:00:47.160+0000] {logging_mixin.py:190} INFO - [2025-08-26T19:00:47.159+0000] {dag.py:3239} INFO - Sync 1 DAGs
[2025-08-26T19:00:47.165+0000] {logging_mixin.py:190} INFO - [2025-08-26T19:00:47.165+0000] {dag.py:4180} INFO - Setting next_dagrun for example_sensors to None, run_after=None
[2025-08-26T19:00:47.172+0000] {processor.py:208} INFO - Processing /home/airflow/.local/lib/python3.12/site-packages/airflow/example_dags/example_sensors.py took 0.030 seconds
[2025-08-26T19:01:18.072+0000] {processor.py:186} INFO - Started process (PID=2276) to work on /home/airflow/.local/lib/python3.12/site-packages/airflow/example_dags/example_sensors.py
[2025-08-26T19:01:18.072+0000] {processor.py:914} INFO - Processing file /home/airflow/.local/lib/python3.12/site-packages/airflow/example_dags/example_sensors.py for tasks to queue
[2025-08-26T19:01:18.073+0000] {logging_mixin.py:190} INFO - [2025-08-26T19:01:18.073+0000] {dagbag.py:588} INFO - Filling up the DagBag from /home/airflow/.local/lib/python3.12/site-packages/airflow/example_dags/example_sensors.py
[2025-08-26T19:01:18.078+0000] {processor.py:925} INFO - DAG(s) 'example_sensors' retrieved from /home/airflow/.local/lib/python3.12/site-packages/airflow/example_dags/example_sensors.py
[2025-08-26T19:01:18.088+0000] {logging_mixin.py:190} INFO - [2025-08-26T19:01:18.088+0000] {dag.py:3239} INFO - Sync 1 DAGs
[2025-08-26T19:01:18.093+0000] {logging_mixin.py:190} INFO - [2025-08-26T19:01:18.093+0000] {dag.py:4180} INFO - Setting next_dagrun for example_sensors to None, run_after=None
[2025-08-26T19:01:18.101+0000] {processor.py:208} INFO - Processing /home/airflow/.local/lib/python3.12/site-packages/airflow/example_dags/example_sensors.py took 0.032 seconds
[2025-08-26T19:01:49.002+0000] {processor.py:186} INFO - Started process (PID=2345) to work on /home/airflow/.local/lib/python3.12/site-packages/airflow/example_dags/example_sensors.py
[2025-08-26T19:01:49.002+0000] {processor.py:914} INFO - Processing file /home/airflow/.local/lib/python3.12/site-packages/airflow/example_dags/example_sensors.py for tasks to queue
[2025-08-26T19:01:49.003+0000] {logging_mixin.py:190} INFO - [2025-08-26T19:01:49.003+0000] {dagbag.py:588} INFO - Filling up the DagBag from /home/airflow/.local/lib/python3.12/site-packages/airflow/example_dags/example_sensors.py
[2025-08-26T19:01:49.008+0000] {processor.py:925} INFO - DAG(s) 'example_sensors' retrieved from /home/airflow/.local/lib/python3.12/site-packages/airflow/example_dags/example_sensors.py
[2025-08-26T19:01:49.018+0000] {logging_mixin.py:190} INFO - [2025-08-26T19:01:49.018+0000] {dag.py:3239} INFO - Sync 1 DAGs
[2025-08-26T19:01:49.024+0000] {logging_mixin.py:190} INFO - [2025-08-26T19:01:49.024+0000] {dag.py:4180} INFO - Setting next_dagrun for example_sensors to None, run_after=None
[2025-08-26T19:01:49.032+0000] {processor.py:208} INFO - Processing /home/airflow/.local/lib/python3.12/site-packages/airflow/example_dags/example_sensors.py took 0.033 seconds
[2025-08-26T19:02:19.844+0000] {processor.py:186} INFO - Started process (PID=2408) to work on /home/airflow/.local/lib/python3.12/site-packages/airflow/example_dags/example_sensors.py
[2025-08-26T19:02:19.846+0000] {processor.py:914} INFO - Processing file /home/airflow/.local/lib/python3.12/site-packages/airflow/example_dags/example_sensors.py for tasks to queue
[2025-08-26T19:02:19.847+0000] {logging_mixin.py:190} INFO - [2025-08-26T19:02:19.847+0000] {dagbag.py:588} INFO - Filling up the DagBag from /home/airflow/.local/lib/python3.12/site-packages/airflow/example_dags/example_sensors.py
[2025-08-26T19:02:19.851+0000] {processor.py:925} INFO - DAG(s) 'example_sensors' retrieved from /home/airflow/.local/lib/python3.12/site-packages/airflow/example_dags/example_sensors.py
[2025-08-26T19:02:19.860+0000] {logging_mixin.py:190} INFO - [2025-08-26T19:02:19.860+0000] {dag.py:3239} INFO - Sync 1 DAGs
[2025-08-26T19:02:19.865+0000] {logging_mixin.py:190} INFO - [2025-08-26T19:02:19.865+0000] {dag.py:4180} INFO - Setting next_dagrun for example_sensors to None, run_after=None
[2025-08-26T19:02:19.874+0000] {processor.py:208} INFO - Processing /home/airflow/.local/lib/python3.12/site-packages/airflow/example_dags/example_sensors.py took 0.032 seconds
[2025-08-26T19:02:50.523+0000] {processor.py:186} INFO - Started process (PID=2471) to work on /home/airflow/.local/lib/python3.12/site-packages/airflow/example_dags/example_sensors.py
[2025-08-26T19:02:50.524+0000] {processor.py:914} INFO - Processing file /home/airflow/.local/lib/python3.12/site-packages/airflow/example_dags/example_sensors.py for tasks to queue
[2025-08-26T19:02:50.525+0000] {logging_mixin.py:190} INFO - [2025-08-26T19:02:50.525+0000] {dagbag.py:588} INFO - Filling up the DagBag from /home/airflow/.local/lib/python3.12/site-packages/airflow/example_dags/example_sensors.py
[2025-08-26T19:02:50.529+0000] {processor.py:925} INFO - DAG(s) 'example_sensors' retrieved from /home/airflow/.local/lib/python3.12/site-packages/airflow/example_dags/example_sensors.py
[2025-08-26T19:02:50.539+0000] {logging_mixin.py:190} INFO - [2025-08-26T19:02:50.539+0000] {dag.py:3239} INFO - Sync 1 DAGs
[2025-08-26T19:02:50.544+0000] {logging_mixin.py:190} INFO - [2025-08-26T19:02:50.544+0000] {dag.py:4180} INFO - Setting next_dagrun for example_sensors to None, run_after=None
[2025-08-26T19:02:50.550+0000] {processor.py:208} INFO - Processing /home/airflow/.local/lib/python3.12/site-packages/airflow/example_dags/example_sensors.py took 0.029 seconds
[2025-08-26T19:03:21.137+0000] {processor.py:186} INFO - Started process (PID=2534) to work on /home/airflow/.local/lib/python3.12/site-packages/airflow/example_dags/example_sensors.py
[2025-08-26T19:03:21.139+0000] {processor.py:914} INFO - Processing file /home/airflow/.local/lib/python3.12/site-packages/airflow/example_dags/example_sensors.py for tasks to queue
[2025-08-26T19:03:21.140+0000] {logging_mixin.py:190} INFO - [2025-08-26T19:03:21.140+0000] {dagbag.py:588} INFO - Filling up the DagBag from /home/airflow/.local/lib/python3.12/site-packages/airflow/example_dags/example_sensors.py
[2025-08-26T19:03:21.145+0000] {processor.py:925} INFO - DAG(s) 'example_sensors' retrieved from /home/airflow/.local/lib/python3.12/site-packages/airflow/example_dags/example_sensors.py
[2025-08-26T19:03:21.155+0000] {logging_mixin.py:190} INFO - [2025-08-26T19:03:21.155+0000] {dag.py:3239} INFO - Sync 1 DAGs
[2025-08-26T19:03:21.159+0000] {logging_mixin.py:190} INFO - [2025-08-26T19:03:21.159+0000] {dag.py:4180} INFO - Setting next_dagrun for example_sensors to None, run_after=None
[2025-08-26T19:03:21.168+0000] {processor.py:208} INFO - Processing /home/airflow/.local/lib/python3.12/site-packages/airflow/example_dags/example_sensors.py took 0.033 seconds
[2025-08-26T19:03:51.839+0000] {processor.py:186} INFO - Started process (PID=2597) to work on /home/airflow/.local/lib/python3.12/site-packages/airflow/example_dags/example_sensors.py
[2025-08-26T19:03:51.841+0000] {processor.py:914} INFO - Processing file /home/airflow/.local/lib/python3.12/site-packages/airflow/example_dags/example_sensors.py for tasks to queue
[2025-08-26T19:03:51.842+0000] {logging_mixin.py:190} INFO - [2025-08-26T19:03:51.842+0000] {dagbag.py:588} INFO - Filling up the DagBag from /home/airflow/.local/lib/python3.12/site-packages/airflow/example_dags/example_sensors.py
[2025-08-26T19:03:51.847+0000] {processor.py:925} INFO - DAG(s) 'example_sensors' retrieved from /home/airflow/.local/lib/python3.12/site-packages/airflow/example_dags/example_sensors.py
[2025-08-26T19:03:51.855+0000] {logging_mixin.py:190} INFO - [2025-08-26T19:03:51.855+0000] {dag.py:3239} INFO - Sync 1 DAGs
[2025-08-26T19:03:51.860+0000] {logging_mixin.py:190} INFO - [2025-08-26T19:03:51.859+0000] {dag.py:4180} INFO - Setting next_dagrun for example_sensors to None, run_after=None
[2025-08-26T19:03:51.868+0000] {processor.py:208} INFO - Processing /home/airflow/.local/lib/python3.12/site-packages/airflow/example_dags/example_sensors.py took 0.031 seconds
[2025-08-26T19:04:22.495+0000] {processor.py:186} INFO - Started process (PID=2660) to work on /home/airflow/.local/lib/python3.12/site-packages/airflow/example_dags/example_sensors.py
[2025-08-26T19:04:22.496+0000] {processor.py:914} INFO - Processing file /home/airflow/.local/lib/python3.12/site-packages/airflow/example_dags/example_sensors.py for tasks to queue
[2025-08-26T19:04:22.497+0000] {logging_mixin.py:190} INFO - [2025-08-26T19:04:22.497+0000] {dagbag.py:588} INFO - Filling up the DagBag from /home/airflow/.local/lib/python3.12/site-packages/airflow/example_dags/example_sensors.py
[2025-08-26T19:04:22.501+0000] {processor.py:925} INFO - DAG(s) 'example_sensors' retrieved from /home/airflow/.local/lib/python3.12/site-packages/airflow/example_dags/example_sensors.py
[2025-08-26T19:04:22.511+0000] {logging_mixin.py:190} INFO - [2025-08-26T19:04:22.511+0000] {dag.py:3239} INFO - Sync 1 DAGs
[2025-08-26T19:04:22.517+0000] {logging_mixin.py:190} INFO - [2025-08-26T19:04:22.517+0000] {dag.py:4180} INFO - Setting next_dagrun for example_sensors to None, run_after=None
[2025-08-26T19:04:22.525+0000] {processor.py:208} INFO - Processing /home/airflow/.local/lib/python3.12/site-packages/airflow/example_dags/example_sensors.py took 0.032 seconds
[2025-08-26T19:04:53.281+0000] {processor.py:186} INFO - Started process (PID=2723) to work on /home/airflow/.local/lib/python3.12/site-packages/airflow/example_dags/example_sensors.py
[2025-08-26T19:04:53.281+0000] {processor.py:914} INFO - Processing file /home/airflow/.local/lib/python3.12/site-packages/airflow/example_dags/example_sensors.py for tasks to queue
[2025-08-26T19:04:53.282+0000] {logging_mixin.py:190} INFO - [2025-08-26T19:04:53.282+0000] {dagbag.py:588} INFO - Filling up the DagBag from /home/airflow/.local/lib/python3.12/site-packages/airflow/example_dags/example_sensors.py
[2025-08-26T19:04:53.286+0000] {processor.py:925} INFO - DAG(s) 'example_sensors' retrieved from /home/airflow/.local/lib/python3.12/site-packages/airflow/example_dags/example_sensors.py
[2025-08-26T19:04:53.297+0000] {logging_mixin.py:190} INFO - [2025-08-26T19:04:53.297+0000] {dag.py:3239} INFO - Sync 1 DAGs
[2025-08-26T19:04:53.302+0000] {logging_mixin.py:190} INFO - [2025-08-26T19:04:53.302+0000] {dag.py:4180} INFO - Setting next_dagrun for example_sensors to None, run_after=None
[2025-08-26T19:04:53.313+0000] {processor.py:208} INFO - Processing /home/airflow/.local/lib/python3.12/site-packages/airflow/example_dags/example_sensors.py took 0.035 seconds
[2025-08-26T19:05:23.981+0000] {processor.py:186} INFO - Started process (PID=2786) to work on /home/airflow/.local/lib/python3.12/site-packages/airflow/example_dags/example_sensors.py
[2025-08-26T19:05:23.982+0000] {processor.py:914} INFO - Processing file /home/airflow/.local/lib/python3.12/site-packages/airflow/example_dags/example_sensors.py for tasks to queue
[2025-08-26T19:05:23.983+0000] {logging_mixin.py:190} INFO - [2025-08-26T19:05:23.983+0000] {dagbag.py:588} INFO - Filling up the DagBag from /home/airflow/.local/lib/python3.12/site-packages/airflow/example_dags/example_sensors.py
[2025-08-26T19:05:23.987+0000] {processor.py:925} INFO - DAG(s) 'example_sensors' retrieved from /home/airflow/.local/lib/python3.12/site-packages/airflow/example_dags/example_sensors.py
[2025-08-26T19:05:23.999+0000] {logging_mixin.py:190} INFO - [2025-08-26T19:05:23.999+0000] {dag.py:3239} INFO - Sync 1 DAGs
[2025-08-26T19:05:24.004+0000] {logging_mixin.py:190} INFO - [2025-08-26T19:05:24.004+0000] {dag.py:4180} INFO - Setting next_dagrun for example_sensors to None, run_after=None
[2025-08-26T19:05:24.009+0000] {processor.py:208} INFO - Processing /home/airflow/.local/lib/python3.12/site-packages/airflow/example_dags/example_sensors.py took 0.030 seconds
[2025-08-26T19:05:54.716+0000] {processor.py:186} INFO - Started process (PID=2849) to work on /home/airflow/.local/lib/python3.12/site-packages/airflow/example_dags/example_sensors.py
[2025-08-26T19:05:54.717+0000] {processor.py:914} INFO - Processing file /home/airflow/.local/lib/python3.12/site-packages/airflow/example_dags/example_sensors.py for tasks to queue
[2025-08-26T19:05:54.718+0000] {logging_mixin.py:190} INFO - [2025-08-26T19:05:54.718+0000] {dagbag.py:588} INFO - Filling up the DagBag from /home/airflow/.local/lib/python3.12/site-packages/airflow/example_dags/example_sensors.py
[2025-08-26T19:05:54.723+0000] {processor.py:925} INFO - DAG(s) 'example_sensors' retrieved from /home/airflow/.local/lib/python3.12/site-packages/airflow/example_dags/example_sensors.py
[2025-08-26T19:05:54.732+0000] {logging_mixin.py:190} INFO - [2025-08-26T19:05:54.732+0000] {dag.py:3239} INFO - Sync 1 DAGs
[2025-08-26T19:05:54.737+0000] {logging_mixin.py:190} INFO - [2025-08-26T19:05:54.737+0000] {dag.py:4180} INFO - Setting next_dagrun for example_sensors to None, run_after=None
[2025-08-26T19:05:54.743+0000] {processor.py:208} INFO - Processing /home/airflow/.local/lib/python3.12/site-packages/airflow/example_dags/example_sensors.py took 0.029 seconds
[2025-08-26T19:06:25.364+0000] {processor.py:186} INFO - Started process (PID=2912) to work on /home/airflow/.local/lib/python3.12/site-packages/airflow/example_dags/example_sensors.py
[2025-08-26T19:06:25.365+0000] {processor.py:914} INFO - Processing file /home/airflow/.local/lib/python3.12/site-packages/airflow/example_dags/example_sensors.py for tasks to queue
[2025-08-26T19:06:25.365+0000] {logging_mixin.py:190} INFO - [2025-08-26T19:06:25.365+0000] {dagbag.py:588} INFO - Filling up the DagBag from /home/airflow/.local/lib/python3.12/site-packages/airflow/example_dags/example_sensors.py
[2025-08-26T19:06:25.369+0000] {processor.py:925} INFO - DAG(s) 'example_sensors' retrieved from /home/airflow/.local/lib/python3.12/site-packages/airflow/example_dags/example_sensors.py
[2025-08-26T19:06:25.377+0000] {logging_mixin.py:190} INFO - [2025-08-26T19:06:25.377+0000] {dag.py:3239} INFO - Sync 1 DAGs
[2025-08-26T19:06:25.382+0000] {logging_mixin.py:190} INFO - [2025-08-26T19:06:25.381+0000] {dag.py:4180} INFO - Setting next_dagrun for example_sensors to None, run_after=None
[2025-08-26T19:06:25.389+0000] {processor.py:208} INFO - Processing /home/airflow/.local/lib/python3.12/site-packages/airflow/example_dags/example_sensors.py took 0.027 seconds
[2025-08-26T19:06:56.003+0000] {processor.py:186} INFO - Started process (PID=2975) to work on /home/airflow/.local/lib/python3.12/site-packages/airflow/example_dags/example_sensors.py
[2025-08-26T19:06:56.003+0000] {processor.py:914} INFO - Processing file /home/airflow/.local/lib/python3.12/site-packages/airflow/example_dags/example_sensors.py for tasks to queue
[2025-08-26T19:06:56.004+0000] {logging_mixin.py:190} INFO - [2025-08-26T19:06:56.004+0000] {dagbag.py:588} INFO - Filling up the DagBag from /home/airflow/.local/lib/python3.12/site-packages/airflow/example_dags/example_sensors.py
[2025-08-26T19:06:56.008+0000] {processor.py:925} INFO - DAG(s) 'example_sensors' retrieved from /home/airflow/.local/lib/python3.12/site-packages/airflow/example_dags/example_sensors.py
[2025-08-26T19:06:56.018+0000] {logging_mixin.py:190} INFO - [2025-08-26T19:06:56.018+0000] {dag.py:3239} INFO - Sync 1 DAGs
[2025-08-26T19:06:56.024+0000] {logging_mixin.py:190} INFO - [2025-08-26T19:06:56.023+0000] {dag.py:4180} INFO - Setting next_dagrun for example_sensors to None, run_after=None
[2025-08-26T19:06:56.032+0000] {processor.py:208} INFO - Processing /home/airflow/.local/lib/python3.12/site-packages/airflow/example_dags/example_sensors.py took 0.032 seconds
[2025-08-26T19:07:26.740+0000] {processor.py:186} INFO - Started process (PID=3038) to work on /home/airflow/.local/lib/python3.12/site-packages/airflow/example_dags/example_sensors.py
[2025-08-26T19:07:26.742+0000] {processor.py:914} INFO - Processing file /home/airflow/.local/lib/python3.12/site-packages/airflow/example_dags/example_sensors.py for tasks to queue
[2025-08-26T19:07:26.743+0000] {logging_mixin.py:190} INFO - [2025-08-26T19:07:26.743+0000] {dagbag.py:588} INFO - Filling up the DagBag from /home/airflow/.local/lib/python3.12/site-packages/airflow/example_dags/example_sensors.py
[2025-08-26T19:07:26.746+0000] {processor.py:925} INFO - DAG(s) 'example_sensors' retrieved from /home/airflow/.local/lib/python3.12/site-packages/airflow/example_dags/example_sensors.py
[2025-08-26T19:07:26.758+0000] {logging_mixin.py:190} INFO - [2025-08-26T19:07:26.758+0000] {dag.py:3239} INFO - Sync 1 DAGs
[2025-08-26T19:07:26.763+0000] {logging_mixin.py:190} INFO - [2025-08-26T19:07:26.762+0000] {dag.py:4180} INFO - Setting next_dagrun for example_sensors to None, run_after=None
[2025-08-26T19:07:26.769+0000] {processor.py:208} INFO - Processing /home/airflow/.local/lib/python3.12/site-packages/airflow/example_dags/example_sensors.py took 0.031 seconds
[2025-08-26T19:07:57.403+0000] {processor.py:186} INFO - Started process (PID=3101) to work on /home/airflow/.local/lib/python3.12/site-packages/airflow/example_dags/example_sensors.py
[2025-08-26T19:07:57.403+0000] {processor.py:914} INFO - Processing file /home/airflow/.local/lib/python3.12/site-packages/airflow/example_dags/example_sensors.py for tasks to queue
[2025-08-26T19:07:57.405+0000] {logging_mixin.py:190} INFO - [2025-08-26T19:07:57.405+0000] {dagbag.py:588} INFO - Filling up the DagBag from /home/airflow/.local/lib/python3.12/site-packages/airflow/example_dags/example_sensors.py
[2025-08-26T19:07:57.409+0000] {processor.py:925} INFO - DAG(s) 'example_sensors' retrieved from /home/airflow/.local/lib/python3.12/site-packages/airflow/example_dags/example_sensors.py
[2025-08-26T19:07:57.419+0000] {logging_mixin.py:190} INFO - [2025-08-26T19:07:57.419+0000] {dag.py:3239} INFO - Sync 1 DAGs
[2025-08-26T19:07:57.424+0000] {logging_mixin.py:190} INFO - [2025-08-26T19:07:57.424+0000] {dag.py:4180} INFO - Setting next_dagrun for example_sensors to None, run_after=None
[2025-08-26T19:07:57.431+0000] {processor.py:208} INFO - Processing /home/airflow/.local/lib/python3.12/site-packages/airflow/example_dags/example_sensors.py took 0.030 seconds
[2025-08-26T19:08:28.000+0000] {processor.py:186} INFO - Started process (PID=3164) to work on /home/airflow/.local/lib/python3.12/site-packages/airflow/example_dags/example_sensors.py
[2025-08-26T19:08:28.000+0000] {processor.py:914} INFO - Processing file /home/airflow/.local/lib/python3.12/site-packages/airflow/example_dags/example_sensors.py for tasks to queue
[2025-08-26T19:08:28.001+0000] {logging_mixin.py:190} INFO - [2025-08-26T19:08:28.001+0000] {dagbag.py:588} INFO - Filling up the DagBag from /home/airflow/.local/lib/python3.12/site-packages/airflow/example_dags/example_sensors.py
[2025-08-26T19:08:28.006+0000] {processor.py:925} INFO - DAG(s) 'example_sensors' retrieved from /home/airflow/.local/lib/python3.12/site-packages/airflow/example_dags/example_sensors.py
[2025-08-26T19:08:28.016+0000] {logging_mixin.py:190} INFO - [2025-08-26T19:08:28.016+0000] {dag.py:3239} INFO - Sync 1 DAGs
[2025-08-26T19:08:28.020+0000] {logging_mixin.py:190} INFO - [2025-08-26T19:08:28.020+0000] {dag.py:4180} INFO - Setting next_dagrun for example_sensors to None, run_after=None
[2025-08-26T19:08:28.026+0000] {processor.py:208} INFO - Processing /home/airflow/.local/lib/python3.12/site-packages/airflow/example_dags/example_sensors.py took 0.028 seconds
[2025-08-26T19:08:58.600+0000] {processor.py:186} INFO - Started process (PID=3227) to work on /home/airflow/.local/lib/python3.12/site-packages/airflow/example_dags/example_sensors.py
[2025-08-26T19:08:58.600+0000] {processor.py:914} INFO - Processing file /home/airflow/.local/lib/python3.12/site-packages/airflow/example_dags/example_sensors.py for tasks to queue
[2025-08-26T19:08:58.601+0000] {logging_mixin.py:190} INFO - [2025-08-26T19:08:58.601+0000] {dagbag.py:588} INFO - Filling up the DagBag from /home/airflow/.local/lib/python3.12/site-packages/airflow/example_dags/example_sensors.py
[2025-08-26T19:08:58.604+0000] {processor.py:925} INFO - DAG(s) 'example_sensors' retrieved from /home/airflow/.local/lib/python3.12/site-packages/airflow/example_dags/example_sensors.py
[2025-08-26T19:08:58.614+0000] {logging_mixin.py:190} INFO - [2025-08-26T19:08:58.614+0000] {dag.py:3239} INFO - Sync 1 DAGs
[2025-08-26T19:08:58.619+0000] {logging_mixin.py:190} INFO - [2025-08-26T19:08:58.619+0000] {dag.py:4180} INFO - Setting next_dagrun for example_sensors to None, run_after=None
[2025-08-26T19:08:58.626+0000] {processor.py:208} INFO - Processing /home/airflow/.local/lib/python3.12/site-packages/airflow/example_dags/example_sensors.py took 0.029 seconds
[2025-08-26T19:09:29.321+0000] {processor.py:186} INFO - Started process (PID=3290) to work on /home/airflow/.local/lib/python3.12/site-packages/airflow/example_dags/example_sensors.py
[2025-08-26T19:09:29.324+0000] {processor.py:914} INFO - Processing file /home/airflow/.local/lib/python3.12/site-packages/airflow/example_dags/example_sensors.py for tasks to queue
[2025-08-26T19:09:29.324+0000] {logging_mixin.py:190} INFO - [2025-08-26T19:09:29.324+0000] {dagbag.py:588} INFO - Filling up the DagBag from /home/airflow/.local/lib/python3.12/site-packages/airflow/example_dags/example_sensors.py
[2025-08-26T19:09:29.328+0000] {processor.py:925} INFO - DAG(s) 'example_sensors' retrieved from /home/airflow/.local/lib/python3.12/site-packages/airflow/example_dags/example_sensors.py
[2025-08-26T19:09:29.336+0000] {logging_mixin.py:190} INFO - [2025-08-26T19:09:29.336+0000] {dag.py:3239} INFO - Sync 1 DAGs
[2025-08-26T19:09:29.342+0000] {logging_mixin.py:190} INFO - [2025-08-26T19:09:29.342+0000] {dag.py:4180} INFO - Setting next_dagrun for example_sensors to None, run_after=None
[2025-08-26T19:09:29.351+0000] {processor.py:208} INFO - Processing /home/airflow/.local/lib/python3.12/site-packages/airflow/example_dags/example_sensors.py took 0.032 seconds
[2025-08-26T19:10:00.061+0000] {processor.py:186} INFO - Started process (PID=3353) to work on /home/airflow/.local/lib/python3.12/site-packages/airflow/example_dags/example_sensors.py
[2025-08-26T19:10:00.061+0000] {processor.py:914} INFO - Processing file /home/airflow/.local/lib/python3.12/site-packages/airflow/example_dags/example_sensors.py for tasks to queue
[2025-08-26T19:10:00.062+0000] {logging_mixin.py:190} INFO - [2025-08-26T19:10:00.062+0000] {dagbag.py:588} INFO - Filling up the DagBag from /home/airflow/.local/lib/python3.12/site-packages/airflow/example_dags/example_sensors.py
[2025-08-26T19:10:00.067+0000] {processor.py:925} INFO - DAG(s) 'example_sensors' retrieved from /home/airflow/.local/lib/python3.12/site-packages/airflow/example_dags/example_sensors.py
[2025-08-26T19:10:00.077+0000] {logging_mixin.py:190} INFO - [2025-08-26T19:10:00.077+0000] {dag.py:3239} INFO - Sync 1 DAGs
[2025-08-26T19:10:00.082+0000] {logging_mixin.py:190} INFO - [2025-08-26T19:10:00.081+0000] {dag.py:4180} INFO - Setting next_dagrun for example_sensors to None, run_after=None
[2025-08-26T19:10:00.087+0000] {processor.py:208} INFO - Processing /home/airflow/.local/lib/python3.12/site-packages/airflow/example_dags/example_sensors.py took 0.028 seconds
[2025-08-26T19:10:30.834+0000] {processor.py:186} INFO - Started process (PID=3416) to work on /home/airflow/.local/lib/python3.12/site-packages/airflow/example_dags/example_sensors.py
[2025-08-26T19:10:30.836+0000] {processor.py:914} INFO - Processing file /home/airflow/.local/lib/python3.12/site-packages/airflow/example_dags/example_sensors.py for tasks to queue
[2025-08-26T19:10:30.837+0000] {logging_mixin.py:190} INFO - [2025-08-26T19:10:30.837+0000] {dagbag.py:588} INFO - Filling up the DagBag from /home/airflow/.local/lib/python3.12/site-packages/airflow/example_dags/example_sensors.py
[2025-08-26T19:10:30.841+0000] {processor.py:925} INFO - DAG(s) 'example_sensors' retrieved from /home/airflow/.local/lib/python3.12/site-packages/airflow/example_dags/example_sensors.py
[2025-08-26T19:10:30.849+0000] {logging_mixin.py:190} INFO - [2025-08-26T19:10:30.849+0000] {dag.py:3239} INFO - Sync 1 DAGs
[2025-08-26T19:10:30.854+0000] {logging_mixin.py:190} INFO - [2025-08-26T19:10:30.854+0000] {dag.py:4180} INFO - Setting next_dagrun for example_sensors to None, run_after=None
[2025-08-26T19:10:30.861+0000] {processor.py:208} INFO - Processing /home/airflow/.local/lib/python3.12/site-packages/airflow/example_dags/example_sensors.py took 0.030 seconds
[2025-08-26T19:11:01.584+0000] {processor.py:186} INFO - Started process (PID=3479) to work on /home/airflow/.local/lib/python3.12/site-packages/airflow/example_dags/example_sensors.py
[2025-08-26T19:11:01.584+0000] {processor.py:914} INFO - Processing file /home/airflow/.local/lib/python3.12/site-packages/airflow/example_dags/example_sensors.py for tasks to queue
[2025-08-26T19:11:01.585+0000] {logging_mixin.py:190} INFO - [2025-08-26T19:11:01.585+0000] {dagbag.py:588} INFO - Filling up the DagBag from /home/airflow/.local/lib/python3.12/site-packages/airflow/example_dags/example_sensors.py
[2025-08-26T19:11:01.589+0000] {processor.py:925} INFO - DAG(s) 'example_sensors' retrieved from /home/airflow/.local/lib/python3.12/site-packages/airflow/example_dags/example_sensors.py
[2025-08-26T19:11:01.600+0000] {logging_mixin.py:190} INFO - [2025-08-26T19:11:01.600+0000] {dag.py:3239} INFO - Sync 1 DAGs
[2025-08-26T19:11:01.605+0000] {logging_mixin.py:190} INFO - [2025-08-26T19:11:01.605+0000] {dag.py:4180} INFO - Setting next_dagrun for example_sensors to None, run_after=None
[2025-08-26T19:11:01.610+0000] {processor.py:208} INFO - Processing /home/airflow/.local/lib/python3.12/site-packages/airflow/example_dags/example_sensors.py took 0.028 seconds
[2025-08-26T19:11:32.404+0000] {processor.py:186} INFO - Started process (PID=3542) to work on /home/airflow/.local/lib/python3.12/site-packages/airflow/example_dags/example_sensors.py
[2025-08-26T19:11:32.406+0000] {processor.py:914} INFO - Processing file /home/airflow/.local/lib/python3.12/site-packages/airflow/example_dags/example_sensors.py for tasks to queue
[2025-08-26T19:11:32.407+0000] {logging_mixin.py:190} INFO - [2025-08-26T19:11:32.407+0000] {dagbag.py:588} INFO - Filling up the DagBag from /home/airflow/.local/lib/python3.12/site-packages/airflow/example_dags/example_sensors.py
[2025-08-26T19:11:32.411+0000] {processor.py:925} INFO - DAG(s) 'example_sensors' retrieved from /home/airflow/.local/lib/python3.12/site-packages/airflow/example_dags/example_sensors.py
[2025-08-26T19:11:32.420+0000] {logging_mixin.py:190} INFO - [2025-08-26T19:11:32.420+0000] {dag.py:3239} INFO - Sync 1 DAGs
[2025-08-26T19:11:32.425+0000] {logging_mixin.py:190} INFO - [2025-08-26T19:11:32.425+0000] {dag.py:4180} INFO - Setting next_dagrun for example_sensors to None, run_after=None
[2025-08-26T19:11:32.432+0000] {processor.py:208} INFO - Processing /home/airflow/.local/lib/python3.12/site-packages/airflow/example_dags/example_sensors.py took 0.031 seconds
[2025-08-26T19:12:03.160+0000] {processor.py:186} INFO - Started process (PID=3605) to work on /home/airflow/.local/lib/python3.12/site-packages/airflow/example_dags/example_sensors.py
[2025-08-26T19:12:03.161+0000] {processor.py:914} INFO - Processing file /home/airflow/.local/lib/python3.12/site-packages/airflow/example_dags/example_sensors.py for tasks to queue
[2025-08-26T19:12:03.162+0000] {logging_mixin.py:190} INFO - [2025-08-26T19:12:03.162+0000] {dagbag.py:588} INFO - Filling up the DagBag from /home/airflow/.local/lib/python3.12/site-packages/airflow/example_dags/example_sensors.py
[2025-08-26T19:12:03.168+0000] {processor.py:925} INFO - DAG(s) 'example_sensors' retrieved from /home/airflow/.local/lib/python3.12/site-packages/airflow/example_dags/example_sensors.py
[2025-08-26T19:12:03.179+0000] {logging_mixin.py:190} INFO - [2025-08-26T19:12:03.179+0000] {dag.py:3239} INFO - Sync 1 DAGs
[2025-08-26T19:12:03.183+0000] {logging_mixin.py:190} INFO - [2025-08-26T19:12:03.183+0000] {dag.py:4180} INFO - Setting next_dagrun for example_sensors to None, run_after=None
[2025-08-26T19:12:03.189+0000] {processor.py:208} INFO - Processing /home/airflow/.local/lib/python3.12/site-packages/airflow/example_dags/example_sensors.py took 0.032 seconds
[2025-08-26T19:12:33.993+0000] {processor.py:186} INFO - Started process (PID=3668) to work on /home/airflow/.local/lib/python3.12/site-packages/airflow/example_dags/example_sensors.py
[2025-08-26T19:12:33.994+0000] {processor.py:914} INFO - Processing file /home/airflow/.local/lib/python3.12/site-packages/airflow/example_dags/example_sensors.py for tasks to queue
[2025-08-26T19:12:33.995+0000] {logging_mixin.py:190} INFO - [2025-08-26T19:12:33.995+0000] {dagbag.py:588} INFO - Filling up the DagBag from /home/airflow/.local/lib/python3.12/site-packages/airflow/example_dags/example_sensors.py
[2025-08-26T19:12:33.999+0000] {processor.py:925} INFO - DAG(s) 'example_sensors' retrieved from /home/airflow/.local/lib/python3.12/site-packages/airflow/example_dags/example_sensors.py
[2025-08-26T19:12:34.008+0000] {logging_mixin.py:190} INFO - [2025-08-26T19:12:34.008+0000] {dag.py:3239} INFO - Sync 1 DAGs
[2025-08-26T19:12:34.012+0000] {logging_mixin.py:190} INFO - [2025-08-26T19:12:34.012+0000] {dag.py:4180} INFO - Setting next_dagrun for example_sensors to None, run_after=None
[2025-08-26T19:12:34.020+0000] {processor.py:208} INFO - Processing /home/airflow/.local/lib/python3.12/site-packages/airflow/example_dags/example_sensors.py took 0.029 seconds
[2025-08-26T19:13:04.942+0000] {processor.py:186} INFO - Started process (PID=3731) to work on /home/airflow/.local/lib/python3.12/site-packages/airflow/example_dags/example_sensors.py
[2025-08-26T19:13:04.943+0000] {processor.py:914} INFO - Processing file /home/airflow/.local/lib/python3.12/site-packages/airflow/example_dags/example_sensors.py for tasks to queue
[2025-08-26T19:13:04.944+0000] {logging_mixin.py:190} INFO - [2025-08-26T19:13:04.944+0000] {dagbag.py:588} INFO - Filling up the DagBag from /home/airflow/.local/lib/python3.12/site-packages/airflow/example_dags/example_sensors.py
[2025-08-26T19:13:04.948+0000] {processor.py:925} INFO - DAG(s) 'example_sensors' retrieved from /home/airflow/.local/lib/python3.12/site-packages/airflow/example_dags/example_sensors.py
[2025-08-26T19:13:04.956+0000] {logging_mixin.py:190} INFO - [2025-08-26T19:13:04.956+0000] {dag.py:3239} INFO - Sync 1 DAGs
[2025-08-26T19:13:04.960+0000] {logging_mixin.py:190} INFO - [2025-08-26T19:13:04.960+0000] {dag.py:4180} INFO - Setting next_dagrun for example_sensors to None, run_after=None
[2025-08-26T19:13:04.967+0000] {processor.py:208} INFO - Processing /home/airflow/.local/lib/python3.12/site-packages/airflow/example_dags/example_sensors.py took 0.027 seconds
[2025-08-26T19:13:35.846+0000] {processor.py:186} INFO - Started process (PID=3794) to work on /home/airflow/.local/lib/python3.12/site-packages/airflow/example_dags/example_sensors.py
[2025-08-26T19:13:35.846+0000] {processor.py:914} INFO - Processing file /home/airflow/.local/lib/python3.12/site-packages/airflow/example_dags/example_sensors.py for tasks to queue
[2025-08-26T19:13:35.847+0000] {logging_mixin.py:190} INFO - [2025-08-26T19:13:35.847+0000] {dagbag.py:588} INFO - Filling up the DagBag from /home/airflow/.local/lib/python3.12/site-packages/airflow/example_dags/example_sensors.py
[2025-08-26T19:13:35.853+0000] {processor.py:925} INFO - DAG(s) 'example_sensors' retrieved from /home/airflow/.local/lib/python3.12/site-packages/airflow/example_dags/example_sensors.py
[2025-08-26T19:13:35.862+0000] {logging_mixin.py:190} INFO - [2025-08-26T19:13:35.862+0000] {dag.py:3239} INFO - Sync 1 DAGs
[2025-08-26T19:13:35.867+0000] {logging_mixin.py:190} INFO - [2025-08-26T19:13:35.867+0000] {dag.py:4180} INFO - Setting next_dagrun for example_sensors to None, run_after=None
[2025-08-26T19:13:35.875+0000] {processor.py:208} INFO - Processing /home/airflow/.local/lib/python3.12/site-packages/airflow/example_dags/example_sensors.py took 0.031 seconds
[2025-08-26T19:14:06.777+0000] {processor.py:186} INFO - Started process (PID=3857) to work on /home/airflow/.local/lib/python3.12/site-packages/airflow/example_dags/example_sensors.py
[2025-08-26T19:14:06.778+0000] {processor.py:914} INFO - Processing file /home/airflow/.local/lib/python3.12/site-packages/airflow/example_dags/example_sensors.py for tasks to queue
[2025-08-26T19:14:06.779+0000] {logging_mixin.py:190} INFO - [2025-08-26T19:14:06.779+0000] {dagbag.py:588} INFO - Filling up the DagBag from /home/airflow/.local/lib/python3.12/site-packages/airflow/example_dags/example_sensors.py
[2025-08-26T19:14:06.783+0000] {processor.py:925} INFO - DAG(s) 'example_sensors' retrieved from /home/airflow/.local/lib/python3.12/site-packages/airflow/example_dags/example_sensors.py
[2025-08-26T19:14:06.794+0000] {logging_mixin.py:190} INFO - [2025-08-26T19:14:06.794+0000] {dag.py:3239} INFO - Sync 1 DAGs
[2025-08-26T19:14:06.799+0000] {logging_mixin.py:190} INFO - [2025-08-26T19:14:06.799+0000] {dag.py:4180} INFO - Setting next_dagrun for example_sensors to None, run_after=None
[2025-08-26T19:14:06.804+0000] {processor.py:208} INFO - Processing /home/airflow/.local/lib/python3.12/site-packages/airflow/example_dags/example_sensors.py took 0.030 seconds
[2025-08-26T19:14:37.772+0000] {processor.py:186} INFO - Started process (PID=3920) to work on /home/airflow/.local/lib/python3.12/site-packages/airflow/example_dags/example_sensors.py
[2025-08-26T19:14:37.775+0000] {processor.py:914} INFO - Processing file /home/airflow/.local/lib/python3.12/site-packages/airflow/example_dags/example_sensors.py for tasks to queue
[2025-08-26T19:14:37.776+0000] {logging_mixin.py:190} INFO - [2025-08-26T19:14:37.776+0000] {dagbag.py:588} INFO - Filling up the DagBag from /home/airflow/.local/lib/python3.12/site-packages/airflow/example_dags/example_sensors.py
[2025-08-26T19:14:37.794+0000] {processor.py:925} INFO - DAG(s) 'example_sensors' retrieved from /home/airflow/.local/lib/python3.12/site-packages/airflow/example_dags/example_sensors.py
[2025-08-26T19:14:37.804+0000] {logging_mixin.py:190} INFO - [2025-08-26T19:14:37.804+0000] {dag.py:3239} INFO - Sync 1 DAGs
[2025-08-26T19:14:37.808+0000] {logging_mixin.py:190} INFO - [2025-08-26T19:14:37.808+0000] {dag.py:4180} INFO - Setting next_dagrun for example_sensors to None, run_after=None
[2025-08-26T19:14:37.815+0000] {processor.py:208} INFO - Processing /home/airflow/.local/lib/python3.12/site-packages/airflow/example_dags/example_sensors.py took 0.046 seconds
