[2025-08-26T15:43:50.279+0000] {processor.py:186} INFO - Started process (PID=81) to work on /home/airflow/.local/lib/python3.12/site-packages/airflow/example_dags/example_bash_decorator.py
[2025-08-26T15:43:50.279+0000] {processor.py:914} INFO - Processing file /home/airflow/.local/lib/python3.12/site-packages/airflow/example_dags/example_bash_decorator.py for tasks to queue
[2025-08-26T15:43:50.280+0000] {logging_mixin.py:190} INFO - [2025-08-26T15:43:50.280+0000] {dagbag.py:588} INFO - Filling up the DagBag from /home/airflow/.local/lib/python3.12/site-packages/airflow/example_dags/example_bash_decorator.py
[2025-08-26T15:43:50.287+0000] {processor.py:925} INFO - DAG(s) 'example_bash_decorator' retrieved from /home/airflow/.local/lib/python3.12/site-packages/airflow/example_dags/example_bash_decorator.py
[2025-08-26T15:43:50.324+0000] {logging_mixin.py:190} INFO - [2025-08-26T15:43:50.324+0000] {override.py:1900} INFO - Created Permission View: can edit on DAG:example_bash_decorator
[2025-08-26T15:43:50.327+0000] {logging_mixin.py:190} INFO - [2025-08-26T15:43:50.327+0000] {override.py:1900} INFO - Created Permission View: can delete on DAG:example_bash_decorator
[2025-08-26T15:43:50.328+0000] {logging_mixin.py:190} INFO - [2025-08-26T15:43:50.328+0000] {override.py:1900} INFO - Created Permission View: can read on DAG:example_bash_decorator
[2025-08-26T15:43:50.329+0000] {logging_mixin.py:190} INFO - [2025-08-26T15:43:50.329+0000] {override.py:1900} INFO - Created Permission View: can create on DAG Run:example_bash_decorator
[2025-08-26T15:43:50.331+0000] {logging_mixin.py:190} INFO - [2025-08-26T15:43:50.331+0000] {override.py:1900} INFO - Created Permission View: can delete on DAG Run:example_bash_decorator
[2025-08-26T15:43:50.332+0000] {logging_mixin.py:190} INFO - [2025-08-26T15:43:50.332+0000] {override.py:1900} INFO - Created Permission View: menu access on DAG Run:example_bash_decorator
[2025-08-26T15:43:50.334+0000] {logging_mixin.py:190} INFO - [2025-08-26T15:43:50.334+0000] {override.py:1900} INFO - Created Permission View: can read on DAG Run:example_bash_decorator
[2025-08-26T15:43:50.334+0000] {logging_mixin.py:190} INFO - [2025-08-26T15:43:50.334+0000] {dag.py:3239} INFO - Sync 1 DAGs
[2025-08-26T15:43:50.338+0000] {logging_mixin.py:190} INFO - [2025-08-26T15:43:50.338+0000] {dag.py:3262} INFO - Creating ORM DAG for example_bash_decorator
[2025-08-26T15:43:50.339+0000] {logging_mixin.py:190} INFO - [2025-08-26T15:43:50.339+0000] {dag.py:4180} INFO - Setting next_dagrun for example_bash_decorator to None, run_after=None
[2025-08-26T15:43:50.343+0000] {processor.py:208} INFO - Processing /home/airflow/.local/lib/python3.12/site-packages/airflow/example_dags/example_bash_decorator.py took 0.066 seconds
[2025-08-26T15:44:20.496+0000] {processor.py:186} INFO - Started process (PID=144) to work on /home/airflow/.local/lib/python3.12/site-packages/airflow/example_dags/example_bash_decorator.py
[2025-08-26T15:44:20.496+0000] {processor.py:914} INFO - Processing file /home/airflow/.local/lib/python3.12/site-packages/airflow/example_dags/example_bash_decorator.py for tasks to queue
[2025-08-26T15:44:20.497+0000] {logging_mixin.py:190} INFO - [2025-08-26T15:44:20.497+0000] {dagbag.py:588} INFO - Filling up the DagBag from /home/airflow/.local/lib/python3.12/site-packages/airflow/example_dags/example_bash_decorator.py
[2025-08-26T15:44:20.502+0000] {processor.py:925} INFO - DAG(s) 'example_bash_decorator' retrieved from /home/airflow/.local/lib/python3.12/site-packages/airflow/example_dags/example_bash_decorator.py
[2025-08-26T15:44:20.510+0000] {logging_mixin.py:190} INFO - [2025-08-26T15:44:20.510+0000] {dag.py:3239} INFO - Sync 1 DAGs
[2025-08-26T15:44:20.514+0000] {logging_mixin.py:190} INFO - [2025-08-26T15:44:20.514+0000] {dag.py:4180} INFO - Setting next_dagrun for example_bash_decorator to None, run_after=None
[2025-08-26T15:44:20.519+0000] {processor.py:208} INFO - Processing /home/airflow/.local/lib/python3.12/site-packages/airflow/example_dags/example_bash_decorator.py took 0.025 seconds
[2025-08-26T15:44:51.204+0000] {processor.py:186} INFO - Started process (PID=207) to work on /home/airflow/.local/lib/python3.12/site-packages/airflow/example_dags/example_bash_decorator.py
[2025-08-26T15:44:51.205+0000] {processor.py:914} INFO - Processing file /home/airflow/.local/lib/python3.12/site-packages/airflow/example_dags/example_bash_decorator.py for tasks to queue
[2025-08-26T15:44:51.205+0000] {logging_mixin.py:190} INFO - [2025-08-26T15:44:51.205+0000] {dagbag.py:588} INFO - Filling up the DagBag from /home/airflow/.local/lib/python3.12/site-packages/airflow/example_dags/example_bash_decorator.py
[2025-08-26T15:44:51.211+0000] {processor.py:925} INFO - DAG(s) 'example_bash_decorator' retrieved from /home/airflow/.local/lib/python3.12/site-packages/airflow/example_dags/example_bash_decorator.py
[2025-08-26T15:44:51.218+0000] {logging_mixin.py:190} INFO - [2025-08-26T15:44:51.218+0000] {dag.py:3239} INFO - Sync 1 DAGs
[2025-08-26T15:44:51.222+0000] {logging_mixin.py:190} INFO - [2025-08-26T15:44:51.222+0000] {dag.py:4180} INFO - Setting next_dagrun for example_bash_decorator to None, run_after=None
[2025-08-26T15:44:51.227+0000] {processor.py:208} INFO - Processing /home/airflow/.local/lib/python3.12/site-packages/airflow/example_dags/example_bash_decorator.py took 0.025 seconds
[2025-08-26T15:45:22.039+0000] {processor.py:186} INFO - Started process (PID=270) to work on /home/airflow/.local/lib/python3.12/site-packages/airflow/example_dags/example_bash_decorator.py
[2025-08-26T15:45:22.039+0000] {processor.py:914} INFO - Processing file /home/airflow/.local/lib/python3.12/site-packages/airflow/example_dags/example_bash_decorator.py for tasks to queue
[2025-08-26T15:45:22.040+0000] {logging_mixin.py:190} INFO - [2025-08-26T15:45:22.040+0000] {dagbag.py:588} INFO - Filling up the DagBag from /home/airflow/.local/lib/python3.12/site-packages/airflow/example_dags/example_bash_decorator.py
[2025-08-26T15:45:22.045+0000] {processor.py:925} INFO - DAG(s) 'example_bash_decorator' retrieved from /home/airflow/.local/lib/python3.12/site-packages/airflow/example_dags/example_bash_decorator.py
[2025-08-26T15:45:22.052+0000] {logging_mixin.py:190} INFO - [2025-08-26T15:45:22.052+0000] {dag.py:3239} INFO - Sync 1 DAGs
[2025-08-26T15:45:22.057+0000] {logging_mixin.py:190} INFO - [2025-08-26T15:45:22.057+0000] {dag.py:4180} INFO - Setting next_dagrun for example_bash_decorator to None, run_after=None
[2025-08-26T15:45:22.063+0000] {processor.py:208} INFO - Processing /home/airflow/.local/lib/python3.12/site-packages/airflow/example_dags/example_bash_decorator.py took 0.026 seconds
[2025-08-26T15:56:43.182+0000] {processor.py:186} INFO - Started process (PID=327) to work on /home/airflow/.local/lib/python3.12/site-packages/airflow/example_dags/example_bash_decorator.py
[2025-08-26T15:56:43.182+0000] {processor.py:914} INFO - Processing file /home/airflow/.local/lib/python3.12/site-packages/airflow/example_dags/example_bash_decorator.py for tasks to queue
[2025-08-26T15:56:43.182+0000] {logging_mixin.py:190} INFO - [2025-08-26T15:56:43.182+0000] {dagbag.py:588} INFO - Filling up the DagBag from /home/airflow/.local/lib/python3.12/site-packages/airflow/example_dags/example_bash_decorator.py
[2025-08-26T15:56:43.187+0000] {processor.py:925} INFO - DAG(s) 'example_bash_decorator' retrieved from /home/airflow/.local/lib/python3.12/site-packages/airflow/example_dags/example_bash_decorator.py
[2025-08-26T15:56:43.194+0000] {logging_mixin.py:190} INFO - [2025-08-26T15:56:43.194+0000] {dag.py:3239} INFO - Sync 1 DAGs
[2025-08-26T15:56:43.198+0000] {logging_mixin.py:190} INFO - [2025-08-26T15:56:43.198+0000] {dag.py:4180} INFO - Setting next_dagrun for example_bash_decorator to None, run_after=None
[2025-08-26T15:56:43.203+0000] {processor.py:208} INFO - Processing /home/airflow/.local/lib/python3.12/site-packages/airflow/example_dags/example_bash_decorator.py took 0.023 seconds
[2025-08-26T16:32:53.878+0000] {processor.py:186} INFO - Started process (PID=390) to work on /home/airflow/.local/lib/python3.12/site-packages/airflow/example_dags/example_bash_decorator.py
[2025-08-26T16:32:53.879+0000] {processor.py:914} INFO - Processing file /home/airflow/.local/lib/python3.12/site-packages/airflow/example_dags/example_bash_decorator.py for tasks to queue
[2025-08-26T16:32:53.879+0000] {logging_mixin.py:190} INFO - [2025-08-26T16:32:53.879+0000] {dagbag.py:588} INFO - Filling up the DagBag from /home/airflow/.local/lib/python3.12/site-packages/airflow/example_dags/example_bash_decorator.py
[2025-08-26T16:32:53.884+0000] {processor.py:925} INFO - DAG(s) 'example_bash_decorator' retrieved from /home/airflow/.local/lib/python3.12/site-packages/airflow/example_dags/example_bash_decorator.py
[2025-08-26T16:32:53.892+0000] {logging_mixin.py:190} INFO - [2025-08-26T16:32:53.892+0000] {dag.py:3239} INFO - Sync 1 DAGs
[2025-08-26T16:32:53.896+0000] {logging_mixin.py:190} INFO - [2025-08-26T16:32:53.896+0000] {dag.py:4180} INFO - Setting next_dagrun for example_bash_decorator to None, run_after=None
[2025-08-26T16:32:53.901+0000] {processor.py:208} INFO - Processing /home/airflow/.local/lib/python3.12/site-packages/airflow/example_dags/example_bash_decorator.py took 0.025 seconds
[2025-08-26T18:02:29.968+0000] {processor.py:186} INFO - Started process (PID=453) to work on /home/airflow/.local/lib/python3.12/site-packages/airflow/example_dags/example_bash_decorator.py
[2025-08-26T18:02:29.969+0000] {processor.py:914} INFO - Processing file /home/airflow/.local/lib/python3.12/site-packages/airflow/example_dags/example_bash_decorator.py for tasks to queue
[2025-08-26T18:02:29.970+0000] {logging_mixin.py:190} INFO - [2025-08-26T18:02:29.970+0000] {dagbag.py:588} INFO - Filling up the DagBag from /home/airflow/.local/lib/python3.12/site-packages/airflow/example_dags/example_bash_decorator.py
[2025-08-26T18:02:29.975+0000] {processor.py:925} INFO - DAG(s) 'example_bash_decorator' retrieved from /home/airflow/.local/lib/python3.12/site-packages/airflow/example_dags/example_bash_decorator.py
[2025-08-26T18:02:29.983+0000] {logging_mixin.py:190} INFO - [2025-08-26T18:02:29.983+0000] {dag.py:3239} INFO - Sync 1 DAGs
[2025-08-26T18:02:29.988+0000] {logging_mixin.py:190} INFO - [2025-08-26T18:02:29.988+0000] {dag.py:4180} INFO - Setting next_dagrun for example_bash_decorator to None, run_after=None
[2025-08-26T18:02:29.998+0000] {processor.py:208} INFO - Processing /home/airflow/.local/lib/python3.12/site-packages/airflow/example_dags/example_bash_decorator.py took 0.032 seconds
[2025-08-26T18:47:00.411+0000] {processor.py:186} INFO - Started process (PID=516) to work on /home/airflow/.local/lib/python3.12/site-packages/airflow/example_dags/example_bash_decorator.py
[2025-08-26T18:47:00.413+0000] {processor.py:914} INFO - Processing file /home/airflow/.local/lib/python3.12/site-packages/airflow/example_dags/example_bash_decorator.py for tasks to queue
[2025-08-26T18:47:00.419+0000] {logging_mixin.py:190} INFO - [2025-08-26T18:47:00.418+0000] {dagbag.py:588} INFO - Filling up the DagBag from /home/airflow/.local/lib/python3.12/site-packages/airflow/example_dags/example_bash_decorator.py
[2025-08-26T18:47:00.449+0000] {processor.py:925} INFO - DAG(s) 'example_bash_decorator' retrieved from /home/airflow/.local/lib/python3.12/site-packages/airflow/example_dags/example_bash_decorator.py
[2025-08-26T18:47:00.504+0000] {logging_mixin.py:190} INFO - [2025-08-26T18:47:00.504+0000] {dag.py:3239} INFO - Sync 1 DAGs
[2025-08-26T18:47:00.514+0000] {logging_mixin.py:190} INFO - [2025-08-26T18:47:00.513+0000] {dag.py:4180} INFO - Setting next_dagrun for example_bash_decorator to None, run_after=None
[2025-08-26T18:47:00.526+0000] {processor.py:208} INFO - Processing /home/airflow/.local/lib/python3.12/site-packages/airflow/example_dags/example_bash_decorator.py took 0.128 seconds
[2025-08-26T18:47:30.851+0000] {processor.py:186} INFO - Started process (PID=579) to work on /home/airflow/.local/lib/python3.12/site-packages/airflow/example_dags/example_bash_decorator.py
[2025-08-26T18:47:30.852+0000] {processor.py:914} INFO - Processing file /home/airflow/.local/lib/python3.12/site-packages/airflow/example_dags/example_bash_decorator.py for tasks to queue
[2025-08-26T18:47:30.853+0000] {logging_mixin.py:190} INFO - [2025-08-26T18:47:30.853+0000] {dagbag.py:588} INFO - Filling up the DagBag from /home/airflow/.local/lib/python3.12/site-packages/airflow/example_dags/example_bash_decorator.py
[2025-08-26T18:47:30.860+0000] {processor.py:925} INFO - DAG(s) 'example_bash_decorator' retrieved from /home/airflow/.local/lib/python3.12/site-packages/airflow/example_dags/example_bash_decorator.py
[2025-08-26T18:47:30.871+0000] {logging_mixin.py:190} INFO - [2025-08-26T18:47:30.871+0000] {dag.py:3239} INFO - Sync 1 DAGs
[2025-08-26T18:47:30.876+0000] {logging_mixin.py:190} INFO - [2025-08-26T18:47:30.876+0000] {dag.py:4180} INFO - Setting next_dagrun for example_bash_decorator to None, run_after=None
[2025-08-26T18:47:30.889+0000] {processor.py:208} INFO - Processing /home/airflow/.local/lib/python3.12/site-packages/airflow/example_dags/example_bash_decorator.py took 0.040 seconds
[2025-08-26T18:48:01.568+0000] {processor.py:186} INFO - Started process (PID=642) to work on /home/airflow/.local/lib/python3.12/site-packages/airflow/example_dags/example_bash_decorator.py
[2025-08-26T18:48:01.568+0000] {processor.py:914} INFO - Processing file /home/airflow/.local/lib/python3.12/site-packages/airflow/example_dags/example_bash_decorator.py for tasks to queue
[2025-08-26T18:48:01.569+0000] {logging_mixin.py:190} INFO - [2025-08-26T18:48:01.569+0000] {dagbag.py:588} INFO - Filling up the DagBag from /home/airflow/.local/lib/python3.12/site-packages/airflow/example_dags/example_bash_decorator.py
[2025-08-26T18:48:01.575+0000] {processor.py:925} INFO - DAG(s) 'example_bash_decorator' retrieved from /home/airflow/.local/lib/python3.12/site-packages/airflow/example_dags/example_bash_decorator.py
[2025-08-26T18:48:01.583+0000] {logging_mixin.py:190} INFO - [2025-08-26T18:48:01.582+0000] {dag.py:3239} INFO - Sync 1 DAGs
[2025-08-26T18:48:01.590+0000] {logging_mixin.py:190} INFO - [2025-08-26T18:48:01.590+0000] {dag.py:4180} INFO - Setting next_dagrun for example_bash_decorator to None, run_after=None
[2025-08-26T18:48:01.598+0000] {processor.py:208} INFO - Processing /home/airflow/.local/lib/python3.12/site-packages/airflow/example_dags/example_bash_decorator.py took 0.033 seconds
[2025-08-26T18:48:32.409+0000] {processor.py:186} INFO - Started process (PID=705) to work on /home/airflow/.local/lib/python3.12/site-packages/airflow/example_dags/example_bash_decorator.py
[2025-08-26T18:48:32.409+0000] {processor.py:914} INFO - Processing file /home/airflow/.local/lib/python3.12/site-packages/airflow/example_dags/example_bash_decorator.py for tasks to queue
[2025-08-26T18:48:32.412+0000] {logging_mixin.py:190} INFO - [2025-08-26T18:48:32.412+0000] {dagbag.py:588} INFO - Filling up the DagBag from /home/airflow/.local/lib/python3.12/site-packages/airflow/example_dags/example_bash_decorator.py
[2025-08-26T18:48:32.418+0000] {processor.py:925} INFO - DAG(s) 'example_bash_decorator' retrieved from /home/airflow/.local/lib/python3.12/site-packages/airflow/example_dags/example_bash_decorator.py
[2025-08-26T18:48:32.427+0000] {logging_mixin.py:190} INFO - [2025-08-26T18:48:32.426+0000] {dag.py:3239} INFO - Sync 1 DAGs
[2025-08-26T18:48:32.435+0000] {logging_mixin.py:190} INFO - [2025-08-26T18:48:32.435+0000] {dag.py:4180} INFO - Setting next_dagrun for example_bash_decorator to None, run_after=None
[2025-08-26T18:48:32.446+0000] {processor.py:208} INFO - Processing /home/airflow/.local/lib/python3.12/site-packages/airflow/example_dags/example_bash_decorator.py took 0.039 seconds
[2025-08-26T18:49:03.012+0000] {processor.py:186} INFO - Started process (PID=768) to work on /home/airflow/.local/lib/python3.12/site-packages/airflow/example_dags/example_bash_decorator.py
[2025-08-26T18:49:03.013+0000] {processor.py:914} INFO - Processing file /home/airflow/.local/lib/python3.12/site-packages/airflow/example_dags/example_bash_decorator.py for tasks to queue
[2025-08-26T18:49:03.014+0000] {logging_mixin.py:190} INFO - [2025-08-26T18:49:03.014+0000] {dagbag.py:588} INFO - Filling up the DagBag from /home/airflow/.local/lib/python3.12/site-packages/airflow/example_dags/example_bash_decorator.py
[2025-08-26T18:49:03.019+0000] {processor.py:925} INFO - DAG(s) 'example_bash_decorator' retrieved from /home/airflow/.local/lib/python3.12/site-packages/airflow/example_dags/example_bash_decorator.py
[2025-08-26T18:49:03.032+0000] {logging_mixin.py:190} INFO - [2025-08-26T18:49:03.031+0000] {dag.py:3239} INFO - Sync 1 DAGs
[2025-08-26T18:49:03.038+0000] {logging_mixin.py:190} INFO - [2025-08-26T18:49:03.038+0000] {dag.py:4180} INFO - Setting next_dagrun for example_bash_decorator to None, run_after=None
[2025-08-26T18:49:03.044+0000] {processor.py:208} INFO - Processing /home/airflow/.local/lib/python3.12/site-packages/airflow/example_dags/example_bash_decorator.py took 0.034 seconds
[2025-08-26T18:49:33.724+0000] {processor.py:186} INFO - Started process (PID=832) to work on /home/airflow/.local/lib/python3.12/site-packages/airflow/example_dags/example_bash_decorator.py
[2025-08-26T18:49:33.725+0000] {processor.py:914} INFO - Processing file /home/airflow/.local/lib/python3.12/site-packages/airflow/example_dags/example_bash_decorator.py for tasks to queue
[2025-08-26T18:49:33.726+0000] {logging_mixin.py:190} INFO - [2025-08-26T18:49:33.726+0000] {dagbag.py:588} INFO - Filling up the DagBag from /home/airflow/.local/lib/python3.12/site-packages/airflow/example_dags/example_bash_decorator.py
[2025-08-26T18:49:33.731+0000] {processor.py:925} INFO - DAG(s) 'example_bash_decorator' retrieved from /home/airflow/.local/lib/python3.12/site-packages/airflow/example_dags/example_bash_decorator.py
[2025-08-26T18:49:33.739+0000] {logging_mixin.py:190} INFO - [2025-08-26T18:49:33.739+0000] {dag.py:3239} INFO - Sync 1 DAGs
[2025-08-26T18:49:33.745+0000] {logging_mixin.py:190} INFO - [2025-08-26T18:49:33.745+0000] {dag.py:4180} INFO - Setting next_dagrun for example_bash_decorator to None, run_after=None
[2025-08-26T18:49:33.754+0000] {processor.py:208} INFO - Processing /home/airflow/.local/lib/python3.12/site-packages/airflow/example_dags/example_bash_decorator.py took 0.032 seconds
[2025-08-26T18:50:04.347+0000] {processor.py:186} INFO - Started process (PID=895) to work on /home/airflow/.local/lib/python3.12/site-packages/airflow/example_dags/example_bash_decorator.py
[2025-08-26T18:50:04.349+0000] {processor.py:914} INFO - Processing file /home/airflow/.local/lib/python3.12/site-packages/airflow/example_dags/example_bash_decorator.py for tasks to queue
[2025-08-26T18:50:04.350+0000] {logging_mixin.py:190} INFO - [2025-08-26T18:50:04.349+0000] {dagbag.py:588} INFO - Filling up the DagBag from /home/airflow/.local/lib/python3.12/site-packages/airflow/example_dags/example_bash_decorator.py
[2025-08-26T18:50:04.355+0000] {processor.py:925} INFO - DAG(s) 'example_bash_decorator' retrieved from /home/airflow/.local/lib/python3.12/site-packages/airflow/example_dags/example_bash_decorator.py
[2025-08-26T18:50:04.363+0000] {logging_mixin.py:190} INFO - [2025-08-26T18:50:04.363+0000] {dag.py:3239} INFO - Sync 1 DAGs
[2025-08-26T18:50:04.369+0000] {logging_mixin.py:190} INFO - [2025-08-26T18:50:04.369+0000] {dag.py:4180} INFO - Setting next_dagrun for example_bash_decorator to None, run_after=None
[2025-08-26T18:50:04.374+0000] {processor.py:208} INFO - Processing /home/airflow/.local/lib/python3.12/site-packages/airflow/example_dags/example_bash_decorator.py took 0.029 seconds
[2025-08-26T18:50:34.891+0000] {processor.py:186} INFO - Started process (PID=958) to work on /home/airflow/.local/lib/python3.12/site-packages/airflow/example_dags/example_bash_decorator.py
[2025-08-26T18:50:34.892+0000] {processor.py:914} INFO - Processing file /home/airflow/.local/lib/python3.12/site-packages/airflow/example_dags/example_bash_decorator.py for tasks to queue
[2025-08-26T18:50:34.893+0000] {logging_mixin.py:190} INFO - [2025-08-26T18:50:34.892+0000] {dagbag.py:588} INFO - Filling up the DagBag from /home/airflow/.local/lib/python3.12/site-packages/airflow/example_dags/example_bash_decorator.py
[2025-08-26T18:50:34.898+0000] {processor.py:925} INFO - DAG(s) 'example_bash_decorator' retrieved from /home/airflow/.local/lib/python3.12/site-packages/airflow/example_dags/example_bash_decorator.py
[2025-08-26T18:50:34.908+0000] {logging_mixin.py:190} INFO - [2025-08-26T18:50:34.908+0000] {dag.py:3239} INFO - Sync 1 DAGs
[2025-08-26T18:50:34.913+0000] {logging_mixin.py:190} INFO - [2025-08-26T18:50:34.913+0000] {dag.py:4180} INFO - Setting next_dagrun for example_bash_decorator to None, run_after=None
[2025-08-26T18:50:34.920+0000] {processor.py:208} INFO - Processing /home/airflow/.local/lib/python3.12/site-packages/airflow/example_dags/example_bash_decorator.py took 0.031 seconds
[2025-08-26T18:51:05.434+0000] {processor.py:186} INFO - Started process (PID=1021) to work on /home/airflow/.local/lib/python3.12/site-packages/airflow/example_dags/example_bash_decorator.py
[2025-08-26T18:51:05.436+0000] {processor.py:914} INFO - Processing file /home/airflow/.local/lib/python3.12/site-packages/airflow/example_dags/example_bash_decorator.py for tasks to queue
[2025-08-26T18:51:05.437+0000] {logging_mixin.py:190} INFO - [2025-08-26T18:51:05.436+0000] {dagbag.py:588} INFO - Filling up the DagBag from /home/airflow/.local/lib/python3.12/site-packages/airflow/example_dags/example_bash_decorator.py
[2025-08-26T18:51:05.442+0000] {processor.py:925} INFO - DAG(s) 'example_bash_decorator' retrieved from /home/airflow/.local/lib/python3.12/site-packages/airflow/example_dags/example_bash_decorator.py
[2025-08-26T18:51:05.451+0000] {logging_mixin.py:190} INFO - [2025-08-26T18:51:05.451+0000] {dag.py:3239} INFO - Sync 1 DAGs
[2025-08-26T18:51:05.457+0000] {logging_mixin.py:190} INFO - [2025-08-26T18:51:05.457+0000] {dag.py:4180} INFO - Setting next_dagrun for example_bash_decorator to None, run_after=None
[2025-08-26T18:51:05.464+0000] {processor.py:208} INFO - Processing /home/airflow/.local/lib/python3.12/site-packages/airflow/example_dags/example_bash_decorator.py took 0.032 seconds
[2025-08-26T18:51:36.030+0000] {processor.py:186} INFO - Started process (PID=1084) to work on /home/airflow/.local/lib/python3.12/site-packages/airflow/example_dags/example_bash_decorator.py
[2025-08-26T18:51:36.030+0000] {processor.py:914} INFO - Processing file /home/airflow/.local/lib/python3.12/site-packages/airflow/example_dags/example_bash_decorator.py for tasks to queue
[2025-08-26T18:51:36.031+0000] {logging_mixin.py:190} INFO - [2025-08-26T18:51:36.031+0000] {dagbag.py:588} INFO - Filling up the DagBag from /home/airflow/.local/lib/python3.12/site-packages/airflow/example_dags/example_bash_decorator.py
[2025-08-26T18:51:36.036+0000] {processor.py:925} INFO - DAG(s) 'example_bash_decorator' retrieved from /home/airflow/.local/lib/python3.12/site-packages/airflow/example_dags/example_bash_decorator.py
[2025-08-26T18:51:36.044+0000] {logging_mixin.py:190} INFO - [2025-08-26T18:51:36.044+0000] {dag.py:3239} INFO - Sync 1 DAGs
[2025-08-26T18:51:36.049+0000] {logging_mixin.py:190} INFO - [2025-08-26T18:51:36.049+0000] {dag.py:4180} INFO - Setting next_dagrun for example_bash_decorator to None, run_after=None
[2025-08-26T18:51:36.056+0000] {processor.py:208} INFO - Processing /home/airflow/.local/lib/python3.12/site-packages/airflow/example_dags/example_bash_decorator.py took 0.028 seconds
[2025-08-26T18:52:06.682+0000] {processor.py:186} INFO - Started process (PID=1147) to work on /home/airflow/.local/lib/python3.12/site-packages/airflow/example_dags/example_bash_decorator.py
[2025-08-26T18:52:06.683+0000] {processor.py:914} INFO - Processing file /home/airflow/.local/lib/python3.12/site-packages/airflow/example_dags/example_bash_decorator.py for tasks to queue
[2025-08-26T18:52:06.684+0000] {logging_mixin.py:190} INFO - [2025-08-26T18:52:06.683+0000] {dagbag.py:588} INFO - Filling up the DagBag from /home/airflow/.local/lib/python3.12/site-packages/airflow/example_dags/example_bash_decorator.py
[2025-08-26T18:52:06.690+0000] {processor.py:925} INFO - DAG(s) 'example_bash_decorator' retrieved from /home/airflow/.local/lib/python3.12/site-packages/airflow/example_dags/example_bash_decorator.py
[2025-08-26T18:52:06.699+0000] {logging_mixin.py:190} INFO - [2025-08-26T18:52:06.699+0000] {dag.py:3239} INFO - Sync 1 DAGs
[2025-08-26T18:52:06.705+0000] {logging_mixin.py:190} INFO - [2025-08-26T18:52:06.705+0000] {dag.py:4180} INFO - Setting next_dagrun for example_bash_decorator to None, run_after=None
[2025-08-26T18:52:06.714+0000] {processor.py:208} INFO - Processing /home/airflow/.local/lib/python3.12/site-packages/airflow/example_dags/example_bash_decorator.py took 0.035 seconds
[2025-08-26T18:52:37.360+0000] {processor.py:186} INFO - Started process (PID=1210) to work on /home/airflow/.local/lib/python3.12/site-packages/airflow/example_dags/example_bash_decorator.py
[2025-08-26T18:52:37.360+0000] {processor.py:914} INFO - Processing file /home/airflow/.local/lib/python3.12/site-packages/airflow/example_dags/example_bash_decorator.py for tasks to queue
[2025-08-26T18:52:37.361+0000] {logging_mixin.py:190} INFO - [2025-08-26T18:52:37.361+0000] {dagbag.py:588} INFO - Filling up the DagBag from /home/airflow/.local/lib/python3.12/site-packages/airflow/example_dags/example_bash_decorator.py
[2025-08-26T18:52:37.368+0000] {processor.py:925} INFO - DAG(s) 'example_bash_decorator' retrieved from /home/airflow/.local/lib/python3.12/site-packages/airflow/example_dags/example_bash_decorator.py
[2025-08-26T18:52:37.375+0000] {logging_mixin.py:190} INFO - [2025-08-26T18:52:37.375+0000] {dag.py:3239} INFO - Sync 1 DAGs
[2025-08-26T18:52:37.380+0000] {logging_mixin.py:190} INFO - [2025-08-26T18:52:37.380+0000] {dag.py:4180} INFO - Setting next_dagrun for example_bash_decorator to None, run_after=None
[2025-08-26T18:52:37.385+0000] {processor.py:208} INFO - Processing /home/airflow/.local/lib/python3.12/site-packages/airflow/example_dags/example_bash_decorator.py took 0.028 seconds
[2025-08-26T18:53:07.956+0000] {processor.py:186} INFO - Started process (PID=1273) to work on /home/airflow/.local/lib/python3.12/site-packages/airflow/example_dags/example_bash_decorator.py
[2025-08-26T18:53:07.957+0000] {processor.py:914} INFO - Processing file /home/airflow/.local/lib/python3.12/site-packages/airflow/example_dags/example_bash_decorator.py for tasks to queue
[2025-08-26T18:53:07.957+0000] {logging_mixin.py:190} INFO - [2025-08-26T18:53:07.957+0000] {dagbag.py:588} INFO - Filling up the DagBag from /home/airflow/.local/lib/python3.12/site-packages/airflow/example_dags/example_bash_decorator.py
[2025-08-26T18:53:07.962+0000] {processor.py:925} INFO - DAG(s) 'example_bash_decorator' retrieved from /home/airflow/.local/lib/python3.12/site-packages/airflow/example_dags/example_bash_decorator.py
[2025-08-26T18:53:07.969+0000] {logging_mixin.py:190} INFO - [2025-08-26T18:53:07.969+0000] {dag.py:3239} INFO - Sync 1 DAGs
[2025-08-26T18:53:07.974+0000] {logging_mixin.py:190} INFO - [2025-08-26T18:53:07.974+0000] {dag.py:4180} INFO - Setting next_dagrun for example_bash_decorator to None, run_after=None
[2025-08-26T18:53:07.979+0000] {processor.py:208} INFO - Processing /home/airflow/.local/lib/python3.12/site-packages/airflow/example_dags/example_bash_decorator.py took 0.025 seconds
[2025-08-26T18:53:38.556+0000] {processor.py:186} INFO - Started process (PID=1336) to work on /home/airflow/.local/lib/python3.12/site-packages/airflow/example_dags/example_bash_decorator.py
[2025-08-26T18:53:38.557+0000] {processor.py:914} INFO - Processing file /home/airflow/.local/lib/python3.12/site-packages/airflow/example_dags/example_bash_decorator.py for tasks to queue
[2025-08-26T18:53:38.557+0000] {logging_mixin.py:190} INFO - [2025-08-26T18:53:38.557+0000] {dagbag.py:588} INFO - Filling up the DagBag from /home/airflow/.local/lib/python3.12/site-packages/airflow/example_dags/example_bash_decorator.py
[2025-08-26T18:53:38.563+0000] {processor.py:925} INFO - DAG(s) 'example_bash_decorator' retrieved from /home/airflow/.local/lib/python3.12/site-packages/airflow/example_dags/example_bash_decorator.py
[2025-08-26T18:53:38.571+0000] {logging_mixin.py:190} INFO - [2025-08-26T18:53:38.571+0000] {dag.py:3239} INFO - Sync 1 DAGs
[2025-08-26T18:53:38.577+0000] {logging_mixin.py:190} INFO - [2025-08-26T18:53:38.577+0000] {dag.py:4180} INFO - Setting next_dagrun for example_bash_decorator to None, run_after=None
[2025-08-26T18:53:38.586+0000] {processor.py:208} INFO - Processing /home/airflow/.local/lib/python3.12/site-packages/airflow/example_dags/example_bash_decorator.py took 0.032 seconds
[2025-08-26T18:54:09.195+0000] {processor.py:186} INFO - Started process (PID=1399) to work on /home/airflow/.local/lib/python3.12/site-packages/airflow/example_dags/example_bash_decorator.py
[2025-08-26T18:54:09.196+0000] {processor.py:914} INFO - Processing file /home/airflow/.local/lib/python3.12/site-packages/airflow/example_dags/example_bash_decorator.py for tasks to queue
[2025-08-26T18:54:09.197+0000] {logging_mixin.py:190} INFO - [2025-08-26T18:54:09.197+0000] {dagbag.py:588} INFO - Filling up the DagBag from /home/airflow/.local/lib/python3.12/site-packages/airflow/example_dags/example_bash_decorator.py
[2025-08-26T18:54:09.203+0000] {processor.py:925} INFO - DAG(s) 'example_bash_decorator' retrieved from /home/airflow/.local/lib/python3.12/site-packages/airflow/example_dags/example_bash_decorator.py
[2025-08-26T18:54:09.211+0000] {logging_mixin.py:190} INFO - [2025-08-26T18:54:09.210+0000] {dag.py:3239} INFO - Sync 1 DAGs
[2025-08-26T18:54:09.215+0000] {logging_mixin.py:190} INFO - [2025-08-26T18:54:09.215+0000] {dag.py:4180} INFO - Setting next_dagrun for example_bash_decorator to None, run_after=None
[2025-08-26T18:54:09.227+0000] {processor.py:208} INFO - Processing /home/airflow/.local/lib/python3.12/site-packages/airflow/example_dags/example_bash_decorator.py took 0.034 seconds
[2025-08-26T18:54:39.787+0000] {processor.py:186} INFO - Started process (PID=1462) to work on /home/airflow/.local/lib/python3.12/site-packages/airflow/example_dags/example_bash_decorator.py
[2025-08-26T18:54:39.788+0000] {processor.py:914} INFO - Processing file /home/airflow/.local/lib/python3.12/site-packages/airflow/example_dags/example_bash_decorator.py for tasks to queue
[2025-08-26T18:54:39.789+0000] {logging_mixin.py:190} INFO - [2025-08-26T18:54:39.789+0000] {dagbag.py:588} INFO - Filling up the DagBag from /home/airflow/.local/lib/python3.12/site-packages/airflow/example_dags/example_bash_decorator.py
[2025-08-26T18:54:39.795+0000] {processor.py:925} INFO - DAG(s) 'example_bash_decorator' retrieved from /home/airflow/.local/lib/python3.12/site-packages/airflow/example_dags/example_bash_decorator.py
[2025-08-26T18:54:39.805+0000] {logging_mixin.py:190} INFO - [2025-08-26T18:54:39.805+0000] {dag.py:3239} INFO - Sync 1 DAGs
[2025-08-26T18:54:39.811+0000] {logging_mixin.py:190} INFO - [2025-08-26T18:54:39.810+0000] {dag.py:4180} INFO - Setting next_dagrun for example_bash_decorator to None, run_after=None
[2025-08-26T18:54:39.816+0000] {processor.py:208} INFO - Processing /home/airflow/.local/lib/python3.12/site-packages/airflow/example_dags/example_bash_decorator.py took 0.031 seconds
[2025-08-26T18:55:10.477+0000] {processor.py:186} INFO - Started process (PID=1525) to work on /home/airflow/.local/lib/python3.12/site-packages/airflow/example_dags/example_bash_decorator.py
[2025-08-26T18:55:10.478+0000] {processor.py:914} INFO - Processing file /home/airflow/.local/lib/python3.12/site-packages/airflow/example_dags/example_bash_decorator.py for tasks to queue
[2025-08-26T18:55:10.479+0000] {logging_mixin.py:190} INFO - [2025-08-26T18:55:10.479+0000] {dagbag.py:588} INFO - Filling up the DagBag from /home/airflow/.local/lib/python3.12/site-packages/airflow/example_dags/example_bash_decorator.py
[2025-08-26T18:55:10.484+0000] {processor.py:925} INFO - DAG(s) 'example_bash_decorator' retrieved from /home/airflow/.local/lib/python3.12/site-packages/airflow/example_dags/example_bash_decorator.py
[2025-08-26T18:55:10.492+0000] {logging_mixin.py:190} INFO - [2025-08-26T18:55:10.491+0000] {dag.py:3239} INFO - Sync 1 DAGs
[2025-08-26T18:55:10.497+0000] {logging_mixin.py:190} INFO - [2025-08-26T18:55:10.497+0000] {dag.py:4180} INFO - Setting next_dagrun for example_bash_decorator to None, run_after=None
[2025-08-26T18:55:10.507+0000] {processor.py:208} INFO - Processing /home/airflow/.local/lib/python3.12/site-packages/airflow/example_dags/example_bash_decorator.py took 0.033 seconds
[2025-08-26T18:55:41.029+0000] {processor.py:186} INFO - Started process (PID=1588) to work on /home/airflow/.local/lib/python3.12/site-packages/airflow/example_dags/example_bash_decorator.py
[2025-08-26T18:55:41.029+0000] {processor.py:914} INFO - Processing file /home/airflow/.local/lib/python3.12/site-packages/airflow/example_dags/example_bash_decorator.py for tasks to queue
[2025-08-26T18:55:41.030+0000] {logging_mixin.py:190} INFO - [2025-08-26T18:55:41.030+0000] {dagbag.py:588} INFO - Filling up the DagBag from /home/airflow/.local/lib/python3.12/site-packages/airflow/example_dags/example_bash_decorator.py
[2025-08-26T18:55:41.034+0000] {processor.py:925} INFO - DAG(s) 'example_bash_decorator' retrieved from /home/airflow/.local/lib/python3.12/site-packages/airflow/example_dags/example_bash_decorator.py
[2025-08-26T18:55:41.042+0000] {logging_mixin.py:190} INFO - [2025-08-26T18:55:41.042+0000] {dag.py:3239} INFO - Sync 1 DAGs
[2025-08-26T18:55:41.046+0000] {logging_mixin.py:190} INFO - [2025-08-26T18:55:41.046+0000] {dag.py:4180} INFO - Setting next_dagrun for example_bash_decorator to None, run_after=None
[2025-08-26T18:55:41.051+0000] {processor.py:208} INFO - Processing /home/airflow/.local/lib/python3.12/site-packages/airflow/example_dags/example_bash_decorator.py took 0.024 seconds
[2025-08-26T18:56:11.661+0000] {processor.py:186} INFO - Started process (PID=1651) to work on /home/airflow/.local/lib/python3.12/site-packages/airflow/example_dags/example_bash_decorator.py
[2025-08-26T18:56:11.662+0000] {processor.py:914} INFO - Processing file /home/airflow/.local/lib/python3.12/site-packages/airflow/example_dags/example_bash_decorator.py for tasks to queue
[2025-08-26T18:56:11.664+0000] {logging_mixin.py:190} INFO - [2025-08-26T18:56:11.664+0000] {dagbag.py:588} INFO - Filling up the DagBag from /home/airflow/.local/lib/python3.12/site-packages/airflow/example_dags/example_bash_decorator.py
[2025-08-26T18:56:11.669+0000] {processor.py:925} INFO - DAG(s) 'example_bash_decorator' retrieved from /home/airflow/.local/lib/python3.12/site-packages/airflow/example_dags/example_bash_decorator.py
[2025-08-26T18:56:11.678+0000] {logging_mixin.py:190} INFO - [2025-08-26T18:56:11.677+0000] {dag.py:3239} INFO - Sync 1 DAGs
[2025-08-26T18:56:11.682+0000] {logging_mixin.py:190} INFO - [2025-08-26T18:56:11.682+0000] {dag.py:4180} INFO - Setting next_dagrun for example_bash_decorator to None, run_after=None
[2025-08-26T18:56:11.689+0000] {processor.py:208} INFO - Processing /home/airflow/.local/lib/python3.12/site-packages/airflow/example_dags/example_bash_decorator.py took 0.030 seconds
[2025-08-26T18:56:42.245+0000] {processor.py:186} INFO - Started process (PID=1714) to work on /home/airflow/.local/lib/python3.12/site-packages/airflow/example_dags/example_bash_decorator.py
[2025-08-26T18:56:42.247+0000] {processor.py:914} INFO - Processing file /home/airflow/.local/lib/python3.12/site-packages/airflow/example_dags/example_bash_decorator.py for tasks to queue
[2025-08-26T18:56:42.248+0000] {logging_mixin.py:190} INFO - [2025-08-26T18:56:42.248+0000] {dagbag.py:588} INFO - Filling up the DagBag from /home/airflow/.local/lib/python3.12/site-packages/airflow/example_dags/example_bash_decorator.py
[2025-08-26T18:56:42.253+0000] {processor.py:925} INFO - DAG(s) 'example_bash_decorator' retrieved from /home/airflow/.local/lib/python3.12/site-packages/airflow/example_dags/example_bash_decorator.py
[2025-08-26T18:56:42.261+0000] {logging_mixin.py:190} INFO - [2025-08-26T18:56:42.261+0000] {dag.py:3239} INFO - Sync 1 DAGs
[2025-08-26T18:56:42.267+0000] {logging_mixin.py:190} INFO - [2025-08-26T18:56:42.267+0000] {dag.py:4180} INFO - Setting next_dagrun for example_bash_decorator to None, run_after=None
[2025-08-26T18:56:42.273+0000] {processor.py:208} INFO - Processing /home/airflow/.local/lib/python3.12/site-packages/airflow/example_dags/example_bash_decorator.py took 0.030 seconds
[2025-08-26T18:57:12.864+0000] {processor.py:186} INFO - Started process (PID=1777) to work on /home/airflow/.local/lib/python3.12/site-packages/airflow/example_dags/example_bash_decorator.py
[2025-08-26T18:57:12.864+0000] {processor.py:914} INFO - Processing file /home/airflow/.local/lib/python3.12/site-packages/airflow/example_dags/example_bash_decorator.py for tasks to queue
[2025-08-26T18:57:12.865+0000] {logging_mixin.py:190} INFO - [2025-08-26T18:57:12.865+0000] {dagbag.py:588} INFO - Filling up the DagBag from /home/airflow/.local/lib/python3.12/site-packages/airflow/example_dags/example_bash_decorator.py
[2025-08-26T18:57:12.870+0000] {processor.py:925} INFO - DAG(s) 'example_bash_decorator' retrieved from /home/airflow/.local/lib/python3.12/site-packages/airflow/example_dags/example_bash_decorator.py
[2025-08-26T18:57:12.877+0000] {logging_mixin.py:190} INFO - [2025-08-26T18:57:12.877+0000] {dag.py:3239} INFO - Sync 1 DAGs
[2025-08-26T18:57:12.881+0000] {logging_mixin.py:190} INFO - [2025-08-26T18:57:12.881+0000] {dag.py:4180} INFO - Setting next_dagrun for example_bash_decorator to None, run_after=None
[2025-08-26T18:57:12.886+0000] {processor.py:208} INFO - Processing /home/airflow/.local/lib/python3.12/site-packages/airflow/example_dags/example_bash_decorator.py took 0.024 seconds
[2025-08-26T18:57:43.448+0000] {processor.py:186} INFO - Started process (PID=1840) to work on /home/airflow/.local/lib/python3.12/site-packages/airflow/example_dags/example_bash_decorator.py
[2025-08-26T18:57:43.449+0000] {processor.py:914} INFO - Processing file /home/airflow/.local/lib/python3.12/site-packages/airflow/example_dags/example_bash_decorator.py for tasks to queue
[2025-08-26T18:57:43.451+0000] {logging_mixin.py:190} INFO - [2025-08-26T18:57:43.451+0000] {dagbag.py:588} INFO - Filling up the DagBag from /home/airflow/.local/lib/python3.12/site-packages/airflow/example_dags/example_bash_decorator.py
[2025-08-26T18:57:43.456+0000] {processor.py:925} INFO - DAG(s) 'example_bash_decorator' retrieved from /home/airflow/.local/lib/python3.12/site-packages/airflow/example_dags/example_bash_decorator.py
[2025-08-26T18:57:43.464+0000] {logging_mixin.py:190} INFO - [2025-08-26T18:57:43.464+0000] {dag.py:3239} INFO - Sync 1 DAGs
[2025-08-26T18:57:43.469+0000] {logging_mixin.py:190} INFO - [2025-08-26T18:57:43.469+0000] {dag.py:4180} INFO - Setting next_dagrun for example_bash_decorator to None, run_after=None
[2025-08-26T18:57:43.477+0000] {processor.py:208} INFO - Processing /home/airflow/.local/lib/python3.12/site-packages/airflow/example_dags/example_bash_decorator.py took 0.032 seconds
[2025-08-26T18:58:14.065+0000] {processor.py:186} INFO - Started process (PID=1903) to work on /home/airflow/.local/lib/python3.12/site-packages/airflow/example_dags/example_bash_decorator.py
[2025-08-26T18:58:14.065+0000] {processor.py:914} INFO - Processing file /home/airflow/.local/lib/python3.12/site-packages/airflow/example_dags/example_bash_decorator.py for tasks to queue
[2025-08-26T18:58:14.066+0000] {logging_mixin.py:190} INFO - [2025-08-26T18:58:14.065+0000] {dagbag.py:588} INFO - Filling up the DagBag from /home/airflow/.local/lib/python3.12/site-packages/airflow/example_dags/example_bash_decorator.py
[2025-08-26T18:58:14.070+0000] {processor.py:925} INFO - DAG(s) 'example_bash_decorator' retrieved from /home/airflow/.local/lib/python3.12/site-packages/airflow/example_dags/example_bash_decorator.py
[2025-08-26T18:58:14.078+0000] {logging_mixin.py:190} INFO - [2025-08-26T18:58:14.078+0000] {dag.py:3239} INFO - Sync 1 DAGs
[2025-08-26T18:58:14.082+0000] {logging_mixin.py:190} INFO - [2025-08-26T18:58:14.082+0000] {dag.py:4180} INFO - Setting next_dagrun for example_bash_decorator to None, run_after=None
[2025-08-26T18:58:14.087+0000] {processor.py:208} INFO - Processing /home/airflow/.local/lib/python3.12/site-packages/airflow/example_dags/example_bash_decorator.py took 0.024 seconds
[2025-08-26T18:58:44.711+0000] {processor.py:186} INFO - Started process (PID=1966) to work on /home/airflow/.local/lib/python3.12/site-packages/airflow/example_dags/example_bash_decorator.py
[2025-08-26T18:58:44.711+0000] {processor.py:914} INFO - Processing file /home/airflow/.local/lib/python3.12/site-packages/airflow/example_dags/example_bash_decorator.py for tasks to queue
[2025-08-26T18:58:44.712+0000] {logging_mixin.py:190} INFO - [2025-08-26T18:58:44.712+0000] {dagbag.py:588} INFO - Filling up the DagBag from /home/airflow/.local/lib/python3.12/site-packages/airflow/example_dags/example_bash_decorator.py
[2025-08-26T18:58:44.717+0000] {processor.py:925} INFO - DAG(s) 'example_bash_decorator' retrieved from /home/airflow/.local/lib/python3.12/site-packages/airflow/example_dags/example_bash_decorator.py
[2025-08-26T18:58:44.724+0000] {logging_mixin.py:190} INFO - [2025-08-26T18:58:44.724+0000] {dag.py:3239} INFO - Sync 1 DAGs
[2025-08-26T18:58:44.728+0000] {logging_mixin.py:190} INFO - [2025-08-26T18:58:44.728+0000] {dag.py:4180} INFO - Setting next_dagrun for example_bash_decorator to None, run_after=None
[2025-08-26T18:58:44.733+0000] {processor.py:208} INFO - Processing /home/airflow/.local/lib/python3.12/site-packages/airflow/example_dags/example_bash_decorator.py took 0.024 seconds
[2025-08-26T18:59:15.248+0000] {processor.py:186} INFO - Started process (PID=2029) to work on /home/airflow/.local/lib/python3.12/site-packages/airflow/example_dags/example_bash_decorator.py
[2025-08-26T18:59:15.248+0000] {processor.py:914} INFO - Processing file /home/airflow/.local/lib/python3.12/site-packages/airflow/example_dags/example_bash_decorator.py for tasks to queue
[2025-08-26T18:59:15.249+0000] {logging_mixin.py:190} INFO - [2025-08-26T18:59:15.249+0000] {dagbag.py:588} INFO - Filling up the DagBag from /home/airflow/.local/lib/python3.12/site-packages/airflow/example_dags/example_bash_decorator.py
[2025-08-26T18:59:15.257+0000] {processor.py:925} INFO - DAG(s) 'example_bash_decorator' retrieved from /home/airflow/.local/lib/python3.12/site-packages/airflow/example_dags/example_bash_decorator.py
[2025-08-26T18:59:15.267+0000] {logging_mixin.py:190} INFO - [2025-08-26T18:59:15.267+0000] {dag.py:3239} INFO - Sync 1 DAGs
[2025-08-26T18:59:15.273+0000] {logging_mixin.py:190} INFO - [2025-08-26T18:59:15.273+0000] {dag.py:4180} INFO - Setting next_dagrun for example_bash_decorator to None, run_after=None
[2025-08-26T18:59:15.278+0000] {processor.py:208} INFO - Processing /home/airflow/.local/lib/python3.12/site-packages/airflow/example_dags/example_bash_decorator.py took 0.033 seconds
[2025-08-26T18:59:45.867+0000] {processor.py:186} INFO - Started process (PID=2092) to work on /home/airflow/.local/lib/python3.12/site-packages/airflow/example_dags/example_bash_decorator.py
[2025-08-26T18:59:45.867+0000] {processor.py:914} INFO - Processing file /home/airflow/.local/lib/python3.12/site-packages/airflow/example_dags/example_bash_decorator.py for tasks to queue
[2025-08-26T18:59:45.868+0000] {logging_mixin.py:190} INFO - [2025-08-26T18:59:45.868+0000] {dagbag.py:588} INFO - Filling up the DagBag from /home/airflow/.local/lib/python3.12/site-packages/airflow/example_dags/example_bash_decorator.py
[2025-08-26T18:59:45.874+0000] {processor.py:925} INFO - DAG(s) 'example_bash_decorator' retrieved from /home/airflow/.local/lib/python3.12/site-packages/airflow/example_dags/example_bash_decorator.py
[2025-08-26T18:59:45.882+0000] {logging_mixin.py:190} INFO - [2025-08-26T18:59:45.882+0000] {dag.py:3239} INFO - Sync 1 DAGs
[2025-08-26T18:59:45.886+0000] {logging_mixin.py:190} INFO - [2025-08-26T18:59:45.886+0000] {dag.py:4180} INFO - Setting next_dagrun for example_bash_decorator to None, run_after=None
[2025-08-26T18:59:45.895+0000] {processor.py:208} INFO - Processing /home/airflow/.local/lib/python3.12/site-packages/airflow/example_dags/example_bash_decorator.py took 0.030 seconds
[2025-08-26T19:00:16.540+0000] {processor.py:186} INFO - Started process (PID=2155) to work on /home/airflow/.local/lib/python3.12/site-packages/airflow/example_dags/example_bash_decorator.py
[2025-08-26T19:00:16.541+0000] {processor.py:914} INFO - Processing file /home/airflow/.local/lib/python3.12/site-packages/airflow/example_dags/example_bash_decorator.py for tasks to queue
[2025-08-26T19:00:16.542+0000] {logging_mixin.py:190} INFO - [2025-08-26T19:00:16.542+0000] {dagbag.py:588} INFO - Filling up the DagBag from /home/airflow/.local/lib/python3.12/site-packages/airflow/example_dags/example_bash_decorator.py
[2025-08-26T19:00:16.548+0000] {processor.py:925} INFO - DAG(s) 'example_bash_decorator' retrieved from /home/airflow/.local/lib/python3.12/site-packages/airflow/example_dags/example_bash_decorator.py
[2025-08-26T19:00:16.557+0000] {logging_mixin.py:190} INFO - [2025-08-26T19:00:16.557+0000] {dag.py:3239} INFO - Sync 1 DAGs
[2025-08-26T19:00:16.562+0000] {logging_mixin.py:190} INFO - [2025-08-26T19:00:16.562+0000] {dag.py:4180} INFO - Setting next_dagrun for example_bash_decorator to None, run_after=None
[2025-08-26T19:00:16.569+0000] {processor.py:208} INFO - Processing /home/airflow/.local/lib/python3.12/site-packages/airflow/example_dags/example_bash_decorator.py took 0.032 seconds
[2025-08-26T19:00:47.253+0000] {processor.py:186} INFO - Started process (PID=2218) to work on /home/airflow/.local/lib/python3.12/site-packages/airflow/example_dags/example_bash_decorator.py
[2025-08-26T19:00:47.253+0000] {processor.py:914} INFO - Processing file /home/airflow/.local/lib/python3.12/site-packages/airflow/example_dags/example_bash_decorator.py for tasks to queue
[2025-08-26T19:00:47.254+0000] {logging_mixin.py:190} INFO - [2025-08-26T19:00:47.254+0000] {dagbag.py:588} INFO - Filling up the DagBag from /home/airflow/.local/lib/python3.12/site-packages/airflow/example_dags/example_bash_decorator.py
[2025-08-26T19:00:47.259+0000] {processor.py:925} INFO - DAG(s) 'example_bash_decorator' retrieved from /home/airflow/.local/lib/python3.12/site-packages/airflow/example_dags/example_bash_decorator.py
[2025-08-26T19:00:47.267+0000] {logging_mixin.py:190} INFO - [2025-08-26T19:00:47.266+0000] {dag.py:3239} INFO - Sync 1 DAGs
[2025-08-26T19:00:47.271+0000] {logging_mixin.py:190} INFO - [2025-08-26T19:00:47.271+0000] {dag.py:4180} INFO - Setting next_dagrun for example_bash_decorator to None, run_after=None
[2025-08-26T19:00:47.276+0000] {processor.py:208} INFO - Processing /home/airflow/.local/lib/python3.12/site-packages/airflow/example_dags/example_bash_decorator.py took 0.026 seconds
[2025-08-26T19:01:18.235+0000] {processor.py:186} INFO - Started process (PID=2281) to work on /home/airflow/.local/lib/python3.12/site-packages/airflow/example_dags/example_bash_decorator.py
[2025-08-26T19:01:18.237+0000] {processor.py:914} INFO - Processing file /home/airflow/.local/lib/python3.12/site-packages/airflow/example_dags/example_bash_decorator.py for tasks to queue
[2025-08-26T19:01:18.239+0000] {logging_mixin.py:190} INFO - [2025-08-26T19:01:18.239+0000] {dagbag.py:588} INFO - Filling up the DagBag from /home/airflow/.local/lib/python3.12/site-packages/airflow/example_dags/example_bash_decorator.py
[2025-08-26T19:01:18.246+0000] {processor.py:925} INFO - DAG(s) 'example_bash_decorator' retrieved from /home/airflow/.local/lib/python3.12/site-packages/airflow/example_dags/example_bash_decorator.py
[2025-08-26T19:01:18.258+0000] {logging_mixin.py:190} INFO - [2025-08-26T19:01:18.258+0000] {dag.py:3239} INFO - Sync 1 DAGs
[2025-08-26T19:01:18.268+0000] {logging_mixin.py:190} INFO - [2025-08-26T19:01:18.268+0000] {dag.py:4180} INFO - Setting next_dagrun for example_bash_decorator to None, run_after=None
[2025-08-26T19:01:18.276+0000] {processor.py:208} INFO - Processing /home/airflow/.local/lib/python3.12/site-packages/airflow/example_dags/example_bash_decorator.py took 0.043 seconds
[2025-08-26T19:01:49.175+0000] {processor.py:186} INFO - Started process (PID=2350) to work on /home/airflow/.local/lib/python3.12/site-packages/airflow/example_dags/example_bash_decorator.py
[2025-08-26T19:01:49.176+0000] {processor.py:914} INFO - Processing file /home/airflow/.local/lib/python3.12/site-packages/airflow/example_dags/example_bash_decorator.py for tasks to queue
[2025-08-26T19:01:49.177+0000] {logging_mixin.py:190} INFO - [2025-08-26T19:01:49.177+0000] {dagbag.py:588} INFO - Filling up the DagBag from /home/airflow/.local/lib/python3.12/site-packages/airflow/example_dags/example_bash_decorator.py
[2025-08-26T19:01:49.183+0000] {processor.py:925} INFO - DAG(s) 'example_bash_decorator' retrieved from /home/airflow/.local/lib/python3.12/site-packages/airflow/example_dags/example_bash_decorator.py
[2025-08-26T19:01:49.195+0000] {logging_mixin.py:190} INFO - [2025-08-26T19:01:49.194+0000] {dag.py:3239} INFO - Sync 1 DAGs
[2025-08-26T19:01:49.204+0000] {logging_mixin.py:190} INFO - [2025-08-26T19:01:49.204+0000] {dag.py:4180} INFO - Setting next_dagrun for example_bash_decorator to None, run_after=None
[2025-08-26T19:01:49.217+0000] {processor.py:208} INFO - Processing /home/airflow/.local/lib/python3.12/site-packages/airflow/example_dags/example_bash_decorator.py took 0.044 seconds
[2025-08-26T19:02:19.960+0000] {processor.py:186} INFO - Started process (PID=2413) to work on /home/airflow/.local/lib/python3.12/site-packages/airflow/example_dags/example_bash_decorator.py
[2025-08-26T19:02:19.960+0000] {processor.py:914} INFO - Processing file /home/airflow/.local/lib/python3.12/site-packages/airflow/example_dags/example_bash_decorator.py for tasks to queue
[2025-08-26T19:02:19.961+0000] {logging_mixin.py:190} INFO - [2025-08-26T19:02:19.961+0000] {dagbag.py:588} INFO - Filling up the DagBag from /home/airflow/.local/lib/python3.12/site-packages/airflow/example_dags/example_bash_decorator.py
[2025-08-26T19:02:19.967+0000] {processor.py:925} INFO - DAG(s) 'example_bash_decorator' retrieved from /home/airflow/.local/lib/python3.12/site-packages/airflow/example_dags/example_bash_decorator.py
[2025-08-26T19:02:19.974+0000] {logging_mixin.py:190} INFO - [2025-08-26T19:02:19.974+0000] {dag.py:3239} INFO - Sync 1 DAGs
[2025-08-26T19:02:19.979+0000] {logging_mixin.py:190} INFO - [2025-08-26T19:02:19.979+0000] {dag.py:4180} INFO - Setting next_dagrun for example_bash_decorator to None, run_after=None
[2025-08-26T19:02:19.983+0000] {processor.py:208} INFO - Processing /home/airflow/.local/lib/python3.12/site-packages/airflow/example_dags/example_bash_decorator.py took 0.026 seconds
[2025-08-26T19:02:50.627+0000] {processor.py:186} INFO - Started process (PID=2476) to work on /home/airflow/.local/lib/python3.12/site-packages/airflow/example_dags/example_bash_decorator.py
[2025-08-26T19:02:50.628+0000] {processor.py:914} INFO - Processing file /home/airflow/.local/lib/python3.12/site-packages/airflow/example_dags/example_bash_decorator.py for tasks to queue
[2025-08-26T19:02:50.628+0000] {logging_mixin.py:190} INFO - [2025-08-26T19:02:50.628+0000] {dagbag.py:588} INFO - Filling up the DagBag from /home/airflow/.local/lib/python3.12/site-packages/airflow/example_dags/example_bash_decorator.py
[2025-08-26T19:02:50.633+0000] {processor.py:925} INFO - DAG(s) 'example_bash_decorator' retrieved from /home/airflow/.local/lib/python3.12/site-packages/airflow/example_dags/example_bash_decorator.py
[2025-08-26T19:02:50.641+0000] {logging_mixin.py:190} INFO - [2025-08-26T19:02:50.641+0000] {dag.py:3239} INFO - Sync 1 DAGs
[2025-08-26T19:02:50.645+0000] {logging_mixin.py:190} INFO - [2025-08-26T19:02:50.645+0000] {dag.py:4180} INFO - Setting next_dagrun for example_bash_decorator to None, run_after=None
[2025-08-26T19:02:50.650+0000] {processor.py:208} INFO - Processing /home/airflow/.local/lib/python3.12/site-packages/airflow/example_dags/example_bash_decorator.py took 0.025 seconds
[2025-08-26T19:03:21.253+0000] {processor.py:186} INFO - Started process (PID=2539) to work on /home/airflow/.local/lib/python3.12/site-packages/airflow/example_dags/example_bash_decorator.py
[2025-08-26T19:03:21.253+0000] {processor.py:914} INFO - Processing file /home/airflow/.local/lib/python3.12/site-packages/airflow/example_dags/example_bash_decorator.py for tasks to queue
[2025-08-26T19:03:21.254+0000] {logging_mixin.py:190} INFO - [2025-08-26T19:03:21.254+0000] {dagbag.py:588} INFO - Filling up the DagBag from /home/airflow/.local/lib/python3.12/site-packages/airflow/example_dags/example_bash_decorator.py
[2025-08-26T19:03:21.258+0000] {processor.py:925} INFO - DAG(s) 'example_bash_decorator' retrieved from /home/airflow/.local/lib/python3.12/site-packages/airflow/example_dags/example_bash_decorator.py
[2025-08-26T19:03:21.266+0000] {logging_mixin.py:190} INFO - [2025-08-26T19:03:21.266+0000] {dag.py:3239} INFO - Sync 1 DAGs
[2025-08-26T19:03:21.270+0000] {logging_mixin.py:190} INFO - [2025-08-26T19:03:21.270+0000] {dag.py:4180} INFO - Setting next_dagrun for example_bash_decorator to None, run_after=None
[2025-08-26T19:03:21.275+0000] {processor.py:208} INFO - Processing /home/airflow/.local/lib/python3.12/site-packages/airflow/example_dags/example_bash_decorator.py took 0.024 seconds
[2025-08-26T19:03:51.954+0000] {processor.py:186} INFO - Started process (PID=2602) to work on /home/airflow/.local/lib/python3.12/site-packages/airflow/example_dags/example_bash_decorator.py
[2025-08-26T19:03:51.954+0000] {processor.py:914} INFO - Processing file /home/airflow/.local/lib/python3.12/site-packages/airflow/example_dags/example_bash_decorator.py for tasks to queue
[2025-08-26T19:03:51.955+0000] {logging_mixin.py:190} INFO - [2025-08-26T19:03:51.955+0000] {dagbag.py:588} INFO - Filling up the DagBag from /home/airflow/.local/lib/python3.12/site-packages/airflow/example_dags/example_bash_decorator.py
[2025-08-26T19:03:51.960+0000] {processor.py:925} INFO - DAG(s) 'example_bash_decorator' retrieved from /home/airflow/.local/lib/python3.12/site-packages/airflow/example_dags/example_bash_decorator.py
[2025-08-26T19:03:51.968+0000] {logging_mixin.py:190} INFO - [2025-08-26T19:03:51.968+0000] {dag.py:3239} INFO - Sync 1 DAGs
[2025-08-26T19:03:51.972+0000] {logging_mixin.py:190} INFO - [2025-08-26T19:03:51.972+0000] {dag.py:4180} INFO - Setting next_dagrun for example_bash_decorator to None, run_after=None
[2025-08-26T19:03:51.977+0000] {processor.py:208} INFO - Processing /home/airflow/.local/lib/python3.12/site-packages/airflow/example_dags/example_bash_decorator.py took 0.025 seconds
[2025-08-26T19:04:22.632+0000] {processor.py:186} INFO - Started process (PID=2665) to work on /home/airflow/.local/lib/python3.12/site-packages/airflow/example_dags/example_bash_decorator.py
[2025-08-26T19:04:22.634+0000] {processor.py:914} INFO - Processing file /home/airflow/.local/lib/python3.12/site-packages/airflow/example_dags/example_bash_decorator.py for tasks to queue
[2025-08-26T19:04:22.635+0000] {logging_mixin.py:190} INFO - [2025-08-26T19:04:22.635+0000] {dagbag.py:588} INFO - Filling up the DagBag from /home/airflow/.local/lib/python3.12/site-packages/airflow/example_dags/example_bash_decorator.py
[2025-08-26T19:04:22.642+0000] {processor.py:925} INFO - DAG(s) 'example_bash_decorator' retrieved from /home/airflow/.local/lib/python3.12/site-packages/airflow/example_dags/example_bash_decorator.py
[2025-08-26T19:04:22.650+0000] {logging_mixin.py:190} INFO - [2025-08-26T19:04:22.650+0000] {dag.py:3239} INFO - Sync 1 DAGs
[2025-08-26T19:04:22.659+0000] {logging_mixin.py:190} INFO - [2025-08-26T19:04:22.659+0000] {dag.py:4180} INFO - Setting next_dagrun for example_bash_decorator to None, run_after=None
[2025-08-26T19:04:22.666+0000] {processor.py:208} INFO - Processing /home/airflow/.local/lib/python3.12/site-packages/airflow/example_dags/example_bash_decorator.py took 0.037 seconds
[2025-08-26T19:04:53.369+0000] {processor.py:186} INFO - Started process (PID=2728) to work on /home/airflow/.local/lib/python3.12/site-packages/airflow/example_dags/example_bash_decorator.py
[2025-08-26T19:04:53.370+0000] {processor.py:914} INFO - Processing file /home/airflow/.local/lib/python3.12/site-packages/airflow/example_dags/example_bash_decorator.py for tasks to queue
[2025-08-26T19:04:53.371+0000] {logging_mixin.py:190} INFO - [2025-08-26T19:04:53.371+0000] {dagbag.py:588} INFO - Filling up the DagBag from /home/airflow/.local/lib/python3.12/site-packages/airflow/example_dags/example_bash_decorator.py
[2025-08-26T19:04:53.377+0000] {processor.py:925} INFO - DAG(s) 'example_bash_decorator' retrieved from /home/airflow/.local/lib/python3.12/site-packages/airflow/example_dags/example_bash_decorator.py
[2025-08-26T19:04:53.388+0000] {logging_mixin.py:190} INFO - [2025-08-26T19:04:53.387+0000] {dag.py:3239} INFO - Sync 1 DAGs
[2025-08-26T19:04:53.392+0000] {logging_mixin.py:190} INFO - [2025-08-26T19:04:53.392+0000] {dag.py:4180} INFO - Setting next_dagrun for example_bash_decorator to None, run_after=None
[2025-08-26T19:04:53.399+0000] {processor.py:208} INFO - Processing /home/airflow/.local/lib/python3.12/site-packages/airflow/example_dags/example_bash_decorator.py took 0.031 seconds
[2025-08-26T19:05:24.087+0000] {processor.py:186} INFO - Started process (PID=2791) to work on /home/airflow/.local/lib/python3.12/site-packages/airflow/example_dags/example_bash_decorator.py
[2025-08-26T19:05:24.088+0000] {processor.py:914} INFO - Processing file /home/airflow/.local/lib/python3.12/site-packages/airflow/example_dags/example_bash_decorator.py for tasks to queue
[2025-08-26T19:05:24.089+0000] {logging_mixin.py:190} INFO - [2025-08-26T19:05:24.089+0000] {dagbag.py:588} INFO - Filling up the DagBag from /home/airflow/.local/lib/python3.12/site-packages/airflow/example_dags/example_bash_decorator.py
[2025-08-26T19:05:24.095+0000] {processor.py:925} INFO - DAG(s) 'example_bash_decorator' retrieved from /home/airflow/.local/lib/python3.12/site-packages/airflow/example_dags/example_bash_decorator.py
[2025-08-26T19:05:24.103+0000] {logging_mixin.py:190} INFO - [2025-08-26T19:05:24.103+0000] {dag.py:3239} INFO - Sync 1 DAGs
[2025-08-26T19:05:24.108+0000] {logging_mixin.py:190} INFO - [2025-08-26T19:05:24.108+0000] {dag.py:4180} INFO - Setting next_dagrun for example_bash_decorator to None, run_after=None
[2025-08-26T19:05:24.115+0000] {processor.py:208} INFO - Processing /home/airflow/.local/lib/python3.12/site-packages/airflow/example_dags/example_bash_decorator.py took 0.031 seconds
[2025-08-26T19:05:54.826+0000] {processor.py:186} INFO - Started process (PID=2854) to work on /home/airflow/.local/lib/python3.12/site-packages/airflow/example_dags/example_bash_decorator.py
[2025-08-26T19:05:54.826+0000] {processor.py:914} INFO - Processing file /home/airflow/.local/lib/python3.12/site-packages/airflow/example_dags/example_bash_decorator.py for tasks to queue
[2025-08-26T19:05:54.827+0000] {logging_mixin.py:190} INFO - [2025-08-26T19:05:54.827+0000] {dagbag.py:588} INFO - Filling up the DagBag from /home/airflow/.local/lib/python3.12/site-packages/airflow/example_dags/example_bash_decorator.py
[2025-08-26T19:05:54.833+0000] {processor.py:925} INFO - DAG(s) 'example_bash_decorator' retrieved from /home/airflow/.local/lib/python3.12/site-packages/airflow/example_dags/example_bash_decorator.py
[2025-08-26T19:05:54.841+0000] {logging_mixin.py:190} INFO - [2025-08-26T19:05:54.841+0000] {dag.py:3239} INFO - Sync 1 DAGs
[2025-08-26T19:05:54.846+0000] {logging_mixin.py:190} INFO - [2025-08-26T19:05:54.846+0000] {dag.py:4180} INFO - Setting next_dagrun for example_bash_decorator to None, run_after=None
[2025-08-26T19:05:54.854+0000] {processor.py:208} INFO - Processing /home/airflow/.local/lib/python3.12/site-packages/airflow/example_dags/example_bash_decorator.py took 0.031 seconds
[2025-08-26T19:06:25.478+0000] {processor.py:186} INFO - Started process (PID=2917) to work on /home/airflow/.local/lib/python3.12/site-packages/airflow/example_dags/example_bash_decorator.py
[2025-08-26T19:06:25.478+0000] {processor.py:914} INFO - Processing file /home/airflow/.local/lib/python3.12/site-packages/airflow/example_dags/example_bash_decorator.py for tasks to queue
[2025-08-26T19:06:25.479+0000] {logging_mixin.py:190} INFO - [2025-08-26T19:06:25.479+0000] {dagbag.py:588} INFO - Filling up the DagBag from /home/airflow/.local/lib/python3.12/site-packages/airflow/example_dags/example_bash_decorator.py
[2025-08-26T19:06:25.484+0000] {processor.py:925} INFO - DAG(s) 'example_bash_decorator' retrieved from /home/airflow/.local/lib/python3.12/site-packages/airflow/example_dags/example_bash_decorator.py
[2025-08-26T19:06:25.496+0000] {logging_mixin.py:190} INFO - [2025-08-26T19:06:25.496+0000] {dag.py:3239} INFO - Sync 1 DAGs
[2025-08-26T19:06:25.501+0000] {logging_mixin.py:190} INFO - [2025-08-26T19:06:25.501+0000] {dag.py:4180} INFO - Setting next_dagrun for example_bash_decorator to None, run_after=None
[2025-08-26T19:06:25.512+0000] {processor.py:208} INFO - Processing /home/airflow/.local/lib/python3.12/site-packages/airflow/example_dags/example_bash_decorator.py took 0.036 seconds
[2025-08-26T19:06:56.101+0000] {processor.py:186} INFO - Started process (PID=2980) to work on /home/airflow/.local/lib/python3.12/site-packages/airflow/example_dags/example_bash_decorator.py
[2025-08-26T19:06:56.103+0000] {processor.py:914} INFO - Processing file /home/airflow/.local/lib/python3.12/site-packages/airflow/example_dags/example_bash_decorator.py for tasks to queue
[2025-08-26T19:06:56.104+0000] {logging_mixin.py:190} INFO - [2025-08-26T19:06:56.104+0000] {dagbag.py:588} INFO - Filling up the DagBag from /home/airflow/.local/lib/python3.12/site-packages/airflow/example_dags/example_bash_decorator.py
[2025-08-26T19:06:56.109+0000] {processor.py:925} INFO - DAG(s) 'example_bash_decorator' retrieved from /home/airflow/.local/lib/python3.12/site-packages/airflow/example_dags/example_bash_decorator.py
[2025-08-26T19:06:56.117+0000] {logging_mixin.py:190} INFO - [2025-08-26T19:06:56.117+0000] {dag.py:3239} INFO - Sync 1 DAGs
[2025-08-26T19:06:56.122+0000] {logging_mixin.py:190} INFO - [2025-08-26T19:06:56.122+0000] {dag.py:4180} INFO - Setting next_dagrun for example_bash_decorator to None, run_after=None
[2025-08-26T19:06:56.131+0000] {processor.py:208} INFO - Processing /home/airflow/.local/lib/python3.12/site-packages/airflow/example_dags/example_bash_decorator.py took 0.032 seconds
[2025-08-26T19:07:26.848+0000] {processor.py:186} INFO - Started process (PID=3043) to work on /home/airflow/.local/lib/python3.12/site-packages/airflow/example_dags/example_bash_decorator.py
[2025-08-26T19:07:26.849+0000] {processor.py:914} INFO - Processing file /home/airflow/.local/lib/python3.12/site-packages/airflow/example_dags/example_bash_decorator.py for tasks to queue
[2025-08-26T19:07:26.849+0000] {logging_mixin.py:190} INFO - [2025-08-26T19:07:26.849+0000] {dagbag.py:588} INFO - Filling up the DagBag from /home/airflow/.local/lib/python3.12/site-packages/airflow/example_dags/example_bash_decorator.py
[2025-08-26T19:07:26.854+0000] {processor.py:925} INFO - DAG(s) 'example_bash_decorator' retrieved from /home/airflow/.local/lib/python3.12/site-packages/airflow/example_dags/example_bash_decorator.py
[2025-08-26T19:07:26.862+0000] {logging_mixin.py:190} INFO - [2025-08-26T19:07:26.862+0000] {dag.py:3239} INFO - Sync 1 DAGs
[2025-08-26T19:07:26.866+0000] {logging_mixin.py:190} INFO - [2025-08-26T19:07:26.866+0000] {dag.py:4180} INFO - Setting next_dagrun for example_bash_decorator to None, run_after=None
[2025-08-26T19:07:26.871+0000] {processor.py:208} INFO - Processing /home/airflow/.local/lib/python3.12/site-packages/airflow/example_dags/example_bash_decorator.py took 0.025 seconds
[2025-08-26T19:07:57.484+0000] {processor.py:186} INFO - Started process (PID=3106) to work on /home/airflow/.local/lib/python3.12/site-packages/airflow/example_dags/example_bash_decorator.py
[2025-08-26T19:07:57.485+0000] {processor.py:914} INFO - Processing file /home/airflow/.local/lib/python3.12/site-packages/airflow/example_dags/example_bash_decorator.py for tasks to queue
[2025-08-26T19:07:57.486+0000] {logging_mixin.py:190} INFO - [2025-08-26T19:07:57.485+0000] {dagbag.py:588} INFO - Filling up the DagBag from /home/airflow/.local/lib/python3.12/site-packages/airflow/example_dags/example_bash_decorator.py
[2025-08-26T19:07:57.493+0000] {processor.py:925} INFO - DAG(s) 'example_bash_decorator' retrieved from /home/airflow/.local/lib/python3.12/site-packages/airflow/example_dags/example_bash_decorator.py
[2025-08-26T19:07:57.504+0000] {logging_mixin.py:190} INFO - [2025-08-26T19:07:57.504+0000] {dag.py:3239} INFO - Sync 1 DAGs
[2025-08-26T19:07:57.509+0000] {logging_mixin.py:190} INFO - [2025-08-26T19:07:57.509+0000] {dag.py:4180} INFO - Setting next_dagrun for example_bash_decorator to None, run_after=None
[2025-08-26T19:07:57.515+0000] {processor.py:208} INFO - Processing /home/airflow/.local/lib/python3.12/site-packages/airflow/example_dags/example_bash_decorator.py took 0.033 seconds
[2025-08-26T19:08:28.100+0000] {processor.py:186} INFO - Started process (PID=3169) to work on /home/airflow/.local/lib/python3.12/site-packages/airflow/example_dags/example_bash_decorator.py
[2025-08-26T19:08:28.101+0000] {processor.py:914} INFO - Processing file /home/airflow/.local/lib/python3.12/site-packages/airflow/example_dags/example_bash_decorator.py for tasks to queue
[2025-08-26T19:08:28.102+0000] {logging_mixin.py:190} INFO - [2025-08-26T19:08:28.102+0000] {dagbag.py:588} INFO - Filling up the DagBag from /home/airflow/.local/lib/python3.12/site-packages/airflow/example_dags/example_bash_decorator.py
[2025-08-26T19:08:28.108+0000] {processor.py:925} INFO - DAG(s) 'example_bash_decorator' retrieved from /home/airflow/.local/lib/python3.12/site-packages/airflow/example_dags/example_bash_decorator.py
[2025-08-26T19:08:28.115+0000] {logging_mixin.py:190} INFO - [2025-08-26T19:08:28.115+0000] {dag.py:3239} INFO - Sync 1 DAGs
[2025-08-26T19:08:28.121+0000] {logging_mixin.py:190} INFO - [2025-08-26T19:08:28.121+0000] {dag.py:4180} INFO - Setting next_dagrun for example_bash_decorator to None, run_after=None
[2025-08-26T19:08:28.131+0000] {processor.py:208} INFO - Processing /home/airflow/.local/lib/python3.12/site-packages/airflow/example_dags/example_bash_decorator.py took 0.033 seconds
[2025-08-26T19:08:58.700+0000] {processor.py:186} INFO - Started process (PID=3232) to work on /home/airflow/.local/lib/python3.12/site-packages/airflow/example_dags/example_bash_decorator.py
[2025-08-26T19:08:58.701+0000] {processor.py:914} INFO - Processing file /home/airflow/.local/lib/python3.12/site-packages/airflow/example_dags/example_bash_decorator.py for tasks to queue
[2025-08-26T19:08:58.702+0000] {logging_mixin.py:190} INFO - [2025-08-26T19:08:58.701+0000] {dagbag.py:588} INFO - Filling up the DagBag from /home/airflow/.local/lib/python3.12/site-packages/airflow/example_dags/example_bash_decorator.py
[2025-08-26T19:08:58.707+0000] {processor.py:925} INFO - DAG(s) 'example_bash_decorator' retrieved from /home/airflow/.local/lib/python3.12/site-packages/airflow/example_dags/example_bash_decorator.py
[2025-08-26T19:08:58.717+0000] {logging_mixin.py:190} INFO - [2025-08-26T19:08:58.716+0000] {dag.py:3239} INFO - Sync 1 DAGs
[2025-08-26T19:08:58.722+0000] {logging_mixin.py:190} INFO - [2025-08-26T19:08:58.722+0000] {dag.py:4180} INFO - Setting next_dagrun for example_bash_decorator to None, run_after=None
[2025-08-26T19:08:58.727+0000] {processor.py:208} INFO - Processing /home/airflow/.local/lib/python3.12/site-packages/airflow/example_dags/example_bash_decorator.py took 0.029 seconds
[2025-08-26T19:09:29.454+0000] {processor.py:186} INFO - Started process (PID=3295) to work on /home/airflow/.local/lib/python3.12/site-packages/airflow/example_dags/example_bash_decorator.py
[2025-08-26T19:09:29.454+0000] {processor.py:914} INFO - Processing file /home/airflow/.local/lib/python3.12/site-packages/airflow/example_dags/example_bash_decorator.py for tasks to queue
[2025-08-26T19:09:29.455+0000] {logging_mixin.py:190} INFO - [2025-08-26T19:09:29.455+0000] {dagbag.py:588} INFO - Filling up the DagBag from /home/airflow/.local/lib/python3.12/site-packages/airflow/example_dags/example_bash_decorator.py
[2025-08-26T19:09:29.460+0000] {processor.py:925} INFO - DAG(s) 'example_bash_decorator' retrieved from /home/airflow/.local/lib/python3.12/site-packages/airflow/example_dags/example_bash_decorator.py
[2025-08-26T19:09:29.469+0000] {logging_mixin.py:190} INFO - [2025-08-26T19:09:29.469+0000] {dag.py:3239} INFO - Sync 1 DAGs
[2025-08-26T19:09:29.476+0000] {logging_mixin.py:190} INFO - [2025-08-26T19:09:29.476+0000] {dag.py:4180} INFO - Setting next_dagrun for example_bash_decorator to None, run_after=None
[2025-08-26T19:09:29.482+0000] {processor.py:208} INFO - Processing /home/airflow/.local/lib/python3.12/site-packages/airflow/example_dags/example_bash_decorator.py took 0.031 seconds
[2025-08-26T19:10:00.162+0000] {processor.py:186} INFO - Started process (PID=3358) to work on /home/airflow/.local/lib/python3.12/site-packages/airflow/example_dags/example_bash_decorator.py
[2025-08-26T19:10:00.165+0000] {processor.py:914} INFO - Processing file /home/airflow/.local/lib/python3.12/site-packages/airflow/example_dags/example_bash_decorator.py for tasks to queue
[2025-08-26T19:10:00.166+0000] {logging_mixin.py:190} INFO - [2025-08-26T19:10:00.166+0000] {dagbag.py:588} INFO - Filling up the DagBag from /home/airflow/.local/lib/python3.12/site-packages/airflow/example_dags/example_bash_decorator.py
[2025-08-26T19:10:00.171+0000] {processor.py:925} INFO - DAG(s) 'example_bash_decorator' retrieved from /home/airflow/.local/lib/python3.12/site-packages/airflow/example_dags/example_bash_decorator.py
[2025-08-26T19:10:00.180+0000] {logging_mixin.py:190} INFO - [2025-08-26T19:10:00.180+0000] {dag.py:3239} INFO - Sync 1 DAGs
[2025-08-26T19:10:00.185+0000] {logging_mixin.py:190} INFO - [2025-08-26T19:10:00.185+0000] {dag.py:4180} INFO - Setting next_dagrun for example_bash_decorator to None, run_after=None
[2025-08-26T19:10:00.191+0000] {processor.py:208} INFO - Processing /home/airflow/.local/lib/python3.12/site-packages/airflow/example_dags/example_bash_decorator.py took 0.032 seconds
[2025-08-26T19:10:30.950+0000] {processor.py:186} INFO - Started process (PID=3421) to work on /home/airflow/.local/lib/python3.12/site-packages/airflow/example_dags/example_bash_decorator.py
[2025-08-26T19:10:30.951+0000] {processor.py:914} INFO - Processing file /home/airflow/.local/lib/python3.12/site-packages/airflow/example_dags/example_bash_decorator.py for tasks to queue
[2025-08-26T19:10:30.951+0000] {logging_mixin.py:190} INFO - [2025-08-26T19:10:30.951+0000] {dagbag.py:588} INFO - Filling up the DagBag from /home/airflow/.local/lib/python3.12/site-packages/airflow/example_dags/example_bash_decorator.py
[2025-08-26T19:10:30.956+0000] {processor.py:925} INFO - DAG(s) 'example_bash_decorator' retrieved from /home/airflow/.local/lib/python3.12/site-packages/airflow/example_dags/example_bash_decorator.py
[2025-08-26T19:10:30.963+0000] {logging_mixin.py:190} INFO - [2025-08-26T19:10:30.963+0000] {dag.py:3239} INFO - Sync 1 DAGs
[2025-08-26T19:10:30.968+0000] {logging_mixin.py:190} INFO - [2025-08-26T19:10:30.968+0000] {dag.py:4180} INFO - Setting next_dagrun for example_bash_decorator to None, run_after=None
[2025-08-26T19:10:30.972+0000] {processor.py:208} INFO - Processing /home/airflow/.local/lib/python3.12/site-packages/airflow/example_dags/example_bash_decorator.py took 0.024 seconds
[2025-08-26T19:11:01.689+0000] {processor.py:186} INFO - Started process (PID=3484) to work on /home/airflow/.local/lib/python3.12/site-packages/airflow/example_dags/example_bash_decorator.py
[2025-08-26T19:11:01.689+0000] {processor.py:914} INFO - Processing file /home/airflow/.local/lib/python3.12/site-packages/airflow/example_dags/example_bash_decorator.py for tasks to queue
[2025-08-26T19:11:01.690+0000] {logging_mixin.py:190} INFO - [2025-08-26T19:11:01.690+0000] {dagbag.py:588} INFO - Filling up the DagBag from /home/airflow/.local/lib/python3.12/site-packages/airflow/example_dags/example_bash_decorator.py
[2025-08-26T19:11:01.695+0000] {processor.py:925} INFO - DAG(s) 'example_bash_decorator' retrieved from /home/airflow/.local/lib/python3.12/site-packages/airflow/example_dags/example_bash_decorator.py
[2025-08-26T19:11:01.702+0000] {logging_mixin.py:190} INFO - [2025-08-26T19:11:01.702+0000] {dag.py:3239} INFO - Sync 1 DAGs
[2025-08-26T19:11:01.706+0000] {logging_mixin.py:190} INFO - [2025-08-26T19:11:01.706+0000] {dag.py:4180} INFO - Setting next_dagrun for example_bash_decorator to None, run_after=None
[2025-08-26T19:11:01.711+0000] {processor.py:208} INFO - Processing /home/airflow/.local/lib/python3.12/site-packages/airflow/example_dags/example_bash_decorator.py took 0.025 seconds
[2025-08-26T19:11:32.535+0000] {processor.py:186} INFO - Started process (PID=3547) to work on /home/airflow/.local/lib/python3.12/site-packages/airflow/example_dags/example_bash_decorator.py
[2025-08-26T19:11:32.535+0000] {processor.py:914} INFO - Processing file /home/airflow/.local/lib/python3.12/site-packages/airflow/example_dags/example_bash_decorator.py for tasks to queue
[2025-08-26T19:11:32.536+0000] {logging_mixin.py:190} INFO - [2025-08-26T19:11:32.536+0000] {dagbag.py:588} INFO - Filling up the DagBag from /home/airflow/.local/lib/python3.12/site-packages/airflow/example_dags/example_bash_decorator.py
[2025-08-26T19:11:32.542+0000] {processor.py:925} INFO - DAG(s) 'example_bash_decorator' retrieved from /home/airflow/.local/lib/python3.12/site-packages/airflow/example_dags/example_bash_decorator.py
[2025-08-26T19:11:32.550+0000] {logging_mixin.py:190} INFO - [2025-08-26T19:11:32.550+0000] {dag.py:3239} INFO - Sync 1 DAGs
[2025-08-26T19:11:32.558+0000] {logging_mixin.py:190} INFO - [2025-08-26T19:11:32.558+0000] {dag.py:4180} INFO - Setting next_dagrun for example_bash_decorator to None, run_after=None
[2025-08-26T19:11:32.563+0000] {processor.py:208} INFO - Processing /home/airflow/.local/lib/python3.12/site-packages/airflow/example_dags/example_bash_decorator.py took 0.031 seconds
[2025-08-26T19:12:03.269+0000] {processor.py:186} INFO - Started process (PID=3610) to work on /home/airflow/.local/lib/python3.12/site-packages/airflow/example_dags/example_bash_decorator.py
[2025-08-26T19:12:03.269+0000] {processor.py:914} INFO - Processing file /home/airflow/.local/lib/python3.12/site-packages/airflow/example_dags/example_bash_decorator.py for tasks to queue
[2025-08-26T19:12:03.270+0000] {logging_mixin.py:190} INFO - [2025-08-26T19:12:03.270+0000] {dagbag.py:588} INFO - Filling up the DagBag from /home/airflow/.local/lib/python3.12/site-packages/airflow/example_dags/example_bash_decorator.py
[2025-08-26T19:12:03.276+0000] {processor.py:925} INFO - DAG(s) 'example_bash_decorator' retrieved from /home/airflow/.local/lib/python3.12/site-packages/airflow/example_dags/example_bash_decorator.py
[2025-08-26T19:12:03.285+0000] {logging_mixin.py:190} INFO - [2025-08-26T19:12:03.285+0000] {dag.py:3239} INFO - Sync 1 DAGs
[2025-08-26T19:12:03.290+0000] {logging_mixin.py:190} INFO - [2025-08-26T19:12:03.290+0000] {dag.py:4180} INFO - Setting next_dagrun for example_bash_decorator to None, run_after=None
[2025-08-26T19:12:03.296+0000] {processor.py:208} INFO - Processing /home/airflow/.local/lib/python3.12/site-packages/airflow/example_dags/example_bash_decorator.py took 0.029 seconds
[2025-08-26T19:12:34.100+0000] {processor.py:186} INFO - Started process (PID=3673) to work on /home/airflow/.local/lib/python3.12/site-packages/airflow/example_dags/example_bash_decorator.py
[2025-08-26T19:12:34.100+0000] {processor.py:914} INFO - Processing file /home/airflow/.local/lib/python3.12/site-packages/airflow/example_dags/example_bash_decorator.py for tasks to queue
[2025-08-26T19:12:34.101+0000] {logging_mixin.py:190} INFO - [2025-08-26T19:12:34.101+0000] {dagbag.py:588} INFO - Filling up the DagBag from /home/airflow/.local/lib/python3.12/site-packages/airflow/example_dags/example_bash_decorator.py
[2025-08-26T19:12:34.106+0000] {processor.py:925} INFO - DAG(s) 'example_bash_decorator' retrieved from /home/airflow/.local/lib/python3.12/site-packages/airflow/example_dags/example_bash_decorator.py
[2025-08-26T19:12:34.113+0000] {logging_mixin.py:190} INFO - [2025-08-26T19:12:34.113+0000] {dag.py:3239} INFO - Sync 1 DAGs
[2025-08-26T19:12:34.117+0000] {logging_mixin.py:190} INFO - [2025-08-26T19:12:34.117+0000] {dag.py:4180} INFO - Setting next_dagrun for example_bash_decorator to None, run_after=None
[2025-08-26T19:12:34.122+0000] {processor.py:208} INFO - Processing /home/airflow/.local/lib/python3.12/site-packages/airflow/example_dags/example_bash_decorator.py took 0.024 seconds
[2025-08-26T19:13:05.051+0000] {processor.py:186} INFO - Started process (PID=3736) to work on /home/airflow/.local/lib/python3.12/site-packages/airflow/example_dags/example_bash_decorator.py
[2025-08-26T19:13:05.051+0000] {processor.py:914} INFO - Processing file /home/airflow/.local/lib/python3.12/site-packages/airflow/example_dags/example_bash_decorator.py for tasks to queue
[2025-08-26T19:13:05.053+0000] {logging_mixin.py:190} INFO - [2025-08-26T19:13:05.053+0000] {dagbag.py:588} INFO - Filling up the DagBag from /home/airflow/.local/lib/python3.12/site-packages/airflow/example_dags/example_bash_decorator.py
[2025-08-26T19:13:05.059+0000] {processor.py:925} INFO - DAG(s) 'example_bash_decorator' retrieved from /home/airflow/.local/lib/python3.12/site-packages/airflow/example_dags/example_bash_decorator.py
[2025-08-26T19:13:05.067+0000] {logging_mixin.py:190} INFO - [2025-08-26T19:13:05.067+0000] {dag.py:3239} INFO - Sync 1 DAGs
[2025-08-26T19:13:05.071+0000] {logging_mixin.py:190} INFO - [2025-08-26T19:13:05.071+0000] {dag.py:4180} INFO - Setting next_dagrun for example_bash_decorator to None, run_after=None
[2025-08-26T19:13:05.077+0000] {processor.py:208} INFO - Processing /home/airflow/.local/lib/python3.12/site-packages/airflow/example_dags/example_bash_decorator.py took 0.028 seconds
[2025-08-26T19:13:35.978+0000] {processor.py:186} INFO - Started process (PID=3799) to work on /home/airflow/.local/lib/python3.12/site-packages/airflow/example_dags/example_bash_decorator.py
[2025-08-26T19:13:35.979+0000] {processor.py:914} INFO - Processing file /home/airflow/.local/lib/python3.12/site-packages/airflow/example_dags/example_bash_decorator.py for tasks to queue
[2025-08-26T19:13:35.979+0000] {logging_mixin.py:190} INFO - [2025-08-26T19:13:35.979+0000] {dagbag.py:588} INFO - Filling up the DagBag from /home/airflow/.local/lib/python3.12/site-packages/airflow/example_dags/example_bash_decorator.py
[2025-08-26T19:13:35.984+0000] {processor.py:925} INFO - DAG(s) 'example_bash_decorator' retrieved from /home/airflow/.local/lib/python3.12/site-packages/airflow/example_dags/example_bash_decorator.py
[2025-08-26T19:13:35.992+0000] {logging_mixin.py:190} INFO - [2025-08-26T19:13:35.992+0000] {dag.py:3239} INFO - Sync 1 DAGs
[2025-08-26T19:13:35.996+0000] {logging_mixin.py:190} INFO - [2025-08-26T19:13:35.996+0000] {dag.py:4180} INFO - Setting next_dagrun for example_bash_decorator to None, run_after=None
[2025-08-26T19:13:36.000+0000] {processor.py:208} INFO - Processing /home/airflow/.local/lib/python3.12/site-packages/airflow/example_dags/example_bash_decorator.py took 0.024 seconds
[2025-08-26T19:14:06.880+0000] {processor.py:186} INFO - Started process (PID=3862) to work on /home/airflow/.local/lib/python3.12/site-packages/airflow/example_dags/example_bash_decorator.py
[2025-08-26T19:14:06.881+0000] {processor.py:914} INFO - Processing file /home/airflow/.local/lib/python3.12/site-packages/airflow/example_dags/example_bash_decorator.py for tasks to queue
[2025-08-26T19:14:06.881+0000] {logging_mixin.py:190} INFO - [2025-08-26T19:14:06.881+0000] {dagbag.py:588} INFO - Filling up the DagBag from /home/airflow/.local/lib/python3.12/site-packages/airflow/example_dags/example_bash_decorator.py
[2025-08-26T19:14:06.887+0000] {processor.py:925} INFO - DAG(s) 'example_bash_decorator' retrieved from /home/airflow/.local/lib/python3.12/site-packages/airflow/example_dags/example_bash_decorator.py
[2025-08-26T19:14:06.895+0000] {logging_mixin.py:190} INFO - [2025-08-26T19:14:06.894+0000] {dag.py:3239} INFO - Sync 1 DAGs
[2025-08-26T19:14:06.899+0000] {logging_mixin.py:190} INFO - [2025-08-26T19:14:06.899+0000] {dag.py:4180} INFO - Setting next_dagrun for example_bash_decorator to None, run_after=None
[2025-08-26T19:14:06.908+0000] {processor.py:208} INFO - Processing /home/airflow/.local/lib/python3.12/site-packages/airflow/example_dags/example_bash_decorator.py took 0.030 seconds
[2025-08-26T19:14:37.931+0000] {processor.py:186} INFO - Started process (PID=3925) to work on /home/airflow/.local/lib/python3.12/site-packages/airflow/example_dags/example_bash_decorator.py
[2025-08-26T19:14:37.931+0000] {processor.py:914} INFO - Processing file /home/airflow/.local/lib/python3.12/site-packages/airflow/example_dags/example_bash_decorator.py for tasks to queue
[2025-08-26T19:14:37.932+0000] {logging_mixin.py:190} INFO - [2025-08-26T19:14:37.932+0000] {dagbag.py:588} INFO - Filling up the DagBag from /home/airflow/.local/lib/python3.12/site-packages/airflow/example_dags/example_bash_decorator.py
[2025-08-26T19:14:37.938+0000] {processor.py:925} INFO - DAG(s) 'example_bash_decorator' retrieved from /home/airflow/.local/lib/python3.12/site-packages/airflow/example_dags/example_bash_decorator.py
[2025-08-26T19:14:37.947+0000] {logging_mixin.py:190} INFO - [2025-08-26T19:14:37.947+0000] {dag.py:3239} INFO - Sync 1 DAGs
[2025-08-26T19:14:37.956+0000] {logging_mixin.py:190} INFO - [2025-08-26T19:14:37.956+0000] {dag.py:4180} INFO - Setting next_dagrun for example_bash_decorator to None, run_after=None
[2025-08-26T19:14:37.964+0000] {processor.py:208} INFO - Processing /home/airflow/.local/lib/python3.12/site-packages/airflow/example_dags/example_bash_decorator.py took 0.035 seconds
