[2025-08-26T15:43:48.531+0000] {processor.py:186} INFO - Started process (PID=47) to work on /home/airflow/.local/lib/python3.12/site-packages/airflow/example_dags/example_python_decorator.py
[2025-08-26T15:43:48.532+0000] {processor.py:914} INFO - Processing file /home/airflow/.local/lib/python3.12/site-packages/airflow/example_dags/example_python_decorator.py for tasks to queue
[2025-08-26T15:43:48.533+0000] {logging_mixin.py:190} INFO - [2025-08-26T15:43:48.533+0000] {dagbag.py:588} INFO - Filling up the DagBag from /home/airflow/.local/lib/python3.12/site-packages/airflow/example_dags/example_python_decorator.py
[2025-08-26T15:43:48.547+0000] {processor.py:925} INFO - DAG(s) 'example_python_decorator' retrieved from /home/airflow/.local/lib/python3.12/site-packages/airflow/example_dags/example_python_decorator.py
[2025-08-26T15:43:48.591+0000] {logging_mixin.py:190} INFO - [2025-08-26T15:43:48.591+0000] {override.py:1900} INFO - Created Permission View: can edit on DAG:example_python_decorator
[2025-08-26T15:43:48.594+0000] {logging_mixin.py:190} INFO - [2025-08-26T15:43:48.593+0000] {override.py:1900} INFO - Created Permission View: can delete on DAG:example_python_decorator
[2025-08-26T15:43:48.595+0000] {logging_mixin.py:190} INFO - [2025-08-26T15:43:48.595+0000] {override.py:1900} INFO - Created Permission View: can read on DAG:example_python_decorator
[2025-08-26T15:43:48.596+0000] {logging_mixin.py:190} INFO - [2025-08-26T15:43:48.596+0000] {override.py:1900} INFO - Created Permission View: can create on DAG Run:example_python_decorator
[2025-08-26T15:43:48.598+0000] {logging_mixin.py:190} INFO - [2025-08-26T15:43:48.598+0000] {override.py:1900} INFO - Created Permission View: can delete on DAG Run:example_python_decorator
[2025-08-26T15:43:48.599+0000] {logging_mixin.py:190} INFO - [2025-08-26T15:43:48.599+0000] {override.py:1900} INFO - Created Permission View: menu access on DAG Run:example_python_decorator
[2025-08-26T15:43:48.601+0000] {logging_mixin.py:190} INFO - [2025-08-26T15:43:48.601+0000] {override.py:1900} INFO - Created Permission View: can read on DAG Run:example_python_decorator
[2025-08-26T15:43:48.601+0000] {logging_mixin.py:190} INFO - [2025-08-26T15:43:48.601+0000] {dag.py:3239} INFO - Sync 1 DAGs
[2025-08-26T15:43:48.605+0000] {logging_mixin.py:190} INFO - [2025-08-26T15:43:48.605+0000] {dag.py:3262} INFO - Creating ORM DAG for example_python_decorator
[2025-08-26T15:43:48.605+0000] {logging_mixin.py:190} INFO - [2025-08-26T15:43:48.605+0000] {dag.py:4180} INFO - Setting next_dagrun for example_python_decorator to None, run_after=None
[2025-08-26T15:43:48.610+0000] {processor.py:208} INFO - Processing /home/airflow/.local/lib/python3.12/site-packages/airflow/example_dags/example_python_decorator.py took 0.082 seconds
[2025-08-26T15:44:18.799+0000] {processor.py:186} INFO - Started process (PID=109) to work on /home/airflow/.local/lib/python3.12/site-packages/airflow/example_dags/example_python_decorator.py
[2025-08-26T15:44:18.801+0000] {processor.py:914} INFO - Processing file /home/airflow/.local/lib/python3.12/site-packages/airflow/example_dags/example_python_decorator.py for tasks to queue
[2025-08-26T15:44:18.802+0000] {logging_mixin.py:190} INFO - [2025-08-26T15:44:18.802+0000] {dagbag.py:588} INFO - Filling up the DagBag from /home/airflow/.local/lib/python3.12/site-packages/airflow/example_dags/example_python_decorator.py
[2025-08-26T15:44:18.811+0000] {processor.py:925} INFO - DAG(s) 'example_python_decorator' retrieved from /home/airflow/.local/lib/python3.12/site-packages/airflow/example_dags/example_python_decorator.py
[2025-08-26T15:44:18.820+0000] {logging_mixin.py:190} INFO - [2025-08-26T15:44:18.820+0000] {dag.py:3239} INFO - Sync 1 DAGs
[2025-08-26T15:44:18.826+0000] {logging_mixin.py:190} INFO - [2025-08-26T15:44:18.826+0000] {dag.py:4180} INFO - Setting next_dagrun for example_python_decorator to None, run_after=None
[2025-08-26T15:44:18.835+0000] {processor.py:208} INFO - Processing /home/airflow/.local/lib/python3.12/site-packages/airflow/example_dags/example_python_decorator.py took 0.038 seconds
[2025-08-26T15:44:49.469+0000] {processor.py:186} INFO - Started process (PID=178) to work on /home/airflow/.local/lib/python3.12/site-packages/airflow/example_dags/example_python_decorator.py
[2025-08-26T15:44:49.470+0000] {processor.py:914} INFO - Processing file /home/airflow/.local/lib/python3.12/site-packages/airflow/example_dags/example_python_decorator.py for tasks to queue
[2025-08-26T15:44:49.471+0000] {logging_mixin.py:190} INFO - [2025-08-26T15:44:49.470+0000] {dagbag.py:588} INFO - Filling up the DagBag from /home/airflow/.local/lib/python3.12/site-packages/airflow/example_dags/example_python_decorator.py
[2025-08-26T15:44:49.478+0000] {processor.py:925} INFO - DAG(s) 'example_python_decorator' retrieved from /home/airflow/.local/lib/python3.12/site-packages/airflow/example_dags/example_python_decorator.py
[2025-08-26T15:44:49.487+0000] {logging_mixin.py:190} INFO - [2025-08-26T15:44:49.487+0000] {dag.py:3239} INFO - Sync 1 DAGs
[2025-08-26T15:44:49.493+0000] {logging_mixin.py:190} INFO - [2025-08-26T15:44:49.493+0000] {dag.py:4180} INFO - Setting next_dagrun for example_python_decorator to None, run_after=None
[2025-08-26T15:44:49.499+0000] {processor.py:208} INFO - Processing /home/airflow/.local/lib/python3.12/site-packages/airflow/example_dags/example_python_decorator.py took 0.032 seconds
[2025-08-26T15:45:20.325+0000] {processor.py:186} INFO - Started process (PID=241) to work on /home/airflow/.local/lib/python3.12/site-packages/airflow/example_dags/example_python_decorator.py
[2025-08-26T15:45:20.325+0000] {processor.py:914} INFO - Processing file /home/airflow/.local/lib/python3.12/site-packages/airflow/example_dags/example_python_decorator.py for tasks to queue
[2025-08-26T15:45:20.326+0000] {logging_mixin.py:190} INFO - [2025-08-26T15:45:20.326+0000] {dagbag.py:588} INFO - Filling up the DagBag from /home/airflow/.local/lib/python3.12/site-packages/airflow/example_dags/example_python_decorator.py
[2025-08-26T15:45:20.334+0000] {processor.py:925} INFO - DAG(s) 'example_python_decorator' retrieved from /home/airflow/.local/lib/python3.12/site-packages/airflow/example_dags/example_python_decorator.py
[2025-08-26T15:45:20.344+0000] {logging_mixin.py:190} INFO - [2025-08-26T15:45:20.344+0000] {dag.py:3239} INFO - Sync 1 DAGs
[2025-08-26T15:45:20.349+0000] {logging_mixin.py:190} INFO - [2025-08-26T15:45:20.349+0000] {dag.py:4180} INFO - Setting next_dagrun for example_python_decorator to None, run_after=None
[2025-08-26T15:45:20.363+0000] {processor.py:208} INFO - Processing /home/airflow/.local/lib/python3.12/site-packages/airflow/example_dags/example_python_decorator.py took 0.040 seconds
[2025-08-26T15:56:42.515+0000] {processor.py:186} INFO - Started process (PID=298) to work on /home/airflow/.local/lib/python3.12/site-packages/airflow/example_dags/example_python_decorator.py
[2025-08-26T15:56:42.516+0000] {processor.py:914} INFO - Processing file /home/airflow/.local/lib/python3.12/site-packages/airflow/example_dags/example_python_decorator.py for tasks to queue
[2025-08-26T15:56:42.517+0000] {logging_mixin.py:190} INFO - [2025-08-26T15:56:42.517+0000] {dagbag.py:588} INFO - Filling up the DagBag from /home/airflow/.local/lib/python3.12/site-packages/airflow/example_dags/example_python_decorator.py
[2025-08-26T15:56:42.522+0000] {processor.py:925} INFO - DAG(s) 'example_python_decorator' retrieved from /home/airflow/.local/lib/python3.12/site-packages/airflow/example_dags/example_python_decorator.py
[2025-08-26T15:56:42.532+0000] {logging_mixin.py:190} INFO - [2025-08-26T15:56:42.532+0000] {dag.py:3239} INFO - Sync 1 DAGs
[2025-08-26T15:56:42.537+0000] {logging_mixin.py:190} INFO - [2025-08-26T15:56:42.537+0000] {dag.py:4180} INFO - Setting next_dagrun for example_python_decorator to None, run_after=None
[2025-08-26T15:56:42.543+0000] {processor.py:208} INFO - Processing /home/airflow/.local/lib/python3.12/site-packages/airflow/example_dags/example_python_decorator.py took 0.030 seconds
[2025-08-26T16:32:53.102+0000] {processor.py:186} INFO - Started process (PID=361) to work on /home/airflow/.local/lib/python3.12/site-packages/airflow/example_dags/example_python_decorator.py
[2025-08-26T16:32:53.103+0000] {processor.py:914} INFO - Processing file /home/airflow/.local/lib/python3.12/site-packages/airflow/example_dags/example_python_decorator.py for tasks to queue
[2025-08-26T16:32:53.104+0000] {logging_mixin.py:190} INFO - [2025-08-26T16:32:53.104+0000] {dagbag.py:588} INFO - Filling up the DagBag from /home/airflow/.local/lib/python3.12/site-packages/airflow/example_dags/example_python_decorator.py
[2025-08-26T16:32:53.111+0000] {processor.py:925} INFO - DAG(s) 'example_python_decorator' retrieved from /home/airflow/.local/lib/python3.12/site-packages/airflow/example_dags/example_python_decorator.py
[2025-08-26T16:32:53.122+0000] {logging_mixin.py:190} INFO - [2025-08-26T16:32:53.122+0000] {dag.py:3239} INFO - Sync 1 DAGs
[2025-08-26T16:32:53.130+0000] {logging_mixin.py:190} INFO - [2025-08-26T16:32:53.130+0000] {dag.py:4180} INFO - Setting next_dagrun for example_python_decorator to None, run_after=None
[2025-08-26T16:32:53.141+0000] {processor.py:208} INFO - Processing /home/airflow/.local/lib/python3.12/site-packages/airflow/example_dags/example_python_decorator.py took 0.042 seconds
[2025-08-26T18:02:29.235+0000] {processor.py:186} INFO - Started process (PID=424) to work on /home/airflow/.local/lib/python3.12/site-packages/airflow/example_dags/example_python_decorator.py
[2025-08-26T18:02:29.236+0000] {processor.py:914} INFO - Processing file /home/airflow/.local/lib/python3.12/site-packages/airflow/example_dags/example_python_decorator.py for tasks to queue
[2025-08-26T18:02:29.237+0000] {logging_mixin.py:190} INFO - [2025-08-26T18:02:29.237+0000] {dagbag.py:588} INFO - Filling up the DagBag from /home/airflow/.local/lib/python3.12/site-packages/airflow/example_dags/example_python_decorator.py
[2025-08-26T18:02:29.249+0000] {processor.py:925} INFO - DAG(s) 'example_python_decorator' retrieved from /home/airflow/.local/lib/python3.12/site-packages/airflow/example_dags/example_python_decorator.py
[2025-08-26T18:02:29.267+0000] {logging_mixin.py:190} INFO - [2025-08-26T18:02:29.267+0000] {dag.py:3239} INFO - Sync 1 DAGs
[2025-08-26T18:02:29.277+0000] {logging_mixin.py:190} INFO - [2025-08-26T18:02:29.277+0000] {dag.py:4180} INFO - Setting next_dagrun for example_python_decorator to None, run_after=None
[2025-08-26T18:02:29.287+0000] {processor.py:208} INFO - Processing /home/airflow/.local/lib/python3.12/site-packages/airflow/example_dags/example_python_decorator.py took 0.054 seconds
[2025-08-26T18:46:59.177+0000] {processor.py:186} INFO - Started process (PID=487) to work on /home/airflow/.local/lib/python3.12/site-packages/airflow/example_dags/example_python_decorator.py
[2025-08-26T18:46:59.179+0000] {processor.py:914} INFO - Processing file /home/airflow/.local/lib/python3.12/site-packages/airflow/example_dags/example_python_decorator.py for tasks to queue
[2025-08-26T18:46:59.181+0000] {logging_mixin.py:190} INFO - [2025-08-26T18:46:59.181+0000] {dagbag.py:588} INFO - Filling up the DagBag from /home/airflow/.local/lib/python3.12/site-packages/airflow/example_dags/example_python_decorator.py
[2025-08-26T18:46:59.187+0000] {processor.py:925} INFO - DAG(s) 'example_python_decorator' retrieved from /home/airflow/.local/lib/python3.12/site-packages/airflow/example_dags/example_python_decorator.py
[2025-08-26T18:46:59.202+0000] {logging_mixin.py:190} INFO - [2025-08-26T18:46:59.202+0000] {dag.py:3239} INFO - Sync 1 DAGs
[2025-08-26T18:46:59.208+0000] {logging_mixin.py:190} INFO - [2025-08-26T18:46:59.208+0000] {dag.py:4180} INFO - Setting next_dagrun for example_python_decorator to None, run_after=None
[2025-08-26T18:46:59.218+0000] {processor.py:208} INFO - Processing /home/airflow/.local/lib/python3.12/site-packages/airflow/example_dags/example_python_decorator.py took 0.046 seconds
[2025-08-26T18:47:30.069+0000] {processor.py:186} INFO - Started process (PID=550) to work on /home/airflow/.local/lib/python3.12/site-packages/airflow/example_dags/example_python_decorator.py
[2025-08-26T18:47:30.071+0000] {processor.py:914} INFO - Processing file /home/airflow/.local/lib/python3.12/site-packages/airflow/example_dags/example_python_decorator.py for tasks to queue
[2025-08-26T18:47:30.072+0000] {logging_mixin.py:190} INFO - [2025-08-26T18:47:30.072+0000] {dagbag.py:588} INFO - Filling up the DagBag from /home/airflow/.local/lib/python3.12/site-packages/airflow/example_dags/example_python_decorator.py
[2025-08-26T18:47:30.078+0000] {processor.py:925} INFO - DAG(s) 'example_python_decorator' retrieved from /home/airflow/.local/lib/python3.12/site-packages/airflow/example_dags/example_python_decorator.py
[2025-08-26T18:47:30.086+0000] {logging_mixin.py:190} INFO - [2025-08-26T18:47:30.086+0000] {dag.py:3239} INFO - Sync 1 DAGs
[2025-08-26T18:47:30.092+0000] {logging_mixin.py:190} INFO - [2025-08-26T18:47:30.092+0000] {dag.py:4180} INFO - Setting next_dagrun for example_python_decorator to None, run_after=None
[2025-08-26T18:47:30.103+0000] {processor.py:208} INFO - Processing /home/airflow/.local/lib/python3.12/site-packages/airflow/example_dags/example_python_decorator.py took 0.037 seconds
[2025-08-26T18:48:00.848+0000] {processor.py:186} INFO - Started process (PID=613) to work on /home/airflow/.local/lib/python3.12/site-packages/airflow/example_dags/example_python_decorator.py
[2025-08-26T18:48:00.849+0000] {processor.py:914} INFO - Processing file /home/airflow/.local/lib/python3.12/site-packages/airflow/example_dags/example_python_decorator.py for tasks to queue
[2025-08-26T18:48:00.850+0000] {logging_mixin.py:190} INFO - [2025-08-26T18:48:00.850+0000] {dagbag.py:588} INFO - Filling up the DagBag from /home/airflow/.local/lib/python3.12/site-packages/airflow/example_dags/example_python_decorator.py
[2025-08-26T18:48:00.855+0000] {processor.py:925} INFO - DAG(s) 'example_python_decorator' retrieved from /home/airflow/.local/lib/python3.12/site-packages/airflow/example_dags/example_python_decorator.py
[2025-08-26T18:48:00.867+0000] {logging_mixin.py:190} INFO - [2025-08-26T18:48:00.867+0000] {dag.py:3239} INFO - Sync 1 DAGs
[2025-08-26T18:48:00.873+0000] {logging_mixin.py:190} INFO - [2025-08-26T18:48:00.873+0000] {dag.py:4180} INFO - Setting next_dagrun for example_python_decorator to None, run_after=None
[2025-08-26T18:48:00.882+0000] {processor.py:208} INFO - Processing /home/airflow/.local/lib/python3.12/site-packages/airflow/example_dags/example_python_decorator.py took 0.036 seconds
[2025-08-26T18:48:31.691+0000] {processor.py:186} INFO - Started process (PID=676) to work on /home/airflow/.local/lib/python3.12/site-packages/airflow/example_dags/example_python_decorator.py
[2025-08-26T18:48:31.691+0000] {processor.py:914} INFO - Processing file /home/airflow/.local/lib/python3.12/site-packages/airflow/example_dags/example_python_decorator.py for tasks to queue
[2025-08-26T18:48:31.692+0000] {logging_mixin.py:190} INFO - [2025-08-26T18:48:31.692+0000] {dagbag.py:588} INFO - Filling up the DagBag from /home/airflow/.local/lib/python3.12/site-packages/airflow/example_dags/example_python_decorator.py
[2025-08-26T18:48:31.698+0000] {processor.py:925} INFO - DAG(s) 'example_python_decorator' retrieved from /home/airflow/.local/lib/python3.12/site-packages/airflow/example_dags/example_python_decorator.py
[2025-08-26T18:48:31.707+0000] {logging_mixin.py:190} INFO - [2025-08-26T18:48:31.707+0000] {dag.py:3239} INFO - Sync 1 DAGs
[2025-08-26T18:48:31.712+0000] {logging_mixin.py:190} INFO - [2025-08-26T18:48:31.712+0000] {dag.py:4180} INFO - Setting next_dagrun for example_python_decorator to None, run_after=None
[2025-08-26T18:48:31.718+0000] {processor.py:208} INFO - Processing /home/airflow/.local/lib/python3.12/site-packages/airflow/example_dags/example_python_decorator.py took 0.029 seconds
[2025-08-26T18:49:02.344+0000] {processor.py:186} INFO - Started process (PID=739) to work on /home/airflow/.local/lib/python3.12/site-packages/airflow/example_dags/example_python_decorator.py
[2025-08-26T18:49:02.344+0000] {processor.py:914} INFO - Processing file /home/airflow/.local/lib/python3.12/site-packages/airflow/example_dags/example_python_decorator.py for tasks to queue
[2025-08-26T18:49:02.346+0000] {logging_mixin.py:190} INFO - [2025-08-26T18:49:02.346+0000] {dagbag.py:588} INFO - Filling up the DagBag from /home/airflow/.local/lib/python3.12/site-packages/airflow/example_dags/example_python_decorator.py
[2025-08-26T18:49:02.352+0000] {processor.py:925} INFO - DAG(s) 'example_python_decorator' retrieved from /home/airflow/.local/lib/python3.12/site-packages/airflow/example_dags/example_python_decorator.py
[2025-08-26T18:49:02.361+0000] {logging_mixin.py:190} INFO - [2025-08-26T18:49:02.361+0000] {dag.py:3239} INFO - Sync 1 DAGs
[2025-08-26T18:49:02.366+0000] {logging_mixin.py:190} INFO - [2025-08-26T18:49:02.366+0000] {dag.py:4180} INFO - Setting next_dagrun for example_python_decorator to None, run_after=None
[2025-08-26T18:49:02.376+0000] {processor.py:208} INFO - Processing /home/airflow/.local/lib/python3.12/site-packages/airflow/example_dags/example_python_decorator.py took 0.034 seconds
[2025-08-26T18:49:33.087+0000] {processor.py:186} INFO - Started process (PID=803) to work on /home/airflow/.local/lib/python3.12/site-packages/airflow/example_dags/example_python_decorator.py
[2025-08-26T18:49:33.087+0000] {processor.py:914} INFO - Processing file /home/airflow/.local/lib/python3.12/site-packages/airflow/example_dags/example_python_decorator.py for tasks to queue
[2025-08-26T18:49:33.088+0000] {logging_mixin.py:190} INFO - [2025-08-26T18:49:33.088+0000] {dagbag.py:588} INFO - Filling up the DagBag from /home/airflow/.local/lib/python3.12/site-packages/airflow/example_dags/example_python_decorator.py
[2025-08-26T18:49:33.094+0000] {processor.py:925} INFO - DAG(s) 'example_python_decorator' retrieved from /home/airflow/.local/lib/python3.12/site-packages/airflow/example_dags/example_python_decorator.py
[2025-08-26T18:49:33.105+0000] {logging_mixin.py:190} INFO - [2025-08-26T18:49:33.105+0000] {dag.py:3239} INFO - Sync 1 DAGs
[2025-08-26T18:49:33.110+0000] {logging_mixin.py:190} INFO - [2025-08-26T18:49:33.110+0000] {dag.py:4180} INFO - Setting next_dagrun for example_python_decorator to None, run_after=None
[2025-08-26T18:49:33.116+0000] {processor.py:208} INFO - Processing /home/airflow/.local/lib/python3.12/site-packages/airflow/example_dags/example_python_decorator.py took 0.031 seconds
[2025-08-26T18:50:03.714+0000] {processor.py:186} INFO - Started process (PID=866) to work on /home/airflow/.local/lib/python3.12/site-packages/airflow/example_dags/example_python_decorator.py
[2025-08-26T18:50:03.715+0000] {processor.py:914} INFO - Processing file /home/airflow/.local/lib/python3.12/site-packages/airflow/example_dags/example_python_decorator.py for tasks to queue
[2025-08-26T18:50:03.716+0000] {logging_mixin.py:190} INFO - [2025-08-26T18:50:03.716+0000] {dagbag.py:588} INFO - Filling up the DagBag from /home/airflow/.local/lib/python3.12/site-packages/airflow/example_dags/example_python_decorator.py
[2025-08-26T18:50:03.722+0000] {processor.py:925} INFO - DAG(s) 'example_python_decorator' retrieved from /home/airflow/.local/lib/python3.12/site-packages/airflow/example_dags/example_python_decorator.py
[2025-08-26T18:50:03.729+0000] {logging_mixin.py:190} INFO - [2025-08-26T18:50:03.729+0000] {dag.py:3239} INFO - Sync 1 DAGs
[2025-08-26T18:50:03.733+0000] {logging_mixin.py:190} INFO - [2025-08-26T18:50:03.733+0000] {dag.py:4180} INFO - Setting next_dagrun for example_python_decorator to None, run_after=None
[2025-08-26T18:50:03.741+0000] {processor.py:208} INFO - Processing /home/airflow/.local/lib/python3.12/site-packages/airflow/example_dags/example_python_decorator.py took 0.029 seconds
[2025-08-26T18:50:34.271+0000] {processor.py:186} INFO - Started process (PID=929) to work on /home/airflow/.local/lib/python3.12/site-packages/airflow/example_dags/example_python_decorator.py
[2025-08-26T18:50:34.272+0000] {processor.py:914} INFO - Processing file /home/airflow/.local/lib/python3.12/site-packages/airflow/example_dags/example_python_decorator.py for tasks to queue
[2025-08-26T18:50:34.273+0000] {logging_mixin.py:190} INFO - [2025-08-26T18:50:34.273+0000] {dagbag.py:588} INFO - Filling up the DagBag from /home/airflow/.local/lib/python3.12/site-packages/airflow/example_dags/example_python_decorator.py
[2025-08-26T18:50:34.278+0000] {processor.py:925} INFO - DAG(s) 'example_python_decorator' retrieved from /home/airflow/.local/lib/python3.12/site-packages/airflow/example_dags/example_python_decorator.py
[2025-08-26T18:50:34.285+0000] {logging_mixin.py:190} INFO - [2025-08-26T18:50:34.285+0000] {dag.py:3239} INFO - Sync 1 DAGs
[2025-08-26T18:50:34.290+0000] {logging_mixin.py:190} INFO - [2025-08-26T18:50:34.290+0000] {dag.py:4180} INFO - Setting next_dagrun for example_python_decorator to None, run_after=None
[2025-08-26T18:50:34.300+0000] {processor.py:208} INFO - Processing /home/airflow/.local/lib/python3.12/site-packages/airflow/example_dags/example_python_decorator.py took 0.032 seconds
[2025-08-26T18:51:04.815+0000] {processor.py:186} INFO - Started process (PID=992) to work on /home/airflow/.local/lib/python3.12/site-packages/airflow/example_dags/example_python_decorator.py
[2025-08-26T18:51:04.816+0000] {processor.py:914} INFO - Processing file /home/airflow/.local/lib/python3.12/site-packages/airflow/example_dags/example_python_decorator.py for tasks to queue
[2025-08-26T18:51:04.816+0000] {logging_mixin.py:190} INFO - [2025-08-26T18:51:04.816+0000] {dagbag.py:588} INFO - Filling up the DagBag from /home/airflow/.local/lib/python3.12/site-packages/airflow/example_dags/example_python_decorator.py
[2025-08-26T18:51:04.822+0000] {processor.py:925} INFO - DAG(s) 'example_python_decorator' retrieved from /home/airflow/.local/lib/python3.12/site-packages/airflow/example_dags/example_python_decorator.py
[2025-08-26T18:51:04.829+0000] {logging_mixin.py:190} INFO - [2025-08-26T18:51:04.829+0000] {dag.py:3239} INFO - Sync 1 DAGs
[2025-08-26T18:51:04.834+0000] {logging_mixin.py:190} INFO - [2025-08-26T18:51:04.834+0000] {dag.py:4180} INFO - Setting next_dagrun for example_python_decorator to None, run_after=None
[2025-08-26T18:51:04.846+0000] {processor.py:208} INFO - Processing /home/airflow/.local/lib/python3.12/site-packages/airflow/example_dags/example_python_decorator.py took 0.033 seconds
[2025-08-26T18:51:35.400+0000] {processor.py:186} INFO - Started process (PID=1055) to work on /home/airflow/.local/lib/python3.12/site-packages/airflow/example_dags/example_python_decorator.py
[2025-08-26T18:51:35.400+0000] {processor.py:914} INFO - Processing file /home/airflow/.local/lib/python3.12/site-packages/airflow/example_dags/example_python_decorator.py for tasks to queue
[2025-08-26T18:51:35.401+0000] {logging_mixin.py:190} INFO - [2025-08-26T18:51:35.401+0000] {dagbag.py:588} INFO - Filling up the DagBag from /home/airflow/.local/lib/python3.12/site-packages/airflow/example_dags/example_python_decorator.py
[2025-08-26T18:51:35.406+0000] {processor.py:925} INFO - DAG(s) 'example_python_decorator' retrieved from /home/airflow/.local/lib/python3.12/site-packages/airflow/example_dags/example_python_decorator.py
[2025-08-26T18:51:35.415+0000] {logging_mixin.py:190} INFO - [2025-08-26T18:51:35.415+0000] {dag.py:3239} INFO - Sync 1 DAGs
[2025-08-26T18:51:35.420+0000] {logging_mixin.py:190} INFO - [2025-08-26T18:51:35.420+0000] {dag.py:4180} INFO - Setting next_dagrun for example_python_decorator to None, run_after=None
[2025-08-26T18:51:35.425+0000] {processor.py:208} INFO - Processing /home/airflow/.local/lib/python3.12/site-packages/airflow/example_dags/example_python_decorator.py took 0.028 seconds
[2025-08-26T18:52:06.007+0000] {processor.py:186} INFO - Started process (PID=1118) to work on /home/airflow/.local/lib/python3.12/site-packages/airflow/example_dags/example_python_decorator.py
[2025-08-26T18:52:06.008+0000] {processor.py:914} INFO - Processing file /home/airflow/.local/lib/python3.12/site-packages/airflow/example_dags/example_python_decorator.py for tasks to queue
[2025-08-26T18:52:06.009+0000] {logging_mixin.py:190} INFO - [2025-08-26T18:52:06.009+0000] {dagbag.py:588} INFO - Filling up the DagBag from /home/airflow/.local/lib/python3.12/site-packages/airflow/example_dags/example_python_decorator.py
[2025-08-26T18:52:06.014+0000] {processor.py:925} INFO - DAG(s) 'example_python_decorator' retrieved from /home/airflow/.local/lib/python3.12/site-packages/airflow/example_dags/example_python_decorator.py
[2025-08-26T18:52:06.023+0000] {logging_mixin.py:190} INFO - [2025-08-26T18:52:06.022+0000] {dag.py:3239} INFO - Sync 1 DAGs
[2025-08-26T18:52:06.027+0000] {logging_mixin.py:190} INFO - [2025-08-26T18:52:06.027+0000] {dag.py:4180} INFO - Setting next_dagrun for example_python_decorator to None, run_after=None
[2025-08-26T18:52:06.033+0000] {processor.py:208} INFO - Processing /home/airflow/.local/lib/python3.12/site-packages/airflow/example_dags/example_python_decorator.py took 0.029 seconds
[2025-08-26T18:52:36.734+0000] {processor.py:186} INFO - Started process (PID=1181) to work on /home/airflow/.local/lib/python3.12/site-packages/airflow/example_dags/example_python_decorator.py
[2025-08-26T18:52:36.734+0000] {processor.py:914} INFO - Processing file /home/airflow/.local/lib/python3.12/site-packages/airflow/example_dags/example_python_decorator.py for tasks to queue
[2025-08-26T18:52:36.735+0000] {logging_mixin.py:190} INFO - [2025-08-26T18:52:36.735+0000] {dagbag.py:588} INFO - Filling up the DagBag from /home/airflow/.local/lib/python3.12/site-packages/airflow/example_dags/example_python_decorator.py
[2025-08-26T18:52:36.741+0000] {processor.py:925} INFO - DAG(s) 'example_python_decorator' retrieved from /home/airflow/.local/lib/python3.12/site-packages/airflow/example_dags/example_python_decorator.py
[2025-08-26T18:52:36.749+0000] {logging_mixin.py:190} INFO - [2025-08-26T18:52:36.749+0000] {dag.py:3239} INFO - Sync 1 DAGs
[2025-08-26T18:52:36.755+0000] {logging_mixin.py:190} INFO - [2025-08-26T18:52:36.755+0000] {dag.py:4180} INFO - Setting next_dagrun for example_python_decorator to None, run_after=None
[2025-08-26T18:52:36.766+0000] {processor.py:208} INFO - Processing /home/airflow/.local/lib/python3.12/site-packages/airflow/example_dags/example_python_decorator.py took 0.034 seconds
[2025-08-26T18:53:07.332+0000] {processor.py:186} INFO - Started process (PID=1244) to work on /home/airflow/.local/lib/python3.12/site-packages/airflow/example_dags/example_python_decorator.py
[2025-08-26T18:53:07.333+0000] {processor.py:914} INFO - Processing file /home/airflow/.local/lib/python3.12/site-packages/airflow/example_dags/example_python_decorator.py for tasks to queue
[2025-08-26T18:53:07.334+0000] {logging_mixin.py:190} INFO - [2025-08-26T18:53:07.333+0000] {dagbag.py:588} INFO - Filling up the DagBag from /home/airflow/.local/lib/python3.12/site-packages/airflow/example_dags/example_python_decorator.py
[2025-08-26T18:53:07.339+0000] {processor.py:925} INFO - DAG(s) 'example_python_decorator' retrieved from /home/airflow/.local/lib/python3.12/site-packages/airflow/example_dags/example_python_decorator.py
[2025-08-26T18:53:07.347+0000] {logging_mixin.py:190} INFO - [2025-08-26T18:53:07.347+0000] {dag.py:3239} INFO - Sync 1 DAGs
[2025-08-26T18:53:07.352+0000] {logging_mixin.py:190} INFO - [2025-08-26T18:53:07.352+0000] {dag.py:4180} INFO - Setting next_dagrun for example_python_decorator to None, run_after=None
[2025-08-26T18:53:07.362+0000] {processor.py:208} INFO - Processing /home/airflow/.local/lib/python3.12/site-packages/airflow/example_dags/example_python_decorator.py took 0.032 seconds
[2025-08-26T18:53:37.911+0000] {processor.py:186} INFO - Started process (PID=1307) to work on /home/airflow/.local/lib/python3.12/site-packages/airflow/example_dags/example_python_decorator.py
[2025-08-26T18:53:37.911+0000] {processor.py:914} INFO - Processing file /home/airflow/.local/lib/python3.12/site-packages/airflow/example_dags/example_python_decorator.py for tasks to queue
[2025-08-26T18:53:37.913+0000] {logging_mixin.py:190} INFO - [2025-08-26T18:53:37.913+0000] {dagbag.py:588} INFO - Filling up the DagBag from /home/airflow/.local/lib/python3.12/site-packages/airflow/example_dags/example_python_decorator.py
[2025-08-26T18:53:37.918+0000] {processor.py:925} INFO - DAG(s) 'example_python_decorator' retrieved from /home/airflow/.local/lib/python3.12/site-packages/airflow/example_dags/example_python_decorator.py
[2025-08-26T18:53:37.925+0000] {logging_mixin.py:190} INFO - [2025-08-26T18:53:37.925+0000] {dag.py:3239} INFO - Sync 1 DAGs
[2025-08-26T18:53:37.930+0000] {logging_mixin.py:190} INFO - [2025-08-26T18:53:37.930+0000] {dag.py:4180} INFO - Setting next_dagrun for example_python_decorator to None, run_after=None
[2025-08-26T18:53:37.942+0000] {processor.py:208} INFO - Processing /home/airflow/.local/lib/python3.12/site-packages/airflow/example_dags/example_python_decorator.py took 0.033 seconds
[2025-08-26T18:54:08.580+0000] {processor.py:186} INFO - Started process (PID=1370) to work on /home/airflow/.local/lib/python3.12/site-packages/airflow/example_dags/example_python_decorator.py
[2025-08-26T18:54:08.581+0000] {processor.py:914} INFO - Processing file /home/airflow/.local/lib/python3.12/site-packages/airflow/example_dags/example_python_decorator.py for tasks to queue
[2025-08-26T18:54:08.582+0000] {logging_mixin.py:190} INFO - [2025-08-26T18:54:08.581+0000] {dagbag.py:588} INFO - Filling up the DagBag from /home/airflow/.local/lib/python3.12/site-packages/airflow/example_dags/example_python_decorator.py
[2025-08-26T18:54:08.587+0000] {processor.py:925} INFO - DAG(s) 'example_python_decorator' retrieved from /home/airflow/.local/lib/python3.12/site-packages/airflow/example_dags/example_python_decorator.py
[2025-08-26T18:54:08.594+0000] {logging_mixin.py:190} INFO - [2025-08-26T18:54:08.594+0000] {dag.py:3239} INFO - Sync 1 DAGs
[2025-08-26T18:54:08.599+0000] {logging_mixin.py:190} INFO - [2025-08-26T18:54:08.599+0000] {dag.py:4180} INFO - Setting next_dagrun for example_python_decorator to None, run_after=None
[2025-08-26T18:54:08.608+0000] {processor.py:208} INFO - Processing /home/airflow/.local/lib/python3.12/site-packages/airflow/example_dags/example_python_decorator.py took 0.030 seconds
[2025-08-26T18:54:39.136+0000] {processor.py:186} INFO - Started process (PID=1433) to work on /home/airflow/.local/lib/python3.12/site-packages/airflow/example_dags/example_python_decorator.py
[2025-08-26T18:54:39.136+0000] {processor.py:914} INFO - Processing file /home/airflow/.local/lib/python3.12/site-packages/airflow/example_dags/example_python_decorator.py for tasks to queue
[2025-08-26T18:54:39.137+0000] {logging_mixin.py:190} INFO - [2025-08-26T18:54:39.137+0000] {dagbag.py:588} INFO - Filling up the DagBag from /home/airflow/.local/lib/python3.12/site-packages/airflow/example_dags/example_python_decorator.py
[2025-08-26T18:54:39.144+0000] {processor.py:925} INFO - DAG(s) 'example_python_decorator' retrieved from /home/airflow/.local/lib/python3.12/site-packages/airflow/example_dags/example_python_decorator.py
[2025-08-26T18:54:39.152+0000] {logging_mixin.py:190} INFO - [2025-08-26T18:54:39.152+0000] {dag.py:3239} INFO - Sync 1 DAGs
[2025-08-26T18:54:39.157+0000] {logging_mixin.py:190} INFO - [2025-08-26T18:54:39.157+0000] {dag.py:4180} INFO - Setting next_dagrun for example_python_decorator to None, run_after=None
[2025-08-26T18:54:39.162+0000] {processor.py:208} INFO - Processing /home/airflow/.local/lib/python3.12/site-packages/airflow/example_dags/example_python_decorator.py took 0.029 seconds
[2025-08-26T18:55:09.774+0000] {processor.py:186} INFO - Started process (PID=1496) to work on /home/airflow/.local/lib/python3.12/site-packages/airflow/example_dags/example_python_decorator.py
[2025-08-26T18:55:09.775+0000] {processor.py:914} INFO - Processing file /home/airflow/.local/lib/python3.12/site-packages/airflow/example_dags/example_python_decorator.py for tasks to queue
[2025-08-26T18:55:09.777+0000] {logging_mixin.py:190} INFO - [2025-08-26T18:55:09.777+0000] {dagbag.py:588} INFO - Filling up the DagBag from /home/airflow/.local/lib/python3.12/site-packages/airflow/example_dags/example_python_decorator.py
[2025-08-26T18:55:09.783+0000] {processor.py:925} INFO - DAG(s) 'example_python_decorator' retrieved from /home/airflow/.local/lib/python3.12/site-packages/airflow/example_dags/example_python_decorator.py
[2025-08-26T18:55:09.790+0000] {logging_mixin.py:190} INFO - [2025-08-26T18:55:09.790+0000] {dag.py:3239} INFO - Sync 1 DAGs
[2025-08-26T18:55:09.796+0000] {logging_mixin.py:190} INFO - [2025-08-26T18:55:09.795+0000] {dag.py:4180} INFO - Setting next_dagrun for example_python_decorator to None, run_after=None
[2025-08-26T18:55:09.805+0000] {processor.py:208} INFO - Processing /home/airflow/.local/lib/python3.12/site-packages/airflow/example_dags/example_python_decorator.py took 0.033 seconds
[2025-08-26T18:55:40.414+0000] {processor.py:186} INFO - Started process (PID=1559) to work on /home/airflow/.local/lib/python3.12/site-packages/airflow/example_dags/example_python_decorator.py
[2025-08-26T18:55:40.415+0000] {processor.py:914} INFO - Processing file /home/airflow/.local/lib/python3.12/site-packages/airflow/example_dags/example_python_decorator.py for tasks to queue
[2025-08-26T18:55:40.415+0000] {logging_mixin.py:190} INFO - [2025-08-26T18:55:40.415+0000] {dagbag.py:588} INFO - Filling up the DagBag from /home/airflow/.local/lib/python3.12/site-packages/airflow/example_dags/example_python_decorator.py
[2025-08-26T18:55:40.422+0000] {processor.py:925} INFO - DAG(s) 'example_python_decorator' retrieved from /home/airflow/.local/lib/python3.12/site-packages/airflow/example_dags/example_python_decorator.py
[2025-08-26T18:55:40.430+0000] {logging_mixin.py:190} INFO - [2025-08-26T18:55:40.430+0000] {dag.py:3239} INFO - Sync 1 DAGs
[2025-08-26T18:55:40.436+0000] {logging_mixin.py:190} INFO - [2025-08-26T18:55:40.436+0000] {dag.py:4180} INFO - Setting next_dagrun for example_python_decorator to None, run_after=None
[2025-08-26T18:55:40.441+0000] {processor.py:208} INFO - Processing /home/airflow/.local/lib/python3.12/site-packages/airflow/example_dags/example_python_decorator.py took 0.029 seconds
[2025-08-26T18:56:11.006+0000] {processor.py:186} INFO - Started process (PID=1622) to work on /home/airflow/.local/lib/python3.12/site-packages/airflow/example_dags/example_python_decorator.py
[2025-08-26T18:56:11.007+0000] {processor.py:914} INFO - Processing file /home/airflow/.local/lib/python3.12/site-packages/airflow/example_dags/example_python_decorator.py for tasks to queue
[2025-08-26T18:56:11.007+0000] {logging_mixin.py:190} INFO - [2025-08-26T18:56:11.007+0000] {dagbag.py:588} INFO - Filling up the DagBag from /home/airflow/.local/lib/python3.12/site-packages/airflow/example_dags/example_python_decorator.py
[2025-08-26T18:56:11.012+0000] {processor.py:925} INFO - DAG(s) 'example_python_decorator' retrieved from /home/airflow/.local/lib/python3.12/site-packages/airflow/example_dags/example_python_decorator.py
[2025-08-26T18:56:11.021+0000] {logging_mixin.py:190} INFO - [2025-08-26T18:56:11.021+0000] {dag.py:3239} INFO - Sync 1 DAGs
[2025-08-26T18:56:11.026+0000] {logging_mixin.py:190} INFO - [2025-08-26T18:56:11.026+0000] {dag.py:4180} INFO - Setting next_dagrun for example_python_decorator to None, run_after=None
[2025-08-26T18:56:11.037+0000] {processor.py:208} INFO - Processing /home/airflow/.local/lib/python3.12/site-packages/airflow/example_dags/example_python_decorator.py took 0.033 seconds
[2025-08-26T18:56:41.602+0000] {processor.py:186} INFO - Started process (PID=1685) to work on /home/airflow/.local/lib/python3.12/site-packages/airflow/example_dags/example_python_decorator.py
[2025-08-26T18:56:41.604+0000] {processor.py:914} INFO - Processing file /home/airflow/.local/lib/python3.12/site-packages/airflow/example_dags/example_python_decorator.py for tasks to queue
[2025-08-26T18:56:41.605+0000] {logging_mixin.py:190} INFO - [2025-08-26T18:56:41.605+0000] {dagbag.py:588} INFO - Filling up the DagBag from /home/airflow/.local/lib/python3.12/site-packages/airflow/example_dags/example_python_decorator.py
[2025-08-26T18:56:41.610+0000] {processor.py:925} INFO - DAG(s) 'example_python_decorator' retrieved from /home/airflow/.local/lib/python3.12/site-packages/airflow/example_dags/example_python_decorator.py
[2025-08-26T18:56:41.619+0000] {logging_mixin.py:190} INFO - [2025-08-26T18:56:41.619+0000] {dag.py:3239} INFO - Sync 1 DAGs
[2025-08-26T18:56:41.623+0000] {logging_mixin.py:190} INFO - [2025-08-26T18:56:41.623+0000] {dag.py:4180} INFO - Setting next_dagrun for example_python_decorator to None, run_after=None
[2025-08-26T18:56:41.628+0000] {processor.py:208} INFO - Processing /home/airflow/.local/lib/python3.12/site-packages/airflow/example_dags/example_python_decorator.py took 0.029 seconds
[2025-08-26T18:57:12.245+0000] {processor.py:186} INFO - Started process (PID=1748) to work on /home/airflow/.local/lib/python3.12/site-packages/airflow/example_dags/example_python_decorator.py
[2025-08-26T18:57:12.246+0000] {processor.py:914} INFO - Processing file /home/airflow/.local/lib/python3.12/site-packages/airflow/example_dags/example_python_decorator.py for tasks to queue
[2025-08-26T18:57:12.247+0000] {logging_mixin.py:190} INFO - [2025-08-26T18:57:12.247+0000] {dagbag.py:588} INFO - Filling up the DagBag from /home/airflow/.local/lib/python3.12/site-packages/airflow/example_dags/example_python_decorator.py
[2025-08-26T18:57:12.252+0000] {processor.py:925} INFO - DAG(s) 'example_python_decorator' retrieved from /home/airflow/.local/lib/python3.12/site-packages/airflow/example_dags/example_python_decorator.py
[2025-08-26T18:57:12.260+0000] {logging_mixin.py:190} INFO - [2025-08-26T18:57:12.260+0000] {dag.py:3239} INFO - Sync 1 DAGs
[2025-08-26T18:57:12.264+0000] {logging_mixin.py:190} INFO - [2025-08-26T18:57:12.264+0000] {dag.py:4180} INFO - Setting next_dagrun for example_python_decorator to None, run_after=None
[2025-08-26T18:57:12.276+0000] {processor.py:208} INFO - Processing /home/airflow/.local/lib/python3.12/site-packages/airflow/example_dags/example_python_decorator.py took 0.033 seconds
[2025-08-26T18:57:42.831+0000] {processor.py:186} INFO - Started process (PID=1811) to work on /home/airflow/.local/lib/python3.12/site-packages/airflow/example_dags/example_python_decorator.py
[2025-08-26T18:57:42.832+0000] {processor.py:914} INFO - Processing file /home/airflow/.local/lib/python3.12/site-packages/airflow/example_dags/example_python_decorator.py for tasks to queue
[2025-08-26T18:57:42.833+0000] {logging_mixin.py:190} INFO - [2025-08-26T18:57:42.833+0000] {dagbag.py:588} INFO - Filling up the DagBag from /home/airflow/.local/lib/python3.12/site-packages/airflow/example_dags/example_python_decorator.py
[2025-08-26T18:57:42.838+0000] {processor.py:925} INFO - DAG(s) 'example_python_decorator' retrieved from /home/airflow/.local/lib/python3.12/site-packages/airflow/example_dags/example_python_decorator.py
[2025-08-26T18:57:42.846+0000] {logging_mixin.py:190} INFO - [2025-08-26T18:57:42.846+0000] {dag.py:3239} INFO - Sync 1 DAGs
[2025-08-26T18:57:42.850+0000] {logging_mixin.py:190} INFO - [2025-08-26T18:57:42.850+0000] {dag.py:4180} INFO - Setting next_dagrun for example_python_decorator to None, run_after=None
[2025-08-26T18:57:42.862+0000] {processor.py:208} INFO - Processing /home/airflow/.local/lib/python3.12/site-packages/airflow/example_dags/example_python_decorator.py took 0.033 seconds
[2025-08-26T18:58:13.445+0000] {processor.py:186} INFO - Started process (PID=1874) to work on /home/airflow/.local/lib/python3.12/site-packages/airflow/example_dags/example_python_decorator.py
[2025-08-26T18:58:13.446+0000] {processor.py:914} INFO - Processing file /home/airflow/.local/lib/python3.12/site-packages/airflow/example_dags/example_python_decorator.py for tasks to queue
[2025-08-26T18:58:13.447+0000] {logging_mixin.py:190} INFO - [2025-08-26T18:58:13.447+0000] {dagbag.py:588} INFO - Filling up the DagBag from /home/airflow/.local/lib/python3.12/site-packages/airflow/example_dags/example_python_decorator.py
[2025-08-26T18:58:13.452+0000] {processor.py:925} INFO - DAG(s) 'example_python_decorator' retrieved from /home/airflow/.local/lib/python3.12/site-packages/airflow/example_dags/example_python_decorator.py
[2025-08-26T18:58:13.460+0000] {logging_mixin.py:190} INFO - [2025-08-26T18:58:13.460+0000] {dag.py:3239} INFO - Sync 1 DAGs
[2025-08-26T18:58:13.465+0000] {logging_mixin.py:190} INFO - [2025-08-26T18:58:13.465+0000] {dag.py:4180} INFO - Setting next_dagrun for example_python_decorator to None, run_after=None
[2025-08-26T18:58:13.473+0000] {processor.py:208} INFO - Processing /home/airflow/.local/lib/python3.12/site-packages/airflow/example_dags/example_python_decorator.py took 0.030 seconds
[2025-08-26T18:58:44.056+0000] {processor.py:186} INFO - Started process (PID=1937) to work on /home/airflow/.local/lib/python3.12/site-packages/airflow/example_dags/example_python_decorator.py
[2025-08-26T18:58:44.057+0000] {processor.py:914} INFO - Processing file /home/airflow/.local/lib/python3.12/site-packages/airflow/example_dags/example_python_decorator.py for tasks to queue
[2025-08-26T18:58:44.057+0000] {logging_mixin.py:190} INFO - [2025-08-26T18:58:44.057+0000] {dagbag.py:588} INFO - Filling up the DagBag from /home/airflow/.local/lib/python3.12/site-packages/airflow/example_dags/example_python_decorator.py
[2025-08-26T18:58:44.062+0000] {processor.py:925} INFO - DAG(s) 'example_python_decorator' retrieved from /home/airflow/.local/lib/python3.12/site-packages/airflow/example_dags/example_python_decorator.py
[2025-08-26T18:58:44.071+0000] {logging_mixin.py:190} INFO - [2025-08-26T18:58:44.071+0000] {dag.py:3239} INFO - Sync 1 DAGs
[2025-08-26T18:58:44.076+0000] {logging_mixin.py:190} INFO - [2025-08-26T18:58:44.076+0000] {dag.py:4180} INFO - Setting next_dagrun for example_python_decorator to None, run_after=None
[2025-08-26T18:58:44.084+0000] {processor.py:208} INFO - Processing /home/airflow/.local/lib/python3.12/site-packages/airflow/example_dags/example_python_decorator.py took 0.030 seconds
[2025-08-26T18:59:14.630+0000] {processor.py:186} INFO - Started process (PID=2000) to work on /home/airflow/.local/lib/python3.12/site-packages/airflow/example_dags/example_python_decorator.py
[2025-08-26T18:59:14.631+0000] {processor.py:914} INFO - Processing file /home/airflow/.local/lib/python3.12/site-packages/airflow/example_dags/example_python_decorator.py for tasks to queue
[2025-08-26T18:59:14.632+0000] {logging_mixin.py:190} INFO - [2025-08-26T18:59:14.632+0000] {dagbag.py:588} INFO - Filling up the DagBag from /home/airflow/.local/lib/python3.12/site-packages/airflow/example_dags/example_python_decorator.py
[2025-08-26T18:59:14.638+0000] {processor.py:925} INFO - DAG(s) 'example_python_decorator' retrieved from /home/airflow/.local/lib/python3.12/site-packages/airflow/example_dags/example_python_decorator.py
[2025-08-26T18:59:14.645+0000] {logging_mixin.py:190} INFO - [2025-08-26T18:59:14.645+0000] {dag.py:3239} INFO - Sync 1 DAGs
[2025-08-26T18:59:14.650+0000] {logging_mixin.py:190} INFO - [2025-08-26T18:59:14.650+0000] {dag.py:4180} INFO - Setting next_dagrun for example_python_decorator to None, run_after=None
[2025-08-26T18:59:14.661+0000] {processor.py:208} INFO - Processing /home/airflow/.local/lib/python3.12/site-packages/airflow/example_dags/example_python_decorator.py took 0.033 seconds
[2025-08-26T18:59:45.200+0000] {processor.py:186} INFO - Started process (PID=2063) to work on /home/airflow/.local/lib/python3.12/site-packages/airflow/example_dags/example_python_decorator.py
[2025-08-26T18:59:45.200+0000] {processor.py:914} INFO - Processing file /home/airflow/.local/lib/python3.12/site-packages/airflow/example_dags/example_python_decorator.py for tasks to queue
[2025-08-26T18:59:45.201+0000] {logging_mixin.py:190} INFO - [2025-08-26T18:59:45.201+0000] {dagbag.py:588} INFO - Filling up the DagBag from /home/airflow/.local/lib/python3.12/site-packages/airflow/example_dags/example_python_decorator.py
[2025-08-26T18:59:45.206+0000] {processor.py:925} INFO - DAG(s) 'example_python_decorator' retrieved from /home/airflow/.local/lib/python3.12/site-packages/airflow/example_dags/example_python_decorator.py
[2025-08-26T18:59:45.215+0000] {logging_mixin.py:190} INFO - [2025-08-26T18:59:45.215+0000] {dag.py:3239} INFO - Sync 1 DAGs
[2025-08-26T18:59:45.220+0000] {logging_mixin.py:190} INFO - [2025-08-26T18:59:45.220+0000] {dag.py:4180} INFO - Setting next_dagrun for example_python_decorator to None, run_after=None
[2025-08-26T18:59:45.226+0000] {processor.py:208} INFO - Processing /home/airflow/.local/lib/python3.12/site-packages/airflow/example_dags/example_python_decorator.py took 0.028 seconds
[2025-08-26T19:00:15.876+0000] {processor.py:186} INFO - Started process (PID=2126) to work on /home/airflow/.local/lib/python3.12/site-packages/airflow/example_dags/example_python_decorator.py
[2025-08-26T19:00:15.877+0000] {processor.py:914} INFO - Processing file /home/airflow/.local/lib/python3.12/site-packages/airflow/example_dags/example_python_decorator.py for tasks to queue
[2025-08-26T19:00:15.879+0000] {logging_mixin.py:190} INFO - [2025-08-26T19:00:15.879+0000] {dagbag.py:588} INFO - Filling up the DagBag from /home/airflow/.local/lib/python3.12/site-packages/airflow/example_dags/example_python_decorator.py
[2025-08-26T19:00:15.884+0000] {processor.py:925} INFO - DAG(s) 'example_python_decorator' retrieved from /home/airflow/.local/lib/python3.12/site-packages/airflow/example_dags/example_python_decorator.py
[2025-08-26T19:00:15.892+0000] {logging_mixin.py:190} INFO - [2025-08-26T19:00:15.892+0000] {dag.py:3239} INFO - Sync 1 DAGs
[2025-08-26T19:00:15.899+0000] {logging_mixin.py:190} INFO - [2025-08-26T19:00:15.898+0000] {dag.py:4180} INFO - Setting next_dagrun for example_python_decorator to None, run_after=None
[2025-08-26T19:00:15.905+0000] {processor.py:208} INFO - Processing /home/airflow/.local/lib/python3.12/site-packages/airflow/example_dags/example_python_decorator.py took 0.031 seconds
[2025-08-26T19:00:46.611+0000] {processor.py:186} INFO - Started process (PID=2189) to work on /home/airflow/.local/lib/python3.12/site-packages/airflow/example_dags/example_python_decorator.py
[2025-08-26T19:00:46.612+0000] {processor.py:914} INFO - Processing file /home/airflow/.local/lib/python3.12/site-packages/airflow/example_dags/example_python_decorator.py for tasks to queue
[2025-08-26T19:00:46.613+0000] {logging_mixin.py:190} INFO - [2025-08-26T19:00:46.613+0000] {dagbag.py:588} INFO - Filling up the DagBag from /home/airflow/.local/lib/python3.12/site-packages/airflow/example_dags/example_python_decorator.py
[2025-08-26T19:00:46.618+0000] {processor.py:925} INFO - DAG(s) 'example_python_decorator' retrieved from /home/airflow/.local/lib/python3.12/site-packages/airflow/example_dags/example_python_decorator.py
[2025-08-26T19:00:46.626+0000] {logging_mixin.py:190} INFO - [2025-08-26T19:00:46.626+0000] {dag.py:3239} INFO - Sync 1 DAGs
[2025-08-26T19:00:46.631+0000] {logging_mixin.py:190} INFO - [2025-08-26T19:00:46.631+0000] {dag.py:4180} INFO - Setting next_dagrun for example_python_decorator to None, run_after=None
[2025-08-26T19:00:46.638+0000] {processor.py:208} INFO - Processing /home/airflow/.local/lib/python3.12/site-packages/airflow/example_dags/example_python_decorator.py took 0.029 seconds
[2025-08-26T19:01:17.374+0000] {processor.py:186} INFO - Started process (PID=2252) to work on /home/airflow/.local/lib/python3.12/site-packages/airflow/example_dags/example_python_decorator.py
[2025-08-26T19:01:17.377+0000] {processor.py:914} INFO - Processing file /home/airflow/.local/lib/python3.12/site-packages/airflow/example_dags/example_python_decorator.py for tasks to queue
[2025-08-26T19:01:17.378+0000] {logging_mixin.py:190} INFO - [2025-08-26T19:01:17.378+0000] {dagbag.py:588} INFO - Filling up the DagBag from /home/airflow/.local/lib/python3.12/site-packages/airflow/example_dags/example_python_decorator.py
[2025-08-26T19:01:17.386+0000] {processor.py:925} INFO - DAG(s) 'example_python_decorator' retrieved from /home/airflow/.local/lib/python3.12/site-packages/airflow/example_dags/example_python_decorator.py
[2025-08-26T19:01:17.396+0000] {logging_mixin.py:190} INFO - [2025-08-26T19:01:17.396+0000] {dag.py:3239} INFO - Sync 1 DAGs
[2025-08-26T19:01:17.401+0000] {logging_mixin.py:190} INFO - [2025-08-26T19:01:17.401+0000] {dag.py:4180} INFO - Setting next_dagrun for example_python_decorator to None, run_after=None
[2025-08-26T19:01:17.408+0000] {processor.py:208} INFO - Processing /home/airflow/.local/lib/python3.12/site-packages/airflow/example_dags/example_python_decorator.py took 0.036 seconds
[2025-08-26T19:01:48.383+0000] {processor.py:186} INFO - Started process (PID=2315) to work on /home/airflow/.local/lib/python3.12/site-packages/airflow/example_dags/example_python_decorator.py
[2025-08-26T19:01:48.383+0000] {processor.py:914} INFO - Processing file /home/airflow/.local/lib/python3.12/site-packages/airflow/example_dags/example_python_decorator.py for tasks to queue
[2025-08-26T19:01:48.384+0000] {logging_mixin.py:190} INFO - [2025-08-26T19:01:48.384+0000] {dagbag.py:588} INFO - Filling up the DagBag from /home/airflow/.local/lib/python3.12/site-packages/airflow/example_dags/example_python_decorator.py
[2025-08-26T19:01:48.394+0000] {processor.py:925} INFO - DAG(s) 'example_python_decorator' retrieved from /home/airflow/.local/lib/python3.12/site-packages/airflow/example_dags/example_python_decorator.py
[2025-08-26T19:01:48.404+0000] {logging_mixin.py:190} INFO - [2025-08-26T19:01:48.404+0000] {dag.py:3239} INFO - Sync 1 DAGs
[2025-08-26T19:01:48.411+0000] {logging_mixin.py:190} INFO - [2025-08-26T19:01:48.410+0000] {dag.py:4180} INFO - Setting next_dagrun for example_python_decorator to None, run_after=None
[2025-08-26T19:01:48.420+0000] {processor.py:208} INFO - Processing /home/airflow/.local/lib/python3.12/site-packages/airflow/example_dags/example_python_decorator.py took 0.040 seconds
[2025-08-26T19:02:19.275+0000] {processor.py:186} INFO - Started process (PID=2384) to work on /home/airflow/.local/lib/python3.12/site-packages/airflow/example_dags/example_python_decorator.py
[2025-08-26T19:02:19.276+0000] {processor.py:914} INFO - Processing file /home/airflow/.local/lib/python3.12/site-packages/airflow/example_dags/example_python_decorator.py for tasks to queue
[2025-08-26T19:02:19.277+0000] {logging_mixin.py:190} INFO - [2025-08-26T19:02:19.277+0000] {dagbag.py:588} INFO - Filling up the DagBag from /home/airflow/.local/lib/python3.12/site-packages/airflow/example_dags/example_python_decorator.py
[2025-08-26T19:02:19.284+0000] {processor.py:925} INFO - DAG(s) 'example_python_decorator' retrieved from /home/airflow/.local/lib/python3.12/site-packages/airflow/example_dags/example_python_decorator.py
[2025-08-26T19:02:19.293+0000] {logging_mixin.py:190} INFO - [2025-08-26T19:02:19.293+0000] {dag.py:3239} INFO - Sync 1 DAGs
[2025-08-26T19:02:19.298+0000] {logging_mixin.py:190} INFO - [2025-08-26T19:02:19.298+0000] {dag.py:4180} INFO - Setting next_dagrun for example_python_decorator to None, run_after=None
[2025-08-26T19:02:19.310+0000] {processor.py:208} INFO - Processing /home/airflow/.local/lib/python3.12/site-packages/airflow/example_dags/example_python_decorator.py took 0.038 seconds
[2025-08-26T19:02:49.974+0000] {processor.py:186} INFO - Started process (PID=2447) to work on /home/airflow/.local/lib/python3.12/site-packages/airflow/example_dags/example_python_decorator.py
[2025-08-26T19:02:49.977+0000] {processor.py:914} INFO - Processing file /home/airflow/.local/lib/python3.12/site-packages/airflow/example_dags/example_python_decorator.py for tasks to queue
[2025-08-26T19:02:49.978+0000] {logging_mixin.py:190} INFO - [2025-08-26T19:02:49.978+0000] {dagbag.py:588} INFO - Filling up the DagBag from /home/airflow/.local/lib/python3.12/site-packages/airflow/example_dags/example_python_decorator.py
[2025-08-26T19:02:49.983+0000] {processor.py:925} INFO - DAG(s) 'example_python_decorator' retrieved from /home/airflow/.local/lib/python3.12/site-packages/airflow/example_dags/example_python_decorator.py
[2025-08-26T19:02:49.991+0000] {logging_mixin.py:190} INFO - [2025-08-26T19:02:49.991+0000] {dag.py:3239} INFO - Sync 1 DAGs
[2025-08-26T19:02:49.996+0000] {logging_mixin.py:190} INFO - [2025-08-26T19:02:49.996+0000] {dag.py:4180} INFO - Setting next_dagrun for example_python_decorator to None, run_after=None
[2025-08-26T19:02:50.002+0000] {processor.py:208} INFO - Processing /home/airflow/.local/lib/python3.12/site-packages/airflow/example_dags/example_python_decorator.py took 0.030 seconds
[2025-08-26T19:03:20.587+0000] {processor.py:186} INFO - Started process (PID=2510) to work on /home/airflow/.local/lib/python3.12/site-packages/airflow/example_dags/example_python_decorator.py
[2025-08-26T19:03:20.588+0000] {processor.py:914} INFO - Processing file /home/airflow/.local/lib/python3.12/site-packages/airflow/example_dags/example_python_decorator.py for tasks to queue
[2025-08-26T19:03:20.588+0000] {logging_mixin.py:190} INFO - [2025-08-26T19:03:20.588+0000] {dagbag.py:588} INFO - Filling up the DagBag from /home/airflow/.local/lib/python3.12/site-packages/airflow/example_dags/example_python_decorator.py
[2025-08-26T19:03:20.594+0000] {processor.py:925} INFO - DAG(s) 'example_python_decorator' retrieved from /home/airflow/.local/lib/python3.12/site-packages/airflow/example_dags/example_python_decorator.py
[2025-08-26T19:03:20.603+0000] {logging_mixin.py:190} INFO - [2025-08-26T19:03:20.602+0000] {dag.py:3239} INFO - Sync 1 DAGs
[2025-08-26T19:03:20.607+0000] {logging_mixin.py:190} INFO - [2025-08-26T19:03:20.607+0000] {dag.py:4180} INFO - Setting next_dagrun for example_python_decorator to None, run_after=None
[2025-08-26T19:03:20.617+0000] {processor.py:208} INFO - Processing /home/airflow/.local/lib/python3.12/site-packages/airflow/example_dags/example_python_decorator.py took 0.032 seconds
[2025-08-26T19:03:51.289+0000] {processor.py:186} INFO - Started process (PID=2573) to work on /home/airflow/.local/lib/python3.12/site-packages/airflow/example_dags/example_python_decorator.py
[2025-08-26T19:03:51.290+0000] {processor.py:914} INFO - Processing file /home/airflow/.local/lib/python3.12/site-packages/airflow/example_dags/example_python_decorator.py for tasks to queue
[2025-08-26T19:03:51.291+0000] {logging_mixin.py:190} INFO - [2025-08-26T19:03:51.291+0000] {dagbag.py:588} INFO - Filling up the DagBag from /home/airflow/.local/lib/python3.12/site-packages/airflow/example_dags/example_python_decorator.py
[2025-08-26T19:03:51.298+0000] {processor.py:925} INFO - DAG(s) 'example_python_decorator' retrieved from /home/airflow/.local/lib/python3.12/site-packages/airflow/example_dags/example_python_decorator.py
[2025-08-26T19:03:51.305+0000] {logging_mixin.py:190} INFO - [2025-08-26T19:03:51.305+0000] {dag.py:3239} INFO - Sync 1 DAGs
[2025-08-26T19:03:51.310+0000] {logging_mixin.py:190} INFO - [2025-08-26T19:03:51.310+0000] {dag.py:4180} INFO - Setting next_dagrun for example_python_decorator to None, run_after=None
[2025-08-26T19:03:51.317+0000] {processor.py:208} INFO - Processing /home/airflow/.local/lib/python3.12/site-packages/airflow/example_dags/example_python_decorator.py took 0.030 seconds
[2025-08-26T19:04:21.957+0000] {processor.py:186} INFO - Started process (PID=2636) to work on /home/airflow/.local/lib/python3.12/site-packages/airflow/example_dags/example_python_decorator.py
[2025-08-26T19:04:21.957+0000] {processor.py:914} INFO - Processing file /home/airflow/.local/lib/python3.12/site-packages/airflow/example_dags/example_python_decorator.py for tasks to queue
[2025-08-26T19:04:21.958+0000] {logging_mixin.py:190} INFO - [2025-08-26T19:04:21.958+0000] {dagbag.py:588} INFO - Filling up the DagBag from /home/airflow/.local/lib/python3.12/site-packages/airflow/example_dags/example_python_decorator.py
[2025-08-26T19:04:21.963+0000] {processor.py:925} INFO - DAG(s) 'example_python_decorator' retrieved from /home/airflow/.local/lib/python3.12/site-packages/airflow/example_dags/example_python_decorator.py
[2025-08-26T19:04:21.971+0000] {logging_mixin.py:190} INFO - [2025-08-26T19:04:21.971+0000] {dag.py:3239} INFO - Sync 1 DAGs
[2025-08-26T19:04:21.976+0000] {logging_mixin.py:190} INFO - [2025-08-26T19:04:21.976+0000] {dag.py:4180} INFO - Setting next_dagrun for example_python_decorator to None, run_after=None
[2025-08-26T19:04:21.982+0000] {processor.py:208} INFO - Processing /home/airflow/.local/lib/python3.12/site-packages/airflow/example_dags/example_python_decorator.py took 0.028 seconds
[2025-08-26T19:04:52.755+0000] {processor.py:186} INFO - Started process (PID=2699) to work on /home/airflow/.local/lib/python3.12/site-packages/airflow/example_dags/example_python_decorator.py
[2025-08-26T19:04:52.756+0000] {processor.py:914} INFO - Processing file /home/airflow/.local/lib/python3.12/site-packages/airflow/example_dags/example_python_decorator.py for tasks to queue
[2025-08-26T19:04:52.758+0000] {logging_mixin.py:190} INFO - [2025-08-26T19:04:52.757+0000] {dagbag.py:588} INFO - Filling up the DagBag from /home/airflow/.local/lib/python3.12/site-packages/airflow/example_dags/example_python_decorator.py
[2025-08-26T19:04:52.763+0000] {processor.py:925} INFO - DAG(s) 'example_python_decorator' retrieved from /home/airflow/.local/lib/python3.12/site-packages/airflow/example_dags/example_python_decorator.py
[2025-08-26T19:04:52.770+0000] {logging_mixin.py:190} INFO - [2025-08-26T19:04:52.770+0000] {dag.py:3239} INFO - Sync 1 DAGs
[2025-08-26T19:04:52.775+0000] {logging_mixin.py:190} INFO - [2025-08-26T19:04:52.775+0000] {dag.py:4180} INFO - Setting next_dagrun for example_python_decorator to None, run_after=None
[2025-08-26T19:04:52.782+0000] {processor.py:208} INFO - Processing /home/airflow/.local/lib/python3.12/site-packages/airflow/example_dags/example_python_decorator.py took 0.028 seconds
[2025-08-26T19:05:23.395+0000] {processor.py:186} INFO - Started process (PID=2762) to work on /home/airflow/.local/lib/python3.12/site-packages/airflow/example_dags/example_python_decorator.py
[2025-08-26T19:05:23.396+0000] {processor.py:914} INFO - Processing file /home/airflow/.local/lib/python3.12/site-packages/airflow/example_dags/example_python_decorator.py for tasks to queue
[2025-08-26T19:05:23.398+0000] {logging_mixin.py:190} INFO - [2025-08-26T19:05:23.398+0000] {dagbag.py:588} INFO - Filling up the DagBag from /home/airflow/.local/lib/python3.12/site-packages/airflow/example_dags/example_python_decorator.py
[2025-08-26T19:05:23.404+0000] {processor.py:925} INFO - DAG(s) 'example_python_decorator' retrieved from /home/airflow/.local/lib/python3.12/site-packages/airflow/example_dags/example_python_decorator.py
[2025-08-26T19:05:23.412+0000] {logging_mixin.py:190} INFO - [2025-08-26T19:05:23.412+0000] {dag.py:3239} INFO - Sync 1 DAGs
[2025-08-26T19:05:23.417+0000] {logging_mixin.py:190} INFO - [2025-08-26T19:05:23.417+0000] {dag.py:4180} INFO - Setting next_dagrun for example_python_decorator to None, run_after=None
[2025-08-26T19:05:23.428+0000] {processor.py:208} INFO - Processing /home/airflow/.local/lib/python3.12/site-packages/airflow/example_dags/example_python_decorator.py took 0.035 seconds
[2025-08-26T19:05:54.141+0000] {processor.py:186} INFO - Started process (PID=2825) to work on /home/airflow/.local/lib/python3.12/site-packages/airflow/example_dags/example_python_decorator.py
[2025-08-26T19:05:54.142+0000] {processor.py:914} INFO - Processing file /home/airflow/.local/lib/python3.12/site-packages/airflow/example_dags/example_python_decorator.py for tasks to queue
[2025-08-26T19:05:54.143+0000] {logging_mixin.py:190} INFO - [2025-08-26T19:05:54.143+0000] {dagbag.py:588} INFO - Filling up the DagBag from /home/airflow/.local/lib/python3.12/site-packages/airflow/example_dags/example_python_decorator.py
[2025-08-26T19:05:54.149+0000] {processor.py:925} INFO - DAG(s) 'example_python_decorator' retrieved from /home/airflow/.local/lib/python3.12/site-packages/airflow/example_dags/example_python_decorator.py
[2025-08-26T19:05:54.156+0000] {logging_mixin.py:190} INFO - [2025-08-26T19:05:54.156+0000] {dag.py:3239} INFO - Sync 1 DAGs
[2025-08-26T19:05:54.161+0000] {logging_mixin.py:190} INFO - [2025-08-26T19:05:54.161+0000] {dag.py:4180} INFO - Setting next_dagrun for example_python_decorator to None, run_after=None
[2025-08-26T19:05:54.171+0000] {processor.py:208} INFO - Processing /home/airflow/.local/lib/python3.12/site-packages/airflow/example_dags/example_python_decorator.py took 0.032 seconds
[2025-08-26T19:06:24.811+0000] {processor.py:186} INFO - Started process (PID=2888) to work on /home/airflow/.local/lib/python3.12/site-packages/airflow/example_dags/example_python_decorator.py
[2025-08-26T19:06:24.812+0000] {processor.py:914} INFO - Processing file /home/airflow/.local/lib/python3.12/site-packages/airflow/example_dags/example_python_decorator.py for tasks to queue
[2025-08-26T19:06:24.813+0000] {logging_mixin.py:190} INFO - [2025-08-26T19:06:24.812+0000] {dagbag.py:588} INFO - Filling up the DagBag from /home/airflow/.local/lib/python3.12/site-packages/airflow/example_dags/example_python_decorator.py
[2025-08-26T19:06:24.817+0000] {processor.py:925} INFO - DAG(s) 'example_python_decorator' retrieved from /home/airflow/.local/lib/python3.12/site-packages/airflow/example_dags/example_python_decorator.py
[2025-08-26T19:06:24.826+0000] {logging_mixin.py:190} INFO - [2025-08-26T19:06:24.826+0000] {dag.py:3239} INFO - Sync 1 DAGs
[2025-08-26T19:06:24.832+0000] {logging_mixin.py:190} INFO - [2025-08-26T19:06:24.832+0000] {dag.py:4180} INFO - Setting next_dagrun for example_python_decorator to None, run_after=None
[2025-08-26T19:06:24.838+0000] {processor.py:208} INFO - Processing /home/airflow/.local/lib/python3.12/site-packages/airflow/example_dags/example_python_decorator.py took 0.029 seconds
[2025-08-26T19:06:55.445+0000] {processor.py:186} INFO - Started process (PID=2951) to work on /home/airflow/.local/lib/python3.12/site-packages/airflow/example_dags/example_python_decorator.py
[2025-08-26T19:06:55.445+0000] {processor.py:914} INFO - Processing file /home/airflow/.local/lib/python3.12/site-packages/airflow/example_dags/example_python_decorator.py for tasks to queue
[2025-08-26T19:06:55.446+0000] {logging_mixin.py:190} INFO - [2025-08-26T19:06:55.446+0000] {dagbag.py:588} INFO - Filling up the DagBag from /home/airflow/.local/lib/python3.12/site-packages/airflow/example_dags/example_python_decorator.py
[2025-08-26T19:06:55.451+0000] {processor.py:925} INFO - DAG(s) 'example_python_decorator' retrieved from /home/airflow/.local/lib/python3.12/site-packages/airflow/example_dags/example_python_decorator.py
[2025-08-26T19:06:55.458+0000] {logging_mixin.py:190} INFO - [2025-08-26T19:06:55.457+0000] {dag.py:3239} INFO - Sync 1 DAGs
[2025-08-26T19:06:55.462+0000] {logging_mixin.py:190} INFO - [2025-08-26T19:06:55.462+0000] {dag.py:4180} INFO - Setting next_dagrun for example_python_decorator to None, run_after=None
[2025-08-26T19:06:55.467+0000] {processor.py:208} INFO - Processing /home/airflow/.local/lib/python3.12/site-packages/airflow/example_dags/example_python_decorator.py took 0.024 seconds
[2025-08-26T19:07:26.190+0000] {processor.py:186} INFO - Started process (PID=3014) to work on /home/airflow/.local/lib/python3.12/site-packages/airflow/example_dags/example_python_decorator.py
[2025-08-26T19:07:26.191+0000] {processor.py:914} INFO - Processing file /home/airflow/.local/lib/python3.12/site-packages/airflow/example_dags/example_python_decorator.py for tasks to queue
[2025-08-26T19:07:26.192+0000] {logging_mixin.py:190} INFO - [2025-08-26T19:07:26.192+0000] {dagbag.py:588} INFO - Filling up the DagBag from /home/airflow/.local/lib/python3.12/site-packages/airflow/example_dags/example_python_decorator.py
[2025-08-26T19:07:26.199+0000] {processor.py:925} INFO - DAG(s) 'example_python_decorator' retrieved from /home/airflow/.local/lib/python3.12/site-packages/airflow/example_dags/example_python_decorator.py
[2025-08-26T19:07:26.207+0000] {logging_mixin.py:190} INFO - [2025-08-26T19:07:26.207+0000] {dag.py:3239} INFO - Sync 1 DAGs
[2025-08-26T19:07:26.212+0000] {logging_mixin.py:190} INFO - [2025-08-26T19:07:26.212+0000] {dag.py:4180} INFO - Setting next_dagrun for example_python_decorator to None, run_after=None
[2025-08-26T19:07:26.227+0000] {processor.py:208} INFO - Processing /home/airflow/.local/lib/python3.12/site-packages/airflow/example_dags/example_python_decorator.py took 0.045 seconds
[2025-08-26T19:07:56.830+0000] {processor.py:186} INFO - Started process (PID=3077) to work on /home/airflow/.local/lib/python3.12/site-packages/airflow/example_dags/example_python_decorator.py
[2025-08-26T19:07:56.831+0000] {processor.py:914} INFO - Processing file /home/airflow/.local/lib/python3.12/site-packages/airflow/example_dags/example_python_decorator.py for tasks to queue
[2025-08-26T19:07:56.832+0000] {logging_mixin.py:190} INFO - [2025-08-26T19:07:56.832+0000] {dagbag.py:588} INFO - Filling up the DagBag from /home/airflow/.local/lib/python3.12/site-packages/airflow/example_dags/example_python_decorator.py
[2025-08-26T19:07:56.837+0000] {processor.py:925} INFO - DAG(s) 'example_python_decorator' retrieved from /home/airflow/.local/lib/python3.12/site-packages/airflow/example_dags/example_python_decorator.py
[2025-08-26T19:07:56.845+0000] {logging_mixin.py:190} INFO - [2025-08-26T19:07:56.845+0000] {dag.py:3239} INFO - Sync 1 DAGs
[2025-08-26T19:07:56.850+0000] {logging_mixin.py:190} INFO - [2025-08-26T19:07:56.850+0000] {dag.py:4180} INFO - Setting next_dagrun for example_python_decorator to None, run_after=None
[2025-08-26T19:07:56.862+0000] {processor.py:208} INFO - Processing /home/airflow/.local/lib/python3.12/site-packages/airflow/example_dags/example_python_decorator.py took 0.034 seconds
[2025-08-26T19:08:27.483+0000] {processor.py:186} INFO - Started process (PID=3140) to work on /home/airflow/.local/lib/python3.12/site-packages/airflow/example_dags/example_python_decorator.py
[2025-08-26T19:08:27.484+0000] {processor.py:914} INFO - Processing file /home/airflow/.local/lib/python3.12/site-packages/airflow/example_dags/example_python_decorator.py for tasks to queue
[2025-08-26T19:08:27.485+0000] {logging_mixin.py:190} INFO - [2025-08-26T19:08:27.485+0000] {dagbag.py:588} INFO - Filling up the DagBag from /home/airflow/.local/lib/python3.12/site-packages/airflow/example_dags/example_python_decorator.py
[2025-08-26T19:08:27.490+0000] {processor.py:925} INFO - DAG(s) 'example_python_decorator' retrieved from /home/airflow/.local/lib/python3.12/site-packages/airflow/example_dags/example_python_decorator.py
[2025-08-26T19:08:27.498+0000] {logging_mixin.py:190} INFO - [2025-08-26T19:08:27.498+0000] {dag.py:3239} INFO - Sync 1 DAGs
[2025-08-26T19:08:27.503+0000] {logging_mixin.py:190} INFO - [2025-08-26T19:08:27.503+0000] {dag.py:4180} INFO - Setting next_dagrun for example_python_decorator to None, run_after=None
[2025-08-26T19:08:27.511+0000] {processor.py:208} INFO - Processing /home/airflow/.local/lib/python3.12/site-packages/airflow/example_dags/example_python_decorator.py took 0.030 seconds
[2025-08-26T19:08:58.062+0000] {processor.py:186} INFO - Started process (PID=3203) to work on /home/airflow/.local/lib/python3.12/site-packages/airflow/example_dags/example_python_decorator.py
[2025-08-26T19:08:58.063+0000] {processor.py:914} INFO - Processing file /home/airflow/.local/lib/python3.12/site-packages/airflow/example_dags/example_python_decorator.py for tasks to queue
[2025-08-26T19:08:58.064+0000] {logging_mixin.py:190} INFO - [2025-08-26T19:08:58.064+0000] {dagbag.py:588} INFO - Filling up the DagBag from /home/airflow/.local/lib/python3.12/site-packages/airflow/example_dags/example_python_decorator.py
[2025-08-26T19:08:58.069+0000] {processor.py:925} INFO - DAG(s) 'example_python_decorator' retrieved from /home/airflow/.local/lib/python3.12/site-packages/airflow/example_dags/example_python_decorator.py
[2025-08-26T19:08:58.077+0000] {logging_mixin.py:190} INFO - [2025-08-26T19:08:58.077+0000] {dag.py:3239} INFO - Sync 1 DAGs
[2025-08-26T19:08:58.082+0000] {logging_mixin.py:190} INFO - [2025-08-26T19:08:58.082+0000] {dag.py:4180} INFO - Setting next_dagrun for example_python_decorator to None, run_after=None
[2025-08-26T19:08:58.088+0000] {processor.py:208} INFO - Processing /home/airflow/.local/lib/python3.12/site-packages/airflow/example_dags/example_python_decorator.py took 0.029 seconds
[2025-08-26T19:09:28.810+0000] {processor.py:186} INFO - Started process (PID=3266) to work on /home/airflow/.local/lib/python3.12/site-packages/airflow/example_dags/example_python_decorator.py
[2025-08-26T19:09:28.811+0000] {processor.py:914} INFO - Processing file /home/airflow/.local/lib/python3.12/site-packages/airflow/example_dags/example_python_decorator.py for tasks to queue
[2025-08-26T19:09:28.813+0000] {logging_mixin.py:190} INFO - [2025-08-26T19:09:28.812+0000] {dagbag.py:588} INFO - Filling up the DagBag from /home/airflow/.local/lib/python3.12/site-packages/airflow/example_dags/example_python_decorator.py
[2025-08-26T19:09:28.818+0000] {processor.py:925} INFO - DAG(s) 'example_python_decorator' retrieved from /home/airflow/.local/lib/python3.12/site-packages/airflow/example_dags/example_python_decorator.py
[2025-08-26T19:09:28.826+0000] {logging_mixin.py:190} INFO - [2025-08-26T19:09:28.826+0000] {dag.py:3239} INFO - Sync 1 DAGs
[2025-08-26T19:09:28.830+0000] {logging_mixin.py:190} INFO - [2025-08-26T19:09:28.830+0000] {dag.py:4180} INFO - Setting next_dagrun for example_python_decorator to None, run_after=None
[2025-08-26T19:09:28.841+0000] {processor.py:208} INFO - Processing /home/airflow/.local/lib/python3.12/site-packages/airflow/example_dags/example_python_decorator.py took 0.033 seconds
[2025-08-26T19:09:59.543+0000] {processor.py:186} INFO - Started process (PID=3329) to work on /home/airflow/.local/lib/python3.12/site-packages/airflow/example_dags/example_python_decorator.py
[2025-08-26T19:09:59.543+0000] {processor.py:914} INFO - Processing file /home/airflow/.local/lib/python3.12/site-packages/airflow/example_dags/example_python_decorator.py for tasks to queue
[2025-08-26T19:09:59.544+0000] {logging_mixin.py:190} INFO - [2025-08-26T19:09:59.544+0000] {dagbag.py:588} INFO - Filling up the DagBag from /home/airflow/.local/lib/python3.12/site-packages/airflow/example_dags/example_python_decorator.py
[2025-08-26T19:09:59.550+0000] {processor.py:925} INFO - DAG(s) 'example_python_decorator' retrieved from /home/airflow/.local/lib/python3.12/site-packages/airflow/example_dags/example_python_decorator.py
[2025-08-26T19:09:59.557+0000] {logging_mixin.py:190} INFO - [2025-08-26T19:09:59.557+0000] {dag.py:3239} INFO - Sync 1 DAGs
[2025-08-26T19:09:59.562+0000] {logging_mixin.py:190} INFO - [2025-08-26T19:09:59.562+0000] {dag.py:4180} INFO - Setting next_dagrun for example_python_decorator to None, run_after=None
[2025-08-26T19:09:59.572+0000] {processor.py:208} INFO - Processing /home/airflow/.local/lib/python3.12/site-packages/airflow/example_dags/example_python_decorator.py took 0.032 seconds
[2025-08-26T19:10:30.317+0000] {processor.py:186} INFO - Started process (PID=3392) to work on /home/airflow/.local/lib/python3.12/site-packages/airflow/example_dags/example_python_decorator.py
[2025-08-26T19:10:30.318+0000] {processor.py:914} INFO - Processing file /home/airflow/.local/lib/python3.12/site-packages/airflow/example_dags/example_python_decorator.py for tasks to queue
[2025-08-26T19:10:30.319+0000] {logging_mixin.py:190} INFO - [2025-08-26T19:10:30.319+0000] {dagbag.py:588} INFO - Filling up the DagBag from /home/airflow/.local/lib/python3.12/site-packages/airflow/example_dags/example_python_decorator.py
[2025-08-26T19:10:30.324+0000] {processor.py:925} INFO - DAG(s) 'example_python_decorator' retrieved from /home/airflow/.local/lib/python3.12/site-packages/airflow/example_dags/example_python_decorator.py
[2025-08-26T19:10:30.331+0000] {logging_mixin.py:190} INFO - [2025-08-26T19:10:30.331+0000] {dag.py:3239} INFO - Sync 1 DAGs
[2025-08-26T19:10:30.336+0000] {logging_mixin.py:190} INFO - [2025-08-26T19:10:30.336+0000] {dag.py:4180} INFO - Setting next_dagrun for example_python_decorator to None, run_after=None
[2025-08-26T19:10:30.346+0000] {processor.py:208} INFO - Processing /home/airflow/.local/lib/python3.12/site-packages/airflow/example_dags/example_python_decorator.py took 0.031 seconds
[2025-08-26T19:11:01.074+0000] {processor.py:186} INFO - Started process (PID=3455) to work on /home/airflow/.local/lib/python3.12/site-packages/airflow/example_dags/example_python_decorator.py
[2025-08-26T19:11:01.075+0000] {processor.py:914} INFO - Processing file /home/airflow/.local/lib/python3.12/site-packages/airflow/example_dags/example_python_decorator.py for tasks to queue
[2025-08-26T19:11:01.076+0000] {logging_mixin.py:190} INFO - [2025-08-26T19:11:01.076+0000] {dagbag.py:588} INFO - Filling up the DagBag from /home/airflow/.local/lib/python3.12/site-packages/airflow/example_dags/example_python_decorator.py
[2025-08-26T19:11:01.081+0000] {processor.py:925} INFO - DAG(s) 'example_python_decorator' retrieved from /home/airflow/.local/lib/python3.12/site-packages/airflow/example_dags/example_python_decorator.py
[2025-08-26T19:11:01.089+0000] {logging_mixin.py:190} INFO - [2025-08-26T19:11:01.089+0000] {dag.py:3239} INFO - Sync 1 DAGs
[2025-08-26T19:11:01.094+0000] {logging_mixin.py:190} INFO - [2025-08-26T19:11:01.093+0000] {dag.py:4180} INFO - Setting next_dagrun for example_python_decorator to None, run_after=None
[2025-08-26T19:11:01.105+0000] {processor.py:208} INFO - Processing /home/airflow/.local/lib/python3.12/site-packages/airflow/example_dags/example_python_decorator.py took 0.033 seconds
[2025-08-26T19:11:31.879+0000] {processor.py:186} INFO - Started process (PID=3518) to work on /home/airflow/.local/lib/python3.12/site-packages/airflow/example_dags/example_python_decorator.py
[2025-08-26T19:11:31.880+0000] {processor.py:914} INFO - Processing file /home/airflow/.local/lib/python3.12/site-packages/airflow/example_dags/example_python_decorator.py for tasks to queue
[2025-08-26T19:11:31.881+0000] {logging_mixin.py:190} INFO - [2025-08-26T19:11:31.881+0000] {dagbag.py:588} INFO - Filling up the DagBag from /home/airflow/.local/lib/python3.12/site-packages/airflow/example_dags/example_python_decorator.py
[2025-08-26T19:11:31.887+0000] {processor.py:925} INFO - DAG(s) 'example_python_decorator' retrieved from /home/airflow/.local/lib/python3.12/site-packages/airflow/example_dags/example_python_decorator.py
[2025-08-26T19:11:31.894+0000] {logging_mixin.py:190} INFO - [2025-08-26T19:11:31.894+0000] {dag.py:3239} INFO - Sync 1 DAGs
[2025-08-26T19:11:31.900+0000] {logging_mixin.py:190} INFO - [2025-08-26T19:11:31.900+0000] {dag.py:4180} INFO - Setting next_dagrun for example_python_decorator to None, run_after=None
[2025-08-26T19:11:31.910+0000] {processor.py:208} INFO - Processing /home/airflow/.local/lib/python3.12/site-packages/airflow/example_dags/example_python_decorator.py took 0.034 seconds
[2025-08-26T19:12:02.668+0000] {processor.py:186} INFO - Started process (PID=3581) to work on /home/airflow/.local/lib/python3.12/site-packages/airflow/example_dags/example_python_decorator.py
[2025-08-26T19:12:02.668+0000] {processor.py:914} INFO - Processing file /home/airflow/.local/lib/python3.12/site-packages/airflow/example_dags/example_python_decorator.py for tasks to queue
[2025-08-26T19:12:02.669+0000] {logging_mixin.py:190} INFO - [2025-08-26T19:12:02.669+0000] {dagbag.py:588} INFO - Filling up the DagBag from /home/airflow/.local/lib/python3.12/site-packages/airflow/example_dags/example_python_decorator.py
[2025-08-26T19:12:02.675+0000] {processor.py:925} INFO - DAG(s) 'example_python_decorator' retrieved from /home/airflow/.local/lib/python3.12/site-packages/airflow/example_dags/example_python_decorator.py
[2025-08-26T19:12:02.682+0000] {logging_mixin.py:190} INFO - [2025-08-26T19:12:02.682+0000] {dag.py:3239} INFO - Sync 1 DAGs
[2025-08-26T19:12:02.687+0000] {logging_mixin.py:190} INFO - [2025-08-26T19:12:02.687+0000] {dag.py:4180} INFO - Setting next_dagrun for example_python_decorator to None, run_after=None
[2025-08-26T19:12:02.701+0000] {processor.py:208} INFO - Processing /home/airflow/.local/lib/python3.12/site-packages/airflow/example_dags/example_python_decorator.py took 0.035 seconds
[2025-08-26T19:12:33.421+0000] {processor.py:186} INFO - Started process (PID=3644) to work on /home/airflow/.local/lib/python3.12/site-packages/airflow/example_dags/example_python_decorator.py
[2025-08-26T19:12:33.423+0000] {processor.py:914} INFO - Processing file /home/airflow/.local/lib/python3.12/site-packages/airflow/example_dags/example_python_decorator.py for tasks to queue
[2025-08-26T19:12:33.425+0000] {logging_mixin.py:190} INFO - [2025-08-26T19:12:33.425+0000] {dagbag.py:588} INFO - Filling up the DagBag from /home/airflow/.local/lib/python3.12/site-packages/airflow/example_dags/example_python_decorator.py
[2025-08-26T19:12:33.431+0000] {processor.py:925} INFO - DAG(s) 'example_python_decorator' retrieved from /home/airflow/.local/lib/python3.12/site-packages/airflow/example_dags/example_python_decorator.py
[2025-08-26T19:12:33.439+0000] {logging_mixin.py:190} INFO - [2025-08-26T19:12:33.439+0000] {dag.py:3239} INFO - Sync 1 DAGs
[2025-08-26T19:12:33.445+0000] {logging_mixin.py:190} INFO - [2025-08-26T19:12:33.445+0000] {dag.py:4180} INFO - Setting next_dagrun for example_python_decorator to None, run_after=None
[2025-08-26T19:12:33.450+0000] {processor.py:208} INFO - Processing /home/airflow/.local/lib/python3.12/site-packages/airflow/example_dags/example_python_decorator.py took 0.031 seconds
[2025-08-26T19:13:04.326+0000] {processor.py:186} INFO - Started process (PID=3707) to work on /home/airflow/.local/lib/python3.12/site-packages/airflow/example_dags/example_python_decorator.py
[2025-08-26T19:13:04.326+0000] {processor.py:914} INFO - Processing file /home/airflow/.local/lib/python3.12/site-packages/airflow/example_dags/example_python_decorator.py for tasks to queue
[2025-08-26T19:13:04.327+0000] {logging_mixin.py:190} INFO - [2025-08-26T19:13:04.327+0000] {dagbag.py:588} INFO - Filling up the DagBag from /home/airflow/.local/lib/python3.12/site-packages/airflow/example_dags/example_python_decorator.py
[2025-08-26T19:13:04.334+0000] {processor.py:925} INFO - DAG(s) 'example_python_decorator' retrieved from /home/airflow/.local/lib/python3.12/site-packages/airflow/example_dags/example_python_decorator.py
[2025-08-26T19:13:04.341+0000] {logging_mixin.py:190} INFO - [2025-08-26T19:13:04.341+0000] {dag.py:3239} INFO - Sync 1 DAGs
[2025-08-26T19:13:04.345+0000] {logging_mixin.py:190} INFO - [2025-08-26T19:13:04.345+0000] {dag.py:4180} INFO - Setting next_dagrun for example_python_decorator to None, run_after=None
[2025-08-26T19:13:04.356+0000] {processor.py:208} INFO - Processing /home/airflow/.local/lib/python3.12/site-packages/airflow/example_dags/example_python_decorator.py took 0.033 seconds
[2025-08-26T19:13:35.271+0000] {processor.py:186} INFO - Started process (PID=3770) to work on /home/airflow/.local/lib/python3.12/site-packages/airflow/example_dags/example_python_decorator.py
[2025-08-26T19:13:35.272+0000] {processor.py:914} INFO - Processing file /home/airflow/.local/lib/python3.12/site-packages/airflow/example_dags/example_python_decorator.py for tasks to queue
[2025-08-26T19:13:35.273+0000] {logging_mixin.py:190} INFO - [2025-08-26T19:13:35.272+0000] {dagbag.py:588} INFO - Filling up the DagBag from /home/airflow/.local/lib/python3.12/site-packages/airflow/example_dags/example_python_decorator.py
[2025-08-26T19:13:35.278+0000] {processor.py:925} INFO - DAG(s) 'example_python_decorator' retrieved from /home/airflow/.local/lib/python3.12/site-packages/airflow/example_dags/example_python_decorator.py
[2025-08-26T19:13:35.286+0000] {logging_mixin.py:190} INFO - [2025-08-26T19:13:35.286+0000] {dag.py:3239} INFO - Sync 1 DAGs
[2025-08-26T19:13:35.290+0000] {logging_mixin.py:190} INFO - [2025-08-26T19:13:35.290+0000] {dag.py:4180} INFO - Setting next_dagrun for example_python_decorator to None, run_after=None
[2025-08-26T19:13:35.296+0000] {processor.py:208} INFO - Processing /home/airflow/.local/lib/python3.12/site-packages/airflow/example_dags/example_python_decorator.py took 0.027 seconds
[2025-08-26T19:14:06.208+0000] {processor.py:186} INFO - Started process (PID=3833) to work on /home/airflow/.local/lib/python3.12/site-packages/airflow/example_dags/example_python_decorator.py
[2025-08-26T19:14:06.210+0000] {processor.py:914} INFO - Processing file /home/airflow/.local/lib/python3.12/site-packages/airflow/example_dags/example_python_decorator.py for tasks to queue
[2025-08-26T19:14:06.212+0000] {logging_mixin.py:190} INFO - [2025-08-26T19:14:06.212+0000] {dagbag.py:588} INFO - Filling up the DagBag from /home/airflow/.local/lib/python3.12/site-packages/airflow/example_dags/example_python_decorator.py
[2025-08-26T19:14:06.217+0000] {processor.py:925} INFO - DAG(s) 'example_python_decorator' retrieved from /home/airflow/.local/lib/python3.12/site-packages/airflow/example_dags/example_python_decorator.py
[2025-08-26T19:14:06.227+0000] {logging_mixin.py:190} INFO - [2025-08-26T19:14:06.227+0000] {dag.py:3239} INFO - Sync 1 DAGs
[2025-08-26T19:14:06.232+0000] {logging_mixin.py:190} INFO - [2025-08-26T19:14:06.232+0000] {dag.py:4180} INFO - Setting next_dagrun for example_python_decorator to None, run_after=None
[2025-08-26T19:14:06.237+0000] {processor.py:208} INFO - Processing /home/airflow/.local/lib/python3.12/site-packages/airflow/example_dags/example_python_decorator.py took 0.031 seconds
[2025-08-26T19:14:37.060+0000] {processor.py:186} INFO - Started process (PID=3896) to work on /home/airflow/.local/lib/python3.12/site-packages/airflow/example_dags/example_python_decorator.py
[2025-08-26T19:14:37.061+0000] {processor.py:914} INFO - Processing file /home/airflow/.local/lib/python3.12/site-packages/airflow/example_dags/example_python_decorator.py for tasks to queue
[2025-08-26T19:14:37.061+0000] {logging_mixin.py:190} INFO - [2025-08-26T19:14:37.061+0000] {dagbag.py:588} INFO - Filling up the DagBag from /home/airflow/.local/lib/python3.12/site-packages/airflow/example_dags/example_python_decorator.py
[2025-08-26T19:14:37.067+0000] {processor.py:925} INFO - DAG(s) 'example_python_decorator' retrieved from /home/airflow/.local/lib/python3.12/site-packages/airflow/example_dags/example_python_decorator.py
[2025-08-26T19:14:37.076+0000] {logging_mixin.py:190} INFO - [2025-08-26T19:14:37.076+0000] {dag.py:3239} INFO - Sync 1 DAGs
[2025-08-26T19:14:37.081+0000] {logging_mixin.py:190} INFO - [2025-08-26T19:14:37.081+0000] {dag.py:4180} INFO - Setting next_dagrun for example_python_decorator to None, run_after=None
[2025-08-26T19:14:37.087+0000] {processor.py:208} INFO - Processing /home/airflow/.local/lib/python3.12/site-packages/airflow/example_dags/example_python_decorator.py took 0.029 seconds
