[2025-08-26T15:43:49.763+0000] {processor.py:186} INFO - Started process (PID=70) to work on /home/airflow/.local/lib/python3.12/site-packages/airflow/example_dags/example_dag_decorator.py
[2025-08-26T15:43:49.763+0000] {processor.py:914} INFO - Processing file /home/airflow/.local/lib/python3.12/site-packages/airflow/example_dags/example_dag_decorator.py for tasks to queue
[2025-08-26T15:43:49.764+0000] {logging_mixin.py:190} INFO - [2025-08-26T15:43:49.764+0000] {dagbag.py:588} INFO - Filling up the DagBag from /home/airflow/.local/lib/python3.12/site-packages/airflow/example_dags/example_dag_decorator.py
[2025-08-26T15:43:49.771+0000] {processor.py:925} INFO - DAG(s) 'example_dag_decorator' retrieved from /home/airflow/.local/lib/python3.12/site-packages/airflow/example_dags/example_dag_decorator.py
[2025-08-26T15:43:49.812+0000] {logging_mixin.py:190} INFO - [2025-08-26T15:43:49.811+0000] {override.py:1900} INFO - Created Permission View: can edit on DAG:example_dag_decorator
[2025-08-26T15:43:49.817+0000] {logging_mixin.py:190} INFO - [2025-08-26T15:43:49.817+0000] {override.py:1900} INFO - Created Permission View: can delete on DAG:example_dag_decorator
[2025-08-26T15:43:49.820+0000] {logging_mixin.py:190} INFO - [2025-08-26T15:43:49.820+0000] {override.py:1900} INFO - Created Permission View: can read on DAG:example_dag_decorator
[2025-08-26T15:43:49.822+0000] {logging_mixin.py:190} INFO - [2025-08-26T15:43:49.822+0000] {override.py:1900} INFO - Created Permission View: can create on DAG Run:example_dag_decorator
[2025-08-26T15:43:49.824+0000] {logging_mixin.py:190} INFO - [2025-08-26T15:43:49.824+0000] {override.py:1900} INFO - Created Permission View: can delete on DAG Run:example_dag_decorator
[2025-08-26T15:43:49.826+0000] {logging_mixin.py:190} INFO - [2025-08-26T15:43:49.826+0000] {override.py:1900} INFO - Created Permission View: menu access on DAG Run:example_dag_decorator
[2025-08-26T15:43:49.828+0000] {logging_mixin.py:190} INFO - [2025-08-26T15:43:49.828+0000] {override.py:1900} INFO - Created Permission View: can read on DAG Run:example_dag_decorator
[2025-08-26T15:43:49.829+0000] {logging_mixin.py:190} INFO - [2025-08-26T15:43:49.828+0000] {dag.py:3239} INFO - Sync 1 DAGs
[2025-08-26T15:43:49.834+0000] {logging_mixin.py:190} INFO - [2025-08-26T15:43:49.834+0000] {dag.py:3262} INFO - Creating ORM DAG for example_dag_decorator
[2025-08-26T15:43:49.836+0000] {logging_mixin.py:190} INFO - [2025-08-26T15:43:49.835+0000] {dag.py:4180} INFO - Setting next_dagrun for example_dag_decorator to None, run_after=None
[2025-08-26T15:43:49.845+0000] {processor.py:208} INFO - Processing /home/airflow/.local/lib/python3.12/site-packages/airflow/example_dags/example_dag_decorator.py took 0.084 seconds
[2025-08-26T15:44:20.273+0000] {processor.py:186} INFO - Started process (PID=133) to work on /home/airflow/.local/lib/python3.12/site-packages/airflow/example_dags/example_dag_decorator.py
[2025-08-26T15:44:20.273+0000] {processor.py:914} INFO - Processing file /home/airflow/.local/lib/python3.12/site-packages/airflow/example_dags/example_dag_decorator.py for tasks to queue
[2025-08-26T15:44:20.274+0000] {logging_mixin.py:190} INFO - [2025-08-26T15:44:20.274+0000] {dagbag.py:588} INFO - Filling up the DagBag from /home/airflow/.local/lib/python3.12/site-packages/airflow/example_dags/example_dag_decorator.py
[2025-08-26T15:44:20.279+0000] {processor.py:925} INFO - DAG(s) 'example_dag_decorator' retrieved from /home/airflow/.local/lib/python3.12/site-packages/airflow/example_dags/example_dag_decorator.py
[2025-08-26T15:44:20.288+0000] {logging_mixin.py:190} INFO - [2025-08-26T15:44:20.288+0000] {dag.py:3239} INFO - Sync 1 DAGs
[2025-08-26T15:44:20.293+0000] {logging_mixin.py:190} INFO - [2025-08-26T15:44:20.293+0000] {dag.py:4180} INFO - Setting next_dagrun for example_dag_decorator to None, run_after=None
[2025-08-26T15:44:20.303+0000] {processor.py:208} INFO - Processing /home/airflow/.local/lib/python3.12/site-packages/airflow/example_dags/example_dag_decorator.py took 0.032 seconds
[2025-08-26T15:44:50.936+0000] {processor.py:186} INFO - Started process (PID=196) to work on /home/airflow/.local/lib/python3.12/site-packages/airflow/example_dags/example_dag_decorator.py
[2025-08-26T15:44:50.937+0000] {processor.py:914} INFO - Processing file /home/airflow/.local/lib/python3.12/site-packages/airflow/example_dags/example_dag_decorator.py for tasks to queue
[2025-08-26T15:44:50.938+0000] {logging_mixin.py:190} INFO - [2025-08-26T15:44:50.938+0000] {dagbag.py:588} INFO - Filling up the DagBag from /home/airflow/.local/lib/python3.12/site-packages/airflow/example_dags/example_dag_decorator.py
[2025-08-26T15:44:50.947+0000] {processor.py:925} INFO - DAG(s) 'example_dag_decorator' retrieved from /home/airflow/.local/lib/python3.12/site-packages/airflow/example_dags/example_dag_decorator.py
[2025-08-26T15:44:51.005+0000] {logging_mixin.py:190} INFO - [2025-08-26T15:44:51.005+0000] {dag.py:3239} INFO - Sync 1 DAGs
[2025-08-26T15:44:51.010+0000] {logging_mixin.py:190} INFO - [2025-08-26T15:44:51.010+0000] {dag.py:4180} INFO - Setting next_dagrun for example_dag_decorator to None, run_after=None
[2025-08-26T15:44:51.018+0000] {processor.py:208} INFO - Processing /home/airflow/.local/lib/python3.12/site-packages/airflow/example_dags/example_dag_decorator.py took 0.085 seconds
[2025-08-26T15:45:21.777+0000] {processor.py:186} INFO - Started process (PID=259) to work on /home/airflow/.local/lib/python3.12/site-packages/airflow/example_dags/example_dag_decorator.py
[2025-08-26T15:45:21.778+0000] {processor.py:914} INFO - Processing file /home/airflow/.local/lib/python3.12/site-packages/airflow/example_dags/example_dag_decorator.py for tasks to queue
[2025-08-26T15:45:21.779+0000] {logging_mixin.py:190} INFO - [2025-08-26T15:45:21.779+0000] {dagbag.py:588} INFO - Filling up the DagBag from /home/airflow/.local/lib/python3.12/site-packages/airflow/example_dags/example_dag_decorator.py
[2025-08-26T15:45:21.785+0000] {processor.py:925} INFO - DAG(s) 'example_dag_decorator' retrieved from /home/airflow/.local/lib/python3.12/site-packages/airflow/example_dags/example_dag_decorator.py
[2025-08-26T15:45:21.830+0000] {logging_mixin.py:190} INFO - [2025-08-26T15:45:21.830+0000] {dag.py:3239} INFO - Sync 1 DAGs
[2025-08-26T15:45:21.834+0000] {logging_mixin.py:190} INFO - [2025-08-26T15:45:21.834+0000] {dag.py:4180} INFO - Setting next_dagrun for example_dag_decorator to None, run_after=None
[2025-08-26T15:45:21.841+0000] {processor.py:208} INFO - Processing /home/airflow/.local/lib/python3.12/site-packages/airflow/example_dags/example_dag_decorator.py took 0.066 seconds
[2025-08-26T15:56:42.937+0000] {processor.py:186} INFO - Started process (PID=316) to work on /home/airflow/.local/lib/python3.12/site-packages/airflow/example_dags/example_dag_decorator.py
[2025-08-26T15:56:42.939+0000] {processor.py:914} INFO - Processing file /home/airflow/.local/lib/python3.12/site-packages/airflow/example_dags/example_dag_decorator.py for tasks to queue
[2025-08-26T15:56:42.940+0000] {logging_mixin.py:190} INFO - [2025-08-26T15:56:42.940+0000] {dagbag.py:588} INFO - Filling up the DagBag from /home/airflow/.local/lib/python3.12/site-packages/airflow/example_dags/example_dag_decorator.py
[2025-08-26T15:56:42.944+0000] {processor.py:925} INFO - DAG(s) 'example_dag_decorator' retrieved from /home/airflow/.local/lib/python3.12/site-packages/airflow/example_dags/example_dag_decorator.py
[2025-08-26T15:56:42.987+0000] {logging_mixin.py:190} INFO - [2025-08-26T15:56:42.987+0000] {dag.py:3239} INFO - Sync 1 DAGs
[2025-08-26T15:56:42.993+0000] {logging_mixin.py:190} INFO - [2025-08-26T15:56:42.993+0000] {dag.py:4180} INFO - Setting next_dagrun for example_dag_decorator to None, run_after=None
[2025-08-26T15:56:42.998+0000] {processor.py:208} INFO - Processing /home/airflow/.local/lib/python3.12/site-packages/airflow/example_dags/example_dag_decorator.py took 0.064 seconds
[2025-08-26T16:32:53.565+0000] {processor.py:186} INFO - Started process (PID=379) to work on /home/airflow/.local/lib/python3.12/site-packages/airflow/example_dags/example_dag_decorator.py
[2025-08-26T16:32:53.567+0000] {processor.py:914} INFO - Processing file /home/airflow/.local/lib/python3.12/site-packages/airflow/example_dags/example_dag_decorator.py for tasks to queue
[2025-08-26T16:32:53.570+0000] {logging_mixin.py:190} INFO - [2025-08-26T16:32:53.570+0000] {dagbag.py:588} INFO - Filling up the DagBag from /home/airflow/.local/lib/python3.12/site-packages/airflow/example_dags/example_dag_decorator.py
[2025-08-26T16:32:53.575+0000] {processor.py:925} INFO - DAG(s) 'example_dag_decorator' retrieved from /home/airflow/.local/lib/python3.12/site-packages/airflow/example_dags/example_dag_decorator.py
[2025-08-26T16:32:53.625+0000] {logging_mixin.py:190} INFO - [2025-08-26T16:32:53.625+0000] {dag.py:3239} INFO - Sync 1 DAGs
[2025-08-26T16:32:53.630+0000] {logging_mixin.py:190} INFO - [2025-08-26T16:32:53.630+0000] {dag.py:4180} INFO - Setting next_dagrun for example_dag_decorator to None, run_after=None
[2025-08-26T16:32:53.639+0000] {processor.py:208} INFO - Processing /home/airflow/.local/lib/python3.12/site-packages/airflow/example_dags/example_dag_decorator.py took 0.076 seconds
[2025-08-26T18:02:29.706+0000] {processor.py:186} INFO - Started process (PID=442) to work on /home/airflow/.local/lib/python3.12/site-packages/airflow/example_dags/example_dag_decorator.py
[2025-08-26T18:02:29.707+0000] {processor.py:914} INFO - Processing file /home/airflow/.local/lib/python3.12/site-packages/airflow/example_dags/example_dag_decorator.py for tasks to queue
[2025-08-26T18:02:29.708+0000] {logging_mixin.py:190} INFO - [2025-08-26T18:02:29.708+0000] {dagbag.py:588} INFO - Filling up the DagBag from /home/airflow/.local/lib/python3.12/site-packages/airflow/example_dags/example_dag_decorator.py
[2025-08-26T18:02:29.714+0000] {processor.py:925} INFO - DAG(s) 'example_dag_decorator' retrieved from /home/airflow/.local/lib/python3.12/site-packages/airflow/example_dags/example_dag_decorator.py
[2025-08-26T18:02:29.755+0000] {logging_mixin.py:190} INFO - [2025-08-26T18:02:29.755+0000] {dag.py:3239} INFO - Sync 1 DAGs
[2025-08-26T18:02:29.759+0000] {logging_mixin.py:190} INFO - [2025-08-26T18:02:29.759+0000] {dag.py:4180} INFO - Setting next_dagrun for example_dag_decorator to None, run_after=None
[2025-08-26T18:02:29.770+0000] {processor.py:208} INFO - Processing /home/airflow/.local/lib/python3.12/site-packages/airflow/example_dags/example_dag_decorator.py took 0.066 seconds
[2025-08-26T18:46:59.719+0000] {processor.py:186} INFO - Started process (PID=505) to work on /home/airflow/.local/lib/python3.12/site-packages/airflow/example_dags/example_dag_decorator.py
[2025-08-26T18:46:59.720+0000] {processor.py:914} INFO - Processing file /home/airflow/.local/lib/python3.12/site-packages/airflow/example_dags/example_dag_decorator.py for tasks to queue
[2025-08-26T18:46:59.721+0000] {logging_mixin.py:190} INFO - [2025-08-26T18:46:59.721+0000] {dagbag.py:588} INFO - Filling up the DagBag from /home/airflow/.local/lib/python3.12/site-packages/airflow/example_dags/example_dag_decorator.py
[2025-08-26T18:46:59.725+0000] {processor.py:925} INFO - DAG(s) 'example_dag_decorator' retrieved from /home/airflow/.local/lib/python3.12/site-packages/airflow/example_dags/example_dag_decorator.py
[2025-08-26T18:46:59.773+0000] {logging_mixin.py:190} INFO - [2025-08-26T18:46:59.773+0000] {dag.py:3239} INFO - Sync 1 DAGs
[2025-08-26T18:46:59.777+0000] {logging_mixin.py:190} INFO - [2025-08-26T18:46:59.777+0000] {dag.py:4180} INFO - Setting next_dagrun for example_dag_decorator to None, run_after=None
[2025-08-26T18:46:59.786+0000] {processor.py:208} INFO - Processing /home/airflow/.local/lib/python3.12/site-packages/airflow/example_dags/example_dag_decorator.py took 0.069 seconds
[2025-08-26T18:47:30.579+0000] {processor.py:186} INFO - Started process (PID=568) to work on /home/airflow/.local/lib/python3.12/site-packages/airflow/example_dags/example_dag_decorator.py
[2025-08-26T18:47:30.580+0000] {processor.py:914} INFO - Processing file /home/airflow/.local/lib/python3.12/site-packages/airflow/example_dags/example_dag_decorator.py for tasks to queue
[2025-08-26T18:47:30.581+0000] {logging_mixin.py:190} INFO - [2025-08-26T18:47:30.581+0000] {dagbag.py:588} INFO - Filling up the DagBag from /home/airflow/.local/lib/python3.12/site-packages/airflow/example_dags/example_dag_decorator.py
[2025-08-26T18:47:30.586+0000] {processor.py:925} INFO - DAG(s) 'example_dag_decorator' retrieved from /home/airflow/.local/lib/python3.12/site-packages/airflow/example_dags/example_dag_decorator.py
[2025-08-26T18:47:30.635+0000] {logging_mixin.py:190} INFO - [2025-08-26T18:47:30.635+0000] {dag.py:3239} INFO - Sync 1 DAGs
[2025-08-26T18:47:30.639+0000] {logging_mixin.py:190} INFO - [2025-08-26T18:47:30.639+0000] {dag.py:4180} INFO - Setting next_dagrun for example_dag_decorator to None, run_after=None
[2025-08-26T18:47:30.647+0000] {processor.py:208} INFO - Processing /home/airflow/.local/lib/python3.12/site-packages/airflow/example_dags/example_dag_decorator.py took 0.070 seconds
[2025-08-26T18:48:01.303+0000] {processor.py:186} INFO - Started process (PID=631) to work on /home/airflow/.local/lib/python3.12/site-packages/airflow/example_dags/example_dag_decorator.py
[2025-08-26T18:48:01.304+0000] {processor.py:914} INFO - Processing file /home/airflow/.local/lib/python3.12/site-packages/airflow/example_dags/example_dag_decorator.py for tasks to queue
[2025-08-26T18:48:01.308+0000] {logging_mixin.py:190} INFO - [2025-08-26T18:48:01.308+0000] {dagbag.py:588} INFO - Filling up the DagBag from /home/airflow/.local/lib/python3.12/site-packages/airflow/example_dags/example_dag_decorator.py
[2025-08-26T18:48:01.314+0000] {processor.py:925} INFO - DAG(s) 'example_dag_decorator' retrieved from /home/airflow/.local/lib/python3.12/site-packages/airflow/example_dags/example_dag_decorator.py
[2025-08-26T18:48:01.354+0000] {logging_mixin.py:190} INFO - [2025-08-26T18:48:01.354+0000] {dag.py:3239} INFO - Sync 1 DAGs
[2025-08-26T18:48:01.359+0000] {logging_mixin.py:190} INFO - [2025-08-26T18:48:01.359+0000] {dag.py:4180} INFO - Setting next_dagrun for example_dag_decorator to None, run_after=None
[2025-08-26T18:48:01.368+0000] {processor.py:208} INFO - Processing /home/airflow/.local/lib/python3.12/site-packages/airflow/example_dags/example_dag_decorator.py took 0.068 seconds
[2025-08-26T18:48:32.123+0000] {processor.py:186} INFO - Started process (PID=694) to work on /home/airflow/.local/lib/python3.12/site-packages/airflow/example_dags/example_dag_decorator.py
[2025-08-26T18:48:32.124+0000] {processor.py:914} INFO - Processing file /home/airflow/.local/lib/python3.12/site-packages/airflow/example_dags/example_dag_decorator.py for tasks to queue
[2025-08-26T18:48:32.126+0000] {logging_mixin.py:190} INFO - [2025-08-26T18:48:32.125+0000] {dagbag.py:588} INFO - Filling up the DagBag from /home/airflow/.local/lib/python3.12/site-packages/airflow/example_dags/example_dag_decorator.py
[2025-08-26T18:48:32.131+0000] {processor.py:925} INFO - DAG(s) 'example_dag_decorator' retrieved from /home/airflow/.local/lib/python3.12/site-packages/airflow/example_dags/example_dag_decorator.py
[2025-08-26T18:48:32.172+0000] {logging_mixin.py:190} INFO - [2025-08-26T18:48:32.172+0000] {dag.py:3239} INFO - Sync 1 DAGs
[2025-08-26T18:48:32.177+0000] {logging_mixin.py:190} INFO - [2025-08-26T18:48:32.177+0000] {dag.py:4180} INFO - Setting next_dagrun for example_dag_decorator to None, run_after=None
[2025-08-26T18:48:32.189+0000] {processor.py:208} INFO - Processing /home/airflow/.local/lib/python3.12/site-packages/airflow/example_dags/example_dag_decorator.py took 0.068 seconds
[2025-08-26T18:49:02.739+0000] {processor.py:186} INFO - Started process (PID=757) to work on /home/airflow/.local/lib/python3.12/site-packages/airflow/example_dags/example_dag_decorator.py
[2025-08-26T18:49:02.739+0000] {processor.py:914} INFO - Processing file /home/airflow/.local/lib/python3.12/site-packages/airflow/example_dags/example_dag_decorator.py for tasks to queue
[2025-08-26T18:49:02.740+0000] {logging_mixin.py:190} INFO - [2025-08-26T18:49:02.740+0000] {dagbag.py:588} INFO - Filling up the DagBag from /home/airflow/.local/lib/python3.12/site-packages/airflow/example_dags/example_dag_decorator.py
[2025-08-26T18:49:02.745+0000] {processor.py:925} INFO - DAG(s) 'example_dag_decorator' retrieved from /home/airflow/.local/lib/python3.12/site-packages/airflow/example_dags/example_dag_decorator.py
[2025-08-26T18:49:02.789+0000] {logging_mixin.py:190} INFO - [2025-08-26T18:49:02.789+0000] {dag.py:3239} INFO - Sync 1 DAGs
[2025-08-26T18:49:02.793+0000] {logging_mixin.py:190} INFO - [2025-08-26T18:49:02.793+0000] {dag.py:4180} INFO - Setting next_dagrun for example_dag_decorator to None, run_after=None
[2025-08-26T18:49:02.802+0000] {processor.py:208} INFO - Processing /home/airflow/.local/lib/python3.12/site-packages/airflow/example_dags/example_dag_decorator.py took 0.065 seconds
[2025-08-26T18:49:33.481+0000] {processor.py:186} INFO - Started process (PID=821) to work on /home/airflow/.local/lib/python3.12/site-packages/airflow/example_dags/example_dag_decorator.py
[2025-08-26T18:49:33.482+0000] {processor.py:914} INFO - Processing file /home/airflow/.local/lib/python3.12/site-packages/airflow/example_dags/example_dag_decorator.py for tasks to queue
[2025-08-26T18:49:33.483+0000] {logging_mixin.py:190} INFO - [2025-08-26T18:49:33.483+0000] {dagbag.py:588} INFO - Filling up the DagBag from /home/airflow/.local/lib/python3.12/site-packages/airflow/example_dags/example_dag_decorator.py
[2025-08-26T18:49:33.487+0000] {processor.py:925} INFO - DAG(s) 'example_dag_decorator' retrieved from /home/airflow/.local/lib/python3.12/site-packages/airflow/example_dags/example_dag_decorator.py
[2025-08-26T18:49:33.531+0000] {logging_mixin.py:190} INFO - [2025-08-26T18:49:33.531+0000] {dag.py:3239} INFO - Sync 1 DAGs
[2025-08-26T18:49:33.535+0000] {logging_mixin.py:190} INFO - [2025-08-26T18:49:33.535+0000] {dag.py:4180} INFO - Setting next_dagrun for example_dag_decorator to None, run_after=None
[2025-08-26T18:49:33.545+0000] {processor.py:208} INFO - Processing /home/airflow/.local/lib/python3.12/site-packages/airflow/example_dags/example_dag_decorator.py took 0.066 seconds
[2025-08-26T18:50:04.138+0000] {processor.py:186} INFO - Started process (PID=885) to work on /home/airflow/.local/lib/python3.12/site-packages/airflow/example_dags/example_dag_decorator.py
[2025-08-26T18:50:04.139+0000] {processor.py:914} INFO - Processing file /home/airflow/.local/lib/python3.12/site-packages/airflow/example_dags/example_dag_decorator.py for tasks to queue
[2025-08-26T18:50:04.140+0000] {logging_mixin.py:190} INFO - [2025-08-26T18:50:04.140+0000] {dagbag.py:588} INFO - Filling up the DagBag from /home/airflow/.local/lib/python3.12/site-packages/airflow/example_dags/example_dag_decorator.py
[2025-08-26T18:50:04.145+0000] {processor.py:925} INFO - DAG(s) 'example_dag_decorator' retrieved from /home/airflow/.local/lib/python3.12/site-packages/airflow/example_dags/example_dag_decorator.py
[2025-08-26T18:50:04.180+0000] {logging_mixin.py:190} INFO - [2025-08-26T18:50:04.179+0000] {dag.py:3239} INFO - Sync 1 DAGs
[2025-08-26T18:50:04.183+0000] {logging_mixin.py:190} INFO - [2025-08-26T18:50:04.183+0000] {dag.py:4180} INFO - Setting next_dagrun for example_dag_decorator to None, run_after=None
[2025-08-26T18:50:04.193+0000] {processor.py:208} INFO - Processing /home/airflow/.local/lib/python3.12/site-packages/airflow/example_dags/example_dag_decorator.py took 0.057 seconds
[2025-08-26T18:50:34.645+0000] {processor.py:186} INFO - Started process (PID=947) to work on /home/airflow/.local/lib/python3.12/site-packages/airflow/example_dags/example_dag_decorator.py
[2025-08-26T18:50:34.646+0000] {processor.py:914} INFO - Processing file /home/airflow/.local/lib/python3.12/site-packages/airflow/example_dags/example_dag_decorator.py for tasks to queue
[2025-08-26T18:50:34.647+0000] {logging_mixin.py:190} INFO - [2025-08-26T18:50:34.647+0000] {dagbag.py:588} INFO - Filling up the DagBag from /home/airflow/.local/lib/python3.12/site-packages/airflow/example_dags/example_dag_decorator.py
[2025-08-26T18:50:34.652+0000] {processor.py:925} INFO - DAG(s) 'example_dag_decorator' retrieved from /home/airflow/.local/lib/python3.12/site-packages/airflow/example_dags/example_dag_decorator.py
[2025-08-26T18:50:34.687+0000] {logging_mixin.py:190} INFO - [2025-08-26T18:50:34.687+0000] {dag.py:3239} INFO - Sync 1 DAGs
[2025-08-26T18:50:34.691+0000] {logging_mixin.py:190} INFO - [2025-08-26T18:50:34.691+0000] {dag.py:4180} INFO - Setting next_dagrun for example_dag_decorator to None, run_after=None
[2025-08-26T18:50:34.697+0000] {processor.py:208} INFO - Processing /home/airflow/.local/lib/python3.12/site-packages/airflow/example_dags/example_dag_decorator.py took 0.053 seconds
[2025-08-26T18:51:05.194+0000] {processor.py:186} INFO - Started process (PID=1010) to work on /home/airflow/.local/lib/python3.12/site-packages/airflow/example_dags/example_dag_decorator.py
[2025-08-26T18:51:05.195+0000] {processor.py:914} INFO - Processing file /home/airflow/.local/lib/python3.12/site-packages/airflow/example_dags/example_dag_decorator.py for tasks to queue
[2025-08-26T18:51:05.196+0000] {logging_mixin.py:190} INFO - [2025-08-26T18:51:05.195+0000] {dagbag.py:588} INFO - Filling up the DagBag from /home/airflow/.local/lib/python3.12/site-packages/airflow/example_dags/example_dag_decorator.py
[2025-08-26T18:51:05.201+0000] {processor.py:925} INFO - DAG(s) 'example_dag_decorator' retrieved from /home/airflow/.local/lib/python3.12/site-packages/airflow/example_dags/example_dag_decorator.py
[2025-08-26T18:51:05.239+0000] {logging_mixin.py:190} INFO - [2025-08-26T18:51:05.239+0000] {dag.py:3239} INFO - Sync 1 DAGs
[2025-08-26T18:51:05.242+0000] {logging_mixin.py:190} INFO - [2025-08-26T18:51:05.242+0000] {dag.py:4180} INFO - Setting next_dagrun for example_dag_decorator to None, run_after=None
[2025-08-26T18:51:05.251+0000] {processor.py:208} INFO - Processing /home/airflow/.local/lib/python3.12/site-packages/airflow/example_dags/example_dag_decorator.py took 0.059 seconds
[2025-08-26T18:51:35.807+0000] {processor.py:186} INFO - Started process (PID=1073) to work on /home/airflow/.local/lib/python3.12/site-packages/airflow/example_dags/example_dag_decorator.py
[2025-08-26T18:51:35.809+0000] {processor.py:914} INFO - Processing file /home/airflow/.local/lib/python3.12/site-packages/airflow/example_dags/example_dag_decorator.py for tasks to queue
[2025-08-26T18:51:35.810+0000] {logging_mixin.py:190} INFO - [2025-08-26T18:51:35.810+0000] {dagbag.py:588} INFO - Filling up the DagBag from /home/airflow/.local/lib/python3.12/site-packages/airflow/example_dags/example_dag_decorator.py
[2025-08-26T18:51:35.815+0000] {processor.py:925} INFO - DAG(s) 'example_dag_decorator' retrieved from /home/airflow/.local/lib/python3.12/site-packages/airflow/example_dags/example_dag_decorator.py
[2025-08-26T18:51:35.850+0000] {logging_mixin.py:190} INFO - [2025-08-26T18:51:35.850+0000] {dag.py:3239} INFO - Sync 1 DAGs
[2025-08-26T18:51:35.856+0000] {logging_mixin.py:190} INFO - [2025-08-26T18:51:35.856+0000] {dag.py:4180} INFO - Setting next_dagrun for example_dag_decorator to None, run_after=None
[2025-08-26T18:51:35.864+0000] {processor.py:208} INFO - Processing /home/airflow/.local/lib/python3.12/site-packages/airflow/example_dags/example_dag_decorator.py took 0.059 seconds
[2025-08-26T18:52:06.452+0000] {processor.py:186} INFO - Started process (PID=1136) to work on /home/airflow/.local/lib/python3.12/site-packages/airflow/example_dags/example_dag_decorator.py
[2025-08-26T18:52:06.454+0000] {processor.py:914} INFO - Processing file /home/airflow/.local/lib/python3.12/site-packages/airflow/example_dags/example_dag_decorator.py for tasks to queue
[2025-08-26T18:52:06.455+0000] {logging_mixin.py:190} INFO - [2025-08-26T18:52:06.455+0000] {dagbag.py:588} INFO - Filling up the DagBag from /home/airflow/.local/lib/python3.12/site-packages/airflow/example_dags/example_dag_decorator.py
[2025-08-26T18:52:06.460+0000] {processor.py:925} INFO - DAG(s) 'example_dag_decorator' retrieved from /home/airflow/.local/lib/python3.12/site-packages/airflow/example_dags/example_dag_decorator.py
[2025-08-26T18:52:06.501+0000] {logging_mixin.py:190} INFO - [2025-08-26T18:52:06.501+0000] {dag.py:3239} INFO - Sync 1 DAGs
[2025-08-26T18:52:06.505+0000] {logging_mixin.py:190} INFO - [2025-08-26T18:52:06.504+0000] {dag.py:4180} INFO - Setting next_dagrun for example_dag_decorator to None, run_after=None
[2025-08-26T18:52:06.512+0000] {processor.py:208} INFO - Processing /home/airflow/.local/lib/python3.12/site-packages/airflow/example_dags/example_dag_decorator.py took 0.062 seconds
[2025-08-26T18:52:37.127+0000] {processor.py:186} INFO - Started process (PID=1199) to work on /home/airflow/.local/lib/python3.12/site-packages/airflow/example_dags/example_dag_decorator.py
[2025-08-26T18:52:37.128+0000] {processor.py:914} INFO - Processing file /home/airflow/.local/lib/python3.12/site-packages/airflow/example_dags/example_dag_decorator.py for tasks to queue
[2025-08-26T18:52:37.129+0000] {logging_mixin.py:190} INFO - [2025-08-26T18:52:37.129+0000] {dagbag.py:588} INFO - Filling up the DagBag from /home/airflow/.local/lib/python3.12/site-packages/airflow/example_dags/example_dag_decorator.py
[2025-08-26T18:52:37.134+0000] {processor.py:925} INFO - DAG(s) 'example_dag_decorator' retrieved from /home/airflow/.local/lib/python3.12/site-packages/airflow/example_dags/example_dag_decorator.py
[2025-08-26T18:52:37.172+0000] {logging_mixin.py:190} INFO - [2025-08-26T18:52:37.172+0000] {dag.py:3239} INFO - Sync 1 DAGs
[2025-08-26T18:52:37.176+0000] {logging_mixin.py:190} INFO - [2025-08-26T18:52:37.176+0000] {dag.py:4180} INFO - Setting next_dagrun for example_dag_decorator to None, run_after=None
[2025-08-26T18:52:37.182+0000] {processor.py:208} INFO - Processing /home/airflow/.local/lib/python3.12/site-packages/airflow/example_dags/example_dag_decorator.py took 0.058 seconds
[2025-08-26T18:53:07.714+0000] {processor.py:186} INFO - Started process (PID=1262) to work on /home/airflow/.local/lib/python3.12/site-packages/airflow/example_dags/example_dag_decorator.py
[2025-08-26T18:53:07.714+0000] {processor.py:914} INFO - Processing file /home/airflow/.local/lib/python3.12/site-packages/airflow/example_dags/example_dag_decorator.py for tasks to queue
[2025-08-26T18:53:07.716+0000] {logging_mixin.py:190} INFO - [2025-08-26T18:53:07.716+0000] {dagbag.py:588} INFO - Filling up the DagBag from /home/airflow/.local/lib/python3.12/site-packages/airflow/example_dags/example_dag_decorator.py
[2025-08-26T18:53:07.721+0000] {processor.py:925} INFO - DAG(s) 'example_dag_decorator' retrieved from /home/airflow/.local/lib/python3.12/site-packages/airflow/example_dags/example_dag_decorator.py
[2025-08-26T18:53:07.757+0000] {logging_mixin.py:190} INFO - [2025-08-26T18:53:07.757+0000] {dag.py:3239} INFO - Sync 1 DAGs
[2025-08-26T18:53:07.762+0000] {logging_mixin.py:190} INFO - [2025-08-26T18:53:07.762+0000] {dag.py:4180} INFO - Setting next_dagrun for example_dag_decorator to None, run_after=None
[2025-08-26T18:53:07.769+0000] {processor.py:208} INFO - Processing /home/airflow/.local/lib/python3.12/site-packages/airflow/example_dags/example_dag_decorator.py took 0.057 seconds
[2025-08-26T18:53:38.332+0000] {processor.py:186} INFO - Started process (PID=1325) to work on /home/airflow/.local/lib/python3.12/site-packages/airflow/example_dags/example_dag_decorator.py
[2025-08-26T18:53:38.333+0000] {processor.py:914} INFO - Processing file /home/airflow/.local/lib/python3.12/site-packages/airflow/example_dags/example_dag_decorator.py for tasks to queue
[2025-08-26T18:53:38.333+0000] {logging_mixin.py:190} INFO - [2025-08-26T18:53:38.333+0000] {dagbag.py:588} INFO - Filling up the DagBag from /home/airflow/.local/lib/python3.12/site-packages/airflow/example_dags/example_dag_decorator.py
[2025-08-26T18:53:38.338+0000] {processor.py:925} INFO - DAG(s) 'example_dag_decorator' retrieved from /home/airflow/.local/lib/python3.12/site-packages/airflow/example_dags/example_dag_decorator.py
[2025-08-26T18:53:38.376+0000] {logging_mixin.py:190} INFO - [2025-08-26T18:53:38.376+0000] {dag.py:3239} INFO - Sync 1 DAGs
[2025-08-26T18:53:38.380+0000] {logging_mixin.py:190} INFO - [2025-08-26T18:53:38.380+0000] {dag.py:4180} INFO - Setting next_dagrun for example_dag_decorator to None, run_after=None
[2025-08-26T18:53:38.389+0000] {processor.py:208} INFO - Processing /home/airflow/.local/lib/python3.12/site-packages/airflow/example_dags/example_dag_decorator.py took 0.059 seconds
[2025-08-26T18:54:08.974+0000] {processor.py:186} INFO - Started process (PID=1388) to work on /home/airflow/.local/lib/python3.12/site-packages/airflow/example_dags/example_dag_decorator.py
[2025-08-26T18:54:08.977+0000] {processor.py:914} INFO - Processing file /home/airflow/.local/lib/python3.12/site-packages/airflow/example_dags/example_dag_decorator.py for tasks to queue
[2025-08-26T18:54:08.977+0000] {logging_mixin.py:190} INFO - [2025-08-26T18:54:08.977+0000] {dagbag.py:588} INFO - Filling up the DagBag from /home/airflow/.local/lib/python3.12/site-packages/airflow/example_dags/example_dag_decorator.py
[2025-08-26T18:54:08.982+0000] {processor.py:925} INFO - DAG(s) 'example_dag_decorator' retrieved from /home/airflow/.local/lib/python3.12/site-packages/airflow/example_dags/example_dag_decorator.py
[2025-08-26T18:54:09.017+0000] {logging_mixin.py:190} INFO - [2025-08-26T18:54:09.017+0000] {dag.py:3239} INFO - Sync 1 DAGs
[2025-08-26T18:54:09.023+0000] {logging_mixin.py:190} INFO - [2025-08-26T18:54:09.023+0000] {dag.py:4180} INFO - Setting next_dagrun for example_dag_decorator to None, run_after=None
[2025-08-26T18:54:09.031+0000] {processor.py:208} INFO - Processing /home/airflow/.local/lib/python3.12/site-packages/airflow/example_dags/example_dag_decorator.py took 0.059 seconds
[2025-08-26T18:54:39.539+0000] {processor.py:186} INFO - Started process (PID=1451) to work on /home/airflow/.local/lib/python3.12/site-packages/airflow/example_dags/example_dag_decorator.py
[2025-08-26T18:54:39.540+0000] {processor.py:914} INFO - Processing file /home/airflow/.local/lib/python3.12/site-packages/airflow/example_dags/example_dag_decorator.py for tasks to queue
[2025-08-26T18:54:39.541+0000] {logging_mixin.py:190} INFO - [2025-08-26T18:54:39.540+0000] {dagbag.py:588} INFO - Filling up the DagBag from /home/airflow/.local/lib/python3.12/site-packages/airflow/example_dags/example_dag_decorator.py
[2025-08-26T18:54:39.546+0000] {processor.py:925} INFO - DAG(s) 'example_dag_decorator' retrieved from /home/airflow/.local/lib/python3.12/site-packages/airflow/example_dags/example_dag_decorator.py
[2025-08-26T18:54:39.581+0000] {logging_mixin.py:190} INFO - [2025-08-26T18:54:39.581+0000] {dag.py:3239} INFO - Sync 1 DAGs
[2025-08-26T18:54:39.584+0000] {logging_mixin.py:190} INFO - [2025-08-26T18:54:39.584+0000] {dag.py:4180} INFO - Setting next_dagrun for example_dag_decorator to None, run_after=None
[2025-08-26T18:54:39.591+0000] {processor.py:208} INFO - Processing /home/airflow/.local/lib/python3.12/site-packages/airflow/example_dags/example_dag_decorator.py took 0.054 seconds
[2025-08-26T18:55:10.224+0000] {processor.py:186} INFO - Started process (PID=1514) to work on /home/airflow/.local/lib/python3.12/site-packages/airflow/example_dags/example_dag_decorator.py
[2025-08-26T18:55:10.224+0000] {processor.py:914} INFO - Processing file /home/airflow/.local/lib/python3.12/site-packages/airflow/example_dags/example_dag_decorator.py for tasks to queue
[2025-08-26T18:55:10.225+0000] {logging_mixin.py:190} INFO - [2025-08-26T18:55:10.225+0000] {dagbag.py:588} INFO - Filling up the DagBag from /home/airflow/.local/lib/python3.12/site-packages/airflow/example_dags/example_dag_decorator.py
[2025-08-26T18:55:10.234+0000] {processor.py:925} INFO - DAG(s) 'example_dag_decorator' retrieved from /home/airflow/.local/lib/python3.12/site-packages/airflow/example_dags/example_dag_decorator.py
[2025-08-26T18:55:10.280+0000] {logging_mixin.py:190} INFO - [2025-08-26T18:55:10.280+0000] {dag.py:3239} INFO - Sync 1 DAGs
[2025-08-26T18:55:10.284+0000] {logging_mixin.py:190} INFO - [2025-08-26T18:55:10.284+0000] {dag.py:4180} INFO - Setting next_dagrun for example_dag_decorator to None, run_after=None
[2025-08-26T18:55:10.290+0000] {processor.py:208} INFO - Processing /home/airflow/.local/lib/python3.12/site-packages/airflow/example_dags/example_dag_decorator.py took 0.069 seconds
[2025-08-26T18:55:40.798+0000] {processor.py:186} INFO - Started process (PID=1577) to work on /home/airflow/.local/lib/python3.12/site-packages/airflow/example_dags/example_dag_decorator.py
[2025-08-26T18:55:40.798+0000] {processor.py:914} INFO - Processing file /home/airflow/.local/lib/python3.12/site-packages/airflow/example_dags/example_dag_decorator.py for tasks to queue
[2025-08-26T18:55:40.800+0000] {logging_mixin.py:190} INFO - [2025-08-26T18:55:40.800+0000] {dagbag.py:588} INFO - Filling up the DagBag from /home/airflow/.local/lib/python3.12/site-packages/airflow/example_dags/example_dag_decorator.py
[2025-08-26T18:55:40.805+0000] {processor.py:925} INFO - DAG(s) 'example_dag_decorator' retrieved from /home/airflow/.local/lib/python3.12/site-packages/airflow/example_dags/example_dag_decorator.py
[2025-08-26T18:55:40.839+0000] {logging_mixin.py:190} INFO - [2025-08-26T18:55:40.839+0000] {dag.py:3239} INFO - Sync 1 DAGs
[2025-08-26T18:55:40.845+0000] {logging_mixin.py:190} INFO - [2025-08-26T18:55:40.845+0000] {dag.py:4180} INFO - Setting next_dagrun for example_dag_decorator to None, run_after=None
[2025-08-26T18:55:40.856+0000] {processor.py:208} INFO - Processing /home/airflow/.local/lib/python3.12/site-packages/airflow/example_dags/example_dag_decorator.py took 0.061 seconds
[2025-08-26T18:56:11.447+0000] {processor.py:186} INFO - Started process (PID=1640) to work on /home/airflow/.local/lib/python3.12/site-packages/airflow/example_dags/example_dag_decorator.py
[2025-08-26T18:56:11.448+0000] {processor.py:914} INFO - Processing file /home/airflow/.local/lib/python3.12/site-packages/airflow/example_dags/example_dag_decorator.py for tasks to queue
[2025-08-26T18:56:11.448+0000] {logging_mixin.py:190} INFO - [2025-08-26T18:56:11.448+0000] {dagbag.py:588} INFO - Filling up the DagBag from /home/airflow/.local/lib/python3.12/site-packages/airflow/example_dags/example_dag_decorator.py
[2025-08-26T18:56:11.453+0000] {processor.py:925} INFO - DAG(s) 'example_dag_decorator' retrieved from /home/airflow/.local/lib/python3.12/site-packages/airflow/example_dags/example_dag_decorator.py
[2025-08-26T18:56:11.490+0000] {logging_mixin.py:190} INFO - [2025-08-26T18:56:11.490+0000] {dag.py:3239} INFO - Sync 1 DAGs
[2025-08-26T18:56:11.494+0000] {logging_mixin.py:190} INFO - [2025-08-26T18:56:11.493+0000] {dag.py:4180} INFO - Setting next_dagrun for example_dag_decorator to None, run_after=None
[2025-08-26T18:56:11.501+0000] {processor.py:208} INFO - Processing /home/airflow/.local/lib/python3.12/site-packages/airflow/example_dags/example_dag_decorator.py took 0.056 seconds
[2025-08-26T18:56:42.000+0000] {processor.py:186} INFO - Started process (PID=1703) to work on /home/airflow/.local/lib/python3.12/site-packages/airflow/example_dags/example_dag_decorator.py
[2025-08-26T18:56:42.003+0000] {processor.py:914} INFO - Processing file /home/airflow/.local/lib/python3.12/site-packages/airflow/example_dags/example_dag_decorator.py for tasks to queue
[2025-08-26T18:56:42.004+0000] {logging_mixin.py:190} INFO - [2025-08-26T18:56:42.004+0000] {dagbag.py:588} INFO - Filling up the DagBag from /home/airflow/.local/lib/python3.12/site-packages/airflow/example_dags/example_dag_decorator.py
[2025-08-26T18:56:42.009+0000] {processor.py:925} INFO - DAG(s) 'example_dag_decorator' retrieved from /home/airflow/.local/lib/python3.12/site-packages/airflow/example_dags/example_dag_decorator.py
[2025-08-26T18:56:42.050+0000] {logging_mixin.py:190} INFO - [2025-08-26T18:56:42.049+0000] {dag.py:3239} INFO - Sync 1 DAGs
[2025-08-26T18:56:42.054+0000] {logging_mixin.py:190} INFO - [2025-08-26T18:56:42.054+0000] {dag.py:4180} INFO - Setting next_dagrun for example_dag_decorator to None, run_after=None
[2025-08-26T18:56:42.061+0000] {processor.py:208} INFO - Processing /home/airflow/.local/lib/python3.12/site-packages/airflow/example_dags/example_dag_decorator.py took 0.063 seconds
[2025-08-26T18:57:12.655+0000] {processor.py:186} INFO - Started process (PID=1767) to work on /home/airflow/.local/lib/python3.12/site-packages/airflow/example_dags/example_dag_decorator.py
[2025-08-26T18:57:12.655+0000] {processor.py:914} INFO - Processing file /home/airflow/.local/lib/python3.12/site-packages/airflow/example_dags/example_dag_decorator.py for tasks to queue
[2025-08-26T18:57:12.657+0000] {logging_mixin.py:190} INFO - [2025-08-26T18:57:12.657+0000] {dagbag.py:588} INFO - Filling up the DagBag from /home/airflow/.local/lib/python3.12/site-packages/airflow/example_dags/example_dag_decorator.py
[2025-08-26T18:57:12.662+0000] {processor.py:925} INFO - DAG(s) 'example_dag_decorator' retrieved from /home/airflow/.local/lib/python3.12/site-packages/airflow/example_dags/example_dag_decorator.py
[2025-08-26T18:57:12.696+0000] {logging_mixin.py:190} INFO - [2025-08-26T18:57:12.696+0000] {dag.py:3239} INFO - Sync 1 DAGs
[2025-08-26T18:57:12.701+0000] {logging_mixin.py:190} INFO - [2025-08-26T18:57:12.701+0000] {dag.py:4180} INFO - Setting next_dagrun for example_dag_decorator to None, run_after=None
[2025-08-26T18:57:12.706+0000] {processor.py:208} INFO - Processing /home/airflow/.local/lib/python3.12/site-packages/airflow/example_dags/example_dag_decorator.py took 0.054 seconds
[2025-08-26T18:57:43.214+0000] {processor.py:186} INFO - Started process (PID=1829) to work on /home/airflow/.local/lib/python3.12/site-packages/airflow/example_dags/example_dag_decorator.py
[2025-08-26T18:57:43.215+0000] {processor.py:914} INFO - Processing file /home/airflow/.local/lib/python3.12/site-packages/airflow/example_dags/example_dag_decorator.py for tasks to queue
[2025-08-26T18:57:43.216+0000] {logging_mixin.py:190} INFO - [2025-08-26T18:57:43.216+0000] {dagbag.py:588} INFO - Filling up the DagBag from /home/airflow/.local/lib/python3.12/site-packages/airflow/example_dags/example_dag_decorator.py
[2025-08-26T18:57:43.224+0000] {processor.py:925} INFO - DAG(s) 'example_dag_decorator' retrieved from /home/airflow/.local/lib/python3.12/site-packages/airflow/example_dags/example_dag_decorator.py
[2025-08-26T18:57:43.259+0000] {logging_mixin.py:190} INFO - [2025-08-26T18:57:43.259+0000] {dag.py:3239} INFO - Sync 1 DAGs
[2025-08-26T18:57:43.264+0000] {logging_mixin.py:190} INFO - [2025-08-26T18:57:43.264+0000] {dag.py:4180} INFO - Setting next_dagrun for example_dag_decorator to None, run_after=None
[2025-08-26T18:57:43.272+0000] {processor.py:208} INFO - Processing /home/airflow/.local/lib/python3.12/site-packages/airflow/example_dags/example_dag_decorator.py took 0.060 seconds
[2025-08-26T18:58:13.849+0000] {processor.py:186} INFO - Started process (PID=1893) to work on /home/airflow/.local/lib/python3.12/site-packages/airflow/example_dags/example_dag_decorator.py
[2025-08-26T18:58:13.849+0000] {processor.py:914} INFO - Processing file /home/airflow/.local/lib/python3.12/site-packages/airflow/example_dags/example_dag_decorator.py for tasks to queue
[2025-08-26T18:58:13.850+0000] {logging_mixin.py:190} INFO - [2025-08-26T18:58:13.850+0000] {dagbag.py:588} INFO - Filling up the DagBag from /home/airflow/.local/lib/python3.12/site-packages/airflow/example_dags/example_dag_decorator.py
[2025-08-26T18:58:13.855+0000] {processor.py:925} INFO - DAG(s) 'example_dag_decorator' retrieved from /home/airflow/.local/lib/python3.12/site-packages/airflow/example_dags/example_dag_decorator.py
[2025-08-26T18:58:13.891+0000] {logging_mixin.py:190} INFO - [2025-08-26T18:58:13.891+0000] {dag.py:3239} INFO - Sync 1 DAGs
[2025-08-26T18:58:13.896+0000] {logging_mixin.py:190} INFO - [2025-08-26T18:58:13.896+0000] {dag.py:4180} INFO - Setting next_dagrun for example_dag_decorator to None, run_after=None
[2025-08-26T18:58:13.902+0000] {processor.py:208} INFO - Processing /home/airflow/.local/lib/python3.12/site-packages/airflow/example_dags/example_dag_decorator.py took 0.055 seconds
[2025-08-26T18:58:44.491+0000] {processor.py:186} INFO - Started process (PID=1956) to work on /home/airflow/.local/lib/python3.12/site-packages/airflow/example_dags/example_dag_decorator.py
[2025-08-26T18:58:44.492+0000] {processor.py:914} INFO - Processing file /home/airflow/.local/lib/python3.12/site-packages/airflow/example_dags/example_dag_decorator.py for tasks to queue
[2025-08-26T18:58:44.493+0000] {logging_mixin.py:190} INFO - [2025-08-26T18:58:44.492+0000] {dagbag.py:588} INFO - Filling up the DagBag from /home/airflow/.local/lib/python3.12/site-packages/airflow/example_dags/example_dag_decorator.py
[2025-08-26T18:58:44.497+0000] {processor.py:925} INFO - DAG(s) 'example_dag_decorator' retrieved from /home/airflow/.local/lib/python3.12/site-packages/airflow/example_dags/example_dag_decorator.py
[2025-08-26T18:58:44.534+0000] {logging_mixin.py:190} INFO - [2025-08-26T18:58:44.534+0000] {dag.py:3239} INFO - Sync 1 DAGs
[2025-08-26T18:58:44.539+0000] {logging_mixin.py:190} INFO - [2025-08-26T18:58:44.539+0000] {dag.py:4180} INFO - Setting next_dagrun for example_dag_decorator to None, run_after=None
[2025-08-26T18:58:44.545+0000] {processor.py:208} INFO - Processing /home/airflow/.local/lib/python3.12/site-packages/airflow/example_dags/example_dag_decorator.py took 0.056 seconds
[2025-08-26T18:59:15.017+0000] {processor.py:186} INFO - Started process (PID=2018) to work on /home/airflow/.local/lib/python3.12/site-packages/airflow/example_dags/example_dag_decorator.py
[2025-08-26T18:59:15.018+0000] {processor.py:914} INFO - Processing file /home/airflow/.local/lib/python3.12/site-packages/airflow/example_dags/example_dag_decorator.py for tasks to queue
[2025-08-26T18:59:15.019+0000] {logging_mixin.py:190} INFO - [2025-08-26T18:59:15.019+0000] {dagbag.py:588} INFO - Filling up the DagBag from /home/airflow/.local/lib/python3.12/site-packages/airflow/example_dags/example_dag_decorator.py
[2025-08-26T18:59:15.024+0000] {processor.py:925} INFO - DAG(s) 'example_dag_decorator' retrieved from /home/airflow/.local/lib/python3.12/site-packages/airflow/example_dags/example_dag_decorator.py
[2025-08-26T18:59:15.032+0000] {logging_mixin.py:190} INFO - [2025-08-26T18:59:15.032+0000] {dag.py:3239} INFO - Sync 1 DAGs
[2025-08-26T18:59:15.037+0000] {logging_mixin.py:190} INFO - [2025-08-26T18:59:15.037+0000] {dag.py:4180} INFO - Setting next_dagrun for example_dag_decorator to None, run_after=None
[2025-08-26T18:59:15.044+0000] {processor.py:208} INFO - Processing /home/airflow/.local/lib/python3.12/site-packages/airflow/example_dags/example_dag_decorator.py took 0.029 seconds
[2025-08-26T18:59:45.644+0000] {processor.py:186} INFO - Started process (PID=2081) to work on /home/airflow/.local/lib/python3.12/site-packages/airflow/example_dags/example_dag_decorator.py
[2025-08-26T18:59:45.644+0000] {processor.py:914} INFO - Processing file /home/airflow/.local/lib/python3.12/site-packages/airflow/example_dags/example_dag_decorator.py for tasks to queue
[2025-08-26T18:59:45.645+0000] {logging_mixin.py:190} INFO - [2025-08-26T18:59:45.645+0000] {dagbag.py:588} INFO - Filling up the DagBag from /home/airflow/.local/lib/python3.12/site-packages/airflow/example_dags/example_dag_decorator.py
[2025-08-26T18:59:45.651+0000] {processor.py:925} INFO - DAG(s) 'example_dag_decorator' retrieved from /home/airflow/.local/lib/python3.12/site-packages/airflow/example_dags/example_dag_decorator.py
[2025-08-26T18:59:45.660+0000] {logging_mixin.py:190} INFO - [2025-08-26T18:59:45.660+0000] {dag.py:3239} INFO - Sync 1 DAGs
[2025-08-26T18:59:45.665+0000] {logging_mixin.py:190} INFO - [2025-08-26T18:59:45.665+0000] {dag.py:4180} INFO - Setting next_dagrun for example_dag_decorator to None, run_after=None
[2025-08-26T18:59:45.673+0000] {processor.py:208} INFO - Processing /home/airflow/.local/lib/python3.12/site-packages/airflow/example_dags/example_dag_decorator.py took 0.032 seconds
[2025-08-26T19:00:16.301+0000] {processor.py:186} INFO - Started process (PID=2144) to work on /home/airflow/.local/lib/python3.12/site-packages/airflow/example_dags/example_dag_decorator.py
[2025-08-26T19:00:16.302+0000] {processor.py:914} INFO - Processing file /home/airflow/.local/lib/python3.12/site-packages/airflow/example_dags/example_dag_decorator.py for tasks to queue
[2025-08-26T19:00:16.306+0000] {logging_mixin.py:190} INFO - [2025-08-26T19:00:16.306+0000] {dagbag.py:588} INFO - Filling up the DagBag from /home/airflow/.local/lib/python3.12/site-packages/airflow/example_dags/example_dag_decorator.py
[2025-08-26T19:00:16.312+0000] {processor.py:925} INFO - DAG(s) 'example_dag_decorator' retrieved from /home/airflow/.local/lib/python3.12/site-packages/airflow/example_dags/example_dag_decorator.py
[2025-08-26T19:00:16.321+0000] {logging_mixin.py:190} INFO - [2025-08-26T19:00:16.321+0000] {dag.py:3239} INFO - Sync 1 DAGs
[2025-08-26T19:00:16.327+0000] {logging_mixin.py:190} INFO - [2025-08-26T19:00:16.327+0000] {dag.py:4180} INFO - Setting next_dagrun for example_dag_decorator to None, run_after=None
[2025-08-26T19:00:16.334+0000] {processor.py:208} INFO - Processing /home/airflow/.local/lib/python3.12/site-packages/airflow/example_dags/example_dag_decorator.py took 0.035 seconds
[2025-08-26T19:00:47.025+0000] {processor.py:186} INFO - Started process (PID=2207) to work on /home/airflow/.local/lib/python3.12/site-packages/airflow/example_dags/example_dag_decorator.py
[2025-08-26T19:00:47.025+0000] {processor.py:914} INFO - Processing file /home/airflow/.local/lib/python3.12/site-packages/airflow/example_dags/example_dag_decorator.py for tasks to queue
[2025-08-26T19:00:47.026+0000] {logging_mixin.py:190} INFO - [2025-08-26T19:00:47.026+0000] {dagbag.py:588} INFO - Filling up the DagBag from /home/airflow/.local/lib/python3.12/site-packages/airflow/example_dags/example_dag_decorator.py
[2025-08-26T19:00:47.031+0000] {processor.py:925} INFO - DAG(s) 'example_dag_decorator' retrieved from /home/airflow/.local/lib/python3.12/site-packages/airflow/example_dags/example_dag_decorator.py
[2025-08-26T19:00:47.040+0000] {logging_mixin.py:190} INFO - [2025-08-26T19:00:47.039+0000] {dag.py:3239} INFO - Sync 1 DAGs
[2025-08-26T19:00:47.045+0000] {logging_mixin.py:190} INFO - [2025-08-26T19:00:47.045+0000] {dag.py:4180} INFO - Setting next_dagrun for example_dag_decorator to None, run_after=None
[2025-08-26T19:00:47.052+0000] {processor.py:208} INFO - Processing /home/airflow/.local/lib/python3.12/site-packages/airflow/example_dags/example_dag_decorator.py took 0.030 seconds
[2025-08-26T19:01:17.895+0000] {processor.py:186} INFO - Started process (PID=2270) to work on /home/airflow/.local/lib/python3.12/site-packages/airflow/example_dags/example_dag_decorator.py
[2025-08-26T19:01:17.896+0000] {processor.py:914} INFO - Processing file /home/airflow/.local/lib/python3.12/site-packages/airflow/example_dags/example_dag_decorator.py for tasks to queue
[2025-08-26T19:01:17.897+0000] {logging_mixin.py:190} INFO - [2025-08-26T19:01:17.897+0000] {dagbag.py:588} INFO - Filling up the DagBag from /home/airflow/.local/lib/python3.12/site-packages/airflow/example_dags/example_dag_decorator.py
[2025-08-26T19:01:17.904+0000] {processor.py:925} INFO - DAG(s) 'example_dag_decorator' retrieved from /home/airflow/.local/lib/python3.12/site-packages/airflow/example_dags/example_dag_decorator.py
[2025-08-26T19:01:17.964+0000] {logging_mixin.py:190} INFO - [2025-08-26T19:01:17.964+0000] {dag.py:3239} INFO - Sync 1 DAGs
[2025-08-26T19:01:17.972+0000] {logging_mixin.py:190} INFO - [2025-08-26T19:01:17.972+0000] {dag.py:4180} INFO - Setting next_dagrun for example_dag_decorator to None, run_after=None
[2025-08-26T19:01:17.983+0000] {processor.py:208} INFO - Processing /home/airflow/.local/lib/python3.12/site-packages/airflow/example_dags/example_dag_decorator.py took 0.092 seconds
[2025-08-26T19:01:48.857+0000] {processor.py:186} INFO - Started process (PID=2339) to work on /home/airflow/.local/lib/python3.12/site-packages/airflow/example_dags/example_dag_decorator.py
[2025-08-26T19:01:48.858+0000] {processor.py:914} INFO - Processing file /home/airflow/.local/lib/python3.12/site-packages/airflow/example_dags/example_dag_decorator.py for tasks to queue
[2025-08-26T19:01:48.861+0000] {logging_mixin.py:190} INFO - [2025-08-26T19:01:48.861+0000] {dagbag.py:588} INFO - Filling up the DagBag from /home/airflow/.local/lib/python3.12/site-packages/airflow/example_dags/example_dag_decorator.py
[2025-08-26T19:01:48.866+0000] {processor.py:925} INFO - DAG(s) 'example_dag_decorator' retrieved from /home/airflow/.local/lib/python3.12/site-packages/airflow/example_dags/example_dag_decorator.py
[2025-08-26T19:01:48.913+0000] {logging_mixin.py:190} INFO - [2025-08-26T19:01:48.913+0000] {dag.py:3239} INFO - Sync 1 DAGs
[2025-08-26T19:01:48.917+0000] {logging_mixin.py:190} INFO - [2025-08-26T19:01:48.917+0000] {dag.py:4180} INFO - Setting next_dagrun for example_dag_decorator to None, run_after=None
[2025-08-26T19:01:48.926+0000] {processor.py:208} INFO - Processing /home/airflow/.local/lib/python3.12/site-packages/airflow/example_dags/example_dag_decorator.py took 0.072 seconds
[2025-08-26T19:02:19.710+0000] {processor.py:186} INFO - Started process (PID=2402) to work on /home/airflow/.local/lib/python3.12/site-packages/airflow/example_dags/example_dag_decorator.py
[2025-08-26T19:02:19.710+0000] {processor.py:914} INFO - Processing file /home/airflow/.local/lib/python3.12/site-packages/airflow/example_dags/example_dag_decorator.py for tasks to queue
[2025-08-26T19:02:19.711+0000] {logging_mixin.py:190} INFO - [2025-08-26T19:02:19.711+0000] {dagbag.py:588} INFO - Filling up the DagBag from /home/airflow/.local/lib/python3.12/site-packages/airflow/example_dags/example_dag_decorator.py
[2025-08-26T19:02:19.717+0000] {processor.py:925} INFO - DAG(s) 'example_dag_decorator' retrieved from /home/airflow/.local/lib/python3.12/site-packages/airflow/example_dags/example_dag_decorator.py
[2025-08-26T19:02:19.759+0000] {logging_mixin.py:190} INFO - [2025-08-26T19:02:19.759+0000] {dag.py:3239} INFO - Sync 1 DAGs
[2025-08-26T19:02:19.764+0000] {logging_mixin.py:190} INFO - [2025-08-26T19:02:19.764+0000] {dag.py:4180} INFO - Setting next_dagrun for example_dag_decorator to None, run_after=None
[2025-08-26T19:02:19.770+0000] {processor.py:208} INFO - Processing /home/airflow/.local/lib/python3.12/site-packages/airflow/example_dags/example_dag_decorator.py took 0.063 seconds
[2025-08-26T19:02:50.385+0000] {processor.py:186} INFO - Started process (PID=2465) to work on /home/airflow/.local/lib/python3.12/site-packages/airflow/example_dags/example_dag_decorator.py
[2025-08-26T19:02:50.386+0000] {processor.py:914} INFO - Processing file /home/airflow/.local/lib/python3.12/site-packages/airflow/example_dags/example_dag_decorator.py for tasks to queue
[2025-08-26T19:02:50.388+0000] {logging_mixin.py:190} INFO - [2025-08-26T19:02:50.388+0000] {dagbag.py:588} INFO - Filling up the DagBag from /home/airflow/.local/lib/python3.12/site-packages/airflow/example_dags/example_dag_decorator.py
[2025-08-26T19:02:50.393+0000] {processor.py:925} INFO - DAG(s) 'example_dag_decorator' retrieved from /home/airflow/.local/lib/python3.12/site-packages/airflow/example_dags/example_dag_decorator.py
[2025-08-26T19:02:50.431+0000] {logging_mixin.py:190} INFO - [2025-08-26T19:02:50.431+0000] {dag.py:3239} INFO - Sync 1 DAGs
[2025-08-26T19:02:50.436+0000] {logging_mixin.py:190} INFO - [2025-08-26T19:02:50.436+0000] {dag.py:4180} INFO - Setting next_dagrun for example_dag_decorator to None, run_after=None
[2025-08-26T19:02:50.442+0000] {processor.py:208} INFO - Processing /home/airflow/.local/lib/python3.12/site-packages/airflow/example_dags/example_dag_decorator.py took 0.059 seconds
[2025-08-26T19:03:21.001+0000] {processor.py:186} INFO - Started process (PID=2528) to work on /home/airflow/.local/lib/python3.12/site-packages/airflow/example_dags/example_dag_decorator.py
[2025-08-26T19:03:21.003+0000] {processor.py:914} INFO - Processing file /home/airflow/.local/lib/python3.12/site-packages/airflow/example_dags/example_dag_decorator.py for tasks to queue
[2025-08-26T19:03:21.004+0000] {logging_mixin.py:190} INFO - [2025-08-26T19:03:21.004+0000] {dagbag.py:588} INFO - Filling up the DagBag from /home/airflow/.local/lib/python3.12/site-packages/airflow/example_dags/example_dag_decorator.py
[2025-08-26T19:03:21.009+0000] {processor.py:925} INFO - DAG(s) 'example_dag_decorator' retrieved from /home/airflow/.local/lib/python3.12/site-packages/airflow/example_dags/example_dag_decorator.py
[2025-08-26T19:03:21.049+0000] {logging_mixin.py:190} INFO - [2025-08-26T19:03:21.049+0000] {dag.py:3239} INFO - Sync 1 DAGs
[2025-08-26T19:03:21.053+0000] {logging_mixin.py:190} INFO - [2025-08-26T19:03:21.053+0000] {dag.py:4180} INFO - Setting next_dagrun for example_dag_decorator to None, run_after=None
[2025-08-26T19:03:21.059+0000] {processor.py:208} INFO - Processing /home/airflow/.local/lib/python3.12/site-packages/airflow/example_dags/example_dag_decorator.py took 0.061 seconds
[2025-08-26T19:03:51.696+0000] {processor.py:186} INFO - Started process (PID=2591) to work on /home/airflow/.local/lib/python3.12/site-packages/airflow/example_dags/example_dag_decorator.py
[2025-08-26T19:03:51.697+0000] {processor.py:914} INFO - Processing file /home/airflow/.local/lib/python3.12/site-packages/airflow/example_dags/example_dag_decorator.py for tasks to queue
[2025-08-26T19:03:51.698+0000] {logging_mixin.py:190} INFO - [2025-08-26T19:03:51.698+0000] {dagbag.py:588} INFO - Filling up the DagBag from /home/airflow/.local/lib/python3.12/site-packages/airflow/example_dags/example_dag_decorator.py
[2025-08-26T19:03:51.703+0000] {processor.py:925} INFO - DAG(s) 'example_dag_decorator' retrieved from /home/airflow/.local/lib/python3.12/site-packages/airflow/example_dags/example_dag_decorator.py
[2025-08-26T19:03:51.740+0000] {logging_mixin.py:190} INFO - [2025-08-26T19:03:51.740+0000] {dag.py:3239} INFO - Sync 1 DAGs
[2025-08-26T19:03:51.748+0000] {logging_mixin.py:190} INFO - [2025-08-26T19:03:51.748+0000] {dag.py:4180} INFO - Setting next_dagrun for example_dag_decorator to None, run_after=None
[2025-08-26T19:03:51.757+0000] {processor.py:208} INFO - Processing /home/airflow/.local/lib/python3.12/site-packages/airflow/example_dags/example_dag_decorator.py took 0.063 seconds
[2025-08-26T19:04:22.377+0000] {processor.py:186} INFO - Started process (PID=2654) to work on /home/airflow/.local/lib/python3.12/site-packages/airflow/example_dags/example_dag_decorator.py
[2025-08-26T19:04:22.378+0000] {processor.py:914} INFO - Processing file /home/airflow/.local/lib/python3.12/site-packages/airflow/example_dags/example_dag_decorator.py for tasks to queue
[2025-08-26T19:04:22.379+0000] {logging_mixin.py:190} INFO - [2025-08-26T19:04:22.379+0000] {dagbag.py:588} INFO - Filling up the DagBag from /home/airflow/.local/lib/python3.12/site-packages/airflow/example_dags/example_dag_decorator.py
[2025-08-26T19:04:22.384+0000] {processor.py:925} INFO - DAG(s) 'example_dag_decorator' retrieved from /home/airflow/.local/lib/python3.12/site-packages/airflow/example_dags/example_dag_decorator.py
[2025-08-26T19:04:22.424+0000] {logging_mixin.py:190} INFO - [2025-08-26T19:04:22.424+0000] {dag.py:3239} INFO - Sync 1 DAGs
[2025-08-26T19:04:22.429+0000] {logging_mixin.py:190} INFO - [2025-08-26T19:04:22.429+0000] {dag.py:4180} INFO - Setting next_dagrun for example_dag_decorator to None, run_after=None
[2025-08-26T19:04:22.437+0000] {processor.py:208} INFO - Processing /home/airflow/.local/lib/python3.12/site-packages/airflow/example_dags/example_dag_decorator.py took 0.062 seconds
[2025-08-26T19:04:53.141+0000] {processor.py:186} INFO - Started process (PID=2717) to work on /home/airflow/.local/lib/python3.12/site-packages/airflow/example_dags/example_dag_decorator.py
[2025-08-26T19:04:53.142+0000] {processor.py:914} INFO - Processing file /home/airflow/.local/lib/python3.12/site-packages/airflow/example_dags/example_dag_decorator.py for tasks to queue
[2025-08-26T19:04:53.143+0000] {logging_mixin.py:190} INFO - [2025-08-26T19:04:53.142+0000] {dagbag.py:588} INFO - Filling up the DagBag from /home/airflow/.local/lib/python3.12/site-packages/airflow/example_dags/example_dag_decorator.py
[2025-08-26T19:04:53.147+0000] {processor.py:925} INFO - DAG(s) 'example_dag_decorator' retrieved from /home/airflow/.local/lib/python3.12/site-packages/airflow/example_dags/example_dag_decorator.py
[2025-08-26T19:04:53.187+0000] {logging_mixin.py:190} INFO - [2025-08-26T19:04:53.187+0000] {dag.py:3239} INFO - Sync 1 DAGs
[2025-08-26T19:04:53.194+0000] {logging_mixin.py:190} INFO - [2025-08-26T19:04:53.194+0000] {dag.py:4180} INFO - Setting next_dagrun for example_dag_decorator to None, run_after=None
[2025-08-26T19:04:53.199+0000] {processor.py:208} INFO - Processing /home/airflow/.local/lib/python3.12/site-packages/airflow/example_dags/example_dag_decorator.py took 0.060 seconds
[2025-08-26T19:05:23.850+0000] {processor.py:186} INFO - Started process (PID=2780) to work on /home/airflow/.local/lib/python3.12/site-packages/airflow/example_dags/example_dag_decorator.py
[2025-08-26T19:05:23.850+0000] {processor.py:914} INFO - Processing file /home/airflow/.local/lib/python3.12/site-packages/airflow/example_dags/example_dag_decorator.py for tasks to queue
[2025-08-26T19:05:23.851+0000] {logging_mixin.py:190} INFO - [2025-08-26T19:05:23.851+0000] {dagbag.py:588} INFO - Filling up the DagBag from /home/airflow/.local/lib/python3.12/site-packages/airflow/example_dags/example_dag_decorator.py
[2025-08-26T19:05:23.857+0000] {processor.py:925} INFO - DAG(s) 'example_dag_decorator' retrieved from /home/airflow/.local/lib/python3.12/site-packages/airflow/example_dags/example_dag_decorator.py
[2025-08-26T19:05:23.896+0000] {logging_mixin.py:190} INFO - [2025-08-26T19:05:23.896+0000] {dag.py:3239} INFO - Sync 1 DAGs
[2025-08-26T19:05:23.900+0000] {logging_mixin.py:190} INFO - [2025-08-26T19:05:23.900+0000] {dag.py:4180} INFO - Setting next_dagrun for example_dag_decorator to None, run_after=None
[2025-08-26T19:05:23.908+0000] {processor.py:208} INFO - Processing /home/airflow/.local/lib/python3.12/site-packages/airflow/example_dags/example_dag_decorator.py took 0.061 seconds
[2025-08-26T19:05:54.590+0000] {processor.py:186} INFO - Started process (PID=2843) to work on /home/airflow/.local/lib/python3.12/site-packages/airflow/example_dags/example_dag_decorator.py
[2025-08-26T19:05:54.591+0000] {processor.py:914} INFO - Processing file /home/airflow/.local/lib/python3.12/site-packages/airflow/example_dags/example_dag_decorator.py for tasks to queue
[2025-08-26T19:05:54.593+0000] {logging_mixin.py:190} INFO - [2025-08-26T19:05:54.592+0000] {dagbag.py:588} INFO - Filling up the DagBag from /home/airflow/.local/lib/python3.12/site-packages/airflow/example_dags/example_dag_decorator.py
[2025-08-26T19:05:54.598+0000] {processor.py:925} INFO - DAG(s) 'example_dag_decorator' retrieved from /home/airflow/.local/lib/python3.12/site-packages/airflow/example_dags/example_dag_decorator.py
[2025-08-26T19:05:54.636+0000] {logging_mixin.py:190} INFO - [2025-08-26T19:05:54.635+0000] {dag.py:3239} INFO - Sync 1 DAGs
[2025-08-26T19:05:54.643+0000] {logging_mixin.py:190} INFO - [2025-08-26T19:05:54.643+0000] {dag.py:4180} INFO - Setting next_dagrun for example_dag_decorator to None, run_after=None
[2025-08-26T19:05:54.650+0000] {processor.py:208} INFO - Processing /home/airflow/.local/lib/python3.12/site-packages/airflow/example_dags/example_dag_decorator.py took 0.062 seconds
[2025-08-26T19:06:25.254+0000] {processor.py:186} INFO - Started process (PID=2907) to work on /home/airflow/.local/lib/python3.12/site-packages/airflow/example_dags/example_dag_decorator.py
[2025-08-26T19:06:25.254+0000] {processor.py:914} INFO - Processing file /home/airflow/.local/lib/python3.12/site-packages/airflow/example_dags/example_dag_decorator.py for tasks to queue
[2025-08-26T19:06:25.255+0000] {logging_mixin.py:190} INFO - [2025-08-26T19:06:25.255+0000] {dagbag.py:588} INFO - Filling up the DagBag from /home/airflow/.local/lib/python3.12/site-packages/airflow/example_dags/example_dag_decorator.py
[2025-08-26T19:06:25.261+0000] {processor.py:925} INFO - DAG(s) 'example_dag_decorator' retrieved from /home/airflow/.local/lib/python3.12/site-packages/airflow/example_dags/example_dag_decorator.py
[2025-08-26T19:06:25.300+0000] {logging_mixin.py:190} INFO - [2025-08-26T19:06:25.300+0000] {dag.py:3239} INFO - Sync 1 DAGs
[2025-08-26T19:06:25.305+0000] {logging_mixin.py:190} INFO - [2025-08-26T19:06:25.304+0000] {dag.py:4180} INFO - Setting next_dagrun for example_dag_decorator to None, run_after=None
[2025-08-26T19:06:25.312+0000] {processor.py:208} INFO - Processing /home/airflow/.local/lib/python3.12/site-packages/airflow/example_dags/example_dag_decorator.py took 0.060 seconds
[2025-08-26T19:06:55.852+0000] {processor.py:186} INFO - Started process (PID=2969) to work on /home/airflow/.local/lib/python3.12/site-packages/airflow/example_dags/example_dag_decorator.py
[2025-08-26T19:06:55.856+0000] {processor.py:914} INFO - Processing file /home/airflow/.local/lib/python3.12/site-packages/airflow/example_dags/example_dag_decorator.py for tasks to queue
[2025-08-26T19:06:55.857+0000] {logging_mixin.py:190} INFO - [2025-08-26T19:06:55.857+0000] {dagbag.py:588} INFO - Filling up the DagBag from /home/airflow/.local/lib/python3.12/site-packages/airflow/example_dags/example_dag_decorator.py
[2025-08-26T19:06:55.861+0000] {processor.py:925} INFO - DAG(s) 'example_dag_decorator' retrieved from /home/airflow/.local/lib/python3.12/site-packages/airflow/example_dags/example_dag_decorator.py
[2025-08-26T19:06:55.908+0000] {logging_mixin.py:190} INFO - [2025-08-26T19:06:55.907+0000] {dag.py:3239} INFO - Sync 1 DAGs
[2025-08-26T19:06:55.912+0000] {logging_mixin.py:190} INFO - [2025-08-26T19:06:55.912+0000] {dag.py:4180} INFO - Setting next_dagrun for example_dag_decorator to None, run_after=None
[2025-08-26T19:06:55.918+0000] {processor.py:208} INFO - Processing /home/airflow/.local/lib/python3.12/site-packages/airflow/example_dags/example_dag_decorator.py took 0.068 seconds
[2025-08-26T19:07:26.610+0000] {processor.py:186} INFO - Started process (PID=3032) to work on /home/airflow/.local/lib/python3.12/site-packages/airflow/example_dags/example_dag_decorator.py
[2025-08-26T19:07:26.611+0000] {processor.py:914} INFO - Processing file /home/airflow/.local/lib/python3.12/site-packages/airflow/example_dags/example_dag_decorator.py for tasks to queue
[2025-08-26T19:07:26.612+0000] {logging_mixin.py:190} INFO - [2025-08-26T19:07:26.612+0000] {dagbag.py:588} INFO - Filling up the DagBag from /home/airflow/.local/lib/python3.12/site-packages/airflow/example_dags/example_dag_decorator.py
[2025-08-26T19:07:26.616+0000] {processor.py:925} INFO - DAG(s) 'example_dag_decorator' retrieved from /home/airflow/.local/lib/python3.12/site-packages/airflow/example_dags/example_dag_decorator.py
[2025-08-26T19:07:26.658+0000] {logging_mixin.py:190} INFO - [2025-08-26T19:07:26.658+0000] {dag.py:3239} INFO - Sync 1 DAGs
[2025-08-26T19:07:26.664+0000] {logging_mixin.py:190} INFO - [2025-08-26T19:07:26.663+0000] {dag.py:4180} INFO - Setting next_dagrun for example_dag_decorator to None, run_after=None
[2025-08-26T19:07:26.670+0000] {processor.py:208} INFO - Processing /home/airflow/.local/lib/python3.12/site-packages/airflow/example_dags/example_dag_decorator.py took 0.063 seconds
[2025-08-26T19:07:57.261+0000] {processor.py:186} INFO - Started process (PID=3095) to work on /home/airflow/.local/lib/python3.12/site-packages/airflow/example_dags/example_dag_decorator.py
[2025-08-26T19:07:57.263+0000] {processor.py:914} INFO - Processing file /home/airflow/.local/lib/python3.12/site-packages/airflow/example_dags/example_dag_decorator.py for tasks to queue
[2025-08-26T19:07:57.264+0000] {logging_mixin.py:190} INFO - [2025-08-26T19:07:57.264+0000] {dagbag.py:588} INFO - Filling up the DagBag from /home/airflow/.local/lib/python3.12/site-packages/airflow/example_dags/example_dag_decorator.py
[2025-08-26T19:07:57.270+0000] {processor.py:925} INFO - DAG(s) 'example_dag_decorator' retrieved from /home/airflow/.local/lib/python3.12/site-packages/airflow/example_dags/example_dag_decorator.py
[2025-08-26T19:07:57.279+0000] {logging_mixin.py:190} INFO - [2025-08-26T19:07:57.279+0000] {dag.py:3239} INFO - Sync 1 DAGs
[2025-08-26T19:07:57.283+0000] {logging_mixin.py:190} INFO - [2025-08-26T19:07:57.283+0000] {dag.py:4180} INFO - Setting next_dagrun for example_dag_decorator to None, run_after=None
[2025-08-26T19:07:57.292+0000] {processor.py:208} INFO - Processing /home/airflow/.local/lib/python3.12/site-packages/airflow/example_dags/example_dag_decorator.py took 0.033 seconds
[2025-08-26T19:08:27.891+0000] {processor.py:186} INFO - Started process (PID=3158) to work on /home/airflow/.local/lib/python3.12/site-packages/airflow/example_dags/example_dag_decorator.py
[2025-08-26T19:08:27.892+0000] {processor.py:914} INFO - Processing file /home/airflow/.local/lib/python3.12/site-packages/airflow/example_dags/example_dag_decorator.py for tasks to queue
[2025-08-26T19:08:27.893+0000] {logging_mixin.py:190} INFO - [2025-08-26T19:08:27.893+0000] {dagbag.py:588} INFO - Filling up the DagBag from /home/airflow/.local/lib/python3.12/site-packages/airflow/example_dags/example_dag_decorator.py
[2025-08-26T19:08:27.898+0000] {processor.py:925} INFO - DAG(s) 'example_dag_decorator' retrieved from /home/airflow/.local/lib/python3.12/site-packages/airflow/example_dags/example_dag_decorator.py
[2025-08-26T19:08:27.906+0000] {logging_mixin.py:190} INFO - [2025-08-26T19:08:27.906+0000] {dag.py:3239} INFO - Sync 1 DAGs
[2025-08-26T19:08:27.911+0000] {logging_mixin.py:190} INFO - [2025-08-26T19:08:27.911+0000] {dag.py:4180} INFO - Setting next_dagrun for example_dag_decorator to None, run_after=None
[2025-08-26T19:08:27.916+0000] {processor.py:208} INFO - Processing /home/airflow/.local/lib/python3.12/site-packages/airflow/example_dags/example_dag_decorator.py took 0.028 seconds
[2025-08-26T19:08:58.481+0000] {processor.py:186} INFO - Started process (PID=3221) to work on /home/airflow/.local/lib/python3.12/site-packages/airflow/example_dags/example_dag_decorator.py
[2025-08-26T19:08:58.482+0000] {processor.py:914} INFO - Processing file /home/airflow/.local/lib/python3.12/site-packages/airflow/example_dags/example_dag_decorator.py for tasks to queue
[2025-08-26T19:08:58.483+0000] {logging_mixin.py:190} INFO - [2025-08-26T19:08:58.483+0000] {dagbag.py:588} INFO - Filling up the DagBag from /home/airflow/.local/lib/python3.12/site-packages/airflow/example_dags/example_dag_decorator.py
[2025-08-26T19:08:58.488+0000] {processor.py:925} INFO - DAG(s) 'example_dag_decorator' retrieved from /home/airflow/.local/lib/python3.12/site-packages/airflow/example_dags/example_dag_decorator.py
[2025-08-26T19:08:58.496+0000] {logging_mixin.py:190} INFO - [2025-08-26T19:08:58.496+0000] {dag.py:3239} INFO - Sync 1 DAGs
[2025-08-26T19:08:58.501+0000] {logging_mixin.py:190} INFO - [2025-08-26T19:08:58.500+0000] {dag.py:4180} INFO - Setting next_dagrun for example_dag_decorator to None, run_after=None
[2025-08-26T19:08:58.511+0000] {processor.py:208} INFO - Processing /home/airflow/.local/lib/python3.12/site-packages/airflow/example_dags/example_dag_decorator.py took 0.033 seconds
[2025-08-26T19:09:29.212+0000] {processor.py:186} INFO - Started process (PID=3284) to work on /home/airflow/.local/lib/python3.12/site-packages/airflow/example_dags/example_dag_decorator.py
[2025-08-26T19:09:29.213+0000] {processor.py:914} INFO - Processing file /home/airflow/.local/lib/python3.12/site-packages/airflow/example_dags/example_dag_decorator.py for tasks to queue
[2025-08-26T19:09:29.214+0000] {logging_mixin.py:190} INFO - [2025-08-26T19:09:29.213+0000] {dagbag.py:588} INFO - Filling up the DagBag from /home/airflow/.local/lib/python3.12/site-packages/airflow/example_dags/example_dag_decorator.py
[2025-08-26T19:09:29.218+0000] {processor.py:925} INFO - DAG(s) 'example_dag_decorator' retrieved from /home/airflow/.local/lib/python3.12/site-packages/airflow/example_dags/example_dag_decorator.py
[2025-08-26T19:09:29.227+0000] {logging_mixin.py:190} INFO - [2025-08-26T19:09:29.227+0000] {dag.py:3239} INFO - Sync 1 DAGs
[2025-08-26T19:09:29.232+0000] {logging_mixin.py:190} INFO - [2025-08-26T19:09:29.232+0000] {dag.py:4180} INFO - Setting next_dagrun for example_dag_decorator to None, run_after=None
[2025-08-26T19:09:29.239+0000] {processor.py:208} INFO - Processing /home/airflow/.local/lib/python3.12/site-packages/airflow/example_dags/example_dag_decorator.py took 0.029 seconds
[2025-08-26T19:09:59.942+0000] {processor.py:186} INFO - Started process (PID=3347) to work on /home/airflow/.local/lib/python3.12/site-packages/airflow/example_dags/example_dag_decorator.py
[2025-08-26T19:09:59.943+0000] {processor.py:914} INFO - Processing file /home/airflow/.local/lib/python3.12/site-packages/airflow/example_dags/example_dag_decorator.py for tasks to queue
[2025-08-26T19:09:59.944+0000] {logging_mixin.py:190} INFO - [2025-08-26T19:09:59.944+0000] {dagbag.py:588} INFO - Filling up the DagBag from /home/airflow/.local/lib/python3.12/site-packages/airflow/example_dags/example_dag_decorator.py
[2025-08-26T19:09:59.949+0000] {processor.py:925} INFO - DAG(s) 'example_dag_decorator' retrieved from /home/airflow/.local/lib/python3.12/site-packages/airflow/example_dags/example_dag_decorator.py
[2025-08-26T19:09:59.957+0000] {logging_mixin.py:190} INFO - [2025-08-26T19:09:59.957+0000] {dag.py:3239} INFO - Sync 1 DAGs
[2025-08-26T19:09:59.963+0000] {logging_mixin.py:190} INFO - [2025-08-26T19:09:59.962+0000] {dag.py:4180} INFO - Setting next_dagrun for example_dag_decorator to None, run_after=None
[2025-08-26T19:09:59.973+0000] {processor.py:208} INFO - Processing /home/airflow/.local/lib/python3.12/site-packages/airflow/example_dags/example_dag_decorator.py took 0.033 seconds
[2025-08-26T19:10:30.700+0000] {processor.py:186} INFO - Started process (PID=3410) to work on /home/airflow/.local/lib/python3.12/site-packages/airflow/example_dags/example_dag_decorator.py
[2025-08-26T19:10:30.703+0000] {processor.py:914} INFO - Processing file /home/airflow/.local/lib/python3.12/site-packages/airflow/example_dags/example_dag_decorator.py for tasks to queue
[2025-08-26T19:10:30.704+0000] {logging_mixin.py:190} INFO - [2025-08-26T19:10:30.704+0000] {dagbag.py:588} INFO - Filling up the DagBag from /home/airflow/.local/lib/python3.12/site-packages/airflow/example_dags/example_dag_decorator.py
[2025-08-26T19:10:30.709+0000] {processor.py:925} INFO - DAG(s) 'example_dag_decorator' retrieved from /home/airflow/.local/lib/python3.12/site-packages/airflow/example_dags/example_dag_decorator.py
[2025-08-26T19:10:30.749+0000] {logging_mixin.py:190} INFO - [2025-08-26T19:10:30.749+0000] {dag.py:3239} INFO - Sync 1 DAGs
[2025-08-26T19:10:30.754+0000] {logging_mixin.py:190} INFO - [2025-08-26T19:10:30.753+0000] {dag.py:4180} INFO - Setting next_dagrun for example_dag_decorator to None, run_after=None
[2025-08-26T19:10:30.760+0000] {processor.py:208} INFO - Processing /home/airflow/.local/lib/python3.12/site-packages/airflow/example_dags/example_dag_decorator.py took 0.062 seconds
[2025-08-26T19:11:01.467+0000] {processor.py:186} INFO - Started process (PID=3473) to work on /home/airflow/.local/lib/python3.12/site-packages/airflow/example_dags/example_dag_decorator.py
[2025-08-26T19:11:01.467+0000] {processor.py:914} INFO - Processing file /home/airflow/.local/lib/python3.12/site-packages/airflow/example_dags/example_dag_decorator.py for tasks to queue
[2025-08-26T19:11:01.468+0000] {logging_mixin.py:190} INFO - [2025-08-26T19:11:01.468+0000] {dagbag.py:588} INFO - Filling up the DagBag from /home/airflow/.local/lib/python3.12/site-packages/airflow/example_dags/example_dag_decorator.py
[2025-08-26T19:11:01.474+0000] {processor.py:925} INFO - DAG(s) 'example_dag_decorator' retrieved from /home/airflow/.local/lib/python3.12/site-packages/airflow/example_dags/example_dag_decorator.py
[2025-08-26T19:11:01.482+0000] {logging_mixin.py:190} INFO - [2025-08-26T19:11:01.482+0000] {dag.py:3239} INFO - Sync 1 DAGs
[2025-08-26T19:11:01.487+0000] {logging_mixin.py:190} INFO - [2025-08-26T19:11:01.487+0000] {dag.py:4180} INFO - Setting next_dagrun for example_dag_decorator to None, run_after=None
[2025-08-26T19:11:01.494+0000] {processor.py:208} INFO - Processing /home/airflow/.local/lib/python3.12/site-packages/airflow/example_dags/example_dag_decorator.py took 0.029 seconds
[2025-08-26T19:11:32.269+0000] {processor.py:186} INFO - Started process (PID=3536) to work on /home/airflow/.local/lib/python3.12/site-packages/airflow/example_dags/example_dag_decorator.py
[2025-08-26T19:11:32.272+0000] {processor.py:914} INFO - Processing file /home/airflow/.local/lib/python3.12/site-packages/airflow/example_dags/example_dag_decorator.py for tasks to queue
[2025-08-26T19:11:32.273+0000] {logging_mixin.py:190} INFO - [2025-08-26T19:11:32.273+0000] {dagbag.py:588} INFO - Filling up the DagBag from /home/airflow/.local/lib/python3.12/site-packages/airflow/example_dags/example_dag_decorator.py
[2025-08-26T19:11:32.279+0000] {processor.py:925} INFO - DAG(s) 'example_dag_decorator' retrieved from /home/airflow/.local/lib/python3.12/site-packages/airflow/example_dags/example_dag_decorator.py
[2025-08-26T19:11:32.315+0000] {logging_mixin.py:190} INFO - [2025-08-26T19:11:32.315+0000] {dag.py:3239} INFO - Sync 1 DAGs
[2025-08-26T19:11:32.319+0000] {logging_mixin.py:190} INFO - [2025-08-26T19:11:32.319+0000] {dag.py:4180} INFO - Setting next_dagrun for example_dag_decorator to None, run_after=None
[2025-08-26T19:11:32.327+0000] {processor.py:208} INFO - Processing /home/airflow/.local/lib/python3.12/site-packages/airflow/example_dags/example_dag_decorator.py took 0.060 seconds
[2025-08-26T19:12:03.044+0000] {processor.py:186} INFO - Started process (PID=3599) to work on /home/airflow/.local/lib/python3.12/site-packages/airflow/example_dags/example_dag_decorator.py
[2025-08-26T19:12:03.044+0000] {processor.py:914} INFO - Processing file /home/airflow/.local/lib/python3.12/site-packages/airflow/example_dags/example_dag_decorator.py for tasks to queue
[2025-08-26T19:12:03.045+0000] {logging_mixin.py:190} INFO - [2025-08-26T19:12:03.045+0000] {dagbag.py:588} INFO - Filling up the DagBag from /home/airflow/.local/lib/python3.12/site-packages/airflow/example_dags/example_dag_decorator.py
[2025-08-26T19:12:03.050+0000] {processor.py:925} INFO - DAG(s) 'example_dag_decorator' retrieved from /home/airflow/.local/lib/python3.12/site-packages/airflow/example_dags/example_dag_decorator.py
[2025-08-26T19:12:03.057+0000] {logging_mixin.py:190} INFO - [2025-08-26T19:12:03.057+0000] {dag.py:3239} INFO - Sync 1 DAGs
[2025-08-26T19:12:03.062+0000] {logging_mixin.py:190} INFO - [2025-08-26T19:12:03.062+0000] {dag.py:4180} INFO - Setting next_dagrun for example_dag_decorator to None, run_after=None
[2025-08-26T19:12:03.068+0000] {processor.py:208} INFO - Processing /home/airflow/.local/lib/python3.12/site-packages/airflow/example_dags/example_dag_decorator.py took 0.026 seconds
[2025-08-26T19:12:33.884+0000] {processor.py:186} INFO - Started process (PID=3662) to work on /home/airflow/.local/lib/python3.12/site-packages/airflow/example_dags/example_dag_decorator.py
[2025-08-26T19:12:33.885+0000] {processor.py:914} INFO - Processing file /home/airflow/.local/lib/python3.12/site-packages/airflow/example_dags/example_dag_decorator.py for tasks to queue
[2025-08-26T19:12:33.885+0000] {logging_mixin.py:190} INFO - [2025-08-26T19:12:33.885+0000] {dagbag.py:588} INFO - Filling up the DagBag from /home/airflow/.local/lib/python3.12/site-packages/airflow/example_dags/example_dag_decorator.py
[2025-08-26T19:12:33.890+0000] {processor.py:925} INFO - DAG(s) 'example_dag_decorator' retrieved from /home/airflow/.local/lib/python3.12/site-packages/airflow/example_dags/example_dag_decorator.py
[2025-08-26T19:12:33.897+0000] {logging_mixin.py:190} INFO - [2025-08-26T19:12:33.897+0000] {dag.py:3239} INFO - Sync 1 DAGs
[2025-08-26T19:12:33.902+0000] {logging_mixin.py:190} INFO - [2025-08-26T19:12:33.902+0000] {dag.py:4180} INFO - Setting next_dagrun for example_dag_decorator to None, run_after=None
[2025-08-26T19:12:33.907+0000] {processor.py:208} INFO - Processing /home/airflow/.local/lib/python3.12/site-packages/airflow/example_dags/example_dag_decorator.py took 0.024 seconds
[2025-08-26T19:13:04.829+0000] {processor.py:186} INFO - Started process (PID=3725) to work on /home/airflow/.local/lib/python3.12/site-packages/airflow/example_dags/example_dag_decorator.py
[2025-08-26T19:13:04.831+0000] {processor.py:914} INFO - Processing file /home/airflow/.local/lib/python3.12/site-packages/airflow/example_dags/example_dag_decorator.py for tasks to queue
[2025-08-26T19:13:04.832+0000] {logging_mixin.py:190} INFO - [2025-08-26T19:13:04.832+0000] {dagbag.py:588} INFO - Filling up the DagBag from /home/airflow/.local/lib/python3.12/site-packages/airflow/example_dags/example_dag_decorator.py
[2025-08-26T19:13:04.836+0000] {processor.py:925} INFO - DAG(s) 'example_dag_decorator' retrieved from /home/airflow/.local/lib/python3.12/site-packages/airflow/example_dags/example_dag_decorator.py
[2025-08-26T19:13:04.872+0000] {logging_mixin.py:190} INFO - [2025-08-26T19:13:04.872+0000] {dag.py:3239} INFO - Sync 1 DAGs
[2025-08-26T19:13:04.877+0000] {logging_mixin.py:190} INFO - [2025-08-26T19:13:04.877+0000] {dag.py:4180} INFO - Setting next_dagrun for example_dag_decorator to None, run_after=None
[2025-08-26T19:13:04.884+0000] {processor.py:208} INFO - Processing /home/airflow/.local/lib/python3.12/site-packages/airflow/example_dags/example_dag_decorator.py took 0.057 seconds
[2025-08-26T19:13:35.709+0000] {processor.py:186} INFO - Started process (PID=3788) to work on /home/airflow/.local/lib/python3.12/site-packages/airflow/example_dags/example_dag_decorator.py
[2025-08-26T19:13:35.709+0000] {processor.py:914} INFO - Processing file /home/airflow/.local/lib/python3.12/site-packages/airflow/example_dags/example_dag_decorator.py for tasks to queue
[2025-08-26T19:13:35.710+0000] {logging_mixin.py:190} INFO - [2025-08-26T19:13:35.710+0000] {dagbag.py:588} INFO - Filling up the DagBag from /home/airflow/.local/lib/python3.12/site-packages/airflow/example_dags/example_dag_decorator.py
[2025-08-26T19:13:35.714+0000] {processor.py:925} INFO - DAG(s) 'example_dag_decorator' retrieved from /home/airflow/.local/lib/python3.12/site-packages/airflow/example_dags/example_dag_decorator.py
[2025-08-26T19:13:35.746+0000] {logging_mixin.py:190} INFO - [2025-08-26T19:13:35.746+0000] {dag.py:3239} INFO - Sync 1 DAGs
[2025-08-26T19:13:35.749+0000] {logging_mixin.py:190} INFO - [2025-08-26T19:13:35.749+0000] {dag.py:4180} INFO - Setting next_dagrun for example_dag_decorator to None, run_after=None
[2025-08-26T19:13:35.754+0000] {processor.py:208} INFO - Processing /home/airflow/.local/lib/python3.12/site-packages/airflow/example_dags/example_dag_decorator.py took 0.048 seconds
[2025-08-26T19:14:06.655+0000] {processor.py:186} INFO - Started process (PID=3851) to work on /home/airflow/.local/lib/python3.12/site-packages/airflow/example_dags/example_dag_decorator.py
[2025-08-26T19:14:06.656+0000] {processor.py:914} INFO - Processing file /home/airflow/.local/lib/python3.12/site-packages/airflow/example_dags/example_dag_decorator.py for tasks to queue
[2025-08-26T19:14:06.657+0000] {logging_mixin.py:190} INFO - [2025-08-26T19:14:06.657+0000] {dagbag.py:588} INFO - Filling up the DagBag from /home/airflow/.local/lib/python3.12/site-packages/airflow/example_dags/example_dag_decorator.py
[2025-08-26T19:14:06.661+0000] {processor.py:925} INFO - DAG(s) 'example_dag_decorator' retrieved from /home/airflow/.local/lib/python3.12/site-packages/airflow/example_dags/example_dag_decorator.py
[2025-08-26T19:14:06.699+0000] {logging_mixin.py:190} INFO - [2025-08-26T19:14:06.699+0000] {dag.py:3239} INFO - Sync 1 DAGs
[2025-08-26T19:14:06.706+0000] {logging_mixin.py:190} INFO - [2025-08-26T19:14:06.706+0000] {dag.py:4180} INFO - Setting next_dagrun for example_dag_decorator to None, run_after=None
[2025-08-26T19:14:06.713+0000] {processor.py:208} INFO - Processing /home/airflow/.local/lib/python3.12/site-packages/airflow/example_dags/example_dag_decorator.py took 0.061 seconds
[2025-08-26T19:14:37.583+0000] {processor.py:186} INFO - Started process (PID=3914) to work on /home/airflow/.local/lib/python3.12/site-packages/airflow/example_dags/example_dag_decorator.py
[2025-08-26T19:14:37.586+0000] {processor.py:914} INFO - Processing file /home/airflow/.local/lib/python3.12/site-packages/airflow/example_dags/example_dag_decorator.py for tasks to queue
[2025-08-26T19:14:37.587+0000] {logging_mixin.py:190} INFO - [2025-08-26T19:14:37.587+0000] {dagbag.py:588} INFO - Filling up the DagBag from /home/airflow/.local/lib/python3.12/site-packages/airflow/example_dags/example_dag_decorator.py
[2025-08-26T19:14:37.592+0000] {processor.py:925} INFO - DAG(s) 'example_dag_decorator' retrieved from /home/airflow/.local/lib/python3.12/site-packages/airflow/example_dags/example_dag_decorator.py
[2025-08-26T19:14:37.629+0000] {logging_mixin.py:190} INFO - [2025-08-26T19:14:37.629+0000] {dag.py:3239} INFO - Sync 1 DAGs
[2025-08-26T19:14:37.719+0000] {logging_mixin.py:190} INFO - [2025-08-26T19:14:37.719+0000] {dag.py:4180} INFO - Setting next_dagrun for example_dag_decorator to None, run_after=None
[2025-08-26T19:14:37.728+0000] {processor.py:208} INFO - Processing /home/airflow/.local/lib/python3.12/site-packages/airflow/example_dags/example_dag_decorator.py took 0.147 seconds
