[2025-08-26T15:43:50.197+0000] {processor.py:186} INFO - Started process (PID=80) to work on /home/airflow/.local/lib/python3.12/site-packages/airflow/example_dags/example_trigger_target_dag.py
[2025-08-26T15:43:50.198+0000] {processor.py:914} INFO - Processing file /home/airflow/.local/lib/python3.12/site-packages/airflow/example_dags/example_trigger_target_dag.py for tasks to queue
[2025-08-26T15:43:50.200+0000] {logging_mixin.py:190} INFO - [2025-08-26T15:43:50.200+0000] {dagbag.py:588} INFO - Filling up the DagBag from /home/airflow/.local/lib/python3.12/site-packages/airflow/example_dags/example_trigger_target_dag.py
[2025-08-26T15:43:50.205+0000] {processor.py:925} INFO - DAG(s) 'example_trigger_target_dag' retrieved from /home/airflow/.local/lib/python3.12/site-packages/airflow/example_dags/example_trigger_target_dag.py
[2025-08-26T15:43:50.241+0000] {logging_mixin.py:190} INFO - [2025-08-26T15:43:50.241+0000] {override.py:1900} INFO - Created Permission View: can edit on DAG:example_trigger_target_dag
[2025-08-26T15:43:50.246+0000] {logging_mixin.py:190} INFO - [2025-08-26T15:43:50.246+0000] {override.py:1900} INFO - Created Permission View: can delete on DAG:example_trigger_target_dag
[2025-08-26T15:43:50.248+0000] {logging_mixin.py:190} INFO - [2025-08-26T15:43:50.248+0000] {override.py:1900} INFO - Created Permission View: can read on DAG:example_trigger_target_dag
[2025-08-26T15:43:50.250+0000] {logging_mixin.py:190} INFO - [2025-08-26T15:43:50.250+0000] {override.py:1900} INFO - Created Permission View: can create on DAG Run:example_trigger_target_dag
[2025-08-26T15:43:50.252+0000] {logging_mixin.py:190} INFO - [2025-08-26T15:43:50.252+0000] {override.py:1900} INFO - Created Permission View: can delete on DAG Run:example_trigger_target_dag
[2025-08-26T15:43:50.254+0000] {logging_mixin.py:190} INFO - [2025-08-26T15:43:50.254+0000] {override.py:1900} INFO - Created Permission View: menu access on DAG Run:example_trigger_target_dag
[2025-08-26T15:43:50.256+0000] {logging_mixin.py:190} INFO - [2025-08-26T15:43:50.256+0000] {override.py:1900} INFO - Created Permission View: can read on DAG Run:example_trigger_target_dag
[2025-08-26T15:43:50.257+0000] {logging_mixin.py:190} INFO - [2025-08-26T15:43:50.257+0000] {dag.py:3239} INFO - Sync 1 DAGs
[2025-08-26T15:43:50.262+0000] {logging_mixin.py:190} INFO - [2025-08-26T15:43:50.262+0000] {dag.py:3262} INFO - Creating ORM DAG for example_trigger_target_dag
[2025-08-26T15:43:50.262+0000] {logging_mixin.py:190} INFO - [2025-08-26T15:43:50.262+0000] {dag.py:4180} INFO - Setting next_dagrun for example_trigger_target_dag to None, run_after=None
[2025-08-26T15:43:50.268+0000] {processor.py:208} INFO - Processing /home/airflow/.local/lib/python3.12/site-packages/airflow/example_dags/example_trigger_target_dag.py took 0.073 seconds
[2025-08-26T15:44:20.465+0000] {processor.py:186} INFO - Started process (PID=143) to work on /home/airflow/.local/lib/python3.12/site-packages/airflow/example_dags/example_trigger_target_dag.py
[2025-08-26T15:44:20.466+0000] {processor.py:914} INFO - Processing file /home/airflow/.local/lib/python3.12/site-packages/airflow/example_dags/example_trigger_target_dag.py for tasks to queue
[2025-08-26T15:44:20.467+0000] {logging_mixin.py:190} INFO - [2025-08-26T15:44:20.467+0000] {dagbag.py:588} INFO - Filling up the DagBag from /home/airflow/.local/lib/python3.12/site-packages/airflow/example_dags/example_trigger_target_dag.py
[2025-08-26T15:44:20.470+0000] {processor.py:925} INFO - DAG(s) 'example_trigger_target_dag' retrieved from /home/airflow/.local/lib/python3.12/site-packages/airflow/example_dags/example_trigger_target_dag.py
[2025-08-26T15:44:20.477+0000] {logging_mixin.py:190} INFO - [2025-08-26T15:44:20.477+0000] {dag.py:3239} INFO - Sync 1 DAGs
[2025-08-26T15:44:20.481+0000] {logging_mixin.py:190} INFO - [2025-08-26T15:44:20.481+0000] {dag.py:4180} INFO - Setting next_dagrun for example_trigger_target_dag to None, run_after=None
[2025-08-26T15:44:20.488+0000] {processor.py:208} INFO - Processing /home/airflow/.local/lib/python3.12/site-packages/airflow/example_dags/example_trigger_target_dag.py took 0.025 seconds
[2025-08-26T15:44:51.173+0000] {processor.py:186} INFO - Started process (PID=206) to work on /home/airflow/.local/lib/python3.12/site-packages/airflow/example_dags/example_trigger_target_dag.py
[2025-08-26T15:44:51.174+0000] {processor.py:914} INFO - Processing file /home/airflow/.local/lib/python3.12/site-packages/airflow/example_dags/example_trigger_target_dag.py for tasks to queue
[2025-08-26T15:44:51.174+0000] {logging_mixin.py:190} INFO - [2025-08-26T15:44:51.174+0000] {dagbag.py:588} INFO - Filling up the DagBag from /home/airflow/.local/lib/python3.12/site-packages/airflow/example_dags/example_trigger_target_dag.py
[2025-08-26T15:44:51.177+0000] {processor.py:925} INFO - DAG(s) 'example_trigger_target_dag' retrieved from /home/airflow/.local/lib/python3.12/site-packages/airflow/example_dags/example_trigger_target_dag.py
[2025-08-26T15:44:51.185+0000] {logging_mixin.py:190} INFO - [2025-08-26T15:44:51.185+0000] {dag.py:3239} INFO - Sync 1 DAGs
[2025-08-26T15:44:51.189+0000] {logging_mixin.py:190} INFO - [2025-08-26T15:44:51.189+0000] {dag.py:4180} INFO - Setting next_dagrun for example_trigger_target_dag to None, run_after=None
[2025-08-26T15:44:51.197+0000] {processor.py:208} INFO - Processing /home/airflow/.local/lib/python3.12/site-packages/airflow/example_dags/example_trigger_target_dag.py took 0.026 seconds
[2025-08-26T15:45:22.009+0000] {processor.py:186} INFO - Started process (PID=269) to work on /home/airflow/.local/lib/python3.12/site-packages/airflow/example_dags/example_trigger_target_dag.py
[2025-08-26T15:45:22.010+0000] {processor.py:914} INFO - Processing file /home/airflow/.local/lib/python3.12/site-packages/airflow/example_dags/example_trigger_target_dag.py for tasks to queue
[2025-08-26T15:45:22.011+0000] {logging_mixin.py:190} INFO - [2025-08-26T15:45:22.011+0000] {dagbag.py:588} INFO - Filling up the DagBag from /home/airflow/.local/lib/python3.12/site-packages/airflow/example_dags/example_trigger_target_dag.py
[2025-08-26T15:45:22.014+0000] {processor.py:925} INFO - DAG(s) 'example_trigger_target_dag' retrieved from /home/airflow/.local/lib/python3.12/site-packages/airflow/example_dags/example_trigger_target_dag.py
[2025-08-26T15:45:22.020+0000] {logging_mixin.py:190} INFO - [2025-08-26T15:45:22.020+0000] {dag.py:3239} INFO - Sync 1 DAGs
[2025-08-26T15:45:22.025+0000] {logging_mixin.py:190} INFO - [2025-08-26T15:45:22.025+0000] {dag.py:4180} INFO - Setting next_dagrun for example_trigger_target_dag to None, run_after=None
[2025-08-26T15:45:22.031+0000] {processor.py:208} INFO - Processing /home/airflow/.local/lib/python3.12/site-packages/airflow/example_dags/example_trigger_target_dag.py took 0.024 seconds
[2025-08-26T15:56:43.152+0000] {processor.py:186} INFO - Started process (PID=326) to work on /home/airflow/.local/lib/python3.12/site-packages/airflow/example_dags/example_trigger_target_dag.py
[2025-08-26T15:56:43.153+0000] {processor.py:914} INFO - Processing file /home/airflow/.local/lib/python3.12/site-packages/airflow/example_dags/example_trigger_target_dag.py for tasks to queue
[2025-08-26T15:56:43.154+0000] {logging_mixin.py:190} INFO - [2025-08-26T15:56:43.153+0000] {dagbag.py:588} INFO - Filling up the DagBag from /home/airflow/.local/lib/python3.12/site-packages/airflow/example_dags/example_trigger_target_dag.py
[2025-08-26T15:56:43.156+0000] {processor.py:925} INFO - DAG(s) 'example_trigger_target_dag' retrieved from /home/airflow/.local/lib/python3.12/site-packages/airflow/example_dags/example_trigger_target_dag.py
[2025-08-26T15:56:43.163+0000] {logging_mixin.py:190} INFO - [2025-08-26T15:56:43.163+0000] {dag.py:3239} INFO - Sync 1 DAGs
[2025-08-26T15:56:43.167+0000] {logging_mixin.py:190} INFO - [2025-08-26T15:56:43.167+0000] {dag.py:4180} INFO - Setting next_dagrun for example_trigger_target_dag to None, run_after=None
[2025-08-26T15:56:43.175+0000] {processor.py:208} INFO - Processing /home/airflow/.local/lib/python3.12/site-packages/airflow/example_dags/example_trigger_target_dag.py took 0.025 seconds
[2025-08-26T16:32:53.840+0000] {processor.py:186} INFO - Started process (PID=389) to work on /home/airflow/.local/lib/python3.12/site-packages/airflow/example_dags/example_trigger_target_dag.py
[2025-08-26T16:32:53.842+0000] {processor.py:914} INFO - Processing file /home/airflow/.local/lib/python3.12/site-packages/airflow/example_dags/example_trigger_target_dag.py for tasks to queue
[2025-08-26T16:32:53.844+0000] {logging_mixin.py:190} INFO - [2025-08-26T16:32:53.844+0000] {dagbag.py:588} INFO - Filling up the DagBag from /home/airflow/.local/lib/python3.12/site-packages/airflow/example_dags/example_trigger_target_dag.py
[2025-08-26T16:32:53.847+0000] {processor.py:925} INFO - DAG(s) 'example_trigger_target_dag' retrieved from /home/airflow/.local/lib/python3.12/site-packages/airflow/example_dags/example_trigger_target_dag.py
[2025-08-26T16:32:53.857+0000] {logging_mixin.py:190} INFO - [2025-08-26T16:32:53.857+0000] {dag.py:3239} INFO - Sync 1 DAGs
[2025-08-26T16:32:53.862+0000] {logging_mixin.py:190} INFO - [2025-08-26T16:32:53.862+0000] {dag.py:4180} INFO - Setting next_dagrun for example_trigger_target_dag to None, run_after=None
[2025-08-26T16:32:53.871+0000] {processor.py:208} INFO - Processing /home/airflow/.local/lib/python3.12/site-packages/airflow/example_dags/example_trigger_target_dag.py took 0.034 seconds
[2025-08-26T18:02:29.947+0000] {processor.py:186} INFO - Started process (PID=452) to work on /home/airflow/.local/lib/python3.12/site-packages/airflow/example_dags/example_trigger_target_dag.py
[2025-08-26T18:02:29.948+0000] {processor.py:914} INFO - Processing file /home/airflow/.local/lib/python3.12/site-packages/airflow/example_dags/example_trigger_target_dag.py for tasks to queue
[2025-08-26T18:02:29.950+0000] {logging_mixin.py:190} INFO - [2025-08-26T18:02:29.950+0000] {dagbag.py:588} INFO - Filling up the DagBag from /home/airflow/.local/lib/python3.12/site-packages/airflow/example_dags/example_trigger_target_dag.py
[2025-08-26T18:02:29.953+0000] {processor.py:925} INFO - DAG(s) 'example_trigger_target_dag' retrieved from /home/airflow/.local/lib/python3.12/site-packages/airflow/example_dags/example_trigger_target_dag.py
[2025-08-26T18:02:29.961+0000] {logging_mixin.py:190} INFO - [2025-08-26T18:02:29.961+0000] {dag.py:3239} INFO - Sync 1 DAGs
[2025-08-26T18:02:29.966+0000] {logging_mixin.py:190} INFO - [2025-08-26T18:02:29.966+0000] {dag.py:4180} INFO - Setting next_dagrun for example_trigger_target_dag to None, run_after=None
[2025-08-26T18:02:29.972+0000] {processor.py:208} INFO - Processing /home/airflow/.local/lib/python3.12/site-packages/airflow/example_dags/example_trigger_target_dag.py took 0.027 seconds
[2025-08-26T18:47:00.376+0000] {processor.py:186} INFO - Started process (PID=515) to work on /home/airflow/.local/lib/python3.12/site-packages/airflow/example_dags/example_trigger_target_dag.py
[2025-08-26T18:47:00.379+0000] {processor.py:914} INFO - Processing file /home/airflow/.local/lib/python3.12/site-packages/airflow/example_dags/example_trigger_target_dag.py for tasks to queue
[2025-08-26T18:47:00.383+0000] {logging_mixin.py:190} INFO - [2025-08-26T18:47:00.382+0000] {dagbag.py:588} INFO - Filling up the DagBag from /home/airflow/.local/lib/python3.12/site-packages/airflow/example_dags/example_trigger_target_dag.py
[2025-08-26T18:47:00.398+0000] {processor.py:925} INFO - DAG(s) 'example_trigger_target_dag' retrieved from /home/airflow/.local/lib/python3.12/site-packages/airflow/example_dags/example_trigger_target_dag.py
[2025-08-26T18:47:00.437+0000] {logging_mixin.py:190} INFO - [2025-08-26T18:47:00.436+0000] {dag.py:3239} INFO - Sync 1 DAGs
[2025-08-26T18:47:00.469+0000] {logging_mixin.py:190} INFO - [2025-08-26T18:47:00.468+0000] {dag.py:4180} INFO - Setting next_dagrun for example_trigger_target_dag to None, run_after=None
[2025-08-26T18:47:00.507+0000] {processor.py:208} INFO - Processing /home/airflow/.local/lib/python3.12/site-packages/airflow/example_dags/example_trigger_target_dag.py took 0.142 seconds
[2025-08-26T18:47:30.835+0000] {processor.py:186} INFO - Started process (PID=578) to work on /home/airflow/.local/lib/python3.12/site-packages/airflow/example_dags/example_trigger_target_dag.py
[2025-08-26T18:47:30.836+0000] {processor.py:914} INFO - Processing file /home/airflow/.local/lib/python3.12/site-packages/airflow/example_dags/example_trigger_target_dag.py for tasks to queue
[2025-08-26T18:47:30.837+0000] {logging_mixin.py:190} INFO - [2025-08-26T18:47:30.837+0000] {dagbag.py:588} INFO - Filling up the DagBag from /home/airflow/.local/lib/python3.12/site-packages/airflow/example_dags/example_trigger_target_dag.py
[2025-08-26T18:47:30.840+0000] {processor.py:925} INFO - DAG(s) 'example_trigger_target_dag' retrieved from /home/airflow/.local/lib/python3.12/site-packages/airflow/example_dags/example_trigger_target_dag.py
[2025-08-26T18:47:30.848+0000] {logging_mixin.py:190} INFO - [2025-08-26T18:47:30.848+0000] {dag.py:3239} INFO - Sync 1 DAGs
[2025-08-26T18:47:30.853+0000] {logging_mixin.py:190} INFO - [2025-08-26T18:47:30.853+0000] {dag.py:4180} INFO - Setting next_dagrun for example_trigger_target_dag to None, run_after=None
[2025-08-26T18:47:30.863+0000] {processor.py:208} INFO - Processing /home/airflow/.local/lib/python3.12/site-packages/airflow/example_dags/example_trigger_target_dag.py took 0.030 seconds
[2025-08-26T18:48:01.540+0000] {processor.py:186} INFO - Started process (PID=641) to work on /home/airflow/.local/lib/python3.12/site-packages/airflow/example_dags/example_trigger_target_dag.py
[2025-08-26T18:48:01.541+0000] {processor.py:914} INFO - Processing file /home/airflow/.local/lib/python3.12/site-packages/airflow/example_dags/example_trigger_target_dag.py for tasks to queue
[2025-08-26T18:48:01.542+0000] {logging_mixin.py:190} INFO - [2025-08-26T18:48:01.542+0000] {dagbag.py:588} INFO - Filling up the DagBag from /home/airflow/.local/lib/python3.12/site-packages/airflow/example_dags/example_trigger_target_dag.py
[2025-08-26T18:48:01.545+0000] {processor.py:925} INFO - DAG(s) 'example_trigger_target_dag' retrieved from /home/airflow/.local/lib/python3.12/site-packages/airflow/example_dags/example_trigger_target_dag.py
[2025-08-26T18:48:01.552+0000] {logging_mixin.py:190} INFO - [2025-08-26T18:48:01.552+0000] {dag.py:3239} INFO - Sync 1 DAGs
[2025-08-26T18:48:01.556+0000] {logging_mixin.py:190} INFO - [2025-08-26T18:48:01.556+0000] {dag.py:4180} INFO - Setting next_dagrun for example_trigger_target_dag to None, run_after=None
[2025-08-26T18:48:01.562+0000] {processor.py:208} INFO - Processing /home/airflow/.local/lib/python3.12/site-packages/airflow/example_dags/example_trigger_target_dag.py took 0.024 seconds
[2025-08-26T18:48:32.382+0000] {processor.py:186} INFO - Started process (PID=704) to work on /home/airflow/.local/lib/python3.12/site-packages/airflow/example_dags/example_trigger_target_dag.py
[2025-08-26T18:48:32.382+0000] {processor.py:914} INFO - Processing file /home/airflow/.local/lib/python3.12/site-packages/airflow/example_dags/example_trigger_target_dag.py for tasks to queue
[2025-08-26T18:48:32.383+0000] {logging_mixin.py:190} INFO - [2025-08-26T18:48:32.383+0000] {dagbag.py:588} INFO - Filling up the DagBag from /home/airflow/.local/lib/python3.12/site-packages/airflow/example_dags/example_trigger_target_dag.py
[2025-08-26T18:48:32.386+0000] {processor.py:925} INFO - DAG(s) 'example_trigger_target_dag' retrieved from /home/airflow/.local/lib/python3.12/site-packages/airflow/example_dags/example_trigger_target_dag.py
[2025-08-26T18:48:32.396+0000] {logging_mixin.py:190} INFO - [2025-08-26T18:48:32.396+0000] {dag.py:3239} INFO - Sync 1 DAGs
[2025-08-26T18:48:32.403+0000] {logging_mixin.py:190} INFO - [2025-08-26T18:48:32.403+0000] {dag.py:4180} INFO - Setting next_dagrun for example_trigger_target_dag to None, run_after=None
[2025-08-26T18:48:32.409+0000] {processor.py:208} INFO - Processing /home/airflow/.local/lib/python3.12/site-packages/airflow/example_dags/example_trigger_target_dag.py took 0.030 seconds
[2025-08-26T18:49:02.980+0000] {processor.py:186} INFO - Started process (PID=767) to work on /home/airflow/.local/lib/python3.12/site-packages/airflow/example_dags/example_trigger_target_dag.py
[2025-08-26T18:49:02.982+0000] {processor.py:914} INFO - Processing file /home/airflow/.local/lib/python3.12/site-packages/airflow/example_dags/example_trigger_target_dag.py for tasks to queue
[2025-08-26T18:49:02.983+0000] {logging_mixin.py:190} INFO - [2025-08-26T18:49:02.983+0000] {dagbag.py:588} INFO - Filling up the DagBag from /home/airflow/.local/lib/python3.12/site-packages/airflow/example_dags/example_trigger_target_dag.py
[2025-08-26T18:49:02.986+0000] {processor.py:925} INFO - DAG(s) 'example_trigger_target_dag' retrieved from /home/airflow/.local/lib/python3.12/site-packages/airflow/example_dags/example_trigger_target_dag.py
[2025-08-26T18:49:02.996+0000] {logging_mixin.py:190} INFO - [2025-08-26T18:49:02.996+0000] {dag.py:3239} INFO - Sync 1 DAGs
[2025-08-26T18:49:03.000+0000] {logging_mixin.py:190} INFO - [2025-08-26T18:49:03.000+0000] {dag.py:4180} INFO - Setting next_dagrun for example_trigger_target_dag to None, run_after=None
[2025-08-26T18:49:03.008+0000] {processor.py:208} INFO - Processing /home/airflow/.local/lib/python3.12/site-packages/airflow/example_dags/example_trigger_target_dag.py took 0.030 seconds
[2025-08-26T18:49:33.700+0000] {processor.py:186} INFO - Started process (PID=831) to work on /home/airflow/.local/lib/python3.12/site-packages/airflow/example_dags/example_trigger_target_dag.py
[2025-08-26T18:49:33.702+0000] {processor.py:914} INFO - Processing file /home/airflow/.local/lib/python3.12/site-packages/airflow/example_dags/example_trigger_target_dag.py for tasks to queue
[2025-08-26T18:49:33.703+0000] {logging_mixin.py:190} INFO - [2025-08-26T18:49:33.703+0000] {dagbag.py:588} INFO - Filling up the DagBag from /home/airflow/.local/lib/python3.12/site-packages/airflow/example_dags/example_trigger_target_dag.py
[2025-08-26T18:49:33.706+0000] {processor.py:925} INFO - DAG(s) 'example_trigger_target_dag' retrieved from /home/airflow/.local/lib/python3.12/site-packages/airflow/example_dags/example_trigger_target_dag.py
[2025-08-26T18:49:33.716+0000] {logging_mixin.py:190} INFO - [2025-08-26T18:49:33.716+0000] {dag.py:3239} INFO - Sync 1 DAGs
[2025-08-26T18:49:33.721+0000] {logging_mixin.py:190} INFO - [2025-08-26T18:49:33.721+0000] {dag.py:4180} INFO - Setting next_dagrun for example_trigger_target_dag to None, run_after=None
[2025-08-26T18:49:33.727+0000] {processor.py:208} INFO - Processing /home/airflow/.local/lib/python3.12/site-packages/airflow/example_dags/example_trigger_target_dag.py took 0.030 seconds
[2025-08-26T18:50:04.325+0000] {processor.py:186} INFO - Started process (PID=894) to work on /home/airflow/.local/lib/python3.12/site-packages/airflow/example_dags/example_trigger_target_dag.py
[2025-08-26T18:50:04.325+0000] {processor.py:914} INFO - Processing file /home/airflow/.local/lib/python3.12/site-packages/airflow/example_dags/example_trigger_target_dag.py for tasks to queue
[2025-08-26T18:50:04.326+0000] {logging_mixin.py:190} INFO - [2025-08-26T18:50:04.326+0000] {dagbag.py:588} INFO - Filling up the DagBag from /home/airflow/.local/lib/python3.12/site-packages/airflow/example_dags/example_trigger_target_dag.py
[2025-08-26T18:50:04.329+0000] {processor.py:925} INFO - DAG(s) 'example_trigger_target_dag' retrieved from /home/airflow/.local/lib/python3.12/site-packages/airflow/example_dags/example_trigger_target_dag.py
[2025-08-26T18:50:04.336+0000] {logging_mixin.py:190} INFO - [2025-08-26T18:50:04.336+0000] {dag.py:3239} INFO - Sync 1 DAGs
[2025-08-26T18:50:04.341+0000] {logging_mixin.py:190} INFO - [2025-08-26T18:50:04.341+0000] {dag.py:4180} INFO - Setting next_dagrun for example_trigger_target_dag to None, run_after=None
[2025-08-26T18:50:04.347+0000] {processor.py:208} INFO - Processing /home/airflow/.local/lib/python3.12/site-packages/airflow/example_dags/example_trigger_target_dag.py took 0.024 seconds
[2025-08-26T18:50:34.863+0000] {processor.py:186} INFO - Started process (PID=957) to work on /home/airflow/.local/lib/python3.12/site-packages/airflow/example_dags/example_trigger_target_dag.py
[2025-08-26T18:50:34.863+0000] {processor.py:914} INFO - Processing file /home/airflow/.local/lib/python3.12/site-packages/airflow/example_dags/example_trigger_target_dag.py for tasks to queue
[2025-08-26T18:50:34.865+0000] {logging_mixin.py:190} INFO - [2025-08-26T18:50:34.865+0000] {dagbag.py:588} INFO - Filling up the DagBag from /home/airflow/.local/lib/python3.12/site-packages/airflow/example_dags/example_trigger_target_dag.py
[2025-08-26T18:50:34.868+0000] {processor.py:925} INFO - DAG(s) 'example_trigger_target_dag' retrieved from /home/airflow/.local/lib/python3.12/site-packages/airflow/example_dags/example_trigger_target_dag.py
[2025-08-26T18:50:34.876+0000] {logging_mixin.py:190} INFO - [2025-08-26T18:50:34.876+0000] {dag.py:3239} INFO - Sync 1 DAGs
[2025-08-26T18:50:34.880+0000] {logging_mixin.py:190} INFO - [2025-08-26T18:50:34.880+0000] {dag.py:4180} INFO - Setting next_dagrun for example_trigger_target_dag to None, run_after=None
[2025-08-26T18:50:34.887+0000] {processor.py:208} INFO - Processing /home/airflow/.local/lib/python3.12/site-packages/airflow/example_dags/example_trigger_target_dag.py took 0.026 seconds
[2025-08-26T18:51:05.420+0000] {processor.py:186} INFO - Started process (PID=1020) to work on /home/airflow/.local/lib/python3.12/site-packages/airflow/example_dags/example_trigger_target_dag.py
[2025-08-26T18:51:05.421+0000] {processor.py:914} INFO - Processing file /home/airflow/.local/lib/python3.12/site-packages/airflow/example_dags/example_trigger_target_dag.py for tasks to queue
[2025-08-26T18:51:05.422+0000] {logging_mixin.py:190} INFO - [2025-08-26T18:51:05.422+0000] {dagbag.py:588} INFO - Filling up the DagBag from /home/airflow/.local/lib/python3.12/site-packages/airflow/example_dags/example_trigger_target_dag.py
[2025-08-26T18:51:05.425+0000] {processor.py:925} INFO - DAG(s) 'example_trigger_target_dag' retrieved from /home/airflow/.local/lib/python3.12/site-packages/airflow/example_dags/example_trigger_target_dag.py
[2025-08-26T18:51:05.432+0000] {logging_mixin.py:190} INFO - [2025-08-26T18:51:05.432+0000] {dag.py:3239} INFO - Sync 1 DAGs
[2025-08-26T18:51:05.437+0000] {logging_mixin.py:190} INFO - [2025-08-26T18:51:05.437+0000] {dag.py:4180} INFO - Setting next_dagrun for example_trigger_target_dag to None, run_after=None
[2025-08-26T18:51:05.447+0000] {processor.py:208} INFO - Processing /home/airflow/.local/lib/python3.12/site-packages/airflow/example_dags/example_trigger_target_dag.py took 0.029 seconds
[2025-08-26T18:51:36.005+0000] {processor.py:186} INFO - Started process (PID=1083) to work on /home/airflow/.local/lib/python3.12/site-packages/airflow/example_dags/example_trigger_target_dag.py
[2025-08-26T18:51:36.007+0000] {processor.py:914} INFO - Processing file /home/airflow/.local/lib/python3.12/site-packages/airflow/example_dags/example_trigger_target_dag.py for tasks to queue
[2025-08-26T18:51:36.009+0000] {logging_mixin.py:190} INFO - [2025-08-26T18:51:36.009+0000] {dagbag.py:588} INFO - Filling up the DagBag from /home/airflow/.local/lib/python3.12/site-packages/airflow/example_dags/example_trigger_target_dag.py
[2025-08-26T18:51:36.012+0000] {processor.py:925} INFO - DAG(s) 'example_trigger_target_dag' retrieved from /home/airflow/.local/lib/python3.12/site-packages/airflow/example_dags/example_trigger_target_dag.py
[2025-08-26T18:51:36.020+0000] {logging_mixin.py:190} INFO - [2025-08-26T18:51:36.020+0000] {dag.py:3239} INFO - Sync 1 DAGs
[2025-08-26T18:51:36.026+0000] {logging_mixin.py:190} INFO - [2025-08-26T18:51:36.026+0000] {dag.py:4180} INFO - Setting next_dagrun for example_trigger_target_dag to None, run_after=None
[2025-08-26T18:51:36.032+0000] {processor.py:208} INFO - Processing /home/airflow/.local/lib/python3.12/site-packages/airflow/example_dags/example_trigger_target_dag.py took 0.029 seconds
[2025-08-26T18:52:06.650+0000] {processor.py:186} INFO - Started process (PID=1146) to work on /home/airflow/.local/lib/python3.12/site-packages/airflow/example_dags/example_trigger_target_dag.py
[2025-08-26T18:52:06.652+0000] {processor.py:914} INFO - Processing file /home/airflow/.local/lib/python3.12/site-packages/airflow/example_dags/example_trigger_target_dag.py for tasks to queue
[2025-08-26T18:52:06.653+0000] {logging_mixin.py:190} INFO - [2025-08-26T18:52:06.653+0000] {dagbag.py:588} INFO - Filling up the DagBag from /home/airflow/.local/lib/python3.12/site-packages/airflow/example_dags/example_trigger_target_dag.py
[2025-08-26T18:52:06.658+0000] {processor.py:925} INFO - DAG(s) 'example_trigger_target_dag' retrieved from /home/airflow/.local/lib/python3.12/site-packages/airflow/example_dags/example_trigger_target_dag.py
[2025-08-26T18:52:06.668+0000] {logging_mixin.py:190} INFO - [2025-08-26T18:52:06.667+0000] {dag.py:3239} INFO - Sync 1 DAGs
[2025-08-26T18:52:06.674+0000] {logging_mixin.py:190} INFO - [2025-08-26T18:52:06.673+0000] {dag.py:4180} INFO - Setting next_dagrun for example_trigger_target_dag to None, run_after=None
[2025-08-26T18:52:06.680+0000] {processor.py:208} INFO - Processing /home/airflow/.local/lib/python3.12/site-packages/airflow/example_dags/example_trigger_target_dag.py took 0.032 seconds
[2025-08-26T18:52:37.340+0000] {processor.py:186} INFO - Started process (PID=1209) to work on /home/airflow/.local/lib/python3.12/site-packages/airflow/example_dags/example_trigger_target_dag.py
[2025-08-26T18:52:37.341+0000] {processor.py:914} INFO - Processing file /home/airflow/.local/lib/python3.12/site-packages/airflow/example_dags/example_trigger_target_dag.py for tasks to queue
[2025-08-26T18:52:37.342+0000] {logging_mixin.py:190} INFO - [2025-08-26T18:52:37.341+0000] {dagbag.py:588} INFO - Filling up the DagBag from /home/airflow/.local/lib/python3.12/site-packages/airflow/example_dags/example_trigger_target_dag.py
[2025-08-26T18:52:37.345+0000] {processor.py:925} INFO - DAG(s) 'example_trigger_target_dag' retrieved from /home/airflow/.local/lib/python3.12/site-packages/airflow/example_dags/example_trigger_target_dag.py
[2025-08-26T18:52:37.353+0000] {logging_mixin.py:190} INFO - [2025-08-26T18:52:37.352+0000] {dag.py:3239} INFO - Sync 1 DAGs
[2025-08-26T18:52:37.357+0000] {logging_mixin.py:190} INFO - [2025-08-26T18:52:37.357+0000] {dag.py:4180} INFO - Setting next_dagrun for example_trigger_target_dag to None, run_after=None
[2025-08-26T18:52:37.363+0000] {processor.py:208} INFO - Processing /home/airflow/.local/lib/python3.12/site-packages/airflow/example_dags/example_trigger_target_dag.py took 0.025 seconds
[2025-08-26T18:53:07.924+0000] {processor.py:186} INFO - Started process (PID=1272) to work on /home/airflow/.local/lib/python3.12/site-packages/airflow/example_dags/example_trigger_target_dag.py
[2025-08-26T18:53:07.924+0000] {processor.py:914} INFO - Processing file /home/airflow/.local/lib/python3.12/site-packages/airflow/example_dags/example_trigger_target_dag.py for tasks to queue
[2025-08-26T18:53:07.925+0000] {logging_mixin.py:190} INFO - [2025-08-26T18:53:07.925+0000] {dagbag.py:588} INFO - Filling up the DagBag from /home/airflow/.local/lib/python3.12/site-packages/airflow/example_dags/example_trigger_target_dag.py
[2025-08-26T18:53:07.929+0000] {processor.py:925} INFO - DAG(s) 'example_trigger_target_dag' retrieved from /home/airflow/.local/lib/python3.12/site-packages/airflow/example_dags/example_trigger_target_dag.py
[2025-08-26T18:53:07.936+0000] {logging_mixin.py:190} INFO - [2025-08-26T18:53:07.936+0000] {dag.py:3239} INFO - Sync 1 DAGs
[2025-08-26T18:53:07.940+0000] {logging_mixin.py:190} INFO - [2025-08-26T18:53:07.940+0000] {dag.py:4180} INFO - Setting next_dagrun for example_trigger_target_dag to None, run_after=None
[2025-08-26T18:53:07.948+0000] {processor.py:208} INFO - Processing /home/airflow/.local/lib/python3.12/site-packages/airflow/example_dags/example_trigger_target_dag.py took 0.027 seconds
[2025-08-26T18:53:38.527+0000] {processor.py:186} INFO - Started process (PID=1335) to work on /home/airflow/.local/lib/python3.12/site-packages/airflow/example_dags/example_trigger_target_dag.py
[2025-08-26T18:53:38.529+0000] {processor.py:914} INFO - Processing file /home/airflow/.local/lib/python3.12/site-packages/airflow/example_dags/example_trigger_target_dag.py for tasks to queue
[2025-08-26T18:53:38.531+0000] {logging_mixin.py:190} INFO - [2025-08-26T18:53:38.531+0000] {dagbag.py:588} INFO - Filling up the DagBag from /home/airflow/.local/lib/python3.12/site-packages/airflow/example_dags/example_trigger_target_dag.py
[2025-08-26T18:53:38.534+0000] {processor.py:925} INFO - DAG(s) 'example_trigger_target_dag' retrieved from /home/airflow/.local/lib/python3.12/site-packages/airflow/example_dags/example_trigger_target_dag.py
[2025-08-26T18:53:38.543+0000] {logging_mixin.py:190} INFO - [2025-08-26T18:53:38.542+0000] {dag.py:3239} INFO - Sync 1 DAGs
[2025-08-26T18:53:38.547+0000] {logging_mixin.py:190} INFO - [2025-08-26T18:53:38.547+0000] {dag.py:4180} INFO - Setting next_dagrun for example_trigger_target_dag to None, run_after=None
[2025-08-26T18:53:38.553+0000] {processor.py:208} INFO - Processing /home/airflow/.local/lib/python3.12/site-packages/airflow/example_dags/example_trigger_target_dag.py took 0.028 seconds
[2025-08-26T18:54:09.175+0000] {processor.py:186} INFO - Started process (PID=1398) to work on /home/airflow/.local/lib/python3.12/site-packages/airflow/example_dags/example_trigger_target_dag.py
[2025-08-26T18:54:09.175+0000] {processor.py:914} INFO - Processing file /home/airflow/.local/lib/python3.12/site-packages/airflow/example_dags/example_trigger_target_dag.py for tasks to queue
[2025-08-26T18:54:09.176+0000] {logging_mixin.py:190} INFO - [2025-08-26T18:54:09.176+0000] {dagbag.py:588} INFO - Filling up the DagBag from /home/airflow/.local/lib/python3.12/site-packages/airflow/example_dags/example_trigger_target_dag.py
[2025-08-26T18:54:09.179+0000] {processor.py:925} INFO - DAG(s) 'example_trigger_target_dag' retrieved from /home/airflow/.local/lib/python3.12/site-packages/airflow/example_dags/example_trigger_target_dag.py
[2025-08-26T18:54:09.186+0000] {logging_mixin.py:190} INFO - [2025-08-26T18:54:09.186+0000] {dag.py:3239} INFO - Sync 1 DAGs
[2025-08-26T18:54:09.193+0000] {logging_mixin.py:190} INFO - [2025-08-26T18:54:09.193+0000] {dag.py:4180} INFO - Setting next_dagrun for example_trigger_target_dag to None, run_after=None
[2025-08-26T18:54:09.201+0000] {processor.py:208} INFO - Processing /home/airflow/.local/lib/python3.12/site-packages/airflow/example_dags/example_trigger_target_dag.py took 0.029 seconds
[2025-08-26T18:54:39.780+0000] {processor.py:186} INFO - Started process (PID=1461) to work on /home/airflow/.local/lib/python3.12/site-packages/airflow/example_dags/example_trigger_target_dag.py
[2025-08-26T18:54:39.780+0000] {processor.py:914} INFO - Processing file /home/airflow/.local/lib/python3.12/site-packages/airflow/example_dags/example_trigger_target_dag.py for tasks to queue
[2025-08-26T18:54:39.781+0000] {logging_mixin.py:190} INFO - [2025-08-26T18:54:39.781+0000] {dagbag.py:588} INFO - Filling up the DagBag from /home/airflow/.local/lib/python3.12/site-packages/airflow/example_dags/example_trigger_target_dag.py
[2025-08-26T18:54:39.784+0000] {processor.py:925} INFO - DAG(s) 'example_trigger_target_dag' retrieved from /home/airflow/.local/lib/python3.12/site-packages/airflow/example_dags/example_trigger_target_dag.py
[2025-08-26T18:54:39.791+0000] {logging_mixin.py:190} INFO - [2025-08-26T18:54:39.791+0000] {dag.py:3239} INFO - Sync 1 DAGs
[2025-08-26T18:54:39.795+0000] {logging_mixin.py:190} INFO - [2025-08-26T18:54:39.795+0000] {dag.py:4180} INFO - Setting next_dagrun for example_trigger_target_dag to None, run_after=None
[2025-08-26T18:54:39.804+0000] {processor.py:208} INFO - Processing /home/airflow/.local/lib/python3.12/site-packages/airflow/example_dags/example_trigger_target_dag.py took 0.026 seconds
[2025-08-26T18:55:10.457+0000] {processor.py:186} INFO - Started process (PID=1524) to work on /home/airflow/.local/lib/python3.12/site-packages/airflow/example_dags/example_trigger_target_dag.py
[2025-08-26T18:55:10.458+0000] {processor.py:914} INFO - Processing file /home/airflow/.local/lib/python3.12/site-packages/airflow/example_dags/example_trigger_target_dag.py for tasks to queue
[2025-08-26T18:55:10.459+0000] {logging_mixin.py:190} INFO - [2025-08-26T18:55:10.459+0000] {dagbag.py:588} INFO - Filling up the DagBag from /home/airflow/.local/lib/python3.12/site-packages/airflow/example_dags/example_trigger_target_dag.py
[2025-08-26T18:55:10.463+0000] {processor.py:925} INFO - DAG(s) 'example_trigger_target_dag' retrieved from /home/airflow/.local/lib/python3.12/site-packages/airflow/example_dags/example_trigger_target_dag.py
[2025-08-26T18:55:10.470+0000] {logging_mixin.py:190} INFO - [2025-08-26T18:55:10.470+0000] {dag.py:3239} INFO - Sync 1 DAGs
[2025-08-26T18:55:10.475+0000] {logging_mixin.py:190} INFO - [2025-08-26T18:55:10.475+0000] {dag.py:4180} INFO - Setting next_dagrun for example_trigger_target_dag to None, run_after=None
[2025-08-26T18:55:10.481+0000] {processor.py:208} INFO - Processing /home/airflow/.local/lib/python3.12/site-packages/airflow/example_dags/example_trigger_target_dag.py took 0.026 seconds
[2025-08-26T18:55:40.997+0000] {processor.py:186} INFO - Started process (PID=1587) to work on /home/airflow/.local/lib/python3.12/site-packages/airflow/example_dags/example_trigger_target_dag.py
[2025-08-26T18:55:40.997+0000] {processor.py:914} INFO - Processing file /home/airflow/.local/lib/python3.12/site-packages/airflow/example_dags/example_trigger_target_dag.py for tasks to queue
[2025-08-26T18:55:40.999+0000] {logging_mixin.py:190} INFO - [2025-08-26T18:55:40.999+0000] {dagbag.py:588} INFO - Filling up the DagBag from /home/airflow/.local/lib/python3.12/site-packages/airflow/example_dags/example_trigger_target_dag.py
[2025-08-26T18:55:41.002+0000] {processor.py:925} INFO - DAG(s) 'example_trigger_target_dag' retrieved from /home/airflow/.local/lib/python3.12/site-packages/airflow/example_dags/example_trigger_target_dag.py
[2025-08-26T18:55:41.009+0000] {logging_mixin.py:190} INFO - [2025-08-26T18:55:41.009+0000] {dag.py:3239} INFO - Sync 1 DAGs
[2025-08-26T18:55:41.014+0000] {logging_mixin.py:190} INFO - [2025-08-26T18:55:41.014+0000] {dag.py:4180} INFO - Setting next_dagrun for example_trigger_target_dag to None, run_after=None
[2025-08-26T18:55:41.021+0000] {processor.py:208} INFO - Processing /home/airflow/.local/lib/python3.12/site-packages/airflow/example_dags/example_trigger_target_dag.py took 0.027 seconds
[2025-08-26T18:56:11.657+0000] {processor.py:186} INFO - Started process (PID=1650) to work on /home/airflow/.local/lib/python3.12/site-packages/airflow/example_dags/example_trigger_target_dag.py
[2025-08-26T18:56:11.658+0000] {processor.py:914} INFO - Processing file /home/airflow/.local/lib/python3.12/site-packages/airflow/example_dags/example_trigger_target_dag.py for tasks to queue
[2025-08-26T18:56:11.659+0000] {logging_mixin.py:190} INFO - [2025-08-26T18:56:11.659+0000] {dagbag.py:588} INFO - Filling up the DagBag from /home/airflow/.local/lib/python3.12/site-packages/airflow/example_dags/example_trigger_target_dag.py
[2025-08-26T18:56:11.662+0000] {processor.py:925} INFO - DAG(s) 'example_trigger_target_dag' retrieved from /home/airflow/.local/lib/python3.12/site-packages/airflow/example_dags/example_trigger_target_dag.py
[2025-08-26T18:56:11.670+0000] {logging_mixin.py:190} INFO - [2025-08-26T18:56:11.670+0000] {dag.py:3239} INFO - Sync 1 DAGs
[2025-08-26T18:56:11.675+0000] {logging_mixin.py:190} INFO - [2025-08-26T18:56:11.675+0000] {dag.py:4180} INFO - Setting next_dagrun for example_trigger_target_dag to None, run_after=None
[2025-08-26T18:56:11.682+0000] {processor.py:208} INFO - Processing /home/airflow/.local/lib/python3.12/site-packages/airflow/example_dags/example_trigger_target_dag.py took 0.027 seconds
[2025-08-26T18:56:42.223+0000] {processor.py:186} INFO - Started process (PID=1713) to work on /home/airflow/.local/lib/python3.12/site-packages/airflow/example_dags/example_trigger_target_dag.py
[2025-08-26T18:56:42.223+0000] {processor.py:914} INFO - Processing file /home/airflow/.local/lib/python3.12/site-packages/airflow/example_dags/example_trigger_target_dag.py for tasks to queue
[2025-08-26T18:56:42.224+0000] {logging_mixin.py:190} INFO - [2025-08-26T18:56:42.224+0000] {dagbag.py:588} INFO - Filling up the DagBag from /home/airflow/.local/lib/python3.12/site-packages/airflow/example_dags/example_trigger_target_dag.py
[2025-08-26T18:56:42.227+0000] {processor.py:925} INFO - DAG(s) 'example_trigger_target_dag' retrieved from /home/airflow/.local/lib/python3.12/site-packages/airflow/example_dags/example_trigger_target_dag.py
[2025-08-26T18:56:42.234+0000] {logging_mixin.py:190} INFO - [2025-08-26T18:56:42.234+0000] {dag.py:3239} INFO - Sync 1 DAGs
[2025-08-26T18:56:42.239+0000] {logging_mixin.py:190} INFO - [2025-08-26T18:56:42.239+0000] {dag.py:4180} INFO - Setting next_dagrun for example_trigger_target_dag to None, run_after=None
[2025-08-26T18:56:42.245+0000] {processor.py:208} INFO - Processing /home/airflow/.local/lib/python3.12/site-packages/airflow/example_dags/example_trigger_target_dag.py took 0.024 seconds
[2025-08-26T18:57:12.835+0000] {processor.py:186} INFO - Started process (PID=1776) to work on /home/airflow/.local/lib/python3.12/site-packages/airflow/example_dags/example_trigger_target_dag.py
[2025-08-26T18:57:12.835+0000] {processor.py:914} INFO - Processing file /home/airflow/.local/lib/python3.12/site-packages/airflow/example_dags/example_trigger_target_dag.py for tasks to queue
[2025-08-26T18:57:12.836+0000] {logging_mixin.py:190} INFO - [2025-08-26T18:57:12.836+0000] {dagbag.py:588} INFO - Filling up the DagBag from /home/airflow/.local/lib/python3.12/site-packages/airflow/example_dags/example_trigger_target_dag.py
[2025-08-26T18:57:12.839+0000] {processor.py:925} INFO - DAG(s) 'example_trigger_target_dag' retrieved from /home/airflow/.local/lib/python3.12/site-packages/airflow/example_dags/example_trigger_target_dag.py
[2025-08-26T18:57:12.846+0000] {logging_mixin.py:190} INFO - [2025-08-26T18:57:12.846+0000] {dag.py:3239} INFO - Sync 1 DAGs
[2025-08-26T18:57:12.851+0000] {logging_mixin.py:190} INFO - [2025-08-26T18:57:12.851+0000] {dag.py:4180} INFO - Setting next_dagrun for example_trigger_target_dag to None, run_after=None
[2025-08-26T18:57:12.858+0000] {processor.py:208} INFO - Processing /home/airflow/.local/lib/python3.12/site-packages/airflow/example_dags/example_trigger_target_dag.py took 0.025 seconds
[2025-08-26T18:57:43.430+0000] {processor.py:186} INFO - Started process (PID=1839) to work on /home/airflow/.local/lib/python3.12/site-packages/airflow/example_dags/example_trigger_target_dag.py
[2025-08-26T18:57:43.431+0000] {processor.py:914} INFO - Processing file /home/airflow/.local/lib/python3.12/site-packages/airflow/example_dags/example_trigger_target_dag.py for tasks to queue
[2025-08-26T18:57:43.432+0000] {logging_mixin.py:190} INFO - [2025-08-26T18:57:43.432+0000] {dagbag.py:588} INFO - Filling up the DagBag from /home/airflow/.local/lib/python3.12/site-packages/airflow/example_dags/example_trigger_target_dag.py
[2025-08-26T18:57:43.435+0000] {processor.py:925} INFO - DAG(s) 'example_trigger_target_dag' retrieved from /home/airflow/.local/lib/python3.12/site-packages/airflow/example_dags/example_trigger_target_dag.py
[2025-08-26T18:57:43.442+0000] {logging_mixin.py:190} INFO - [2025-08-26T18:57:43.442+0000] {dag.py:3239} INFO - Sync 1 DAGs
[2025-08-26T18:57:43.446+0000] {logging_mixin.py:190} INFO - [2025-08-26T18:57:43.446+0000] {dag.py:4180} INFO - Setting next_dagrun for example_trigger_target_dag to None, run_after=None
[2025-08-26T18:57:43.453+0000] {processor.py:208} INFO - Processing /home/airflow/.local/lib/python3.12/site-packages/airflow/example_dags/example_trigger_target_dag.py took 0.025 seconds
[2025-08-26T18:58:14.034+0000] {processor.py:186} INFO - Started process (PID=1902) to work on /home/airflow/.local/lib/python3.12/site-packages/airflow/example_dags/example_trigger_target_dag.py
[2025-08-26T18:58:14.034+0000] {processor.py:914} INFO - Processing file /home/airflow/.local/lib/python3.12/site-packages/airflow/example_dags/example_trigger_target_dag.py for tasks to queue
[2025-08-26T18:58:14.035+0000] {logging_mixin.py:190} INFO - [2025-08-26T18:58:14.035+0000] {dagbag.py:588} INFO - Filling up the DagBag from /home/airflow/.local/lib/python3.12/site-packages/airflow/example_dags/example_trigger_target_dag.py
[2025-08-26T18:58:14.038+0000] {processor.py:925} INFO - DAG(s) 'example_trigger_target_dag' retrieved from /home/airflow/.local/lib/python3.12/site-packages/airflow/example_dags/example_trigger_target_dag.py
[2025-08-26T18:58:14.046+0000] {logging_mixin.py:190} INFO - [2025-08-26T18:58:14.046+0000] {dag.py:3239} INFO - Sync 1 DAGs
[2025-08-26T18:58:14.050+0000] {logging_mixin.py:190} INFO - [2025-08-26T18:58:14.050+0000] {dag.py:4180} INFO - Setting next_dagrun for example_trigger_target_dag to None, run_after=None
[2025-08-26T18:58:14.059+0000] {processor.py:208} INFO - Processing /home/airflow/.local/lib/python3.12/site-packages/airflow/example_dags/example_trigger_target_dag.py took 0.027 seconds
[2025-08-26T18:58:44.679+0000] {processor.py:186} INFO - Started process (PID=1965) to work on /home/airflow/.local/lib/python3.12/site-packages/airflow/example_dags/example_trigger_target_dag.py
[2025-08-26T18:58:44.680+0000] {processor.py:914} INFO - Processing file /home/airflow/.local/lib/python3.12/site-packages/airflow/example_dags/example_trigger_target_dag.py for tasks to queue
[2025-08-26T18:58:44.681+0000] {logging_mixin.py:190} INFO - [2025-08-26T18:58:44.681+0000] {dagbag.py:588} INFO - Filling up the DagBag from /home/airflow/.local/lib/python3.12/site-packages/airflow/example_dags/example_trigger_target_dag.py
[2025-08-26T18:58:44.684+0000] {processor.py:925} INFO - DAG(s) 'example_trigger_target_dag' retrieved from /home/airflow/.local/lib/python3.12/site-packages/airflow/example_dags/example_trigger_target_dag.py
[2025-08-26T18:58:44.692+0000] {logging_mixin.py:190} INFO - [2025-08-26T18:58:44.692+0000] {dag.py:3239} INFO - Sync 1 DAGs
[2025-08-26T18:58:44.697+0000] {logging_mixin.py:190} INFO - [2025-08-26T18:58:44.696+0000] {dag.py:4180} INFO - Setting next_dagrun for example_trigger_target_dag to None, run_after=None
[2025-08-26T18:58:44.704+0000] {processor.py:208} INFO - Processing /home/airflow/.local/lib/python3.12/site-packages/airflow/example_dags/example_trigger_target_dag.py took 0.027 seconds
[2025-08-26T18:59:15.240+0000] {processor.py:186} INFO - Started process (PID=2028) to work on /home/airflow/.local/lib/python3.12/site-packages/airflow/example_dags/example_trigger_target_dag.py
[2025-08-26T18:59:15.241+0000] {processor.py:914} INFO - Processing file /home/airflow/.local/lib/python3.12/site-packages/airflow/example_dags/example_trigger_target_dag.py for tasks to queue
[2025-08-26T18:59:15.242+0000] {logging_mixin.py:190} INFO - [2025-08-26T18:59:15.241+0000] {dagbag.py:588} INFO - Filling up the DagBag from /home/airflow/.local/lib/python3.12/site-packages/airflow/example_dags/example_trigger_target_dag.py
[2025-08-26T18:59:15.244+0000] {processor.py:925} INFO - DAG(s) 'example_trigger_target_dag' retrieved from /home/airflow/.local/lib/python3.12/site-packages/airflow/example_dags/example_trigger_target_dag.py
[2025-08-26T18:59:15.253+0000] {logging_mixin.py:190} INFO - [2025-08-26T18:59:15.253+0000] {dag.py:3239} INFO - Sync 1 DAGs
[2025-08-26T18:59:15.258+0000] {logging_mixin.py:190} INFO - [2025-08-26T18:59:15.258+0000] {dag.py:4180} INFO - Setting next_dagrun for example_trigger_target_dag to None, run_after=None
[2025-08-26T18:59:15.265+0000] {processor.py:208} INFO - Processing /home/airflow/.local/lib/python3.12/site-packages/airflow/example_dags/example_trigger_target_dag.py took 0.028 seconds
[2025-08-26T18:59:45.842+0000] {processor.py:186} INFO - Started process (PID=2091) to work on /home/airflow/.local/lib/python3.12/site-packages/airflow/example_dags/example_trigger_target_dag.py
[2025-08-26T18:59:45.843+0000] {processor.py:914} INFO - Processing file /home/airflow/.local/lib/python3.12/site-packages/airflow/example_dags/example_trigger_target_dag.py for tasks to queue
[2025-08-26T18:59:45.844+0000] {logging_mixin.py:190} INFO - [2025-08-26T18:59:45.844+0000] {dagbag.py:588} INFO - Filling up the DagBag from /home/airflow/.local/lib/python3.12/site-packages/airflow/example_dags/example_trigger_target_dag.py
[2025-08-26T18:59:45.848+0000] {processor.py:925} INFO - DAG(s) 'example_trigger_target_dag' retrieved from /home/airflow/.local/lib/python3.12/site-packages/airflow/example_dags/example_trigger_target_dag.py
[2025-08-26T18:59:45.857+0000] {logging_mixin.py:190} INFO - [2025-08-26T18:59:45.857+0000] {dag.py:3239} INFO - Sync 1 DAGs
[2025-08-26T18:59:45.863+0000] {logging_mixin.py:190} INFO - [2025-08-26T18:59:45.863+0000] {dag.py:4180} INFO - Setting next_dagrun for example_trigger_target_dag to None, run_after=None
[2025-08-26T18:59:45.868+0000] {processor.py:208} INFO - Processing /home/airflow/.local/lib/python3.12/site-packages/airflow/example_dags/example_trigger_target_dag.py took 0.028 seconds
[2025-08-26T19:00:16.524+0000] {processor.py:186} INFO - Started process (PID=2154) to work on /home/airflow/.local/lib/python3.12/site-packages/airflow/example_dags/example_trigger_target_dag.py
[2025-08-26T19:00:16.525+0000] {processor.py:914} INFO - Processing file /home/airflow/.local/lib/python3.12/site-packages/airflow/example_dags/example_trigger_target_dag.py for tasks to queue
[2025-08-26T19:00:16.527+0000] {logging_mixin.py:190} INFO - [2025-08-26T19:00:16.526+0000] {dagbag.py:588} INFO - Filling up the DagBag from /home/airflow/.local/lib/python3.12/site-packages/airflow/example_dags/example_trigger_target_dag.py
[2025-08-26T19:00:16.530+0000] {processor.py:925} INFO - DAG(s) 'example_trigger_target_dag' retrieved from /home/airflow/.local/lib/python3.12/site-packages/airflow/example_dags/example_trigger_target_dag.py
[2025-08-26T19:00:16.538+0000] {logging_mixin.py:190} INFO - [2025-08-26T19:00:16.538+0000] {dag.py:3239} INFO - Sync 1 DAGs
[2025-08-26T19:00:16.543+0000] {logging_mixin.py:190} INFO - [2025-08-26T19:00:16.543+0000] {dag.py:4180} INFO - Setting next_dagrun for example_trigger_target_dag to None, run_after=None
[2025-08-26T19:00:16.553+0000] {processor.py:208} INFO - Processing /home/airflow/.local/lib/python3.12/site-packages/airflow/example_dags/example_trigger_target_dag.py took 0.031 seconds
[2025-08-26T19:00:47.222+0000] {processor.py:186} INFO - Started process (PID=2217) to work on /home/airflow/.local/lib/python3.12/site-packages/airflow/example_dags/example_trigger_target_dag.py
[2025-08-26T19:00:47.222+0000] {processor.py:914} INFO - Processing file /home/airflow/.local/lib/python3.12/site-packages/airflow/example_dags/example_trigger_target_dag.py for tasks to queue
[2025-08-26T19:00:47.223+0000] {logging_mixin.py:190} INFO - [2025-08-26T19:00:47.223+0000] {dagbag.py:588} INFO - Filling up the DagBag from /home/airflow/.local/lib/python3.12/site-packages/airflow/example_dags/example_trigger_target_dag.py
[2025-08-26T19:00:47.226+0000] {processor.py:925} INFO - DAG(s) 'example_trigger_target_dag' retrieved from /home/airflow/.local/lib/python3.12/site-packages/airflow/example_dags/example_trigger_target_dag.py
[2025-08-26T19:00:47.233+0000] {logging_mixin.py:190} INFO - [2025-08-26T19:00:47.233+0000] {dag.py:3239} INFO - Sync 1 DAGs
[2025-08-26T19:00:47.239+0000] {logging_mixin.py:190} INFO - [2025-08-26T19:00:47.239+0000] {dag.py:4180} INFO - Setting next_dagrun for example_trigger_target_dag to None, run_after=None
[2025-08-26T19:00:47.246+0000] {processor.py:208} INFO - Processing /home/airflow/.local/lib/python3.12/site-packages/airflow/example_dags/example_trigger_target_dag.py took 0.027 seconds
[2025-08-26T19:01:18.202+0000] {processor.py:186} INFO - Started process (PID=2280) to work on /home/airflow/.local/lib/python3.12/site-packages/airflow/example_dags/example_trigger_target_dag.py
[2025-08-26T19:01:18.203+0000] {processor.py:914} INFO - Processing file /home/airflow/.local/lib/python3.12/site-packages/airflow/example_dags/example_trigger_target_dag.py for tasks to queue
[2025-08-26T19:01:18.204+0000] {logging_mixin.py:190} INFO - [2025-08-26T19:01:18.204+0000] {dagbag.py:588} INFO - Filling up the DagBag from /home/airflow/.local/lib/python3.12/site-packages/airflow/example_dags/example_trigger_target_dag.py
[2025-08-26T19:01:18.208+0000] {processor.py:925} INFO - DAG(s) 'example_trigger_target_dag' retrieved from /home/airflow/.local/lib/python3.12/site-packages/airflow/example_dags/example_trigger_target_dag.py
[2025-08-26T19:01:18.218+0000] {logging_mixin.py:190} INFO - [2025-08-26T19:01:18.218+0000] {dag.py:3239} INFO - Sync 1 DAGs
[2025-08-26T19:01:18.228+0000] {logging_mixin.py:190} INFO - [2025-08-26T19:01:18.228+0000] {dag.py:4180} INFO - Setting next_dagrun for example_trigger_target_dag to None, run_after=None
[2025-08-26T19:01:18.235+0000] {processor.py:208} INFO - Processing /home/airflow/.local/lib/python3.12/site-packages/airflow/example_dags/example_trigger_target_dag.py took 0.035 seconds
[2025-08-26T19:01:49.139+0000] {processor.py:186} INFO - Started process (PID=2349) to work on /home/airflow/.local/lib/python3.12/site-packages/airflow/example_dags/example_trigger_target_dag.py
[2025-08-26T19:01:49.140+0000] {processor.py:914} INFO - Processing file /home/airflow/.local/lib/python3.12/site-packages/airflow/example_dags/example_trigger_target_dag.py for tasks to queue
[2025-08-26T19:01:49.141+0000] {logging_mixin.py:190} INFO - [2025-08-26T19:01:49.141+0000] {dagbag.py:588} INFO - Filling up the DagBag from /home/airflow/.local/lib/python3.12/site-packages/airflow/example_dags/example_trigger_target_dag.py
[2025-08-26T19:01:49.145+0000] {processor.py:925} INFO - DAG(s) 'example_trigger_target_dag' retrieved from /home/airflow/.local/lib/python3.12/site-packages/airflow/example_dags/example_trigger_target_dag.py
[2025-08-26T19:01:49.159+0000] {logging_mixin.py:190} INFO - [2025-08-26T19:01:49.159+0000] {dag.py:3239} INFO - Sync 1 DAGs
[2025-08-26T19:01:49.165+0000] {logging_mixin.py:190} INFO - [2025-08-26T19:01:49.165+0000] {dag.py:4180} INFO - Setting next_dagrun for example_trigger_target_dag to None, run_after=None
[2025-08-26T19:01:49.173+0000] {processor.py:208} INFO - Processing /home/airflow/.local/lib/python3.12/site-packages/airflow/example_dags/example_trigger_target_dag.py took 0.038 seconds
[2025-08-26T19:02:19.926+0000] {processor.py:186} INFO - Started process (PID=2412) to work on /home/airflow/.local/lib/python3.12/site-packages/airflow/example_dags/example_trigger_target_dag.py
[2025-08-26T19:02:19.926+0000] {processor.py:914} INFO - Processing file /home/airflow/.local/lib/python3.12/site-packages/airflow/example_dags/example_trigger_target_dag.py for tasks to queue
[2025-08-26T19:02:19.927+0000] {logging_mixin.py:190} INFO - [2025-08-26T19:02:19.927+0000] {dagbag.py:588} INFO - Filling up the DagBag from /home/airflow/.local/lib/python3.12/site-packages/airflow/example_dags/example_trigger_target_dag.py
[2025-08-26T19:02:19.930+0000] {processor.py:925} INFO - DAG(s) 'example_trigger_target_dag' retrieved from /home/airflow/.local/lib/python3.12/site-packages/airflow/example_dags/example_trigger_target_dag.py
[2025-08-26T19:02:19.938+0000] {logging_mixin.py:190} INFO - [2025-08-26T19:02:19.938+0000] {dag.py:3239} INFO - Sync 1 DAGs
[2025-08-26T19:02:19.942+0000] {logging_mixin.py:190} INFO - [2025-08-26T19:02:19.942+0000] {dag.py:4180} INFO - Setting next_dagrun for example_trigger_target_dag to None, run_after=None
[2025-08-26T19:02:19.952+0000] {processor.py:208} INFO - Processing /home/airflow/.local/lib/python3.12/site-packages/airflow/example_dags/example_trigger_target_dag.py took 0.029 seconds
[2025-08-26T19:02:50.597+0000] {processor.py:186} INFO - Started process (PID=2475) to work on /home/airflow/.local/lib/python3.12/site-packages/airflow/example_dags/example_trigger_target_dag.py
[2025-08-26T19:02:50.598+0000] {processor.py:914} INFO - Processing file /home/airflow/.local/lib/python3.12/site-packages/airflow/example_dags/example_trigger_target_dag.py for tasks to queue
[2025-08-26T19:02:50.598+0000] {logging_mixin.py:190} INFO - [2025-08-26T19:02:50.598+0000] {dagbag.py:588} INFO - Filling up the DagBag from /home/airflow/.local/lib/python3.12/site-packages/airflow/example_dags/example_trigger_target_dag.py
[2025-08-26T19:02:50.602+0000] {processor.py:925} INFO - DAG(s) 'example_trigger_target_dag' retrieved from /home/airflow/.local/lib/python3.12/site-packages/airflow/example_dags/example_trigger_target_dag.py
[2025-08-26T19:02:50.608+0000] {logging_mixin.py:190} INFO - [2025-08-26T19:02:50.608+0000] {dag.py:3239} INFO - Sync 1 DAGs
[2025-08-26T19:02:50.614+0000] {logging_mixin.py:190} INFO - [2025-08-26T19:02:50.614+0000] {dag.py:4180} INFO - Setting next_dagrun for example_trigger_target_dag to None, run_after=None
[2025-08-26T19:02:50.620+0000] {processor.py:208} INFO - Processing /home/airflow/.local/lib/python3.12/site-packages/airflow/example_dags/example_trigger_target_dag.py took 0.025 seconds
[2025-08-26T19:03:21.220+0000] {processor.py:186} INFO - Started process (PID=2538) to work on /home/airflow/.local/lib/python3.12/site-packages/airflow/example_dags/example_trigger_target_dag.py
[2025-08-26T19:03:21.220+0000] {processor.py:914} INFO - Processing file /home/airflow/.local/lib/python3.12/site-packages/airflow/example_dags/example_trigger_target_dag.py for tasks to queue
[2025-08-26T19:03:21.222+0000] {logging_mixin.py:190} INFO - [2025-08-26T19:03:21.222+0000] {dagbag.py:588} INFO - Filling up the DagBag from /home/airflow/.local/lib/python3.12/site-packages/airflow/example_dags/example_trigger_target_dag.py
[2025-08-26T19:03:21.225+0000] {processor.py:925} INFO - DAG(s) 'example_trigger_target_dag' retrieved from /home/airflow/.local/lib/python3.12/site-packages/airflow/example_dags/example_trigger_target_dag.py
[2025-08-26T19:03:21.233+0000] {logging_mixin.py:190} INFO - [2025-08-26T19:03:21.233+0000] {dag.py:3239} INFO - Sync 1 DAGs
[2025-08-26T19:03:21.238+0000] {logging_mixin.py:190} INFO - [2025-08-26T19:03:21.238+0000] {dag.py:4180} INFO - Setting next_dagrun for example_trigger_target_dag to None, run_after=None
[2025-08-26T19:03:21.246+0000] {processor.py:208} INFO - Processing /home/airflow/.local/lib/python3.12/site-packages/airflow/example_dags/example_trigger_target_dag.py took 0.028 seconds
[2025-08-26T19:03:51.921+0000] {processor.py:186} INFO - Started process (PID=2601) to work on /home/airflow/.local/lib/python3.12/site-packages/airflow/example_dags/example_trigger_target_dag.py
[2025-08-26T19:03:51.921+0000] {processor.py:914} INFO - Processing file /home/airflow/.local/lib/python3.12/site-packages/airflow/example_dags/example_trigger_target_dag.py for tasks to queue
[2025-08-26T19:03:51.922+0000] {logging_mixin.py:190} INFO - [2025-08-26T19:03:51.922+0000] {dagbag.py:588} INFO - Filling up the DagBag from /home/airflow/.local/lib/python3.12/site-packages/airflow/example_dags/example_trigger_target_dag.py
[2025-08-26T19:03:51.925+0000] {processor.py:925} INFO - DAG(s) 'example_trigger_target_dag' retrieved from /home/airflow/.local/lib/python3.12/site-packages/airflow/example_dags/example_trigger_target_dag.py
[2025-08-26T19:03:51.933+0000] {logging_mixin.py:190} INFO - [2025-08-26T19:03:51.933+0000] {dag.py:3239} INFO - Sync 1 DAGs
[2025-08-26T19:03:51.937+0000] {logging_mixin.py:190} INFO - [2025-08-26T19:03:51.937+0000] {dag.py:4180} INFO - Setting next_dagrun for example_trigger_target_dag to None, run_after=None
[2025-08-26T19:03:51.945+0000] {processor.py:208} INFO - Processing /home/airflow/.local/lib/python3.12/site-packages/airflow/example_dags/example_trigger_target_dag.py took 0.026 seconds
[2025-08-26T19:04:22.603+0000] {processor.py:186} INFO - Started process (PID=2664) to work on /home/airflow/.local/lib/python3.12/site-packages/airflow/example_dags/example_trigger_target_dag.py
[2025-08-26T19:04:22.603+0000] {processor.py:914} INFO - Processing file /home/airflow/.local/lib/python3.12/site-packages/airflow/example_dags/example_trigger_target_dag.py for tasks to queue
[2025-08-26T19:04:22.604+0000] {logging_mixin.py:190} INFO - [2025-08-26T19:04:22.604+0000] {dagbag.py:588} INFO - Filling up the DagBag from /home/airflow/.local/lib/python3.12/site-packages/airflow/example_dags/example_trigger_target_dag.py
[2025-08-26T19:04:22.607+0000] {processor.py:925} INFO - DAG(s) 'example_trigger_target_dag' retrieved from /home/airflow/.local/lib/python3.12/site-packages/airflow/example_dags/example_trigger_target_dag.py
[2025-08-26T19:04:22.614+0000] {logging_mixin.py:190} INFO - [2025-08-26T19:04:22.613+0000] {dag.py:3239} INFO - Sync 1 DAGs
[2025-08-26T19:04:22.618+0000] {logging_mixin.py:190} INFO - [2025-08-26T19:04:22.618+0000] {dag.py:4180} INFO - Setting next_dagrun for example_trigger_target_dag to None, run_after=None
[2025-08-26T19:04:22.623+0000] {processor.py:208} INFO - Processing /home/airflow/.local/lib/python3.12/site-packages/airflow/example_dags/example_trigger_target_dag.py took 0.022 seconds
[2025-08-26T19:04:53.362+0000] {processor.py:186} INFO - Started process (PID=2727) to work on /home/airflow/.local/lib/python3.12/site-packages/airflow/example_dags/example_trigger_target_dag.py
[2025-08-26T19:04:53.362+0000] {processor.py:914} INFO - Processing file /home/airflow/.local/lib/python3.12/site-packages/airflow/example_dags/example_trigger_target_dag.py for tasks to queue
[2025-08-26T19:04:53.363+0000] {logging_mixin.py:190} INFO - [2025-08-26T19:04:53.363+0000] {dagbag.py:588} INFO - Filling up the DagBag from /home/airflow/.local/lib/python3.12/site-packages/airflow/example_dags/example_trigger_target_dag.py
[2025-08-26T19:04:53.366+0000] {processor.py:925} INFO - DAG(s) 'example_trigger_target_dag' retrieved from /home/airflow/.local/lib/python3.12/site-packages/airflow/example_dags/example_trigger_target_dag.py
[2025-08-26T19:04:53.373+0000] {logging_mixin.py:190} INFO - [2025-08-26T19:04:53.373+0000] {dag.py:3239} INFO - Sync 1 DAGs
[2025-08-26T19:04:53.378+0000] {logging_mixin.py:190} INFO - [2025-08-26T19:04:53.378+0000] {dag.py:4180} INFO - Setting next_dagrun for example_trigger_target_dag to None, run_after=None
[2025-08-26T19:04:53.391+0000] {processor.py:208} INFO - Processing /home/airflow/.local/lib/python3.12/site-packages/airflow/example_dags/example_trigger_target_dag.py took 0.032 seconds
[2025-08-26T19:05:24.068+0000] {processor.py:186} INFO - Started process (PID=2790) to work on /home/airflow/.local/lib/python3.12/site-packages/airflow/example_dags/example_trigger_target_dag.py
[2025-08-26T19:05:24.069+0000] {processor.py:914} INFO - Processing file /home/airflow/.local/lib/python3.12/site-packages/airflow/example_dags/example_trigger_target_dag.py for tasks to queue
[2025-08-26T19:05:24.069+0000] {logging_mixin.py:190} INFO - [2025-08-26T19:05:24.069+0000] {dagbag.py:588} INFO - Filling up the DagBag from /home/airflow/.local/lib/python3.12/site-packages/airflow/example_dags/example_trigger_target_dag.py
[2025-08-26T19:05:24.073+0000] {processor.py:925} INFO - DAG(s) 'example_trigger_target_dag' retrieved from /home/airflow/.local/lib/python3.12/site-packages/airflow/example_dags/example_trigger_target_dag.py
[2025-08-26T19:05:24.080+0000] {logging_mixin.py:190} INFO - [2025-08-26T19:05:24.080+0000] {dag.py:3239} INFO - Sync 1 DAGs
[2025-08-26T19:05:24.085+0000] {logging_mixin.py:190} INFO - [2025-08-26T19:05:24.085+0000] {dag.py:4180} INFO - Setting next_dagrun for example_trigger_target_dag to None, run_after=None
[2025-08-26T19:05:24.091+0000] {processor.py:208} INFO - Processing /home/airflow/.local/lib/python3.12/site-packages/airflow/example_dags/example_trigger_target_dag.py took 0.026 seconds
[2025-08-26T19:05:54.796+0000] {processor.py:186} INFO - Started process (PID=2853) to work on /home/airflow/.local/lib/python3.12/site-packages/airflow/example_dags/example_trigger_target_dag.py
[2025-08-26T19:05:54.797+0000] {processor.py:914} INFO - Processing file /home/airflow/.local/lib/python3.12/site-packages/airflow/example_dags/example_trigger_target_dag.py for tasks to queue
[2025-08-26T19:05:54.798+0000] {logging_mixin.py:190} INFO - [2025-08-26T19:05:54.798+0000] {dagbag.py:588} INFO - Filling up the DagBag from /home/airflow/.local/lib/python3.12/site-packages/airflow/example_dags/example_trigger_target_dag.py
[2025-08-26T19:05:54.801+0000] {processor.py:925} INFO - DAG(s) 'example_trigger_target_dag' retrieved from /home/airflow/.local/lib/python3.12/site-packages/airflow/example_dags/example_trigger_target_dag.py
[2025-08-26T19:05:54.809+0000] {logging_mixin.py:190} INFO - [2025-08-26T19:05:54.809+0000] {dag.py:3239} INFO - Sync 1 DAGs
[2025-08-26T19:05:54.815+0000] {logging_mixin.py:190} INFO - [2025-08-26T19:05:54.815+0000] {dag.py:4180} INFO - Setting next_dagrun for example_trigger_target_dag to None, run_after=None
[2025-08-26T19:05:54.821+0000] {processor.py:208} INFO - Processing /home/airflow/.local/lib/python3.12/site-packages/airflow/example_dags/example_trigger_target_dag.py took 0.027 seconds
[2025-08-26T19:06:25.447+0000] {processor.py:186} INFO - Started process (PID=2916) to work on /home/airflow/.local/lib/python3.12/site-packages/airflow/example_dags/example_trigger_target_dag.py
[2025-08-26T19:06:25.449+0000] {processor.py:914} INFO - Processing file /home/airflow/.local/lib/python3.12/site-packages/airflow/example_dags/example_trigger_target_dag.py for tasks to queue
[2025-08-26T19:06:25.450+0000] {logging_mixin.py:190} INFO - [2025-08-26T19:06:25.450+0000] {dagbag.py:588} INFO - Filling up the DagBag from /home/airflow/.local/lib/python3.12/site-packages/airflow/example_dags/example_trigger_target_dag.py
[2025-08-26T19:06:25.454+0000] {processor.py:925} INFO - DAG(s) 'example_trigger_target_dag' retrieved from /home/airflow/.local/lib/python3.12/site-packages/airflow/example_dags/example_trigger_target_dag.py
[2025-08-26T19:06:25.461+0000] {logging_mixin.py:190} INFO - [2025-08-26T19:06:25.461+0000] {dag.py:3239} INFO - Sync 1 DAGs
[2025-08-26T19:06:25.466+0000] {logging_mixin.py:190} INFO - [2025-08-26T19:06:25.466+0000] {dag.py:4180} INFO - Setting next_dagrun for example_trigger_target_dag to None, run_after=None
[2025-08-26T19:06:25.472+0000] {processor.py:208} INFO - Processing /home/airflow/.local/lib/python3.12/site-packages/airflow/example_dags/example_trigger_target_dag.py took 0.028 seconds
[2025-08-26T19:06:56.078+0000] {processor.py:186} INFO - Started process (PID=2979) to work on /home/airflow/.local/lib/python3.12/site-packages/airflow/example_dags/example_trigger_target_dag.py
[2025-08-26T19:06:56.079+0000] {processor.py:914} INFO - Processing file /home/airflow/.local/lib/python3.12/site-packages/airflow/example_dags/example_trigger_target_dag.py for tasks to queue
[2025-08-26T19:06:56.080+0000] {logging_mixin.py:190} INFO - [2025-08-26T19:06:56.080+0000] {dagbag.py:588} INFO - Filling up the DagBag from /home/airflow/.local/lib/python3.12/site-packages/airflow/example_dags/example_trigger_target_dag.py
[2025-08-26T19:06:56.083+0000] {processor.py:925} INFO - DAG(s) 'example_trigger_target_dag' retrieved from /home/airflow/.local/lib/python3.12/site-packages/airflow/example_dags/example_trigger_target_dag.py
[2025-08-26T19:06:56.090+0000] {logging_mixin.py:190} INFO - [2025-08-26T19:06:56.090+0000] {dag.py:3239} INFO - Sync 1 DAGs
[2025-08-26T19:06:56.096+0000] {logging_mixin.py:190} INFO - [2025-08-26T19:06:56.096+0000] {dag.py:4180} INFO - Setting next_dagrun for example_trigger_target_dag to None, run_after=None
[2025-08-26T19:06:56.101+0000] {processor.py:208} INFO - Processing /home/airflow/.local/lib/python3.12/site-packages/airflow/example_dags/example_trigger_target_dag.py took 0.025 seconds
[2025-08-26T19:07:26.817+0000] {processor.py:186} INFO - Started process (PID=3042) to work on /home/airflow/.local/lib/python3.12/site-packages/airflow/example_dags/example_trigger_target_dag.py
[2025-08-26T19:07:26.817+0000] {processor.py:914} INFO - Processing file /home/airflow/.local/lib/python3.12/site-packages/airflow/example_dags/example_trigger_target_dag.py for tasks to queue
[2025-08-26T19:07:26.818+0000] {logging_mixin.py:190} INFO - [2025-08-26T19:07:26.818+0000] {dagbag.py:588} INFO - Filling up the DagBag from /home/airflow/.local/lib/python3.12/site-packages/airflow/example_dags/example_trigger_target_dag.py
[2025-08-26T19:07:26.822+0000] {processor.py:925} INFO - DAG(s) 'example_trigger_target_dag' retrieved from /home/airflow/.local/lib/python3.12/site-packages/airflow/example_dags/example_trigger_target_dag.py
[2025-08-26T19:07:26.829+0000] {logging_mixin.py:190} INFO - [2025-08-26T19:07:26.829+0000] {dag.py:3239} INFO - Sync 1 DAGs
[2025-08-26T19:07:26.834+0000] {logging_mixin.py:190} INFO - [2025-08-26T19:07:26.834+0000] {dag.py:4180} INFO - Setting next_dagrun for example_trigger_target_dag to None, run_after=None
[2025-08-26T19:07:26.842+0000] {processor.py:208} INFO - Processing /home/airflow/.local/lib/python3.12/site-packages/airflow/example_dags/example_trigger_target_dag.py took 0.028 seconds
[2025-08-26T19:07:57.477+0000] {processor.py:186} INFO - Started process (PID=3105) to work on /home/airflow/.local/lib/python3.12/site-packages/airflow/example_dags/example_trigger_target_dag.py
[2025-08-26T19:07:57.477+0000] {processor.py:914} INFO - Processing file /home/airflow/.local/lib/python3.12/site-packages/airflow/example_dags/example_trigger_target_dag.py for tasks to queue
[2025-08-26T19:07:57.478+0000] {logging_mixin.py:190} INFO - [2025-08-26T19:07:57.478+0000] {dagbag.py:588} INFO - Filling up the DagBag from /home/airflow/.local/lib/python3.12/site-packages/airflow/example_dags/example_trigger_target_dag.py
[2025-08-26T19:07:57.481+0000] {processor.py:925} INFO - DAG(s) 'example_trigger_target_dag' retrieved from /home/airflow/.local/lib/python3.12/site-packages/airflow/example_dags/example_trigger_target_dag.py
[2025-08-26T19:07:57.489+0000] {logging_mixin.py:190} INFO - [2025-08-26T19:07:57.489+0000] {dag.py:3239} INFO - Sync 1 DAGs
[2025-08-26T19:07:57.495+0000] {logging_mixin.py:190} INFO - [2025-08-26T19:07:57.494+0000] {dag.py:4180} INFO - Setting next_dagrun for example_trigger_target_dag to None, run_after=None
[2025-08-26T19:07:57.502+0000] {processor.py:208} INFO - Processing /home/airflow/.local/lib/python3.12/site-packages/airflow/example_dags/example_trigger_target_dag.py took 0.027 seconds
[2025-08-26T19:08:28.081+0000] {processor.py:186} INFO - Started process (PID=3168) to work on /home/airflow/.local/lib/python3.12/site-packages/airflow/example_dags/example_trigger_target_dag.py
[2025-08-26T19:08:28.081+0000] {processor.py:914} INFO - Processing file /home/airflow/.local/lib/python3.12/site-packages/airflow/example_dags/example_trigger_target_dag.py for tasks to queue
[2025-08-26T19:08:28.082+0000] {logging_mixin.py:190} INFO - [2025-08-26T19:08:28.082+0000] {dagbag.py:588} INFO - Filling up the DagBag from /home/airflow/.local/lib/python3.12/site-packages/airflow/example_dags/example_trigger_target_dag.py
[2025-08-26T19:08:28.086+0000] {processor.py:925} INFO - DAG(s) 'example_trigger_target_dag' retrieved from /home/airflow/.local/lib/python3.12/site-packages/airflow/example_dags/example_trigger_target_dag.py
[2025-08-26T19:08:28.094+0000] {logging_mixin.py:190} INFO - [2025-08-26T19:08:28.094+0000] {dag.py:3239} INFO - Sync 1 DAGs
[2025-08-26T19:08:28.099+0000] {logging_mixin.py:190} INFO - [2025-08-26T19:08:28.099+0000] {dag.py:4180} INFO - Setting next_dagrun for example_trigger_target_dag to None, run_after=None
[2025-08-26T19:08:28.104+0000] {processor.py:208} INFO - Processing /home/airflow/.local/lib/python3.12/site-packages/airflow/example_dags/example_trigger_target_dag.py took 0.026 seconds
[2025-08-26T19:08:58.686+0000] {processor.py:186} INFO - Started process (PID=3231) to work on /home/airflow/.local/lib/python3.12/site-packages/airflow/example_dags/example_trigger_target_dag.py
[2025-08-26T19:08:58.686+0000] {processor.py:914} INFO - Processing file /home/airflow/.local/lib/python3.12/site-packages/airflow/example_dags/example_trigger_target_dag.py for tasks to queue
[2025-08-26T19:08:58.687+0000] {logging_mixin.py:190} INFO - [2025-08-26T19:08:58.687+0000] {dagbag.py:588} INFO - Filling up the DagBag from /home/airflow/.local/lib/python3.12/site-packages/airflow/example_dags/example_trigger_target_dag.py
[2025-08-26T19:08:58.690+0000] {processor.py:925} INFO - DAG(s) 'example_trigger_target_dag' retrieved from /home/airflow/.local/lib/python3.12/site-packages/airflow/example_dags/example_trigger_target_dag.py
[2025-08-26T19:08:58.697+0000] {logging_mixin.py:190} INFO - [2025-08-26T19:08:58.697+0000] {dag.py:3239} INFO - Sync 1 DAGs
[2025-08-26T19:08:58.702+0000] {logging_mixin.py:190} INFO - [2025-08-26T19:08:58.702+0000] {dag.py:4180} INFO - Setting next_dagrun for example_trigger_target_dag to None, run_after=None
[2025-08-26T19:08:58.712+0000] {processor.py:208} INFO - Processing /home/airflow/.local/lib/python3.12/site-packages/airflow/example_dags/example_trigger_target_dag.py took 0.029 seconds
[2025-08-26T19:09:29.426+0000] {processor.py:186} INFO - Started process (PID=3294) to work on /home/airflow/.local/lib/python3.12/site-packages/airflow/example_dags/example_trigger_target_dag.py
[2025-08-26T19:09:29.426+0000] {processor.py:914} INFO - Processing file /home/airflow/.local/lib/python3.12/site-packages/airflow/example_dags/example_trigger_target_dag.py for tasks to queue
[2025-08-26T19:09:29.427+0000] {logging_mixin.py:190} INFO - [2025-08-26T19:09:29.427+0000] {dagbag.py:588} INFO - Filling up the DagBag from /home/airflow/.local/lib/python3.12/site-packages/airflow/example_dags/example_trigger_target_dag.py
[2025-08-26T19:09:29.429+0000] {processor.py:925} INFO - DAG(s) 'example_trigger_target_dag' retrieved from /home/airflow/.local/lib/python3.12/site-packages/airflow/example_dags/example_trigger_target_dag.py
[2025-08-26T19:09:29.436+0000] {logging_mixin.py:190} INFO - [2025-08-26T19:09:29.436+0000] {dag.py:3239} INFO - Sync 1 DAGs
[2025-08-26T19:09:29.440+0000] {logging_mixin.py:190} INFO - [2025-08-26T19:09:29.440+0000] {dag.py:4180} INFO - Setting next_dagrun for example_trigger_target_dag to None, run_after=None
[2025-08-26T19:09:29.445+0000] {processor.py:208} INFO - Processing /home/airflow/.local/lib/python3.12/site-packages/airflow/example_dags/example_trigger_target_dag.py took 0.021 seconds
[2025-08-26T19:10:00.160+0000] {processor.py:186} INFO - Started process (PID=3357) to work on /home/airflow/.local/lib/python3.12/site-packages/airflow/example_dags/example_trigger_target_dag.py
[2025-08-26T19:10:00.161+0000] {processor.py:914} INFO - Processing file /home/airflow/.local/lib/python3.12/site-packages/airflow/example_dags/example_trigger_target_dag.py for tasks to queue
[2025-08-26T19:10:00.161+0000] {logging_mixin.py:190} INFO - [2025-08-26T19:10:00.161+0000] {dagbag.py:588} INFO - Filling up the DagBag from /home/airflow/.local/lib/python3.12/site-packages/airflow/example_dags/example_trigger_target_dag.py
[2025-08-26T19:10:00.164+0000] {processor.py:925} INFO - DAG(s) 'example_trigger_target_dag' retrieved from /home/airflow/.local/lib/python3.12/site-packages/airflow/example_dags/example_trigger_target_dag.py
[2025-08-26T19:10:00.173+0000] {logging_mixin.py:190} INFO - [2025-08-26T19:10:00.173+0000] {dag.py:3239} INFO - Sync 1 DAGs
[2025-08-26T19:10:00.178+0000] {logging_mixin.py:190} INFO - [2025-08-26T19:10:00.178+0000] {dag.py:4180} INFO - Setting next_dagrun for example_trigger_target_dag to None, run_after=None
[2025-08-26T19:10:00.185+0000] {processor.py:208} INFO - Processing /home/airflow/.local/lib/python3.12/site-packages/airflow/example_dags/example_trigger_target_dag.py took 0.027 seconds
[2025-08-26T19:10:30.919+0000] {processor.py:186} INFO - Started process (PID=3420) to work on /home/airflow/.local/lib/python3.12/site-packages/airflow/example_dags/example_trigger_target_dag.py
[2025-08-26T19:10:30.919+0000] {processor.py:914} INFO - Processing file /home/airflow/.local/lib/python3.12/site-packages/airflow/example_dags/example_trigger_target_dag.py for tasks to queue
[2025-08-26T19:10:30.920+0000] {logging_mixin.py:190} INFO - [2025-08-26T19:10:30.920+0000] {dagbag.py:588} INFO - Filling up the DagBag from /home/airflow/.local/lib/python3.12/site-packages/airflow/example_dags/example_trigger_target_dag.py
[2025-08-26T19:10:30.923+0000] {processor.py:925} INFO - DAG(s) 'example_trigger_target_dag' retrieved from /home/airflow/.local/lib/python3.12/site-packages/airflow/example_dags/example_trigger_target_dag.py
[2025-08-26T19:10:30.930+0000] {logging_mixin.py:190} INFO - [2025-08-26T19:10:30.930+0000] {dag.py:3239} INFO - Sync 1 DAGs
[2025-08-26T19:10:30.935+0000] {logging_mixin.py:190} INFO - [2025-08-26T19:10:30.935+0000] {dag.py:4180} INFO - Setting next_dagrun for example_trigger_target_dag to None, run_after=None
[2025-08-26T19:10:30.943+0000] {processor.py:208} INFO - Processing /home/airflow/.local/lib/python3.12/site-packages/airflow/example_dags/example_trigger_target_dag.py took 0.026 seconds
[2025-08-26T19:11:01.659+0000] {processor.py:186} INFO - Started process (PID=3483) to work on /home/airflow/.local/lib/python3.12/site-packages/airflow/example_dags/example_trigger_target_dag.py
[2025-08-26T19:11:01.660+0000] {processor.py:914} INFO - Processing file /home/airflow/.local/lib/python3.12/site-packages/airflow/example_dags/example_trigger_target_dag.py for tasks to queue
[2025-08-26T19:11:01.661+0000] {logging_mixin.py:190} INFO - [2025-08-26T19:11:01.660+0000] {dagbag.py:588} INFO - Filling up the DagBag from /home/airflow/.local/lib/python3.12/site-packages/airflow/example_dags/example_trigger_target_dag.py
[2025-08-26T19:11:01.664+0000] {processor.py:925} INFO - DAG(s) 'example_trigger_target_dag' retrieved from /home/airflow/.local/lib/python3.12/site-packages/airflow/example_dags/example_trigger_target_dag.py
[2025-08-26T19:11:01.670+0000] {logging_mixin.py:190} INFO - [2025-08-26T19:11:01.670+0000] {dag.py:3239} INFO - Sync 1 DAGs
[2025-08-26T19:11:01.676+0000] {logging_mixin.py:190} INFO - [2025-08-26T19:11:01.676+0000] {dag.py:4180} INFO - Setting next_dagrun for example_trigger_target_dag to None, run_after=None
[2025-08-26T19:11:01.683+0000] {processor.py:208} INFO - Processing /home/airflow/.local/lib/python3.12/site-packages/airflow/example_dags/example_trigger_target_dag.py took 0.026 seconds
[2025-08-26T19:11:32.507+0000] {processor.py:186} INFO - Started process (PID=3546) to work on /home/airflow/.local/lib/python3.12/site-packages/airflow/example_dags/example_trigger_target_dag.py
[2025-08-26T19:11:32.507+0000] {processor.py:914} INFO - Processing file /home/airflow/.local/lib/python3.12/site-packages/airflow/example_dags/example_trigger_target_dag.py for tasks to queue
[2025-08-26T19:11:32.508+0000] {logging_mixin.py:190} INFO - [2025-08-26T19:11:32.508+0000] {dagbag.py:588} INFO - Filling up the DagBag from /home/airflow/.local/lib/python3.12/site-packages/airflow/example_dags/example_trigger_target_dag.py
[2025-08-26T19:11:32.511+0000] {processor.py:925} INFO - DAG(s) 'example_trigger_target_dag' retrieved from /home/airflow/.local/lib/python3.12/site-packages/airflow/example_dags/example_trigger_target_dag.py
[2025-08-26T19:11:32.517+0000] {logging_mixin.py:190} INFO - [2025-08-26T19:11:32.517+0000] {dag.py:3239} INFO - Sync 1 DAGs
[2025-08-26T19:11:32.521+0000] {logging_mixin.py:190} INFO - [2025-08-26T19:11:32.521+0000] {dag.py:4180} INFO - Setting next_dagrun for example_trigger_target_dag to None, run_after=None
[2025-08-26T19:11:32.526+0000] {processor.py:208} INFO - Processing /home/airflow/.local/lib/python3.12/site-packages/airflow/example_dags/example_trigger_target_dag.py took 0.021 seconds
[2025-08-26T19:12:03.238+0000] {processor.py:186} INFO - Started process (PID=3609) to work on /home/airflow/.local/lib/python3.12/site-packages/airflow/example_dags/example_trigger_target_dag.py
[2025-08-26T19:12:03.239+0000] {processor.py:914} INFO - Processing file /home/airflow/.local/lib/python3.12/site-packages/airflow/example_dags/example_trigger_target_dag.py for tasks to queue
[2025-08-26T19:12:03.239+0000] {logging_mixin.py:190} INFO - [2025-08-26T19:12:03.239+0000] {dagbag.py:588} INFO - Filling up the DagBag from /home/airflow/.local/lib/python3.12/site-packages/airflow/example_dags/example_trigger_target_dag.py
[2025-08-26T19:12:03.246+0000] {processor.py:925} INFO - DAG(s) 'example_trigger_target_dag' retrieved from /home/airflow/.local/lib/python3.12/site-packages/airflow/example_dags/example_trigger_target_dag.py
[2025-08-26T19:12:03.255+0000] {logging_mixin.py:190} INFO - [2025-08-26T19:12:03.254+0000] {dag.py:3239} INFO - Sync 1 DAGs
[2025-08-26T19:12:03.259+0000] {logging_mixin.py:190} INFO - [2025-08-26T19:12:03.259+0000] {dag.py:4180} INFO - Setting next_dagrun for example_trigger_target_dag to None, run_after=None
[2025-08-26T19:12:03.266+0000] {processor.py:208} INFO - Processing /home/airflow/.local/lib/python3.12/site-packages/airflow/example_dags/example_trigger_target_dag.py took 0.031 seconds
[2025-08-26T19:12:34.070+0000] {processor.py:186} INFO - Started process (PID=3672) to work on /home/airflow/.local/lib/python3.12/site-packages/airflow/example_dags/example_trigger_target_dag.py
[2025-08-26T19:12:34.071+0000] {processor.py:914} INFO - Processing file /home/airflow/.local/lib/python3.12/site-packages/airflow/example_dags/example_trigger_target_dag.py for tasks to queue
[2025-08-26T19:12:34.072+0000] {logging_mixin.py:190} INFO - [2025-08-26T19:12:34.072+0000] {dagbag.py:588} INFO - Filling up the DagBag from /home/airflow/.local/lib/python3.12/site-packages/airflow/example_dags/example_trigger_target_dag.py
[2025-08-26T19:12:34.075+0000] {processor.py:925} INFO - DAG(s) 'example_trigger_target_dag' retrieved from /home/airflow/.local/lib/python3.12/site-packages/airflow/example_dags/example_trigger_target_dag.py
[2025-08-26T19:12:34.082+0000] {logging_mixin.py:190} INFO - [2025-08-26T19:12:34.082+0000] {dag.py:3239} INFO - Sync 1 DAGs
[2025-08-26T19:12:34.087+0000] {logging_mixin.py:190} INFO - [2025-08-26T19:12:34.087+0000] {dag.py:4180} INFO - Setting next_dagrun for example_trigger_target_dag to None, run_after=None
[2025-08-26T19:12:34.094+0000] {processor.py:208} INFO - Processing /home/airflow/.local/lib/python3.12/site-packages/airflow/example_dags/example_trigger_target_dag.py took 0.027 seconds
[2025-08-26T19:13:05.027+0000] {processor.py:186} INFO - Started process (PID=3735) to work on /home/airflow/.local/lib/python3.12/site-packages/airflow/example_dags/example_trigger_target_dag.py
[2025-08-26T19:13:05.028+0000] {processor.py:914} INFO - Processing file /home/airflow/.local/lib/python3.12/site-packages/airflow/example_dags/example_trigger_target_dag.py for tasks to queue
[2025-08-26T19:13:05.028+0000] {logging_mixin.py:190} INFO - [2025-08-26T19:13:05.028+0000] {dagbag.py:588} INFO - Filling up the DagBag from /home/airflow/.local/lib/python3.12/site-packages/airflow/example_dags/example_trigger_target_dag.py
[2025-08-26T19:13:05.031+0000] {processor.py:925} INFO - DAG(s) 'example_trigger_target_dag' retrieved from /home/airflow/.local/lib/python3.12/site-packages/airflow/example_dags/example_trigger_target_dag.py
[2025-08-26T19:13:05.041+0000] {logging_mixin.py:190} INFO - [2025-08-26T19:13:05.041+0000] {dag.py:3239} INFO - Sync 1 DAGs
[2025-08-26T19:13:05.046+0000] {logging_mixin.py:190} INFO - [2025-08-26T19:13:05.046+0000] {dag.py:4180} INFO - Setting next_dagrun for example_trigger_target_dag to None, run_after=None
[2025-08-26T19:13:05.051+0000] {processor.py:208} INFO - Processing /home/airflow/.local/lib/python3.12/site-packages/airflow/example_dags/example_trigger_target_dag.py took 0.026 seconds
[2025-08-26T19:13:35.951+0000] {processor.py:186} INFO - Started process (PID=3798) to work on /home/airflow/.local/lib/python3.12/site-packages/airflow/example_dags/example_trigger_target_dag.py
[2025-08-26T19:13:35.951+0000] {processor.py:914} INFO - Processing file /home/airflow/.local/lib/python3.12/site-packages/airflow/example_dags/example_trigger_target_dag.py for tasks to queue
[2025-08-26T19:13:35.952+0000] {logging_mixin.py:190} INFO - [2025-08-26T19:13:35.952+0000] {dagbag.py:588} INFO - Filling up the DagBag from /home/airflow/.local/lib/python3.12/site-packages/airflow/example_dags/example_trigger_target_dag.py
[2025-08-26T19:13:35.954+0000] {processor.py:925} INFO - DAG(s) 'example_trigger_target_dag' retrieved from /home/airflow/.local/lib/python3.12/site-packages/airflow/example_dags/example_trigger_target_dag.py
[2025-08-26T19:13:35.961+0000] {logging_mixin.py:190} INFO - [2025-08-26T19:13:35.960+0000] {dag.py:3239} INFO - Sync 1 DAGs
[2025-08-26T19:13:35.965+0000] {logging_mixin.py:190} INFO - [2025-08-26T19:13:35.965+0000] {dag.py:4180} INFO - Setting next_dagrun for example_trigger_target_dag to None, run_after=None
[2025-08-26T19:13:35.970+0000] {processor.py:208} INFO - Processing /home/airflow/.local/lib/python3.12/site-packages/airflow/example_dags/example_trigger_target_dag.py took 0.021 seconds
[2025-08-26T19:14:06.859+0000] {processor.py:186} INFO - Started process (PID=3861) to work on /home/airflow/.local/lib/python3.12/site-packages/airflow/example_dags/example_trigger_target_dag.py
[2025-08-26T19:14:06.860+0000] {processor.py:914} INFO - Processing file /home/airflow/.local/lib/python3.12/site-packages/airflow/example_dags/example_trigger_target_dag.py for tasks to queue
[2025-08-26T19:14:06.861+0000] {logging_mixin.py:190} INFO - [2025-08-26T19:14:06.861+0000] {dagbag.py:588} INFO - Filling up the DagBag from /home/airflow/.local/lib/python3.12/site-packages/airflow/example_dags/example_trigger_target_dag.py
[2025-08-26T19:14:06.864+0000] {processor.py:925} INFO - DAG(s) 'example_trigger_target_dag' retrieved from /home/airflow/.local/lib/python3.12/site-packages/airflow/example_dags/example_trigger_target_dag.py
[2025-08-26T19:14:06.871+0000] {logging_mixin.py:190} INFO - [2025-08-26T19:14:06.871+0000] {dag.py:3239} INFO - Sync 1 DAGs
[2025-08-26T19:14:06.876+0000] {logging_mixin.py:190} INFO - [2025-08-26T19:14:06.876+0000] {dag.py:4180} INFO - Setting next_dagrun for example_trigger_target_dag to None, run_after=None
[2025-08-26T19:14:06.882+0000] {processor.py:208} INFO - Processing /home/airflow/.local/lib/python3.12/site-packages/airflow/example_dags/example_trigger_target_dag.py took 0.025 seconds
[2025-08-26T19:14:37.890+0000] {processor.py:186} INFO - Started process (PID=3924) to work on /home/airflow/.local/lib/python3.12/site-packages/airflow/example_dags/example_trigger_target_dag.py
[2025-08-26T19:14:37.891+0000] {processor.py:914} INFO - Processing file /home/airflow/.local/lib/python3.12/site-packages/airflow/example_dags/example_trigger_target_dag.py for tasks to queue
[2025-08-26T19:14:37.892+0000] {logging_mixin.py:190} INFO - [2025-08-26T19:14:37.892+0000] {dagbag.py:588} INFO - Filling up the DagBag from /home/airflow/.local/lib/python3.12/site-packages/airflow/example_dags/example_trigger_target_dag.py
[2025-08-26T19:14:37.897+0000] {processor.py:925} INFO - DAG(s) 'example_trigger_target_dag' retrieved from /home/airflow/.local/lib/python3.12/site-packages/airflow/example_dags/example_trigger_target_dag.py
[2025-08-26T19:14:37.908+0000] {logging_mixin.py:190} INFO - [2025-08-26T19:14:37.907+0000] {dag.py:3239} INFO - Sync 1 DAGs
[2025-08-26T19:14:37.913+0000] {logging_mixin.py:190} INFO - [2025-08-26T19:14:37.913+0000] {dag.py:4180} INFO - Setting next_dagrun for example_trigger_target_dag to None, run_after=None
[2025-08-26T19:14:37.921+0000] {processor.py:208} INFO - Processing /home/airflow/.local/lib/python3.12/site-packages/airflow/example_dags/example_trigger_target_dag.py took 0.032 seconds
