[2025-08-26T15:43:51.100+0000] {processor.py:186} INFO - Started process (PID=93) to work on /home/airflow/.local/lib/python3.12/site-packages/airflow/example_dags/example_complex.py
[2025-08-26T15:43:51.101+0000] {processor.py:914} INFO - Processing file /home/airflow/.local/lib/python3.12/site-packages/airflow/example_dags/example_complex.py for tasks to queue
[2025-08-26T15:43:51.102+0000] {logging_mixin.py:190} INFO - [2025-08-26T15:43:51.102+0000] {dagbag.py:588} INFO - Filling up the DagBag from /home/airflow/.local/lib/python3.12/site-packages/airflow/example_dags/example_complex.py
[2025-08-26T15:43:51.107+0000] {processor.py:925} INFO - DAG(s) 'example_complex' retrieved from /home/airflow/.local/lib/python3.12/site-packages/airflow/example_dags/example_complex.py
[2025-08-26T15:43:51.147+0000] {logging_mixin.py:190} INFO - [2025-08-26T15:43:51.147+0000] {override.py:1900} INFO - Created Permission View: can edit on DAG:example_complex
[2025-08-26T15:43:51.151+0000] {logging_mixin.py:190} INFO - [2025-08-26T15:43:51.151+0000] {override.py:1900} INFO - Created Permission View: can delete on DAG:example_complex
[2025-08-26T15:43:51.154+0000] {logging_mixin.py:190} INFO - [2025-08-26T15:43:51.154+0000] {override.py:1900} INFO - Created Permission View: can read on DAG:example_complex
[2025-08-26T15:43:51.156+0000] {logging_mixin.py:190} INFO - [2025-08-26T15:43:51.156+0000] {override.py:1900} INFO - Created Permission View: can create on DAG Run:example_complex
[2025-08-26T15:43:51.158+0000] {logging_mixin.py:190} INFO - [2025-08-26T15:43:51.158+0000] {override.py:1900} INFO - Created Permission View: can delete on DAG Run:example_complex
[2025-08-26T15:43:51.160+0000] {logging_mixin.py:190} INFO - [2025-08-26T15:43:51.160+0000] {override.py:1900} INFO - Created Permission View: menu access on DAG Run:example_complex
[2025-08-26T15:43:51.162+0000] {logging_mixin.py:190} INFO - [2025-08-26T15:43:51.162+0000] {override.py:1900} INFO - Created Permission View: can read on DAG Run:example_complex
[2025-08-26T15:43:51.163+0000] {logging_mixin.py:190} INFO - [2025-08-26T15:43:51.163+0000] {dag.py:3239} INFO - Sync 1 DAGs
[2025-08-26T15:43:51.167+0000] {logging_mixin.py:190} INFO - [2025-08-26T15:43:51.167+0000] {dag.py:3262} INFO - Creating ORM DAG for example_complex
[2025-08-26T15:43:51.168+0000] {logging_mixin.py:190} INFO - [2025-08-26T15:43:51.168+0000] {dag.py:4180} INFO - Setting next_dagrun for example_complex to None, run_after=None
[2025-08-26T15:43:51.176+0000] {processor.py:208} INFO - Processing /home/airflow/.local/lib/python3.12/site-packages/airflow/example_dags/example_complex.py took 0.079 seconds
[2025-08-26T15:44:21.866+0000] {processor.py:186} INFO - Started process (PID=156) to work on /home/airflow/.local/lib/python3.12/site-packages/airflow/example_dags/example_complex.py
[2025-08-26T15:44:21.866+0000] {processor.py:914} INFO - Processing file /home/airflow/.local/lib/python3.12/site-packages/airflow/example_dags/example_complex.py for tasks to queue
[2025-08-26T15:44:21.867+0000] {logging_mixin.py:190} INFO - [2025-08-26T15:44:21.867+0000] {dagbag.py:588} INFO - Filling up the DagBag from /home/airflow/.local/lib/python3.12/site-packages/airflow/example_dags/example_complex.py
[2025-08-26T15:44:21.871+0000] {processor.py:925} INFO - DAG(s) 'example_complex' retrieved from /home/airflow/.local/lib/python3.12/site-packages/airflow/example_dags/example_complex.py
[2025-08-26T15:44:21.881+0000] {logging_mixin.py:190} INFO - [2025-08-26T15:44:21.881+0000] {dag.py:3239} INFO - Sync 1 DAGs
[2025-08-26T15:44:21.886+0000] {logging_mixin.py:190} INFO - [2025-08-26T15:44:21.886+0000] {dag.py:4180} INFO - Setting next_dagrun for example_complex to None, run_after=None
[2025-08-26T15:44:21.893+0000] {processor.py:208} INFO - Processing /home/airflow/.local/lib/python3.12/site-packages/airflow/example_dags/example_complex.py took 0.030 seconds
[2025-08-26T15:44:52.709+0000] {processor.py:186} INFO - Started process (PID=219) to work on /home/airflow/.local/lib/python3.12/site-packages/airflow/example_dags/example_complex.py
[2025-08-26T15:44:52.709+0000] {processor.py:914} INFO - Processing file /home/airflow/.local/lib/python3.12/site-packages/airflow/example_dags/example_complex.py for tasks to queue
[2025-08-26T15:44:52.710+0000] {logging_mixin.py:190} INFO - [2025-08-26T15:44:52.710+0000] {dagbag.py:588} INFO - Filling up the DagBag from /home/airflow/.local/lib/python3.12/site-packages/airflow/example_dags/example_complex.py
[2025-08-26T15:44:52.714+0000] {processor.py:925} INFO - DAG(s) 'example_complex' retrieved from /home/airflow/.local/lib/python3.12/site-packages/airflow/example_dags/example_complex.py
[2025-08-26T15:44:52.726+0000] {logging_mixin.py:190} INFO - [2025-08-26T15:44:52.726+0000] {dag.py:3239} INFO - Sync 1 DAGs
[2025-08-26T15:44:52.731+0000] {logging_mixin.py:190} INFO - [2025-08-26T15:44:52.731+0000] {dag.py:4180} INFO - Setting next_dagrun for example_complex to None, run_after=None
[2025-08-26T15:44:52.738+0000] {processor.py:208} INFO - Processing /home/airflow/.local/lib/python3.12/site-packages/airflow/example_dags/example_complex.py took 0.031 seconds
[2025-08-26T15:45:23.440+0000] {processor.py:186} INFO - Started process (PID=282) to work on /home/airflow/.local/lib/python3.12/site-packages/airflow/example_dags/example_complex.py
[2025-08-26T15:45:23.441+0000] {processor.py:914} INFO - Processing file /home/airflow/.local/lib/python3.12/site-packages/airflow/example_dags/example_complex.py for tasks to queue
[2025-08-26T15:45:23.442+0000] {logging_mixin.py:190} INFO - [2025-08-26T15:45:23.442+0000] {dagbag.py:588} INFO - Filling up the DagBag from /home/airflow/.local/lib/python3.12/site-packages/airflow/example_dags/example_complex.py
[2025-08-26T15:45:23.450+0000] {processor.py:925} INFO - DAG(s) 'example_complex' retrieved from /home/airflow/.local/lib/python3.12/site-packages/airflow/example_dags/example_complex.py
[2025-08-26T15:45:23.466+0000] {logging_mixin.py:190} INFO - [2025-08-26T15:45:23.465+0000] {dag.py:3239} INFO - Sync 1 DAGs
[2025-08-26T15:45:23.470+0000] {logging_mixin.py:190} INFO - [2025-08-26T15:45:23.470+0000] {dag.py:4180} INFO - Setting next_dagrun for example_complex to None, run_after=None
[2025-08-26T15:45:23.476+0000] {processor.py:208} INFO - Processing /home/airflow/.local/lib/python3.12/site-packages/airflow/example_dags/example_complex.py took 0.038 seconds
[2025-08-26T15:56:43.509+0000] {processor.py:186} INFO - Started process (PID=339) to work on /home/airflow/.local/lib/python3.12/site-packages/airflow/example_dags/example_complex.py
[2025-08-26T15:56:43.509+0000] {processor.py:914} INFO - Processing file /home/airflow/.local/lib/python3.12/site-packages/airflow/example_dags/example_complex.py for tasks to queue
[2025-08-26T15:56:43.510+0000] {logging_mixin.py:190} INFO - [2025-08-26T15:56:43.510+0000] {dagbag.py:588} INFO - Filling up the DagBag from /home/airflow/.local/lib/python3.12/site-packages/airflow/example_dags/example_complex.py
[2025-08-26T15:56:43.515+0000] {processor.py:925} INFO - DAG(s) 'example_complex' retrieved from /home/airflow/.local/lib/python3.12/site-packages/airflow/example_dags/example_complex.py
[2025-08-26T15:56:43.525+0000] {logging_mixin.py:190} INFO - [2025-08-26T15:56:43.525+0000] {dag.py:3239} INFO - Sync 1 DAGs
[2025-08-26T15:56:43.529+0000] {logging_mixin.py:190} INFO - [2025-08-26T15:56:43.529+0000] {dag.py:4180} INFO - Setting next_dagrun for example_complex to None, run_after=None
[2025-08-26T15:56:43.535+0000] {processor.py:208} INFO - Processing /home/airflow/.local/lib/python3.12/site-packages/airflow/example_dags/example_complex.py took 0.028 seconds
[2025-08-26T16:32:54.235+0000] {processor.py:186} INFO - Started process (PID=402) to work on /home/airflow/.local/lib/python3.12/site-packages/airflow/example_dags/example_complex.py
[2025-08-26T16:32:54.236+0000] {processor.py:914} INFO - Processing file /home/airflow/.local/lib/python3.12/site-packages/airflow/example_dags/example_complex.py for tasks to queue
[2025-08-26T16:32:54.238+0000] {logging_mixin.py:190} INFO - [2025-08-26T16:32:54.238+0000] {dagbag.py:588} INFO - Filling up the DagBag from /home/airflow/.local/lib/python3.12/site-packages/airflow/example_dags/example_complex.py
[2025-08-26T16:32:54.244+0000] {processor.py:925} INFO - DAG(s) 'example_complex' retrieved from /home/airflow/.local/lib/python3.12/site-packages/airflow/example_dags/example_complex.py
[2025-08-26T16:32:54.255+0000] {logging_mixin.py:190} INFO - [2025-08-26T16:32:54.255+0000] {dag.py:3239} INFO - Sync 1 DAGs
[2025-08-26T16:32:54.260+0000] {logging_mixin.py:190} INFO - [2025-08-26T16:32:54.260+0000] {dag.py:4180} INFO - Setting next_dagrun for example_complex to None, run_after=None
[2025-08-26T16:32:54.269+0000] {processor.py:208} INFO - Processing /home/airflow/.local/lib/python3.12/site-packages/airflow/example_dags/example_complex.py took 0.036 seconds
[2025-08-26T18:02:30.293+0000] {processor.py:186} INFO - Started process (PID=465) to work on /home/airflow/.local/lib/python3.12/site-packages/airflow/example_dags/example_complex.py
[2025-08-26T18:02:30.294+0000] {processor.py:914} INFO - Processing file /home/airflow/.local/lib/python3.12/site-packages/airflow/example_dags/example_complex.py for tasks to queue
[2025-08-26T18:02:30.295+0000] {logging_mixin.py:190} INFO - [2025-08-26T18:02:30.295+0000] {dagbag.py:588} INFO - Filling up the DagBag from /home/airflow/.local/lib/python3.12/site-packages/airflow/example_dags/example_complex.py
[2025-08-26T18:02:30.299+0000] {processor.py:925} INFO - DAG(s) 'example_complex' retrieved from /home/airflow/.local/lib/python3.12/site-packages/airflow/example_dags/example_complex.py
[2025-08-26T18:02:30.310+0000] {logging_mixin.py:190} INFO - [2025-08-26T18:02:30.309+0000] {dag.py:3239} INFO - Sync 1 DAGs
[2025-08-26T18:02:30.314+0000] {logging_mixin.py:190} INFO - [2025-08-26T18:02:30.314+0000] {dag.py:4180} INFO - Setting next_dagrun for example_complex to None, run_after=None
[2025-08-26T18:02:30.320+0000] {processor.py:208} INFO - Processing /home/airflow/.local/lib/python3.12/site-packages/airflow/example_dags/example_complex.py took 0.029 seconds
[2025-08-26T18:47:01.317+0000] {processor.py:186} INFO - Started process (PID=528) to work on /home/airflow/.local/lib/python3.12/site-packages/airflow/example_dags/example_complex.py
[2025-08-26T18:47:01.318+0000] {processor.py:914} INFO - Processing file /home/airflow/.local/lib/python3.12/site-packages/airflow/example_dags/example_complex.py for tasks to queue
[2025-08-26T18:47:01.321+0000] {logging_mixin.py:190} INFO - [2025-08-26T18:47:01.321+0000] {dagbag.py:588} INFO - Filling up the DagBag from /home/airflow/.local/lib/python3.12/site-packages/airflow/example_dags/example_complex.py
[2025-08-26T18:47:01.331+0000] {processor.py:925} INFO - DAG(s) 'example_complex' retrieved from /home/airflow/.local/lib/python3.12/site-packages/airflow/example_dags/example_complex.py
[2025-08-26T18:47:01.356+0000] {logging_mixin.py:190} INFO - [2025-08-26T18:47:01.355+0000] {dag.py:3239} INFO - Sync 1 DAGs
[2025-08-26T18:47:01.364+0000] {logging_mixin.py:190} INFO - [2025-08-26T18:47:01.364+0000] {dag.py:4180} INFO - Setting next_dagrun for example_complex to None, run_after=None
[2025-08-26T18:47:01.383+0000] {processor.py:208} INFO - Processing /home/airflow/.local/lib/python3.12/site-packages/airflow/example_dags/example_complex.py took 0.069 seconds
[2025-08-26T18:47:32.222+0000] {processor.py:186} INFO - Started process (PID=591) to work on /home/airflow/.local/lib/python3.12/site-packages/airflow/example_dags/example_complex.py
[2025-08-26T18:47:32.223+0000] {processor.py:914} INFO - Processing file /home/airflow/.local/lib/python3.12/site-packages/airflow/example_dags/example_complex.py for tasks to queue
[2025-08-26T18:47:32.224+0000] {logging_mixin.py:190} INFO - [2025-08-26T18:47:32.224+0000] {dagbag.py:588} INFO - Filling up the DagBag from /home/airflow/.local/lib/python3.12/site-packages/airflow/example_dags/example_complex.py
[2025-08-26T18:47:32.232+0000] {processor.py:925} INFO - DAG(s) 'example_complex' retrieved from /home/airflow/.local/lib/python3.12/site-packages/airflow/example_dags/example_complex.py
[2025-08-26T18:47:32.246+0000] {logging_mixin.py:190} INFO - [2025-08-26T18:47:32.246+0000] {dag.py:3239} INFO - Sync 1 DAGs
[2025-08-26T18:47:32.250+0000] {logging_mixin.py:190} INFO - [2025-08-26T18:47:32.250+0000] {dag.py:4180} INFO - Setting next_dagrun for example_complex to None, run_after=None
[2025-08-26T18:47:32.256+0000] {processor.py:208} INFO - Processing /home/airflow/.local/lib/python3.12/site-packages/airflow/example_dags/example_complex.py took 0.036 seconds
[2025-08-26T18:48:03.047+0000] {processor.py:186} INFO - Started process (PID=654) to work on /home/airflow/.local/lib/python3.12/site-packages/airflow/example_dags/example_complex.py
[2025-08-26T18:48:03.047+0000] {processor.py:914} INFO - Processing file /home/airflow/.local/lib/python3.12/site-packages/airflow/example_dags/example_complex.py for tasks to queue
[2025-08-26T18:48:03.048+0000] {logging_mixin.py:190} INFO - [2025-08-26T18:48:03.048+0000] {dagbag.py:588} INFO - Filling up the DagBag from /home/airflow/.local/lib/python3.12/site-packages/airflow/example_dags/example_complex.py
[2025-08-26T18:48:03.052+0000] {processor.py:925} INFO - DAG(s) 'example_complex' retrieved from /home/airflow/.local/lib/python3.12/site-packages/airflow/example_dags/example_complex.py
[2025-08-26T18:48:03.063+0000] {logging_mixin.py:190} INFO - [2025-08-26T18:48:03.063+0000] {dag.py:3239} INFO - Sync 1 DAGs
[2025-08-26T18:48:03.068+0000] {logging_mixin.py:190} INFO - [2025-08-26T18:48:03.068+0000] {dag.py:4180} INFO - Setting next_dagrun for example_complex to None, run_after=None
[2025-08-26T18:48:03.074+0000] {processor.py:208} INFO - Processing /home/airflow/.local/lib/python3.12/site-packages/airflow/example_dags/example_complex.py took 0.030 seconds
[2025-08-26T18:48:33.774+0000] {processor.py:186} INFO - Started process (PID=717) to work on /home/airflow/.local/lib/python3.12/site-packages/airflow/example_dags/example_complex.py
[2025-08-26T18:48:33.775+0000] {processor.py:914} INFO - Processing file /home/airflow/.local/lib/python3.12/site-packages/airflow/example_dags/example_complex.py for tasks to queue
[2025-08-26T18:48:33.776+0000] {logging_mixin.py:190} INFO - [2025-08-26T18:48:33.776+0000] {dagbag.py:588} INFO - Filling up the DagBag from /home/airflow/.local/lib/python3.12/site-packages/airflow/example_dags/example_complex.py
[2025-08-26T18:48:33.781+0000] {processor.py:925} INFO - DAG(s) 'example_complex' retrieved from /home/airflow/.local/lib/python3.12/site-packages/airflow/example_dags/example_complex.py
[2025-08-26T18:48:33.793+0000] {logging_mixin.py:190} INFO - [2025-08-26T18:48:33.792+0000] {dag.py:3239} INFO - Sync 1 DAGs
[2025-08-26T18:48:33.798+0000] {logging_mixin.py:190} INFO - [2025-08-26T18:48:33.798+0000] {dag.py:4180} INFO - Setting next_dagrun for example_complex to None, run_after=None
[2025-08-26T18:48:33.805+0000] {processor.py:208} INFO - Processing /home/airflow/.local/lib/python3.12/site-packages/airflow/example_dags/example_complex.py took 0.034 seconds
[2025-08-26T18:49:04.424+0000] {processor.py:186} INFO - Started process (PID=780) to work on /home/airflow/.local/lib/python3.12/site-packages/airflow/example_dags/example_complex.py
[2025-08-26T18:49:04.424+0000] {processor.py:914} INFO - Processing file /home/airflow/.local/lib/python3.12/site-packages/airflow/example_dags/example_complex.py for tasks to queue
[2025-08-26T18:49:04.425+0000] {logging_mixin.py:190} INFO - [2025-08-26T18:49:04.425+0000] {dagbag.py:588} INFO - Filling up the DagBag from /home/airflow/.local/lib/python3.12/site-packages/airflow/example_dags/example_complex.py
[2025-08-26T18:49:04.430+0000] {processor.py:925} INFO - DAG(s) 'example_complex' retrieved from /home/airflow/.local/lib/python3.12/site-packages/airflow/example_dags/example_complex.py
[2025-08-26T18:49:04.441+0000] {logging_mixin.py:190} INFO - [2025-08-26T18:49:04.441+0000] {dag.py:3239} INFO - Sync 1 DAGs
[2025-08-26T18:49:04.446+0000] {logging_mixin.py:190} INFO - [2025-08-26T18:49:04.446+0000] {dag.py:4180} INFO - Setting next_dagrun for example_complex to None, run_after=None
[2025-08-26T18:49:04.452+0000] {processor.py:208} INFO - Processing /home/airflow/.local/lib/python3.12/site-packages/airflow/example_dags/example_complex.py took 0.031 seconds
[2025-08-26T18:49:35.066+0000] {processor.py:186} INFO - Started process (PID=844) to work on /home/airflow/.local/lib/python3.12/site-packages/airflow/example_dags/example_complex.py
[2025-08-26T18:49:35.067+0000] {processor.py:914} INFO - Processing file /home/airflow/.local/lib/python3.12/site-packages/airflow/example_dags/example_complex.py for tasks to queue
[2025-08-26T18:49:35.068+0000] {logging_mixin.py:190} INFO - [2025-08-26T18:49:35.068+0000] {dagbag.py:588} INFO - Filling up the DagBag from /home/airflow/.local/lib/python3.12/site-packages/airflow/example_dags/example_complex.py
[2025-08-26T18:49:35.073+0000] {processor.py:925} INFO - DAG(s) 'example_complex' retrieved from /home/airflow/.local/lib/python3.12/site-packages/airflow/example_dags/example_complex.py
[2025-08-26T18:49:35.084+0000] {logging_mixin.py:190} INFO - [2025-08-26T18:49:35.084+0000] {dag.py:3239} INFO - Sync 1 DAGs
[2025-08-26T18:49:35.089+0000] {logging_mixin.py:190} INFO - [2025-08-26T18:49:35.089+0000] {dag.py:4180} INFO - Setting next_dagrun for example_complex to None, run_after=None
[2025-08-26T18:49:35.094+0000] {processor.py:208} INFO - Processing /home/airflow/.local/lib/python3.12/site-packages/airflow/example_dags/example_complex.py took 0.030 seconds
[2025-08-26T18:50:05.684+0000] {processor.py:186} INFO - Started process (PID=907) to work on /home/airflow/.local/lib/python3.12/site-packages/airflow/example_dags/example_complex.py
[2025-08-26T18:50:05.686+0000] {processor.py:914} INFO - Processing file /home/airflow/.local/lib/python3.12/site-packages/airflow/example_dags/example_complex.py for tasks to queue
[2025-08-26T18:50:05.689+0000] {logging_mixin.py:190} INFO - [2025-08-26T18:50:05.688+0000] {dagbag.py:588} INFO - Filling up the DagBag from /home/airflow/.local/lib/python3.12/site-packages/airflow/example_dags/example_complex.py
[2025-08-26T18:50:05.693+0000] {processor.py:925} INFO - DAG(s) 'example_complex' retrieved from /home/airflow/.local/lib/python3.12/site-packages/airflow/example_dags/example_complex.py
[2025-08-26T18:50:05.704+0000] {logging_mixin.py:190} INFO - [2025-08-26T18:50:05.704+0000] {dag.py:3239} INFO - Sync 1 DAGs
[2025-08-26T18:50:05.709+0000] {logging_mixin.py:190} INFO - [2025-08-26T18:50:05.709+0000] {dag.py:4180} INFO - Setting next_dagrun for example_complex to None, run_after=None
[2025-08-26T18:50:05.716+0000] {processor.py:208} INFO - Processing /home/airflow/.local/lib/python3.12/site-packages/airflow/example_dags/example_complex.py took 0.034 seconds
[2025-08-26T18:50:36.221+0000] {processor.py:186} INFO - Started process (PID=970) to work on /home/airflow/.local/lib/python3.12/site-packages/airflow/example_dags/example_complex.py
[2025-08-26T18:50:36.221+0000] {processor.py:914} INFO - Processing file /home/airflow/.local/lib/python3.12/site-packages/airflow/example_dags/example_complex.py for tasks to queue
[2025-08-26T18:50:36.222+0000] {logging_mixin.py:190} INFO - [2025-08-26T18:50:36.222+0000] {dagbag.py:588} INFO - Filling up the DagBag from /home/airflow/.local/lib/python3.12/site-packages/airflow/example_dags/example_complex.py
[2025-08-26T18:50:36.227+0000] {processor.py:925} INFO - DAG(s) 'example_complex' retrieved from /home/airflow/.local/lib/python3.12/site-packages/airflow/example_dags/example_complex.py
[2025-08-26T18:50:36.238+0000] {logging_mixin.py:190} INFO - [2025-08-26T18:50:36.238+0000] {dag.py:3239} INFO - Sync 1 DAGs
[2025-08-26T18:50:36.243+0000] {logging_mixin.py:190} INFO - [2025-08-26T18:50:36.243+0000] {dag.py:4180} INFO - Setting next_dagrun for example_complex to None, run_after=None
[2025-08-26T18:50:36.249+0000] {processor.py:208} INFO - Processing /home/airflow/.local/lib/python3.12/site-packages/airflow/example_dags/example_complex.py took 0.031 seconds
[2025-08-26T18:51:06.771+0000] {processor.py:186} INFO - Started process (PID=1033) to work on /home/airflow/.local/lib/python3.12/site-packages/airflow/example_dags/example_complex.py
[2025-08-26T18:51:06.773+0000] {processor.py:914} INFO - Processing file /home/airflow/.local/lib/python3.12/site-packages/airflow/example_dags/example_complex.py for tasks to queue
[2025-08-26T18:51:06.774+0000] {logging_mixin.py:190} INFO - [2025-08-26T18:51:06.774+0000] {dagbag.py:588} INFO - Filling up the DagBag from /home/airflow/.local/lib/python3.12/site-packages/airflow/example_dags/example_complex.py
[2025-08-26T18:51:06.779+0000] {processor.py:925} INFO - DAG(s) 'example_complex' retrieved from /home/airflow/.local/lib/python3.12/site-packages/airflow/example_dags/example_complex.py
[2025-08-26T18:51:06.791+0000] {logging_mixin.py:190} INFO - [2025-08-26T18:51:06.791+0000] {dag.py:3239} INFO - Sync 1 DAGs
[2025-08-26T18:51:06.796+0000] {logging_mixin.py:190} INFO - [2025-08-26T18:51:06.796+0000] {dag.py:4180} INFO - Setting next_dagrun for example_complex to None, run_after=None
[2025-08-26T18:51:06.801+0000] {processor.py:208} INFO - Processing /home/airflow/.local/lib/python3.12/site-packages/airflow/example_dags/example_complex.py took 0.033 seconds
[2025-08-26T18:51:37.378+0000] {processor.py:186} INFO - Started process (PID=1096) to work on /home/airflow/.local/lib/python3.12/site-packages/airflow/example_dags/example_complex.py
[2025-08-26T18:51:37.378+0000] {processor.py:914} INFO - Processing file /home/airflow/.local/lib/python3.12/site-packages/airflow/example_dags/example_complex.py for tasks to queue
[2025-08-26T18:51:37.379+0000] {logging_mixin.py:190} INFO - [2025-08-26T18:51:37.379+0000] {dagbag.py:588} INFO - Filling up the DagBag from /home/airflow/.local/lib/python3.12/site-packages/airflow/example_dags/example_complex.py
[2025-08-26T18:51:37.385+0000] {processor.py:925} INFO - DAG(s) 'example_complex' retrieved from /home/airflow/.local/lib/python3.12/site-packages/airflow/example_dags/example_complex.py
[2025-08-26T18:51:37.395+0000] {logging_mixin.py:190} INFO - [2025-08-26T18:51:37.395+0000] {dag.py:3239} INFO - Sync 1 DAGs
[2025-08-26T18:51:37.400+0000] {logging_mixin.py:190} INFO - [2025-08-26T18:51:37.399+0000] {dag.py:4180} INFO - Setting next_dagrun for example_complex to None, run_after=None
[2025-08-26T18:51:37.408+0000] {processor.py:208} INFO - Processing /home/airflow/.local/lib/python3.12/site-packages/airflow/example_dags/example_complex.py took 0.033 seconds
[2025-08-26T18:52:08.090+0000] {processor.py:186} INFO - Started process (PID=1159) to work on /home/airflow/.local/lib/python3.12/site-packages/airflow/example_dags/example_complex.py
[2025-08-26T18:52:08.091+0000] {processor.py:914} INFO - Processing file /home/airflow/.local/lib/python3.12/site-packages/airflow/example_dags/example_complex.py for tasks to queue
[2025-08-26T18:52:08.092+0000] {logging_mixin.py:190} INFO - [2025-08-26T18:52:08.092+0000] {dagbag.py:588} INFO - Filling up the DagBag from /home/airflow/.local/lib/python3.12/site-packages/airflow/example_dags/example_complex.py
[2025-08-26T18:52:08.097+0000] {processor.py:925} INFO - DAG(s) 'example_complex' retrieved from /home/airflow/.local/lib/python3.12/site-packages/airflow/example_dags/example_complex.py
[2025-08-26T18:52:08.108+0000] {logging_mixin.py:190} INFO - [2025-08-26T18:52:08.108+0000] {dag.py:3239} INFO - Sync 1 DAGs
[2025-08-26T18:52:08.112+0000] {logging_mixin.py:190} INFO - [2025-08-26T18:52:08.112+0000] {dag.py:4180} INFO - Setting next_dagrun for example_complex to None, run_after=None
[2025-08-26T18:52:08.120+0000] {processor.py:208} INFO - Processing /home/airflow/.local/lib/python3.12/site-packages/airflow/example_dags/example_complex.py took 0.032 seconds
[2025-08-26T18:52:38.710+0000] {processor.py:186} INFO - Started process (PID=1222) to work on /home/airflow/.local/lib/python3.12/site-packages/airflow/example_dags/example_complex.py
[2025-08-26T18:52:38.711+0000] {processor.py:914} INFO - Processing file /home/airflow/.local/lib/python3.12/site-packages/airflow/example_dags/example_complex.py for tasks to queue
[2025-08-26T18:52:38.712+0000] {logging_mixin.py:190} INFO - [2025-08-26T18:52:38.711+0000] {dagbag.py:588} INFO - Filling up the DagBag from /home/airflow/.local/lib/python3.12/site-packages/airflow/example_dags/example_complex.py
[2025-08-26T18:52:38.716+0000] {processor.py:925} INFO - DAG(s) 'example_complex' retrieved from /home/airflow/.local/lib/python3.12/site-packages/airflow/example_dags/example_complex.py
[2025-08-26T18:52:38.727+0000] {logging_mixin.py:190} INFO - [2025-08-26T18:52:38.727+0000] {dag.py:3239} INFO - Sync 1 DAGs
[2025-08-26T18:52:38.731+0000] {logging_mixin.py:190} INFO - [2025-08-26T18:52:38.731+0000] {dag.py:4180} INFO - Setting next_dagrun for example_complex to None, run_after=None
[2025-08-26T18:52:38.738+0000] {processor.py:208} INFO - Processing /home/airflow/.local/lib/python3.12/site-packages/airflow/example_dags/example_complex.py took 0.030 seconds
[2025-08-26T18:53:09.299+0000] {processor.py:186} INFO - Started process (PID=1285) to work on /home/airflow/.local/lib/python3.12/site-packages/airflow/example_dags/example_complex.py
[2025-08-26T18:53:09.299+0000] {processor.py:914} INFO - Processing file /home/airflow/.local/lib/python3.12/site-packages/airflow/example_dags/example_complex.py for tasks to queue
[2025-08-26T18:53:09.300+0000] {logging_mixin.py:190} INFO - [2025-08-26T18:53:09.300+0000] {dagbag.py:588} INFO - Filling up the DagBag from /home/airflow/.local/lib/python3.12/site-packages/airflow/example_dags/example_complex.py
[2025-08-26T18:53:09.304+0000] {processor.py:925} INFO - DAG(s) 'example_complex' retrieved from /home/airflow/.local/lib/python3.12/site-packages/airflow/example_dags/example_complex.py
[2025-08-26T18:53:09.315+0000] {logging_mixin.py:190} INFO - [2025-08-26T18:53:09.315+0000] {dag.py:3239} INFO - Sync 1 DAGs
[2025-08-26T18:53:09.319+0000] {logging_mixin.py:190} INFO - [2025-08-26T18:53:09.319+0000] {dag.py:4180} INFO - Setting next_dagrun for example_complex to None, run_after=None
[2025-08-26T18:53:09.325+0000] {processor.py:208} INFO - Processing /home/airflow/.local/lib/python3.12/site-packages/airflow/example_dags/example_complex.py took 0.029 seconds
[2025-08-26T18:53:39.950+0000] {processor.py:186} INFO - Started process (PID=1348) to work on /home/airflow/.local/lib/python3.12/site-packages/airflow/example_dags/example_complex.py
[2025-08-26T18:53:39.952+0000] {processor.py:914} INFO - Processing file /home/airflow/.local/lib/python3.12/site-packages/airflow/example_dags/example_complex.py for tasks to queue
[2025-08-26T18:53:39.953+0000] {logging_mixin.py:190} INFO - [2025-08-26T18:53:39.953+0000] {dagbag.py:588} INFO - Filling up the DagBag from /home/airflow/.local/lib/python3.12/site-packages/airflow/example_dags/example_complex.py
[2025-08-26T18:53:39.958+0000] {processor.py:925} INFO - DAG(s) 'example_complex' retrieved from /home/airflow/.local/lib/python3.12/site-packages/airflow/example_dags/example_complex.py
[2025-08-26T18:53:39.968+0000] {logging_mixin.py:190} INFO - [2025-08-26T18:53:39.968+0000] {dag.py:3239} INFO - Sync 1 DAGs
[2025-08-26T18:53:39.974+0000] {logging_mixin.py:190} INFO - [2025-08-26T18:53:39.974+0000] {dag.py:4180} INFO - Setting next_dagrun for example_complex to None, run_after=None
[2025-08-26T18:53:39.981+0000] {processor.py:208} INFO - Processing /home/airflow/.local/lib/python3.12/site-packages/airflow/example_dags/example_complex.py took 0.033 seconds
[2025-08-26T18:54:10.529+0000] {processor.py:186} INFO - Started process (PID=1411) to work on /home/airflow/.local/lib/python3.12/site-packages/airflow/example_dags/example_complex.py
[2025-08-26T18:54:10.530+0000] {processor.py:914} INFO - Processing file /home/airflow/.local/lib/python3.12/site-packages/airflow/example_dags/example_complex.py for tasks to queue
[2025-08-26T18:54:10.533+0000] {logging_mixin.py:190} INFO - [2025-08-26T18:54:10.532+0000] {dagbag.py:588} INFO - Filling up the DagBag from /home/airflow/.local/lib/python3.12/site-packages/airflow/example_dags/example_complex.py
[2025-08-26T18:54:10.537+0000] {processor.py:925} INFO - DAG(s) 'example_complex' retrieved from /home/airflow/.local/lib/python3.12/site-packages/airflow/example_dags/example_complex.py
[2025-08-26T18:54:10.547+0000] {logging_mixin.py:190} INFO - [2025-08-26T18:54:10.547+0000] {dag.py:3239} INFO - Sync 1 DAGs
[2025-08-26T18:54:10.552+0000] {logging_mixin.py:190} INFO - [2025-08-26T18:54:10.552+0000] {dag.py:4180} INFO - Setting next_dagrun for example_complex to None, run_after=None
[2025-08-26T18:54:10.558+0000] {processor.py:208} INFO - Processing /home/airflow/.local/lib/python3.12/site-packages/airflow/example_dags/example_complex.py took 0.030 seconds
[2025-08-26T18:54:41.137+0000] {processor.py:186} INFO - Started process (PID=1474) to work on /home/airflow/.local/lib/python3.12/site-packages/airflow/example_dags/example_complex.py
[2025-08-26T18:54:41.138+0000] {processor.py:914} INFO - Processing file /home/airflow/.local/lib/python3.12/site-packages/airflow/example_dags/example_complex.py for tasks to queue
[2025-08-26T18:54:41.138+0000] {logging_mixin.py:190} INFO - [2025-08-26T18:54:41.138+0000] {dagbag.py:588} INFO - Filling up the DagBag from /home/airflow/.local/lib/python3.12/site-packages/airflow/example_dags/example_complex.py
[2025-08-26T18:54:41.143+0000] {processor.py:925} INFO - DAG(s) 'example_complex' retrieved from /home/airflow/.local/lib/python3.12/site-packages/airflow/example_dags/example_complex.py
[2025-08-26T18:54:41.153+0000] {logging_mixin.py:190} INFO - [2025-08-26T18:54:41.153+0000] {dag.py:3239} INFO - Sync 1 DAGs
[2025-08-26T18:54:41.157+0000] {logging_mixin.py:190} INFO - [2025-08-26T18:54:41.157+0000] {dag.py:4180} INFO - Setting next_dagrun for example_complex to None, run_after=None
[2025-08-26T18:54:41.163+0000] {processor.py:208} INFO - Processing /home/airflow/.local/lib/python3.12/site-packages/airflow/example_dags/example_complex.py took 0.028 seconds
[2025-08-26T18:55:11.831+0000] {processor.py:186} INFO - Started process (PID=1537) to work on /home/airflow/.local/lib/python3.12/site-packages/airflow/example_dags/example_complex.py
[2025-08-26T18:55:11.831+0000] {processor.py:914} INFO - Processing file /home/airflow/.local/lib/python3.12/site-packages/airflow/example_dags/example_complex.py for tasks to queue
[2025-08-26T18:55:11.832+0000] {logging_mixin.py:190} INFO - [2025-08-26T18:55:11.832+0000] {dagbag.py:588} INFO - Filling up the DagBag from /home/airflow/.local/lib/python3.12/site-packages/airflow/example_dags/example_complex.py
[2025-08-26T18:55:11.837+0000] {processor.py:925} INFO - DAG(s) 'example_complex' retrieved from /home/airflow/.local/lib/python3.12/site-packages/airflow/example_dags/example_complex.py
[2025-08-26T18:55:11.847+0000] {logging_mixin.py:190} INFO - [2025-08-26T18:55:11.846+0000] {dag.py:3239} INFO - Sync 1 DAGs
[2025-08-26T18:55:11.851+0000] {logging_mixin.py:190} INFO - [2025-08-26T18:55:11.851+0000] {dag.py:4180} INFO - Setting next_dagrun for example_complex to None, run_after=None
[2025-08-26T18:55:11.856+0000] {processor.py:208} INFO - Processing /home/airflow/.local/lib/python3.12/site-packages/airflow/example_dags/example_complex.py took 0.028 seconds
[2025-08-26T18:55:42.396+0000] {processor.py:186} INFO - Started process (PID=1600) to work on /home/airflow/.local/lib/python3.12/site-packages/airflow/example_dags/example_complex.py
[2025-08-26T18:55:42.397+0000] {processor.py:914} INFO - Processing file /home/airflow/.local/lib/python3.12/site-packages/airflow/example_dags/example_complex.py for tasks to queue
[2025-08-26T18:55:42.398+0000] {logging_mixin.py:190} INFO - [2025-08-26T18:55:42.398+0000] {dagbag.py:588} INFO - Filling up the DagBag from /home/airflow/.local/lib/python3.12/site-packages/airflow/example_dags/example_complex.py
[2025-08-26T18:55:42.404+0000] {processor.py:925} INFO - DAG(s) 'example_complex' retrieved from /home/airflow/.local/lib/python3.12/site-packages/airflow/example_dags/example_complex.py
[2025-08-26T18:55:42.414+0000] {logging_mixin.py:190} INFO - [2025-08-26T18:55:42.414+0000] {dag.py:3239} INFO - Sync 1 DAGs
[2025-08-26T18:55:42.418+0000] {logging_mixin.py:190} INFO - [2025-08-26T18:55:42.418+0000] {dag.py:4180} INFO - Setting next_dagrun for example_complex to None, run_after=None
[2025-08-26T18:55:42.424+0000] {processor.py:208} INFO - Processing /home/airflow/.local/lib/python3.12/site-packages/airflow/example_dags/example_complex.py took 0.030 seconds
[2025-08-26T18:56:13.021+0000] {processor.py:186} INFO - Started process (PID=1663) to work on /home/airflow/.local/lib/python3.12/site-packages/airflow/example_dags/example_complex.py
[2025-08-26T18:56:13.023+0000] {processor.py:914} INFO - Processing file /home/airflow/.local/lib/python3.12/site-packages/airflow/example_dags/example_complex.py for tasks to queue
[2025-08-26T18:56:13.024+0000] {logging_mixin.py:190} INFO - [2025-08-26T18:56:13.024+0000] {dagbag.py:588} INFO - Filling up the DagBag from /home/airflow/.local/lib/python3.12/site-packages/airflow/example_dags/example_complex.py
[2025-08-26T18:56:13.028+0000] {processor.py:925} INFO - DAG(s) 'example_complex' retrieved from /home/airflow/.local/lib/python3.12/site-packages/airflow/example_dags/example_complex.py
[2025-08-26T18:56:13.039+0000] {logging_mixin.py:190} INFO - [2025-08-26T18:56:13.039+0000] {dag.py:3239} INFO - Sync 1 DAGs
[2025-08-26T18:56:13.044+0000] {logging_mixin.py:190} INFO - [2025-08-26T18:56:13.044+0000] {dag.py:4180} INFO - Setting next_dagrun for example_complex to None, run_after=None
[2025-08-26T18:56:13.050+0000] {processor.py:208} INFO - Processing /home/airflow/.local/lib/python3.12/site-packages/airflow/example_dags/example_complex.py took 0.032 seconds
[2025-08-26T18:56:43.599+0000] {processor.py:186} INFO - Started process (PID=1726) to work on /home/airflow/.local/lib/python3.12/site-packages/airflow/example_dags/example_complex.py
[2025-08-26T18:56:43.599+0000] {processor.py:914} INFO - Processing file /home/airflow/.local/lib/python3.12/site-packages/airflow/example_dags/example_complex.py for tasks to queue
[2025-08-26T18:56:43.600+0000] {logging_mixin.py:190} INFO - [2025-08-26T18:56:43.600+0000] {dagbag.py:588} INFO - Filling up the DagBag from /home/airflow/.local/lib/python3.12/site-packages/airflow/example_dags/example_complex.py
[2025-08-26T18:56:43.605+0000] {processor.py:925} INFO - DAG(s) 'example_complex' retrieved from /home/airflow/.local/lib/python3.12/site-packages/airflow/example_dags/example_complex.py
[2025-08-26T18:56:43.615+0000] {logging_mixin.py:190} INFO - [2025-08-26T18:56:43.615+0000] {dag.py:3239} INFO - Sync 1 DAGs
[2025-08-26T18:56:43.620+0000] {logging_mixin.py:190} INFO - [2025-08-26T18:56:43.620+0000] {dag.py:4180} INFO - Setting next_dagrun for example_complex to None, run_after=None
[2025-08-26T18:56:43.628+0000] {processor.py:208} INFO - Processing /home/airflow/.local/lib/python3.12/site-packages/airflow/example_dags/example_complex.py took 0.031 seconds
[2025-08-26T18:57:14.235+0000] {processor.py:186} INFO - Started process (PID=1789) to work on /home/airflow/.local/lib/python3.12/site-packages/airflow/example_dags/example_complex.py
[2025-08-26T18:57:14.235+0000] {processor.py:914} INFO - Processing file /home/airflow/.local/lib/python3.12/site-packages/airflow/example_dags/example_complex.py for tasks to queue
[2025-08-26T18:57:14.237+0000] {logging_mixin.py:190} INFO - [2025-08-26T18:57:14.237+0000] {dagbag.py:588} INFO - Filling up the DagBag from /home/airflow/.local/lib/python3.12/site-packages/airflow/example_dags/example_complex.py
[2025-08-26T18:57:14.242+0000] {processor.py:925} INFO - DAG(s) 'example_complex' retrieved from /home/airflow/.local/lib/python3.12/site-packages/airflow/example_dags/example_complex.py
[2025-08-26T18:57:14.253+0000] {logging_mixin.py:190} INFO - [2025-08-26T18:57:14.253+0000] {dag.py:3239} INFO - Sync 1 DAGs
[2025-08-26T18:57:14.258+0000] {logging_mixin.py:190} INFO - [2025-08-26T18:57:14.258+0000] {dag.py:4180} INFO - Setting next_dagrun for example_complex to None, run_after=None
[2025-08-26T18:57:14.267+0000] {processor.py:208} INFO - Processing /home/airflow/.local/lib/python3.12/site-packages/airflow/example_dags/example_complex.py took 0.034 seconds
[2025-08-26T18:57:44.794+0000] {processor.py:186} INFO - Started process (PID=1852) to work on /home/airflow/.local/lib/python3.12/site-packages/airflow/example_dags/example_complex.py
[2025-08-26T18:57:44.795+0000] {processor.py:914} INFO - Processing file /home/airflow/.local/lib/python3.12/site-packages/airflow/example_dags/example_complex.py for tasks to queue
[2025-08-26T18:57:44.797+0000] {logging_mixin.py:190} INFO - [2025-08-26T18:57:44.797+0000] {dagbag.py:588} INFO - Filling up the DagBag from /home/airflow/.local/lib/python3.12/site-packages/airflow/example_dags/example_complex.py
[2025-08-26T18:57:44.802+0000] {processor.py:925} INFO - DAG(s) 'example_complex' retrieved from /home/airflow/.local/lib/python3.12/site-packages/airflow/example_dags/example_complex.py
[2025-08-26T18:57:44.813+0000] {logging_mixin.py:190} INFO - [2025-08-26T18:57:44.812+0000] {dag.py:3239} INFO - Sync 1 DAGs
[2025-08-26T18:57:44.817+0000] {logging_mixin.py:190} INFO - [2025-08-26T18:57:44.817+0000] {dag.py:4180} INFO - Setting next_dagrun for example_complex to None, run_after=None
[2025-08-26T18:57:44.823+0000] {processor.py:208} INFO - Processing /home/airflow/.local/lib/python3.12/site-packages/airflow/example_dags/example_complex.py took 0.031 seconds
[2025-08-26T18:58:15.428+0000] {processor.py:186} INFO - Started process (PID=1915) to work on /home/airflow/.local/lib/python3.12/site-packages/airflow/example_dags/example_complex.py
[2025-08-26T18:58:15.429+0000] {processor.py:914} INFO - Processing file /home/airflow/.local/lib/python3.12/site-packages/airflow/example_dags/example_complex.py for tasks to queue
[2025-08-26T18:58:15.430+0000] {logging_mixin.py:190} INFO - [2025-08-26T18:58:15.430+0000] {dagbag.py:588} INFO - Filling up the DagBag from /home/airflow/.local/lib/python3.12/site-packages/airflow/example_dags/example_complex.py
[2025-08-26T18:58:15.435+0000] {processor.py:925} INFO - DAG(s) 'example_complex' retrieved from /home/airflow/.local/lib/python3.12/site-packages/airflow/example_dags/example_complex.py
[2025-08-26T18:58:15.446+0000] {logging_mixin.py:190} INFO - [2025-08-26T18:58:15.446+0000] {dag.py:3239} INFO - Sync 1 DAGs
[2025-08-26T18:58:15.451+0000] {logging_mixin.py:190} INFO - [2025-08-26T18:58:15.451+0000] {dag.py:4180} INFO - Setting next_dagrun for example_complex to None, run_after=None
[2025-08-26T18:58:15.459+0000] {processor.py:208} INFO - Processing /home/airflow/.local/lib/python3.12/site-packages/airflow/example_dags/example_complex.py took 0.034 seconds
[2025-08-26T18:58:46.064+0000] {processor.py:186} INFO - Started process (PID=1978) to work on /home/airflow/.local/lib/python3.12/site-packages/airflow/example_dags/example_complex.py
[2025-08-26T18:58:46.066+0000] {processor.py:914} INFO - Processing file /home/airflow/.local/lib/python3.12/site-packages/airflow/example_dags/example_complex.py for tasks to queue
[2025-08-26T18:58:46.068+0000] {logging_mixin.py:190} INFO - [2025-08-26T18:58:46.068+0000] {dagbag.py:588} INFO - Filling up the DagBag from /home/airflow/.local/lib/python3.12/site-packages/airflow/example_dags/example_complex.py
[2025-08-26T18:58:46.074+0000] {processor.py:925} INFO - DAG(s) 'example_complex' retrieved from /home/airflow/.local/lib/python3.12/site-packages/airflow/example_dags/example_complex.py
[2025-08-26T18:58:46.085+0000] {logging_mixin.py:190} INFO - [2025-08-26T18:58:46.085+0000] {dag.py:3239} INFO - Sync 1 DAGs
[2025-08-26T18:58:46.090+0000] {logging_mixin.py:190} INFO - [2025-08-26T18:58:46.090+0000] {dag.py:4180} INFO - Setting next_dagrun for example_complex to None, run_after=None
[2025-08-26T18:58:46.097+0000] {processor.py:208} INFO - Processing /home/airflow/.local/lib/python3.12/site-packages/airflow/example_dags/example_complex.py took 0.036 seconds
[2025-08-26T18:59:16.617+0000] {processor.py:186} INFO - Started process (PID=2041) to work on /home/airflow/.local/lib/python3.12/site-packages/airflow/example_dags/example_complex.py
[2025-08-26T18:59:16.618+0000] {processor.py:914} INFO - Processing file /home/airflow/.local/lib/python3.12/site-packages/airflow/example_dags/example_complex.py for tasks to queue
[2025-08-26T18:59:16.620+0000] {logging_mixin.py:190} INFO - [2025-08-26T18:59:16.620+0000] {dagbag.py:588} INFO - Filling up the DagBag from /home/airflow/.local/lib/python3.12/site-packages/airflow/example_dags/example_complex.py
[2025-08-26T18:59:16.625+0000] {processor.py:925} INFO - DAG(s) 'example_complex' retrieved from /home/airflow/.local/lib/python3.12/site-packages/airflow/example_dags/example_complex.py
[2025-08-26T18:59:16.635+0000] {logging_mixin.py:190} INFO - [2025-08-26T18:59:16.635+0000] {dag.py:3239} INFO - Sync 1 DAGs
[2025-08-26T18:59:16.639+0000] {logging_mixin.py:190} INFO - [2025-08-26T18:59:16.639+0000] {dag.py:4180} INFO - Setting next_dagrun for example_complex to None, run_after=None
[2025-08-26T18:59:16.647+0000] {processor.py:208} INFO - Processing /home/airflow/.local/lib/python3.12/site-packages/airflow/example_dags/example_complex.py took 0.032 seconds
[2025-08-26T18:59:47.226+0000] {processor.py:186} INFO - Started process (PID=2104) to work on /home/airflow/.local/lib/python3.12/site-packages/airflow/example_dags/example_complex.py
[2025-08-26T18:59:47.226+0000] {processor.py:914} INFO - Processing file /home/airflow/.local/lib/python3.12/site-packages/airflow/example_dags/example_complex.py for tasks to queue
[2025-08-26T18:59:47.227+0000] {logging_mixin.py:190} INFO - [2025-08-26T18:59:47.227+0000] {dagbag.py:588} INFO - Filling up the DagBag from /home/airflow/.local/lib/python3.12/site-packages/airflow/example_dags/example_complex.py
[2025-08-26T18:59:47.232+0000] {processor.py:925} INFO - DAG(s) 'example_complex' retrieved from /home/airflow/.local/lib/python3.12/site-packages/airflow/example_dags/example_complex.py
[2025-08-26T18:59:47.242+0000] {logging_mixin.py:190} INFO - [2025-08-26T18:59:47.242+0000] {dag.py:3239} INFO - Sync 1 DAGs
[2025-08-26T18:59:47.247+0000] {logging_mixin.py:190} INFO - [2025-08-26T18:59:47.247+0000] {dag.py:4180} INFO - Setting next_dagrun for example_complex to None, run_after=None
[2025-08-26T18:59:47.253+0000] {processor.py:208} INFO - Processing /home/airflow/.local/lib/python3.12/site-packages/airflow/example_dags/example_complex.py took 0.029 seconds
[2025-08-26T19:00:17.939+0000] {processor.py:186} INFO - Started process (PID=2167) to work on /home/airflow/.local/lib/python3.12/site-packages/airflow/example_dags/example_complex.py
[2025-08-26T19:00:17.941+0000] {processor.py:914} INFO - Processing file /home/airflow/.local/lib/python3.12/site-packages/airflow/example_dags/example_complex.py for tasks to queue
[2025-08-26T19:00:17.944+0000] {logging_mixin.py:190} INFO - [2025-08-26T19:00:17.944+0000] {dagbag.py:588} INFO - Filling up the DagBag from /home/airflow/.local/lib/python3.12/site-packages/airflow/example_dags/example_complex.py
[2025-08-26T19:00:17.948+0000] {processor.py:925} INFO - DAG(s) 'example_complex' retrieved from /home/airflow/.local/lib/python3.12/site-packages/airflow/example_dags/example_complex.py
[2025-08-26T19:00:17.959+0000] {logging_mixin.py:190} INFO - [2025-08-26T19:00:17.959+0000] {dag.py:3239} INFO - Sync 1 DAGs
[2025-08-26T19:00:17.964+0000] {logging_mixin.py:190} INFO - [2025-08-26T19:00:17.964+0000] {dag.py:4180} INFO - Setting next_dagrun for example_complex to None, run_after=None
[2025-08-26T19:00:17.971+0000] {processor.py:208} INFO - Processing /home/airflow/.local/lib/python3.12/site-packages/airflow/example_dags/example_complex.py took 0.035 seconds
[2025-08-26T19:00:48.627+0000] {processor.py:186} INFO - Started process (PID=2236) to work on /home/airflow/.local/lib/python3.12/site-packages/airflow/example_dags/example_complex.py
[2025-08-26T19:00:48.628+0000] {processor.py:914} INFO - Processing file /home/airflow/.local/lib/python3.12/site-packages/airflow/example_dags/example_complex.py for tasks to queue
[2025-08-26T19:00:48.629+0000] {logging_mixin.py:190} INFO - [2025-08-26T19:00:48.629+0000] {dagbag.py:588} INFO - Filling up the DagBag from /home/airflow/.local/lib/python3.12/site-packages/airflow/example_dags/example_complex.py
[2025-08-26T19:00:48.635+0000] {processor.py:925} INFO - DAG(s) 'example_complex' retrieved from /home/airflow/.local/lib/python3.12/site-packages/airflow/example_dags/example_complex.py
[2025-08-26T19:00:48.645+0000] {logging_mixin.py:190} INFO - [2025-08-26T19:00:48.645+0000] {dag.py:3239} INFO - Sync 1 DAGs
[2025-08-26T19:00:48.649+0000] {logging_mixin.py:190} INFO - [2025-08-26T19:00:48.649+0000] {dag.py:4180} INFO - Setting next_dagrun for example_complex to None, run_after=None
[2025-08-26T19:00:48.659+0000] {processor.py:208} INFO - Processing /home/airflow/.local/lib/python3.12/site-packages/airflow/example_dags/example_complex.py took 0.035 seconds
[2025-08-26T19:01:19.671+0000] {processor.py:186} INFO - Started process (PID=2299) to work on /home/airflow/.local/lib/python3.12/site-packages/airflow/example_dags/example_complex.py
[2025-08-26T19:01:19.672+0000] {processor.py:914} INFO - Processing file /home/airflow/.local/lib/python3.12/site-packages/airflow/example_dags/example_complex.py for tasks to queue
[2025-08-26T19:01:19.674+0000] {logging_mixin.py:190} INFO - [2025-08-26T19:01:19.673+0000] {dagbag.py:588} INFO - Filling up the DagBag from /home/airflow/.local/lib/python3.12/site-packages/airflow/example_dags/example_complex.py
[2025-08-26T19:01:19.679+0000] {processor.py:925} INFO - DAG(s) 'example_complex' retrieved from /home/airflow/.local/lib/python3.12/site-packages/airflow/example_dags/example_complex.py
[2025-08-26T19:01:19.692+0000] {logging_mixin.py:190} INFO - [2025-08-26T19:01:19.692+0000] {dag.py:3239} INFO - Sync 1 DAGs
[2025-08-26T19:01:19.697+0000] {logging_mixin.py:190} INFO - [2025-08-26T19:01:19.697+0000] {dag.py:4180} INFO - Setting next_dagrun for example_complex to None, run_after=None
[2025-08-26T19:01:19.704+0000] {processor.py:208} INFO - Processing /home/airflow/.local/lib/python3.12/site-packages/airflow/example_dags/example_complex.py took 0.035 seconds
[2025-08-26T19:01:50.580+0000] {processor.py:186} INFO - Started process (PID=2362) to work on /home/airflow/.local/lib/python3.12/site-packages/airflow/example_dags/example_complex.py
[2025-08-26T19:01:50.580+0000] {processor.py:914} INFO - Processing file /home/airflow/.local/lib/python3.12/site-packages/airflow/example_dags/example_complex.py for tasks to queue
[2025-08-26T19:01:50.581+0000] {logging_mixin.py:190} INFO - [2025-08-26T19:01:50.581+0000] {dagbag.py:588} INFO - Filling up the DagBag from /home/airflow/.local/lib/python3.12/site-packages/airflow/example_dags/example_complex.py
[2025-08-26T19:01:50.585+0000] {processor.py:925} INFO - DAG(s) 'example_complex' retrieved from /home/airflow/.local/lib/python3.12/site-packages/airflow/example_dags/example_complex.py
[2025-08-26T19:01:50.596+0000] {logging_mixin.py:190} INFO - [2025-08-26T19:01:50.596+0000] {dag.py:3239} INFO - Sync 1 DAGs
[2025-08-26T19:01:50.601+0000] {logging_mixin.py:190} INFO - [2025-08-26T19:01:50.601+0000] {dag.py:4180} INFO - Setting next_dagrun for example_complex to None, run_after=None
[2025-08-26T19:01:50.607+0000] {processor.py:208} INFO - Processing /home/airflow/.local/lib/python3.12/site-packages/airflow/example_dags/example_complex.py took 0.029 seconds
[2025-08-26T19:02:21.307+0000] {processor.py:186} INFO - Started process (PID=2425) to work on /home/airflow/.local/lib/python3.12/site-packages/airflow/example_dags/example_complex.py
[2025-08-26T19:02:21.308+0000] {processor.py:914} INFO - Processing file /home/airflow/.local/lib/python3.12/site-packages/airflow/example_dags/example_complex.py for tasks to queue
[2025-08-26T19:02:21.309+0000] {logging_mixin.py:190} INFO - [2025-08-26T19:02:21.309+0000] {dagbag.py:588} INFO - Filling up the DagBag from /home/airflow/.local/lib/python3.12/site-packages/airflow/example_dags/example_complex.py
[2025-08-26T19:02:21.315+0000] {processor.py:925} INFO - DAG(s) 'example_complex' retrieved from /home/airflow/.local/lib/python3.12/site-packages/airflow/example_dags/example_complex.py
[2025-08-26T19:02:21.327+0000] {logging_mixin.py:190} INFO - [2025-08-26T19:02:21.326+0000] {dag.py:3239} INFO - Sync 1 DAGs
[2025-08-26T19:02:21.333+0000] {logging_mixin.py:190} INFO - [2025-08-26T19:02:21.333+0000] {dag.py:4180} INFO - Setting next_dagrun for example_complex to None, run_after=None
[2025-08-26T19:02:21.340+0000] {processor.py:208} INFO - Processing /home/airflow/.local/lib/python3.12/site-packages/airflow/example_dags/example_complex.py took 0.035 seconds
[2025-08-26T19:02:51.956+0000] {processor.py:186} INFO - Started process (PID=2488) to work on /home/airflow/.local/lib/python3.12/site-packages/airflow/example_dags/example_complex.py
[2025-08-26T19:02:51.957+0000] {processor.py:914} INFO - Processing file /home/airflow/.local/lib/python3.12/site-packages/airflow/example_dags/example_complex.py for tasks to queue
[2025-08-26T19:02:51.959+0000] {logging_mixin.py:190} INFO - [2025-08-26T19:02:51.958+0000] {dagbag.py:588} INFO - Filling up the DagBag from /home/airflow/.local/lib/python3.12/site-packages/airflow/example_dags/example_complex.py
[2025-08-26T19:02:51.964+0000] {processor.py:925} INFO - DAG(s) 'example_complex' retrieved from /home/airflow/.local/lib/python3.12/site-packages/airflow/example_dags/example_complex.py
[2025-08-26T19:02:51.976+0000] {logging_mixin.py:190} INFO - [2025-08-26T19:02:51.975+0000] {dag.py:3239} INFO - Sync 1 DAGs
[2025-08-26T19:02:51.981+0000] {logging_mixin.py:190} INFO - [2025-08-26T19:02:51.981+0000] {dag.py:4180} INFO - Setting next_dagrun for example_complex to None, run_after=None
[2025-08-26T19:02:51.987+0000] {processor.py:208} INFO - Processing /home/airflow/.local/lib/python3.12/site-packages/airflow/example_dags/example_complex.py took 0.033 seconds
[2025-08-26T19:03:22.627+0000] {processor.py:186} INFO - Started process (PID=2551) to work on /home/airflow/.local/lib/python3.12/site-packages/airflow/example_dags/example_complex.py
[2025-08-26T19:03:22.628+0000] {processor.py:914} INFO - Processing file /home/airflow/.local/lib/python3.12/site-packages/airflow/example_dags/example_complex.py for tasks to queue
[2025-08-26T19:03:22.629+0000] {logging_mixin.py:190} INFO - [2025-08-26T19:03:22.629+0000] {dagbag.py:588} INFO - Filling up the DagBag from /home/airflow/.local/lib/python3.12/site-packages/airflow/example_dags/example_complex.py
[2025-08-26T19:03:22.635+0000] {processor.py:925} INFO - DAG(s) 'example_complex' retrieved from /home/airflow/.local/lib/python3.12/site-packages/airflow/example_dags/example_complex.py
[2025-08-26T19:03:22.647+0000] {logging_mixin.py:190} INFO - [2025-08-26T19:03:22.647+0000] {dag.py:3239} INFO - Sync 1 DAGs
[2025-08-26T19:03:22.653+0000] {logging_mixin.py:190} INFO - [2025-08-26T19:03:22.653+0000] {dag.py:4180} INFO - Setting next_dagrun for example_complex to None, run_after=None
[2025-08-26T19:03:22.662+0000] {processor.py:208} INFO - Processing /home/airflow/.local/lib/python3.12/site-packages/airflow/example_dags/example_complex.py took 0.038 seconds
[2025-08-26T19:03:53.322+0000] {processor.py:186} INFO - Started process (PID=2614) to work on /home/airflow/.local/lib/python3.12/site-packages/airflow/example_dags/example_complex.py
[2025-08-26T19:03:53.322+0000] {processor.py:914} INFO - Processing file /home/airflow/.local/lib/python3.12/site-packages/airflow/example_dags/example_complex.py for tasks to queue
[2025-08-26T19:03:53.323+0000] {logging_mixin.py:190} INFO - [2025-08-26T19:03:53.323+0000] {dagbag.py:588} INFO - Filling up the DagBag from /home/airflow/.local/lib/python3.12/site-packages/airflow/example_dags/example_complex.py
[2025-08-26T19:03:53.328+0000] {processor.py:925} INFO - DAG(s) 'example_complex' retrieved from /home/airflow/.local/lib/python3.12/site-packages/airflow/example_dags/example_complex.py
[2025-08-26T19:03:53.339+0000] {logging_mixin.py:190} INFO - [2025-08-26T19:03:53.339+0000] {dag.py:3239} INFO - Sync 1 DAGs
[2025-08-26T19:03:53.345+0000] {logging_mixin.py:190} INFO - [2025-08-26T19:03:53.345+0000] {dag.py:4180} INFO - Setting next_dagrun for example_complex to None, run_after=None
[2025-08-26T19:03:53.353+0000] {processor.py:208} INFO - Processing /home/airflow/.local/lib/python3.12/site-packages/airflow/example_dags/example_complex.py took 0.033 seconds
[2025-08-26T19:04:24.104+0000] {processor.py:186} INFO - Started process (PID=2677) to work on /home/airflow/.local/lib/python3.12/site-packages/airflow/example_dags/example_complex.py
[2025-08-26T19:04:24.105+0000] {processor.py:914} INFO - Processing file /home/airflow/.local/lib/python3.12/site-packages/airflow/example_dags/example_complex.py for tasks to queue
[2025-08-26T19:04:24.107+0000] {logging_mixin.py:190} INFO - [2025-08-26T19:04:24.106+0000] {dagbag.py:588} INFO - Filling up the DagBag from /home/airflow/.local/lib/python3.12/site-packages/airflow/example_dags/example_complex.py
[2025-08-26T19:04:24.114+0000] {processor.py:925} INFO - DAG(s) 'example_complex' retrieved from /home/airflow/.local/lib/python3.12/site-packages/airflow/example_dags/example_complex.py
[2025-08-26T19:04:24.126+0000] {logging_mixin.py:190} INFO - [2025-08-26T19:04:24.126+0000] {dag.py:3239} INFO - Sync 1 DAGs
[2025-08-26T19:04:24.131+0000] {logging_mixin.py:190} INFO - [2025-08-26T19:04:24.131+0000] {dag.py:4180} INFO - Setting next_dagrun for example_complex to None, run_after=None
[2025-08-26T19:04:24.140+0000] {processor.py:208} INFO - Processing /home/airflow/.local/lib/python3.12/site-packages/airflow/example_dags/example_complex.py took 0.038 seconds
[2025-08-26T19:04:54.735+0000] {processor.py:186} INFO - Started process (PID=2740) to work on /home/airflow/.local/lib/python3.12/site-packages/airflow/example_dags/example_complex.py
[2025-08-26T19:04:54.735+0000] {processor.py:914} INFO - Processing file /home/airflow/.local/lib/python3.12/site-packages/airflow/example_dags/example_complex.py for tasks to queue
[2025-08-26T19:04:54.736+0000] {logging_mixin.py:190} INFO - [2025-08-26T19:04:54.736+0000] {dagbag.py:588} INFO - Filling up the DagBag from /home/airflow/.local/lib/python3.12/site-packages/airflow/example_dags/example_complex.py
[2025-08-26T19:04:54.740+0000] {processor.py:925} INFO - DAG(s) 'example_complex' retrieved from /home/airflow/.local/lib/python3.12/site-packages/airflow/example_dags/example_complex.py
[2025-08-26T19:04:54.751+0000] {logging_mixin.py:190} INFO - [2025-08-26T19:04:54.751+0000] {dag.py:3239} INFO - Sync 1 DAGs
[2025-08-26T19:04:54.756+0000] {logging_mixin.py:190} INFO - [2025-08-26T19:04:54.756+0000] {dag.py:4180} INFO - Setting next_dagrun for example_complex to None, run_after=None
[2025-08-26T19:04:54.761+0000] {processor.py:208} INFO - Processing /home/airflow/.local/lib/python3.12/site-packages/airflow/example_dags/example_complex.py took 0.029 seconds
[2025-08-26T19:05:25.458+0000] {processor.py:186} INFO - Started process (PID=2803) to work on /home/airflow/.local/lib/python3.12/site-packages/airflow/example_dags/example_complex.py
[2025-08-26T19:05:25.459+0000] {processor.py:914} INFO - Processing file /home/airflow/.local/lib/python3.12/site-packages/airflow/example_dags/example_complex.py for tasks to queue
[2025-08-26T19:05:25.462+0000] {logging_mixin.py:190} INFO - [2025-08-26T19:05:25.462+0000] {dagbag.py:588} INFO - Filling up the DagBag from /home/airflow/.local/lib/python3.12/site-packages/airflow/example_dags/example_complex.py
[2025-08-26T19:05:25.466+0000] {processor.py:925} INFO - DAG(s) 'example_complex' retrieved from /home/airflow/.local/lib/python3.12/site-packages/airflow/example_dags/example_complex.py
[2025-08-26T19:05:25.478+0000] {logging_mixin.py:190} INFO - [2025-08-26T19:05:25.478+0000] {dag.py:3239} INFO - Sync 1 DAGs
[2025-08-26T19:05:25.483+0000] {logging_mixin.py:190} INFO - [2025-08-26T19:05:25.483+0000] {dag.py:4180} INFO - Setting next_dagrun for example_complex to None, run_after=None
[2025-08-26T19:05:25.490+0000] {processor.py:208} INFO - Processing /home/airflow/.local/lib/python3.12/site-packages/airflow/example_dags/example_complex.py took 0.034 seconds
[2025-08-26T19:05:56.185+0000] {processor.py:186} INFO - Started process (PID=2866) to work on /home/airflow/.local/lib/python3.12/site-packages/airflow/example_dags/example_complex.py
[2025-08-26T19:05:56.185+0000] {processor.py:914} INFO - Processing file /home/airflow/.local/lib/python3.12/site-packages/airflow/example_dags/example_complex.py for tasks to queue
[2025-08-26T19:05:56.186+0000] {logging_mixin.py:190} INFO - [2025-08-26T19:05:56.186+0000] {dagbag.py:588} INFO - Filling up the DagBag from /home/airflow/.local/lib/python3.12/site-packages/airflow/example_dags/example_complex.py
[2025-08-26T19:05:56.191+0000] {processor.py:925} INFO - DAG(s) 'example_complex' retrieved from /home/airflow/.local/lib/python3.12/site-packages/airflow/example_dags/example_complex.py
[2025-08-26T19:05:56.202+0000] {logging_mixin.py:190} INFO - [2025-08-26T19:05:56.202+0000] {dag.py:3239} INFO - Sync 1 DAGs
[2025-08-26T19:05:56.208+0000] {logging_mixin.py:190} INFO - [2025-08-26T19:05:56.208+0000] {dag.py:4180} INFO - Setting next_dagrun for example_complex to None, run_after=None
[2025-08-26T19:05:56.215+0000] {processor.py:208} INFO - Processing /home/airflow/.local/lib/python3.12/site-packages/airflow/example_dags/example_complex.py took 0.033 seconds
[2025-08-26T19:06:26.828+0000] {processor.py:186} INFO - Started process (PID=2929) to work on /home/airflow/.local/lib/python3.12/site-packages/airflow/example_dags/example_complex.py
[2025-08-26T19:06:26.829+0000] {processor.py:914} INFO - Processing file /home/airflow/.local/lib/python3.12/site-packages/airflow/example_dags/example_complex.py for tasks to queue
[2025-08-26T19:06:26.830+0000] {logging_mixin.py:190} INFO - [2025-08-26T19:06:26.830+0000] {dagbag.py:588} INFO - Filling up the DagBag from /home/airflow/.local/lib/python3.12/site-packages/airflow/example_dags/example_complex.py
[2025-08-26T19:06:26.834+0000] {processor.py:925} INFO - DAG(s) 'example_complex' retrieved from /home/airflow/.local/lib/python3.12/site-packages/airflow/example_dags/example_complex.py
[2025-08-26T19:06:26.844+0000] {logging_mixin.py:190} INFO - [2025-08-26T19:06:26.844+0000] {dag.py:3239} INFO - Sync 1 DAGs
[2025-08-26T19:06:26.848+0000] {logging_mixin.py:190} INFO - [2025-08-26T19:06:26.848+0000] {dag.py:4180} INFO - Setting next_dagrun for example_complex to None, run_after=None
[2025-08-26T19:06:26.857+0000] {processor.py:208} INFO - Processing /home/airflow/.local/lib/python3.12/site-packages/airflow/example_dags/example_complex.py took 0.031 seconds
[2025-08-26T19:06:57.489+0000] {processor.py:186} INFO - Started process (PID=2992) to work on /home/airflow/.local/lib/python3.12/site-packages/airflow/example_dags/example_complex.py
[2025-08-26T19:06:57.491+0000] {processor.py:914} INFO - Processing file /home/airflow/.local/lib/python3.12/site-packages/airflow/example_dags/example_complex.py for tasks to queue
[2025-08-26T19:06:57.492+0000] {logging_mixin.py:190} INFO - [2025-08-26T19:06:57.492+0000] {dagbag.py:588} INFO - Filling up the DagBag from /home/airflow/.local/lib/python3.12/site-packages/airflow/example_dags/example_complex.py
[2025-08-26T19:06:57.498+0000] {processor.py:925} INFO - DAG(s) 'example_complex' retrieved from /home/airflow/.local/lib/python3.12/site-packages/airflow/example_dags/example_complex.py
[2025-08-26T19:06:57.508+0000] {logging_mixin.py:190} INFO - [2025-08-26T19:06:57.508+0000] {dag.py:3239} INFO - Sync 1 DAGs
[2025-08-26T19:06:57.514+0000] {logging_mixin.py:190} INFO - [2025-08-26T19:06:57.514+0000] {dag.py:4180} INFO - Setting next_dagrun for example_complex to None, run_after=None
[2025-08-26T19:06:57.523+0000] {processor.py:208} INFO - Processing /home/airflow/.local/lib/python3.12/site-packages/airflow/example_dags/example_complex.py took 0.037 seconds
[2025-08-26T19:07:28.213+0000] {processor.py:186} INFO - Started process (PID=3055) to work on /home/airflow/.local/lib/python3.12/site-packages/airflow/example_dags/example_complex.py
[2025-08-26T19:07:28.213+0000] {processor.py:914} INFO - Processing file /home/airflow/.local/lib/python3.12/site-packages/airflow/example_dags/example_complex.py for tasks to queue
[2025-08-26T19:07:28.214+0000] {logging_mixin.py:190} INFO - [2025-08-26T19:07:28.214+0000] {dagbag.py:588} INFO - Filling up the DagBag from /home/airflow/.local/lib/python3.12/site-packages/airflow/example_dags/example_complex.py
[2025-08-26T19:07:28.219+0000] {processor.py:925} INFO - DAG(s) 'example_complex' retrieved from /home/airflow/.local/lib/python3.12/site-packages/airflow/example_dags/example_complex.py
[2025-08-26T19:07:28.231+0000] {logging_mixin.py:190} INFO - [2025-08-26T19:07:28.231+0000] {dag.py:3239} INFO - Sync 1 DAGs
[2025-08-26T19:07:28.237+0000] {logging_mixin.py:190} INFO - [2025-08-26T19:07:28.236+0000] {dag.py:4180} INFO - Setting next_dagrun for example_complex to None, run_after=None
[2025-08-26T19:07:28.244+0000] {processor.py:208} INFO - Processing /home/airflow/.local/lib/python3.12/site-packages/airflow/example_dags/example_complex.py took 0.034 seconds
[2025-08-26T19:07:58.843+0000] {processor.py:186} INFO - Started process (PID=3118) to work on /home/airflow/.local/lib/python3.12/site-packages/airflow/example_dags/example_complex.py
[2025-08-26T19:07:58.844+0000] {processor.py:914} INFO - Processing file /home/airflow/.local/lib/python3.12/site-packages/airflow/example_dags/example_complex.py for tasks to queue
[2025-08-26T19:07:58.845+0000] {logging_mixin.py:190} INFO - [2025-08-26T19:07:58.844+0000] {dagbag.py:588} INFO - Filling up the DagBag from /home/airflow/.local/lib/python3.12/site-packages/airflow/example_dags/example_complex.py
[2025-08-26T19:07:58.849+0000] {processor.py:925} INFO - DAG(s) 'example_complex' retrieved from /home/airflow/.local/lib/python3.12/site-packages/airflow/example_dags/example_complex.py
[2025-08-26T19:07:58.859+0000] {logging_mixin.py:190} INFO - [2025-08-26T19:07:58.859+0000] {dag.py:3239} INFO - Sync 1 DAGs
[2025-08-26T19:07:58.864+0000] {logging_mixin.py:190} INFO - [2025-08-26T19:07:58.864+0000] {dag.py:4180} INFO - Setting next_dagrun for example_complex to None, run_after=None
[2025-08-26T19:07:58.869+0000] {processor.py:208} INFO - Processing /home/airflow/.local/lib/python3.12/site-packages/airflow/example_dags/example_complex.py took 0.028 seconds
[2025-08-26T19:08:29.464+0000] {processor.py:186} INFO - Started process (PID=3181) to work on /home/airflow/.local/lib/python3.12/site-packages/airflow/example_dags/example_complex.py
[2025-08-26T19:08:29.466+0000] {processor.py:914} INFO - Processing file /home/airflow/.local/lib/python3.12/site-packages/airflow/example_dags/example_complex.py for tasks to queue
[2025-08-26T19:08:29.468+0000] {logging_mixin.py:190} INFO - [2025-08-26T19:08:29.468+0000] {dagbag.py:588} INFO - Filling up the DagBag from /home/airflow/.local/lib/python3.12/site-packages/airflow/example_dags/example_complex.py
[2025-08-26T19:08:29.472+0000] {processor.py:925} INFO - DAG(s) 'example_complex' retrieved from /home/airflow/.local/lib/python3.12/site-packages/airflow/example_dags/example_complex.py
[2025-08-26T19:08:29.484+0000] {logging_mixin.py:190} INFO - [2025-08-26T19:08:29.484+0000] {dag.py:3239} INFO - Sync 1 DAGs
[2025-08-26T19:08:29.490+0000] {logging_mixin.py:190} INFO - [2025-08-26T19:08:29.490+0000] {dag.py:4180} INFO - Setting next_dagrun for example_complex to None, run_after=None
[2025-08-26T19:08:29.498+0000] {processor.py:208} INFO - Processing /home/airflow/.local/lib/python3.12/site-packages/airflow/example_dags/example_complex.py took 0.036 seconds
[2025-08-26T19:09:00.209+0000] {processor.py:186} INFO - Started process (PID=3244) to work on /home/airflow/.local/lib/python3.12/site-packages/airflow/example_dags/example_complex.py
[2025-08-26T19:09:00.210+0000] {processor.py:914} INFO - Processing file /home/airflow/.local/lib/python3.12/site-packages/airflow/example_dags/example_complex.py for tasks to queue
[2025-08-26T19:09:00.212+0000] {logging_mixin.py:190} INFO - [2025-08-26T19:09:00.212+0000] {dagbag.py:588} INFO - Filling up the DagBag from /home/airflow/.local/lib/python3.12/site-packages/airflow/example_dags/example_complex.py
[2025-08-26T19:09:00.216+0000] {processor.py:925} INFO - DAG(s) 'example_complex' retrieved from /home/airflow/.local/lib/python3.12/site-packages/airflow/example_dags/example_complex.py
[2025-08-26T19:09:00.227+0000] {logging_mixin.py:190} INFO - [2025-08-26T19:09:00.227+0000] {dag.py:3239} INFO - Sync 1 DAGs
[2025-08-26T19:09:00.231+0000] {logging_mixin.py:190} INFO - [2025-08-26T19:09:00.231+0000] {dag.py:4180} INFO - Setting next_dagrun for example_complex to None, run_after=None
[2025-08-26T19:09:00.237+0000] {processor.py:208} INFO - Processing /home/airflow/.local/lib/python3.12/site-packages/airflow/example_dags/example_complex.py took 0.030 seconds
[2025-08-26T19:09:30.916+0000] {processor.py:186} INFO - Started process (PID=3307) to work on /home/airflow/.local/lib/python3.12/site-packages/airflow/example_dags/example_complex.py
[2025-08-26T19:09:30.919+0000] {processor.py:914} INFO - Processing file /home/airflow/.local/lib/python3.12/site-packages/airflow/example_dags/example_complex.py for tasks to queue
[2025-08-26T19:09:30.921+0000] {logging_mixin.py:190} INFO - [2025-08-26T19:09:30.921+0000] {dagbag.py:588} INFO - Filling up the DagBag from /home/airflow/.local/lib/python3.12/site-packages/airflow/example_dags/example_complex.py
[2025-08-26T19:09:30.925+0000] {processor.py:925} INFO - DAG(s) 'example_complex' retrieved from /home/airflow/.local/lib/python3.12/site-packages/airflow/example_dags/example_complex.py
[2025-08-26T19:09:30.935+0000] {logging_mixin.py:190} INFO - [2025-08-26T19:09:30.935+0000] {dag.py:3239} INFO - Sync 1 DAGs
[2025-08-26T19:09:30.940+0000] {logging_mixin.py:190} INFO - [2025-08-26T19:09:30.940+0000] {dag.py:4180} INFO - Setting next_dagrun for example_complex to None, run_after=None
[2025-08-26T19:09:30.947+0000] {processor.py:208} INFO - Processing /home/airflow/.local/lib/python3.12/site-packages/airflow/example_dags/example_complex.py took 0.033 seconds
[2025-08-26T19:10:01.644+0000] {processor.py:186} INFO - Started process (PID=3370) to work on /home/airflow/.local/lib/python3.12/site-packages/airflow/example_dags/example_complex.py
[2025-08-26T19:10:01.645+0000] {processor.py:914} INFO - Processing file /home/airflow/.local/lib/python3.12/site-packages/airflow/example_dags/example_complex.py for tasks to queue
[2025-08-26T19:10:01.645+0000] {logging_mixin.py:190} INFO - [2025-08-26T19:10:01.645+0000] {dagbag.py:588} INFO - Filling up the DagBag from /home/airflow/.local/lib/python3.12/site-packages/airflow/example_dags/example_complex.py
[2025-08-26T19:10:01.650+0000] {processor.py:925} INFO - DAG(s) 'example_complex' retrieved from /home/airflow/.local/lib/python3.12/site-packages/airflow/example_dags/example_complex.py
[2025-08-26T19:10:01.660+0000] {logging_mixin.py:190} INFO - [2025-08-26T19:10:01.660+0000] {dag.py:3239} INFO - Sync 1 DAGs
[2025-08-26T19:10:01.665+0000] {logging_mixin.py:190} INFO - [2025-08-26T19:10:01.665+0000] {dag.py:4180} INFO - Setting next_dagrun for example_complex to None, run_after=None
[2025-08-26T19:10:01.670+0000] {processor.py:208} INFO - Processing /home/airflow/.local/lib/python3.12/site-packages/airflow/example_dags/example_complex.py took 0.029 seconds
[2025-08-26T19:10:32.436+0000] {processor.py:186} INFO - Started process (PID=3433) to work on /home/airflow/.local/lib/python3.12/site-packages/airflow/example_dags/example_complex.py
[2025-08-26T19:10:32.437+0000] {processor.py:914} INFO - Processing file /home/airflow/.local/lib/python3.12/site-packages/airflow/example_dags/example_complex.py for tasks to queue
[2025-08-26T19:10:32.438+0000] {logging_mixin.py:190} INFO - [2025-08-26T19:10:32.438+0000] {dagbag.py:588} INFO - Filling up the DagBag from /home/airflow/.local/lib/python3.12/site-packages/airflow/example_dags/example_complex.py
[2025-08-26T19:10:32.444+0000] {processor.py:925} INFO - DAG(s) 'example_complex' retrieved from /home/airflow/.local/lib/python3.12/site-packages/airflow/example_dags/example_complex.py
[2025-08-26T19:10:32.454+0000] {logging_mixin.py:190} INFO - [2025-08-26T19:10:32.454+0000] {dag.py:3239} INFO - Sync 1 DAGs
[2025-08-26T19:10:32.459+0000] {logging_mixin.py:190} INFO - [2025-08-26T19:10:32.459+0000] {dag.py:4180} INFO - Setting next_dagrun for example_complex to None, run_after=None
[2025-08-26T19:10:32.466+0000] {processor.py:208} INFO - Processing /home/airflow/.local/lib/python3.12/site-packages/airflow/example_dags/example_complex.py took 0.031 seconds
[2025-08-26T19:11:03.174+0000] {processor.py:186} INFO - Started process (PID=3496) to work on /home/airflow/.local/lib/python3.12/site-packages/airflow/example_dags/example_complex.py
[2025-08-26T19:11:03.175+0000] {processor.py:914} INFO - Processing file /home/airflow/.local/lib/python3.12/site-packages/airflow/example_dags/example_complex.py for tasks to queue
[2025-08-26T19:11:03.176+0000] {logging_mixin.py:190} INFO - [2025-08-26T19:11:03.176+0000] {dagbag.py:588} INFO - Filling up the DagBag from /home/airflow/.local/lib/python3.12/site-packages/airflow/example_dags/example_complex.py
[2025-08-26T19:11:03.181+0000] {processor.py:925} INFO - DAG(s) 'example_complex' retrieved from /home/airflow/.local/lib/python3.12/site-packages/airflow/example_dags/example_complex.py
[2025-08-26T19:11:03.192+0000] {logging_mixin.py:190} INFO - [2025-08-26T19:11:03.192+0000] {dag.py:3239} INFO - Sync 1 DAGs
[2025-08-26T19:11:03.197+0000] {logging_mixin.py:190} INFO - [2025-08-26T19:11:03.197+0000] {dag.py:4180} INFO - Setting next_dagrun for example_complex to None, run_after=None
[2025-08-26T19:11:03.204+0000] {processor.py:208} INFO - Processing /home/airflow/.local/lib/python3.12/site-packages/airflow/example_dags/example_complex.py took 0.032 seconds
[2025-08-26T19:11:34.010+0000] {processor.py:186} INFO - Started process (PID=3559) to work on /home/airflow/.local/lib/python3.12/site-packages/airflow/example_dags/example_complex.py
[2025-08-26T19:11:34.012+0000] {processor.py:914} INFO - Processing file /home/airflow/.local/lib/python3.12/site-packages/airflow/example_dags/example_complex.py for tasks to queue
[2025-08-26T19:11:34.014+0000] {logging_mixin.py:190} INFO - [2025-08-26T19:11:34.014+0000] {dagbag.py:588} INFO - Filling up the DagBag from /home/airflow/.local/lib/python3.12/site-packages/airflow/example_dags/example_complex.py
[2025-08-26T19:11:34.018+0000] {processor.py:925} INFO - DAG(s) 'example_complex' retrieved from /home/airflow/.local/lib/python3.12/site-packages/airflow/example_dags/example_complex.py
[2025-08-26T19:11:34.029+0000] {logging_mixin.py:190} INFO - [2025-08-26T19:11:34.028+0000] {dag.py:3239} INFO - Sync 1 DAGs
[2025-08-26T19:11:34.034+0000] {logging_mixin.py:190} INFO - [2025-08-26T19:11:34.034+0000] {dag.py:4180} INFO - Setting next_dagrun for example_complex to None, run_after=None
[2025-08-26T19:11:34.041+0000] {processor.py:208} INFO - Processing /home/airflow/.local/lib/python3.12/site-packages/airflow/example_dags/example_complex.py took 0.033 seconds
[2025-08-26T19:12:04.714+0000] {processor.py:186} INFO - Started process (PID=3622) to work on /home/airflow/.local/lib/python3.12/site-packages/airflow/example_dags/example_complex.py
[2025-08-26T19:12:04.716+0000] {processor.py:914} INFO - Processing file /home/airflow/.local/lib/python3.12/site-packages/airflow/example_dags/example_complex.py for tasks to queue
[2025-08-26T19:12:04.717+0000] {logging_mixin.py:190} INFO - [2025-08-26T19:12:04.717+0000] {dagbag.py:588} INFO - Filling up the DagBag from /home/airflow/.local/lib/python3.12/site-packages/airflow/example_dags/example_complex.py
[2025-08-26T19:12:04.723+0000] {processor.py:925} INFO - DAG(s) 'example_complex' retrieved from /home/airflow/.local/lib/python3.12/site-packages/airflow/example_dags/example_complex.py
[2025-08-26T19:12:04.733+0000] {logging_mixin.py:190} INFO - [2025-08-26T19:12:04.733+0000] {dag.py:3239} INFO - Sync 1 DAGs
[2025-08-26T19:12:04.738+0000] {logging_mixin.py:190} INFO - [2025-08-26T19:12:04.738+0000] {dag.py:4180} INFO - Setting next_dagrun for example_complex to None, run_after=None
[2025-08-26T19:12:04.749+0000] {processor.py:208} INFO - Processing /home/airflow/.local/lib/python3.12/site-packages/airflow/example_dags/example_complex.py took 0.037 seconds
[2025-08-26T19:12:35.584+0000] {processor.py:186} INFO - Started process (PID=3685) to work on /home/airflow/.local/lib/python3.12/site-packages/airflow/example_dags/example_complex.py
[2025-08-26T19:12:35.585+0000] {processor.py:914} INFO - Processing file /home/airflow/.local/lib/python3.12/site-packages/airflow/example_dags/example_complex.py for tasks to queue
[2025-08-26T19:12:35.588+0000] {logging_mixin.py:190} INFO - [2025-08-26T19:12:35.587+0000] {dagbag.py:588} INFO - Filling up the DagBag from /home/airflow/.local/lib/python3.12/site-packages/airflow/example_dags/example_complex.py
[2025-08-26T19:12:35.592+0000] {processor.py:925} INFO - DAG(s) 'example_complex' retrieved from /home/airflow/.local/lib/python3.12/site-packages/airflow/example_dags/example_complex.py
[2025-08-26T19:12:35.604+0000] {logging_mixin.py:190} INFO - [2025-08-26T19:12:35.604+0000] {dag.py:3239} INFO - Sync 1 DAGs
[2025-08-26T19:12:35.609+0000] {logging_mixin.py:190} INFO - [2025-08-26T19:12:35.609+0000] {dag.py:4180} INFO - Setting next_dagrun for example_complex to None, run_after=None
[2025-08-26T19:12:35.619+0000] {processor.py:208} INFO - Processing /home/airflow/.local/lib/python3.12/site-packages/airflow/example_dags/example_complex.py took 0.037 seconds
[2025-08-26T19:13:06.550+0000] {processor.py:186} INFO - Started process (PID=3748) to work on /home/airflow/.local/lib/python3.12/site-packages/airflow/example_dags/example_complex.py
[2025-08-26T19:13:06.551+0000] {processor.py:914} INFO - Processing file /home/airflow/.local/lib/python3.12/site-packages/airflow/example_dags/example_complex.py for tasks to queue
[2025-08-26T19:13:06.551+0000] {logging_mixin.py:190} INFO - [2025-08-26T19:13:06.551+0000] {dagbag.py:588} INFO - Filling up the DagBag from /home/airflow/.local/lib/python3.12/site-packages/airflow/example_dags/example_complex.py
[2025-08-26T19:13:06.556+0000] {processor.py:925} INFO - DAG(s) 'example_complex' retrieved from /home/airflow/.local/lib/python3.12/site-packages/airflow/example_dags/example_complex.py
[2025-08-26T19:13:06.567+0000] {logging_mixin.py:190} INFO - [2025-08-26T19:13:06.567+0000] {dag.py:3239} INFO - Sync 1 DAGs
[2025-08-26T19:13:06.573+0000] {logging_mixin.py:190} INFO - [2025-08-26T19:13:06.573+0000] {dag.py:4180} INFO - Setting next_dagrun for example_complex to None, run_after=None
[2025-08-26T19:13:06.580+0000] {processor.py:208} INFO - Processing /home/airflow/.local/lib/python3.12/site-packages/airflow/example_dags/example_complex.py took 0.033 seconds
[2025-08-26T19:13:37.462+0000] {processor.py:186} INFO - Started process (PID=3811) to work on /home/airflow/.local/lib/python3.12/site-packages/airflow/example_dags/example_complex.py
[2025-08-26T19:13:37.463+0000] {processor.py:914} INFO - Processing file /home/airflow/.local/lib/python3.12/site-packages/airflow/example_dags/example_complex.py for tasks to queue
[2025-08-26T19:13:37.464+0000] {logging_mixin.py:190} INFO - [2025-08-26T19:13:37.464+0000] {dagbag.py:588} INFO - Filling up the DagBag from /home/airflow/.local/lib/python3.12/site-packages/airflow/example_dags/example_complex.py
[2025-08-26T19:13:37.469+0000] {processor.py:925} INFO - DAG(s) 'example_complex' retrieved from /home/airflow/.local/lib/python3.12/site-packages/airflow/example_dags/example_complex.py
[2025-08-26T19:13:37.480+0000] {logging_mixin.py:190} INFO - [2025-08-26T19:13:37.480+0000] {dag.py:3239} INFO - Sync 1 DAGs
[2025-08-26T19:13:37.485+0000] {logging_mixin.py:190} INFO - [2025-08-26T19:13:37.485+0000] {dag.py:4180} INFO - Setting next_dagrun for example_complex to None, run_after=None
[2025-08-26T19:13:37.491+0000] {processor.py:208} INFO - Processing /home/airflow/.local/lib/python3.12/site-packages/airflow/example_dags/example_complex.py took 0.032 seconds
[2025-08-26T19:14:08.355+0000] {processor.py:186} INFO - Started process (PID=3874) to work on /home/airflow/.local/lib/python3.12/site-packages/airflow/example_dags/example_complex.py
[2025-08-26T19:14:08.356+0000] {processor.py:914} INFO - Processing file /home/airflow/.local/lib/python3.12/site-packages/airflow/example_dags/example_complex.py for tasks to queue
[2025-08-26T19:14:08.357+0000] {logging_mixin.py:190} INFO - [2025-08-26T19:14:08.357+0000] {dagbag.py:588} INFO - Filling up the DagBag from /home/airflow/.local/lib/python3.12/site-packages/airflow/example_dags/example_complex.py
[2025-08-26T19:14:08.363+0000] {processor.py:925} INFO - DAG(s) 'example_complex' retrieved from /home/airflow/.local/lib/python3.12/site-packages/airflow/example_dags/example_complex.py
[2025-08-26T19:14:08.374+0000] {logging_mixin.py:190} INFO - [2025-08-26T19:14:08.374+0000] {dag.py:3239} INFO - Sync 1 DAGs
[2025-08-26T19:14:08.379+0000] {logging_mixin.py:190} INFO - [2025-08-26T19:14:08.379+0000] {dag.py:4180} INFO - Setting next_dagrun for example_complex to None, run_after=None
[2025-08-26T19:14:08.385+0000] {processor.py:208} INFO - Processing /home/airflow/.local/lib/python3.12/site-packages/airflow/example_dags/example_complex.py took 0.032 seconds
[2025-08-26T19:14:38.400+0000] {processor.py:186} INFO - Started process (PID=3936) to work on /home/airflow/.local/lib/python3.12/site-packages/airflow/example_dags/example_complex.py
[2025-08-26T19:14:38.401+0000] {processor.py:914} INFO - Processing file /home/airflow/.local/lib/python3.12/site-packages/airflow/example_dags/example_complex.py for tasks to queue
[2025-08-26T19:14:38.402+0000] {logging_mixin.py:190} INFO - [2025-08-26T19:14:38.402+0000] {dagbag.py:588} INFO - Filling up the DagBag from /home/airflow/.local/lib/python3.12/site-packages/airflow/example_dags/example_complex.py
[2025-08-26T19:14:38.406+0000] {processor.py:925} INFO - DAG(s) 'example_complex' retrieved from /home/airflow/.local/lib/python3.12/site-packages/airflow/example_dags/example_complex.py
[2025-08-26T19:14:38.416+0000] {logging_mixin.py:190} INFO - [2025-08-26T19:14:38.416+0000] {dag.py:3239} INFO - Sync 1 DAGs
[2025-08-26T19:14:38.421+0000] {logging_mixin.py:190} INFO - [2025-08-26T19:14:38.421+0000] {dag.py:4180} INFO - Setting next_dagrun for example_complex to None, run_after=None
[2025-08-26T19:14:38.426+0000] {processor.py:208} INFO - Processing /home/airflow/.local/lib/python3.12/site-packages/airflow/example_dags/example_complex.py took 0.028 seconds
