[2025-08-26T15:43:50.996+0000] {processor.py:186} INFO - Started process (PID=91) to work on /home/airflow/.local/lib/python3.12/site-packages/airflow/example_dags/example_latest_only_with_trigger.py
[2025-08-26T15:43:50.996+0000] {processor.py:914} INFO - Processing file /home/airflow/.local/lib/python3.12/site-packages/airflow/example_dags/example_latest_only_with_trigger.py for tasks to queue
[2025-08-26T15:43:50.997+0000] {logging_mixin.py:190} INFO - [2025-08-26T15:43:50.997+0000] {dagbag.py:588} INFO - Filling up the DagBag from /home/airflow/.local/lib/python3.12/site-packages/airflow/example_dags/example_latest_only_with_trigger.py
[2025-08-26T15:43:51.002+0000] {processor.py:925} INFO - DAG(s) 'latest_only_with_trigger' retrieved from /home/airflow/.local/lib/python3.12/site-packages/airflow/example_dags/example_latest_only_with_trigger.py
[2025-08-26T15:43:51.046+0000] {logging_mixin.py:190} INFO - [2025-08-26T15:43:51.045+0000] {override.py:1900} INFO - Created Permission View: can edit on DAG:latest_only_with_trigger
[2025-08-26T15:43:51.050+0000] {logging_mixin.py:190} INFO - [2025-08-26T15:43:51.050+0000] {override.py:1900} INFO - Created Permission View: can delete on DAG:latest_only_with_trigger
[2025-08-26T15:43:51.054+0000] {logging_mixin.py:190} INFO - [2025-08-26T15:43:51.054+0000] {override.py:1900} INFO - Created Permission View: can read on DAG:latest_only_with_trigger
[2025-08-26T15:43:51.061+0000] {logging_mixin.py:190} INFO - [2025-08-26T15:43:51.061+0000] {override.py:1900} INFO - Created Permission View: can create on DAG Run:latest_only_with_trigger
[2025-08-26T15:43:51.063+0000] {logging_mixin.py:190} INFO - [2025-08-26T15:43:51.063+0000] {override.py:1900} INFO - Created Permission View: can delete on DAG Run:latest_only_with_trigger
[2025-08-26T15:43:51.067+0000] {logging_mixin.py:190} INFO - [2025-08-26T15:43:51.067+0000] {override.py:1900} INFO - Created Permission View: menu access on DAG Run:latest_only_with_trigger
[2025-08-26T15:43:51.071+0000] {logging_mixin.py:190} INFO - [2025-08-26T15:43:51.071+0000] {override.py:1900} INFO - Created Permission View: can read on DAG Run:latest_only_with_trigger
[2025-08-26T15:43:51.071+0000] {logging_mixin.py:190} INFO - [2025-08-26T15:43:51.071+0000] {dag.py:3239} INFO - Sync 1 DAGs
[2025-08-26T15:43:51.077+0000] {logging_mixin.py:190} INFO - [2025-08-26T15:43:51.076+0000] {dag.py:3262} INFO - Creating ORM DAG for latest_only_with_trigger
[2025-08-26T15:43:51.083+0000] {logging_mixin.py:190} INFO - [2025-08-26T15:43:51.083+0000] {dag.py:4180} INFO - Setting next_dagrun for latest_only_with_trigger to 2025-08-26 08:00:00+00:00, run_after=2025-08-26 12:00:00+00:00
[2025-08-26T15:43:51.089+0000] {processor.py:208} INFO - Processing /home/airflow/.local/lib/python3.12/site-packages/airflow/example_dags/example_latest_only_with_trigger.py took 0.095 seconds
[2025-08-26T15:44:21.826+0000] {processor.py:186} INFO - Started process (PID=154) to work on /home/airflow/.local/lib/python3.12/site-packages/airflow/example_dags/example_latest_only_with_trigger.py
[2025-08-26T15:44:21.827+0000] {processor.py:914} INFO - Processing file /home/airflow/.local/lib/python3.12/site-packages/airflow/example_dags/example_latest_only_with_trigger.py for tasks to queue
[2025-08-26T15:44:21.828+0000] {logging_mixin.py:190} INFO - [2025-08-26T15:44:21.828+0000] {dagbag.py:588} INFO - Filling up the DagBag from /home/airflow/.local/lib/python3.12/site-packages/airflow/example_dags/example_latest_only_with_trigger.py
[2025-08-26T15:44:21.831+0000] {processor.py:925} INFO - DAG(s) 'latest_only_with_trigger' retrieved from /home/airflow/.local/lib/python3.12/site-packages/airflow/example_dags/example_latest_only_with_trigger.py
[2025-08-26T15:44:21.841+0000] {logging_mixin.py:190} INFO - [2025-08-26T15:44:21.841+0000] {dag.py:3239} INFO - Sync 1 DAGs
[2025-08-26T15:44:21.849+0000] {logging_mixin.py:190} INFO - [2025-08-26T15:44:21.849+0000] {dag.py:4180} INFO - Setting next_dagrun for latest_only_with_trigger to 2025-08-26 08:00:00+00:00, run_after=2025-08-26 12:00:00+00:00
[2025-08-26T15:44:21.856+0000] {processor.py:208} INFO - Processing /home/airflow/.local/lib/python3.12/site-packages/airflow/example_dags/example_latest_only_with_trigger.py took 0.032 seconds
[2025-08-26T15:44:52.585+0000] {processor.py:186} INFO - Started process (PID=217) to work on /home/airflow/.local/lib/python3.12/site-packages/airflow/example_dags/example_latest_only_with_trigger.py
[2025-08-26T15:44:52.586+0000] {processor.py:914} INFO - Processing file /home/airflow/.local/lib/python3.12/site-packages/airflow/example_dags/example_latest_only_with_trigger.py for tasks to queue
[2025-08-26T15:44:52.588+0000] {logging_mixin.py:190} INFO - [2025-08-26T15:44:52.587+0000] {dagbag.py:588} INFO - Filling up the DagBag from /home/airflow/.local/lib/python3.12/site-packages/airflow/example_dags/example_latest_only_with_trigger.py
[2025-08-26T15:44:52.592+0000] {processor.py:925} INFO - DAG(s) 'latest_only_with_trigger' retrieved from /home/airflow/.local/lib/python3.12/site-packages/airflow/example_dags/example_latest_only_with_trigger.py
[2025-08-26T15:44:52.601+0000] {logging_mixin.py:190} INFO - [2025-08-26T15:44:52.601+0000] {dag.py:3239} INFO - Sync 1 DAGs
[2025-08-26T15:44:52.609+0000] {logging_mixin.py:190} INFO - [2025-08-26T15:44:52.609+0000] {dag.py:4180} INFO - Setting next_dagrun for latest_only_with_trigger to 2025-08-26 08:00:00+00:00, run_after=2025-08-26 12:00:00+00:00
[2025-08-26T15:44:52.617+0000] {processor.py:208} INFO - Processing /home/airflow/.local/lib/python3.12/site-packages/airflow/example_dags/example_latest_only_with_trigger.py took 0.035 seconds
[2025-08-26T15:45:23.395+0000] {processor.py:186} INFO - Started process (PID=280) to work on /home/airflow/.local/lib/python3.12/site-packages/airflow/example_dags/example_latest_only_with_trigger.py
[2025-08-26T15:45:23.398+0000] {processor.py:914} INFO - Processing file /home/airflow/.local/lib/python3.12/site-packages/airflow/example_dags/example_latest_only_with_trigger.py for tasks to queue
[2025-08-26T15:45:23.400+0000] {logging_mixin.py:190} INFO - [2025-08-26T15:45:23.400+0000] {dagbag.py:588} INFO - Filling up the DagBag from /home/airflow/.local/lib/python3.12/site-packages/airflow/example_dags/example_latest_only_with_trigger.py
[2025-08-26T15:45:23.402+0000] {processor.py:925} INFO - DAG(s) 'latest_only_with_trigger' retrieved from /home/airflow/.local/lib/python3.12/site-packages/airflow/example_dags/example_latest_only_with_trigger.py
[2025-08-26T15:45:23.416+0000] {logging_mixin.py:190} INFO - [2025-08-26T15:45:23.416+0000] {dag.py:3239} INFO - Sync 1 DAGs
[2025-08-26T15:45:23.423+0000] {logging_mixin.py:190} INFO - [2025-08-26T15:45:23.423+0000] {dag.py:4180} INFO - Setting next_dagrun for latest_only_with_trigger to 2025-08-26 08:00:00+00:00, run_after=2025-08-26 12:00:00+00:00
[2025-08-26T15:45:23.429+0000] {processor.py:208} INFO - Processing /home/airflow/.local/lib/python3.12/site-packages/airflow/example_dags/example_latest_only_with_trigger.py took 0.036 seconds
[2025-08-26T15:56:43.467+0000] {processor.py:186} INFO - Started process (PID=337) to work on /home/airflow/.local/lib/python3.12/site-packages/airflow/example_dags/example_latest_only_with_trigger.py
[2025-08-26T15:56:43.467+0000] {processor.py:914} INFO - Processing file /home/airflow/.local/lib/python3.12/site-packages/airflow/example_dags/example_latest_only_with_trigger.py for tasks to queue
[2025-08-26T15:56:43.468+0000] {logging_mixin.py:190} INFO - [2025-08-26T15:56:43.468+0000] {dagbag.py:588} INFO - Filling up the DagBag from /home/airflow/.local/lib/python3.12/site-packages/airflow/example_dags/example_latest_only_with_trigger.py
[2025-08-26T15:56:43.472+0000] {processor.py:925} INFO - DAG(s) 'latest_only_with_trigger' retrieved from /home/airflow/.local/lib/python3.12/site-packages/airflow/example_dags/example_latest_only_with_trigger.py
[2025-08-26T15:56:43.480+0000] {logging_mixin.py:190} INFO - [2025-08-26T15:56:43.480+0000] {dag.py:3239} INFO - Sync 1 DAGs
[2025-08-26T15:56:43.489+0000] {logging_mixin.py:190} INFO - [2025-08-26T15:56:43.489+0000] {dag.py:4180} INFO - Setting next_dagrun for latest_only_with_trigger to 2025-08-26 08:00:00+00:00, run_after=2025-08-26 12:00:00+00:00
[2025-08-26T15:56:43.497+0000] {processor.py:208} INFO - Processing /home/airflow/.local/lib/python3.12/site-packages/airflow/example_dags/example_latest_only_with_trigger.py took 0.032 seconds
[2025-08-26T16:32:54.191+0000] {processor.py:186} INFO - Started process (PID=400) to work on /home/airflow/.local/lib/python3.12/site-packages/airflow/example_dags/example_latest_only_with_trigger.py
[2025-08-26T16:32:54.193+0000] {processor.py:914} INFO - Processing file /home/airflow/.local/lib/python3.12/site-packages/airflow/example_dags/example_latest_only_with_trigger.py for tasks to queue
[2025-08-26T16:32:54.195+0000] {logging_mixin.py:190} INFO - [2025-08-26T16:32:54.194+0000] {dagbag.py:588} INFO - Filling up the DagBag from /home/airflow/.local/lib/python3.12/site-packages/airflow/example_dags/example_latest_only_with_trigger.py
[2025-08-26T16:32:54.198+0000] {processor.py:925} INFO - DAG(s) 'latest_only_with_trigger' retrieved from /home/airflow/.local/lib/python3.12/site-packages/airflow/example_dags/example_latest_only_with_trigger.py
[2025-08-26T16:32:54.205+0000] {logging_mixin.py:190} INFO - [2025-08-26T16:32:54.205+0000] {dag.py:3239} INFO - Sync 1 DAGs
[2025-08-26T16:32:54.213+0000] {logging_mixin.py:190} INFO - [2025-08-26T16:32:54.213+0000] {dag.py:4180} INFO - Setting next_dagrun for latest_only_with_trigger to 2025-08-26 12:00:00+00:00, run_after=2025-08-26 16:00:00+00:00
[2025-08-26T16:32:54.220+0000] {processor.py:208} INFO - Processing /home/airflow/.local/lib/python3.12/site-packages/airflow/example_dags/example_latest_only_with_trigger.py took 0.032 seconds
[2025-08-26T18:02:30.258+0000] {processor.py:186} INFO - Started process (PID=463) to work on /home/airflow/.local/lib/python3.12/site-packages/airflow/example_dags/example_latest_only_with_trigger.py
[2025-08-26T18:02:30.259+0000] {processor.py:914} INFO - Processing file /home/airflow/.local/lib/python3.12/site-packages/airflow/example_dags/example_latest_only_with_trigger.py for tasks to queue
[2025-08-26T18:02:30.260+0000] {logging_mixin.py:190} INFO - [2025-08-26T18:02:30.259+0000] {dagbag.py:588} INFO - Filling up the DagBag from /home/airflow/.local/lib/python3.12/site-packages/airflow/example_dags/example_latest_only_with_trigger.py
[2025-08-26T18:02:30.262+0000] {processor.py:925} INFO - DAG(s) 'latest_only_with_trigger' retrieved from /home/airflow/.local/lib/python3.12/site-packages/airflow/example_dags/example_latest_only_with_trigger.py
[2025-08-26T18:02:30.270+0000] {logging_mixin.py:190} INFO - [2025-08-26T18:02:30.270+0000] {dag.py:3239} INFO - Sync 1 DAGs
[2025-08-26T18:02:30.278+0000] {logging_mixin.py:190} INFO - [2025-08-26T18:02:30.278+0000] {dag.py:4180} INFO - Setting next_dagrun for latest_only_with_trigger to 2025-08-26 12:00:00+00:00, run_after=2025-08-26 16:00:00+00:00
[2025-08-26T18:02:30.283+0000] {processor.py:208} INFO - Processing /home/airflow/.local/lib/python3.12/site-packages/airflow/example_dags/example_latest_only_with_trigger.py took 0.027 seconds
[2025-08-26T18:47:01.233+0000] {processor.py:186} INFO - Started process (PID=526) to work on /home/airflow/.local/lib/python3.12/site-packages/airflow/example_dags/example_latest_only_with_trigger.py
[2025-08-26T18:47:01.234+0000] {processor.py:914} INFO - Processing file /home/airflow/.local/lib/python3.12/site-packages/airflow/example_dags/example_latest_only_with_trigger.py for tasks to queue
[2025-08-26T18:47:01.236+0000] {logging_mixin.py:190} INFO - [2025-08-26T18:47:01.236+0000] {dagbag.py:588} INFO - Filling up the DagBag from /home/airflow/.local/lib/python3.12/site-packages/airflow/example_dags/example_latest_only_with_trigger.py
[2025-08-26T18:47:01.242+0000] {processor.py:925} INFO - DAG(s) 'latest_only_with_trigger' retrieved from /home/airflow/.local/lib/python3.12/site-packages/airflow/example_dags/example_latest_only_with_trigger.py
[2025-08-26T18:47:01.256+0000] {logging_mixin.py:190} INFO - [2025-08-26T18:47:01.256+0000] {dag.py:3239} INFO - Sync 1 DAGs
[2025-08-26T18:47:01.283+0000] {logging_mixin.py:190} INFO - [2025-08-26T18:47:01.283+0000] {dag.py:4180} INFO - Setting next_dagrun for latest_only_with_trigger to 2025-08-26 12:00:00+00:00, run_after=2025-08-26 16:00:00+00:00
[2025-08-26T18:47:01.299+0000] {processor.py:208} INFO - Processing /home/airflow/.local/lib/python3.12/site-packages/airflow/example_dags/example_latest_only_with_trigger.py took 0.070 seconds
[2025-08-26T18:47:32.185+0000] {processor.py:186} INFO - Started process (PID=589) to work on /home/airflow/.local/lib/python3.12/site-packages/airflow/example_dags/example_latest_only_with_trigger.py
[2025-08-26T18:47:32.186+0000] {processor.py:914} INFO - Processing file /home/airflow/.local/lib/python3.12/site-packages/airflow/example_dags/example_latest_only_with_trigger.py for tasks to queue
[2025-08-26T18:47:32.186+0000] {logging_mixin.py:190} INFO - [2025-08-26T18:47:32.186+0000] {dagbag.py:588} INFO - Filling up the DagBag from /home/airflow/.local/lib/python3.12/site-packages/airflow/example_dags/example_latest_only_with_trigger.py
[2025-08-26T18:47:32.189+0000] {processor.py:925} INFO - DAG(s) 'latest_only_with_trigger' retrieved from /home/airflow/.local/lib/python3.12/site-packages/airflow/example_dags/example_latest_only_with_trigger.py
[2025-08-26T18:47:32.199+0000] {logging_mixin.py:190} INFO - [2025-08-26T18:47:32.198+0000] {dag.py:3239} INFO - Sync 1 DAGs
[2025-08-26T18:47:32.207+0000] {logging_mixin.py:190} INFO - [2025-08-26T18:47:32.207+0000] {dag.py:4180} INFO - Setting next_dagrun for latest_only_with_trigger to 2025-08-26 12:00:00+00:00, run_after=2025-08-26 16:00:00+00:00
[2025-08-26T18:47:32.212+0000] {processor.py:208} INFO - Processing /home/airflow/.local/lib/python3.12/site-packages/airflow/example_dags/example_latest_only_with_trigger.py took 0.029 seconds
[2025-08-26T18:48:02.995+0000] {processor.py:186} INFO - Started process (PID=652) to work on /home/airflow/.local/lib/python3.12/site-packages/airflow/example_dags/example_latest_only_with_trigger.py
[2025-08-26T18:48:02.997+0000] {processor.py:914} INFO - Processing file /home/airflow/.local/lib/python3.12/site-packages/airflow/example_dags/example_latest_only_with_trigger.py for tasks to queue
[2025-08-26T18:48:02.998+0000] {logging_mixin.py:190} INFO - [2025-08-26T18:48:02.998+0000] {dagbag.py:588} INFO - Filling up the DagBag from /home/airflow/.local/lib/python3.12/site-packages/airflow/example_dags/example_latest_only_with_trigger.py
[2025-08-26T18:48:03.001+0000] {processor.py:925} INFO - DAG(s) 'latest_only_with_trigger' retrieved from /home/airflow/.local/lib/python3.12/site-packages/airflow/example_dags/example_latest_only_with_trigger.py
[2025-08-26T18:48:03.008+0000] {logging_mixin.py:190} INFO - [2025-08-26T18:48:03.008+0000] {dag.py:3239} INFO - Sync 1 DAGs
[2025-08-26T18:48:03.017+0000] {logging_mixin.py:190} INFO - [2025-08-26T18:48:03.017+0000] {dag.py:4180} INFO - Setting next_dagrun for latest_only_with_trigger to 2025-08-26 12:00:00+00:00, run_after=2025-08-26 16:00:00+00:00
[2025-08-26T18:48:03.029+0000] {processor.py:208} INFO - Processing /home/airflow/.local/lib/python3.12/site-packages/airflow/example_dags/example_latest_only_with_trigger.py took 0.036 seconds
[2025-08-26T18:48:33.728+0000] {processor.py:186} INFO - Started process (PID=715) to work on /home/airflow/.local/lib/python3.12/site-packages/airflow/example_dags/example_latest_only_with_trigger.py
[2025-08-26T18:48:33.728+0000] {processor.py:914} INFO - Processing file /home/airflow/.local/lib/python3.12/site-packages/airflow/example_dags/example_latest_only_with_trigger.py for tasks to queue
[2025-08-26T18:48:33.730+0000] {logging_mixin.py:190} INFO - [2025-08-26T18:48:33.730+0000] {dagbag.py:588} INFO - Filling up the DagBag from /home/airflow/.local/lib/python3.12/site-packages/airflow/example_dags/example_latest_only_with_trigger.py
[2025-08-26T18:48:33.733+0000] {processor.py:925} INFO - DAG(s) 'latest_only_with_trigger' retrieved from /home/airflow/.local/lib/python3.12/site-packages/airflow/example_dags/example_latest_only_with_trigger.py
[2025-08-26T18:48:33.741+0000] {logging_mixin.py:190} INFO - [2025-08-26T18:48:33.741+0000] {dag.py:3239} INFO - Sync 1 DAGs
[2025-08-26T18:48:33.750+0000] {logging_mixin.py:190} INFO - [2025-08-26T18:48:33.750+0000] {dag.py:4180} INFO - Setting next_dagrun for latest_only_with_trigger to 2025-08-26 12:00:00+00:00, run_after=2025-08-26 16:00:00+00:00
[2025-08-26T18:48:33.757+0000] {processor.py:208} INFO - Processing /home/airflow/.local/lib/python3.12/site-packages/airflow/example_dags/example_latest_only_with_trigger.py took 0.032 seconds
[2025-08-26T18:49:04.380+0000] {processor.py:186} INFO - Started process (PID=778) to work on /home/airflow/.local/lib/python3.12/site-packages/airflow/example_dags/example_latest_only_with_trigger.py
[2025-08-26T18:49:04.381+0000] {processor.py:914} INFO - Processing file /home/airflow/.local/lib/python3.12/site-packages/airflow/example_dags/example_latest_only_with_trigger.py for tasks to queue
[2025-08-26T18:49:04.382+0000] {logging_mixin.py:190} INFO - [2025-08-26T18:49:04.382+0000] {dagbag.py:588} INFO - Filling up the DagBag from /home/airflow/.local/lib/python3.12/site-packages/airflow/example_dags/example_latest_only_with_trigger.py
[2025-08-26T18:49:04.387+0000] {processor.py:925} INFO - DAG(s) 'latest_only_with_trigger' retrieved from /home/airflow/.local/lib/python3.12/site-packages/airflow/example_dags/example_latest_only_with_trigger.py
[2025-08-26T18:49:04.396+0000] {logging_mixin.py:190} INFO - [2025-08-26T18:49:04.396+0000] {dag.py:3239} INFO - Sync 1 DAGs
[2025-08-26T18:49:04.406+0000] {logging_mixin.py:190} INFO - [2025-08-26T18:49:04.405+0000] {dag.py:4180} INFO - Setting next_dagrun for latest_only_with_trigger to 2025-08-26 12:00:00+00:00, run_after=2025-08-26 16:00:00+00:00
[2025-08-26T18:49:04.412+0000] {processor.py:208} INFO - Processing /home/airflow/.local/lib/python3.12/site-packages/airflow/example_dags/example_latest_only_with_trigger.py took 0.034 seconds
[2025-08-26T18:49:35.029+0000] {processor.py:186} INFO - Started process (PID=842) to work on /home/airflow/.local/lib/python3.12/site-packages/airflow/example_dags/example_latest_only_with_trigger.py
[2025-08-26T18:49:35.031+0000] {processor.py:914} INFO - Processing file /home/airflow/.local/lib/python3.12/site-packages/airflow/example_dags/example_latest_only_with_trigger.py for tasks to queue
[2025-08-26T18:49:35.032+0000] {logging_mixin.py:190} INFO - [2025-08-26T18:49:35.031+0000] {dagbag.py:588} INFO - Filling up the DagBag from /home/airflow/.local/lib/python3.12/site-packages/airflow/example_dags/example_latest_only_with_trigger.py
[2025-08-26T18:49:35.035+0000] {processor.py:925} INFO - DAG(s) 'latest_only_with_trigger' retrieved from /home/airflow/.local/lib/python3.12/site-packages/airflow/example_dags/example_latest_only_with_trigger.py
[2025-08-26T18:49:35.042+0000] {logging_mixin.py:190} INFO - [2025-08-26T18:49:35.042+0000] {dag.py:3239} INFO - Sync 1 DAGs
[2025-08-26T18:49:35.050+0000] {logging_mixin.py:190} INFO - [2025-08-26T18:49:35.050+0000] {dag.py:4180} INFO - Setting next_dagrun for latest_only_with_trigger to 2025-08-26 12:00:00+00:00, run_after=2025-08-26 16:00:00+00:00
[2025-08-26T18:49:35.056+0000] {processor.py:208} INFO - Processing /home/airflow/.local/lib/python3.12/site-packages/airflow/example_dags/example_latest_only_with_trigger.py took 0.029 seconds
[2025-08-26T18:50:05.644+0000] {processor.py:186} INFO - Started process (PID=905) to work on /home/airflow/.local/lib/python3.12/site-packages/airflow/example_dags/example_latest_only_with_trigger.py
[2025-08-26T18:50:05.646+0000] {processor.py:914} INFO - Processing file /home/airflow/.local/lib/python3.12/site-packages/airflow/example_dags/example_latest_only_with_trigger.py for tasks to queue
[2025-08-26T18:50:05.647+0000] {logging_mixin.py:190} INFO - [2025-08-26T18:50:05.647+0000] {dagbag.py:588} INFO - Filling up the DagBag from /home/airflow/.local/lib/python3.12/site-packages/airflow/example_dags/example_latest_only_with_trigger.py
[2025-08-26T18:50:05.650+0000] {processor.py:925} INFO - DAG(s) 'latest_only_with_trigger' retrieved from /home/airflow/.local/lib/python3.12/site-packages/airflow/example_dags/example_latest_only_with_trigger.py
[2025-08-26T18:50:05.657+0000] {logging_mixin.py:190} INFO - [2025-08-26T18:50:05.657+0000] {dag.py:3239} INFO - Sync 1 DAGs
[2025-08-26T18:50:05.665+0000] {logging_mixin.py:190} INFO - [2025-08-26T18:50:05.665+0000] {dag.py:4180} INFO - Setting next_dagrun for latest_only_with_trigger to 2025-08-26 12:00:00+00:00, run_after=2025-08-26 16:00:00+00:00
[2025-08-26T18:50:05.672+0000] {processor.py:208} INFO - Processing /home/airflow/.local/lib/python3.12/site-packages/airflow/example_dags/example_latest_only_with_trigger.py took 0.030 seconds
[2025-08-26T18:50:36.177+0000] {processor.py:186} INFO - Started process (PID=968) to work on /home/airflow/.local/lib/python3.12/site-packages/airflow/example_dags/example_latest_only_with_trigger.py
[2025-08-26T18:50:36.177+0000] {processor.py:914} INFO - Processing file /home/airflow/.local/lib/python3.12/site-packages/airflow/example_dags/example_latest_only_with_trigger.py for tasks to queue
[2025-08-26T18:50:36.178+0000] {logging_mixin.py:190} INFO - [2025-08-26T18:50:36.178+0000] {dagbag.py:588} INFO - Filling up the DagBag from /home/airflow/.local/lib/python3.12/site-packages/airflow/example_dags/example_latest_only_with_trigger.py
[2025-08-26T18:50:36.181+0000] {processor.py:925} INFO - DAG(s) 'latest_only_with_trigger' retrieved from /home/airflow/.local/lib/python3.12/site-packages/airflow/example_dags/example_latest_only_with_trigger.py
[2025-08-26T18:50:36.190+0000] {logging_mixin.py:190} INFO - [2025-08-26T18:50:36.190+0000] {dag.py:3239} INFO - Sync 1 DAGs
[2025-08-26T18:50:36.199+0000] {logging_mixin.py:190} INFO - [2025-08-26T18:50:36.199+0000] {dag.py:4180} INFO - Setting next_dagrun for latest_only_with_trigger to 2025-08-26 12:00:00+00:00, run_after=2025-08-26 16:00:00+00:00
[2025-08-26T18:50:36.208+0000] {processor.py:208} INFO - Processing /home/airflow/.local/lib/python3.12/site-packages/airflow/example_dags/example_latest_only_with_trigger.py took 0.034 seconds
[2025-08-26T18:51:06.730+0000] {processor.py:186} INFO - Started process (PID=1031) to work on /home/airflow/.local/lib/python3.12/site-packages/airflow/example_dags/example_latest_only_with_trigger.py
[2025-08-26T18:51:06.732+0000] {processor.py:914} INFO - Processing file /home/airflow/.local/lib/python3.12/site-packages/airflow/example_dags/example_latest_only_with_trigger.py for tasks to queue
[2025-08-26T18:51:06.733+0000] {logging_mixin.py:190} INFO - [2025-08-26T18:51:06.733+0000] {dagbag.py:588} INFO - Filling up the DagBag from /home/airflow/.local/lib/python3.12/site-packages/airflow/example_dags/example_latest_only_with_trigger.py
[2025-08-26T18:51:06.736+0000] {processor.py:925} INFO - DAG(s) 'latest_only_with_trigger' retrieved from /home/airflow/.local/lib/python3.12/site-packages/airflow/example_dags/example_latest_only_with_trigger.py
[2025-08-26T18:51:06.744+0000] {logging_mixin.py:190} INFO - [2025-08-26T18:51:06.744+0000] {dag.py:3239} INFO - Sync 1 DAGs
[2025-08-26T18:51:06.752+0000] {logging_mixin.py:190} INFO - [2025-08-26T18:51:06.752+0000] {dag.py:4180} INFO - Setting next_dagrun for latest_only_with_trigger to 2025-08-26 12:00:00+00:00, run_after=2025-08-26 16:00:00+00:00
[2025-08-26T18:51:06.759+0000] {processor.py:208} INFO - Processing /home/airflow/.local/lib/python3.12/site-packages/airflow/example_dags/example_latest_only_with_trigger.py took 0.031 seconds
[2025-08-26T18:51:37.335+0000] {processor.py:186} INFO - Started process (PID=1094) to work on /home/airflow/.local/lib/python3.12/site-packages/airflow/example_dags/example_latest_only_with_trigger.py
[2025-08-26T18:51:37.337+0000] {processor.py:914} INFO - Processing file /home/airflow/.local/lib/python3.12/site-packages/airflow/example_dags/example_latest_only_with_trigger.py for tasks to queue
[2025-08-26T18:51:37.338+0000] {logging_mixin.py:190} INFO - [2025-08-26T18:51:37.337+0000] {dagbag.py:588} INFO - Filling up the DagBag from /home/airflow/.local/lib/python3.12/site-packages/airflow/example_dags/example_latest_only_with_trigger.py
[2025-08-26T18:51:37.341+0000] {processor.py:925} INFO - DAG(s) 'latest_only_with_trigger' retrieved from /home/airflow/.local/lib/python3.12/site-packages/airflow/example_dags/example_latest_only_with_trigger.py
[2025-08-26T18:51:37.348+0000] {logging_mixin.py:190} INFO - [2025-08-26T18:51:37.348+0000] {dag.py:3239} INFO - Sync 1 DAGs
[2025-08-26T18:51:37.356+0000] {logging_mixin.py:190} INFO - [2025-08-26T18:51:37.356+0000] {dag.py:4180} INFO - Setting next_dagrun for latest_only_with_trigger to 2025-08-26 12:00:00+00:00, run_after=2025-08-26 16:00:00+00:00
[2025-08-26T18:51:37.365+0000] {processor.py:208} INFO - Processing /home/airflow/.local/lib/python3.12/site-packages/airflow/example_dags/example_latest_only_with_trigger.py took 0.032 seconds
[2025-08-26T18:52:08.047+0000] {processor.py:186} INFO - Started process (PID=1157) to work on /home/airflow/.local/lib/python3.12/site-packages/airflow/example_dags/example_latest_only_with_trigger.py
[2025-08-26T18:52:08.048+0000] {processor.py:914} INFO - Processing file /home/airflow/.local/lib/python3.12/site-packages/airflow/example_dags/example_latest_only_with_trigger.py for tasks to queue
[2025-08-26T18:52:08.049+0000] {logging_mixin.py:190} INFO - [2025-08-26T18:52:08.049+0000] {dagbag.py:588} INFO - Filling up the DagBag from /home/airflow/.local/lib/python3.12/site-packages/airflow/example_dags/example_latest_only_with_trigger.py
[2025-08-26T18:52:08.052+0000] {processor.py:925} INFO - DAG(s) 'latest_only_with_trigger' retrieved from /home/airflow/.local/lib/python3.12/site-packages/airflow/example_dags/example_latest_only_with_trigger.py
[2025-08-26T18:52:08.060+0000] {logging_mixin.py:190} INFO - [2025-08-26T18:52:08.060+0000] {dag.py:3239} INFO - Sync 1 DAGs
[2025-08-26T18:52:08.068+0000] {logging_mixin.py:190} INFO - [2025-08-26T18:52:08.068+0000] {dag.py:4180} INFO - Setting next_dagrun for latest_only_with_trigger to 2025-08-26 12:00:00+00:00, run_after=2025-08-26 16:00:00+00:00
[2025-08-26T18:52:08.075+0000] {processor.py:208} INFO - Processing /home/airflow/.local/lib/python3.12/site-packages/airflow/example_dags/example_latest_only_with_trigger.py took 0.031 seconds
[2025-08-26T18:52:38.671+0000] {processor.py:186} INFO - Started process (PID=1220) to work on /home/airflow/.local/lib/python3.12/site-packages/airflow/example_dags/example_latest_only_with_trigger.py
[2025-08-26T18:52:38.672+0000] {processor.py:914} INFO - Processing file /home/airflow/.local/lib/python3.12/site-packages/airflow/example_dags/example_latest_only_with_trigger.py for tasks to queue
[2025-08-26T18:52:38.673+0000] {logging_mixin.py:190} INFO - [2025-08-26T18:52:38.673+0000] {dagbag.py:588} INFO - Filling up the DagBag from /home/airflow/.local/lib/python3.12/site-packages/airflow/example_dags/example_latest_only_with_trigger.py
[2025-08-26T18:52:38.676+0000] {processor.py:925} INFO - DAG(s) 'latest_only_with_trigger' retrieved from /home/airflow/.local/lib/python3.12/site-packages/airflow/example_dags/example_latest_only_with_trigger.py
[2025-08-26T18:52:38.683+0000] {logging_mixin.py:190} INFO - [2025-08-26T18:52:38.683+0000] {dag.py:3239} INFO - Sync 1 DAGs
[2025-08-26T18:52:38.691+0000] {logging_mixin.py:190} INFO - [2025-08-26T18:52:38.691+0000] {dag.py:4180} INFO - Setting next_dagrun for latest_only_with_trigger to 2025-08-26 12:00:00+00:00, run_after=2025-08-26 16:00:00+00:00
[2025-08-26T18:52:38.699+0000] {processor.py:208} INFO - Processing /home/airflow/.local/lib/python3.12/site-packages/airflow/example_dags/example_latest_only_with_trigger.py took 0.030 seconds
[2025-08-26T18:53:09.258+0000] {processor.py:186} INFO - Started process (PID=1283) to work on /home/airflow/.local/lib/python3.12/site-packages/airflow/example_dags/example_latest_only_with_trigger.py
[2025-08-26T18:53:09.259+0000] {processor.py:914} INFO - Processing file /home/airflow/.local/lib/python3.12/site-packages/airflow/example_dags/example_latest_only_with_trigger.py for tasks to queue
[2025-08-26T18:53:09.260+0000] {logging_mixin.py:190} INFO - [2025-08-26T18:53:09.260+0000] {dagbag.py:588} INFO - Filling up the DagBag from /home/airflow/.local/lib/python3.12/site-packages/airflow/example_dags/example_latest_only_with_trigger.py
[2025-08-26T18:53:09.264+0000] {processor.py:925} INFO - DAG(s) 'latest_only_with_trigger' retrieved from /home/airflow/.local/lib/python3.12/site-packages/airflow/example_dags/example_latest_only_with_trigger.py
[2025-08-26T18:53:09.272+0000] {logging_mixin.py:190} INFO - [2025-08-26T18:53:09.272+0000] {dag.py:3239} INFO - Sync 1 DAGs
[2025-08-26T18:53:09.280+0000] {logging_mixin.py:190} INFO - [2025-08-26T18:53:09.280+0000] {dag.py:4180} INFO - Setting next_dagrun for latest_only_with_trigger to 2025-08-26 12:00:00+00:00, run_after=2025-08-26 16:00:00+00:00
[2025-08-26T18:53:09.286+0000] {processor.py:208} INFO - Processing /home/airflow/.local/lib/python3.12/site-packages/airflow/example_dags/example_latest_only_with_trigger.py took 0.030 seconds
[2025-08-26T18:53:39.908+0000] {processor.py:186} INFO - Started process (PID=1346) to work on /home/airflow/.local/lib/python3.12/site-packages/airflow/example_dags/example_latest_only_with_trigger.py
[2025-08-26T18:53:39.910+0000] {processor.py:914} INFO - Processing file /home/airflow/.local/lib/python3.12/site-packages/airflow/example_dags/example_latest_only_with_trigger.py for tasks to queue
[2025-08-26T18:53:39.911+0000] {logging_mixin.py:190} INFO - [2025-08-26T18:53:39.911+0000] {dagbag.py:588} INFO - Filling up the DagBag from /home/airflow/.local/lib/python3.12/site-packages/airflow/example_dags/example_latest_only_with_trigger.py
[2025-08-26T18:53:39.914+0000] {processor.py:925} INFO - DAG(s) 'latest_only_with_trigger' retrieved from /home/airflow/.local/lib/python3.12/site-packages/airflow/example_dags/example_latest_only_with_trigger.py
[2025-08-26T18:53:39.922+0000] {logging_mixin.py:190} INFO - [2025-08-26T18:53:39.922+0000] {dag.py:3239} INFO - Sync 1 DAGs
[2025-08-26T18:53:39.930+0000] {logging_mixin.py:190} INFO - [2025-08-26T18:53:39.930+0000] {dag.py:4180} INFO - Setting next_dagrun for latest_only_with_trigger to 2025-08-26 12:00:00+00:00, run_after=2025-08-26 16:00:00+00:00
[2025-08-26T18:53:39.937+0000] {processor.py:208} INFO - Processing /home/airflow/.local/lib/python3.12/site-packages/airflow/example_dags/example_latest_only_with_trigger.py took 0.031 seconds
[2025-08-26T18:54:10.490+0000] {processor.py:186} INFO - Started process (PID=1409) to work on /home/airflow/.local/lib/python3.12/site-packages/airflow/example_dags/example_latest_only_with_trigger.py
[2025-08-26T18:54:10.492+0000] {processor.py:914} INFO - Processing file /home/airflow/.local/lib/python3.12/site-packages/airflow/example_dags/example_latest_only_with_trigger.py for tasks to queue
[2025-08-26T18:54:10.493+0000] {logging_mixin.py:190} INFO - [2025-08-26T18:54:10.493+0000] {dagbag.py:588} INFO - Filling up the DagBag from /home/airflow/.local/lib/python3.12/site-packages/airflow/example_dags/example_latest_only_with_trigger.py
[2025-08-26T18:54:10.496+0000] {processor.py:925} INFO - DAG(s) 'latest_only_with_trigger' retrieved from /home/airflow/.local/lib/python3.12/site-packages/airflow/example_dags/example_latest_only_with_trigger.py
[2025-08-26T18:54:10.503+0000] {logging_mixin.py:190} INFO - [2025-08-26T18:54:10.503+0000] {dag.py:3239} INFO - Sync 1 DAGs
[2025-08-26T18:54:10.511+0000] {logging_mixin.py:190} INFO - [2025-08-26T18:54:10.511+0000] {dag.py:4180} INFO - Setting next_dagrun for latest_only_with_trigger to 2025-08-26 12:00:00+00:00, run_after=2025-08-26 16:00:00+00:00
[2025-08-26T18:54:10.519+0000] {processor.py:208} INFO - Processing /home/airflow/.local/lib/python3.12/site-packages/airflow/example_dags/example_latest_only_with_trigger.py took 0.031 seconds
[2025-08-26T18:54:41.093+0000] {processor.py:186} INFO - Started process (PID=1472) to work on /home/airflow/.local/lib/python3.12/site-packages/airflow/example_dags/example_latest_only_with_trigger.py
[2025-08-26T18:54:41.095+0000] {processor.py:914} INFO - Processing file /home/airflow/.local/lib/python3.12/site-packages/airflow/example_dags/example_latest_only_with_trigger.py for tasks to queue
[2025-08-26T18:54:41.096+0000] {logging_mixin.py:190} INFO - [2025-08-26T18:54:41.096+0000] {dagbag.py:588} INFO - Filling up the DagBag from /home/airflow/.local/lib/python3.12/site-packages/airflow/example_dags/example_latest_only_with_trigger.py
[2025-08-26T18:54:41.099+0000] {processor.py:925} INFO - DAG(s) 'latest_only_with_trigger' retrieved from /home/airflow/.local/lib/python3.12/site-packages/airflow/example_dags/example_latest_only_with_trigger.py
[2025-08-26T18:54:41.106+0000] {logging_mixin.py:190} INFO - [2025-08-26T18:54:41.106+0000] {dag.py:3239} INFO - Sync 1 DAGs
[2025-08-26T18:54:41.114+0000] {logging_mixin.py:190} INFO - [2025-08-26T18:54:41.114+0000] {dag.py:4180} INFO - Setting next_dagrun for latest_only_with_trigger to 2025-08-26 12:00:00+00:00, run_after=2025-08-26 16:00:00+00:00
[2025-08-26T18:54:41.124+0000] {processor.py:208} INFO - Processing /home/airflow/.local/lib/python3.12/site-packages/airflow/example_dags/example_latest_only_with_trigger.py took 0.034 seconds
[2025-08-26T18:55:11.794+0000] {processor.py:186} INFO - Started process (PID=1535) to work on /home/airflow/.local/lib/python3.12/site-packages/airflow/example_dags/example_latest_only_with_trigger.py
[2025-08-26T18:55:11.796+0000] {processor.py:914} INFO - Processing file /home/airflow/.local/lib/python3.12/site-packages/airflow/example_dags/example_latest_only_with_trigger.py for tasks to queue
[2025-08-26T18:55:11.797+0000] {logging_mixin.py:190} INFO - [2025-08-26T18:55:11.797+0000] {dagbag.py:588} INFO - Filling up the DagBag from /home/airflow/.local/lib/python3.12/site-packages/airflow/example_dags/example_latest_only_with_trigger.py
[2025-08-26T18:55:11.800+0000] {processor.py:925} INFO - DAG(s) 'latest_only_with_trigger' retrieved from /home/airflow/.local/lib/python3.12/site-packages/airflow/example_dags/example_latest_only_with_trigger.py
[2025-08-26T18:55:11.807+0000] {logging_mixin.py:190} INFO - [2025-08-26T18:55:11.807+0000] {dag.py:3239} INFO - Sync 1 DAGs
[2025-08-26T18:55:11.815+0000] {logging_mixin.py:190} INFO - [2025-08-26T18:55:11.815+0000] {dag.py:4180} INFO - Setting next_dagrun for latest_only_with_trigger to 2025-08-26 12:00:00+00:00, run_after=2025-08-26 16:00:00+00:00
[2025-08-26T18:55:11.820+0000] {processor.py:208} INFO - Processing /home/airflow/.local/lib/python3.12/site-packages/airflow/example_dags/example_latest_only_with_trigger.py took 0.029 seconds
[2025-08-26T18:55:42.352+0000] {processor.py:186} INFO - Started process (PID=1598) to work on /home/airflow/.local/lib/python3.12/site-packages/airflow/example_dags/example_latest_only_with_trigger.py
[2025-08-26T18:55:42.353+0000] {processor.py:914} INFO - Processing file /home/airflow/.local/lib/python3.12/site-packages/airflow/example_dags/example_latest_only_with_trigger.py for tasks to queue
[2025-08-26T18:55:42.354+0000] {logging_mixin.py:190} INFO - [2025-08-26T18:55:42.354+0000] {dagbag.py:588} INFO - Filling up the DagBag from /home/airflow/.local/lib/python3.12/site-packages/airflow/example_dags/example_latest_only_with_trigger.py
[2025-08-26T18:55:42.358+0000] {processor.py:925} INFO - DAG(s) 'latest_only_with_trigger' retrieved from /home/airflow/.local/lib/python3.12/site-packages/airflow/example_dags/example_latest_only_with_trigger.py
[2025-08-26T18:55:42.366+0000] {logging_mixin.py:190} INFO - [2025-08-26T18:55:42.365+0000] {dag.py:3239} INFO - Sync 1 DAGs
[2025-08-26T18:55:42.374+0000] {logging_mixin.py:190} INFO - [2025-08-26T18:55:42.373+0000] {dag.py:4180} INFO - Setting next_dagrun for latest_only_with_trigger to 2025-08-26 12:00:00+00:00, run_after=2025-08-26 16:00:00+00:00
[2025-08-26T18:55:42.382+0000] {processor.py:208} INFO - Processing /home/airflow/.local/lib/python3.12/site-packages/airflow/example_dags/example_latest_only_with_trigger.py took 0.032 seconds
[2025-08-26T18:56:12.979+0000] {processor.py:186} INFO - Started process (PID=1661) to work on /home/airflow/.local/lib/python3.12/site-packages/airflow/example_dags/example_latest_only_with_trigger.py
[2025-08-26T18:56:12.981+0000] {processor.py:914} INFO - Processing file /home/airflow/.local/lib/python3.12/site-packages/airflow/example_dags/example_latest_only_with_trigger.py for tasks to queue
[2025-08-26T18:56:12.982+0000] {logging_mixin.py:190} INFO - [2025-08-26T18:56:12.982+0000] {dagbag.py:588} INFO - Filling up the DagBag from /home/airflow/.local/lib/python3.12/site-packages/airflow/example_dags/example_latest_only_with_trigger.py
[2025-08-26T18:56:12.985+0000] {processor.py:925} INFO - DAG(s) 'latest_only_with_trigger' retrieved from /home/airflow/.local/lib/python3.12/site-packages/airflow/example_dags/example_latest_only_with_trigger.py
[2025-08-26T18:56:12.992+0000] {logging_mixin.py:190} INFO - [2025-08-26T18:56:12.992+0000] {dag.py:3239} INFO - Sync 1 DAGs
[2025-08-26T18:56:13.000+0000] {logging_mixin.py:190} INFO - [2025-08-26T18:56:13.000+0000] {dag.py:4180} INFO - Setting next_dagrun for latest_only_with_trigger to 2025-08-26 12:00:00+00:00, run_after=2025-08-26 16:00:00+00:00
[2025-08-26T18:56:13.007+0000] {processor.py:208} INFO - Processing /home/airflow/.local/lib/python3.12/site-packages/airflow/example_dags/example_latest_only_with_trigger.py took 0.031 seconds
[2025-08-26T18:56:43.560+0000] {processor.py:186} INFO - Started process (PID=1724) to work on /home/airflow/.local/lib/python3.12/site-packages/airflow/example_dags/example_latest_only_with_trigger.py
[2025-08-26T18:56:43.560+0000] {processor.py:914} INFO - Processing file /home/airflow/.local/lib/python3.12/site-packages/airflow/example_dags/example_latest_only_with_trigger.py for tasks to queue
[2025-08-26T18:56:43.561+0000] {logging_mixin.py:190} INFO - [2025-08-26T18:56:43.561+0000] {dagbag.py:588} INFO - Filling up the DagBag from /home/airflow/.local/lib/python3.12/site-packages/airflow/example_dags/example_latest_only_with_trigger.py
[2025-08-26T18:56:43.564+0000] {processor.py:925} INFO - DAG(s) 'latest_only_with_trigger' retrieved from /home/airflow/.local/lib/python3.12/site-packages/airflow/example_dags/example_latest_only_with_trigger.py
[2025-08-26T18:56:43.572+0000] {logging_mixin.py:190} INFO - [2025-08-26T18:56:43.572+0000] {dag.py:3239} INFO - Sync 1 DAGs
[2025-08-26T18:56:43.580+0000] {logging_mixin.py:190} INFO - [2025-08-26T18:56:43.580+0000] {dag.py:4180} INFO - Setting next_dagrun for latest_only_with_trigger to 2025-08-26 12:00:00+00:00, run_after=2025-08-26 16:00:00+00:00
[2025-08-26T18:56:43.588+0000] {processor.py:208} INFO - Processing /home/airflow/.local/lib/python3.12/site-packages/airflow/example_dags/example_latest_only_with_trigger.py took 0.030 seconds
[2025-08-26T18:57:14.190+0000] {processor.py:186} INFO - Started process (PID=1787) to work on /home/airflow/.local/lib/python3.12/site-packages/airflow/example_dags/example_latest_only_with_trigger.py
[2025-08-26T18:57:14.190+0000] {processor.py:914} INFO - Processing file /home/airflow/.local/lib/python3.12/site-packages/airflow/example_dags/example_latest_only_with_trigger.py for tasks to queue
[2025-08-26T18:57:14.191+0000] {logging_mixin.py:190} INFO - [2025-08-26T18:57:14.191+0000] {dagbag.py:588} INFO - Filling up the DagBag from /home/airflow/.local/lib/python3.12/site-packages/airflow/example_dags/example_latest_only_with_trigger.py
[2025-08-26T18:57:14.194+0000] {processor.py:925} INFO - DAG(s) 'latest_only_with_trigger' retrieved from /home/airflow/.local/lib/python3.12/site-packages/airflow/example_dags/example_latest_only_with_trigger.py
[2025-08-26T18:57:14.205+0000] {logging_mixin.py:190} INFO - [2025-08-26T18:57:14.205+0000] {dag.py:3239} INFO - Sync 1 DAGs
[2025-08-26T18:57:14.216+0000] {logging_mixin.py:190} INFO - [2025-08-26T18:57:14.216+0000] {dag.py:4180} INFO - Setting next_dagrun for latest_only_with_trigger to 2025-08-26 12:00:00+00:00, run_after=2025-08-26 16:00:00+00:00
[2025-08-26T18:57:14.222+0000] {processor.py:208} INFO - Processing /home/airflow/.local/lib/python3.12/site-packages/airflow/example_dags/example_latest_only_with_trigger.py took 0.035 seconds
[2025-08-26T18:57:44.750+0000] {processor.py:186} INFO - Started process (PID=1850) to work on /home/airflow/.local/lib/python3.12/site-packages/airflow/example_dags/example_latest_only_with_trigger.py
[2025-08-26T18:57:44.751+0000] {processor.py:914} INFO - Processing file /home/airflow/.local/lib/python3.12/site-packages/airflow/example_dags/example_latest_only_with_trigger.py for tasks to queue
[2025-08-26T18:57:44.753+0000] {logging_mixin.py:190} INFO - [2025-08-26T18:57:44.753+0000] {dagbag.py:588} INFO - Filling up the DagBag from /home/airflow/.local/lib/python3.12/site-packages/airflow/example_dags/example_latest_only_with_trigger.py
[2025-08-26T18:57:44.756+0000] {processor.py:925} INFO - DAG(s) 'latest_only_with_trigger' retrieved from /home/airflow/.local/lib/python3.12/site-packages/airflow/example_dags/example_latest_only_with_trigger.py
[2025-08-26T18:57:44.765+0000] {logging_mixin.py:190} INFO - [2025-08-26T18:57:44.765+0000] {dag.py:3239} INFO - Sync 1 DAGs
[2025-08-26T18:57:44.773+0000] {logging_mixin.py:190} INFO - [2025-08-26T18:57:44.773+0000] {dag.py:4180} INFO - Setting next_dagrun for latest_only_with_trigger to 2025-08-26 12:00:00+00:00, run_after=2025-08-26 16:00:00+00:00
[2025-08-26T18:57:44.781+0000] {processor.py:208} INFO - Processing /home/airflow/.local/lib/python3.12/site-packages/airflow/example_dags/example_latest_only_with_trigger.py took 0.033 seconds
[2025-08-26T18:58:15.388+0000] {processor.py:186} INFO - Started process (PID=1913) to work on /home/airflow/.local/lib/python3.12/site-packages/airflow/example_dags/example_latest_only_with_trigger.py
[2025-08-26T18:58:15.389+0000] {processor.py:914} INFO - Processing file /home/airflow/.local/lib/python3.12/site-packages/airflow/example_dags/example_latest_only_with_trigger.py for tasks to queue
[2025-08-26T18:58:15.391+0000] {logging_mixin.py:190} INFO - [2025-08-26T18:58:15.391+0000] {dagbag.py:588} INFO - Filling up the DagBag from /home/airflow/.local/lib/python3.12/site-packages/airflow/example_dags/example_latest_only_with_trigger.py
[2025-08-26T18:58:15.394+0000] {processor.py:925} INFO - DAG(s) 'latest_only_with_trigger' retrieved from /home/airflow/.local/lib/python3.12/site-packages/airflow/example_dags/example_latest_only_with_trigger.py
[2025-08-26T18:58:15.402+0000] {logging_mixin.py:190} INFO - [2025-08-26T18:58:15.402+0000] {dag.py:3239} INFO - Sync 1 DAGs
[2025-08-26T18:58:15.410+0000] {logging_mixin.py:190} INFO - [2025-08-26T18:58:15.410+0000] {dag.py:4180} INFO - Setting next_dagrun for latest_only_with_trigger to 2025-08-26 12:00:00+00:00, run_after=2025-08-26 16:00:00+00:00
[2025-08-26T18:58:15.416+0000] {processor.py:208} INFO - Processing /home/airflow/.local/lib/python3.12/site-packages/airflow/example_dags/example_latest_only_with_trigger.py took 0.031 seconds
[2025-08-26T18:58:46.021+0000] {processor.py:186} INFO - Started process (PID=1976) to work on /home/airflow/.local/lib/python3.12/site-packages/airflow/example_dags/example_latest_only_with_trigger.py
[2025-08-26T18:58:46.023+0000] {processor.py:914} INFO - Processing file /home/airflow/.local/lib/python3.12/site-packages/airflow/example_dags/example_latest_only_with_trigger.py for tasks to queue
[2025-08-26T18:58:46.024+0000] {logging_mixin.py:190} INFO - [2025-08-26T18:58:46.023+0000] {dagbag.py:588} INFO - Filling up the DagBag from /home/airflow/.local/lib/python3.12/site-packages/airflow/example_dags/example_latest_only_with_trigger.py
[2025-08-26T18:58:46.026+0000] {processor.py:925} INFO - DAG(s) 'latest_only_with_trigger' retrieved from /home/airflow/.local/lib/python3.12/site-packages/airflow/example_dags/example_latest_only_with_trigger.py
[2025-08-26T18:58:46.034+0000] {logging_mixin.py:190} INFO - [2025-08-26T18:58:46.034+0000] {dag.py:3239} INFO - Sync 1 DAGs
[2025-08-26T18:58:46.042+0000] {logging_mixin.py:190} INFO - [2025-08-26T18:58:46.042+0000] {dag.py:4180} INFO - Setting next_dagrun for latest_only_with_trigger to 2025-08-26 12:00:00+00:00, run_after=2025-08-26 16:00:00+00:00
[2025-08-26T18:58:46.049+0000] {processor.py:208} INFO - Processing /home/airflow/.local/lib/python3.12/site-packages/airflow/example_dags/example_latest_only_with_trigger.py took 0.030 seconds
[2025-08-26T18:59:16.575+0000] {processor.py:186} INFO - Started process (PID=2039) to work on /home/airflow/.local/lib/python3.12/site-packages/airflow/example_dags/example_latest_only_with_trigger.py
[2025-08-26T18:59:16.577+0000] {processor.py:914} INFO - Processing file /home/airflow/.local/lib/python3.12/site-packages/airflow/example_dags/example_latest_only_with_trigger.py for tasks to queue
[2025-08-26T18:59:16.578+0000] {logging_mixin.py:190} INFO - [2025-08-26T18:59:16.577+0000] {dagbag.py:588} INFO - Filling up the DagBag from /home/airflow/.local/lib/python3.12/site-packages/airflow/example_dags/example_latest_only_with_trigger.py
[2025-08-26T18:59:16.581+0000] {processor.py:925} INFO - DAG(s) 'latest_only_with_trigger' retrieved from /home/airflow/.local/lib/python3.12/site-packages/airflow/example_dags/example_latest_only_with_trigger.py
[2025-08-26T18:59:16.588+0000] {logging_mixin.py:190} INFO - [2025-08-26T18:59:16.588+0000] {dag.py:3239} INFO - Sync 1 DAGs
[2025-08-26T18:59:16.596+0000] {logging_mixin.py:190} INFO - [2025-08-26T18:59:16.596+0000] {dag.py:4180} INFO - Setting next_dagrun for latest_only_with_trigger to 2025-08-26 12:00:00+00:00, run_after=2025-08-26 16:00:00+00:00
[2025-08-26T18:59:16.602+0000] {processor.py:208} INFO - Processing /home/airflow/.local/lib/python3.12/site-packages/airflow/example_dags/example_latest_only_with_trigger.py took 0.029 seconds
[2025-08-26T18:59:47.184+0000] {processor.py:186} INFO - Started process (PID=2102) to work on /home/airflow/.local/lib/python3.12/site-packages/airflow/example_dags/example_latest_only_with_trigger.py
[2025-08-26T18:59:47.185+0000] {processor.py:914} INFO - Processing file /home/airflow/.local/lib/python3.12/site-packages/airflow/example_dags/example_latest_only_with_trigger.py for tasks to queue
[2025-08-26T18:59:47.186+0000] {logging_mixin.py:190} INFO - [2025-08-26T18:59:47.186+0000] {dagbag.py:588} INFO - Filling up the DagBag from /home/airflow/.local/lib/python3.12/site-packages/airflow/example_dags/example_latest_only_with_trigger.py
[2025-08-26T18:59:47.189+0000] {processor.py:925} INFO - DAG(s) 'latest_only_with_trigger' retrieved from /home/airflow/.local/lib/python3.12/site-packages/airflow/example_dags/example_latest_only_with_trigger.py
[2025-08-26T18:59:47.197+0000] {logging_mixin.py:190} INFO - [2025-08-26T18:59:47.197+0000] {dag.py:3239} INFO - Sync 1 DAGs
[2025-08-26T18:59:47.205+0000] {logging_mixin.py:190} INFO - [2025-08-26T18:59:47.205+0000] {dag.py:4180} INFO - Setting next_dagrun for latest_only_with_trigger to 2025-08-26 12:00:00+00:00, run_after=2025-08-26 16:00:00+00:00
[2025-08-26T18:59:47.214+0000] {processor.py:208} INFO - Processing /home/airflow/.local/lib/python3.12/site-packages/airflow/example_dags/example_latest_only_with_trigger.py took 0.033 seconds
[2025-08-26T19:00:17.890+0000] {processor.py:186} INFO - Started process (PID=2165) to work on /home/airflow/.local/lib/python3.12/site-packages/airflow/example_dags/example_latest_only_with_trigger.py
[2025-08-26T19:00:17.891+0000] {processor.py:914} INFO - Processing file /home/airflow/.local/lib/python3.12/site-packages/airflow/example_dags/example_latest_only_with_trigger.py for tasks to queue
[2025-08-26T19:00:17.892+0000] {logging_mixin.py:190} INFO - [2025-08-26T19:00:17.892+0000] {dagbag.py:588} INFO - Filling up the DagBag from /home/airflow/.local/lib/python3.12/site-packages/airflow/example_dags/example_latest_only_with_trigger.py
[2025-08-26T19:00:17.895+0000] {processor.py:925} INFO - DAG(s) 'latest_only_with_trigger' retrieved from /home/airflow/.local/lib/python3.12/site-packages/airflow/example_dags/example_latest_only_with_trigger.py
[2025-08-26T19:00:17.905+0000] {logging_mixin.py:190} INFO - [2025-08-26T19:00:17.905+0000] {dag.py:3239} INFO - Sync 1 DAGs
[2025-08-26T19:00:17.915+0000] {logging_mixin.py:190} INFO - [2025-08-26T19:00:17.915+0000] {dag.py:4180} INFO - Setting next_dagrun for latest_only_with_trigger to 2025-08-26 12:00:00+00:00, run_after=2025-08-26 16:00:00+00:00
[2025-08-26T19:00:17.924+0000] {processor.py:208} INFO - Processing /home/airflow/.local/lib/python3.12/site-packages/airflow/example_dags/example_latest_only_with_trigger.py took 0.037 seconds
[2025-08-26T19:00:48.582+0000] {processor.py:186} INFO - Started process (PID=2234) to work on /home/airflow/.local/lib/python3.12/site-packages/airflow/example_dags/example_latest_only_with_trigger.py
[2025-08-26T19:00:48.584+0000] {processor.py:914} INFO - Processing file /home/airflow/.local/lib/python3.12/site-packages/airflow/example_dags/example_latest_only_with_trigger.py for tasks to queue
[2025-08-26T19:00:48.585+0000] {logging_mixin.py:190} INFO - [2025-08-26T19:00:48.585+0000] {dagbag.py:588} INFO - Filling up the DagBag from /home/airflow/.local/lib/python3.12/site-packages/airflow/example_dags/example_latest_only_with_trigger.py
[2025-08-26T19:00:48.588+0000] {processor.py:925} INFO - DAG(s) 'latest_only_with_trigger' retrieved from /home/airflow/.local/lib/python3.12/site-packages/airflow/example_dags/example_latest_only_with_trigger.py
[2025-08-26T19:00:48.596+0000] {logging_mixin.py:190} INFO - [2025-08-26T19:00:48.596+0000] {dag.py:3239} INFO - Sync 1 DAGs
[2025-08-26T19:00:48.604+0000] {logging_mixin.py:190} INFO - [2025-08-26T19:00:48.604+0000] {dag.py:4180} INFO - Setting next_dagrun for latest_only_with_trigger to 2025-08-26 12:00:00+00:00, run_after=2025-08-26 16:00:00+00:00
[2025-08-26T19:00:48.610+0000] {processor.py:208} INFO - Processing /home/airflow/.local/lib/python3.12/site-packages/airflow/example_dags/example_latest_only_with_trigger.py took 0.031 seconds
[2025-08-26T19:01:19.627+0000] {processor.py:186} INFO - Started process (PID=2297) to work on /home/airflow/.local/lib/python3.12/site-packages/airflow/example_dags/example_latest_only_with_trigger.py
[2025-08-26T19:01:19.628+0000] {processor.py:914} INFO - Processing file /home/airflow/.local/lib/python3.12/site-packages/airflow/example_dags/example_latest_only_with_trigger.py for tasks to queue
[2025-08-26T19:01:19.629+0000] {logging_mixin.py:190} INFO - [2025-08-26T19:01:19.629+0000] {dagbag.py:588} INFO - Filling up the DagBag from /home/airflow/.local/lib/python3.12/site-packages/airflow/example_dags/example_latest_only_with_trigger.py
[2025-08-26T19:01:19.631+0000] {processor.py:925} INFO - DAG(s) 'latest_only_with_trigger' retrieved from /home/airflow/.local/lib/python3.12/site-packages/airflow/example_dags/example_latest_only_with_trigger.py
[2025-08-26T19:01:19.641+0000] {logging_mixin.py:190} INFO - [2025-08-26T19:01:19.641+0000] {dag.py:3239} INFO - Sync 1 DAGs
[2025-08-26T19:01:19.650+0000] {logging_mixin.py:190} INFO - [2025-08-26T19:01:19.650+0000] {dag.py:4180} INFO - Setting next_dagrun for latest_only_with_trigger to 2025-08-26 12:00:00+00:00, run_after=2025-08-26 16:00:00+00:00
[2025-08-26T19:01:19.655+0000] {processor.py:208} INFO - Processing /home/airflow/.local/lib/python3.12/site-packages/airflow/example_dags/example_latest_only_with_trigger.py took 0.031 seconds
[2025-08-26T19:01:50.540+0000] {processor.py:186} INFO - Started process (PID=2360) to work on /home/airflow/.local/lib/python3.12/site-packages/airflow/example_dags/example_latest_only_with_trigger.py
[2025-08-26T19:01:50.540+0000] {processor.py:914} INFO - Processing file /home/airflow/.local/lib/python3.12/site-packages/airflow/example_dags/example_latest_only_with_trigger.py for tasks to queue
[2025-08-26T19:01:50.542+0000] {logging_mixin.py:190} INFO - [2025-08-26T19:01:50.541+0000] {dagbag.py:588} INFO - Filling up the DagBag from /home/airflow/.local/lib/python3.12/site-packages/airflow/example_dags/example_latest_only_with_trigger.py
[2025-08-26T19:01:50.546+0000] {processor.py:925} INFO - DAG(s) 'latest_only_with_trigger' retrieved from /home/airflow/.local/lib/python3.12/site-packages/airflow/example_dags/example_latest_only_with_trigger.py
[2025-08-26T19:01:50.555+0000] {logging_mixin.py:190} INFO - [2025-08-26T19:01:50.554+0000] {dag.py:3239} INFO - Sync 1 DAGs
[2025-08-26T19:01:50.563+0000] {logging_mixin.py:190} INFO - [2025-08-26T19:01:50.563+0000] {dag.py:4180} INFO - Setting next_dagrun for latest_only_with_trigger to 2025-08-26 12:00:00+00:00, run_after=2025-08-26 16:00:00+00:00
[2025-08-26T19:01:50.569+0000] {processor.py:208} INFO - Processing /home/airflow/.local/lib/python3.12/site-packages/airflow/example_dags/example_latest_only_with_trigger.py took 0.032 seconds
[2025-08-26T19:02:21.262+0000] {processor.py:186} INFO - Started process (PID=2423) to work on /home/airflow/.local/lib/python3.12/site-packages/airflow/example_dags/example_latest_only_with_trigger.py
[2025-08-26T19:02:21.263+0000] {processor.py:914} INFO - Processing file /home/airflow/.local/lib/python3.12/site-packages/airflow/example_dags/example_latest_only_with_trigger.py for tasks to queue
[2025-08-26T19:02:21.264+0000] {logging_mixin.py:190} INFO - [2025-08-26T19:02:21.264+0000] {dagbag.py:588} INFO - Filling up the DagBag from /home/airflow/.local/lib/python3.12/site-packages/airflow/example_dags/example_latest_only_with_trigger.py
[2025-08-26T19:02:21.267+0000] {processor.py:925} INFO - DAG(s) 'latest_only_with_trigger' retrieved from /home/airflow/.local/lib/python3.12/site-packages/airflow/example_dags/example_latest_only_with_trigger.py
[2025-08-26T19:02:21.276+0000] {logging_mixin.py:190} INFO - [2025-08-26T19:02:21.276+0000] {dag.py:3239} INFO - Sync 1 DAGs
[2025-08-26T19:02:21.285+0000] {logging_mixin.py:190} INFO - [2025-08-26T19:02:21.285+0000] {dag.py:4180} INFO - Setting next_dagrun for latest_only_with_trigger to 2025-08-26 12:00:00+00:00, run_after=2025-08-26 16:00:00+00:00
[2025-08-26T19:02:21.292+0000] {processor.py:208} INFO - Processing /home/airflow/.local/lib/python3.12/site-packages/airflow/example_dags/example_latest_only_with_trigger.py took 0.033 seconds
[2025-08-26T19:02:51.914+0000] {processor.py:186} INFO - Started process (PID=2486) to work on /home/airflow/.local/lib/python3.12/site-packages/airflow/example_dags/example_latest_only_with_trigger.py
[2025-08-26T19:02:51.916+0000] {processor.py:914} INFO - Processing file /home/airflow/.local/lib/python3.12/site-packages/airflow/example_dags/example_latest_only_with_trigger.py for tasks to queue
[2025-08-26T19:02:51.917+0000] {logging_mixin.py:190} INFO - [2025-08-26T19:02:51.917+0000] {dagbag.py:588} INFO - Filling up the DagBag from /home/airflow/.local/lib/python3.12/site-packages/airflow/example_dags/example_latest_only_with_trigger.py
[2025-08-26T19:02:51.920+0000] {processor.py:925} INFO - DAG(s) 'latest_only_with_trigger' retrieved from /home/airflow/.local/lib/python3.12/site-packages/airflow/example_dags/example_latest_only_with_trigger.py
[2025-08-26T19:02:51.928+0000] {logging_mixin.py:190} INFO - [2025-08-26T19:02:51.928+0000] {dag.py:3239} INFO - Sync 1 DAGs
[2025-08-26T19:02:51.937+0000] {logging_mixin.py:190} INFO - [2025-08-26T19:02:51.937+0000] {dag.py:4180} INFO - Setting next_dagrun for latest_only_with_trigger to 2025-08-26 12:00:00+00:00, run_after=2025-08-26 16:00:00+00:00
[2025-08-26T19:02:51.943+0000] {processor.py:208} INFO - Processing /home/airflow/.local/lib/python3.12/site-packages/airflow/example_dags/example_latest_only_with_trigger.py took 0.031 seconds
[2025-08-26T19:03:22.581+0000] {processor.py:186} INFO - Started process (PID=2549) to work on /home/airflow/.local/lib/python3.12/site-packages/airflow/example_dags/example_latest_only_with_trigger.py
[2025-08-26T19:03:22.584+0000] {processor.py:914} INFO - Processing file /home/airflow/.local/lib/python3.12/site-packages/airflow/example_dags/example_latest_only_with_trigger.py for tasks to queue
[2025-08-26T19:03:22.585+0000] {logging_mixin.py:190} INFO - [2025-08-26T19:03:22.584+0000] {dagbag.py:588} INFO - Filling up the DagBag from /home/airflow/.local/lib/python3.12/site-packages/airflow/example_dags/example_latest_only_with_trigger.py
[2025-08-26T19:03:22.587+0000] {processor.py:925} INFO - DAG(s) 'latest_only_with_trigger' retrieved from /home/airflow/.local/lib/python3.12/site-packages/airflow/example_dags/example_latest_only_with_trigger.py
[2025-08-26T19:03:22.595+0000] {logging_mixin.py:190} INFO - [2025-08-26T19:03:22.595+0000] {dag.py:3239} INFO - Sync 1 DAGs
[2025-08-26T19:03:22.603+0000] {logging_mixin.py:190} INFO - [2025-08-26T19:03:22.603+0000] {dag.py:4180} INFO - Setting next_dagrun for latest_only_with_trigger to 2025-08-26 12:00:00+00:00, run_after=2025-08-26 16:00:00+00:00
[2025-08-26T19:03:22.609+0000] {processor.py:208} INFO - Processing /home/airflow/.local/lib/python3.12/site-packages/airflow/example_dags/example_latest_only_with_trigger.py took 0.030 seconds
[2025-08-26T19:03:53.283+0000] {processor.py:186} INFO - Started process (PID=2612) to work on /home/airflow/.local/lib/python3.12/site-packages/airflow/example_dags/example_latest_only_with_trigger.py
[2025-08-26T19:03:53.284+0000] {processor.py:914} INFO - Processing file /home/airflow/.local/lib/python3.12/site-packages/airflow/example_dags/example_latest_only_with_trigger.py for tasks to queue
[2025-08-26T19:03:53.285+0000] {logging_mixin.py:190} INFO - [2025-08-26T19:03:53.284+0000] {dagbag.py:588} INFO - Filling up the DagBag from /home/airflow/.local/lib/python3.12/site-packages/airflow/example_dags/example_latest_only_with_trigger.py
[2025-08-26T19:03:53.287+0000] {processor.py:925} INFO - DAG(s) 'latest_only_with_trigger' retrieved from /home/airflow/.local/lib/python3.12/site-packages/airflow/example_dags/example_latest_only_with_trigger.py
[2025-08-26T19:03:53.295+0000] {logging_mixin.py:190} INFO - [2025-08-26T19:03:53.295+0000] {dag.py:3239} INFO - Sync 1 DAGs
[2025-08-26T19:03:53.303+0000] {logging_mixin.py:190} INFO - [2025-08-26T19:03:53.302+0000] {dag.py:4180} INFO - Setting next_dagrun for latest_only_with_trigger to 2025-08-26 12:00:00+00:00, run_after=2025-08-26 16:00:00+00:00
[2025-08-26T19:03:53.309+0000] {processor.py:208} INFO - Processing /home/airflow/.local/lib/python3.12/site-packages/airflow/example_dags/example_latest_only_with_trigger.py took 0.028 seconds
[2025-08-26T19:04:24.058+0000] {processor.py:186} INFO - Started process (PID=2675) to work on /home/airflow/.local/lib/python3.12/site-packages/airflow/example_dags/example_latest_only_with_trigger.py
[2025-08-26T19:04:24.059+0000] {processor.py:914} INFO - Processing file /home/airflow/.local/lib/python3.12/site-packages/airflow/example_dags/example_latest_only_with_trigger.py for tasks to queue
[2025-08-26T19:04:24.061+0000] {logging_mixin.py:190} INFO - [2025-08-26T19:04:24.061+0000] {dagbag.py:588} INFO - Filling up the DagBag from /home/airflow/.local/lib/python3.12/site-packages/airflow/example_dags/example_latest_only_with_trigger.py
[2025-08-26T19:04:24.064+0000] {processor.py:925} INFO - DAG(s) 'latest_only_with_trigger' retrieved from /home/airflow/.local/lib/python3.12/site-packages/airflow/example_dags/example_latest_only_with_trigger.py
[2025-08-26T19:04:24.072+0000] {logging_mixin.py:190} INFO - [2025-08-26T19:04:24.072+0000] {dag.py:3239} INFO - Sync 1 DAGs
[2025-08-26T19:04:24.082+0000] {logging_mixin.py:190} INFO - [2025-08-26T19:04:24.082+0000] {dag.py:4180} INFO - Setting next_dagrun for latest_only_with_trigger to 2025-08-26 12:00:00+00:00, run_after=2025-08-26 16:00:00+00:00
[2025-08-26T19:04:24.089+0000] {processor.py:208} INFO - Processing /home/airflow/.local/lib/python3.12/site-packages/airflow/example_dags/example_latest_only_with_trigger.py took 0.034 seconds
[2025-08-26T19:04:54.695+0000] {processor.py:186} INFO - Started process (PID=2738) to work on /home/airflow/.local/lib/python3.12/site-packages/airflow/example_dags/example_latest_only_with_trigger.py
[2025-08-26T19:04:54.697+0000] {processor.py:914} INFO - Processing file /home/airflow/.local/lib/python3.12/site-packages/airflow/example_dags/example_latest_only_with_trigger.py for tasks to queue
[2025-08-26T19:04:54.698+0000] {logging_mixin.py:190} INFO - [2025-08-26T19:04:54.698+0000] {dagbag.py:588} INFO - Filling up the DagBag from /home/airflow/.local/lib/python3.12/site-packages/airflow/example_dags/example_latest_only_with_trigger.py
[2025-08-26T19:04:54.701+0000] {processor.py:925} INFO - DAG(s) 'latest_only_with_trigger' retrieved from /home/airflow/.local/lib/python3.12/site-packages/airflow/example_dags/example_latest_only_with_trigger.py
[2025-08-26T19:04:54.709+0000] {logging_mixin.py:190} INFO - [2025-08-26T19:04:54.709+0000] {dag.py:3239} INFO - Sync 1 DAGs
[2025-08-26T19:04:54.717+0000] {logging_mixin.py:190} INFO - [2025-08-26T19:04:54.717+0000] {dag.py:4180} INFO - Setting next_dagrun for latest_only_with_trigger to 2025-08-26 12:00:00+00:00, run_after=2025-08-26 16:00:00+00:00
[2025-08-26T19:04:54.724+0000] {processor.py:208} INFO - Processing /home/airflow/.local/lib/python3.12/site-packages/airflow/example_dags/example_latest_only_with_trigger.py took 0.031 seconds
[2025-08-26T19:05:25.420+0000] {processor.py:186} INFO - Started process (PID=2801) to work on /home/airflow/.local/lib/python3.12/site-packages/airflow/example_dags/example_latest_only_with_trigger.py
[2025-08-26T19:05:25.421+0000] {processor.py:914} INFO - Processing file /home/airflow/.local/lib/python3.12/site-packages/airflow/example_dags/example_latest_only_with_trigger.py for tasks to queue
[2025-08-26T19:05:25.422+0000] {logging_mixin.py:190} INFO - [2025-08-26T19:05:25.421+0000] {dagbag.py:588} INFO - Filling up the DagBag from /home/airflow/.local/lib/python3.12/site-packages/airflow/example_dags/example_latest_only_with_trigger.py
[2025-08-26T19:05:25.424+0000] {processor.py:925} INFO - DAG(s) 'latest_only_with_trigger' retrieved from /home/airflow/.local/lib/python3.12/site-packages/airflow/example_dags/example_latest_only_with_trigger.py
[2025-08-26T19:05:25.432+0000] {logging_mixin.py:190} INFO - [2025-08-26T19:05:25.432+0000] {dag.py:3239} INFO - Sync 1 DAGs
[2025-08-26T19:05:25.440+0000] {logging_mixin.py:190} INFO - [2025-08-26T19:05:25.440+0000] {dag.py:4180} INFO - Setting next_dagrun for latest_only_with_trigger to 2025-08-26 12:00:00+00:00, run_after=2025-08-26 16:00:00+00:00
[2025-08-26T19:05:25.446+0000] {processor.py:208} INFO - Processing /home/airflow/.local/lib/python3.12/site-packages/airflow/example_dags/example_latest_only_with_trigger.py took 0.028 seconds
[2025-08-26T19:05:56.137+0000] {processor.py:186} INFO - Started process (PID=2864) to work on /home/airflow/.local/lib/python3.12/site-packages/airflow/example_dags/example_latest_only_with_trigger.py
[2025-08-26T19:05:56.139+0000] {processor.py:914} INFO - Processing file /home/airflow/.local/lib/python3.12/site-packages/airflow/example_dags/example_latest_only_with_trigger.py for tasks to queue
[2025-08-26T19:05:56.140+0000] {logging_mixin.py:190} INFO - [2025-08-26T19:05:56.140+0000] {dagbag.py:588} INFO - Filling up the DagBag from /home/airflow/.local/lib/python3.12/site-packages/airflow/example_dags/example_latest_only_with_trigger.py
[2025-08-26T19:05:56.143+0000] {processor.py:925} INFO - DAG(s) 'latest_only_with_trigger' retrieved from /home/airflow/.local/lib/python3.12/site-packages/airflow/example_dags/example_latest_only_with_trigger.py
[2025-08-26T19:05:56.151+0000] {logging_mixin.py:190} INFO - [2025-08-26T19:05:56.151+0000] {dag.py:3239} INFO - Sync 1 DAGs
[2025-08-26T19:05:56.160+0000] {logging_mixin.py:190} INFO - [2025-08-26T19:05:56.160+0000] {dag.py:4180} INFO - Setting next_dagrun for latest_only_with_trigger to 2025-08-26 12:00:00+00:00, run_after=2025-08-26 16:00:00+00:00
[2025-08-26T19:05:56.172+0000] {processor.py:208} INFO - Processing /home/airflow/.local/lib/python3.12/site-packages/airflow/example_dags/example_latest_only_with_trigger.py took 0.037 seconds
[2025-08-26T19:06:26.783+0000] {processor.py:186} INFO - Started process (PID=2927) to work on /home/airflow/.local/lib/python3.12/site-packages/airflow/example_dags/example_latest_only_with_trigger.py
[2025-08-26T19:06:26.784+0000] {processor.py:914} INFO - Processing file /home/airflow/.local/lib/python3.12/site-packages/airflow/example_dags/example_latest_only_with_trigger.py for tasks to queue
[2025-08-26T19:06:26.784+0000] {logging_mixin.py:190} INFO - [2025-08-26T19:06:26.784+0000] {dagbag.py:588} INFO - Filling up the DagBag from /home/airflow/.local/lib/python3.12/site-packages/airflow/example_dags/example_latest_only_with_trigger.py
[2025-08-26T19:06:26.787+0000] {processor.py:925} INFO - DAG(s) 'latest_only_with_trigger' retrieved from /home/airflow/.local/lib/python3.12/site-packages/airflow/example_dags/example_latest_only_with_trigger.py
[2025-08-26T19:06:26.795+0000] {logging_mixin.py:190} INFO - [2025-08-26T19:06:26.795+0000] {dag.py:3239} INFO - Sync 1 DAGs
[2025-08-26T19:06:26.803+0000] {logging_mixin.py:190} INFO - [2025-08-26T19:06:26.803+0000] {dag.py:4180} INFO - Setting next_dagrun for latest_only_with_trigger to 2025-08-26 12:00:00+00:00, run_after=2025-08-26 16:00:00+00:00
[2025-08-26T19:06:26.818+0000] {processor.py:208} INFO - Processing /home/airflow/.local/lib/python3.12/site-packages/airflow/example_dags/example_latest_only_with_trigger.py took 0.037 seconds
[2025-08-26T19:06:57.448+0000] {processor.py:186} INFO - Started process (PID=2990) to work on /home/airflow/.local/lib/python3.12/site-packages/airflow/example_dags/example_latest_only_with_trigger.py
[2025-08-26T19:06:57.449+0000] {processor.py:914} INFO - Processing file /home/airflow/.local/lib/python3.12/site-packages/airflow/example_dags/example_latest_only_with_trigger.py for tasks to queue
[2025-08-26T19:06:57.450+0000] {logging_mixin.py:190} INFO - [2025-08-26T19:06:57.450+0000] {dagbag.py:588} INFO - Filling up the DagBag from /home/airflow/.local/lib/python3.12/site-packages/airflow/example_dags/example_latest_only_with_trigger.py
[2025-08-26T19:06:57.453+0000] {processor.py:925} INFO - DAG(s) 'latest_only_with_trigger' retrieved from /home/airflow/.local/lib/python3.12/site-packages/airflow/example_dags/example_latest_only_with_trigger.py
[2025-08-26T19:06:57.461+0000] {logging_mixin.py:190} INFO - [2025-08-26T19:06:57.461+0000] {dag.py:3239} INFO - Sync 1 DAGs
[2025-08-26T19:06:57.469+0000] {logging_mixin.py:190} INFO - [2025-08-26T19:06:57.469+0000] {dag.py:4180} INFO - Setting next_dagrun for latest_only_with_trigger to 2025-08-26 12:00:00+00:00, run_after=2025-08-26 16:00:00+00:00
[2025-08-26T19:06:57.477+0000] {processor.py:208} INFO - Processing /home/airflow/.local/lib/python3.12/site-packages/airflow/example_dags/example_latest_only_with_trigger.py took 0.031 seconds
[2025-08-26T19:07:28.170+0000] {processor.py:186} INFO - Started process (PID=3053) to work on /home/airflow/.local/lib/python3.12/site-packages/airflow/example_dags/example_latest_only_with_trigger.py
[2025-08-26T19:07:28.172+0000] {processor.py:914} INFO - Processing file /home/airflow/.local/lib/python3.12/site-packages/airflow/example_dags/example_latest_only_with_trigger.py for tasks to queue
[2025-08-26T19:07:28.173+0000] {logging_mixin.py:190} INFO - [2025-08-26T19:07:28.172+0000] {dagbag.py:588} INFO - Filling up the DagBag from /home/airflow/.local/lib/python3.12/site-packages/airflow/example_dags/example_latest_only_with_trigger.py
[2025-08-26T19:07:28.176+0000] {processor.py:925} INFO - DAG(s) 'latest_only_with_trigger' retrieved from /home/airflow/.local/lib/python3.12/site-packages/airflow/example_dags/example_latest_only_with_trigger.py
[2025-08-26T19:07:28.185+0000] {logging_mixin.py:190} INFO - [2025-08-26T19:07:28.184+0000] {dag.py:3239} INFO - Sync 1 DAGs
[2025-08-26T19:07:28.192+0000] {logging_mixin.py:190} INFO - [2025-08-26T19:07:28.192+0000] {dag.py:4180} INFO - Setting next_dagrun for latest_only_with_trigger to 2025-08-26 12:00:00+00:00, run_after=2025-08-26 16:00:00+00:00
[2025-08-26T19:07:28.199+0000] {processor.py:208} INFO - Processing /home/airflow/.local/lib/python3.12/site-packages/airflow/example_dags/example_latest_only_with_trigger.py took 0.031 seconds
[2025-08-26T19:07:58.801+0000] {processor.py:186} INFO - Started process (PID=3116) to work on /home/airflow/.local/lib/python3.12/site-packages/airflow/example_dags/example_latest_only_with_trigger.py
[2025-08-26T19:07:58.802+0000] {processor.py:914} INFO - Processing file /home/airflow/.local/lib/python3.12/site-packages/airflow/example_dags/example_latest_only_with_trigger.py for tasks to queue
[2025-08-26T19:07:58.803+0000] {logging_mixin.py:190} INFO - [2025-08-26T19:07:58.803+0000] {dagbag.py:588} INFO - Filling up the DagBag from /home/airflow/.local/lib/python3.12/site-packages/airflow/example_dags/example_latest_only_with_trigger.py
[2025-08-26T19:07:58.807+0000] {processor.py:925} INFO - DAG(s) 'latest_only_with_trigger' retrieved from /home/airflow/.local/lib/python3.12/site-packages/airflow/example_dags/example_latest_only_with_trigger.py
[2025-08-26T19:07:58.815+0000] {logging_mixin.py:190} INFO - [2025-08-26T19:07:58.815+0000] {dag.py:3239} INFO - Sync 1 DAGs
[2025-08-26T19:07:58.823+0000] {logging_mixin.py:190} INFO - [2025-08-26T19:07:58.823+0000] {dag.py:4180} INFO - Setting next_dagrun for latest_only_with_trigger to 2025-08-26 12:00:00+00:00, run_after=2025-08-26 16:00:00+00:00
[2025-08-26T19:07:58.831+0000] {processor.py:208} INFO - Processing /home/airflow/.local/lib/python3.12/site-packages/airflow/example_dags/example_latest_only_with_trigger.py took 0.032 seconds
[2025-08-26T19:08:29.423+0000] {processor.py:186} INFO - Started process (PID=3179) to work on /home/airflow/.local/lib/python3.12/site-packages/airflow/example_dags/example_latest_only_with_trigger.py
[2025-08-26T19:08:29.425+0000] {processor.py:914} INFO - Processing file /home/airflow/.local/lib/python3.12/site-packages/airflow/example_dags/example_latest_only_with_trigger.py for tasks to queue
[2025-08-26T19:08:29.426+0000] {logging_mixin.py:190} INFO - [2025-08-26T19:08:29.426+0000] {dagbag.py:588} INFO - Filling up the DagBag from /home/airflow/.local/lib/python3.12/site-packages/airflow/example_dags/example_latest_only_with_trigger.py
[2025-08-26T19:08:29.429+0000] {processor.py:925} INFO - DAG(s) 'latest_only_with_trigger' retrieved from /home/airflow/.local/lib/python3.12/site-packages/airflow/example_dags/example_latest_only_with_trigger.py
[2025-08-26T19:08:29.436+0000] {logging_mixin.py:190} INFO - [2025-08-26T19:08:29.436+0000] {dag.py:3239} INFO - Sync 1 DAGs
[2025-08-26T19:08:29.444+0000] {logging_mixin.py:190} INFO - [2025-08-26T19:08:29.444+0000] {dag.py:4180} INFO - Setting next_dagrun for latest_only_with_trigger to 2025-08-26 12:00:00+00:00, run_after=2025-08-26 16:00:00+00:00
[2025-08-26T19:08:29.451+0000] {processor.py:208} INFO - Processing /home/airflow/.local/lib/python3.12/site-packages/airflow/example_dags/example_latest_only_with_trigger.py took 0.031 seconds
[2025-08-26T19:09:00.167+0000] {processor.py:186} INFO - Started process (PID=3242) to work on /home/airflow/.local/lib/python3.12/site-packages/airflow/example_dags/example_latest_only_with_trigger.py
[2025-08-26T19:09:00.169+0000] {processor.py:914} INFO - Processing file /home/airflow/.local/lib/python3.12/site-packages/airflow/example_dags/example_latest_only_with_trigger.py for tasks to queue
[2025-08-26T19:09:00.170+0000] {logging_mixin.py:190} INFO - [2025-08-26T19:09:00.170+0000] {dagbag.py:588} INFO - Filling up the DagBag from /home/airflow/.local/lib/python3.12/site-packages/airflow/example_dags/example_latest_only_with_trigger.py
[2025-08-26T19:09:00.173+0000] {processor.py:925} INFO - DAG(s) 'latest_only_with_trigger' retrieved from /home/airflow/.local/lib/python3.12/site-packages/airflow/example_dags/example_latest_only_with_trigger.py
[2025-08-26T19:09:00.181+0000] {logging_mixin.py:190} INFO - [2025-08-26T19:09:00.180+0000] {dag.py:3239} INFO - Sync 1 DAGs
[2025-08-26T19:09:00.188+0000] {logging_mixin.py:190} INFO - [2025-08-26T19:09:00.188+0000] {dag.py:4180} INFO - Setting next_dagrun for latest_only_with_trigger to 2025-08-26 12:00:00+00:00, run_after=2025-08-26 16:00:00+00:00
[2025-08-26T19:09:00.195+0000] {processor.py:208} INFO - Processing /home/airflow/.local/lib/python3.12/site-packages/airflow/example_dags/example_latest_only_with_trigger.py took 0.030 seconds
[2025-08-26T19:09:30.875+0000] {processor.py:186} INFO - Started process (PID=3305) to work on /home/airflow/.local/lib/python3.12/site-packages/airflow/example_dags/example_latest_only_with_trigger.py
[2025-08-26T19:09:30.877+0000] {processor.py:914} INFO - Processing file /home/airflow/.local/lib/python3.12/site-packages/airflow/example_dags/example_latest_only_with_trigger.py for tasks to queue
[2025-08-26T19:09:30.878+0000] {logging_mixin.py:190} INFO - [2025-08-26T19:09:30.878+0000] {dagbag.py:588} INFO - Filling up the DagBag from /home/airflow/.local/lib/python3.12/site-packages/airflow/example_dags/example_latest_only_with_trigger.py
[2025-08-26T19:09:30.881+0000] {processor.py:925} INFO - DAG(s) 'latest_only_with_trigger' retrieved from /home/airflow/.local/lib/python3.12/site-packages/airflow/example_dags/example_latest_only_with_trigger.py
[2025-08-26T19:09:30.888+0000] {logging_mixin.py:190} INFO - [2025-08-26T19:09:30.888+0000] {dag.py:3239} INFO - Sync 1 DAGs
[2025-08-26T19:09:30.896+0000] {logging_mixin.py:190} INFO - [2025-08-26T19:09:30.896+0000] {dag.py:4180} INFO - Setting next_dagrun for latest_only_with_trigger to 2025-08-26 12:00:00+00:00, run_after=2025-08-26 16:00:00+00:00
[2025-08-26T19:09:30.903+0000] {processor.py:208} INFO - Processing /home/airflow/.local/lib/python3.12/site-packages/airflow/example_dags/example_latest_only_with_trigger.py took 0.031 seconds
[2025-08-26T19:10:01.604+0000] {processor.py:186} INFO - Started process (PID=3368) to work on /home/airflow/.local/lib/python3.12/site-packages/airflow/example_dags/example_latest_only_with_trigger.py
[2025-08-26T19:10:01.606+0000] {processor.py:914} INFO - Processing file /home/airflow/.local/lib/python3.12/site-packages/airflow/example_dags/example_latest_only_with_trigger.py for tasks to queue
[2025-08-26T19:10:01.607+0000] {logging_mixin.py:190} INFO - [2025-08-26T19:10:01.606+0000] {dagbag.py:588} INFO - Filling up the DagBag from /home/airflow/.local/lib/python3.12/site-packages/airflow/example_dags/example_latest_only_with_trigger.py
[2025-08-26T19:10:01.610+0000] {processor.py:925} INFO - DAG(s) 'latest_only_with_trigger' retrieved from /home/airflow/.local/lib/python3.12/site-packages/airflow/example_dags/example_latest_only_with_trigger.py
[2025-08-26T19:10:01.617+0000] {logging_mixin.py:190} INFO - [2025-08-26T19:10:01.617+0000] {dag.py:3239} INFO - Sync 1 DAGs
[2025-08-26T19:10:01.625+0000] {logging_mixin.py:190} INFO - [2025-08-26T19:10:01.625+0000] {dag.py:4180} INFO - Setting next_dagrun for latest_only_with_trigger to 2025-08-26 12:00:00+00:00, run_after=2025-08-26 16:00:00+00:00
[2025-08-26T19:10:01.633+0000] {processor.py:208} INFO - Processing /home/airflow/.local/lib/python3.12/site-packages/airflow/example_dags/example_latest_only_with_trigger.py took 0.032 seconds
[2025-08-26T19:10:32.394+0000] {processor.py:186} INFO - Started process (PID=3431) to work on /home/airflow/.local/lib/python3.12/site-packages/airflow/example_dags/example_latest_only_with_trigger.py
[2025-08-26T19:10:32.397+0000] {processor.py:914} INFO - Processing file /home/airflow/.local/lib/python3.12/site-packages/airflow/example_dags/example_latest_only_with_trigger.py for tasks to queue
[2025-08-26T19:10:32.397+0000] {logging_mixin.py:190} INFO - [2025-08-26T19:10:32.397+0000] {dagbag.py:588} INFO - Filling up the DagBag from /home/airflow/.local/lib/python3.12/site-packages/airflow/example_dags/example_latest_only_with_trigger.py
[2025-08-26T19:10:32.400+0000] {processor.py:925} INFO - DAG(s) 'latest_only_with_trigger' retrieved from /home/airflow/.local/lib/python3.12/site-packages/airflow/example_dags/example_latest_only_with_trigger.py
[2025-08-26T19:10:32.408+0000] {logging_mixin.py:190} INFO - [2025-08-26T19:10:32.408+0000] {dag.py:3239} INFO - Sync 1 DAGs
[2025-08-26T19:10:32.416+0000] {logging_mixin.py:190} INFO - [2025-08-26T19:10:32.416+0000] {dag.py:4180} INFO - Setting next_dagrun for latest_only_with_trigger to 2025-08-26 12:00:00+00:00, run_after=2025-08-26 16:00:00+00:00
[2025-08-26T19:10:32.424+0000] {processor.py:208} INFO - Processing /home/airflow/.local/lib/python3.12/site-packages/airflow/example_dags/example_latest_only_with_trigger.py took 0.032 seconds
[2025-08-26T19:11:03.133+0000] {processor.py:186} INFO - Started process (PID=3494) to work on /home/airflow/.local/lib/python3.12/site-packages/airflow/example_dags/example_latest_only_with_trigger.py
[2025-08-26T19:11:03.135+0000] {processor.py:914} INFO - Processing file /home/airflow/.local/lib/python3.12/site-packages/airflow/example_dags/example_latest_only_with_trigger.py for tasks to queue
[2025-08-26T19:11:03.136+0000] {logging_mixin.py:190} INFO - [2025-08-26T19:11:03.136+0000] {dagbag.py:588} INFO - Filling up the DagBag from /home/airflow/.local/lib/python3.12/site-packages/airflow/example_dags/example_latest_only_with_trigger.py
[2025-08-26T19:11:03.139+0000] {processor.py:925} INFO - DAG(s) 'latest_only_with_trigger' retrieved from /home/airflow/.local/lib/python3.12/site-packages/airflow/example_dags/example_latest_only_with_trigger.py
[2025-08-26T19:11:03.147+0000] {logging_mixin.py:190} INFO - [2025-08-26T19:11:03.147+0000] {dag.py:3239} INFO - Sync 1 DAGs
[2025-08-26T19:11:03.155+0000] {logging_mixin.py:190} INFO - [2025-08-26T19:11:03.155+0000] {dag.py:4180} INFO - Setting next_dagrun for latest_only_with_trigger to 2025-08-26 12:00:00+00:00, run_after=2025-08-26 16:00:00+00:00
[2025-08-26T19:11:03.162+0000] {processor.py:208} INFO - Processing /home/airflow/.local/lib/python3.12/site-packages/airflow/example_dags/example_latest_only_with_trigger.py took 0.031 seconds
[2025-08-26T19:11:33.968+0000] {processor.py:186} INFO - Started process (PID=3557) to work on /home/airflow/.local/lib/python3.12/site-packages/airflow/example_dags/example_latest_only_with_trigger.py
[2025-08-26T19:11:33.971+0000] {processor.py:914} INFO - Processing file /home/airflow/.local/lib/python3.12/site-packages/airflow/example_dags/example_latest_only_with_trigger.py for tasks to queue
[2025-08-26T19:11:33.972+0000] {logging_mixin.py:190} INFO - [2025-08-26T19:11:33.972+0000] {dagbag.py:588} INFO - Filling up the DagBag from /home/airflow/.local/lib/python3.12/site-packages/airflow/example_dags/example_latest_only_with_trigger.py
[2025-08-26T19:11:33.975+0000] {processor.py:925} INFO - DAG(s) 'latest_only_with_trigger' retrieved from /home/airflow/.local/lib/python3.12/site-packages/airflow/example_dags/example_latest_only_with_trigger.py
[2025-08-26T19:11:33.982+0000] {logging_mixin.py:190} INFO - [2025-08-26T19:11:33.982+0000] {dag.py:3239} INFO - Sync 1 DAGs
[2025-08-26T19:11:33.990+0000] {logging_mixin.py:190} INFO - [2025-08-26T19:11:33.990+0000] {dag.py:4180} INFO - Setting next_dagrun for latest_only_with_trigger to 2025-08-26 12:00:00+00:00, run_after=2025-08-26 16:00:00+00:00
[2025-08-26T19:11:33.997+0000] {processor.py:208} INFO - Processing /home/airflow/.local/lib/python3.12/site-packages/airflow/example_dags/example_latest_only_with_trigger.py took 0.031 seconds
[2025-08-26T19:12:04.675+0000] {processor.py:186} INFO - Started process (PID=3620) to work on /home/airflow/.local/lib/python3.12/site-packages/airflow/example_dags/example_latest_only_with_trigger.py
[2025-08-26T19:12:04.677+0000] {processor.py:914} INFO - Processing file /home/airflow/.local/lib/python3.12/site-packages/airflow/example_dags/example_latest_only_with_trigger.py for tasks to queue
[2025-08-26T19:12:04.678+0000] {logging_mixin.py:190} INFO - [2025-08-26T19:12:04.678+0000] {dagbag.py:588} INFO - Filling up the DagBag from /home/airflow/.local/lib/python3.12/site-packages/airflow/example_dags/example_latest_only_with_trigger.py
[2025-08-26T19:12:04.681+0000] {processor.py:925} INFO - DAG(s) 'latest_only_with_trigger' retrieved from /home/airflow/.local/lib/python3.12/site-packages/airflow/example_dags/example_latest_only_with_trigger.py
[2025-08-26T19:12:04.689+0000] {logging_mixin.py:190} INFO - [2025-08-26T19:12:04.689+0000] {dag.py:3239} INFO - Sync 1 DAGs
[2025-08-26T19:12:04.697+0000] {logging_mixin.py:190} INFO - [2025-08-26T19:12:04.697+0000] {dag.py:4180} INFO - Setting next_dagrun for latest_only_with_trigger to 2025-08-26 12:00:00+00:00, run_after=2025-08-26 16:00:00+00:00
[2025-08-26T19:12:04.703+0000] {processor.py:208} INFO - Processing /home/airflow/.local/lib/python3.12/site-packages/airflow/example_dags/example_latest_only_with_trigger.py took 0.030 seconds
[2025-08-26T19:12:35.545+0000] {processor.py:186} INFO - Started process (PID=3683) to work on /home/airflow/.local/lib/python3.12/site-packages/airflow/example_dags/example_latest_only_with_trigger.py
[2025-08-26T19:12:35.547+0000] {processor.py:914} INFO - Processing file /home/airflow/.local/lib/python3.12/site-packages/airflow/example_dags/example_latest_only_with_trigger.py for tasks to queue
[2025-08-26T19:12:35.548+0000] {logging_mixin.py:190} INFO - [2025-08-26T19:12:35.548+0000] {dagbag.py:588} INFO - Filling up the DagBag from /home/airflow/.local/lib/python3.12/site-packages/airflow/example_dags/example_latest_only_with_trigger.py
[2025-08-26T19:12:35.551+0000] {processor.py:925} INFO - DAG(s) 'latest_only_with_trigger' retrieved from /home/airflow/.local/lib/python3.12/site-packages/airflow/example_dags/example_latest_only_with_trigger.py
[2025-08-26T19:12:35.558+0000] {logging_mixin.py:190} INFO - [2025-08-26T19:12:35.558+0000] {dag.py:3239} INFO - Sync 1 DAGs
[2025-08-26T19:12:35.566+0000] {logging_mixin.py:190} INFO - [2025-08-26T19:12:35.566+0000] {dag.py:4180} INFO - Setting next_dagrun for latest_only_with_trigger to 2025-08-26 12:00:00+00:00, run_after=2025-08-26 16:00:00+00:00
[2025-08-26T19:12:35.572+0000] {processor.py:208} INFO - Processing /home/airflow/.local/lib/python3.12/site-packages/airflow/example_dags/example_latest_only_with_trigger.py took 0.030 seconds
[2025-08-26T19:13:06.507+0000] {processor.py:186} INFO - Started process (PID=3746) to work on /home/airflow/.local/lib/python3.12/site-packages/airflow/example_dags/example_latest_only_with_trigger.py
[2025-08-26T19:13:06.508+0000] {processor.py:914} INFO - Processing file /home/airflow/.local/lib/python3.12/site-packages/airflow/example_dags/example_latest_only_with_trigger.py for tasks to queue
[2025-08-26T19:13:06.510+0000] {logging_mixin.py:190} INFO - [2025-08-26T19:13:06.510+0000] {dagbag.py:588} INFO - Filling up the DagBag from /home/airflow/.local/lib/python3.12/site-packages/airflow/example_dags/example_latest_only_with_trigger.py
[2025-08-26T19:13:06.513+0000] {processor.py:925} INFO - DAG(s) 'latest_only_with_trigger' retrieved from /home/airflow/.local/lib/python3.12/site-packages/airflow/example_dags/example_latest_only_with_trigger.py
[2025-08-26T19:13:06.522+0000] {logging_mixin.py:190} INFO - [2025-08-26T19:13:06.521+0000] {dag.py:3239} INFO - Sync 1 DAGs
[2025-08-26T19:13:06.530+0000] {logging_mixin.py:190} INFO - [2025-08-26T19:13:06.529+0000] {dag.py:4180} INFO - Setting next_dagrun for latest_only_with_trigger to 2025-08-26 12:00:00+00:00, run_after=2025-08-26 16:00:00+00:00
[2025-08-26T19:13:06.537+0000] {processor.py:208} INFO - Processing /home/airflow/.local/lib/python3.12/site-packages/airflow/example_dags/example_latest_only_with_trigger.py took 0.032 seconds
[2025-08-26T19:13:37.419+0000] {processor.py:186} INFO - Started process (PID=3809) to work on /home/airflow/.local/lib/python3.12/site-packages/airflow/example_dags/example_latest_only_with_trigger.py
[2025-08-26T19:13:37.421+0000] {processor.py:914} INFO - Processing file /home/airflow/.local/lib/python3.12/site-packages/airflow/example_dags/example_latest_only_with_trigger.py for tasks to queue
[2025-08-26T19:13:37.422+0000] {logging_mixin.py:190} INFO - [2025-08-26T19:13:37.422+0000] {dagbag.py:588} INFO - Filling up the DagBag from /home/airflow/.local/lib/python3.12/site-packages/airflow/example_dags/example_latest_only_with_trigger.py
[2025-08-26T19:13:37.425+0000] {processor.py:925} INFO - DAG(s) 'latest_only_with_trigger' retrieved from /home/airflow/.local/lib/python3.12/site-packages/airflow/example_dags/example_latest_only_with_trigger.py
[2025-08-26T19:13:37.433+0000] {logging_mixin.py:190} INFO - [2025-08-26T19:13:37.433+0000] {dag.py:3239} INFO - Sync 1 DAGs
[2025-08-26T19:13:37.441+0000] {logging_mixin.py:190} INFO - [2025-08-26T19:13:37.441+0000] {dag.py:4180} INFO - Setting next_dagrun for latest_only_with_trigger to 2025-08-26 12:00:00+00:00, run_after=2025-08-26 16:00:00+00:00
[2025-08-26T19:13:37.448+0000] {processor.py:208} INFO - Processing /home/airflow/.local/lib/python3.12/site-packages/airflow/example_dags/example_latest_only_with_trigger.py took 0.031 seconds
[2025-08-26T19:14:08.317+0000] {processor.py:186} INFO - Started process (PID=3872) to work on /home/airflow/.local/lib/python3.12/site-packages/airflow/example_dags/example_latest_only_with_trigger.py
[2025-08-26T19:14:08.317+0000] {processor.py:914} INFO - Processing file /home/airflow/.local/lib/python3.12/site-packages/airflow/example_dags/example_latest_only_with_trigger.py for tasks to queue
[2025-08-26T19:14:08.318+0000] {logging_mixin.py:190} INFO - [2025-08-26T19:14:08.318+0000] {dagbag.py:588} INFO - Filling up the DagBag from /home/airflow/.local/lib/python3.12/site-packages/airflow/example_dags/example_latest_only_with_trigger.py
[2025-08-26T19:14:08.321+0000] {processor.py:925} INFO - DAG(s) 'latest_only_with_trigger' retrieved from /home/airflow/.local/lib/python3.12/site-packages/airflow/example_dags/example_latest_only_with_trigger.py
[2025-08-26T19:14:08.329+0000] {logging_mixin.py:190} INFO - [2025-08-26T19:14:08.329+0000] {dag.py:3239} INFO - Sync 1 DAGs
[2025-08-26T19:14:08.337+0000] {logging_mixin.py:190} INFO - [2025-08-26T19:14:08.337+0000] {dag.py:4180} INFO - Setting next_dagrun for latest_only_with_trigger to 2025-08-26 12:00:00+00:00, run_after=2025-08-26 16:00:00+00:00
[2025-08-26T19:14:08.343+0000] {processor.py:208} INFO - Processing /home/airflow/.local/lib/python3.12/site-packages/airflow/example_dags/example_latest_only_with_trigger.py took 0.029 seconds
[2025-08-26T19:14:38.368+0000] {processor.py:186} INFO - Started process (PID=3935) to work on /home/airflow/.local/lib/python3.12/site-packages/airflow/example_dags/example_latest_only_with_trigger.py
[2025-08-26T19:14:38.370+0000] {processor.py:914} INFO - Processing file /home/airflow/.local/lib/python3.12/site-packages/airflow/example_dags/example_latest_only_with_trigger.py for tasks to queue
[2025-08-26T19:14:38.371+0000] {logging_mixin.py:190} INFO - [2025-08-26T19:14:38.371+0000] {dagbag.py:588} INFO - Filling up the DagBag from /home/airflow/.local/lib/python3.12/site-packages/airflow/example_dags/example_latest_only_with_trigger.py
[2025-08-26T19:14:38.374+0000] {processor.py:925} INFO - DAG(s) 'latest_only_with_trigger' retrieved from /home/airflow/.local/lib/python3.12/site-packages/airflow/example_dags/example_latest_only_with_trigger.py
[2025-08-26T19:14:38.380+0000] {logging_mixin.py:190} INFO - [2025-08-26T19:14:38.380+0000] {dag.py:3239} INFO - Sync 1 DAGs
[2025-08-26T19:14:38.387+0000] {logging_mixin.py:190} INFO - [2025-08-26T19:14:38.387+0000] {dag.py:4180} INFO - Setting next_dagrun for latest_only_with_trigger to 2025-08-26 12:00:00+00:00, run_after=2025-08-26 16:00:00+00:00
[2025-08-26T19:14:38.392+0000] {processor.py:208} INFO - Processing /home/airflow/.local/lib/python3.12/site-packages/airflow/example_dags/example_latest_only_with_trigger.py took 0.026 seconds
