[2025-08-26T15:43:51.226+0000] {processor.py:186} INFO - Started process (PID=95) to work on /home/airflow/.local/lib/python3.12/site-packages/airflow/example_dags/example_branch_python_dop_operator_3.py
[2025-08-26T15:43:51.226+0000] {processor.py:914} INFO - Processing file /home/airflow/.local/lib/python3.12/site-packages/airflow/example_dags/example_branch_python_dop_operator_3.py for tasks to queue
[2025-08-26T15:43:51.227+0000] {logging_mixin.py:190} INFO - [2025-08-26T15:43:51.227+0000] {dagbag.py:588} INFO - Filling up the DagBag from /home/airflow/.local/lib/python3.12/site-packages/airflow/example_dags/example_branch_python_dop_operator_3.py
[2025-08-26T15:43:51.231+0000] {processor.py:925} INFO - DAG(s) 'example_branch_dop_operator_v3' retrieved from /home/airflow/.local/lib/python3.12/site-packages/airflow/example_dags/example_branch_python_dop_operator_3.py
[2025-08-26T15:43:51.266+0000] {logging_mixin.py:190} INFO - [2025-08-26T15:43:51.266+0000] {override.py:1900} INFO - Created Permission View: can edit on DAG:example_branch_dop_operator_v3
[2025-08-26T15:43:51.271+0000] {logging_mixin.py:190} INFO - [2025-08-26T15:43:51.271+0000] {override.py:1900} INFO - Created Permission View: can delete on DAG:example_branch_dop_operator_v3
[2025-08-26T15:43:51.274+0000] {logging_mixin.py:190} INFO - [2025-08-26T15:43:51.274+0000] {override.py:1900} INFO - Created Permission View: can read on DAG:example_branch_dop_operator_v3
[2025-08-26T15:43:51.276+0000] {logging_mixin.py:190} INFO - [2025-08-26T15:43:51.276+0000] {override.py:1900} INFO - Created Permission View: can create on DAG Run:example_branch_dop_operator_v3
[2025-08-26T15:43:51.279+0000] {logging_mixin.py:190} INFO - [2025-08-26T15:43:51.279+0000] {override.py:1900} INFO - Created Permission View: can delete on DAG Run:example_branch_dop_operator_v3
[2025-08-26T15:43:51.281+0000] {logging_mixin.py:190} INFO - [2025-08-26T15:43:51.281+0000] {override.py:1900} INFO - Created Permission View: menu access on DAG Run:example_branch_dop_operator_v3
[2025-08-26T15:43:51.283+0000] {logging_mixin.py:190} INFO - [2025-08-26T15:43:51.283+0000] {override.py:1900} INFO - Created Permission View: can read on DAG Run:example_branch_dop_operator_v3
[2025-08-26T15:43:51.283+0000] {logging_mixin.py:190} INFO - [2025-08-26T15:43:51.283+0000] {dag.py:3239} INFO - Sync 1 DAGs
[2025-08-26T15:43:51.287+0000] {logging_mixin.py:190} INFO - [2025-08-26T15:43:51.287+0000] {dag.py:3262} INFO - Creating ORM DAG for example_branch_dop_operator_v3
[2025-08-26T15:43:51.291+0000] {logging_mixin.py:190} INFO - [2025-08-26T15:43:51.291+0000] {dag.py:4180} INFO - Setting next_dagrun for example_branch_dop_operator_v3 to 2025-08-26 15:42:00+00:00, run_after=2025-08-26 15:43:00+00:00
[2025-08-26T15:43:51.298+0000] {processor.py:208} INFO - Processing /home/airflow/.local/lib/python3.12/site-packages/airflow/example_dags/example_branch_python_dop_operator_3.py took 0.074 seconds
[2025-08-26T15:44:21.932+0000] {processor.py:186} INFO - Started process (PID=158) to work on /home/airflow/.local/lib/python3.12/site-packages/airflow/example_dags/example_branch_python_dop_operator_3.py
[2025-08-26T15:44:21.933+0000] {processor.py:914} INFO - Processing file /home/airflow/.local/lib/python3.12/site-packages/airflow/example_dags/example_branch_python_dop_operator_3.py for tasks to queue
[2025-08-26T15:44:21.934+0000] {logging_mixin.py:190} INFO - [2025-08-26T15:44:21.934+0000] {dagbag.py:588} INFO - Filling up the DagBag from /home/airflow/.local/lib/python3.12/site-packages/airflow/example_dags/example_branch_python_dop_operator_3.py
[2025-08-26T15:44:21.938+0000] {processor.py:925} INFO - DAG(s) 'example_branch_dop_operator_v3' retrieved from /home/airflow/.local/lib/python3.12/site-packages/airflow/example_dags/example_branch_python_dop_operator_3.py
[2025-08-26T15:44:21.945+0000] {logging_mixin.py:190} INFO - [2025-08-26T15:44:21.945+0000] {dag.py:3239} INFO - Sync 1 DAGs
[2025-08-26T15:44:21.954+0000] {logging_mixin.py:190} INFO - [2025-08-26T15:44:21.954+0000] {dag.py:4180} INFO - Setting next_dagrun for example_branch_dop_operator_v3 to 2025-08-26 15:43:00+00:00, run_after=2025-08-26 15:44:00+00:00
[2025-08-26T15:44:21.960+0000] {processor.py:208} INFO - Processing /home/airflow/.local/lib/python3.12/site-packages/airflow/example_dags/example_branch_python_dop_operator_3.py took 0.030 seconds
[2025-08-26T15:44:52.747+0000] {processor.py:186} INFO - Started process (PID=221) to work on /home/airflow/.local/lib/python3.12/site-packages/airflow/example_dags/example_branch_python_dop_operator_3.py
[2025-08-26T15:44:52.747+0000] {processor.py:914} INFO - Processing file /home/airflow/.local/lib/python3.12/site-packages/airflow/example_dags/example_branch_python_dop_operator_3.py for tasks to queue
[2025-08-26T15:44:52.748+0000] {logging_mixin.py:190} INFO - [2025-08-26T15:44:52.748+0000] {dagbag.py:588} INFO - Filling up the DagBag from /home/airflow/.local/lib/python3.12/site-packages/airflow/example_dags/example_branch_python_dop_operator_3.py
[2025-08-26T15:44:52.751+0000] {processor.py:925} INFO - DAG(s) 'example_branch_dop_operator_v3' retrieved from /home/airflow/.local/lib/python3.12/site-packages/airflow/example_dags/example_branch_python_dop_operator_3.py
[2025-08-26T15:44:52.758+0000] {logging_mixin.py:190} INFO - [2025-08-26T15:44:52.758+0000] {dag.py:3239} INFO - Sync 1 DAGs
[2025-08-26T15:44:52.765+0000] {logging_mixin.py:190} INFO - [2025-08-26T15:44:52.765+0000] {dag.py:4180} INFO - Setting next_dagrun for example_branch_dop_operator_v3 to 2025-08-26 15:43:00+00:00, run_after=2025-08-26 15:44:00+00:00
[2025-08-26T15:44:52.770+0000] {processor.py:208} INFO - Processing /home/airflow/.local/lib/python3.12/site-packages/airflow/example_dags/example_branch_python_dop_operator_3.py took 0.025 seconds
[2025-08-26T15:45:23.526+0000] {processor.py:186} INFO - Started process (PID=284) to work on /home/airflow/.local/lib/python3.12/site-packages/airflow/example_dags/example_branch_python_dop_operator_3.py
[2025-08-26T15:45:23.527+0000] {processor.py:914} INFO - Processing file /home/airflow/.local/lib/python3.12/site-packages/airflow/example_dags/example_branch_python_dop_operator_3.py for tasks to queue
[2025-08-26T15:45:23.527+0000] {logging_mixin.py:190} INFO - [2025-08-26T15:45:23.527+0000] {dagbag.py:588} INFO - Filling up the DagBag from /home/airflow/.local/lib/python3.12/site-packages/airflow/example_dags/example_branch_python_dop_operator_3.py
[2025-08-26T15:45:23.531+0000] {processor.py:925} INFO - DAG(s) 'example_branch_dop_operator_v3' retrieved from /home/airflow/.local/lib/python3.12/site-packages/airflow/example_dags/example_branch_python_dop_operator_3.py
[2025-08-26T15:45:23.539+0000] {logging_mixin.py:190} INFO - [2025-08-26T15:45:23.539+0000] {dag.py:3239} INFO - Sync 1 DAGs
[2025-08-26T15:45:23.548+0000] {logging_mixin.py:190} INFO - [2025-08-26T15:45:23.548+0000] {dag.py:4180} INFO - Setting next_dagrun for example_branch_dop_operator_v3 to 2025-08-26 15:44:00+00:00, run_after=2025-08-26 15:45:00+00:00
[2025-08-26T15:45:23.553+0000] {processor.py:208} INFO - Processing /home/airflow/.local/lib/python3.12/site-packages/airflow/example_dags/example_branch_python_dop_operator_3.py took 0.029 seconds
[2025-08-26T15:56:43.582+0000] {processor.py:186} INFO - Started process (PID=341) to work on /home/airflow/.local/lib/python3.12/site-packages/airflow/example_dags/example_branch_python_dop_operator_3.py
[2025-08-26T15:56:43.583+0000] {processor.py:914} INFO - Processing file /home/airflow/.local/lib/python3.12/site-packages/airflow/example_dags/example_branch_python_dop_operator_3.py for tasks to queue
[2025-08-26T15:56:43.584+0000] {logging_mixin.py:190} INFO - [2025-08-26T15:56:43.584+0000] {dagbag.py:588} INFO - Filling up the DagBag from /home/airflow/.local/lib/python3.12/site-packages/airflow/example_dags/example_branch_python_dop_operator_3.py
[2025-08-26T15:56:43.587+0000] {processor.py:925} INFO - DAG(s) 'example_branch_dop_operator_v3' retrieved from /home/airflow/.local/lib/python3.12/site-packages/airflow/example_dags/example_branch_python_dop_operator_3.py
[2025-08-26T15:56:43.597+0000] {logging_mixin.py:190} INFO - [2025-08-26T15:56:43.596+0000] {dag.py:3239} INFO - Sync 1 DAGs
[2025-08-26T15:56:43.605+0000] {logging_mixin.py:190} INFO - [2025-08-26T15:56:43.605+0000] {dag.py:4180} INFO - Setting next_dagrun for example_branch_dop_operator_v3 to 2025-08-26 15:55:00+00:00, run_after=2025-08-26 15:56:00+00:00
[2025-08-26T15:56:43.611+0000] {processor.py:208} INFO - Processing /home/airflow/.local/lib/python3.12/site-packages/airflow/example_dags/example_branch_python_dop_operator_3.py took 0.032 seconds
[2025-08-26T16:32:54.304+0000] {processor.py:186} INFO - Started process (PID=404) to work on /home/airflow/.local/lib/python3.12/site-packages/airflow/example_dags/example_branch_python_dop_operator_3.py
[2025-08-26T16:32:54.305+0000] {processor.py:914} INFO - Processing file /home/airflow/.local/lib/python3.12/site-packages/airflow/example_dags/example_branch_python_dop_operator_3.py for tasks to queue
[2025-08-26T16:32:54.305+0000] {logging_mixin.py:190} INFO - [2025-08-26T16:32:54.305+0000] {dagbag.py:588} INFO - Filling up the DagBag from /home/airflow/.local/lib/python3.12/site-packages/airflow/example_dags/example_branch_python_dop_operator_3.py
[2025-08-26T16:32:54.309+0000] {processor.py:925} INFO - DAG(s) 'example_branch_dop_operator_v3' retrieved from /home/airflow/.local/lib/python3.12/site-packages/airflow/example_dags/example_branch_python_dop_operator_3.py
[2025-08-26T16:32:54.318+0000] {logging_mixin.py:190} INFO - [2025-08-26T16:32:54.318+0000] {dag.py:3239} INFO - Sync 1 DAGs
[2025-08-26T16:32:54.326+0000] {logging_mixin.py:190} INFO - [2025-08-26T16:32:54.326+0000] {dag.py:4180} INFO - Setting next_dagrun for example_branch_dop_operator_v3 to 2025-08-26 16:31:00+00:00, run_after=2025-08-26 16:32:00+00:00
[2025-08-26T16:32:54.334+0000] {processor.py:208} INFO - Processing /home/airflow/.local/lib/python3.12/site-packages/airflow/example_dags/example_branch_python_dop_operator_3.py took 0.032 seconds
[2025-08-26T18:02:30.374+0000] {processor.py:186} INFO - Started process (PID=467) to work on /home/airflow/.local/lib/python3.12/site-packages/airflow/example_dags/example_branch_python_dop_operator_3.py
[2025-08-26T18:02:30.374+0000] {processor.py:914} INFO - Processing file /home/airflow/.local/lib/python3.12/site-packages/airflow/example_dags/example_branch_python_dop_operator_3.py for tasks to queue
[2025-08-26T18:02:30.376+0000] {logging_mixin.py:190} INFO - [2025-08-26T18:02:30.376+0000] {dagbag.py:588} INFO - Filling up the DagBag from /home/airflow/.local/lib/python3.12/site-packages/airflow/example_dags/example_branch_python_dop_operator_3.py
[2025-08-26T18:02:30.380+0000] {processor.py:925} INFO - DAG(s) 'example_branch_dop_operator_v3' retrieved from /home/airflow/.local/lib/python3.12/site-packages/airflow/example_dags/example_branch_python_dop_operator_3.py
[2025-08-26T18:02:30.389+0000] {logging_mixin.py:190} INFO - [2025-08-26T18:02:30.389+0000] {dag.py:3239} INFO - Sync 1 DAGs
[2025-08-26T18:02:30.399+0000] {logging_mixin.py:190} INFO - [2025-08-26T18:02:30.399+0000] {dag.py:4180} INFO - Setting next_dagrun for example_branch_dop_operator_v3 to 2025-08-26 18:01:00+00:00, run_after=2025-08-26 18:02:00+00:00
[2025-08-26T18:02:30.407+0000] {processor.py:208} INFO - Processing /home/airflow/.local/lib/python3.12/site-packages/airflow/example_dags/example_branch_python_dop_operator_3.py took 0.036 seconds
[2025-08-26T18:47:01.451+0000] {processor.py:186} INFO - Started process (PID=530) to work on /home/airflow/.local/lib/python3.12/site-packages/airflow/example_dags/example_branch_python_dop_operator_3.py
[2025-08-26T18:47:01.452+0000] {processor.py:914} INFO - Processing file /home/airflow/.local/lib/python3.12/site-packages/airflow/example_dags/example_branch_python_dop_operator_3.py for tasks to queue
[2025-08-26T18:47:01.453+0000] {logging_mixin.py:190} INFO - [2025-08-26T18:47:01.453+0000] {dagbag.py:588} INFO - Filling up the DagBag from /home/airflow/.local/lib/python3.12/site-packages/airflow/example_dags/example_branch_python_dop_operator_3.py
[2025-08-26T18:47:01.459+0000] {processor.py:925} INFO - DAG(s) 'example_branch_dop_operator_v3' retrieved from /home/airflow/.local/lib/python3.12/site-packages/airflow/example_dags/example_branch_python_dop_operator_3.py
[2025-08-26T18:47:01.468+0000] {logging_mixin.py:190} INFO - [2025-08-26T18:47:01.468+0000] {dag.py:3239} INFO - Sync 1 DAGs
[2025-08-26T18:47:01.480+0000] {logging_mixin.py:190} INFO - [2025-08-26T18:47:01.480+0000] {dag.py:4180} INFO - Setting next_dagrun for example_branch_dop_operator_v3 to 2025-08-26 18:46:00+00:00, run_after=2025-08-26 18:47:00+00:00
[2025-08-26T18:47:01.488+0000] {processor.py:208} INFO - Processing /home/airflow/.local/lib/python3.12/site-packages/airflow/example_dags/example_branch_python_dop_operator_3.py took 0.040 seconds
[2025-08-26T18:47:32.309+0000] {processor.py:186} INFO - Started process (PID=593) to work on /home/airflow/.local/lib/python3.12/site-packages/airflow/example_dags/example_branch_python_dop_operator_3.py
[2025-08-26T18:47:32.309+0000] {processor.py:914} INFO - Processing file /home/airflow/.local/lib/python3.12/site-packages/airflow/example_dags/example_branch_python_dop_operator_3.py for tasks to queue
[2025-08-26T18:47:32.310+0000] {logging_mixin.py:190} INFO - [2025-08-26T18:47:32.310+0000] {dagbag.py:588} INFO - Filling up the DagBag from /home/airflow/.local/lib/python3.12/site-packages/airflow/example_dags/example_branch_python_dop_operator_3.py
[2025-08-26T18:47:32.314+0000] {processor.py:925} INFO - DAG(s) 'example_branch_dop_operator_v3' retrieved from /home/airflow/.local/lib/python3.12/site-packages/airflow/example_dags/example_branch_python_dop_operator_3.py
[2025-08-26T18:47:32.321+0000] {logging_mixin.py:190} INFO - [2025-08-26T18:47:32.321+0000] {dag.py:3239} INFO - Sync 1 DAGs
[2025-08-26T18:47:32.328+0000] {logging_mixin.py:190} INFO - [2025-08-26T18:47:32.328+0000] {dag.py:4180} INFO - Setting next_dagrun for example_branch_dop_operator_v3 to 2025-08-26 18:46:00+00:00, run_after=2025-08-26 18:47:00+00:00
[2025-08-26T18:47:32.333+0000] {processor.py:208} INFO - Processing /home/airflow/.local/lib/python3.12/site-packages/airflow/example_dags/example_branch_python_dop_operator_3.py took 0.026 seconds
[2025-08-26T18:48:03.121+0000] {processor.py:186} INFO - Started process (PID=656) to work on /home/airflow/.local/lib/python3.12/site-packages/airflow/example_dags/example_branch_python_dop_operator_3.py
[2025-08-26T18:48:03.121+0000] {processor.py:914} INFO - Processing file /home/airflow/.local/lib/python3.12/site-packages/airflow/example_dags/example_branch_python_dop_operator_3.py for tasks to queue
[2025-08-26T18:48:03.122+0000] {logging_mixin.py:190} INFO - [2025-08-26T18:48:03.122+0000] {dagbag.py:588} INFO - Filling up the DagBag from /home/airflow/.local/lib/python3.12/site-packages/airflow/example_dags/example_branch_python_dop_operator_3.py
[2025-08-26T18:48:03.125+0000] {processor.py:925} INFO - DAG(s) 'example_branch_dop_operator_v3' retrieved from /home/airflow/.local/lib/python3.12/site-packages/airflow/example_dags/example_branch_python_dop_operator_3.py
[2025-08-26T18:48:03.134+0000] {logging_mixin.py:190} INFO - [2025-08-26T18:48:03.134+0000] {dag.py:3239} INFO - Sync 1 DAGs
[2025-08-26T18:48:03.142+0000] {logging_mixin.py:190} INFO - [2025-08-26T18:48:03.142+0000] {dag.py:4180} INFO - Setting next_dagrun for example_branch_dop_operator_v3 to 2025-08-26 18:47:00+00:00, run_after=2025-08-26 18:48:00+00:00
[2025-08-26T18:48:03.148+0000] {processor.py:208} INFO - Processing /home/airflow/.local/lib/python3.12/site-packages/airflow/example_dags/example_branch_python_dop_operator_3.py took 0.029 seconds
[2025-08-26T18:48:33.845+0000] {processor.py:186} INFO - Started process (PID=719) to work on /home/airflow/.local/lib/python3.12/site-packages/airflow/example_dags/example_branch_python_dop_operator_3.py
[2025-08-26T18:48:33.847+0000] {processor.py:914} INFO - Processing file /home/airflow/.local/lib/python3.12/site-packages/airflow/example_dags/example_branch_python_dop_operator_3.py for tasks to queue
[2025-08-26T18:48:33.847+0000] {logging_mixin.py:190} INFO - [2025-08-26T18:48:33.847+0000] {dagbag.py:588} INFO - Filling up the DagBag from /home/airflow/.local/lib/python3.12/site-packages/airflow/example_dags/example_branch_python_dop_operator_3.py
[2025-08-26T18:48:33.851+0000] {processor.py:925} INFO - DAG(s) 'example_branch_dop_operator_v3' retrieved from /home/airflow/.local/lib/python3.12/site-packages/airflow/example_dags/example_branch_python_dop_operator_3.py
[2025-08-26T18:48:33.858+0000] {logging_mixin.py:190} INFO - [2025-08-26T18:48:33.858+0000] {dag.py:3239} INFO - Sync 1 DAGs
[2025-08-26T18:48:33.867+0000] {logging_mixin.py:190} INFO - [2025-08-26T18:48:33.867+0000] {dag.py:4180} INFO - Setting next_dagrun for example_branch_dop_operator_v3 to 2025-08-26 18:47:00+00:00, run_after=2025-08-26 18:48:00+00:00
[2025-08-26T18:48:33.876+0000] {processor.py:208} INFO - Processing /home/airflow/.local/lib/python3.12/site-packages/airflow/example_dags/example_branch_python_dop_operator_3.py took 0.033 seconds
[2025-08-26T18:49:04.501+0000] {processor.py:186} INFO - Started process (PID=782) to work on /home/airflow/.local/lib/python3.12/site-packages/airflow/example_dags/example_branch_python_dop_operator_3.py
[2025-08-26T18:49:04.502+0000] {processor.py:914} INFO - Processing file /home/airflow/.local/lib/python3.12/site-packages/airflow/example_dags/example_branch_python_dop_operator_3.py for tasks to queue
[2025-08-26T18:49:04.502+0000] {logging_mixin.py:190} INFO - [2025-08-26T18:49:04.502+0000] {dagbag.py:588} INFO - Filling up the DagBag from /home/airflow/.local/lib/python3.12/site-packages/airflow/example_dags/example_branch_python_dop_operator_3.py
[2025-08-26T18:49:04.506+0000] {processor.py:925} INFO - DAG(s) 'example_branch_dop_operator_v3' retrieved from /home/airflow/.local/lib/python3.12/site-packages/airflow/example_dags/example_branch_python_dop_operator_3.py
[2025-08-26T18:49:04.514+0000] {logging_mixin.py:190} INFO - [2025-08-26T18:49:04.514+0000] {dag.py:3239} INFO - Sync 1 DAGs
[2025-08-26T18:49:04.523+0000] {logging_mixin.py:190} INFO - [2025-08-26T18:49:04.523+0000] {dag.py:4180} INFO - Setting next_dagrun for example_branch_dop_operator_v3 to 2025-08-26 18:48:00+00:00, run_after=2025-08-26 18:49:00+00:00
[2025-08-26T18:49:04.528+0000] {processor.py:208} INFO - Processing /home/airflow/.local/lib/python3.12/site-packages/airflow/example_dags/example_branch_python_dop_operator_3.py took 0.029 seconds
[2025-08-26T18:49:35.139+0000] {processor.py:186} INFO - Started process (PID=846) to work on /home/airflow/.local/lib/python3.12/site-packages/airflow/example_dags/example_branch_python_dop_operator_3.py
[2025-08-26T18:49:35.140+0000] {processor.py:914} INFO - Processing file /home/airflow/.local/lib/python3.12/site-packages/airflow/example_dags/example_branch_python_dop_operator_3.py for tasks to queue
[2025-08-26T18:49:35.140+0000] {logging_mixin.py:190} INFO - [2025-08-26T18:49:35.140+0000] {dagbag.py:588} INFO - Filling up the DagBag from /home/airflow/.local/lib/python3.12/site-packages/airflow/example_dags/example_branch_python_dop_operator_3.py
[2025-08-26T18:49:35.144+0000] {processor.py:925} INFO - DAG(s) 'example_branch_dop_operator_v3' retrieved from /home/airflow/.local/lib/python3.12/site-packages/airflow/example_dags/example_branch_python_dop_operator_3.py
[2025-08-26T18:49:35.150+0000] {logging_mixin.py:190} INFO - [2025-08-26T18:49:35.150+0000] {dag.py:3239} INFO - Sync 1 DAGs
[2025-08-26T18:49:35.157+0000] {logging_mixin.py:190} INFO - [2025-08-26T18:49:35.157+0000] {dag.py:4180} INFO - Setting next_dagrun for example_branch_dop_operator_v3 to 2025-08-26 18:48:00+00:00, run_after=2025-08-26 18:49:00+00:00
[2025-08-26T18:49:35.162+0000] {processor.py:208} INFO - Processing /home/airflow/.local/lib/python3.12/site-packages/airflow/example_dags/example_branch_python_dop_operator_3.py took 0.025 seconds
[2025-08-26T18:50:05.755+0000] {processor.py:186} INFO - Started process (PID=909) to work on /home/airflow/.local/lib/python3.12/site-packages/airflow/example_dags/example_branch_python_dop_operator_3.py
[2025-08-26T18:50:05.756+0000] {processor.py:914} INFO - Processing file /home/airflow/.local/lib/python3.12/site-packages/airflow/example_dags/example_branch_python_dop_operator_3.py for tasks to queue
[2025-08-26T18:50:05.757+0000] {logging_mixin.py:190} INFO - [2025-08-26T18:50:05.757+0000] {dagbag.py:588} INFO - Filling up the DagBag from /home/airflow/.local/lib/python3.12/site-packages/airflow/example_dags/example_branch_python_dop_operator_3.py
[2025-08-26T18:50:05.761+0000] {processor.py:925} INFO - DAG(s) 'example_branch_dop_operator_v3' retrieved from /home/airflow/.local/lib/python3.12/site-packages/airflow/example_dags/example_branch_python_dop_operator_3.py
[2025-08-26T18:50:05.768+0000] {logging_mixin.py:190} INFO - [2025-08-26T18:50:05.768+0000] {dag.py:3239} INFO - Sync 1 DAGs
[2025-08-26T18:50:05.777+0000] {logging_mixin.py:190} INFO - [2025-08-26T18:50:05.777+0000] {dag.py:4180} INFO - Setting next_dagrun for example_branch_dop_operator_v3 to 2025-08-26 18:49:00+00:00, run_after=2025-08-26 18:50:00+00:00
[2025-08-26T18:50:05.783+0000] {processor.py:208} INFO - Processing /home/airflow/.local/lib/python3.12/site-packages/airflow/example_dags/example_branch_python_dop_operator_3.py took 0.030 seconds
[2025-08-26T18:50:36.299+0000] {processor.py:186} INFO - Started process (PID=972) to work on /home/airflow/.local/lib/python3.12/site-packages/airflow/example_dags/example_branch_python_dop_operator_3.py
[2025-08-26T18:50:36.299+0000] {processor.py:914} INFO - Processing file /home/airflow/.local/lib/python3.12/site-packages/airflow/example_dags/example_branch_python_dop_operator_3.py for tasks to queue
[2025-08-26T18:50:36.300+0000] {logging_mixin.py:190} INFO - [2025-08-26T18:50:36.300+0000] {dagbag.py:588} INFO - Filling up the DagBag from /home/airflow/.local/lib/python3.12/site-packages/airflow/example_dags/example_branch_python_dop_operator_3.py
[2025-08-26T18:50:36.303+0000] {processor.py:925} INFO - DAG(s) 'example_branch_dop_operator_v3' retrieved from /home/airflow/.local/lib/python3.12/site-packages/airflow/example_dags/example_branch_python_dop_operator_3.py
[2025-08-26T18:50:36.311+0000] {logging_mixin.py:190} INFO - [2025-08-26T18:50:36.311+0000] {dag.py:3239} INFO - Sync 1 DAGs
[2025-08-26T18:50:36.320+0000] {logging_mixin.py:190} INFO - [2025-08-26T18:50:36.320+0000] {dag.py:4180} INFO - Setting next_dagrun for example_branch_dop_operator_v3 to 2025-08-26 18:49:00+00:00, run_after=2025-08-26 18:50:00+00:00
[2025-08-26T18:50:36.326+0000] {processor.py:208} INFO - Processing /home/airflow/.local/lib/python3.12/site-packages/airflow/example_dags/example_branch_python_dop_operator_3.py took 0.029 seconds
[2025-08-26T18:51:06.849+0000] {processor.py:186} INFO - Started process (PID=1035) to work on /home/airflow/.local/lib/python3.12/site-packages/airflow/example_dags/example_branch_python_dop_operator_3.py
[2025-08-26T18:51:06.849+0000] {processor.py:914} INFO - Processing file /home/airflow/.local/lib/python3.12/site-packages/airflow/example_dags/example_branch_python_dop_operator_3.py for tasks to queue
[2025-08-26T18:51:06.850+0000] {logging_mixin.py:190} INFO - [2025-08-26T18:51:06.850+0000] {dagbag.py:588} INFO - Filling up the DagBag from /home/airflow/.local/lib/python3.12/site-packages/airflow/example_dags/example_branch_python_dop_operator_3.py
[2025-08-26T18:51:06.854+0000] {processor.py:925} INFO - DAG(s) 'example_branch_dop_operator_v3' retrieved from /home/airflow/.local/lib/python3.12/site-packages/airflow/example_dags/example_branch_python_dop_operator_3.py
[2025-08-26T18:51:06.861+0000] {logging_mixin.py:190} INFO - [2025-08-26T18:51:06.861+0000] {dag.py:3239} INFO - Sync 1 DAGs
[2025-08-26T18:51:06.869+0000] {logging_mixin.py:190} INFO - [2025-08-26T18:51:06.869+0000] {dag.py:4180} INFO - Setting next_dagrun for example_branch_dop_operator_v3 to 2025-08-26 18:50:00+00:00, run_after=2025-08-26 18:51:00+00:00
[2025-08-26T18:51:06.874+0000] {processor.py:208} INFO - Processing /home/airflow/.local/lib/python3.12/site-packages/airflow/example_dags/example_branch_python_dop_operator_3.py took 0.027 seconds
[2025-08-26T18:51:37.446+0000] {processor.py:186} INFO - Started process (PID=1098) to work on /home/airflow/.local/lib/python3.12/site-packages/airflow/example_dags/example_branch_python_dop_operator_3.py
[2025-08-26T18:51:37.447+0000] {processor.py:914} INFO - Processing file /home/airflow/.local/lib/python3.12/site-packages/airflow/example_dags/example_branch_python_dop_operator_3.py for tasks to queue
[2025-08-26T18:51:37.448+0000] {logging_mixin.py:190} INFO - [2025-08-26T18:51:37.448+0000] {dagbag.py:588} INFO - Filling up the DagBag from /home/airflow/.local/lib/python3.12/site-packages/airflow/example_dags/example_branch_python_dop_operator_3.py
[2025-08-26T18:51:37.452+0000] {processor.py:925} INFO - DAG(s) 'example_branch_dop_operator_v3' retrieved from /home/airflow/.local/lib/python3.12/site-packages/airflow/example_dags/example_branch_python_dop_operator_3.py
[2025-08-26T18:51:37.459+0000] {logging_mixin.py:190} INFO - [2025-08-26T18:51:37.459+0000] {dag.py:3239} INFO - Sync 1 DAGs
[2025-08-26T18:51:37.468+0000] {logging_mixin.py:190} INFO - [2025-08-26T18:51:37.468+0000] {dag.py:4180} INFO - Setting next_dagrun for example_branch_dop_operator_v3 to 2025-08-26 18:50:00+00:00, run_after=2025-08-26 18:51:00+00:00
[2025-08-26T18:51:37.476+0000] {processor.py:208} INFO - Processing /home/airflow/.local/lib/python3.12/site-packages/airflow/example_dags/example_branch_python_dop_operator_3.py took 0.033 seconds
[2025-08-26T18:52:08.158+0000] {processor.py:186} INFO - Started process (PID=1161) to work on /home/airflow/.local/lib/python3.12/site-packages/airflow/example_dags/example_branch_python_dop_operator_3.py
[2025-08-26T18:52:08.160+0000] {processor.py:914} INFO - Processing file /home/airflow/.local/lib/python3.12/site-packages/airflow/example_dags/example_branch_python_dop_operator_3.py for tasks to queue
[2025-08-26T18:52:08.160+0000] {logging_mixin.py:190} INFO - [2025-08-26T18:52:08.160+0000] {dagbag.py:588} INFO - Filling up the DagBag from /home/airflow/.local/lib/python3.12/site-packages/airflow/example_dags/example_branch_python_dop_operator_3.py
[2025-08-26T18:52:08.165+0000] {processor.py:925} INFO - DAG(s) 'example_branch_dop_operator_v3' retrieved from /home/airflow/.local/lib/python3.12/site-packages/airflow/example_dags/example_branch_python_dop_operator_3.py
[2025-08-26T18:52:08.171+0000] {logging_mixin.py:190} INFO - [2025-08-26T18:52:08.171+0000] {dag.py:3239} INFO - Sync 1 DAGs
[2025-08-26T18:52:08.182+0000] {logging_mixin.py:190} INFO - [2025-08-26T18:52:08.182+0000] {dag.py:4180} INFO - Setting next_dagrun for example_branch_dop_operator_v3 to 2025-08-26 18:51:00+00:00, run_after=2025-08-26 18:52:00+00:00
[2025-08-26T18:52:08.187+0000] {processor.py:208} INFO - Processing /home/airflow/.local/lib/python3.12/site-packages/airflow/example_dags/example_branch_python_dop_operator_3.py took 0.031 seconds
[2025-08-26T18:52:38.777+0000] {processor.py:186} INFO - Started process (PID=1224) to work on /home/airflow/.local/lib/python3.12/site-packages/airflow/example_dags/example_branch_python_dop_operator_3.py
[2025-08-26T18:52:38.778+0000] {processor.py:914} INFO - Processing file /home/airflow/.local/lib/python3.12/site-packages/airflow/example_dags/example_branch_python_dop_operator_3.py for tasks to queue
[2025-08-26T18:52:38.779+0000] {logging_mixin.py:190} INFO - [2025-08-26T18:52:38.779+0000] {dagbag.py:588} INFO - Filling up the DagBag from /home/airflow/.local/lib/python3.12/site-packages/airflow/example_dags/example_branch_python_dop_operator_3.py
[2025-08-26T18:52:38.783+0000] {processor.py:925} INFO - DAG(s) 'example_branch_dop_operator_v3' retrieved from /home/airflow/.local/lib/python3.12/site-packages/airflow/example_dags/example_branch_python_dop_operator_3.py
[2025-08-26T18:52:38.789+0000] {logging_mixin.py:190} INFO - [2025-08-26T18:52:38.789+0000] {dag.py:3239} INFO - Sync 1 DAGs
[2025-08-26T18:52:38.798+0000] {logging_mixin.py:190} INFO - [2025-08-26T18:52:38.798+0000] {dag.py:4180} INFO - Setting next_dagrun for example_branch_dop_operator_v3 to 2025-08-26 18:51:00+00:00, run_after=2025-08-26 18:52:00+00:00
[2025-08-26T18:52:38.804+0000] {processor.py:208} INFO - Processing /home/airflow/.local/lib/python3.12/site-packages/airflow/example_dags/example_branch_python_dop_operator_3.py took 0.029 seconds
[2025-08-26T18:53:09.372+0000] {processor.py:186} INFO - Started process (PID=1287) to work on /home/airflow/.local/lib/python3.12/site-packages/airflow/example_dags/example_branch_python_dop_operator_3.py
[2025-08-26T18:53:09.372+0000] {processor.py:914} INFO - Processing file /home/airflow/.local/lib/python3.12/site-packages/airflow/example_dags/example_branch_python_dop_operator_3.py for tasks to queue
[2025-08-26T18:53:09.373+0000] {logging_mixin.py:190} INFO - [2025-08-26T18:53:09.373+0000] {dagbag.py:588} INFO - Filling up the DagBag from /home/airflow/.local/lib/python3.12/site-packages/airflow/example_dags/example_branch_python_dop_operator_3.py
[2025-08-26T18:53:09.376+0000] {processor.py:925} INFO - DAG(s) 'example_branch_dop_operator_v3' retrieved from /home/airflow/.local/lib/python3.12/site-packages/airflow/example_dags/example_branch_python_dop_operator_3.py
[2025-08-26T18:53:09.382+0000] {logging_mixin.py:190} INFO - [2025-08-26T18:53:09.382+0000] {dag.py:3239} INFO - Sync 1 DAGs
[2025-08-26T18:53:09.390+0000] {logging_mixin.py:190} INFO - [2025-08-26T18:53:09.390+0000] {dag.py:4180} INFO - Setting next_dagrun for example_branch_dop_operator_v3 to 2025-08-26 18:52:00+00:00, run_after=2025-08-26 18:53:00+00:00
[2025-08-26T18:53:09.394+0000] {processor.py:208} INFO - Processing /home/airflow/.local/lib/python3.12/site-packages/airflow/example_dags/example_branch_python_dop_operator_3.py took 0.025 seconds
[2025-08-26T18:53:40.019+0000] {processor.py:186} INFO - Started process (PID=1350) to work on /home/airflow/.local/lib/python3.12/site-packages/airflow/example_dags/example_branch_python_dop_operator_3.py
[2025-08-26T18:53:40.020+0000] {processor.py:914} INFO - Processing file /home/airflow/.local/lib/python3.12/site-packages/airflow/example_dags/example_branch_python_dop_operator_3.py for tasks to queue
[2025-08-26T18:53:40.021+0000] {logging_mixin.py:190} INFO - [2025-08-26T18:53:40.021+0000] {dagbag.py:588} INFO - Filling up the DagBag from /home/airflow/.local/lib/python3.12/site-packages/airflow/example_dags/example_branch_python_dop_operator_3.py
[2025-08-26T18:53:40.026+0000] {processor.py:925} INFO - DAG(s) 'example_branch_dop_operator_v3' retrieved from /home/airflow/.local/lib/python3.12/site-packages/airflow/example_dags/example_branch_python_dop_operator_3.py
[2025-08-26T18:53:40.033+0000] {logging_mixin.py:190} INFO - [2025-08-26T18:53:40.032+0000] {dag.py:3239} INFO - Sync 1 DAGs
[2025-08-26T18:53:40.042+0000] {logging_mixin.py:190} INFO - [2025-08-26T18:53:40.042+0000] {dag.py:4180} INFO - Setting next_dagrun for example_branch_dop_operator_v3 to 2025-08-26 18:52:00+00:00, run_after=2025-08-26 18:53:00+00:00
[2025-08-26T18:53:40.048+0000] {processor.py:208} INFO - Processing /home/airflow/.local/lib/python3.12/site-packages/airflow/example_dags/example_branch_python_dop_operator_3.py took 0.032 seconds
[2025-08-26T18:54:10.599+0000] {processor.py:186} INFO - Started process (PID=1413) to work on /home/airflow/.local/lib/python3.12/site-packages/airflow/example_dags/example_branch_python_dop_operator_3.py
[2025-08-26T18:54:10.600+0000] {processor.py:914} INFO - Processing file /home/airflow/.local/lib/python3.12/site-packages/airflow/example_dags/example_branch_python_dop_operator_3.py for tasks to queue
[2025-08-26T18:54:10.601+0000] {logging_mixin.py:190} INFO - [2025-08-26T18:54:10.601+0000] {dagbag.py:588} INFO - Filling up the DagBag from /home/airflow/.local/lib/python3.12/site-packages/airflow/example_dags/example_branch_python_dop_operator_3.py
[2025-08-26T18:54:10.605+0000] {processor.py:925} INFO - DAG(s) 'example_branch_dop_operator_v3' retrieved from /home/airflow/.local/lib/python3.12/site-packages/airflow/example_dags/example_branch_python_dop_operator_3.py
[2025-08-26T18:54:10.612+0000] {logging_mixin.py:190} INFO - [2025-08-26T18:54:10.612+0000] {dag.py:3239} INFO - Sync 1 DAGs
[2025-08-26T18:54:10.620+0000] {logging_mixin.py:190} INFO - [2025-08-26T18:54:10.620+0000] {dag.py:4180} INFO - Setting next_dagrun for example_branch_dop_operator_v3 to 2025-08-26 18:53:00+00:00, run_after=2025-08-26 18:54:00+00:00
[2025-08-26T18:54:10.627+0000] {processor.py:208} INFO - Processing /home/airflow/.local/lib/python3.12/site-packages/airflow/example_dags/example_branch_python_dop_operator_3.py took 0.030 seconds
[2025-08-26T18:54:41.208+0000] {processor.py:186} INFO - Started process (PID=1476) to work on /home/airflow/.local/lib/python3.12/site-packages/airflow/example_dags/example_branch_python_dop_operator_3.py
[2025-08-26T18:54:41.209+0000] {processor.py:914} INFO - Processing file /home/airflow/.local/lib/python3.12/site-packages/airflow/example_dags/example_branch_python_dop_operator_3.py for tasks to queue
[2025-08-26T18:54:41.209+0000] {logging_mixin.py:190} INFO - [2025-08-26T18:54:41.209+0000] {dagbag.py:588} INFO - Filling up the DagBag from /home/airflow/.local/lib/python3.12/site-packages/airflow/example_dags/example_branch_python_dop_operator_3.py
[2025-08-26T18:54:41.213+0000] {processor.py:925} INFO - DAG(s) 'example_branch_dop_operator_v3' retrieved from /home/airflow/.local/lib/python3.12/site-packages/airflow/example_dags/example_branch_python_dop_operator_3.py
[2025-08-26T18:54:41.219+0000] {logging_mixin.py:190} INFO - [2025-08-26T18:54:41.219+0000] {dag.py:3239} INFO - Sync 1 DAGs
[2025-08-26T18:54:41.226+0000] {logging_mixin.py:190} INFO - [2025-08-26T18:54:41.226+0000] {dag.py:4180} INFO - Setting next_dagrun for example_branch_dop_operator_v3 to 2025-08-26 18:53:00+00:00, run_after=2025-08-26 18:54:00+00:00
[2025-08-26T18:54:41.231+0000] {processor.py:208} INFO - Processing /home/airflow/.local/lib/python3.12/site-packages/airflow/example_dags/example_branch_python_dop_operator_3.py took 0.025 seconds
[2025-08-26T18:55:11.901+0000] {processor.py:186} INFO - Started process (PID=1539) to work on /home/airflow/.local/lib/python3.12/site-packages/airflow/example_dags/example_branch_python_dop_operator_3.py
[2025-08-26T18:55:11.901+0000] {processor.py:914} INFO - Processing file /home/airflow/.local/lib/python3.12/site-packages/airflow/example_dags/example_branch_python_dop_operator_3.py for tasks to queue
[2025-08-26T18:55:11.902+0000] {logging_mixin.py:190} INFO - [2025-08-26T18:55:11.902+0000] {dagbag.py:588} INFO - Filling up the DagBag from /home/airflow/.local/lib/python3.12/site-packages/airflow/example_dags/example_branch_python_dop_operator_3.py
[2025-08-26T18:55:11.906+0000] {processor.py:925} INFO - DAG(s) 'example_branch_dop_operator_v3' retrieved from /home/airflow/.local/lib/python3.12/site-packages/airflow/example_dags/example_branch_python_dop_operator_3.py
[2025-08-26T18:55:11.913+0000] {logging_mixin.py:190} INFO - [2025-08-26T18:55:11.913+0000] {dag.py:3239} INFO - Sync 1 DAGs
[2025-08-26T18:55:11.922+0000] {logging_mixin.py:190} INFO - [2025-08-26T18:55:11.922+0000] {dag.py:4180} INFO - Setting next_dagrun for example_branch_dop_operator_v3 to 2025-08-26 18:54:00+00:00, run_after=2025-08-26 18:55:00+00:00
[2025-08-26T18:55:11.927+0000] {processor.py:208} INFO - Processing /home/airflow/.local/lib/python3.12/site-packages/airflow/example_dags/example_branch_python_dop_operator_3.py took 0.029 seconds
[2025-08-26T18:55:42.464+0000] {processor.py:186} INFO - Started process (PID=1602) to work on /home/airflow/.local/lib/python3.12/site-packages/airflow/example_dags/example_branch_python_dop_operator_3.py
[2025-08-26T18:55:42.465+0000] {processor.py:914} INFO - Processing file /home/airflow/.local/lib/python3.12/site-packages/airflow/example_dags/example_branch_python_dop_operator_3.py for tasks to queue
[2025-08-26T18:55:42.466+0000] {logging_mixin.py:190} INFO - [2025-08-26T18:55:42.466+0000] {dagbag.py:588} INFO - Filling up the DagBag from /home/airflow/.local/lib/python3.12/site-packages/airflow/example_dags/example_branch_python_dop_operator_3.py
[2025-08-26T18:55:42.470+0000] {processor.py:925} INFO - DAG(s) 'example_branch_dop_operator_v3' retrieved from /home/airflow/.local/lib/python3.12/site-packages/airflow/example_dags/example_branch_python_dop_operator_3.py
[2025-08-26T18:55:42.477+0000] {logging_mixin.py:190} INFO - [2025-08-26T18:55:42.477+0000] {dag.py:3239} INFO - Sync 1 DAGs
[2025-08-26T18:55:42.485+0000] {logging_mixin.py:190} INFO - [2025-08-26T18:55:42.485+0000] {dag.py:4180} INFO - Setting next_dagrun for example_branch_dop_operator_v3 to 2025-08-26 18:54:00+00:00, run_after=2025-08-26 18:55:00+00:00
[2025-08-26T18:55:42.492+0000] {processor.py:208} INFO - Processing /home/airflow/.local/lib/python3.12/site-packages/airflow/example_dags/example_branch_python_dop_operator_3.py took 0.030 seconds
[2025-08-26T18:56:13.087+0000] {processor.py:186} INFO - Started process (PID=1665) to work on /home/airflow/.local/lib/python3.12/site-packages/airflow/example_dags/example_branch_python_dop_operator_3.py
[2025-08-26T18:56:13.088+0000] {processor.py:914} INFO - Processing file /home/airflow/.local/lib/python3.12/site-packages/airflow/example_dags/example_branch_python_dop_operator_3.py for tasks to queue
[2025-08-26T18:56:13.089+0000] {logging_mixin.py:190} INFO - [2025-08-26T18:56:13.089+0000] {dagbag.py:588} INFO - Filling up the DagBag from /home/airflow/.local/lib/python3.12/site-packages/airflow/example_dags/example_branch_python_dop_operator_3.py
[2025-08-26T18:56:13.093+0000] {processor.py:925} INFO - DAG(s) 'example_branch_dop_operator_v3' retrieved from /home/airflow/.local/lib/python3.12/site-packages/airflow/example_dags/example_branch_python_dop_operator_3.py
[2025-08-26T18:56:13.100+0000] {logging_mixin.py:190} INFO - [2025-08-26T18:56:13.100+0000] {dag.py:3239} INFO - Sync 1 DAGs
[2025-08-26T18:56:13.109+0000] {logging_mixin.py:190} INFO - [2025-08-26T18:56:13.109+0000] {dag.py:4180} INFO - Setting next_dagrun for example_branch_dop_operator_v3 to 2025-08-26 18:55:00+00:00, run_after=2025-08-26 18:56:00+00:00
[2025-08-26T18:56:13.115+0000] {processor.py:208} INFO - Processing /home/airflow/.local/lib/python3.12/site-packages/airflow/example_dags/example_branch_python_dop_operator_3.py took 0.031 seconds
[2025-08-26T18:56:43.664+0000] {processor.py:186} INFO - Started process (PID=1728) to work on /home/airflow/.local/lib/python3.12/site-packages/airflow/example_dags/example_branch_python_dop_operator_3.py
[2025-08-26T18:56:43.664+0000] {processor.py:914} INFO - Processing file /home/airflow/.local/lib/python3.12/site-packages/airflow/example_dags/example_branch_python_dop_operator_3.py for tasks to queue
[2025-08-26T18:56:43.665+0000] {logging_mixin.py:190} INFO - [2025-08-26T18:56:43.665+0000] {dagbag.py:588} INFO - Filling up the DagBag from /home/airflow/.local/lib/python3.12/site-packages/airflow/example_dags/example_branch_python_dop_operator_3.py
[2025-08-26T18:56:43.669+0000] {processor.py:925} INFO - DAG(s) 'example_branch_dop_operator_v3' retrieved from /home/airflow/.local/lib/python3.12/site-packages/airflow/example_dags/example_branch_python_dop_operator_3.py
[2025-08-26T18:56:43.676+0000] {logging_mixin.py:190} INFO - [2025-08-26T18:56:43.676+0000] {dag.py:3239} INFO - Sync 1 DAGs
[2025-08-26T18:56:43.685+0000] {logging_mixin.py:190} INFO - [2025-08-26T18:56:43.685+0000] {dag.py:4180} INFO - Setting next_dagrun for example_branch_dop_operator_v3 to 2025-08-26 18:55:00+00:00, run_after=2025-08-26 18:56:00+00:00
[2025-08-26T18:56:43.692+0000] {processor.py:208} INFO - Processing /home/airflow/.local/lib/python3.12/site-packages/airflow/example_dags/example_branch_python_dop_operator_3.py took 0.031 seconds
[2025-08-26T18:57:14.306+0000] {processor.py:186} INFO - Started process (PID=1791) to work on /home/airflow/.local/lib/python3.12/site-packages/airflow/example_dags/example_branch_python_dop_operator_3.py
[2025-08-26T18:57:14.307+0000] {processor.py:914} INFO - Processing file /home/airflow/.local/lib/python3.12/site-packages/airflow/example_dags/example_branch_python_dop_operator_3.py for tasks to queue
[2025-08-26T18:57:14.308+0000] {logging_mixin.py:190} INFO - [2025-08-26T18:57:14.308+0000] {dagbag.py:588} INFO - Filling up the DagBag from /home/airflow/.local/lib/python3.12/site-packages/airflow/example_dags/example_branch_python_dop_operator_3.py
[2025-08-26T18:57:14.312+0000] {processor.py:925} INFO - DAG(s) 'example_branch_dop_operator_v3' retrieved from /home/airflow/.local/lib/python3.12/site-packages/airflow/example_dags/example_branch_python_dop_operator_3.py
[2025-08-26T18:57:14.319+0000] {logging_mixin.py:190} INFO - [2025-08-26T18:57:14.319+0000] {dag.py:3239} INFO - Sync 1 DAGs
[2025-08-26T18:57:14.327+0000] {logging_mixin.py:190} INFO - [2025-08-26T18:57:14.327+0000] {dag.py:4180} INFO - Setting next_dagrun for example_branch_dop_operator_v3 to 2025-08-26 18:56:00+00:00, run_after=2025-08-26 18:57:00+00:00
[2025-08-26T18:57:14.334+0000] {processor.py:208} INFO - Processing /home/airflow/.local/lib/python3.12/site-packages/airflow/example_dags/example_branch_python_dop_operator_3.py took 0.030 seconds
[2025-08-26T18:57:44.871+0000] {processor.py:186} INFO - Started process (PID=1854) to work on /home/airflow/.local/lib/python3.12/site-packages/airflow/example_dags/example_branch_python_dop_operator_3.py
[2025-08-26T18:57:44.871+0000] {processor.py:914} INFO - Processing file /home/airflow/.local/lib/python3.12/site-packages/airflow/example_dags/example_branch_python_dop_operator_3.py for tasks to queue
[2025-08-26T18:57:44.872+0000] {logging_mixin.py:190} INFO - [2025-08-26T18:57:44.872+0000] {dagbag.py:588} INFO - Filling up the DagBag from /home/airflow/.local/lib/python3.12/site-packages/airflow/example_dags/example_branch_python_dop_operator_3.py
[2025-08-26T18:57:44.875+0000] {processor.py:925} INFO - DAG(s) 'example_branch_dop_operator_v3' retrieved from /home/airflow/.local/lib/python3.12/site-packages/airflow/example_dags/example_branch_python_dop_operator_3.py
[2025-08-26T18:57:44.882+0000] {logging_mixin.py:190} INFO - [2025-08-26T18:57:44.882+0000] {dag.py:3239} INFO - Sync 1 DAGs
[2025-08-26T18:57:44.889+0000] {logging_mixin.py:190} INFO - [2025-08-26T18:57:44.889+0000] {dag.py:4180} INFO - Setting next_dagrun for example_branch_dop_operator_v3 to 2025-08-26 18:56:00+00:00, run_after=2025-08-26 18:57:00+00:00
[2025-08-26T18:57:44.894+0000] {processor.py:208} INFO - Processing /home/airflow/.local/lib/python3.12/site-packages/airflow/example_dags/example_branch_python_dop_operator_3.py took 0.025 seconds
[2025-08-26T18:58:15.503+0000] {processor.py:186} INFO - Started process (PID=1917) to work on /home/airflow/.local/lib/python3.12/site-packages/airflow/example_dags/example_branch_python_dop_operator_3.py
[2025-08-26T18:58:15.503+0000] {processor.py:914} INFO - Processing file /home/airflow/.local/lib/python3.12/site-packages/airflow/example_dags/example_branch_python_dop_operator_3.py for tasks to queue
[2025-08-26T18:58:15.504+0000] {logging_mixin.py:190} INFO - [2025-08-26T18:58:15.504+0000] {dagbag.py:588} INFO - Filling up the DagBag from /home/airflow/.local/lib/python3.12/site-packages/airflow/example_dags/example_branch_python_dop_operator_3.py
[2025-08-26T18:58:15.508+0000] {processor.py:925} INFO - DAG(s) 'example_branch_dop_operator_v3' retrieved from /home/airflow/.local/lib/python3.12/site-packages/airflow/example_dags/example_branch_python_dop_operator_3.py
[2025-08-26T18:58:15.515+0000] {logging_mixin.py:190} INFO - [2025-08-26T18:58:15.515+0000] {dag.py:3239} INFO - Sync 1 DAGs
[2025-08-26T18:58:15.523+0000] {logging_mixin.py:190} INFO - [2025-08-26T18:58:15.523+0000] {dag.py:4180} INFO - Setting next_dagrun for example_branch_dop_operator_v3 to 2025-08-26 18:57:00+00:00, run_after=2025-08-26 18:58:00+00:00
[2025-08-26T18:58:15.530+0000] {processor.py:208} INFO - Processing /home/airflow/.local/lib/python3.12/site-packages/airflow/example_dags/example_branch_python_dop_operator_3.py took 0.029 seconds
[2025-08-26T18:58:46.135+0000] {processor.py:186} INFO - Started process (PID=1980) to work on /home/airflow/.local/lib/python3.12/site-packages/airflow/example_dags/example_branch_python_dop_operator_3.py
[2025-08-26T18:58:46.137+0000] {processor.py:914} INFO - Processing file /home/airflow/.local/lib/python3.12/site-packages/airflow/example_dags/example_branch_python_dop_operator_3.py for tasks to queue
[2025-08-26T18:58:46.138+0000] {logging_mixin.py:190} INFO - [2025-08-26T18:58:46.138+0000] {dagbag.py:588} INFO - Filling up the DagBag from /home/airflow/.local/lib/python3.12/site-packages/airflow/example_dags/example_branch_python_dop_operator_3.py
[2025-08-26T18:58:46.142+0000] {processor.py:925} INFO - DAG(s) 'example_branch_dop_operator_v3' retrieved from /home/airflow/.local/lib/python3.12/site-packages/airflow/example_dags/example_branch_python_dop_operator_3.py
[2025-08-26T18:58:46.149+0000] {logging_mixin.py:190} INFO - [2025-08-26T18:58:46.149+0000] {dag.py:3239} INFO - Sync 1 DAGs
[2025-08-26T18:58:46.158+0000] {logging_mixin.py:190} INFO - [2025-08-26T18:58:46.158+0000] {dag.py:4180} INFO - Setting next_dagrun for example_branch_dop_operator_v3 to 2025-08-26 18:57:00+00:00, run_after=2025-08-26 18:58:00+00:00
[2025-08-26T18:58:46.164+0000] {processor.py:208} INFO - Processing /home/airflow/.local/lib/python3.12/site-packages/airflow/example_dags/example_branch_python_dop_operator_3.py took 0.031 seconds
[2025-08-26T18:59:16.682+0000] {processor.py:186} INFO - Started process (PID=2043) to work on /home/airflow/.local/lib/python3.12/site-packages/airflow/example_dags/example_branch_python_dop_operator_3.py
[2025-08-26T18:59:16.684+0000] {processor.py:914} INFO - Processing file /home/airflow/.local/lib/python3.12/site-packages/airflow/example_dags/example_branch_python_dop_operator_3.py for tasks to queue
[2025-08-26T18:59:16.685+0000] {logging_mixin.py:190} INFO - [2025-08-26T18:59:16.685+0000] {dagbag.py:588} INFO - Filling up the DagBag from /home/airflow/.local/lib/python3.12/site-packages/airflow/example_dags/example_branch_python_dop_operator_3.py
[2025-08-26T18:59:16.689+0000] {processor.py:925} INFO - DAG(s) 'example_branch_dop_operator_v3' retrieved from /home/airflow/.local/lib/python3.12/site-packages/airflow/example_dags/example_branch_python_dop_operator_3.py
[2025-08-26T18:59:16.696+0000] {logging_mixin.py:190} INFO - [2025-08-26T18:59:16.695+0000] {dag.py:3239} INFO - Sync 1 DAGs
[2025-08-26T18:59:16.704+0000] {logging_mixin.py:190} INFO - [2025-08-26T18:59:16.704+0000] {dag.py:4180} INFO - Setting next_dagrun for example_branch_dop_operator_v3 to 2025-08-26 18:58:00+00:00, run_after=2025-08-26 18:59:00+00:00
[2025-08-26T18:59:16.711+0000] {processor.py:208} INFO - Processing /home/airflow/.local/lib/python3.12/site-packages/airflow/example_dags/example_branch_python_dop_operator_3.py took 0.030 seconds
[2025-08-26T18:59:47.300+0000] {processor.py:186} INFO - Started process (PID=2106) to work on /home/airflow/.local/lib/python3.12/site-packages/airflow/example_dags/example_branch_python_dop_operator_3.py
[2025-08-26T18:59:47.300+0000] {processor.py:914} INFO - Processing file /home/airflow/.local/lib/python3.12/site-packages/airflow/example_dags/example_branch_python_dop_operator_3.py for tasks to queue
[2025-08-26T18:59:47.301+0000] {logging_mixin.py:190} INFO - [2025-08-26T18:59:47.301+0000] {dagbag.py:588} INFO - Filling up the DagBag from /home/airflow/.local/lib/python3.12/site-packages/airflow/example_dags/example_branch_python_dop_operator_3.py
[2025-08-26T18:59:47.304+0000] {processor.py:925} INFO - DAG(s) 'example_branch_dop_operator_v3' retrieved from /home/airflow/.local/lib/python3.12/site-packages/airflow/example_dags/example_branch_python_dop_operator_3.py
[2025-08-26T18:59:47.311+0000] {logging_mixin.py:190} INFO - [2025-08-26T18:59:47.311+0000] {dag.py:3239} INFO - Sync 1 DAGs
[2025-08-26T18:59:47.318+0000] {logging_mixin.py:190} INFO - [2025-08-26T18:59:47.318+0000] {dag.py:4180} INFO - Setting next_dagrun for example_branch_dop_operator_v3 to 2025-08-26 18:58:00+00:00, run_after=2025-08-26 18:59:00+00:00
[2025-08-26T18:59:47.323+0000] {processor.py:208} INFO - Processing /home/airflow/.local/lib/python3.12/site-packages/airflow/example_dags/example_branch_python_dop_operator_3.py took 0.025 seconds
[2025-08-26T19:00:18.008+0000] {processor.py:186} INFO - Started process (PID=2169) to work on /home/airflow/.local/lib/python3.12/site-packages/airflow/example_dags/example_branch_python_dop_operator_3.py
[2025-08-26T19:00:18.010+0000] {processor.py:914} INFO - Processing file /home/airflow/.local/lib/python3.12/site-packages/airflow/example_dags/example_branch_python_dop_operator_3.py for tasks to queue
[2025-08-26T19:00:18.010+0000] {logging_mixin.py:190} INFO - [2025-08-26T19:00:18.010+0000] {dagbag.py:588} INFO - Filling up the DagBag from /home/airflow/.local/lib/python3.12/site-packages/airflow/example_dags/example_branch_python_dop_operator_3.py
[2025-08-26T19:00:18.014+0000] {processor.py:925} INFO - DAG(s) 'example_branch_dop_operator_v3' retrieved from /home/airflow/.local/lib/python3.12/site-packages/airflow/example_dags/example_branch_python_dop_operator_3.py
[2025-08-26T19:00:18.022+0000] {logging_mixin.py:190} INFO - [2025-08-26T19:00:18.021+0000] {dag.py:3239} INFO - Sync 1 DAGs
[2025-08-26T19:00:18.030+0000] {logging_mixin.py:190} INFO - [2025-08-26T19:00:18.030+0000] {dag.py:4180} INFO - Setting next_dagrun for example_branch_dop_operator_v3 to 2025-08-26 18:59:00+00:00, run_after=2025-08-26 19:00:00+00:00
[2025-08-26T19:00:18.039+0000] {processor.py:208} INFO - Processing /home/airflow/.local/lib/python3.12/site-packages/airflow/example_dags/example_branch_python_dop_operator_3.py took 0.033 seconds
[2025-08-26T19:00:48.694+0000] {processor.py:186} INFO - Started process (PID=2238) to work on /home/airflow/.local/lib/python3.12/site-packages/airflow/example_dags/example_branch_python_dop_operator_3.py
[2025-08-26T19:00:48.694+0000] {processor.py:914} INFO - Processing file /home/airflow/.local/lib/python3.12/site-packages/airflow/example_dags/example_branch_python_dop_operator_3.py for tasks to queue
[2025-08-26T19:00:48.696+0000] {logging_mixin.py:190} INFO - [2025-08-26T19:00:48.696+0000] {dagbag.py:588} INFO - Filling up the DagBag from /home/airflow/.local/lib/python3.12/site-packages/airflow/example_dags/example_branch_python_dop_operator_3.py
[2025-08-26T19:00:48.700+0000] {processor.py:925} INFO - DAG(s) 'example_branch_dop_operator_v3' retrieved from /home/airflow/.local/lib/python3.12/site-packages/airflow/example_dags/example_branch_python_dop_operator_3.py
[2025-08-26T19:00:48.707+0000] {logging_mixin.py:190} INFO - [2025-08-26T19:00:48.707+0000] {dag.py:3239} INFO - Sync 1 DAGs
[2025-08-26T19:00:48.716+0000] {logging_mixin.py:190} INFO - [2025-08-26T19:00:48.716+0000] {dag.py:4180} INFO - Setting next_dagrun for example_branch_dop_operator_v3 to 2025-08-26 18:59:00+00:00, run_after=2025-08-26 19:00:00+00:00
[2025-08-26T19:00:48.722+0000] {processor.py:208} INFO - Processing /home/airflow/.local/lib/python3.12/site-packages/airflow/example_dags/example_branch_python_dop_operator_3.py took 0.030 seconds
[2025-08-26T19:01:19.752+0000] {processor.py:186} INFO - Started process (PID=2301) to work on /home/airflow/.local/lib/python3.12/site-packages/airflow/example_dags/example_branch_python_dop_operator_3.py
[2025-08-26T19:01:19.752+0000] {processor.py:914} INFO - Processing file /home/airflow/.local/lib/python3.12/site-packages/airflow/example_dags/example_branch_python_dop_operator_3.py for tasks to queue
[2025-08-26T19:01:19.753+0000] {logging_mixin.py:190} INFO - [2025-08-26T19:01:19.753+0000] {dagbag.py:588} INFO - Filling up the DagBag from /home/airflow/.local/lib/python3.12/site-packages/airflow/example_dags/example_branch_python_dop_operator_3.py
[2025-08-26T19:01:19.757+0000] {processor.py:925} INFO - DAG(s) 'example_branch_dop_operator_v3' retrieved from /home/airflow/.local/lib/python3.12/site-packages/airflow/example_dags/example_branch_python_dop_operator_3.py
[2025-08-26T19:01:19.764+0000] {logging_mixin.py:190} INFO - [2025-08-26T19:01:19.763+0000] {dag.py:3239} INFO - Sync 1 DAGs
[2025-08-26T19:01:19.772+0000] {logging_mixin.py:190} INFO - [2025-08-26T19:01:19.772+0000] {dag.py:4180} INFO - Setting next_dagrun for example_branch_dop_operator_v3 to 2025-08-26 19:00:00+00:00, run_after=2025-08-26 19:01:00+00:00
[2025-08-26T19:01:19.779+0000] {processor.py:208} INFO - Processing /home/airflow/.local/lib/python3.12/site-packages/airflow/example_dags/example_branch_python_dop_operator_3.py took 0.029 seconds
[2025-08-26T19:01:50.656+0000] {processor.py:186} INFO - Started process (PID=2364) to work on /home/airflow/.local/lib/python3.12/site-packages/airflow/example_dags/example_branch_python_dop_operator_3.py
[2025-08-26T19:01:50.657+0000] {processor.py:914} INFO - Processing file /home/airflow/.local/lib/python3.12/site-packages/airflow/example_dags/example_branch_python_dop_operator_3.py for tasks to queue
[2025-08-26T19:01:50.658+0000] {logging_mixin.py:190} INFO - [2025-08-26T19:01:50.658+0000] {dagbag.py:588} INFO - Filling up the DagBag from /home/airflow/.local/lib/python3.12/site-packages/airflow/example_dags/example_branch_python_dop_operator_3.py
[2025-08-26T19:01:50.661+0000] {processor.py:925} INFO - DAG(s) 'example_branch_dop_operator_v3' retrieved from /home/airflow/.local/lib/python3.12/site-packages/airflow/example_dags/example_branch_python_dop_operator_3.py
[2025-08-26T19:01:50.668+0000] {logging_mixin.py:190} INFO - [2025-08-26T19:01:50.668+0000] {dag.py:3239} INFO - Sync 1 DAGs
[2025-08-26T19:01:50.675+0000] {logging_mixin.py:190} INFO - [2025-08-26T19:01:50.675+0000] {dag.py:4180} INFO - Setting next_dagrun for example_branch_dop_operator_v3 to 2025-08-26 19:00:00+00:00, run_after=2025-08-26 19:01:00+00:00
[2025-08-26T19:01:50.680+0000] {processor.py:208} INFO - Processing /home/airflow/.local/lib/python3.12/site-packages/airflow/example_dags/example_branch_python_dop_operator_3.py took 0.026 seconds
[2025-08-26T19:02:21.390+0000] {processor.py:186} INFO - Started process (PID=2427) to work on /home/airflow/.local/lib/python3.12/site-packages/airflow/example_dags/example_branch_python_dop_operator_3.py
[2025-08-26T19:02:21.391+0000] {processor.py:914} INFO - Processing file /home/airflow/.local/lib/python3.12/site-packages/airflow/example_dags/example_branch_python_dop_operator_3.py for tasks to queue
[2025-08-26T19:02:21.392+0000] {logging_mixin.py:190} INFO - [2025-08-26T19:02:21.392+0000] {dagbag.py:588} INFO - Filling up the DagBag from /home/airflow/.local/lib/python3.12/site-packages/airflow/example_dags/example_branch_python_dop_operator_3.py
[2025-08-26T19:02:21.396+0000] {processor.py:925} INFO - DAG(s) 'example_branch_dop_operator_v3' retrieved from /home/airflow/.local/lib/python3.12/site-packages/airflow/example_dags/example_branch_python_dop_operator_3.py
[2025-08-26T19:02:21.404+0000] {logging_mixin.py:190} INFO - [2025-08-26T19:02:21.404+0000] {dag.py:3239} INFO - Sync 1 DAGs
[2025-08-26T19:02:21.413+0000] {logging_mixin.py:190} INFO - [2025-08-26T19:02:21.413+0000] {dag.py:4180} INFO - Setting next_dagrun for example_branch_dop_operator_v3 to 2025-08-26 19:01:00+00:00, run_after=2025-08-26 19:02:00+00:00
[2025-08-26T19:02:21.422+0000] {processor.py:208} INFO - Processing /home/airflow/.local/lib/python3.12/site-packages/airflow/example_dags/example_branch_python_dop_operator_3.py took 0.034 seconds
[2025-08-26T19:02:52.030+0000] {processor.py:186} INFO - Started process (PID=2490) to work on /home/airflow/.local/lib/python3.12/site-packages/airflow/example_dags/example_branch_python_dop_operator_3.py
[2025-08-26T19:02:52.031+0000] {processor.py:914} INFO - Processing file /home/airflow/.local/lib/python3.12/site-packages/airflow/example_dags/example_branch_python_dop_operator_3.py for tasks to queue
[2025-08-26T19:02:52.031+0000] {logging_mixin.py:190} INFO - [2025-08-26T19:02:52.031+0000] {dagbag.py:588} INFO - Filling up the DagBag from /home/airflow/.local/lib/python3.12/site-packages/airflow/example_dags/example_branch_python_dop_operator_3.py
[2025-08-26T19:02:52.035+0000] {processor.py:925} INFO - DAG(s) 'example_branch_dop_operator_v3' retrieved from /home/airflow/.local/lib/python3.12/site-packages/airflow/example_dags/example_branch_python_dop_operator_3.py
[2025-08-26T19:02:52.042+0000] {logging_mixin.py:190} INFO - [2025-08-26T19:02:52.042+0000] {dag.py:3239} INFO - Sync 1 DAGs
[2025-08-26T19:02:52.050+0000] {logging_mixin.py:190} INFO - [2025-08-26T19:02:52.050+0000] {dag.py:4180} INFO - Setting next_dagrun for example_branch_dop_operator_v3 to 2025-08-26 19:01:00+00:00, run_after=2025-08-26 19:02:00+00:00
[2025-08-26T19:02:52.056+0000] {processor.py:208} INFO - Processing /home/airflow/.local/lib/python3.12/site-packages/airflow/example_dags/example_branch_python_dop_operator_3.py took 0.028 seconds
[2025-08-26T19:03:22.698+0000] {processor.py:186} INFO - Started process (PID=2553) to work on /home/airflow/.local/lib/python3.12/site-packages/airflow/example_dags/example_branch_python_dop_operator_3.py
[2025-08-26T19:03:22.698+0000] {processor.py:914} INFO - Processing file /home/airflow/.local/lib/python3.12/site-packages/airflow/example_dags/example_branch_python_dop_operator_3.py for tasks to queue
[2025-08-26T19:03:22.699+0000] {logging_mixin.py:190} INFO - [2025-08-26T19:03:22.699+0000] {dagbag.py:588} INFO - Filling up the DagBag from /home/airflow/.local/lib/python3.12/site-packages/airflow/example_dags/example_branch_python_dop_operator_3.py
[2025-08-26T19:03:22.703+0000] {processor.py:925} INFO - DAG(s) 'example_branch_dop_operator_v3' retrieved from /home/airflow/.local/lib/python3.12/site-packages/airflow/example_dags/example_branch_python_dop_operator_3.py
[2025-08-26T19:03:22.711+0000] {logging_mixin.py:190} INFO - [2025-08-26T19:03:22.711+0000] {dag.py:3239} INFO - Sync 1 DAGs
[2025-08-26T19:03:22.719+0000] {logging_mixin.py:190} INFO - [2025-08-26T19:03:22.719+0000] {dag.py:4180} INFO - Setting next_dagrun for example_branch_dop_operator_v3 to 2025-08-26 19:02:00+00:00, run_after=2025-08-26 19:03:00+00:00
[2025-08-26T19:03:22.728+0000] {processor.py:208} INFO - Processing /home/airflow/.local/lib/python3.12/site-packages/airflow/example_dags/example_branch_python_dop_operator_3.py took 0.033 seconds
[2025-08-26T19:03:53.391+0000] {processor.py:186} INFO - Started process (PID=2616) to work on /home/airflow/.local/lib/python3.12/site-packages/airflow/example_dags/example_branch_python_dop_operator_3.py
[2025-08-26T19:03:53.392+0000] {processor.py:914} INFO - Processing file /home/airflow/.local/lib/python3.12/site-packages/airflow/example_dags/example_branch_python_dop_operator_3.py for tasks to queue
[2025-08-26T19:03:53.393+0000] {logging_mixin.py:190} INFO - [2025-08-26T19:03:53.393+0000] {dagbag.py:588} INFO - Filling up the DagBag from /home/airflow/.local/lib/python3.12/site-packages/airflow/example_dags/example_branch_python_dop_operator_3.py
[2025-08-26T19:03:53.397+0000] {processor.py:925} INFO - DAG(s) 'example_branch_dop_operator_v3' retrieved from /home/airflow/.local/lib/python3.12/site-packages/airflow/example_dags/example_branch_python_dop_operator_3.py
[2025-08-26T19:03:53.404+0000] {logging_mixin.py:190} INFO - [2025-08-26T19:03:53.404+0000] {dag.py:3239} INFO - Sync 1 DAGs
[2025-08-26T19:03:53.413+0000] {logging_mixin.py:190} INFO - [2025-08-26T19:03:53.413+0000] {dag.py:4180} INFO - Setting next_dagrun for example_branch_dop_operator_v3 to 2025-08-26 19:02:00+00:00, run_after=2025-08-26 19:03:00+00:00
[2025-08-26T19:03:53.419+0000] {processor.py:208} INFO - Processing /home/airflow/.local/lib/python3.12/site-packages/airflow/example_dags/example_branch_python_dop_operator_3.py took 0.031 seconds
[2025-08-26T19:04:24.179+0000] {processor.py:186} INFO - Started process (PID=2679) to work on /home/airflow/.local/lib/python3.12/site-packages/airflow/example_dags/example_branch_python_dop_operator_3.py
[2025-08-26T19:04:24.181+0000] {processor.py:914} INFO - Processing file /home/airflow/.local/lib/python3.12/site-packages/airflow/example_dags/example_branch_python_dop_operator_3.py for tasks to queue
[2025-08-26T19:04:24.182+0000] {logging_mixin.py:190} INFO - [2025-08-26T19:04:24.182+0000] {dagbag.py:588} INFO - Filling up the DagBag from /home/airflow/.local/lib/python3.12/site-packages/airflow/example_dags/example_branch_python_dop_operator_3.py
[2025-08-26T19:04:24.186+0000] {processor.py:925} INFO - DAG(s) 'example_branch_dop_operator_v3' retrieved from /home/airflow/.local/lib/python3.12/site-packages/airflow/example_dags/example_branch_python_dop_operator_3.py
[2025-08-26T19:04:24.193+0000] {logging_mixin.py:190} INFO - [2025-08-26T19:04:24.193+0000] {dag.py:3239} INFO - Sync 1 DAGs
[2025-08-26T19:04:24.202+0000] {logging_mixin.py:190} INFO - [2025-08-26T19:04:24.202+0000] {dag.py:4180} INFO - Setting next_dagrun for example_branch_dop_operator_v3 to 2025-08-26 19:03:00+00:00, run_after=2025-08-26 19:04:00+00:00
[2025-08-26T19:04:24.208+0000] {processor.py:208} INFO - Processing /home/airflow/.local/lib/python3.12/site-packages/airflow/example_dags/example_branch_python_dop_operator_3.py took 0.031 seconds
[2025-08-26T19:04:54.809+0000] {processor.py:186} INFO - Started process (PID=2742) to work on /home/airflow/.local/lib/python3.12/site-packages/airflow/example_dags/example_branch_python_dop_operator_3.py
[2025-08-26T19:04:54.809+0000] {processor.py:914} INFO - Processing file /home/airflow/.local/lib/python3.12/site-packages/airflow/example_dags/example_branch_python_dop_operator_3.py for tasks to queue
[2025-08-26T19:04:54.810+0000] {logging_mixin.py:190} INFO - [2025-08-26T19:04:54.810+0000] {dagbag.py:588} INFO - Filling up the DagBag from /home/airflow/.local/lib/python3.12/site-packages/airflow/example_dags/example_branch_python_dop_operator_3.py
[2025-08-26T19:04:54.813+0000] {processor.py:925} INFO - DAG(s) 'example_branch_dop_operator_v3' retrieved from /home/airflow/.local/lib/python3.12/site-packages/airflow/example_dags/example_branch_python_dop_operator_3.py
[2025-08-26T19:04:54.820+0000] {logging_mixin.py:190} INFO - [2025-08-26T19:04:54.820+0000] {dag.py:3239} INFO - Sync 1 DAGs
[2025-08-26T19:04:54.827+0000] {logging_mixin.py:190} INFO - [2025-08-26T19:04:54.827+0000] {dag.py:4180} INFO - Setting next_dagrun for example_branch_dop_operator_v3 to 2025-08-26 19:03:00+00:00, run_after=2025-08-26 19:04:00+00:00
[2025-08-26T19:04:54.832+0000] {processor.py:208} INFO - Processing /home/airflow/.local/lib/python3.12/site-packages/airflow/example_dags/example_branch_python_dop_operator_3.py took 0.025 seconds
[2025-08-26T19:05:25.532+0000] {processor.py:186} INFO - Started process (PID=2805) to work on /home/airflow/.local/lib/python3.12/site-packages/airflow/example_dags/example_branch_python_dop_operator_3.py
[2025-08-26T19:05:25.533+0000] {processor.py:914} INFO - Processing file /home/airflow/.local/lib/python3.12/site-packages/airflow/example_dags/example_branch_python_dop_operator_3.py for tasks to queue
[2025-08-26T19:05:25.534+0000] {logging_mixin.py:190} INFO - [2025-08-26T19:05:25.534+0000] {dagbag.py:588} INFO - Filling up the DagBag from /home/airflow/.local/lib/python3.12/site-packages/airflow/example_dags/example_branch_python_dop_operator_3.py
[2025-08-26T19:05:25.538+0000] {processor.py:925} INFO - DAG(s) 'example_branch_dop_operator_v3' retrieved from /home/airflow/.local/lib/python3.12/site-packages/airflow/example_dags/example_branch_python_dop_operator_3.py
[2025-08-26T19:05:25.545+0000] {logging_mixin.py:190} INFO - [2025-08-26T19:05:25.545+0000] {dag.py:3239} INFO - Sync 1 DAGs
[2025-08-26T19:05:25.554+0000] {logging_mixin.py:190} INFO - [2025-08-26T19:05:25.554+0000] {dag.py:4180} INFO - Setting next_dagrun for example_branch_dop_operator_v3 to 2025-08-26 19:04:00+00:00, run_after=2025-08-26 19:05:00+00:00
[2025-08-26T19:05:25.561+0000] {processor.py:208} INFO - Processing /home/airflow/.local/lib/python3.12/site-packages/airflow/example_dags/example_branch_python_dop_operator_3.py took 0.031 seconds
[2025-08-26T19:05:56.253+0000] {processor.py:186} INFO - Started process (PID=2868) to work on /home/airflow/.local/lib/python3.12/site-packages/airflow/example_dags/example_branch_python_dop_operator_3.py
[2025-08-26T19:05:56.254+0000] {processor.py:914} INFO - Processing file /home/airflow/.local/lib/python3.12/site-packages/airflow/example_dags/example_branch_python_dop_operator_3.py for tasks to queue
[2025-08-26T19:05:56.255+0000] {logging_mixin.py:190} INFO - [2025-08-26T19:05:56.255+0000] {dagbag.py:588} INFO - Filling up the DagBag from /home/airflow/.local/lib/python3.12/site-packages/airflow/example_dags/example_branch_python_dop_operator_3.py
[2025-08-26T19:05:56.260+0000] {processor.py:925} INFO - DAG(s) 'example_branch_dop_operator_v3' retrieved from /home/airflow/.local/lib/python3.12/site-packages/airflow/example_dags/example_branch_python_dop_operator_3.py
[2025-08-26T19:05:56.266+0000] {logging_mixin.py:190} INFO - [2025-08-26T19:05:56.266+0000] {dag.py:3239} INFO - Sync 1 DAGs
[2025-08-26T19:05:56.275+0000] {logging_mixin.py:190} INFO - [2025-08-26T19:05:56.275+0000] {dag.py:4180} INFO - Setting next_dagrun for example_branch_dop_operator_v3 to 2025-08-26 19:04:00+00:00, run_after=2025-08-26 19:05:00+00:00
[2025-08-26T19:05:56.281+0000] {processor.py:208} INFO - Processing /home/airflow/.local/lib/python3.12/site-packages/airflow/example_dags/example_branch_python_dop_operator_3.py took 0.031 seconds
[2025-08-26T19:06:26.893+0000] {processor.py:186} INFO - Started process (PID=2931) to work on /home/airflow/.local/lib/python3.12/site-packages/airflow/example_dags/example_branch_python_dop_operator_3.py
[2025-08-26T19:06:26.894+0000] {processor.py:914} INFO - Processing file /home/airflow/.local/lib/python3.12/site-packages/airflow/example_dags/example_branch_python_dop_operator_3.py for tasks to queue
[2025-08-26T19:06:26.895+0000] {logging_mixin.py:190} INFO - [2025-08-26T19:06:26.895+0000] {dagbag.py:588} INFO - Filling up the DagBag from /home/airflow/.local/lib/python3.12/site-packages/airflow/example_dags/example_branch_python_dop_operator_3.py
[2025-08-26T19:06:26.899+0000] {processor.py:925} INFO - DAG(s) 'example_branch_dop_operator_v3' retrieved from /home/airflow/.local/lib/python3.12/site-packages/airflow/example_dags/example_branch_python_dop_operator_3.py
[2025-08-26T19:06:26.905+0000] {logging_mixin.py:190} INFO - [2025-08-26T19:06:26.905+0000] {dag.py:3239} INFO - Sync 1 DAGs
[2025-08-26T19:06:26.915+0000] {logging_mixin.py:190} INFO - [2025-08-26T19:06:26.915+0000] {dag.py:4180} INFO - Setting next_dagrun for example_branch_dop_operator_v3 to 2025-08-26 19:05:00+00:00, run_after=2025-08-26 19:06:00+00:00
[2025-08-26T19:06:26.921+0000] {processor.py:208} INFO - Processing /home/airflow/.local/lib/python3.12/site-packages/airflow/example_dags/example_branch_python_dop_operator_3.py took 0.031 seconds
[2025-08-26T19:06:57.569+0000] {processor.py:186} INFO - Started process (PID=2994) to work on /home/airflow/.local/lib/python3.12/site-packages/airflow/example_dags/example_branch_python_dop_operator_3.py
[2025-08-26T19:06:57.570+0000] {processor.py:914} INFO - Processing file /home/airflow/.local/lib/python3.12/site-packages/airflow/example_dags/example_branch_python_dop_operator_3.py for tasks to queue
[2025-08-26T19:06:57.572+0000] {logging_mixin.py:190} INFO - [2025-08-26T19:06:57.571+0000] {dagbag.py:588} INFO - Filling up the DagBag from /home/airflow/.local/lib/python3.12/site-packages/airflow/example_dags/example_branch_python_dop_operator_3.py
[2025-08-26T19:06:57.577+0000] {processor.py:925} INFO - DAG(s) 'example_branch_dop_operator_v3' retrieved from /home/airflow/.local/lib/python3.12/site-packages/airflow/example_dags/example_branch_python_dop_operator_3.py
[2025-08-26T19:06:57.584+0000] {logging_mixin.py:190} INFO - [2025-08-26T19:06:57.584+0000] {dag.py:3239} INFO - Sync 1 DAGs
[2025-08-26T19:06:57.593+0000] {logging_mixin.py:190} INFO - [2025-08-26T19:06:57.593+0000] {dag.py:4180} INFO - Setting next_dagrun for example_branch_dop_operator_v3 to 2025-08-26 19:05:00+00:00, run_after=2025-08-26 19:06:00+00:00
[2025-08-26T19:06:57.600+0000] {processor.py:208} INFO - Processing /home/airflow/.local/lib/python3.12/site-packages/airflow/example_dags/example_branch_python_dop_operator_3.py took 0.034 seconds
[2025-08-26T19:07:28.291+0000] {processor.py:186} INFO - Started process (PID=3057) to work on /home/airflow/.local/lib/python3.12/site-packages/airflow/example_dags/example_branch_python_dop_operator_3.py
[2025-08-26T19:07:28.293+0000] {processor.py:914} INFO - Processing file /home/airflow/.local/lib/python3.12/site-packages/airflow/example_dags/example_branch_python_dop_operator_3.py for tasks to queue
[2025-08-26T19:07:28.293+0000] {logging_mixin.py:190} INFO - [2025-08-26T19:07:28.293+0000] {dagbag.py:588} INFO - Filling up the DagBag from /home/airflow/.local/lib/python3.12/site-packages/airflow/example_dags/example_branch_python_dop_operator_3.py
[2025-08-26T19:07:28.297+0000] {processor.py:925} INFO - DAG(s) 'example_branch_dop_operator_v3' retrieved from /home/airflow/.local/lib/python3.12/site-packages/airflow/example_dags/example_branch_python_dop_operator_3.py
[2025-08-26T19:07:28.305+0000] {logging_mixin.py:190} INFO - [2025-08-26T19:07:28.305+0000] {dag.py:3239} INFO - Sync 1 DAGs
[2025-08-26T19:07:28.313+0000] {logging_mixin.py:190} INFO - [2025-08-26T19:07:28.313+0000] {dag.py:4180} INFO - Setting next_dagrun for example_branch_dop_operator_v3 to 2025-08-26 19:06:00+00:00, run_after=2025-08-26 19:07:00+00:00
[2025-08-26T19:07:28.319+0000] {processor.py:208} INFO - Processing /home/airflow/.local/lib/python3.12/site-packages/airflow/example_dags/example_branch_python_dop_operator_3.py took 0.030 seconds
[2025-08-26T19:07:58.917+0000] {processor.py:186} INFO - Started process (PID=3120) to work on /home/airflow/.local/lib/python3.12/site-packages/airflow/example_dags/example_branch_python_dop_operator_3.py
[2025-08-26T19:07:58.917+0000] {processor.py:914} INFO - Processing file /home/airflow/.local/lib/python3.12/site-packages/airflow/example_dags/example_branch_python_dop_operator_3.py for tasks to queue
[2025-08-26T19:07:58.918+0000] {logging_mixin.py:190} INFO - [2025-08-26T19:07:58.918+0000] {dagbag.py:588} INFO - Filling up the DagBag from /home/airflow/.local/lib/python3.12/site-packages/airflow/example_dags/example_branch_python_dop_operator_3.py
[2025-08-26T19:07:58.921+0000] {processor.py:925} INFO - DAG(s) 'example_branch_dop_operator_v3' retrieved from /home/airflow/.local/lib/python3.12/site-packages/airflow/example_dags/example_branch_python_dop_operator_3.py
[2025-08-26T19:07:58.928+0000] {logging_mixin.py:190} INFO - [2025-08-26T19:07:58.928+0000] {dag.py:3239} INFO - Sync 1 DAGs
[2025-08-26T19:07:58.935+0000] {logging_mixin.py:190} INFO - [2025-08-26T19:07:58.935+0000] {dag.py:4180} INFO - Setting next_dagrun for example_branch_dop_operator_v3 to 2025-08-26 19:06:00+00:00, run_after=2025-08-26 19:07:00+00:00
[2025-08-26T19:07:58.940+0000] {processor.py:208} INFO - Processing /home/airflow/.local/lib/python3.12/site-packages/airflow/example_dags/example_branch_python_dop_operator_3.py took 0.025 seconds
[2025-08-26T19:08:29.538+0000] {processor.py:186} INFO - Started process (PID=3183) to work on /home/airflow/.local/lib/python3.12/site-packages/airflow/example_dags/example_branch_python_dop_operator_3.py
[2025-08-26T19:08:29.539+0000] {processor.py:914} INFO - Processing file /home/airflow/.local/lib/python3.12/site-packages/airflow/example_dags/example_branch_python_dop_operator_3.py for tasks to queue
[2025-08-26T19:08:29.540+0000] {logging_mixin.py:190} INFO - [2025-08-26T19:08:29.540+0000] {dagbag.py:588} INFO - Filling up the DagBag from /home/airflow/.local/lib/python3.12/site-packages/airflow/example_dags/example_branch_python_dop_operator_3.py
[2025-08-26T19:08:29.544+0000] {processor.py:925} INFO - DAG(s) 'example_branch_dop_operator_v3' retrieved from /home/airflow/.local/lib/python3.12/site-packages/airflow/example_dags/example_branch_python_dop_operator_3.py
[2025-08-26T19:08:29.551+0000] {logging_mixin.py:190} INFO - [2025-08-26T19:08:29.551+0000] {dag.py:3239} INFO - Sync 1 DAGs
[2025-08-26T19:08:29.559+0000] {logging_mixin.py:190} INFO - [2025-08-26T19:08:29.559+0000] {dag.py:4180} INFO - Setting next_dagrun for example_branch_dop_operator_v3 to 2025-08-26 19:07:00+00:00, run_after=2025-08-26 19:08:00+00:00
[2025-08-26T19:08:29.566+0000] {processor.py:208} INFO - Processing /home/airflow/.local/lib/python3.12/site-packages/airflow/example_dags/example_branch_python_dop_operator_3.py took 0.030 seconds
[2025-08-26T19:09:00.276+0000] {processor.py:186} INFO - Started process (PID=3246) to work on /home/airflow/.local/lib/python3.12/site-packages/airflow/example_dags/example_branch_python_dop_operator_3.py
[2025-08-26T19:09:00.278+0000] {processor.py:914} INFO - Processing file /home/airflow/.local/lib/python3.12/site-packages/airflow/example_dags/example_branch_python_dop_operator_3.py for tasks to queue
[2025-08-26T19:09:00.279+0000] {logging_mixin.py:190} INFO - [2025-08-26T19:09:00.279+0000] {dagbag.py:588} INFO - Filling up the DagBag from /home/airflow/.local/lib/python3.12/site-packages/airflow/example_dags/example_branch_python_dop_operator_3.py
[2025-08-26T19:09:00.283+0000] {processor.py:925} INFO - DAG(s) 'example_branch_dop_operator_v3' retrieved from /home/airflow/.local/lib/python3.12/site-packages/airflow/example_dags/example_branch_python_dop_operator_3.py
[2025-08-26T19:09:00.289+0000] {logging_mixin.py:190} INFO - [2025-08-26T19:09:00.289+0000] {dag.py:3239} INFO - Sync 1 DAGs
[2025-08-26T19:09:00.298+0000] {logging_mixin.py:190} INFO - [2025-08-26T19:09:00.298+0000] {dag.py:4180} INFO - Setting next_dagrun for example_branch_dop_operator_v3 to 2025-08-26 19:08:00+00:00, run_after=2025-08-26 19:09:00+00:00
[2025-08-26T19:09:00.303+0000] {processor.py:208} INFO - Processing /home/airflow/.local/lib/python3.12/site-packages/airflow/example_dags/example_branch_python_dop_operator_3.py took 0.029 seconds
[2025-08-26T19:09:30.993+0000] {processor.py:186} INFO - Started process (PID=3309) to work on /home/airflow/.local/lib/python3.12/site-packages/airflow/example_dags/example_branch_python_dop_operator_3.py
[2025-08-26T19:09:30.994+0000] {processor.py:914} INFO - Processing file /home/airflow/.local/lib/python3.12/site-packages/airflow/example_dags/example_branch_python_dop_operator_3.py for tasks to queue
[2025-08-26T19:09:30.995+0000] {logging_mixin.py:190} INFO - [2025-08-26T19:09:30.995+0000] {dagbag.py:588} INFO - Filling up the DagBag from /home/airflow/.local/lib/python3.12/site-packages/airflow/example_dags/example_branch_python_dop_operator_3.py
[2025-08-26T19:09:30.999+0000] {processor.py:925} INFO - DAG(s) 'example_branch_dop_operator_v3' retrieved from /home/airflow/.local/lib/python3.12/site-packages/airflow/example_dags/example_branch_python_dop_operator_3.py
[2025-08-26T19:09:31.006+0000] {logging_mixin.py:190} INFO - [2025-08-26T19:09:31.006+0000] {dag.py:3239} INFO - Sync 1 DAGs
[2025-08-26T19:09:31.015+0000] {logging_mixin.py:190} INFO - [2025-08-26T19:09:31.015+0000] {dag.py:4180} INFO - Setting next_dagrun for example_branch_dop_operator_v3 to 2025-08-26 19:08:00+00:00, run_after=2025-08-26 19:09:00+00:00
[2025-08-26T19:09:31.021+0000] {processor.py:208} INFO - Processing /home/airflow/.local/lib/python3.12/site-packages/airflow/example_dags/example_branch_python_dop_operator_3.py took 0.030 seconds
[2025-08-26T19:10:01.717+0000] {processor.py:186} INFO - Started process (PID=3372) to work on /home/airflow/.local/lib/python3.12/site-packages/airflow/example_dags/example_branch_python_dop_operator_3.py
[2025-08-26T19:10:01.718+0000] {processor.py:914} INFO - Processing file /home/airflow/.local/lib/python3.12/site-packages/airflow/example_dags/example_branch_python_dop_operator_3.py for tasks to queue
[2025-08-26T19:10:01.719+0000] {logging_mixin.py:190} INFO - [2025-08-26T19:10:01.718+0000] {dagbag.py:588} INFO - Filling up the DagBag from /home/airflow/.local/lib/python3.12/site-packages/airflow/example_dags/example_branch_python_dop_operator_3.py
[2025-08-26T19:10:01.723+0000] {processor.py:925} INFO - DAG(s) 'example_branch_dop_operator_v3' retrieved from /home/airflow/.local/lib/python3.12/site-packages/airflow/example_dags/example_branch_python_dop_operator_3.py
[2025-08-26T19:10:01.730+0000] {logging_mixin.py:190} INFO - [2025-08-26T19:10:01.730+0000] {dag.py:3239} INFO - Sync 1 DAGs
[2025-08-26T19:10:01.738+0000] {logging_mixin.py:190} INFO - [2025-08-26T19:10:01.738+0000] {dag.py:4180} INFO - Setting next_dagrun for example_branch_dop_operator_v3 to 2025-08-26 19:09:00+00:00, run_after=2025-08-26 19:10:00+00:00
[2025-08-26T19:10:01.744+0000] {processor.py:208} INFO - Processing /home/airflow/.local/lib/python3.12/site-packages/airflow/example_dags/example_branch_python_dop_operator_3.py took 0.030 seconds
[2025-08-26T19:10:32.513+0000] {processor.py:186} INFO - Started process (PID=3435) to work on /home/airflow/.local/lib/python3.12/site-packages/airflow/example_dags/example_branch_python_dop_operator_3.py
[2025-08-26T19:10:32.513+0000] {processor.py:914} INFO - Processing file /home/airflow/.local/lib/python3.12/site-packages/airflow/example_dags/example_branch_python_dop_operator_3.py for tasks to queue
[2025-08-26T19:10:32.514+0000] {logging_mixin.py:190} INFO - [2025-08-26T19:10:32.514+0000] {dagbag.py:588} INFO - Filling up the DagBag from /home/airflow/.local/lib/python3.12/site-packages/airflow/example_dags/example_branch_python_dop_operator_3.py
[2025-08-26T19:10:32.519+0000] {processor.py:925} INFO - DAG(s) 'example_branch_dop_operator_v3' retrieved from /home/airflow/.local/lib/python3.12/site-packages/airflow/example_dags/example_branch_python_dop_operator_3.py
[2025-08-26T19:10:32.526+0000] {logging_mixin.py:190} INFO - [2025-08-26T19:10:32.526+0000] {dag.py:3239} INFO - Sync 1 DAGs
[2025-08-26T19:10:32.535+0000] {logging_mixin.py:190} INFO - [2025-08-26T19:10:32.535+0000] {dag.py:4180} INFO - Setting next_dagrun for example_branch_dop_operator_v3 to 2025-08-26 19:09:00+00:00, run_after=2025-08-26 19:10:00+00:00
[2025-08-26T19:10:32.542+0000] {processor.py:208} INFO - Processing /home/airflow/.local/lib/python3.12/site-packages/airflow/example_dags/example_branch_python_dop_operator_3.py took 0.031 seconds
[2025-08-26T19:11:03.251+0000] {processor.py:186} INFO - Started process (PID=3498) to work on /home/airflow/.local/lib/python3.12/site-packages/airflow/example_dags/example_branch_python_dop_operator_3.py
[2025-08-26T19:11:03.251+0000] {processor.py:914} INFO - Processing file /home/airflow/.local/lib/python3.12/site-packages/airflow/example_dags/example_branch_python_dop_operator_3.py for tasks to queue
[2025-08-26T19:11:03.252+0000] {logging_mixin.py:190} INFO - [2025-08-26T19:11:03.252+0000] {dagbag.py:588} INFO - Filling up the DagBag from /home/airflow/.local/lib/python3.12/site-packages/airflow/example_dags/example_branch_python_dop_operator_3.py
[2025-08-26T19:11:03.256+0000] {processor.py:925} INFO - DAG(s) 'example_branch_dop_operator_v3' retrieved from /home/airflow/.local/lib/python3.12/site-packages/airflow/example_dags/example_branch_python_dop_operator_3.py
[2025-08-26T19:11:03.264+0000] {logging_mixin.py:190} INFO - [2025-08-26T19:11:03.264+0000] {dag.py:3239} INFO - Sync 1 DAGs
[2025-08-26T19:11:03.273+0000] {logging_mixin.py:190} INFO - [2025-08-26T19:11:03.272+0000] {dag.py:4180} INFO - Setting next_dagrun for example_branch_dop_operator_v3 to 2025-08-26 19:10:00+00:00, run_after=2025-08-26 19:11:00+00:00
[2025-08-26T19:11:03.279+0000] {processor.py:208} INFO - Processing /home/airflow/.local/lib/python3.12/site-packages/airflow/example_dags/example_branch_python_dop_operator_3.py took 0.030 seconds
[2025-08-26T19:11:34.089+0000] {processor.py:186} INFO - Started process (PID=3561) to work on /home/airflow/.local/lib/python3.12/site-packages/airflow/example_dags/example_branch_python_dop_operator_3.py
[2025-08-26T19:11:34.089+0000] {processor.py:914} INFO - Processing file /home/airflow/.local/lib/python3.12/site-packages/airflow/example_dags/example_branch_python_dop_operator_3.py for tasks to queue
[2025-08-26T19:11:34.090+0000] {logging_mixin.py:190} INFO - [2025-08-26T19:11:34.090+0000] {dagbag.py:588} INFO - Filling up the DagBag from /home/airflow/.local/lib/python3.12/site-packages/airflow/example_dags/example_branch_python_dop_operator_3.py
[2025-08-26T19:11:34.094+0000] {processor.py:925} INFO - DAG(s) 'example_branch_dop_operator_v3' retrieved from /home/airflow/.local/lib/python3.12/site-packages/airflow/example_dags/example_branch_python_dop_operator_3.py
[2025-08-26T19:11:34.102+0000] {logging_mixin.py:190} INFO - [2025-08-26T19:11:34.101+0000] {dag.py:3239} INFO - Sync 1 DAGs
[2025-08-26T19:11:34.110+0000] {logging_mixin.py:190} INFO - [2025-08-26T19:11:34.110+0000] {dag.py:4180} INFO - Setting next_dagrun for example_branch_dop_operator_v3 to 2025-08-26 19:10:00+00:00, run_after=2025-08-26 19:11:00+00:00
[2025-08-26T19:11:34.116+0000] {processor.py:208} INFO - Processing /home/airflow/.local/lib/python3.12/site-packages/airflow/example_dags/example_branch_python_dop_operator_3.py took 0.030 seconds
[2025-08-26T19:12:04.797+0000] {processor.py:186} INFO - Started process (PID=3624) to work on /home/airflow/.local/lib/python3.12/site-packages/airflow/example_dags/example_branch_python_dop_operator_3.py
[2025-08-26T19:12:04.797+0000] {processor.py:914} INFO - Processing file /home/airflow/.local/lib/python3.12/site-packages/airflow/example_dags/example_branch_python_dop_operator_3.py for tasks to queue
[2025-08-26T19:12:04.798+0000] {logging_mixin.py:190} INFO - [2025-08-26T19:12:04.798+0000] {dagbag.py:588} INFO - Filling up the DagBag from /home/airflow/.local/lib/python3.12/site-packages/airflow/example_dags/example_branch_python_dop_operator_3.py
[2025-08-26T19:12:04.802+0000] {processor.py:925} INFO - DAG(s) 'example_branch_dop_operator_v3' retrieved from /home/airflow/.local/lib/python3.12/site-packages/airflow/example_dags/example_branch_python_dop_operator_3.py
[2025-08-26T19:12:04.810+0000] {logging_mixin.py:190} INFO - [2025-08-26T19:12:04.810+0000] {dag.py:3239} INFO - Sync 1 DAGs
[2025-08-26T19:12:04.818+0000] {logging_mixin.py:190} INFO - [2025-08-26T19:12:04.818+0000] {dag.py:4180} INFO - Setting next_dagrun for example_branch_dop_operator_v3 to 2025-08-26 19:11:00+00:00, run_after=2025-08-26 19:12:00+00:00
[2025-08-26T19:12:04.824+0000] {processor.py:208} INFO - Processing /home/airflow/.local/lib/python3.12/site-packages/airflow/example_dags/example_branch_python_dop_operator_3.py took 0.030 seconds
[2025-08-26T19:12:35.676+0000] {processor.py:186} INFO - Started process (PID=3687) to work on /home/airflow/.local/lib/python3.12/site-packages/airflow/example_dags/example_branch_python_dop_operator_3.py
[2025-08-26T19:12:35.678+0000] {processor.py:914} INFO - Processing file /home/airflow/.local/lib/python3.12/site-packages/airflow/example_dags/example_branch_python_dop_operator_3.py for tasks to queue
[2025-08-26T19:12:35.679+0000] {logging_mixin.py:190} INFO - [2025-08-26T19:12:35.679+0000] {dagbag.py:588} INFO - Filling up the DagBag from /home/airflow/.local/lib/python3.12/site-packages/airflow/example_dags/example_branch_python_dop_operator_3.py
[2025-08-26T19:12:35.685+0000] {processor.py:925} INFO - DAG(s) 'example_branch_dop_operator_v3' retrieved from /home/airflow/.local/lib/python3.12/site-packages/airflow/example_dags/example_branch_python_dop_operator_3.py
[2025-08-26T19:12:35.693+0000] {logging_mixin.py:190} INFO - [2025-08-26T19:12:35.693+0000] {dag.py:3239} INFO - Sync 1 DAGs
[2025-08-26T19:12:35.701+0000] {logging_mixin.py:190} INFO - [2025-08-26T19:12:35.701+0000] {dag.py:4180} INFO - Setting next_dagrun for example_branch_dop_operator_v3 to 2025-08-26 19:11:00+00:00, run_after=2025-08-26 19:12:00+00:00
[2025-08-26T19:12:35.707+0000] {processor.py:208} INFO - Processing /home/airflow/.local/lib/python3.12/site-packages/airflow/example_dags/example_branch_python_dop_operator_3.py took 0.033 seconds
[2025-08-26T19:13:06.642+0000] {processor.py:186} INFO - Started process (PID=3750) to work on /home/airflow/.local/lib/python3.12/site-packages/airflow/example_dags/example_branch_python_dop_operator_3.py
[2025-08-26T19:13:06.642+0000] {processor.py:914} INFO - Processing file /home/airflow/.local/lib/python3.12/site-packages/airflow/example_dags/example_branch_python_dop_operator_3.py for tasks to queue
[2025-08-26T19:13:06.643+0000] {logging_mixin.py:190} INFO - [2025-08-26T19:13:06.643+0000] {dagbag.py:588} INFO - Filling up the DagBag from /home/airflow/.local/lib/python3.12/site-packages/airflow/example_dags/example_branch_python_dop_operator_3.py
[2025-08-26T19:13:06.648+0000] {processor.py:925} INFO - DAG(s) 'example_branch_dop_operator_v3' retrieved from /home/airflow/.local/lib/python3.12/site-packages/airflow/example_dags/example_branch_python_dop_operator_3.py
[2025-08-26T19:13:06.655+0000] {logging_mixin.py:190} INFO - [2025-08-26T19:13:06.655+0000] {dag.py:3239} INFO - Sync 1 DAGs
[2025-08-26T19:13:06.664+0000] {logging_mixin.py:190} INFO - [2025-08-26T19:13:06.664+0000] {dag.py:4180} INFO - Setting next_dagrun for example_branch_dop_operator_v3 to 2025-08-26 19:12:00+00:00, run_after=2025-08-26 19:13:00+00:00
[2025-08-26T19:13:06.670+0000] {processor.py:208} INFO - Processing /home/airflow/.local/lib/python3.12/site-packages/airflow/example_dags/example_branch_python_dop_operator_3.py took 0.032 seconds
[2025-08-26T19:13:37.539+0000] {processor.py:186} INFO - Started process (PID=3813) to work on /home/airflow/.local/lib/python3.12/site-packages/airflow/example_dags/example_branch_python_dop_operator_3.py
[2025-08-26T19:13:37.539+0000] {processor.py:914} INFO - Processing file /home/airflow/.local/lib/python3.12/site-packages/airflow/example_dags/example_branch_python_dop_operator_3.py for tasks to queue
[2025-08-26T19:13:37.540+0000] {logging_mixin.py:190} INFO - [2025-08-26T19:13:37.540+0000] {dagbag.py:588} INFO - Filling up the DagBag from /home/airflow/.local/lib/python3.12/site-packages/airflow/example_dags/example_branch_python_dop_operator_3.py
[2025-08-26T19:13:37.545+0000] {processor.py:925} INFO - DAG(s) 'example_branch_dop_operator_v3' retrieved from /home/airflow/.local/lib/python3.12/site-packages/airflow/example_dags/example_branch_python_dop_operator_3.py
[2025-08-26T19:13:37.552+0000] {logging_mixin.py:190} INFO - [2025-08-26T19:13:37.552+0000] {dag.py:3239} INFO - Sync 1 DAGs
[2025-08-26T19:13:37.561+0000] {logging_mixin.py:190} INFO - [2025-08-26T19:13:37.560+0000] {dag.py:4180} INFO - Setting next_dagrun for example_branch_dop_operator_v3 to 2025-08-26 19:12:00+00:00, run_after=2025-08-26 19:13:00+00:00
[2025-08-26T19:13:37.566+0000] {processor.py:208} INFO - Processing /home/airflow/.local/lib/python3.12/site-packages/airflow/example_dags/example_branch_python_dop_operator_3.py took 0.030 seconds
[2025-08-26T19:14:08.430+0000] {processor.py:186} INFO - Started process (PID=3876) to work on /home/airflow/.local/lib/python3.12/site-packages/airflow/example_dags/example_branch_python_dop_operator_3.py
[2025-08-26T19:14:08.430+0000] {processor.py:914} INFO - Processing file /home/airflow/.local/lib/python3.12/site-packages/airflow/example_dags/example_branch_python_dop_operator_3.py for tasks to queue
[2025-08-26T19:14:08.431+0000] {logging_mixin.py:190} INFO - [2025-08-26T19:14:08.431+0000] {dagbag.py:588} INFO - Filling up the DagBag from /home/airflow/.local/lib/python3.12/site-packages/airflow/example_dags/example_branch_python_dop_operator_3.py
[2025-08-26T19:14:08.435+0000] {processor.py:925} INFO - DAG(s) 'example_branch_dop_operator_v3' retrieved from /home/airflow/.local/lib/python3.12/site-packages/airflow/example_dags/example_branch_python_dop_operator_3.py
[2025-08-26T19:14:08.442+0000] {logging_mixin.py:190} INFO - [2025-08-26T19:14:08.442+0000] {dag.py:3239} INFO - Sync 1 DAGs
[2025-08-26T19:14:08.450+0000] {logging_mixin.py:190} INFO - [2025-08-26T19:14:08.450+0000] {dag.py:4180} INFO - Setting next_dagrun for example_branch_dop_operator_v3 to 2025-08-26 19:13:00+00:00, run_after=2025-08-26 19:14:00+00:00
[2025-08-26T19:14:08.456+0000] {processor.py:208} INFO - Processing /home/airflow/.local/lib/python3.12/site-packages/airflow/example_dags/example_branch_python_dop_operator_3.py took 0.028 seconds
[2025-08-26T19:14:38.466+0000] {processor.py:186} INFO - Started process (PID=3938) to work on /home/airflow/.local/lib/python3.12/site-packages/airflow/example_dags/example_branch_python_dop_operator_3.py
[2025-08-26T19:14:38.466+0000] {processor.py:914} INFO - Processing file /home/airflow/.local/lib/python3.12/site-packages/airflow/example_dags/example_branch_python_dop_operator_3.py for tasks to queue
[2025-08-26T19:14:38.467+0000] {logging_mixin.py:190} INFO - [2025-08-26T19:14:38.467+0000] {dagbag.py:588} INFO - Filling up the DagBag from /home/airflow/.local/lib/python3.12/site-packages/airflow/example_dags/example_branch_python_dop_operator_3.py
[2025-08-26T19:14:38.471+0000] {processor.py:925} INFO - DAG(s) 'example_branch_dop_operator_v3' retrieved from /home/airflow/.local/lib/python3.12/site-packages/airflow/example_dags/example_branch_python_dop_operator_3.py
[2025-08-26T19:14:38.477+0000] {logging_mixin.py:190} INFO - [2025-08-26T19:14:38.477+0000] {dag.py:3239} INFO - Sync 1 DAGs
[2025-08-26T19:14:38.485+0000] {logging_mixin.py:190} INFO - [2025-08-26T19:14:38.485+0000] {dag.py:4180} INFO - Setting next_dagrun for example_branch_dop_operator_v3 to 2025-08-26 19:13:00+00:00, run_after=2025-08-26 19:14:00+00:00
[2025-08-26T19:14:38.490+0000] {processor.py:208} INFO - Processing /home/airflow/.local/lib/python3.12/site-packages/airflow/example_dags/example_branch_python_dop_operator_3.py took 0.026 seconds
