[2025-08-26T15:43:47.952+0000] {processor.py:186} INFO - Started process (PID=40) to work on /home/airflow/.local/lib/python3.12/site-packages/airflow/example_dags/example_skip_dag.py
[2025-08-26T15:43:47.953+0000] {processor.py:914} INFO - Processing file /home/airflow/.local/lib/python3.12/site-packages/airflow/example_dags/example_skip_dag.py for tasks to queue
[2025-08-26T15:43:47.955+0000] {logging_mixin.py:190} INFO - [2025-08-26T15:43:47.955+0000] {dagbag.py:588} INFO - Filling up the DagBag from /home/airflow/.local/lib/python3.12/site-packages/airflow/example_dags/example_skip_dag.py
[2025-08-26T15:43:47.974+0000] {processor.py:925} INFO - DAG(s) 'example_skip_dag' retrieved from /home/airflow/.local/lib/python3.12/site-packages/airflow/example_dags/example_skip_dag.py
[2025-08-26T15:43:48.121+0000] {logging_mixin.py:190} INFO - [2025-08-26T15:43:48.120+0000] {override.py:1900} INFO - Created Permission View: can edit on DAG:example_skip_dag
[2025-08-26T15:43:48.129+0000] {logging_mixin.py:190} INFO - [2025-08-26T15:43:48.128+0000] {override.py:1900} INFO - Created Permission View: can delete on DAG:example_skip_dag
[2025-08-26T15:43:48.134+0000] {logging_mixin.py:190} INFO - [2025-08-26T15:43:48.134+0000] {override.py:1900} INFO - Created Permission View: can read on DAG:example_skip_dag
[2025-08-26T15:43:48.139+0000] {logging_mixin.py:190} INFO - [2025-08-26T15:43:48.139+0000] {override.py:1900} INFO - Created Permission View: can create on DAG Run:example_skip_dag
[2025-08-26T15:43:48.144+0000] {logging_mixin.py:190} INFO - [2025-08-26T15:43:48.144+0000] {override.py:1900} INFO - Created Permission View: can delete on DAG Run:example_skip_dag
[2025-08-26T15:43:48.148+0000] {logging_mixin.py:190} INFO - [2025-08-26T15:43:48.148+0000] {override.py:1900} INFO - Created Permission View: menu access on DAG Run:example_skip_dag
[2025-08-26T15:43:48.152+0000] {logging_mixin.py:190} INFO - [2025-08-26T15:43:48.151+0000] {override.py:1900} INFO - Created Permission View: can read on DAG Run:example_skip_dag
[2025-08-26T15:43:48.153+0000] {logging_mixin.py:190} INFO - [2025-08-26T15:43:48.152+0000] {dag.py:3239} INFO - Sync 1 DAGs
[2025-08-26T15:43:48.169+0000] {logging_mixin.py:190} INFO - [2025-08-26T15:43:48.169+0000] {dag.py:3262} INFO - Creating ORM DAG for example_skip_dag
[2025-08-26T15:43:48.174+0000] {logging_mixin.py:190} INFO - [2025-08-26T15:43:48.174+0000] {dag.py:4180} INFO - Setting next_dagrun for example_skip_dag to 2025-08-25 00:00:00+00:00, run_after=2025-08-26 00:00:00+00:00
[2025-08-26T15:43:48.185+0000] {processor.py:208} INFO - Processing /home/airflow/.local/lib/python3.12/site-packages/airflow/example_dags/example_skip_dag.py took 0.239 seconds
[2025-08-26T15:44:18.618+0000] {processor.py:186} INFO - Started process (PID=102) to work on /home/airflow/.local/lib/python3.12/site-packages/airflow/example_dags/example_skip_dag.py
[2025-08-26T15:44:18.619+0000] {processor.py:914} INFO - Processing file /home/airflow/.local/lib/python3.12/site-packages/airflow/example_dags/example_skip_dag.py for tasks to queue
[2025-08-26T15:44:18.622+0000] {logging_mixin.py:190} INFO - [2025-08-26T15:44:18.622+0000] {dagbag.py:588} INFO - Filling up the DagBag from /home/airflow/.local/lib/python3.12/site-packages/airflow/example_dags/example_skip_dag.py
[2025-08-26T15:44:18.632+0000] {processor.py:925} INFO - DAG(s) 'example_skip_dag' retrieved from /home/airflow/.local/lib/python3.12/site-packages/airflow/example_dags/example_skip_dag.py
[2025-08-26T15:44:18.645+0000] {logging_mixin.py:190} INFO - [2025-08-26T15:44:18.645+0000] {dag.py:3239} INFO - Sync 1 DAGs
[2025-08-26T15:44:18.656+0000] {logging_mixin.py:190} INFO - [2025-08-26T15:44:18.656+0000] {dag.py:4180} INFO - Setting next_dagrun for example_skip_dag to 2025-08-25 00:00:00+00:00, run_after=2025-08-26 00:00:00+00:00
[2025-08-26T15:44:18.664+0000] {processor.py:208} INFO - Processing /home/airflow/.local/lib/python3.12/site-packages/airflow/example_dags/example_skip_dag.py took 0.050 seconds
[2025-08-26T15:44:49.317+0000] {processor.py:186} INFO - Started process (PID=171) to work on /home/airflow/.local/lib/python3.12/site-packages/airflow/example_dags/example_skip_dag.py
[2025-08-26T15:44:49.318+0000] {processor.py:914} INFO - Processing file /home/airflow/.local/lib/python3.12/site-packages/airflow/example_dags/example_skip_dag.py for tasks to queue
[2025-08-26T15:44:49.320+0000] {logging_mixin.py:190} INFO - [2025-08-26T15:44:49.320+0000] {dagbag.py:588} INFO - Filling up the DagBag from /home/airflow/.local/lib/python3.12/site-packages/airflow/example_dags/example_skip_dag.py
[2025-08-26T15:44:49.328+0000] {processor.py:925} INFO - DAG(s) 'example_skip_dag' retrieved from /home/airflow/.local/lib/python3.12/site-packages/airflow/example_dags/example_skip_dag.py
[2025-08-26T15:44:49.341+0000] {logging_mixin.py:190} INFO - [2025-08-26T15:44:49.341+0000] {dag.py:3239} INFO - Sync 1 DAGs
[2025-08-26T15:44:49.355+0000] {logging_mixin.py:190} INFO - [2025-08-26T15:44:49.355+0000] {dag.py:4180} INFO - Setting next_dagrun for example_skip_dag to 2025-08-25 00:00:00+00:00, run_after=2025-08-26 00:00:00+00:00
[2025-08-26T15:44:49.362+0000] {processor.py:208} INFO - Processing /home/airflow/.local/lib/python3.12/site-packages/airflow/example_dags/example_skip_dag.py took 0.051 seconds
[2025-08-26T15:45:20.143+0000] {processor.py:186} INFO - Started process (PID=234) to work on /home/airflow/.local/lib/python3.12/site-packages/airflow/example_dags/example_skip_dag.py
[2025-08-26T15:45:20.145+0000] {processor.py:914} INFO - Processing file /home/airflow/.local/lib/python3.12/site-packages/airflow/example_dags/example_skip_dag.py for tasks to queue
[2025-08-26T15:45:20.149+0000] {logging_mixin.py:190} INFO - [2025-08-26T15:45:20.149+0000] {dagbag.py:588} INFO - Filling up the DagBag from /home/airflow/.local/lib/python3.12/site-packages/airflow/example_dags/example_skip_dag.py
[2025-08-26T15:45:20.163+0000] {processor.py:925} INFO - DAG(s) 'example_skip_dag' retrieved from /home/airflow/.local/lib/python3.12/site-packages/airflow/example_dags/example_skip_dag.py
[2025-08-26T15:45:20.180+0000] {logging_mixin.py:190} INFO - [2025-08-26T15:45:20.179+0000] {dag.py:3239} INFO - Sync 1 DAGs
[2025-08-26T15:45:20.191+0000] {logging_mixin.py:190} INFO - [2025-08-26T15:45:20.191+0000] {dag.py:4180} INFO - Setting next_dagrun for example_skip_dag to 2025-08-25 00:00:00+00:00, run_after=2025-08-26 00:00:00+00:00
[2025-08-26T15:45:20.199+0000] {processor.py:208} INFO - Processing /home/airflow/.local/lib/python3.12/site-packages/airflow/example_dags/example_skip_dag.py took 0.060 seconds
[2025-08-26T15:56:42.363+0000] {processor.py:186} INFO - Started process (PID=291) to work on /home/airflow/.local/lib/python3.12/site-packages/airflow/example_dags/example_skip_dag.py
[2025-08-26T15:56:42.364+0000] {processor.py:914} INFO - Processing file /home/airflow/.local/lib/python3.12/site-packages/airflow/example_dags/example_skip_dag.py for tasks to queue
[2025-08-26T15:56:42.366+0000] {logging_mixin.py:190} INFO - [2025-08-26T15:56:42.366+0000] {dagbag.py:588} INFO - Filling up the DagBag from /home/airflow/.local/lib/python3.12/site-packages/airflow/example_dags/example_skip_dag.py
[2025-08-26T15:56:42.371+0000] {processor.py:925} INFO - DAG(s) 'example_skip_dag' retrieved from /home/airflow/.local/lib/python3.12/site-packages/airflow/example_dags/example_skip_dag.py
[2025-08-26T15:56:42.382+0000] {logging_mixin.py:190} INFO - [2025-08-26T15:56:42.382+0000] {dag.py:3239} INFO - Sync 1 DAGs
[2025-08-26T15:56:42.392+0000] {logging_mixin.py:190} INFO - [2025-08-26T15:56:42.392+0000] {dag.py:4180} INFO - Setting next_dagrun for example_skip_dag to 2025-08-25 00:00:00+00:00, run_after=2025-08-26 00:00:00+00:00
[2025-08-26T15:56:42.404+0000] {processor.py:208} INFO - Processing /home/airflow/.local/lib/python3.12/site-packages/airflow/example_dags/example_skip_dag.py took 0.044 seconds
[2025-08-26T16:32:52.892+0000] {processor.py:186} INFO - Started process (PID=354) to work on /home/airflow/.local/lib/python3.12/site-packages/airflow/example_dags/example_skip_dag.py
[2025-08-26T16:32:52.893+0000] {processor.py:914} INFO - Processing file /home/airflow/.local/lib/python3.12/site-packages/airflow/example_dags/example_skip_dag.py for tasks to queue
[2025-08-26T16:32:52.899+0000] {logging_mixin.py:190} INFO - [2025-08-26T16:32:52.899+0000] {dagbag.py:588} INFO - Filling up the DagBag from /home/airflow/.local/lib/python3.12/site-packages/airflow/example_dags/example_skip_dag.py
[2025-08-26T16:32:52.907+0000] {processor.py:925} INFO - DAG(s) 'example_skip_dag' retrieved from /home/airflow/.local/lib/python3.12/site-packages/airflow/example_dags/example_skip_dag.py
[2025-08-26T16:32:52.920+0000] {logging_mixin.py:190} INFO - [2025-08-26T16:32:52.920+0000] {dag.py:3239} INFO - Sync 1 DAGs
[2025-08-26T16:32:52.930+0000] {logging_mixin.py:190} INFO - [2025-08-26T16:32:52.930+0000] {dag.py:4180} INFO - Setting next_dagrun for example_skip_dag to 2025-08-25 00:00:00+00:00, run_after=2025-08-26 00:00:00+00:00
[2025-08-26T16:32:52.938+0000] {processor.py:208} INFO - Processing /home/airflow/.local/lib/python3.12/site-packages/airflow/example_dags/example_skip_dag.py took 0.053 seconds
[2025-08-26T18:02:29.047+0000] {processor.py:186} INFO - Started process (PID=417) to work on /home/airflow/.local/lib/python3.12/site-packages/airflow/example_dags/example_skip_dag.py
[2025-08-26T18:02:29.048+0000] {processor.py:914} INFO - Processing file /home/airflow/.local/lib/python3.12/site-packages/airflow/example_dags/example_skip_dag.py for tasks to queue
[2025-08-26T18:02:29.052+0000] {logging_mixin.py:190} INFO - [2025-08-26T18:02:29.052+0000] {dagbag.py:588} INFO - Filling up the DagBag from /home/airflow/.local/lib/python3.12/site-packages/airflow/example_dags/example_skip_dag.py
[2025-08-26T18:02:29.060+0000] {processor.py:925} INFO - DAG(s) 'example_skip_dag' retrieved from /home/airflow/.local/lib/python3.12/site-packages/airflow/example_dags/example_skip_dag.py
[2025-08-26T18:02:29.075+0000] {logging_mixin.py:190} INFO - [2025-08-26T18:02:29.075+0000] {dag.py:3239} INFO - Sync 1 DAGs
[2025-08-26T18:02:29.085+0000] {logging_mixin.py:190} INFO - [2025-08-26T18:02:29.085+0000] {dag.py:4180} INFO - Setting next_dagrun for example_skip_dag to 2025-08-25 00:00:00+00:00, run_after=2025-08-26 00:00:00+00:00
[2025-08-26T18:02:29.095+0000] {processor.py:208} INFO - Processing /home/airflow/.local/lib/python3.12/site-packages/airflow/example_dags/example_skip_dag.py took 0.051 seconds
[2025-08-26T18:46:58.862+0000] {processor.py:186} INFO - Started process (PID=480) to work on /home/airflow/.local/lib/python3.12/site-packages/airflow/example_dags/example_skip_dag.py
[2025-08-26T18:46:58.863+0000] {processor.py:914} INFO - Processing file /home/airflow/.local/lib/python3.12/site-packages/airflow/example_dags/example_skip_dag.py for tasks to queue
[2025-08-26T18:46:58.867+0000] {logging_mixin.py:190} INFO - [2025-08-26T18:46:58.866+0000] {dagbag.py:588} INFO - Filling up the DagBag from /home/airflow/.local/lib/python3.12/site-packages/airflow/example_dags/example_skip_dag.py
[2025-08-26T18:46:58.875+0000] {processor.py:925} INFO - DAG(s) 'example_skip_dag' retrieved from /home/airflow/.local/lib/python3.12/site-packages/airflow/example_dags/example_skip_dag.py
[2025-08-26T18:46:58.895+0000] {logging_mixin.py:190} INFO - [2025-08-26T18:46:58.895+0000] {dag.py:3239} INFO - Sync 1 DAGs
[2025-08-26T18:46:58.910+0000] {logging_mixin.py:190} INFO - [2025-08-26T18:46:58.910+0000] {dag.py:4180} INFO - Setting next_dagrun for example_skip_dag to 2025-08-25 00:00:00+00:00, run_after=2025-08-26 00:00:00+00:00
[2025-08-26T18:46:58.929+0000] {processor.py:208} INFO - Processing /home/airflow/.local/lib/python3.12/site-packages/airflow/example_dags/example_skip_dag.py took 0.072 seconds
[2025-08-26T18:47:29.883+0000] {processor.py:186} INFO - Started process (PID=543) to work on /home/airflow/.local/lib/python3.12/site-packages/airflow/example_dags/example_skip_dag.py
[2025-08-26T18:47:29.885+0000] {processor.py:914} INFO - Processing file /home/airflow/.local/lib/python3.12/site-packages/airflow/example_dags/example_skip_dag.py for tasks to queue
[2025-08-26T18:47:29.889+0000] {logging_mixin.py:190} INFO - [2025-08-26T18:47:29.889+0000] {dagbag.py:588} INFO - Filling up the DagBag from /home/airflow/.local/lib/python3.12/site-packages/airflow/example_dags/example_skip_dag.py
[2025-08-26T18:47:29.899+0000] {processor.py:925} INFO - DAG(s) 'example_skip_dag' retrieved from /home/airflow/.local/lib/python3.12/site-packages/airflow/example_dags/example_skip_dag.py
[2025-08-26T18:47:29.911+0000] {logging_mixin.py:190} INFO - [2025-08-26T18:47:29.911+0000] {dag.py:3239} INFO - Sync 1 DAGs
[2025-08-26T18:47:29.922+0000] {logging_mixin.py:190} INFO - [2025-08-26T18:47:29.922+0000] {dag.py:4180} INFO - Setting next_dagrun for example_skip_dag to 2025-08-25 00:00:00+00:00, run_after=2025-08-26 00:00:00+00:00
[2025-08-26T18:47:29.930+0000] {processor.py:208} INFO - Processing /home/airflow/.local/lib/python3.12/site-packages/airflow/example_dags/example_skip_dag.py took 0.050 seconds
[2025-08-26T18:48:00.680+0000] {processor.py:186} INFO - Started process (PID=606) to work on /home/airflow/.local/lib/python3.12/site-packages/airflow/example_dags/example_skip_dag.py
[2025-08-26T18:48:00.680+0000] {processor.py:914} INFO - Processing file /home/airflow/.local/lib/python3.12/site-packages/airflow/example_dags/example_skip_dag.py for tasks to queue
[2025-08-26T18:48:00.682+0000] {logging_mixin.py:190} INFO - [2025-08-26T18:48:00.682+0000] {dagbag.py:588} INFO - Filling up the DagBag from /home/airflow/.local/lib/python3.12/site-packages/airflow/example_dags/example_skip_dag.py
[2025-08-26T18:48:00.685+0000] {processor.py:925} INFO - DAG(s) 'example_skip_dag' retrieved from /home/airflow/.local/lib/python3.12/site-packages/airflow/example_dags/example_skip_dag.py
[2025-08-26T18:48:00.694+0000] {logging_mixin.py:190} INFO - [2025-08-26T18:48:00.694+0000] {dag.py:3239} INFO - Sync 1 DAGs
[2025-08-26T18:48:00.703+0000] {logging_mixin.py:190} INFO - [2025-08-26T18:48:00.703+0000] {dag.py:4180} INFO - Setting next_dagrun for example_skip_dag to 2025-08-25 00:00:00+00:00, run_after=2025-08-26 00:00:00+00:00
[2025-08-26T18:48:00.709+0000] {processor.py:208} INFO - Processing /home/airflow/.local/lib/python3.12/site-packages/airflow/example_dags/example_skip_dag.py took 0.031 seconds
[2025-08-26T18:48:31.527+0000] {processor.py:186} INFO - Started process (PID=669) to work on /home/airflow/.local/lib/python3.12/site-packages/airflow/example_dags/example_skip_dag.py
[2025-08-26T18:48:31.528+0000] {processor.py:914} INFO - Processing file /home/airflow/.local/lib/python3.12/site-packages/airflow/example_dags/example_skip_dag.py for tasks to queue
[2025-08-26T18:48:31.529+0000] {logging_mixin.py:190} INFO - [2025-08-26T18:48:31.529+0000] {dagbag.py:588} INFO - Filling up the DagBag from /home/airflow/.local/lib/python3.12/site-packages/airflow/example_dags/example_skip_dag.py
[2025-08-26T18:48:31.533+0000] {processor.py:925} INFO - DAG(s) 'example_skip_dag' retrieved from /home/airflow/.local/lib/python3.12/site-packages/airflow/example_dags/example_skip_dag.py
[2025-08-26T18:48:31.543+0000] {logging_mixin.py:190} INFO - [2025-08-26T18:48:31.542+0000] {dag.py:3239} INFO - Sync 1 DAGs
[2025-08-26T18:48:31.552+0000] {logging_mixin.py:190} INFO - [2025-08-26T18:48:31.552+0000] {dag.py:4180} INFO - Setting next_dagrun for example_skip_dag to 2025-08-25 00:00:00+00:00, run_after=2025-08-26 00:00:00+00:00
[2025-08-26T18:48:31.558+0000] {processor.py:208} INFO - Processing /home/airflow/.local/lib/python3.12/site-packages/airflow/example_dags/example_skip_dag.py took 0.034 seconds
[2025-08-26T18:49:02.192+0000] {processor.py:186} INFO - Started process (PID=732) to work on /home/airflow/.local/lib/python3.12/site-packages/airflow/example_dags/example_skip_dag.py
[2025-08-26T18:49:02.193+0000] {processor.py:914} INFO - Processing file /home/airflow/.local/lib/python3.12/site-packages/airflow/example_dags/example_skip_dag.py for tasks to queue
[2025-08-26T18:49:02.194+0000] {logging_mixin.py:190} INFO - [2025-08-26T18:49:02.194+0000] {dagbag.py:588} INFO - Filling up the DagBag from /home/airflow/.local/lib/python3.12/site-packages/airflow/example_dags/example_skip_dag.py
[2025-08-26T18:49:02.201+0000] {processor.py:925} INFO - DAG(s) 'example_skip_dag' retrieved from /home/airflow/.local/lib/python3.12/site-packages/airflow/example_dags/example_skip_dag.py
[2025-08-26T18:49:02.214+0000] {logging_mixin.py:190} INFO - [2025-08-26T18:49:02.213+0000] {dag.py:3239} INFO - Sync 1 DAGs
[2025-08-26T18:49:02.223+0000] {logging_mixin.py:190} INFO - [2025-08-26T18:49:02.222+0000] {dag.py:4180} INFO - Setting next_dagrun for example_skip_dag to 2025-08-25 00:00:00+00:00, run_after=2025-08-26 00:00:00+00:00
[2025-08-26T18:49:02.233+0000] {processor.py:208} INFO - Processing /home/airflow/.local/lib/python3.12/site-packages/airflow/example_dags/example_skip_dag.py took 0.044 seconds
[2025-08-26T18:49:32.924+0000] {processor.py:186} INFO - Started process (PID=796) to work on /home/airflow/.local/lib/python3.12/site-packages/airflow/example_dags/example_skip_dag.py
[2025-08-26T18:49:32.925+0000] {processor.py:914} INFO - Processing file /home/airflow/.local/lib/python3.12/site-packages/airflow/example_dags/example_skip_dag.py for tasks to queue
[2025-08-26T18:49:32.927+0000] {logging_mixin.py:190} INFO - [2025-08-26T18:49:32.927+0000] {dagbag.py:588} INFO - Filling up the DagBag from /home/airflow/.local/lib/python3.12/site-packages/airflow/example_dags/example_skip_dag.py
[2025-08-26T18:49:32.931+0000] {processor.py:925} INFO - DAG(s) 'example_skip_dag' retrieved from /home/airflow/.local/lib/python3.12/site-packages/airflow/example_dags/example_skip_dag.py
[2025-08-26T18:49:32.944+0000] {logging_mixin.py:190} INFO - [2025-08-26T18:49:32.944+0000] {dag.py:3239} INFO - Sync 1 DAGs
[2025-08-26T18:49:32.954+0000] {logging_mixin.py:190} INFO - [2025-08-26T18:49:32.954+0000] {dag.py:4180} INFO - Setting next_dagrun for example_skip_dag to 2025-08-25 00:00:00+00:00, run_after=2025-08-26 00:00:00+00:00
[2025-08-26T18:49:32.960+0000] {processor.py:208} INFO - Processing /home/airflow/.local/lib/python3.12/site-packages/airflow/example_dags/example_skip_dag.py took 0.040 seconds
[2025-08-26T18:50:03.559+0000] {processor.py:186} INFO - Started process (PID=859) to work on /home/airflow/.local/lib/python3.12/site-packages/airflow/example_dags/example_skip_dag.py
[2025-08-26T18:50:03.560+0000] {processor.py:914} INFO - Processing file /home/airflow/.local/lib/python3.12/site-packages/airflow/example_dags/example_skip_dag.py for tasks to queue
[2025-08-26T18:50:03.562+0000] {logging_mixin.py:190} INFO - [2025-08-26T18:50:03.562+0000] {dagbag.py:588} INFO - Filling up the DagBag from /home/airflow/.local/lib/python3.12/site-packages/airflow/example_dags/example_skip_dag.py
[2025-08-26T18:50:03.569+0000] {processor.py:925} INFO - DAG(s) 'example_skip_dag' retrieved from /home/airflow/.local/lib/python3.12/site-packages/airflow/example_dags/example_skip_dag.py
[2025-08-26T18:50:03.580+0000] {logging_mixin.py:190} INFO - [2025-08-26T18:50:03.580+0000] {dag.py:3239} INFO - Sync 1 DAGs
[2025-08-26T18:50:03.589+0000] {logging_mixin.py:190} INFO - [2025-08-26T18:50:03.589+0000] {dag.py:4180} INFO - Setting next_dagrun for example_skip_dag to 2025-08-25 00:00:00+00:00, run_after=2025-08-26 00:00:00+00:00
[2025-08-26T18:50:03.600+0000] {processor.py:208} INFO - Processing /home/airflow/.local/lib/python3.12/site-packages/airflow/example_dags/example_skip_dag.py took 0.047 seconds
[2025-08-26T18:50:34.122+0000] {processor.py:186} INFO - Started process (PID=922) to work on /home/airflow/.local/lib/python3.12/site-packages/airflow/example_dags/example_skip_dag.py
[2025-08-26T18:50:34.123+0000] {processor.py:914} INFO - Processing file /home/airflow/.local/lib/python3.12/site-packages/airflow/example_dags/example_skip_dag.py for tasks to queue
[2025-08-26T18:50:34.124+0000] {logging_mixin.py:190} INFO - [2025-08-26T18:50:34.124+0000] {dagbag.py:588} INFO - Filling up the DagBag from /home/airflow/.local/lib/python3.12/site-packages/airflow/example_dags/example_skip_dag.py
[2025-08-26T18:50:34.127+0000] {processor.py:925} INFO - DAG(s) 'example_skip_dag' retrieved from /home/airflow/.local/lib/python3.12/site-packages/airflow/example_dags/example_skip_dag.py
[2025-08-26T18:50:34.136+0000] {logging_mixin.py:190} INFO - [2025-08-26T18:50:34.136+0000] {dag.py:3239} INFO - Sync 1 DAGs
[2025-08-26T18:50:34.146+0000] {logging_mixin.py:190} INFO - [2025-08-26T18:50:34.146+0000] {dag.py:4180} INFO - Setting next_dagrun for example_skip_dag to 2025-08-25 00:00:00+00:00, run_after=2025-08-26 00:00:00+00:00
[2025-08-26T18:50:34.153+0000] {processor.py:208} INFO - Processing /home/airflow/.local/lib/python3.12/site-packages/airflow/example_dags/example_skip_dag.py took 0.034 seconds
[2025-08-26T18:51:04.663+0000] {processor.py:186} INFO - Started process (PID=985) to work on /home/airflow/.local/lib/python3.12/site-packages/airflow/example_dags/example_skip_dag.py
[2025-08-26T18:51:04.665+0000] {processor.py:914} INFO - Processing file /home/airflow/.local/lib/python3.12/site-packages/airflow/example_dags/example_skip_dag.py for tasks to queue
[2025-08-26T18:51:04.667+0000] {logging_mixin.py:190} INFO - [2025-08-26T18:51:04.667+0000] {dagbag.py:588} INFO - Filling up the DagBag from /home/airflow/.local/lib/python3.12/site-packages/airflow/example_dags/example_skip_dag.py
[2025-08-26T18:51:04.673+0000] {processor.py:925} INFO - DAG(s) 'example_skip_dag' retrieved from /home/airflow/.local/lib/python3.12/site-packages/airflow/example_dags/example_skip_dag.py
[2025-08-26T18:51:04.682+0000] {logging_mixin.py:190} INFO - [2025-08-26T18:51:04.682+0000] {dag.py:3239} INFO - Sync 1 DAGs
[2025-08-26T18:51:04.691+0000] {logging_mixin.py:190} INFO - [2025-08-26T18:51:04.691+0000] {dag.py:4180} INFO - Setting next_dagrun for example_skip_dag to 2025-08-25 00:00:00+00:00, run_after=2025-08-26 00:00:00+00:00
[2025-08-26T18:51:04.698+0000] {processor.py:208} INFO - Processing /home/airflow/.local/lib/python3.12/site-packages/airflow/example_dags/example_skip_dag.py took 0.039 seconds
[2025-08-26T18:51:35.247+0000] {processor.py:186} INFO - Started process (PID=1048) to work on /home/airflow/.local/lib/python3.12/site-packages/airflow/example_dags/example_skip_dag.py
[2025-08-26T18:51:35.247+0000] {processor.py:914} INFO - Processing file /home/airflow/.local/lib/python3.12/site-packages/airflow/example_dags/example_skip_dag.py for tasks to queue
[2025-08-26T18:51:35.249+0000] {logging_mixin.py:190} INFO - [2025-08-26T18:51:35.249+0000] {dagbag.py:588} INFO - Filling up the DagBag from /home/airflow/.local/lib/python3.12/site-packages/airflow/example_dags/example_skip_dag.py
[2025-08-26T18:51:35.257+0000] {processor.py:925} INFO - DAG(s) 'example_skip_dag' retrieved from /home/airflow/.local/lib/python3.12/site-packages/airflow/example_dags/example_skip_dag.py
[2025-08-26T18:51:35.270+0000] {logging_mixin.py:190} INFO - [2025-08-26T18:51:35.270+0000] {dag.py:3239} INFO - Sync 1 DAGs
[2025-08-26T18:51:35.280+0000] {logging_mixin.py:190} INFO - [2025-08-26T18:51:35.280+0000] {dag.py:4180} INFO - Setting next_dagrun for example_skip_dag to 2025-08-25 00:00:00+00:00, run_after=2025-08-26 00:00:00+00:00
[2025-08-26T18:51:35.287+0000] {processor.py:208} INFO - Processing /home/airflow/.local/lib/python3.12/site-packages/airflow/example_dags/example_skip_dag.py took 0.045 seconds
[2025-08-26T18:52:05.856+0000] {processor.py:186} INFO - Started process (PID=1111) to work on /home/airflow/.local/lib/python3.12/site-packages/airflow/example_dags/example_skip_dag.py
[2025-08-26T18:52:05.857+0000] {processor.py:914} INFO - Processing file /home/airflow/.local/lib/python3.12/site-packages/airflow/example_dags/example_skip_dag.py for tasks to queue
[2025-08-26T18:52:05.859+0000] {logging_mixin.py:190} INFO - [2025-08-26T18:52:05.859+0000] {dagbag.py:588} INFO - Filling up the DagBag from /home/airflow/.local/lib/python3.12/site-packages/airflow/example_dags/example_skip_dag.py
[2025-08-26T18:52:05.865+0000] {processor.py:925} INFO - DAG(s) 'example_skip_dag' retrieved from /home/airflow/.local/lib/python3.12/site-packages/airflow/example_dags/example_skip_dag.py
[2025-08-26T18:52:05.877+0000] {logging_mixin.py:190} INFO - [2025-08-26T18:52:05.877+0000] {dag.py:3239} INFO - Sync 1 DAGs
[2025-08-26T18:52:05.886+0000] {logging_mixin.py:190} INFO - [2025-08-26T18:52:05.886+0000] {dag.py:4180} INFO - Setting next_dagrun for example_skip_dag to 2025-08-25 00:00:00+00:00, run_after=2025-08-26 00:00:00+00:00
[2025-08-26T18:52:05.898+0000] {processor.py:208} INFO - Processing /home/airflow/.local/lib/python3.12/site-packages/airflow/example_dags/example_skip_dag.py took 0.047 seconds
[2025-08-26T18:52:36.566+0000] {processor.py:186} INFO - Started process (PID=1174) to work on /home/airflow/.local/lib/python3.12/site-packages/airflow/example_dags/example_skip_dag.py
[2025-08-26T18:52:36.567+0000] {processor.py:914} INFO - Processing file /home/airflow/.local/lib/python3.12/site-packages/airflow/example_dags/example_skip_dag.py for tasks to queue
[2025-08-26T18:52:36.569+0000] {logging_mixin.py:190} INFO - [2025-08-26T18:52:36.569+0000] {dagbag.py:588} INFO - Filling up the DagBag from /home/airflow/.local/lib/python3.12/site-packages/airflow/example_dags/example_skip_dag.py
[2025-08-26T18:52:36.581+0000] {processor.py:925} INFO - DAG(s) 'example_skip_dag' retrieved from /home/airflow/.local/lib/python3.12/site-packages/airflow/example_dags/example_skip_dag.py
[2025-08-26T18:52:36.592+0000] {logging_mixin.py:190} INFO - [2025-08-26T18:52:36.592+0000] {dag.py:3239} INFO - Sync 1 DAGs
[2025-08-26T18:52:36.602+0000] {logging_mixin.py:190} INFO - [2025-08-26T18:52:36.602+0000] {dag.py:4180} INFO - Setting next_dagrun for example_skip_dag to 2025-08-25 00:00:00+00:00, run_after=2025-08-26 00:00:00+00:00
[2025-08-26T18:52:36.610+0000] {processor.py:208} INFO - Processing /home/airflow/.local/lib/python3.12/site-packages/airflow/example_dags/example_skip_dag.py took 0.049 seconds
[2025-08-26T18:53:07.175+0000] {processor.py:186} INFO - Started process (PID=1237) to work on /home/airflow/.local/lib/python3.12/site-packages/airflow/example_dags/example_skip_dag.py
[2025-08-26T18:53:07.176+0000] {processor.py:914} INFO - Processing file /home/airflow/.local/lib/python3.12/site-packages/airflow/example_dags/example_skip_dag.py for tasks to queue
[2025-08-26T18:53:07.178+0000] {logging_mixin.py:190} INFO - [2025-08-26T18:53:07.178+0000] {dagbag.py:588} INFO - Filling up the DagBag from /home/airflow/.local/lib/python3.12/site-packages/airflow/example_dags/example_skip_dag.py
[2025-08-26T18:53:07.186+0000] {processor.py:925} INFO - DAG(s) 'example_skip_dag' retrieved from /home/airflow/.local/lib/python3.12/site-packages/airflow/example_dags/example_skip_dag.py
[2025-08-26T18:53:07.198+0000] {logging_mixin.py:190} INFO - [2025-08-26T18:53:07.197+0000] {dag.py:3239} INFO - Sync 1 DAGs
[2025-08-26T18:53:07.207+0000] {logging_mixin.py:190} INFO - [2025-08-26T18:53:07.207+0000] {dag.py:4180} INFO - Setting next_dagrun for example_skip_dag to 2025-08-25 00:00:00+00:00, run_after=2025-08-26 00:00:00+00:00
[2025-08-26T18:53:07.217+0000] {processor.py:208} INFO - Processing /home/airflow/.local/lib/python3.12/site-packages/airflow/example_dags/example_skip_dag.py took 0.047 seconds
[2025-08-26T18:53:37.759+0000] {processor.py:186} INFO - Started process (PID=1300) to work on /home/airflow/.local/lib/python3.12/site-packages/airflow/example_dags/example_skip_dag.py
[2025-08-26T18:53:37.761+0000] {processor.py:914} INFO - Processing file /home/airflow/.local/lib/python3.12/site-packages/airflow/example_dags/example_skip_dag.py for tasks to queue
[2025-08-26T18:53:37.765+0000] {logging_mixin.py:190} INFO - [2025-08-26T18:53:37.765+0000] {dagbag.py:588} INFO - Filling up the DagBag from /home/airflow/.local/lib/python3.12/site-packages/airflow/example_dags/example_skip_dag.py
[2025-08-26T18:53:37.771+0000] {processor.py:925} INFO - DAG(s) 'example_skip_dag' retrieved from /home/airflow/.local/lib/python3.12/site-packages/airflow/example_dags/example_skip_dag.py
[2025-08-26T18:53:37.782+0000] {logging_mixin.py:190} INFO - [2025-08-26T18:53:37.782+0000] {dag.py:3239} INFO - Sync 1 DAGs
[2025-08-26T18:53:37.791+0000] {logging_mixin.py:190} INFO - [2025-08-26T18:53:37.791+0000] {dag.py:4180} INFO - Setting next_dagrun for example_skip_dag to 2025-08-25 00:00:00+00:00, run_after=2025-08-26 00:00:00+00:00
[2025-08-26T18:53:37.801+0000] {processor.py:208} INFO - Processing /home/airflow/.local/lib/python3.12/site-packages/airflow/example_dags/example_skip_dag.py took 0.047 seconds
[2025-08-26T18:54:08.419+0000] {processor.py:186} INFO - Started process (PID=1363) to work on /home/airflow/.local/lib/python3.12/site-packages/airflow/example_dags/example_skip_dag.py
[2025-08-26T18:54:08.420+0000] {processor.py:914} INFO - Processing file /home/airflow/.local/lib/python3.12/site-packages/airflow/example_dags/example_skip_dag.py for tasks to queue
[2025-08-26T18:54:08.422+0000] {logging_mixin.py:190} INFO - [2025-08-26T18:54:08.422+0000] {dagbag.py:588} INFO - Filling up the DagBag from /home/airflow/.local/lib/python3.12/site-packages/airflow/example_dags/example_skip_dag.py
[2025-08-26T18:54:08.428+0000] {processor.py:925} INFO - DAG(s) 'example_skip_dag' retrieved from /home/airflow/.local/lib/python3.12/site-packages/airflow/example_dags/example_skip_dag.py
[2025-08-26T18:54:08.442+0000] {logging_mixin.py:190} INFO - [2025-08-26T18:54:08.442+0000] {dag.py:3239} INFO - Sync 1 DAGs
[2025-08-26T18:54:08.452+0000] {logging_mixin.py:190} INFO - [2025-08-26T18:54:08.452+0000] {dag.py:4180} INFO - Setting next_dagrun for example_skip_dag to 2025-08-25 00:00:00+00:00, run_after=2025-08-26 00:00:00+00:00
[2025-08-26T18:54:08.458+0000] {processor.py:208} INFO - Processing /home/airflow/.local/lib/python3.12/site-packages/airflow/example_dags/example_skip_dag.py took 0.044 seconds
[2025-08-26T18:54:38.988+0000] {processor.py:186} INFO - Started process (PID=1426) to work on /home/airflow/.local/lib/python3.12/site-packages/airflow/example_dags/example_skip_dag.py
[2025-08-26T18:54:38.989+0000] {processor.py:914} INFO - Processing file /home/airflow/.local/lib/python3.12/site-packages/airflow/example_dags/example_skip_dag.py for tasks to queue
[2025-08-26T18:54:38.991+0000] {logging_mixin.py:190} INFO - [2025-08-26T18:54:38.990+0000] {dagbag.py:588} INFO - Filling up the DagBag from /home/airflow/.local/lib/python3.12/site-packages/airflow/example_dags/example_skip_dag.py
[2025-08-26T18:54:38.999+0000] {processor.py:925} INFO - DAG(s) 'example_skip_dag' retrieved from /home/airflow/.local/lib/python3.12/site-packages/airflow/example_dags/example_skip_dag.py
[2025-08-26T18:54:39.010+0000] {logging_mixin.py:190} INFO - [2025-08-26T18:54:39.010+0000] {dag.py:3239} INFO - Sync 1 DAGs
[2025-08-26T18:54:39.019+0000] {logging_mixin.py:190} INFO - [2025-08-26T18:54:39.019+0000] {dag.py:4180} INFO - Setting next_dagrun for example_skip_dag to 2025-08-25 00:00:00+00:00, run_after=2025-08-26 00:00:00+00:00
[2025-08-26T18:54:39.028+0000] {processor.py:208} INFO - Processing /home/airflow/.local/lib/python3.12/site-packages/airflow/example_dags/example_skip_dag.py took 0.044 seconds
[2025-08-26T18:55:09.608+0000] {processor.py:186} INFO - Started process (PID=1489) to work on /home/airflow/.local/lib/python3.12/site-packages/airflow/example_dags/example_skip_dag.py
[2025-08-26T18:55:09.609+0000] {processor.py:914} INFO - Processing file /home/airflow/.local/lib/python3.12/site-packages/airflow/example_dags/example_skip_dag.py for tasks to queue
[2025-08-26T18:55:09.611+0000] {logging_mixin.py:190} INFO - [2025-08-26T18:55:09.610+0000] {dagbag.py:588} INFO - Filling up the DagBag from /home/airflow/.local/lib/python3.12/site-packages/airflow/example_dags/example_skip_dag.py
[2025-08-26T18:55:09.621+0000] {processor.py:925} INFO - DAG(s) 'example_skip_dag' retrieved from /home/airflow/.local/lib/python3.12/site-packages/airflow/example_dags/example_skip_dag.py
[2025-08-26T18:55:09.634+0000] {logging_mixin.py:190} INFO - [2025-08-26T18:55:09.634+0000] {dag.py:3239} INFO - Sync 1 DAGs
[2025-08-26T18:55:09.643+0000] {logging_mixin.py:190} INFO - [2025-08-26T18:55:09.643+0000] {dag.py:4180} INFO - Setting next_dagrun for example_skip_dag to 2025-08-25 00:00:00+00:00, run_after=2025-08-26 00:00:00+00:00
[2025-08-26T18:55:09.650+0000] {processor.py:208} INFO - Processing /home/airflow/.local/lib/python3.12/site-packages/airflow/example_dags/example_skip_dag.py took 0.048 seconds
[2025-08-26T18:55:40.261+0000] {processor.py:186} INFO - Started process (PID=1552) to work on /home/airflow/.local/lib/python3.12/site-packages/airflow/example_dags/example_skip_dag.py
[2025-08-26T18:55:40.262+0000] {processor.py:914} INFO - Processing file /home/airflow/.local/lib/python3.12/site-packages/airflow/example_dags/example_skip_dag.py for tasks to queue
[2025-08-26T18:55:40.263+0000] {logging_mixin.py:190} INFO - [2025-08-26T18:55:40.263+0000] {dagbag.py:588} INFO - Filling up the DagBag from /home/airflow/.local/lib/python3.12/site-packages/airflow/example_dags/example_skip_dag.py
[2025-08-26T18:55:40.269+0000] {processor.py:925} INFO - DAG(s) 'example_skip_dag' retrieved from /home/airflow/.local/lib/python3.12/site-packages/airflow/example_dags/example_skip_dag.py
[2025-08-26T18:55:40.284+0000] {logging_mixin.py:190} INFO - [2025-08-26T18:55:40.284+0000] {dag.py:3239} INFO - Sync 1 DAGs
[2025-08-26T18:55:40.294+0000] {logging_mixin.py:190} INFO - [2025-08-26T18:55:40.294+0000] {dag.py:4180} INFO - Setting next_dagrun for example_skip_dag to 2025-08-25 00:00:00+00:00, run_after=2025-08-26 00:00:00+00:00
[2025-08-26T18:55:40.301+0000] {processor.py:208} INFO - Processing /home/airflow/.local/lib/python3.12/site-packages/airflow/example_dags/example_skip_dag.py took 0.045 seconds
[2025-08-26T18:56:10.859+0000] {processor.py:186} INFO - Started process (PID=1615) to work on /home/airflow/.local/lib/python3.12/site-packages/airflow/example_dags/example_skip_dag.py
[2025-08-26T18:56:10.860+0000] {processor.py:914} INFO - Processing file /home/airflow/.local/lib/python3.12/site-packages/airflow/example_dags/example_skip_dag.py for tasks to queue
[2025-08-26T18:56:10.863+0000] {logging_mixin.py:190} INFO - [2025-08-26T18:56:10.862+0000] {dagbag.py:588} INFO - Filling up the DagBag from /home/airflow/.local/lib/python3.12/site-packages/airflow/example_dags/example_skip_dag.py
[2025-08-26T18:56:10.870+0000] {processor.py:925} INFO - DAG(s) 'example_skip_dag' retrieved from /home/airflow/.local/lib/python3.12/site-packages/airflow/example_dags/example_skip_dag.py
[2025-08-26T18:56:10.881+0000] {logging_mixin.py:190} INFO - [2025-08-26T18:56:10.881+0000] {dag.py:3239} INFO - Sync 1 DAGs
[2025-08-26T18:56:10.890+0000] {logging_mixin.py:190} INFO - [2025-08-26T18:56:10.890+0000] {dag.py:4180} INFO - Setting next_dagrun for example_skip_dag to 2025-08-25 00:00:00+00:00, run_after=2025-08-26 00:00:00+00:00
[2025-08-26T18:56:10.899+0000] {processor.py:208} INFO - Processing /home/airflow/.local/lib/python3.12/site-packages/airflow/example_dags/example_skip_dag.py took 0.045 seconds
[2025-08-26T18:56:41.449+0000] {processor.py:186} INFO - Started process (PID=1678) to work on /home/airflow/.local/lib/python3.12/site-packages/airflow/example_dags/example_skip_dag.py
[2025-08-26T18:56:41.450+0000] {processor.py:914} INFO - Processing file /home/airflow/.local/lib/python3.12/site-packages/airflow/example_dags/example_skip_dag.py for tasks to queue
[2025-08-26T18:56:41.452+0000] {logging_mixin.py:190} INFO - [2025-08-26T18:56:41.452+0000] {dagbag.py:588} INFO - Filling up the DagBag from /home/airflow/.local/lib/python3.12/site-packages/airflow/example_dags/example_skip_dag.py
[2025-08-26T18:56:41.458+0000] {processor.py:925} INFO - DAG(s) 'example_skip_dag' retrieved from /home/airflow/.local/lib/python3.12/site-packages/airflow/example_dags/example_skip_dag.py
[2025-08-26T18:56:41.473+0000] {logging_mixin.py:190} INFO - [2025-08-26T18:56:41.473+0000] {dag.py:3239} INFO - Sync 1 DAGs
[2025-08-26T18:56:41.482+0000] {logging_mixin.py:190} INFO - [2025-08-26T18:56:41.482+0000] {dag.py:4180} INFO - Setting next_dagrun for example_skip_dag to 2025-08-25 00:00:00+00:00, run_after=2025-08-26 00:00:00+00:00
[2025-08-26T18:56:41.490+0000] {processor.py:208} INFO - Processing /home/airflow/.local/lib/python3.12/site-packages/airflow/example_dags/example_skip_dag.py took 0.045 seconds
[2025-08-26T18:57:12.089+0000] {processor.py:186} INFO - Started process (PID=1741) to work on /home/airflow/.local/lib/python3.12/site-packages/airflow/example_dags/example_skip_dag.py
[2025-08-26T18:57:12.090+0000] {processor.py:914} INFO - Processing file /home/airflow/.local/lib/python3.12/site-packages/airflow/example_dags/example_skip_dag.py for tasks to queue
[2025-08-26T18:57:12.093+0000] {logging_mixin.py:190} INFO - [2025-08-26T18:57:12.093+0000] {dagbag.py:588} INFO - Filling up the DagBag from /home/airflow/.local/lib/python3.12/site-packages/airflow/example_dags/example_skip_dag.py
[2025-08-26T18:57:12.101+0000] {processor.py:925} INFO - DAG(s) 'example_skip_dag' retrieved from /home/airflow/.local/lib/python3.12/site-packages/airflow/example_dags/example_skip_dag.py
[2025-08-26T18:57:12.111+0000] {logging_mixin.py:190} INFO - [2025-08-26T18:57:12.111+0000] {dag.py:3239} INFO - Sync 1 DAGs
[2025-08-26T18:57:12.121+0000] {logging_mixin.py:190} INFO - [2025-08-26T18:57:12.120+0000] {dag.py:4180} INFO - Setting next_dagrun for example_skip_dag to 2025-08-25 00:00:00+00:00, run_after=2025-08-26 00:00:00+00:00
[2025-08-26T18:57:12.129+0000] {processor.py:208} INFO - Processing /home/airflow/.local/lib/python3.12/site-packages/airflow/example_dags/example_skip_dag.py took 0.045 seconds
[2025-08-26T18:57:42.678+0000] {processor.py:186} INFO - Started process (PID=1804) to work on /home/airflow/.local/lib/python3.12/site-packages/airflow/example_dags/example_skip_dag.py
[2025-08-26T18:57:42.678+0000] {processor.py:914} INFO - Processing file /home/airflow/.local/lib/python3.12/site-packages/airflow/example_dags/example_skip_dag.py for tasks to queue
[2025-08-26T18:57:42.680+0000] {logging_mixin.py:190} INFO - [2025-08-26T18:57:42.680+0000] {dagbag.py:588} INFO - Filling up the DagBag from /home/airflow/.local/lib/python3.12/site-packages/airflow/example_dags/example_skip_dag.py
[2025-08-26T18:57:42.688+0000] {processor.py:925} INFO - DAG(s) 'example_skip_dag' retrieved from /home/airflow/.local/lib/python3.12/site-packages/airflow/example_dags/example_skip_dag.py
[2025-08-26T18:57:42.700+0000] {logging_mixin.py:190} INFO - [2025-08-26T18:57:42.700+0000] {dag.py:3239} INFO - Sync 1 DAGs
[2025-08-26T18:57:42.710+0000] {logging_mixin.py:190} INFO - [2025-08-26T18:57:42.710+0000] {dag.py:4180} INFO - Setting next_dagrun for example_skip_dag to 2025-08-25 00:00:00+00:00, run_after=2025-08-26 00:00:00+00:00
[2025-08-26T18:57:42.719+0000] {processor.py:208} INFO - Processing /home/airflow/.local/lib/python3.12/site-packages/airflow/example_dags/example_skip_dag.py took 0.046 seconds
[2025-08-26T18:58:13.285+0000] {processor.py:186} INFO - Started process (PID=1867) to work on /home/airflow/.local/lib/python3.12/site-packages/airflow/example_dags/example_skip_dag.py
[2025-08-26T18:58:13.286+0000] {processor.py:914} INFO - Processing file /home/airflow/.local/lib/python3.12/site-packages/airflow/example_dags/example_skip_dag.py for tasks to queue
[2025-08-26T18:58:13.289+0000] {logging_mixin.py:190} INFO - [2025-08-26T18:58:13.289+0000] {dagbag.py:588} INFO - Filling up the DagBag from /home/airflow/.local/lib/python3.12/site-packages/airflow/example_dags/example_skip_dag.py
[2025-08-26T18:58:13.295+0000] {processor.py:925} INFO - DAG(s) 'example_skip_dag' retrieved from /home/airflow/.local/lib/python3.12/site-packages/airflow/example_dags/example_skip_dag.py
[2025-08-26T18:58:13.307+0000] {logging_mixin.py:190} INFO - [2025-08-26T18:58:13.307+0000] {dag.py:3239} INFO - Sync 1 DAGs
[2025-08-26T18:58:13.316+0000] {logging_mixin.py:190} INFO - [2025-08-26T18:58:13.316+0000] {dag.py:4180} INFO - Setting next_dagrun for example_skip_dag to 2025-08-25 00:00:00+00:00, run_after=2025-08-26 00:00:00+00:00
[2025-08-26T18:58:13.323+0000] {processor.py:208} INFO - Processing /home/airflow/.local/lib/python3.12/site-packages/airflow/example_dags/example_skip_dag.py took 0.042 seconds
[2025-08-26T18:58:43.900+0000] {processor.py:186} INFO - Started process (PID=1930) to work on /home/airflow/.local/lib/python3.12/site-packages/airflow/example_dags/example_skip_dag.py
[2025-08-26T18:58:43.902+0000] {processor.py:914} INFO - Processing file /home/airflow/.local/lib/python3.12/site-packages/airflow/example_dags/example_skip_dag.py for tasks to queue
[2025-08-26T18:58:43.904+0000] {logging_mixin.py:190} INFO - [2025-08-26T18:58:43.904+0000] {dagbag.py:588} INFO - Filling up the DagBag from /home/airflow/.local/lib/python3.12/site-packages/airflow/example_dags/example_skip_dag.py
[2025-08-26T18:58:43.913+0000] {processor.py:925} INFO - DAG(s) 'example_skip_dag' retrieved from /home/airflow/.local/lib/python3.12/site-packages/airflow/example_dags/example_skip_dag.py
[2025-08-26T18:58:43.924+0000] {logging_mixin.py:190} INFO - [2025-08-26T18:58:43.924+0000] {dag.py:3239} INFO - Sync 1 DAGs
[2025-08-26T18:58:43.934+0000] {logging_mixin.py:190} INFO - [2025-08-26T18:58:43.934+0000] {dag.py:4180} INFO - Setting next_dagrun for example_skip_dag to 2025-08-25 00:00:00+00:00, run_after=2025-08-26 00:00:00+00:00
[2025-08-26T18:58:43.944+0000] {processor.py:208} INFO - Processing /home/airflow/.local/lib/python3.12/site-packages/airflow/example_dags/example_skip_dag.py took 0.048 seconds
[2025-08-26T18:59:14.486+0000] {processor.py:186} INFO - Started process (PID=1993) to work on /home/airflow/.local/lib/python3.12/site-packages/airflow/example_dags/example_skip_dag.py
[2025-08-26T18:59:14.487+0000] {processor.py:914} INFO - Processing file /home/airflow/.local/lib/python3.12/site-packages/airflow/example_dags/example_skip_dag.py for tasks to queue
[2025-08-26T18:59:14.488+0000] {logging_mixin.py:190} INFO - [2025-08-26T18:59:14.488+0000] {dagbag.py:588} INFO - Filling up the DagBag from /home/airflow/.local/lib/python3.12/site-packages/airflow/example_dags/example_skip_dag.py
[2025-08-26T18:59:14.491+0000] {processor.py:925} INFO - DAG(s) 'example_skip_dag' retrieved from /home/airflow/.local/lib/python3.12/site-packages/airflow/example_dags/example_skip_dag.py
[2025-08-26T18:59:14.501+0000] {logging_mixin.py:190} INFO - [2025-08-26T18:59:14.501+0000] {dag.py:3239} INFO - Sync 1 DAGs
[2025-08-26T18:59:14.509+0000] {logging_mixin.py:190} INFO - [2025-08-26T18:59:14.509+0000] {dag.py:4180} INFO - Setting next_dagrun for example_skip_dag to 2025-08-25 00:00:00+00:00, run_after=2025-08-26 00:00:00+00:00
[2025-08-26T18:59:14.516+0000] {processor.py:208} INFO - Processing /home/airflow/.local/lib/python3.12/site-packages/airflow/example_dags/example_skip_dag.py took 0.032 seconds
[2025-08-26T18:59:45.045+0000] {processor.py:186} INFO - Started process (PID=2056) to work on /home/airflow/.local/lib/python3.12/site-packages/airflow/example_dags/example_skip_dag.py
[2025-08-26T18:59:45.046+0000] {processor.py:914} INFO - Processing file /home/airflow/.local/lib/python3.12/site-packages/airflow/example_dags/example_skip_dag.py for tasks to queue
[2025-08-26T18:59:45.047+0000] {logging_mixin.py:190} INFO - [2025-08-26T18:59:45.046+0000] {dagbag.py:588} INFO - Filling up the DagBag from /home/airflow/.local/lib/python3.12/site-packages/airflow/example_dags/example_skip_dag.py
[2025-08-26T18:59:45.050+0000] {processor.py:925} INFO - DAG(s) 'example_skip_dag' retrieved from /home/airflow/.local/lib/python3.12/site-packages/airflow/example_dags/example_skip_dag.py
[2025-08-26T18:59:45.060+0000] {logging_mixin.py:190} INFO - [2025-08-26T18:59:45.059+0000] {dag.py:3239} INFO - Sync 1 DAGs
[2025-08-26T18:59:45.068+0000] {logging_mixin.py:190} INFO - [2025-08-26T18:59:45.068+0000] {dag.py:4180} INFO - Setting next_dagrun for example_skip_dag to 2025-08-25 00:00:00+00:00, run_after=2025-08-26 00:00:00+00:00
[2025-08-26T18:59:45.075+0000] {processor.py:208} INFO - Processing /home/airflow/.local/lib/python3.12/site-packages/airflow/example_dags/example_skip_dag.py took 0.032 seconds
[2025-08-26T19:00:15.715+0000] {processor.py:186} INFO - Started process (PID=2119) to work on /home/airflow/.local/lib/python3.12/site-packages/airflow/example_dags/example_skip_dag.py
[2025-08-26T19:00:15.716+0000] {processor.py:914} INFO - Processing file /home/airflow/.local/lib/python3.12/site-packages/airflow/example_dags/example_skip_dag.py for tasks to queue
[2025-08-26T19:00:15.716+0000] {logging_mixin.py:190} INFO - [2025-08-26T19:00:15.716+0000] {dagbag.py:588} INFO - Filling up the DagBag from /home/airflow/.local/lib/python3.12/site-packages/airflow/example_dags/example_skip_dag.py
[2025-08-26T19:00:15.720+0000] {processor.py:925} INFO - DAG(s) 'example_skip_dag' retrieved from /home/airflow/.local/lib/python3.12/site-packages/airflow/example_dags/example_skip_dag.py
[2025-08-26T19:00:15.731+0000] {logging_mixin.py:190} INFO - [2025-08-26T19:00:15.731+0000] {dag.py:3239} INFO - Sync 1 DAGs
[2025-08-26T19:00:15.741+0000] {logging_mixin.py:190} INFO - [2025-08-26T19:00:15.741+0000] {dag.py:4180} INFO - Setting next_dagrun for example_skip_dag to 2025-08-25 00:00:00+00:00, run_after=2025-08-26 00:00:00+00:00
[2025-08-26T19:00:15.748+0000] {processor.py:208} INFO - Processing /home/airflow/.local/lib/python3.12/site-packages/airflow/example_dags/example_skip_dag.py took 0.036 seconds
[2025-08-26T19:00:46.451+0000] {processor.py:186} INFO - Started process (PID=2182) to work on /home/airflow/.local/lib/python3.12/site-packages/airflow/example_dags/example_skip_dag.py
[2025-08-26T19:00:46.452+0000] {processor.py:914} INFO - Processing file /home/airflow/.local/lib/python3.12/site-packages/airflow/example_dags/example_skip_dag.py for tasks to queue
[2025-08-26T19:00:46.454+0000] {logging_mixin.py:190} INFO - [2025-08-26T19:00:46.454+0000] {dagbag.py:588} INFO - Filling up the DagBag from /home/airflow/.local/lib/python3.12/site-packages/airflow/example_dags/example_skip_dag.py
[2025-08-26T19:00:46.460+0000] {processor.py:925} INFO - DAG(s) 'example_skip_dag' retrieved from /home/airflow/.local/lib/python3.12/site-packages/airflow/example_dags/example_skip_dag.py
[2025-08-26T19:00:46.474+0000] {logging_mixin.py:190} INFO - [2025-08-26T19:00:46.474+0000] {dag.py:3239} INFO - Sync 1 DAGs
[2025-08-26T19:00:46.484+0000] {logging_mixin.py:190} INFO - [2025-08-26T19:00:46.484+0000] {dag.py:4180} INFO - Setting next_dagrun for example_skip_dag to 2025-08-25 00:00:00+00:00, run_after=2025-08-26 00:00:00+00:00
[2025-08-26T19:00:46.493+0000] {processor.py:208} INFO - Processing /home/airflow/.local/lib/python3.12/site-packages/airflow/example_dags/example_skip_dag.py took 0.048 seconds
[2025-08-26T19:01:17.161+0000] {processor.py:186} INFO - Started process (PID=2245) to work on /home/airflow/.local/lib/python3.12/site-packages/airflow/example_dags/example_skip_dag.py
[2025-08-26T19:01:17.162+0000] {processor.py:914} INFO - Processing file /home/airflow/.local/lib/python3.12/site-packages/airflow/example_dags/example_skip_dag.py for tasks to queue
[2025-08-26T19:01:17.165+0000] {logging_mixin.py:190} INFO - [2025-08-26T19:01:17.165+0000] {dagbag.py:588} INFO - Filling up the DagBag from /home/airflow/.local/lib/python3.12/site-packages/airflow/example_dags/example_skip_dag.py
[2025-08-26T19:01:17.178+0000] {processor.py:925} INFO - DAG(s) 'example_skip_dag' retrieved from /home/airflow/.local/lib/python3.12/site-packages/airflow/example_dags/example_skip_dag.py
[2025-08-26T19:01:17.189+0000] {logging_mixin.py:190} INFO - [2025-08-26T19:01:17.189+0000] {dag.py:3239} INFO - Sync 1 DAGs
[2025-08-26T19:01:17.201+0000] {logging_mixin.py:190} INFO - [2025-08-26T19:01:17.201+0000] {dag.py:4180} INFO - Setting next_dagrun for example_skip_dag to 2025-08-25 00:00:00+00:00, run_after=2025-08-26 00:00:00+00:00
[2025-08-26T19:01:17.210+0000] {processor.py:208} INFO - Processing /home/airflow/.local/lib/python3.12/site-packages/airflow/example_dags/example_skip_dag.py took 0.054 seconds
[2025-08-26T19:01:48.183+0000] {processor.py:186} INFO - Started process (PID=2308) to work on /home/airflow/.local/lib/python3.12/site-packages/airflow/example_dags/example_skip_dag.py
[2025-08-26T19:01:48.186+0000] {processor.py:914} INFO - Processing file /home/airflow/.local/lib/python3.12/site-packages/airflow/example_dags/example_skip_dag.py for tasks to queue
[2025-08-26T19:01:48.189+0000] {logging_mixin.py:190} INFO - [2025-08-26T19:01:48.188+0000] {dagbag.py:588} INFO - Filling up the DagBag from /home/airflow/.local/lib/python3.12/site-packages/airflow/example_dags/example_skip_dag.py
[2025-08-26T19:01:48.201+0000] {processor.py:925} INFO - DAG(s) 'example_skip_dag' retrieved from /home/airflow/.local/lib/python3.12/site-packages/airflow/example_dags/example_skip_dag.py
[2025-08-26T19:01:48.217+0000] {logging_mixin.py:190} INFO - [2025-08-26T19:01:48.217+0000] {dag.py:3239} INFO - Sync 1 DAGs
[2025-08-26T19:01:48.233+0000] {logging_mixin.py:190} INFO - [2025-08-26T19:01:48.233+0000] {dag.py:4180} INFO - Setting next_dagrun for example_skip_dag to 2025-08-25 00:00:00+00:00, run_after=2025-08-26 00:00:00+00:00
[2025-08-26T19:01:48.243+0000] {processor.py:208} INFO - Processing /home/airflow/.local/lib/python3.12/site-packages/airflow/example_dags/example_skip_dag.py took 0.067 seconds
[2025-08-26T19:02:19.092+0000] {processor.py:186} INFO - Started process (PID=2377) to work on /home/airflow/.local/lib/python3.12/site-packages/airflow/example_dags/example_skip_dag.py
[2025-08-26T19:02:19.094+0000] {processor.py:914} INFO - Processing file /home/airflow/.local/lib/python3.12/site-packages/airflow/example_dags/example_skip_dag.py for tasks to queue
[2025-08-26T19:02:19.096+0000] {logging_mixin.py:190} INFO - [2025-08-26T19:02:19.096+0000] {dagbag.py:588} INFO - Filling up the DagBag from /home/airflow/.local/lib/python3.12/site-packages/airflow/example_dags/example_skip_dag.py
[2025-08-26T19:02:19.110+0000] {processor.py:925} INFO - DAG(s) 'example_skip_dag' retrieved from /home/airflow/.local/lib/python3.12/site-packages/airflow/example_dags/example_skip_dag.py
[2025-08-26T19:02:19.126+0000] {logging_mixin.py:190} INFO - [2025-08-26T19:02:19.126+0000] {dag.py:3239} INFO - Sync 1 DAGs
[2025-08-26T19:02:19.138+0000] {logging_mixin.py:190} INFO - [2025-08-26T19:02:19.138+0000] {dag.py:4180} INFO - Setting next_dagrun for example_skip_dag to 2025-08-25 00:00:00+00:00, run_after=2025-08-26 00:00:00+00:00
[2025-08-26T19:02:19.147+0000] {processor.py:208} INFO - Processing /home/airflow/.local/lib/python3.12/site-packages/airflow/example_dags/example_skip_dag.py took 0.061 seconds
[2025-08-26T19:02:49.817+0000] {processor.py:186} INFO - Started process (PID=2440) to work on /home/airflow/.local/lib/python3.12/site-packages/airflow/example_dags/example_skip_dag.py
[2025-08-26T19:02:49.818+0000] {processor.py:914} INFO - Processing file /home/airflow/.local/lib/python3.12/site-packages/airflow/example_dags/example_skip_dag.py for tasks to queue
[2025-08-26T19:02:49.819+0000] {logging_mixin.py:190} INFO - [2025-08-26T19:02:49.819+0000] {dagbag.py:588} INFO - Filling up the DagBag from /home/airflow/.local/lib/python3.12/site-packages/airflow/example_dags/example_skip_dag.py
[2025-08-26T19:02:49.828+0000] {processor.py:925} INFO - DAG(s) 'example_skip_dag' retrieved from /home/airflow/.local/lib/python3.12/site-packages/airflow/example_dags/example_skip_dag.py
[2025-08-26T19:02:49.839+0000] {logging_mixin.py:190} INFO - [2025-08-26T19:02:49.839+0000] {dag.py:3239} INFO - Sync 1 DAGs
[2025-08-26T19:02:49.849+0000] {logging_mixin.py:190} INFO - [2025-08-26T19:02:49.849+0000] {dag.py:4180} INFO - Setting next_dagrun for example_skip_dag to 2025-08-25 00:00:00+00:00, run_after=2025-08-26 00:00:00+00:00
[2025-08-26T19:02:49.859+0000] {processor.py:208} INFO - Processing /home/airflow/.local/lib/python3.12/site-packages/airflow/example_dags/example_skip_dag.py took 0.048 seconds
[2025-08-26T19:03:20.417+0000] {processor.py:186} INFO - Started process (PID=2503) to work on /home/airflow/.local/lib/python3.12/site-packages/airflow/example_dags/example_skip_dag.py
[2025-08-26T19:03:20.419+0000] {processor.py:914} INFO - Processing file /home/airflow/.local/lib/python3.12/site-packages/airflow/example_dags/example_skip_dag.py for tasks to queue
[2025-08-26T19:03:20.422+0000] {logging_mixin.py:190} INFO - [2025-08-26T19:03:20.422+0000] {dagbag.py:588} INFO - Filling up the DagBag from /home/airflow/.local/lib/python3.12/site-packages/airflow/example_dags/example_skip_dag.py
[2025-08-26T19:03:20.431+0000] {processor.py:925} INFO - DAG(s) 'example_skip_dag' retrieved from /home/airflow/.local/lib/python3.12/site-packages/airflow/example_dags/example_skip_dag.py
[2025-08-26T19:03:20.445+0000] {logging_mixin.py:190} INFO - [2025-08-26T19:03:20.445+0000] {dag.py:3239} INFO - Sync 1 DAGs
[2025-08-26T19:03:20.454+0000] {logging_mixin.py:190} INFO - [2025-08-26T19:03:20.454+0000] {dag.py:4180} INFO - Setting next_dagrun for example_skip_dag to 2025-08-25 00:00:00+00:00, run_after=2025-08-26 00:00:00+00:00
[2025-08-26T19:03:20.466+0000] {processor.py:208} INFO - Processing /home/airflow/.local/lib/python3.12/site-packages/airflow/example_dags/example_skip_dag.py took 0.053 seconds
[2025-08-26T19:03:51.112+0000] {processor.py:186} INFO - Started process (PID=2566) to work on /home/airflow/.local/lib/python3.12/site-packages/airflow/example_dags/example_skip_dag.py
[2025-08-26T19:03:51.114+0000] {processor.py:914} INFO - Processing file /home/airflow/.local/lib/python3.12/site-packages/airflow/example_dags/example_skip_dag.py for tasks to queue
[2025-08-26T19:03:51.117+0000] {logging_mixin.py:190} INFO - [2025-08-26T19:03:51.117+0000] {dagbag.py:588} INFO - Filling up the DagBag from /home/airflow/.local/lib/python3.12/site-packages/airflow/example_dags/example_skip_dag.py
[2025-08-26T19:03:51.128+0000] {processor.py:925} INFO - DAG(s) 'example_skip_dag' retrieved from /home/airflow/.local/lib/python3.12/site-packages/airflow/example_dags/example_skip_dag.py
[2025-08-26T19:03:51.140+0000] {logging_mixin.py:190} INFO - [2025-08-26T19:03:51.140+0000] {dag.py:3239} INFO - Sync 1 DAGs
[2025-08-26T19:03:51.153+0000] {logging_mixin.py:190} INFO - [2025-08-26T19:03:51.153+0000] {dag.py:4180} INFO - Setting next_dagrun for example_skip_dag to 2025-08-25 00:00:00+00:00, run_after=2025-08-26 00:00:00+00:00
[2025-08-26T19:03:51.162+0000] {processor.py:208} INFO - Processing /home/airflow/.local/lib/python3.12/site-packages/airflow/example_dags/example_skip_dag.py took 0.057 seconds
[2025-08-26T19:04:21.796+0000] {processor.py:186} INFO - Started process (PID=2629) to work on /home/airflow/.local/lib/python3.12/site-packages/airflow/example_dags/example_skip_dag.py
[2025-08-26T19:04:21.798+0000] {processor.py:914} INFO - Processing file /home/airflow/.local/lib/python3.12/site-packages/airflow/example_dags/example_skip_dag.py for tasks to queue
[2025-08-26T19:04:21.800+0000] {logging_mixin.py:190} INFO - [2025-08-26T19:04:21.800+0000] {dagbag.py:588} INFO - Filling up the DagBag from /home/airflow/.local/lib/python3.12/site-packages/airflow/example_dags/example_skip_dag.py
[2025-08-26T19:04:21.807+0000] {processor.py:925} INFO - DAG(s) 'example_skip_dag' retrieved from /home/airflow/.local/lib/python3.12/site-packages/airflow/example_dags/example_skip_dag.py
[2025-08-26T19:04:21.820+0000] {logging_mixin.py:190} INFO - [2025-08-26T19:04:21.820+0000] {dag.py:3239} INFO - Sync 1 DAGs
[2025-08-26T19:04:21.830+0000] {logging_mixin.py:190} INFO - [2025-08-26T19:04:21.830+0000] {dag.py:4180} INFO - Setting next_dagrun for example_skip_dag to 2025-08-25 00:00:00+00:00, run_after=2025-08-26 00:00:00+00:00
[2025-08-26T19:04:21.841+0000] {processor.py:208} INFO - Processing /home/airflow/.local/lib/python3.12/site-packages/airflow/example_dags/example_skip_dag.py took 0.051 seconds
[2025-08-26T19:04:52.591+0000] {processor.py:186} INFO - Started process (PID=2692) to work on /home/airflow/.local/lib/python3.12/site-packages/airflow/example_dags/example_skip_dag.py
[2025-08-26T19:04:52.592+0000] {processor.py:914} INFO - Processing file /home/airflow/.local/lib/python3.12/site-packages/airflow/example_dags/example_skip_dag.py for tasks to queue
[2025-08-26T19:04:52.593+0000] {logging_mixin.py:190} INFO - [2025-08-26T19:04:52.593+0000] {dagbag.py:588} INFO - Filling up the DagBag from /home/airflow/.local/lib/python3.12/site-packages/airflow/example_dags/example_skip_dag.py
[2025-08-26T19:04:52.599+0000] {processor.py:925} INFO - DAG(s) 'example_skip_dag' retrieved from /home/airflow/.local/lib/python3.12/site-packages/airflow/example_dags/example_skip_dag.py
[2025-08-26T19:04:52.613+0000] {logging_mixin.py:190} INFO - [2025-08-26T19:04:52.613+0000] {dag.py:3239} INFO - Sync 1 DAGs
[2025-08-26T19:04:52.623+0000] {logging_mixin.py:190} INFO - [2025-08-26T19:04:52.623+0000] {dag.py:4180} INFO - Setting next_dagrun for example_skip_dag to 2025-08-25 00:00:00+00:00, run_after=2025-08-26 00:00:00+00:00
[2025-08-26T19:04:52.632+0000] {processor.py:208} INFO - Processing /home/airflow/.local/lib/python3.12/site-packages/airflow/example_dags/example_skip_dag.py took 0.046 seconds
[2025-08-26T19:05:23.233+0000] {processor.py:186} INFO - Started process (PID=2755) to work on /home/airflow/.local/lib/python3.12/site-packages/airflow/example_dags/example_skip_dag.py
[2025-08-26T19:05:23.234+0000] {processor.py:914} INFO - Processing file /home/airflow/.local/lib/python3.12/site-packages/airflow/example_dags/example_skip_dag.py for tasks to queue
[2025-08-26T19:05:23.236+0000] {logging_mixin.py:190} INFO - [2025-08-26T19:05:23.236+0000] {dagbag.py:588} INFO - Filling up the DagBag from /home/airflow/.local/lib/python3.12/site-packages/airflow/example_dags/example_skip_dag.py
[2025-08-26T19:05:23.245+0000] {processor.py:925} INFO - DAG(s) 'example_skip_dag' retrieved from /home/airflow/.local/lib/python3.12/site-packages/airflow/example_dags/example_skip_dag.py
[2025-08-26T19:05:23.256+0000] {logging_mixin.py:190} INFO - [2025-08-26T19:05:23.256+0000] {dag.py:3239} INFO - Sync 1 DAGs
[2025-08-26T19:05:23.266+0000] {logging_mixin.py:190} INFO - [2025-08-26T19:05:23.266+0000] {dag.py:4180} INFO - Setting next_dagrun for example_skip_dag to 2025-08-25 00:00:00+00:00, run_after=2025-08-26 00:00:00+00:00
[2025-08-26T19:05:23.276+0000] {processor.py:208} INFO - Processing /home/airflow/.local/lib/python3.12/site-packages/airflow/example_dags/example_skip_dag.py took 0.048 seconds
[2025-08-26T19:05:53.966+0000] {processor.py:186} INFO - Started process (PID=2818) to work on /home/airflow/.local/lib/python3.12/site-packages/airflow/example_dags/example_skip_dag.py
[2025-08-26T19:05:53.967+0000] {processor.py:914} INFO - Processing file /home/airflow/.local/lib/python3.12/site-packages/airflow/example_dags/example_skip_dag.py for tasks to queue
[2025-08-26T19:05:53.969+0000] {logging_mixin.py:190} INFO - [2025-08-26T19:05:53.968+0000] {dagbag.py:588} INFO - Filling up the DagBag from /home/airflow/.local/lib/python3.12/site-packages/airflow/example_dags/example_skip_dag.py
[2025-08-26T19:05:53.979+0000] {processor.py:925} INFO - DAG(s) 'example_skip_dag' retrieved from /home/airflow/.local/lib/python3.12/site-packages/airflow/example_dags/example_skip_dag.py
[2025-08-26T19:05:53.991+0000] {logging_mixin.py:190} INFO - [2025-08-26T19:05:53.990+0000] {dag.py:3239} INFO - Sync 1 DAGs
[2025-08-26T19:05:54.000+0000] {logging_mixin.py:190} INFO - [2025-08-26T19:05:54.000+0000] {dag.py:4180} INFO - Setting next_dagrun for example_skip_dag to 2025-08-25 00:00:00+00:00, run_after=2025-08-26 00:00:00+00:00
[2025-08-26T19:05:54.011+0000] {processor.py:208} INFO - Processing /home/airflow/.local/lib/python3.12/site-packages/airflow/example_dags/example_skip_dag.py took 0.051 seconds
[2025-08-26T19:06:24.655+0000] {processor.py:186} INFO - Started process (PID=2881) to work on /home/airflow/.local/lib/python3.12/site-packages/airflow/example_dags/example_skip_dag.py
[2025-08-26T19:06:24.656+0000] {processor.py:914} INFO - Processing file /home/airflow/.local/lib/python3.12/site-packages/airflow/example_dags/example_skip_dag.py for tasks to queue
[2025-08-26T19:06:24.659+0000] {logging_mixin.py:190} INFO - [2025-08-26T19:06:24.659+0000] {dagbag.py:588} INFO - Filling up the DagBag from /home/airflow/.local/lib/python3.12/site-packages/airflow/example_dags/example_skip_dag.py
[2025-08-26T19:06:24.666+0000] {processor.py:925} INFO - DAG(s) 'example_skip_dag' retrieved from /home/airflow/.local/lib/python3.12/site-packages/airflow/example_dags/example_skip_dag.py
[2025-08-26T19:06:24.677+0000] {logging_mixin.py:190} INFO - [2025-08-26T19:06:24.677+0000] {dag.py:3239} INFO - Sync 1 DAGs
[2025-08-26T19:06:24.686+0000] {logging_mixin.py:190} INFO - [2025-08-26T19:06:24.686+0000] {dag.py:4180} INFO - Setting next_dagrun for example_skip_dag to 2025-08-25 00:00:00+00:00, run_after=2025-08-26 00:00:00+00:00
[2025-08-26T19:06:24.696+0000] {processor.py:208} INFO - Processing /home/airflow/.local/lib/python3.12/site-packages/airflow/example_dags/example_skip_dag.py took 0.045 seconds
[2025-08-26T19:06:55.271+0000] {processor.py:186} INFO - Started process (PID=2944) to work on /home/airflow/.local/lib/python3.12/site-packages/airflow/example_dags/example_skip_dag.py
[2025-08-26T19:06:55.272+0000] {processor.py:914} INFO - Processing file /home/airflow/.local/lib/python3.12/site-packages/airflow/example_dags/example_skip_dag.py for tasks to queue
[2025-08-26T19:06:55.274+0000] {logging_mixin.py:190} INFO - [2025-08-26T19:06:55.273+0000] {dagbag.py:588} INFO - Filling up the DagBag from /home/airflow/.local/lib/python3.12/site-packages/airflow/example_dags/example_skip_dag.py
[2025-08-26T19:06:55.282+0000] {processor.py:925} INFO - DAG(s) 'example_skip_dag' retrieved from /home/airflow/.local/lib/python3.12/site-packages/airflow/example_dags/example_skip_dag.py
[2025-08-26T19:06:55.295+0000] {logging_mixin.py:190} INFO - [2025-08-26T19:06:55.295+0000] {dag.py:3239} INFO - Sync 1 DAGs
[2025-08-26T19:06:55.304+0000] {logging_mixin.py:190} INFO - [2025-08-26T19:06:55.304+0000] {dag.py:4180} INFO - Setting next_dagrun for example_skip_dag to 2025-08-25 00:00:00+00:00, run_after=2025-08-26 00:00:00+00:00
[2025-08-26T19:06:55.317+0000] {processor.py:208} INFO - Processing /home/airflow/.local/lib/python3.12/site-packages/airflow/example_dags/example_skip_dag.py took 0.051 seconds
[2025-08-26T19:07:25.997+0000] {processor.py:186} INFO - Started process (PID=3007) to work on /home/airflow/.local/lib/python3.12/site-packages/airflow/example_dags/example_skip_dag.py
[2025-08-26T19:07:25.999+0000] {processor.py:914} INFO - Processing file /home/airflow/.local/lib/python3.12/site-packages/airflow/example_dags/example_skip_dag.py for tasks to queue
[2025-08-26T19:07:26.002+0000] {logging_mixin.py:190} INFO - [2025-08-26T19:07:26.001+0000] {dagbag.py:588} INFO - Filling up the DagBag from /home/airflow/.local/lib/python3.12/site-packages/airflow/example_dags/example_skip_dag.py
[2025-08-26T19:07:26.011+0000] {processor.py:925} INFO - DAG(s) 'example_skip_dag' retrieved from /home/airflow/.local/lib/python3.12/site-packages/airflow/example_dags/example_skip_dag.py
[2025-08-26T19:07:26.031+0000] {logging_mixin.py:190} INFO - [2025-08-26T19:07:26.030+0000] {dag.py:3239} INFO - Sync 1 DAGs
[2025-08-26T19:07:26.043+0000] {logging_mixin.py:190} INFO - [2025-08-26T19:07:26.043+0000] {dag.py:4180} INFO - Setting next_dagrun for example_skip_dag to 2025-08-25 00:00:00+00:00, run_after=2025-08-26 00:00:00+00:00
[2025-08-26T19:07:26.055+0000] {processor.py:208} INFO - Processing /home/airflow/.local/lib/python3.12/site-packages/airflow/example_dags/example_skip_dag.py took 0.064 seconds
[2025-08-26T19:07:56.669+0000] {processor.py:186} INFO - Started process (PID=3070) to work on /home/airflow/.local/lib/python3.12/site-packages/airflow/example_dags/example_skip_dag.py
[2025-08-26T19:07:56.671+0000] {processor.py:914} INFO - Processing file /home/airflow/.local/lib/python3.12/site-packages/airflow/example_dags/example_skip_dag.py for tasks to queue
[2025-08-26T19:07:56.673+0000] {logging_mixin.py:190} INFO - [2025-08-26T19:07:56.672+0000] {dagbag.py:588} INFO - Filling up the DagBag from /home/airflow/.local/lib/python3.12/site-packages/airflow/example_dags/example_skip_dag.py
[2025-08-26T19:07:56.680+0000] {processor.py:925} INFO - DAG(s) 'example_skip_dag' retrieved from /home/airflow/.local/lib/python3.12/site-packages/airflow/example_dags/example_skip_dag.py
[2025-08-26T19:07:56.692+0000] {logging_mixin.py:190} INFO - [2025-08-26T19:07:56.692+0000] {dag.py:3239} INFO - Sync 1 DAGs
[2025-08-26T19:07:56.702+0000] {logging_mixin.py:190} INFO - [2025-08-26T19:07:56.702+0000] {dag.py:4180} INFO - Setting next_dagrun for example_skip_dag to 2025-08-25 00:00:00+00:00, run_after=2025-08-26 00:00:00+00:00
[2025-08-26T19:07:56.711+0000] {processor.py:208} INFO - Processing /home/airflow/.local/lib/python3.12/site-packages/airflow/example_dags/example_skip_dag.py took 0.047 seconds
[2025-08-26T19:08:27.319+0000] {processor.py:186} INFO - Started process (PID=3133) to work on /home/airflow/.local/lib/python3.12/site-packages/airflow/example_dags/example_skip_dag.py
[2025-08-26T19:08:27.321+0000] {processor.py:914} INFO - Processing file /home/airflow/.local/lib/python3.12/site-packages/airflow/example_dags/example_skip_dag.py for tasks to queue
[2025-08-26T19:08:27.323+0000] {logging_mixin.py:190} INFO - [2025-08-26T19:08:27.323+0000] {dagbag.py:588} INFO - Filling up the DagBag from /home/airflow/.local/lib/python3.12/site-packages/airflow/example_dags/example_skip_dag.py
[2025-08-26T19:08:27.330+0000] {processor.py:925} INFO - DAG(s) 'example_skip_dag' retrieved from /home/airflow/.local/lib/python3.12/site-packages/airflow/example_dags/example_skip_dag.py
[2025-08-26T19:08:27.341+0000] {logging_mixin.py:190} INFO - [2025-08-26T19:08:27.341+0000] {dag.py:3239} INFO - Sync 1 DAGs
[2025-08-26T19:08:27.351+0000] {logging_mixin.py:190} INFO - [2025-08-26T19:08:27.351+0000] {dag.py:4180} INFO - Setting next_dagrun for example_skip_dag to 2025-08-25 00:00:00+00:00, run_after=2025-08-26 00:00:00+00:00
[2025-08-26T19:08:27.359+0000] {processor.py:208} INFO - Processing /home/airflow/.local/lib/python3.12/site-packages/airflow/example_dags/example_skip_dag.py took 0.045 seconds
[2025-08-26T19:08:57.909+0000] {processor.py:186} INFO - Started process (PID=3196) to work on /home/airflow/.local/lib/python3.12/site-packages/airflow/example_dags/example_skip_dag.py
[2025-08-26T19:08:57.910+0000] {processor.py:914} INFO - Processing file /home/airflow/.local/lib/python3.12/site-packages/airflow/example_dags/example_skip_dag.py for tasks to queue
[2025-08-26T19:08:57.911+0000] {logging_mixin.py:190} INFO - [2025-08-26T19:08:57.911+0000] {dagbag.py:588} INFO - Filling up the DagBag from /home/airflow/.local/lib/python3.12/site-packages/airflow/example_dags/example_skip_dag.py
[2025-08-26T19:08:57.919+0000] {processor.py:925} INFO - DAG(s) 'example_skip_dag' retrieved from /home/airflow/.local/lib/python3.12/site-packages/airflow/example_dags/example_skip_dag.py
[2025-08-26T19:08:57.929+0000] {logging_mixin.py:190} INFO - [2025-08-26T19:08:57.929+0000] {dag.py:3239} INFO - Sync 1 DAGs
[2025-08-26T19:08:57.939+0000] {logging_mixin.py:190} INFO - [2025-08-26T19:08:57.939+0000] {dag.py:4180} INFO - Setting next_dagrun for example_skip_dag to 2025-08-25 00:00:00+00:00, run_after=2025-08-26 00:00:00+00:00
[2025-08-26T19:08:57.946+0000] {processor.py:208} INFO - Processing /home/airflow/.local/lib/python3.12/site-packages/airflow/example_dags/example_skip_dag.py took 0.041 seconds
[2025-08-26T19:09:28.658+0000] {processor.py:186} INFO - Started process (PID=3259) to work on /home/airflow/.local/lib/python3.12/site-packages/airflow/example_dags/example_skip_dag.py
[2025-08-26T19:09:28.659+0000] {processor.py:914} INFO - Processing file /home/airflow/.local/lib/python3.12/site-packages/airflow/example_dags/example_skip_dag.py for tasks to queue
[2025-08-26T19:09:28.662+0000] {logging_mixin.py:190} INFO - [2025-08-26T19:09:28.662+0000] {dagbag.py:588} INFO - Filling up the DagBag from /home/airflow/.local/lib/python3.12/site-packages/airflow/example_dags/example_skip_dag.py
[2025-08-26T19:09:28.669+0000] {processor.py:925} INFO - DAG(s) 'example_skip_dag' retrieved from /home/airflow/.local/lib/python3.12/site-packages/airflow/example_dags/example_skip_dag.py
[2025-08-26T19:09:28.680+0000] {logging_mixin.py:190} INFO - [2025-08-26T19:09:28.680+0000] {dag.py:3239} INFO - Sync 1 DAGs
[2025-08-26T19:09:28.690+0000] {logging_mixin.py:190} INFO - [2025-08-26T19:09:28.690+0000] {dag.py:4180} INFO - Setting next_dagrun for example_skip_dag to 2025-08-25 00:00:00+00:00, run_after=2025-08-26 00:00:00+00:00
[2025-08-26T19:09:28.698+0000] {processor.py:208} INFO - Processing /home/airflow/.local/lib/python3.12/site-packages/airflow/example_dags/example_skip_dag.py took 0.045 seconds
[2025-08-26T19:09:59.377+0000] {processor.py:186} INFO - Started process (PID=3322) to work on /home/airflow/.local/lib/python3.12/site-packages/airflow/example_dags/example_skip_dag.py
[2025-08-26T19:09:59.378+0000] {processor.py:914} INFO - Processing file /home/airflow/.local/lib/python3.12/site-packages/airflow/example_dags/example_skip_dag.py for tasks to queue
[2025-08-26T19:09:59.381+0000] {logging_mixin.py:190} INFO - [2025-08-26T19:09:59.380+0000] {dagbag.py:588} INFO - Filling up the DagBag from /home/airflow/.local/lib/python3.12/site-packages/airflow/example_dags/example_skip_dag.py
[2025-08-26T19:09:59.390+0000] {processor.py:925} INFO - DAG(s) 'example_skip_dag' retrieved from /home/airflow/.local/lib/python3.12/site-packages/airflow/example_dags/example_skip_dag.py
[2025-08-26T19:09:59.403+0000] {logging_mixin.py:190} INFO - [2025-08-26T19:09:59.403+0000] {dag.py:3239} INFO - Sync 1 DAGs
[2025-08-26T19:09:59.414+0000] {logging_mixin.py:190} INFO - [2025-08-26T19:09:59.414+0000] {dag.py:4180} INFO - Setting next_dagrun for example_skip_dag to 2025-08-25 00:00:00+00:00, run_after=2025-08-26 00:00:00+00:00
[2025-08-26T19:09:59.424+0000] {processor.py:208} INFO - Processing /home/airflow/.local/lib/python3.12/site-packages/airflow/example_dags/example_skip_dag.py took 0.054 seconds
[2025-08-26T19:10:30.162+0000] {processor.py:186} INFO - Started process (PID=3385) to work on /home/airflow/.local/lib/python3.12/site-packages/airflow/example_dags/example_skip_dag.py
[2025-08-26T19:10:30.163+0000] {processor.py:914} INFO - Processing file /home/airflow/.local/lib/python3.12/site-packages/airflow/example_dags/example_skip_dag.py for tasks to queue
[2025-08-26T19:10:30.166+0000] {logging_mixin.py:190} INFO - [2025-08-26T19:10:30.165+0000] {dagbag.py:588} INFO - Filling up the DagBag from /home/airflow/.local/lib/python3.12/site-packages/airflow/example_dags/example_skip_dag.py
[2025-08-26T19:10:30.174+0000] {processor.py:925} INFO - DAG(s) 'example_skip_dag' retrieved from /home/airflow/.local/lib/python3.12/site-packages/airflow/example_dags/example_skip_dag.py
[2025-08-26T19:10:30.185+0000] {logging_mixin.py:190} INFO - [2025-08-26T19:10:30.185+0000] {dag.py:3239} INFO - Sync 1 DAGs
[2025-08-26T19:10:30.196+0000] {logging_mixin.py:190} INFO - [2025-08-26T19:10:30.196+0000] {dag.py:4180} INFO - Setting next_dagrun for example_skip_dag to 2025-08-25 00:00:00+00:00, run_after=2025-08-26 00:00:00+00:00
[2025-08-26T19:10:30.207+0000] {processor.py:208} INFO - Processing /home/airflow/.local/lib/python3.12/site-packages/airflow/example_dags/example_skip_dag.py took 0.050 seconds
[2025-08-26T19:11:00.918+0000] {processor.py:186} INFO - Started process (PID=3448) to work on /home/airflow/.local/lib/python3.12/site-packages/airflow/example_dags/example_skip_dag.py
[2025-08-26T19:11:00.919+0000] {processor.py:914} INFO - Processing file /home/airflow/.local/lib/python3.12/site-packages/airflow/example_dags/example_skip_dag.py for tasks to queue
[2025-08-26T19:11:00.923+0000] {logging_mixin.py:190} INFO - [2025-08-26T19:11:00.922+0000] {dagbag.py:588} INFO - Filling up the DagBag from /home/airflow/.local/lib/python3.12/site-packages/airflow/example_dags/example_skip_dag.py
[2025-08-26T19:11:00.930+0000] {processor.py:925} INFO - DAG(s) 'example_skip_dag' retrieved from /home/airflow/.local/lib/python3.12/site-packages/airflow/example_dags/example_skip_dag.py
[2025-08-26T19:11:00.942+0000] {logging_mixin.py:190} INFO - [2025-08-26T19:11:00.942+0000] {dag.py:3239} INFO - Sync 1 DAGs
[2025-08-26T19:11:00.952+0000] {logging_mixin.py:190} INFO - [2025-08-26T19:11:00.952+0000] {dag.py:4180} INFO - Setting next_dagrun for example_skip_dag to 2025-08-25 00:00:00+00:00, run_after=2025-08-26 00:00:00+00:00
[2025-08-26T19:11:00.962+0000] {processor.py:208} INFO - Processing /home/airflow/.local/lib/python3.12/site-packages/airflow/example_dags/example_skip_dag.py took 0.048 seconds
[2025-08-26T19:11:31.714+0000] {processor.py:186} INFO - Started process (PID=3511) to work on /home/airflow/.local/lib/python3.12/site-packages/airflow/example_dags/example_skip_dag.py
[2025-08-26T19:11:31.717+0000] {processor.py:914} INFO - Processing file /home/airflow/.local/lib/python3.12/site-packages/airflow/example_dags/example_skip_dag.py for tasks to queue
[2025-08-26T19:11:31.719+0000] {logging_mixin.py:190} INFO - [2025-08-26T19:11:31.719+0000] {dagbag.py:588} INFO - Filling up the DagBag from /home/airflow/.local/lib/python3.12/site-packages/airflow/example_dags/example_skip_dag.py
[2025-08-26T19:11:31.728+0000] {processor.py:925} INFO - DAG(s) 'example_skip_dag' retrieved from /home/airflow/.local/lib/python3.12/site-packages/airflow/example_dags/example_skip_dag.py
[2025-08-26T19:11:31.739+0000] {logging_mixin.py:190} INFO - [2025-08-26T19:11:31.739+0000] {dag.py:3239} INFO - Sync 1 DAGs
[2025-08-26T19:11:31.749+0000] {logging_mixin.py:190} INFO - [2025-08-26T19:11:31.749+0000] {dag.py:4180} INFO - Setting next_dagrun for example_skip_dag to 2025-08-25 00:00:00+00:00, run_after=2025-08-26 00:00:00+00:00
[2025-08-26T19:11:31.759+0000] {processor.py:208} INFO - Processing /home/airflow/.local/lib/python3.12/site-packages/airflow/example_dags/example_skip_dag.py took 0.050 seconds
[2025-08-26T19:12:02.513+0000] {processor.py:186} INFO - Started process (PID=3574) to work on /home/airflow/.local/lib/python3.12/site-packages/airflow/example_dags/example_skip_dag.py
[2025-08-26T19:12:02.514+0000] {processor.py:914} INFO - Processing file /home/airflow/.local/lib/python3.12/site-packages/airflow/example_dags/example_skip_dag.py for tasks to queue
[2025-08-26T19:12:02.516+0000] {logging_mixin.py:190} INFO - [2025-08-26T19:12:02.515+0000] {dagbag.py:588} INFO - Filling up the DagBag from /home/airflow/.local/lib/python3.12/site-packages/airflow/example_dags/example_skip_dag.py
[2025-08-26T19:12:02.522+0000] {processor.py:925} INFO - DAG(s) 'example_skip_dag' retrieved from /home/airflow/.local/lib/python3.12/site-packages/airflow/example_dags/example_skip_dag.py
[2025-08-26T19:12:02.533+0000] {logging_mixin.py:190} INFO - [2025-08-26T19:12:02.532+0000] {dag.py:3239} INFO - Sync 1 DAGs
[2025-08-26T19:12:02.541+0000] {logging_mixin.py:190} INFO - [2025-08-26T19:12:02.541+0000] {dag.py:4180} INFO - Setting next_dagrun for example_skip_dag to 2025-08-25 00:00:00+00:00, run_after=2025-08-26 00:00:00+00:00
[2025-08-26T19:12:02.548+0000] {processor.py:208} INFO - Processing /home/airflow/.local/lib/python3.12/site-packages/airflow/example_dags/example_skip_dag.py took 0.039 seconds
[2025-08-26T19:12:33.263+0000] {processor.py:186} INFO - Started process (PID=3637) to work on /home/airflow/.local/lib/python3.12/site-packages/airflow/example_dags/example_skip_dag.py
[2025-08-26T19:12:33.264+0000] {processor.py:914} INFO - Processing file /home/airflow/.local/lib/python3.12/site-packages/airflow/example_dags/example_skip_dag.py for tasks to queue
[2025-08-26T19:12:33.266+0000] {logging_mixin.py:190} INFO - [2025-08-26T19:12:33.266+0000] {dagbag.py:588} INFO - Filling up the DagBag from /home/airflow/.local/lib/python3.12/site-packages/airflow/example_dags/example_skip_dag.py
[2025-08-26T19:12:33.273+0000] {processor.py:925} INFO - DAG(s) 'example_skip_dag' retrieved from /home/airflow/.local/lib/python3.12/site-packages/airflow/example_dags/example_skip_dag.py
[2025-08-26T19:12:33.291+0000] {logging_mixin.py:190} INFO - [2025-08-26T19:12:33.291+0000] {dag.py:3239} INFO - Sync 1 DAGs
[2025-08-26T19:12:33.300+0000] {logging_mixin.py:190} INFO - [2025-08-26T19:12:33.300+0000] {dag.py:4180} INFO - Setting next_dagrun for example_skip_dag to 2025-08-25 00:00:00+00:00, run_after=2025-08-26 00:00:00+00:00
[2025-08-26T19:12:33.306+0000] {processor.py:208} INFO - Processing /home/airflow/.local/lib/python3.12/site-packages/airflow/example_dags/example_skip_dag.py took 0.048 seconds
[2025-08-26T19:13:04.170+0000] {processor.py:186} INFO - Started process (PID=3700) to work on /home/airflow/.local/lib/python3.12/site-packages/airflow/example_dags/example_skip_dag.py
[2025-08-26T19:13:04.171+0000] {processor.py:914} INFO - Processing file /home/airflow/.local/lib/python3.12/site-packages/airflow/example_dags/example_skip_dag.py for tasks to queue
[2025-08-26T19:13:04.173+0000] {logging_mixin.py:190} INFO - [2025-08-26T19:13:04.173+0000] {dagbag.py:588} INFO - Filling up the DagBag from /home/airflow/.local/lib/python3.12/site-packages/airflow/example_dags/example_skip_dag.py
[2025-08-26T19:13:04.180+0000] {processor.py:925} INFO - DAG(s) 'example_skip_dag' retrieved from /home/airflow/.local/lib/python3.12/site-packages/airflow/example_dags/example_skip_dag.py
[2025-08-26T19:13:04.191+0000] {logging_mixin.py:190} INFO - [2025-08-26T19:13:04.191+0000] {dag.py:3239} INFO - Sync 1 DAGs
[2025-08-26T19:13:04.200+0000] {logging_mixin.py:190} INFO - [2025-08-26T19:13:04.200+0000] {dag.py:4180} INFO - Setting next_dagrun for example_skip_dag to 2025-08-25 00:00:00+00:00, run_after=2025-08-26 00:00:00+00:00
[2025-08-26T19:13:04.208+0000] {processor.py:208} INFO - Processing /home/airflow/.local/lib/python3.12/site-packages/airflow/example_dags/example_skip_dag.py took 0.042 seconds
[2025-08-26T19:13:35.116+0000] {processor.py:186} INFO - Started process (PID=3763) to work on /home/airflow/.local/lib/python3.12/site-packages/airflow/example_dags/example_skip_dag.py
[2025-08-26T19:13:35.117+0000] {processor.py:914} INFO - Processing file /home/airflow/.local/lib/python3.12/site-packages/airflow/example_dags/example_skip_dag.py for tasks to queue
[2025-08-26T19:13:35.119+0000] {logging_mixin.py:190} INFO - [2025-08-26T19:13:35.119+0000] {dagbag.py:588} INFO - Filling up the DagBag from /home/airflow/.local/lib/python3.12/site-packages/airflow/example_dags/example_skip_dag.py
[2025-08-26T19:13:35.127+0000] {processor.py:925} INFO - DAG(s) 'example_skip_dag' retrieved from /home/airflow/.local/lib/python3.12/site-packages/airflow/example_dags/example_skip_dag.py
[2025-08-26T19:13:35.139+0000] {logging_mixin.py:190} INFO - [2025-08-26T19:13:35.139+0000] {dag.py:3239} INFO - Sync 1 DAGs
[2025-08-26T19:13:35.148+0000] {logging_mixin.py:190} INFO - [2025-08-26T19:13:35.148+0000] {dag.py:4180} INFO - Setting next_dagrun for example_skip_dag to 2025-08-25 00:00:00+00:00, run_after=2025-08-26 00:00:00+00:00
[2025-08-26T19:13:35.157+0000] {processor.py:208} INFO - Processing /home/airflow/.local/lib/python3.12/site-packages/airflow/example_dags/example_skip_dag.py took 0.047 seconds
[2025-08-26T19:14:06.057+0000] {processor.py:186} INFO - Started process (PID=3826) to work on /home/airflow/.local/lib/python3.12/site-packages/airflow/example_dags/example_skip_dag.py
[2025-08-26T19:14:06.058+0000] {processor.py:914} INFO - Processing file /home/airflow/.local/lib/python3.12/site-packages/airflow/example_dags/example_skip_dag.py for tasks to queue
[2025-08-26T19:14:06.060+0000] {logging_mixin.py:190} INFO - [2025-08-26T19:14:06.060+0000] {dagbag.py:588} INFO - Filling up the DagBag from /home/airflow/.local/lib/python3.12/site-packages/airflow/example_dags/example_skip_dag.py
[2025-08-26T19:14:06.068+0000] {processor.py:925} INFO - DAG(s) 'example_skip_dag' retrieved from /home/airflow/.local/lib/python3.12/site-packages/airflow/example_dags/example_skip_dag.py
[2025-08-26T19:14:06.080+0000] {logging_mixin.py:190} INFO - [2025-08-26T19:14:06.080+0000] {dag.py:3239} INFO - Sync 1 DAGs
[2025-08-26T19:14:06.090+0000] {logging_mixin.py:190} INFO - [2025-08-26T19:14:06.090+0000] {dag.py:4180} INFO - Setting next_dagrun for example_skip_dag to 2025-08-25 00:00:00+00:00, run_after=2025-08-26 00:00:00+00:00
[2025-08-26T19:14:06.097+0000] {processor.py:208} INFO - Processing /home/airflow/.local/lib/python3.12/site-packages/airflow/example_dags/example_skip_dag.py took 0.046 seconds
[2025-08-26T19:14:36.891+0000] {processor.py:186} INFO - Started process (PID=3889) to work on /home/airflow/.local/lib/python3.12/site-packages/airflow/example_dags/example_skip_dag.py
[2025-08-26T19:14:36.891+0000] {processor.py:914} INFO - Processing file /home/airflow/.local/lib/python3.12/site-packages/airflow/example_dags/example_skip_dag.py for tasks to queue
[2025-08-26T19:14:36.893+0000] {logging_mixin.py:190} INFO - [2025-08-26T19:14:36.893+0000] {dagbag.py:588} INFO - Filling up the DagBag from /home/airflow/.local/lib/python3.12/site-packages/airflow/example_dags/example_skip_dag.py
[2025-08-26T19:14:36.897+0000] {processor.py:925} INFO - DAG(s) 'example_skip_dag' retrieved from /home/airflow/.local/lib/python3.12/site-packages/airflow/example_dags/example_skip_dag.py
[2025-08-26T19:14:36.909+0000] {logging_mixin.py:190} INFO - [2025-08-26T19:14:36.909+0000] {dag.py:3239} INFO - Sync 1 DAGs
[2025-08-26T19:14:36.919+0000] {logging_mixin.py:190} INFO - [2025-08-26T19:14:36.919+0000] {dag.py:4180} INFO - Setting next_dagrun for example_skip_dag to 2025-08-25 00:00:00+00:00, run_after=2025-08-26 00:00:00+00:00
[2025-08-26T19:14:36.929+0000] {processor.py:208} INFO - Processing /home/airflow/.local/lib/python3.12/site-packages/airflow/example_dags/example_skip_dag.py took 0.043 seconds
