[2025-08-26T15:43:50.737+0000] {processor.py:186} INFO - Started process (PID=87) to work on /home/airflow/.local/lib/python3.12/site-packages/airflow/example_dags/example_task_group.py
[2025-08-26T15:43:50.739+0000] {processor.py:914} INFO - Processing file /home/airflow/.local/lib/python3.12/site-packages/airflow/example_dags/example_task_group.py for tasks to queue
[2025-08-26T15:43:50.740+0000] {logging_mixin.py:190} INFO - [2025-08-26T15:43:50.740+0000] {dagbag.py:588} INFO - Filling up the DagBag from /home/airflow/.local/lib/python3.12/site-packages/airflow/example_dags/example_task_group.py
[2025-08-26T15:43:50.744+0000] {processor.py:925} INFO - DAG(s) 'example_task_group' retrieved from /home/airflow/.local/lib/python3.12/site-packages/airflow/example_dags/example_task_group.py
[2025-08-26T15:43:50.785+0000] {logging_mixin.py:190} INFO - [2025-08-26T15:43:50.784+0000] {override.py:1900} INFO - Created Permission View: can edit on DAG:example_task_group
[2025-08-26T15:43:50.789+0000] {logging_mixin.py:190} INFO - [2025-08-26T15:43:50.788+0000] {override.py:1900} INFO - Created Permission View: can delete on DAG:example_task_group
[2025-08-26T15:43:50.792+0000] {logging_mixin.py:190} INFO - [2025-08-26T15:43:50.792+0000] {override.py:1900} INFO - Created Permission View: can read on DAG:example_task_group
[2025-08-26T15:43:50.795+0000] {logging_mixin.py:190} INFO - [2025-08-26T15:43:50.795+0000] {override.py:1900} INFO - Created Permission View: can create on DAG Run:example_task_group
[2025-08-26T15:43:50.799+0000] {logging_mixin.py:190} INFO - [2025-08-26T15:43:50.799+0000] {override.py:1900} INFO - Created Permission View: can delete on DAG Run:example_task_group
[2025-08-26T15:43:50.804+0000] {logging_mixin.py:190} INFO - [2025-08-26T15:43:50.803+0000] {override.py:1900} INFO - Created Permission View: menu access on DAG Run:example_task_group
[2025-08-26T15:43:50.807+0000] {logging_mixin.py:190} INFO - [2025-08-26T15:43:50.807+0000] {override.py:1900} INFO - Created Permission View: can read on DAG Run:example_task_group
[2025-08-26T15:43:50.808+0000] {logging_mixin.py:190} INFO - [2025-08-26T15:43:50.808+0000] {dag.py:3239} INFO - Sync 1 DAGs
[2025-08-26T15:43:50.814+0000] {logging_mixin.py:190} INFO - [2025-08-26T15:43:50.813+0000] {dag.py:3262} INFO - Creating ORM DAG for example_task_group
[2025-08-26T15:43:50.814+0000] {logging_mixin.py:190} INFO - [2025-08-26T15:43:50.814+0000] {dag.py:4180} INFO - Setting next_dagrun for example_task_group to None, run_after=None
[2025-08-26T15:43:50.821+0000] {processor.py:208} INFO - Processing /home/airflow/.local/lib/python3.12/site-packages/airflow/example_dags/example_task_group.py took 0.087 seconds
[2025-08-26T15:44:21.703+0000] {processor.py:186} INFO - Started process (PID=150) to work on /home/airflow/.local/lib/python3.12/site-packages/airflow/example_dags/example_task_group.py
[2025-08-26T15:44:21.704+0000] {processor.py:914} INFO - Processing file /home/airflow/.local/lib/python3.12/site-packages/airflow/example_dags/example_task_group.py for tasks to queue
[2025-08-26T15:44:21.706+0000] {logging_mixin.py:190} INFO - [2025-08-26T15:44:21.705+0000] {dagbag.py:588} INFO - Filling up the DagBag from /home/airflow/.local/lib/python3.12/site-packages/airflow/example_dags/example_task_group.py
[2025-08-26T15:44:21.710+0000] {processor.py:925} INFO - DAG(s) 'example_task_group' retrieved from /home/airflow/.local/lib/python3.12/site-packages/airflow/example_dags/example_task_group.py
[2025-08-26T15:44:21.718+0000] {logging_mixin.py:190} INFO - [2025-08-26T15:44:21.718+0000] {dag.py:3239} INFO - Sync 1 DAGs
[2025-08-26T15:44:21.724+0000] {logging_mixin.py:190} INFO - [2025-08-26T15:44:21.724+0000] {dag.py:4180} INFO - Setting next_dagrun for example_task_group to None, run_after=None
[2025-08-26T15:44:21.730+0000] {processor.py:208} INFO - Processing /home/airflow/.local/lib/python3.12/site-packages/airflow/example_dags/example_task_group.py took 0.029 seconds
[2025-08-26T15:44:52.447+0000] {processor.py:186} INFO - Started process (PID=213) to work on /home/airflow/.local/lib/python3.12/site-packages/airflow/example_dags/example_task_group.py
[2025-08-26T15:44:52.448+0000] {processor.py:914} INFO - Processing file /home/airflow/.local/lib/python3.12/site-packages/airflow/example_dags/example_task_group.py for tasks to queue
[2025-08-26T15:44:52.449+0000] {logging_mixin.py:190} INFO - [2025-08-26T15:44:52.448+0000] {dagbag.py:588} INFO - Filling up the DagBag from /home/airflow/.local/lib/python3.12/site-packages/airflow/example_dags/example_task_group.py
[2025-08-26T15:44:52.453+0000] {processor.py:925} INFO - DAG(s) 'example_task_group' retrieved from /home/airflow/.local/lib/python3.12/site-packages/airflow/example_dags/example_task_group.py
[2025-08-26T15:44:52.461+0000] {logging_mixin.py:190} INFO - [2025-08-26T15:44:52.461+0000] {dag.py:3239} INFO - Sync 1 DAGs
[2025-08-26T15:44:52.467+0000] {logging_mixin.py:190} INFO - [2025-08-26T15:44:52.467+0000] {dag.py:4180} INFO - Setting next_dagrun for example_task_group to None, run_after=None
[2025-08-26T15:44:52.475+0000] {processor.py:208} INFO - Processing /home/airflow/.local/lib/python3.12/site-packages/airflow/example_dags/example_task_group.py took 0.031 seconds
[2025-08-26T15:45:23.273+0000] {processor.py:186} INFO - Started process (PID=276) to work on /home/airflow/.local/lib/python3.12/site-packages/airflow/example_dags/example_task_group.py
[2025-08-26T15:45:23.274+0000] {processor.py:914} INFO - Processing file /home/airflow/.local/lib/python3.12/site-packages/airflow/example_dags/example_task_group.py for tasks to queue
[2025-08-26T15:45:23.276+0000] {logging_mixin.py:190} INFO - [2025-08-26T15:45:23.276+0000] {dagbag.py:588} INFO - Filling up the DagBag from /home/airflow/.local/lib/python3.12/site-packages/airflow/example_dags/example_task_group.py
[2025-08-26T15:45:23.280+0000] {processor.py:925} INFO - DAG(s) 'example_task_group' retrieved from /home/airflow/.local/lib/python3.12/site-packages/airflow/example_dags/example_task_group.py
[2025-08-26T15:45:23.290+0000] {logging_mixin.py:190} INFO - [2025-08-26T15:45:23.290+0000] {dag.py:3239} INFO - Sync 1 DAGs
[2025-08-26T15:45:23.295+0000] {logging_mixin.py:190} INFO - [2025-08-26T15:45:23.295+0000] {dag.py:4180} INFO - Setting next_dagrun for example_task_group to None, run_after=None
[2025-08-26T15:45:23.306+0000] {processor.py:208} INFO - Processing /home/airflow/.local/lib/python3.12/site-packages/airflow/example_dags/example_task_group.py took 0.036 seconds
[2025-08-26T15:56:43.369+0000] {processor.py:186} INFO - Started process (PID=333) to work on /home/airflow/.local/lib/python3.12/site-packages/airflow/example_dags/example_task_group.py
[2025-08-26T15:56:43.370+0000] {processor.py:914} INFO - Processing file /home/airflow/.local/lib/python3.12/site-packages/airflow/example_dags/example_task_group.py for tasks to queue
[2025-08-26T15:56:43.370+0000] {logging_mixin.py:190} INFO - [2025-08-26T15:56:43.370+0000] {dagbag.py:588} INFO - Filling up the DagBag from /home/airflow/.local/lib/python3.12/site-packages/airflow/example_dags/example_task_group.py
[2025-08-26T15:56:43.373+0000] {processor.py:925} INFO - DAG(s) 'example_task_group' retrieved from /home/airflow/.local/lib/python3.12/site-packages/airflow/example_dags/example_task_group.py
[2025-08-26T15:56:43.382+0000] {logging_mixin.py:190} INFO - [2025-08-26T15:56:43.382+0000] {dag.py:3239} INFO - Sync 1 DAGs
[2025-08-26T15:56:43.388+0000] {logging_mixin.py:190} INFO - [2025-08-26T15:56:43.388+0000] {dag.py:4180} INFO - Setting next_dagrun for example_task_group to None, run_after=None
[2025-08-26T15:56:43.398+0000] {processor.py:208} INFO - Processing /home/airflow/.local/lib/python3.12/site-packages/airflow/example_dags/example_task_group.py took 0.031 seconds
[2025-08-26T16:32:54.080+0000] {processor.py:186} INFO - Started process (PID=396) to work on /home/airflow/.local/lib/python3.12/site-packages/airflow/example_dags/example_task_group.py
[2025-08-26T16:32:54.080+0000] {processor.py:914} INFO - Processing file /home/airflow/.local/lib/python3.12/site-packages/airflow/example_dags/example_task_group.py for tasks to queue
[2025-08-26T16:32:54.081+0000] {logging_mixin.py:190} INFO - [2025-08-26T16:32:54.081+0000] {dagbag.py:588} INFO - Filling up the DagBag from /home/airflow/.local/lib/python3.12/site-packages/airflow/example_dags/example_task_group.py
[2025-08-26T16:32:54.084+0000] {processor.py:925} INFO - DAG(s) 'example_task_group' retrieved from /home/airflow/.local/lib/python3.12/site-packages/airflow/example_dags/example_task_group.py
[2025-08-26T16:32:54.094+0000] {logging_mixin.py:190} INFO - [2025-08-26T16:32:54.094+0000] {dag.py:3239} INFO - Sync 1 DAGs
[2025-08-26T16:32:54.098+0000] {logging_mixin.py:190} INFO - [2025-08-26T16:32:54.098+0000] {dag.py:4180} INFO - Setting next_dagrun for example_task_group to None, run_after=None
[2025-08-26T16:32:54.109+0000] {processor.py:208} INFO - Processing /home/airflow/.local/lib/python3.12/site-packages/airflow/example_dags/example_task_group.py took 0.031 seconds
[2025-08-26T18:02:30.168+0000] {processor.py:186} INFO - Started process (PID=459) to work on /home/airflow/.local/lib/python3.12/site-packages/airflow/example_dags/example_task_group.py
[2025-08-26T18:02:30.171+0000] {processor.py:914} INFO - Processing file /home/airflow/.local/lib/python3.12/site-packages/airflow/example_dags/example_task_group.py for tasks to queue
[2025-08-26T18:02:30.172+0000] {logging_mixin.py:190} INFO - [2025-08-26T18:02:30.172+0000] {dagbag.py:588} INFO - Filling up the DagBag from /home/airflow/.local/lib/python3.12/site-packages/airflow/example_dags/example_task_group.py
[2025-08-26T18:02:30.176+0000] {processor.py:925} INFO - DAG(s) 'example_task_group' retrieved from /home/airflow/.local/lib/python3.12/site-packages/airflow/example_dags/example_task_group.py
[2025-08-26T18:02:30.183+0000] {logging_mixin.py:190} INFO - [2025-08-26T18:02:30.183+0000] {dag.py:3239} INFO - Sync 1 DAGs
[2025-08-26T18:02:30.188+0000] {logging_mixin.py:190} INFO - [2025-08-26T18:02:30.188+0000] {dag.py:4180} INFO - Setting next_dagrun for example_task_group to None, run_after=None
[2025-08-26T18:02:30.194+0000] {processor.py:208} INFO - Processing /home/airflow/.local/lib/python3.12/site-packages/airflow/example_dags/example_task_group.py took 0.028 seconds
[2025-08-26T18:47:00.915+0000] {processor.py:186} INFO - Started process (PID=522) to work on /home/airflow/.local/lib/python3.12/site-packages/airflow/example_dags/example_task_group.py
[2025-08-26T18:47:00.916+0000] {processor.py:914} INFO - Processing file /home/airflow/.local/lib/python3.12/site-packages/airflow/example_dags/example_task_group.py for tasks to queue
[2025-08-26T18:47:00.920+0000] {logging_mixin.py:190} INFO - [2025-08-26T18:47:00.919+0000] {dagbag.py:588} INFO - Filling up the DagBag from /home/airflow/.local/lib/python3.12/site-packages/airflow/example_dags/example_task_group.py
[2025-08-26T18:47:00.928+0000] {processor.py:925} INFO - DAG(s) 'example_task_group' retrieved from /home/airflow/.local/lib/python3.12/site-packages/airflow/example_dags/example_task_group.py
[2025-08-26T18:47:00.940+0000] {logging_mixin.py:190} INFO - [2025-08-26T18:47:00.940+0000] {dag.py:3239} INFO - Sync 1 DAGs
[2025-08-26T18:47:00.953+0000] {logging_mixin.py:190} INFO - [2025-08-26T18:47:00.953+0000] {dag.py:4180} INFO - Setting next_dagrun for example_task_group to None, run_after=None
[2025-08-26T18:47:00.966+0000] {processor.py:208} INFO - Processing /home/airflow/.local/lib/python3.12/site-packages/airflow/example_dags/example_task_group.py took 0.057 seconds
[2025-08-26T18:47:31.036+0000] {processor.py:186} INFO - Started process (PID=585) to work on /home/airflow/.local/lib/python3.12/site-packages/airflow/example_dags/example_task_group.py
[2025-08-26T18:47:31.036+0000] {processor.py:914} INFO - Processing file /home/airflow/.local/lib/python3.12/site-packages/airflow/example_dags/example_task_group.py for tasks to queue
[2025-08-26T18:47:31.037+0000] {logging_mixin.py:190} INFO - [2025-08-26T18:47:31.037+0000] {dagbag.py:588} INFO - Filling up the DagBag from /home/airflow/.local/lib/python3.12/site-packages/airflow/example_dags/example_task_group.py
[2025-08-26T18:47:31.041+0000] {processor.py:925} INFO - DAG(s) 'example_task_group' retrieved from /home/airflow/.local/lib/python3.12/site-packages/airflow/example_dags/example_task_group.py
[2025-08-26T18:47:31.049+0000] {logging_mixin.py:190} INFO - [2025-08-26T18:47:31.049+0000] {dag.py:3239} INFO - Sync 1 DAGs
[2025-08-26T18:47:31.054+0000] {logging_mixin.py:190} INFO - [2025-08-26T18:47:31.053+0000] {dag.py:4180} INFO - Setting next_dagrun for example_task_group to None, run_after=None
[2025-08-26T18:47:31.059+0000] {processor.py:208} INFO - Processing /home/airflow/.local/lib/python3.12/site-packages/airflow/example_dags/example_task_group.py took 0.026 seconds
[2025-08-26T18:48:01.851+0000] {processor.py:186} INFO - Started process (PID=648) to work on /home/airflow/.local/lib/python3.12/site-packages/airflow/example_dags/example_task_group.py
[2025-08-26T18:48:01.854+0000] {processor.py:914} INFO - Processing file /home/airflow/.local/lib/python3.12/site-packages/airflow/example_dags/example_task_group.py for tasks to queue
[2025-08-26T18:48:01.857+0000] {logging_mixin.py:190} INFO - [2025-08-26T18:48:01.857+0000] {dagbag.py:588} INFO - Filling up the DagBag from /home/airflow/.local/lib/python3.12/site-packages/airflow/example_dags/example_task_group.py
[2025-08-26T18:48:01.863+0000] {processor.py:925} INFO - DAG(s) 'example_task_group' retrieved from /home/airflow/.local/lib/python3.12/site-packages/airflow/example_dags/example_task_group.py
[2025-08-26T18:48:01.876+0000] {logging_mixin.py:190} INFO - [2025-08-26T18:48:01.876+0000] {dag.py:3239} INFO - Sync 1 DAGs
[2025-08-26T18:48:01.885+0000] {logging_mixin.py:190} INFO - [2025-08-26T18:48:01.885+0000] {dag.py:4180} INFO - Setting next_dagrun for example_task_group to None, run_after=None
[2025-08-26T18:48:01.897+0000] {processor.py:208} INFO - Processing /home/airflow/.local/lib/python3.12/site-packages/airflow/example_dags/example_task_group.py took 0.050 seconds
[2025-08-26T18:48:32.624+0000] {processor.py:186} INFO - Started process (PID=711) to work on /home/airflow/.local/lib/python3.12/site-packages/airflow/example_dags/example_task_group.py
[2025-08-26T18:48:32.624+0000] {processor.py:914} INFO - Processing file /home/airflow/.local/lib/python3.12/site-packages/airflow/example_dags/example_task_group.py for tasks to queue
[2025-08-26T18:48:32.625+0000] {logging_mixin.py:190} INFO - [2025-08-26T18:48:32.625+0000] {dagbag.py:588} INFO - Filling up the DagBag from /home/airflow/.local/lib/python3.12/site-packages/airflow/example_dags/example_task_group.py
[2025-08-26T18:48:32.628+0000] {processor.py:925} INFO - DAG(s) 'example_task_group' retrieved from /home/airflow/.local/lib/python3.12/site-packages/airflow/example_dags/example_task_group.py
[2025-08-26T18:48:32.636+0000] {logging_mixin.py:190} INFO - [2025-08-26T18:48:32.636+0000] {dag.py:3239} INFO - Sync 1 DAGs
[2025-08-26T18:48:32.641+0000] {logging_mixin.py:190} INFO - [2025-08-26T18:48:32.641+0000] {dag.py:4180} INFO - Setting next_dagrun for example_task_group to None, run_after=None
[2025-08-26T18:48:32.647+0000] {processor.py:208} INFO - Processing /home/airflow/.local/lib/python3.12/site-packages/airflow/example_dags/example_task_group.py took 0.026 seconds
[2025-08-26T18:49:03.215+0000] {processor.py:186} INFO - Started process (PID=774) to work on /home/airflow/.local/lib/python3.12/site-packages/airflow/example_dags/example_task_group.py
[2025-08-26T18:49:03.217+0000] {processor.py:914} INFO - Processing file /home/airflow/.local/lib/python3.12/site-packages/airflow/example_dags/example_task_group.py for tasks to queue
[2025-08-26T18:49:03.218+0000] {logging_mixin.py:190} INFO - [2025-08-26T18:49:03.218+0000] {dagbag.py:588} INFO - Filling up the DagBag from /home/airflow/.local/lib/python3.12/site-packages/airflow/example_dags/example_task_group.py
[2025-08-26T18:49:03.222+0000] {processor.py:925} INFO - DAG(s) 'example_task_group' retrieved from /home/airflow/.local/lib/python3.12/site-packages/airflow/example_dags/example_task_group.py
[2025-08-26T18:49:03.237+0000] {logging_mixin.py:190} INFO - [2025-08-26T18:49:03.237+0000] {dag.py:3239} INFO - Sync 1 DAGs
[2025-08-26T18:49:03.242+0000] {logging_mixin.py:190} INFO - [2025-08-26T18:49:03.242+0000] {dag.py:4180} INFO - Setting next_dagrun for example_task_group to None, run_after=None
[2025-08-26T18:49:03.248+0000] {processor.py:208} INFO - Processing /home/airflow/.local/lib/python3.12/site-packages/airflow/example_dags/example_task_group.py took 0.035 seconds
[2025-08-26T18:49:33.926+0000] {processor.py:186} INFO - Started process (PID=838) to work on /home/airflow/.local/lib/python3.12/site-packages/airflow/example_dags/example_task_group.py
[2025-08-26T18:49:33.926+0000] {processor.py:914} INFO - Processing file /home/airflow/.local/lib/python3.12/site-packages/airflow/example_dags/example_task_group.py for tasks to queue
[2025-08-26T18:49:33.930+0000] {logging_mixin.py:190} INFO - [2025-08-26T18:49:33.930+0000] {dagbag.py:588} INFO - Filling up the DagBag from /home/airflow/.local/lib/python3.12/site-packages/airflow/example_dags/example_task_group.py
[2025-08-26T18:49:33.934+0000] {processor.py:925} INFO - DAG(s) 'example_task_group' retrieved from /home/airflow/.local/lib/python3.12/site-packages/airflow/example_dags/example_task_group.py
[2025-08-26T18:49:33.942+0000] {logging_mixin.py:190} INFO - [2025-08-26T18:49:33.942+0000] {dag.py:3239} INFO - Sync 1 DAGs
[2025-08-26T18:49:33.949+0000] {logging_mixin.py:190} INFO - [2025-08-26T18:49:33.949+0000] {dag.py:4180} INFO - Setting next_dagrun for example_task_group to None, run_after=None
[2025-08-26T18:49:33.955+0000] {processor.py:208} INFO - Processing /home/airflow/.local/lib/python3.12/site-packages/airflow/example_dags/example_task_group.py took 0.032 seconds
[2025-08-26T18:50:04.543+0000] {processor.py:186} INFO - Started process (PID=901) to work on /home/airflow/.local/lib/python3.12/site-packages/airflow/example_dags/example_task_group.py
[2025-08-26T18:50:04.544+0000] {processor.py:914} INFO - Processing file /home/airflow/.local/lib/python3.12/site-packages/airflow/example_dags/example_task_group.py for tasks to queue
[2025-08-26T18:50:04.545+0000] {logging_mixin.py:190} INFO - [2025-08-26T18:50:04.545+0000] {dagbag.py:588} INFO - Filling up the DagBag from /home/airflow/.local/lib/python3.12/site-packages/airflow/example_dags/example_task_group.py
[2025-08-26T18:50:04.551+0000] {processor.py:925} INFO - DAG(s) 'example_task_group' retrieved from /home/airflow/.local/lib/python3.12/site-packages/airflow/example_dags/example_task_group.py
[2025-08-26T18:50:04.560+0000] {logging_mixin.py:190} INFO - [2025-08-26T18:50:04.560+0000] {dag.py:3239} INFO - Sync 1 DAGs
[2025-08-26T18:50:04.566+0000] {logging_mixin.py:190} INFO - [2025-08-26T18:50:04.565+0000] {dag.py:4180} INFO - Setting next_dagrun for example_task_group to None, run_after=None
[2025-08-26T18:50:04.571+0000] {processor.py:208} INFO - Processing /home/airflow/.local/lib/python3.12/site-packages/airflow/example_dags/example_task_group.py took 0.031 seconds
[2025-08-26T18:50:35.095+0000] {processor.py:186} INFO - Started process (PID=964) to work on /home/airflow/.local/lib/python3.12/site-packages/airflow/example_dags/example_task_group.py
[2025-08-26T18:50:35.096+0000] {processor.py:914} INFO - Processing file /home/airflow/.local/lib/python3.12/site-packages/airflow/example_dags/example_task_group.py for tasks to queue
[2025-08-26T18:50:35.097+0000] {logging_mixin.py:190} INFO - [2025-08-26T18:50:35.097+0000] {dagbag.py:588} INFO - Filling up the DagBag from /home/airflow/.local/lib/python3.12/site-packages/airflow/example_dags/example_task_group.py
[2025-08-26T18:50:35.100+0000] {processor.py:925} INFO - DAG(s) 'example_task_group' retrieved from /home/airflow/.local/lib/python3.12/site-packages/airflow/example_dags/example_task_group.py
[2025-08-26T18:50:35.109+0000] {logging_mixin.py:190} INFO - [2025-08-26T18:50:35.109+0000] {dag.py:3239} INFO - Sync 1 DAGs
[2025-08-26T18:50:35.115+0000] {logging_mixin.py:190} INFO - [2025-08-26T18:50:35.114+0000] {dag.py:4180} INFO - Setting next_dagrun for example_task_group to None, run_after=None
[2025-08-26T18:50:35.122+0000] {processor.py:208} INFO - Processing /home/airflow/.local/lib/python3.12/site-packages/airflow/example_dags/example_task_group.py took 0.029 seconds
[2025-08-26T18:51:05.644+0000] {processor.py:186} INFO - Started process (PID=1027) to work on /home/airflow/.local/lib/python3.12/site-packages/airflow/example_dags/example_task_group.py
[2025-08-26T18:51:05.644+0000] {processor.py:914} INFO - Processing file /home/airflow/.local/lib/python3.12/site-packages/airflow/example_dags/example_task_group.py for tasks to queue
[2025-08-26T18:51:05.645+0000] {logging_mixin.py:190} INFO - [2025-08-26T18:51:05.645+0000] {dagbag.py:588} INFO - Filling up the DagBag from /home/airflow/.local/lib/python3.12/site-packages/airflow/example_dags/example_task_group.py
[2025-08-26T18:51:05.649+0000] {processor.py:925} INFO - DAG(s) 'example_task_group' retrieved from /home/airflow/.local/lib/python3.12/site-packages/airflow/example_dags/example_task_group.py
[2025-08-26T18:51:05.657+0000] {logging_mixin.py:190} INFO - [2025-08-26T18:51:05.657+0000] {dag.py:3239} INFO - Sync 1 DAGs
[2025-08-26T18:51:05.662+0000] {logging_mixin.py:190} INFO - [2025-08-26T18:51:05.662+0000] {dag.py:4180} INFO - Setting next_dagrun for example_task_group to None, run_after=None
[2025-08-26T18:51:05.672+0000] {processor.py:208} INFO - Processing /home/airflow/.local/lib/python3.12/site-packages/airflow/example_dags/example_task_group.py took 0.031 seconds
[2025-08-26T18:51:36.217+0000] {processor.py:186} INFO - Started process (PID=1090) to work on /home/airflow/.local/lib/python3.12/site-packages/airflow/example_dags/example_task_group.py
[2025-08-26T18:51:36.218+0000] {processor.py:914} INFO - Processing file /home/airflow/.local/lib/python3.12/site-packages/airflow/example_dags/example_task_group.py for tasks to queue
[2025-08-26T18:51:36.219+0000] {logging_mixin.py:190} INFO - [2025-08-26T18:51:36.219+0000] {dagbag.py:588} INFO - Filling up the DagBag from /home/airflow/.local/lib/python3.12/site-packages/airflow/example_dags/example_task_group.py
[2025-08-26T18:51:36.222+0000] {processor.py:925} INFO - DAG(s) 'example_task_group' retrieved from /home/airflow/.local/lib/python3.12/site-packages/airflow/example_dags/example_task_group.py
[2025-08-26T18:51:36.230+0000] {logging_mixin.py:190} INFO - [2025-08-26T18:51:36.230+0000] {dag.py:3239} INFO - Sync 1 DAGs
[2025-08-26T18:51:36.236+0000] {logging_mixin.py:190} INFO - [2025-08-26T18:51:36.236+0000] {dag.py:4180} INFO - Setting next_dagrun for example_task_group to None, run_after=None
[2025-08-26T18:51:36.244+0000] {processor.py:208} INFO - Processing /home/airflow/.local/lib/python3.12/site-packages/airflow/example_dags/example_task_group.py took 0.029 seconds
[2025-08-26T18:52:06.883+0000] {processor.py:186} INFO - Started process (PID=1153) to work on /home/airflow/.local/lib/python3.12/site-packages/airflow/example_dags/example_task_group.py
[2025-08-26T18:52:06.887+0000] {processor.py:914} INFO - Processing file /home/airflow/.local/lib/python3.12/site-packages/airflow/example_dags/example_task_group.py for tasks to queue
[2025-08-26T18:52:06.888+0000] {logging_mixin.py:190} INFO - [2025-08-26T18:52:06.888+0000] {dagbag.py:588} INFO - Filling up the DagBag from /home/airflow/.local/lib/python3.12/site-packages/airflow/example_dags/example_task_group.py
[2025-08-26T18:52:06.892+0000] {processor.py:925} INFO - DAG(s) 'example_task_group' retrieved from /home/airflow/.local/lib/python3.12/site-packages/airflow/example_dags/example_task_group.py
[2025-08-26T18:52:06.902+0000] {logging_mixin.py:190} INFO - [2025-08-26T18:52:06.902+0000] {dag.py:3239} INFO - Sync 1 DAGs
[2025-08-26T18:52:06.908+0000] {logging_mixin.py:190} INFO - [2025-08-26T18:52:06.908+0000] {dag.py:4180} INFO - Setting next_dagrun for example_task_group to None, run_after=None
[2025-08-26T18:52:06.913+0000] {processor.py:208} INFO - Processing /home/airflow/.local/lib/python3.12/site-packages/airflow/example_dags/example_task_group.py took 0.032 seconds
[2025-08-26T18:52:37.558+0000] {processor.py:186} INFO - Started process (PID=1216) to work on /home/airflow/.local/lib/python3.12/site-packages/airflow/example_dags/example_task_group.py
[2025-08-26T18:52:37.559+0000] {processor.py:914} INFO - Processing file /home/airflow/.local/lib/python3.12/site-packages/airflow/example_dags/example_task_group.py for tasks to queue
[2025-08-26T18:52:37.560+0000] {logging_mixin.py:190} INFO - [2025-08-26T18:52:37.560+0000] {dagbag.py:588} INFO - Filling up the DagBag from /home/airflow/.local/lib/python3.12/site-packages/airflow/example_dags/example_task_group.py
[2025-08-26T18:52:37.564+0000] {processor.py:925} INFO - DAG(s) 'example_task_group' retrieved from /home/airflow/.local/lib/python3.12/site-packages/airflow/example_dags/example_task_group.py
[2025-08-26T18:52:37.573+0000] {logging_mixin.py:190} INFO - [2025-08-26T18:52:37.573+0000] {dag.py:3239} INFO - Sync 1 DAGs
[2025-08-26T18:52:37.579+0000] {logging_mixin.py:190} INFO - [2025-08-26T18:52:37.578+0000] {dag.py:4180} INFO - Setting next_dagrun for example_task_group to None, run_after=None
[2025-08-26T18:52:37.584+0000] {processor.py:208} INFO - Processing /home/airflow/.local/lib/python3.12/site-packages/airflow/example_dags/example_task_group.py took 0.028 seconds
[2025-08-26T18:53:08.146+0000] {processor.py:186} INFO - Started process (PID=1279) to work on /home/airflow/.local/lib/python3.12/site-packages/airflow/example_dags/example_task_group.py
[2025-08-26T18:53:08.146+0000] {processor.py:914} INFO - Processing file /home/airflow/.local/lib/python3.12/site-packages/airflow/example_dags/example_task_group.py for tasks to queue
[2025-08-26T18:53:08.147+0000] {logging_mixin.py:190} INFO - [2025-08-26T18:53:08.147+0000] {dagbag.py:588} INFO - Filling up the DagBag from /home/airflow/.local/lib/python3.12/site-packages/airflow/example_dags/example_task_group.py
[2025-08-26T18:53:08.151+0000] {processor.py:925} INFO - DAG(s) 'example_task_group' retrieved from /home/airflow/.local/lib/python3.12/site-packages/airflow/example_dags/example_task_group.py
[2025-08-26T18:53:08.159+0000] {logging_mixin.py:190} INFO - [2025-08-26T18:53:08.159+0000] {dag.py:3239} INFO - Sync 1 DAGs
[2025-08-26T18:53:08.165+0000] {logging_mixin.py:190} INFO - [2025-08-26T18:53:08.165+0000] {dag.py:4180} INFO - Setting next_dagrun for example_task_group to None, run_after=None
[2025-08-26T18:53:08.173+0000] {processor.py:208} INFO - Processing /home/airflow/.local/lib/python3.12/site-packages/airflow/example_dags/example_task_group.py took 0.029 seconds
[2025-08-26T18:53:38.749+0000] {processor.py:186} INFO - Started process (PID=1342) to work on /home/airflow/.local/lib/python3.12/site-packages/airflow/example_dags/example_task_group.py
[2025-08-26T18:53:38.751+0000] {processor.py:914} INFO - Processing file /home/airflow/.local/lib/python3.12/site-packages/airflow/example_dags/example_task_group.py for tasks to queue
[2025-08-26T18:53:38.753+0000] {logging_mixin.py:190} INFO - [2025-08-26T18:53:38.753+0000] {dagbag.py:588} INFO - Filling up the DagBag from /home/airflow/.local/lib/python3.12/site-packages/airflow/example_dags/example_task_group.py
[2025-08-26T18:53:38.757+0000] {processor.py:925} INFO - DAG(s) 'example_task_group' retrieved from /home/airflow/.local/lib/python3.12/site-packages/airflow/example_dags/example_task_group.py
[2025-08-26T18:53:38.766+0000] {logging_mixin.py:190} INFO - [2025-08-26T18:53:38.765+0000] {dag.py:3239} INFO - Sync 1 DAGs
[2025-08-26T18:53:38.770+0000] {logging_mixin.py:190} INFO - [2025-08-26T18:53:38.770+0000] {dag.py:4180} INFO - Setting next_dagrun for example_task_group to None, run_after=None
[2025-08-26T18:53:38.777+0000] {processor.py:208} INFO - Processing /home/airflow/.local/lib/python3.12/site-packages/airflow/example_dags/example_task_group.py took 0.030 seconds
[2025-08-26T18:54:09.388+0000] {processor.py:186} INFO - Started process (PID=1405) to work on /home/airflow/.local/lib/python3.12/site-packages/airflow/example_dags/example_task_group.py
[2025-08-26T18:54:09.389+0000] {processor.py:914} INFO - Processing file /home/airflow/.local/lib/python3.12/site-packages/airflow/example_dags/example_task_group.py for tasks to queue
[2025-08-26T18:54:09.390+0000] {logging_mixin.py:190} INFO - [2025-08-26T18:54:09.390+0000] {dagbag.py:588} INFO - Filling up the DagBag from /home/airflow/.local/lib/python3.12/site-packages/airflow/example_dags/example_task_group.py
[2025-08-26T18:54:09.393+0000] {processor.py:925} INFO - DAG(s) 'example_task_group' retrieved from /home/airflow/.local/lib/python3.12/site-packages/airflow/example_dags/example_task_group.py
[2025-08-26T18:54:09.401+0000] {logging_mixin.py:190} INFO - [2025-08-26T18:54:09.401+0000] {dag.py:3239} INFO - Sync 1 DAGs
[2025-08-26T18:54:09.407+0000] {logging_mixin.py:190} INFO - [2025-08-26T18:54:09.406+0000] {dag.py:4180} INFO - Setting next_dagrun for example_task_group to None, run_after=None
[2025-08-26T18:54:09.412+0000] {processor.py:208} INFO - Processing /home/airflow/.local/lib/python3.12/site-packages/airflow/example_dags/example_task_group.py took 0.027 seconds
[2025-08-26T18:54:39.983+0000] {processor.py:186} INFO - Started process (PID=1468) to work on /home/airflow/.local/lib/python3.12/site-packages/airflow/example_dags/example_task_group.py
[2025-08-26T18:54:39.984+0000] {processor.py:914} INFO - Processing file /home/airflow/.local/lib/python3.12/site-packages/airflow/example_dags/example_task_group.py for tasks to queue
[2025-08-26T18:54:39.985+0000] {logging_mixin.py:190} INFO - [2025-08-26T18:54:39.985+0000] {dagbag.py:588} INFO - Filling up the DagBag from /home/airflow/.local/lib/python3.12/site-packages/airflow/example_dags/example_task_group.py
[2025-08-26T18:54:39.989+0000] {processor.py:925} INFO - DAG(s) 'example_task_group' retrieved from /home/airflow/.local/lib/python3.12/site-packages/airflow/example_dags/example_task_group.py
[2025-08-26T18:54:39.996+0000] {logging_mixin.py:190} INFO - [2025-08-26T18:54:39.996+0000] {dag.py:3239} INFO - Sync 1 DAGs
[2025-08-26T18:54:40.002+0000] {logging_mixin.py:190} INFO - [2025-08-26T18:54:40.002+0000] {dag.py:4180} INFO - Setting next_dagrun for example_task_group to None, run_after=None
[2025-08-26T18:54:40.008+0000] {processor.py:208} INFO - Processing /home/airflow/.local/lib/python3.12/site-packages/airflow/example_dags/example_task_group.py took 0.027 seconds
[2025-08-26T18:55:10.674+0000] {processor.py:186} INFO - Started process (PID=1531) to work on /home/airflow/.local/lib/python3.12/site-packages/airflow/example_dags/example_task_group.py
[2025-08-26T18:55:10.675+0000] {processor.py:914} INFO - Processing file /home/airflow/.local/lib/python3.12/site-packages/airflow/example_dags/example_task_group.py for tasks to queue
[2025-08-26T18:55:10.676+0000] {logging_mixin.py:190} INFO - [2025-08-26T18:55:10.676+0000] {dagbag.py:588} INFO - Filling up the DagBag from /home/airflow/.local/lib/python3.12/site-packages/airflow/example_dags/example_task_group.py
[2025-08-26T18:55:10.679+0000] {processor.py:925} INFO - DAG(s) 'example_task_group' retrieved from /home/airflow/.local/lib/python3.12/site-packages/airflow/example_dags/example_task_group.py
[2025-08-26T18:55:10.689+0000] {logging_mixin.py:190} INFO - [2025-08-26T18:55:10.689+0000] {dag.py:3239} INFO - Sync 1 DAGs
[2025-08-26T18:55:10.694+0000] {logging_mixin.py:190} INFO - [2025-08-26T18:55:10.694+0000] {dag.py:4180} INFO - Setting next_dagrun for example_task_group to None, run_after=None
[2025-08-26T18:55:10.700+0000] {processor.py:208} INFO - Processing /home/airflow/.local/lib/python3.12/site-packages/airflow/example_dags/example_task_group.py took 0.027 seconds
[2025-08-26T18:55:41.213+0000] {processor.py:186} INFO - Started process (PID=1594) to work on /home/airflow/.local/lib/python3.12/site-packages/airflow/example_dags/example_task_group.py
[2025-08-26T18:55:41.213+0000] {processor.py:914} INFO - Processing file /home/airflow/.local/lib/python3.12/site-packages/airflow/example_dags/example_task_group.py for tasks to queue
[2025-08-26T18:55:41.214+0000] {logging_mixin.py:190} INFO - [2025-08-26T18:55:41.214+0000] {dagbag.py:588} INFO - Filling up the DagBag from /home/airflow/.local/lib/python3.12/site-packages/airflow/example_dags/example_task_group.py
[2025-08-26T18:55:41.217+0000] {processor.py:925} INFO - DAG(s) 'example_task_group' retrieved from /home/airflow/.local/lib/python3.12/site-packages/airflow/example_dags/example_task_group.py
[2025-08-26T18:55:41.225+0000] {logging_mixin.py:190} INFO - [2025-08-26T18:55:41.225+0000] {dag.py:3239} INFO - Sync 1 DAGs
[2025-08-26T18:55:41.230+0000] {logging_mixin.py:190} INFO - [2025-08-26T18:55:41.230+0000] {dag.py:4180} INFO - Setting next_dagrun for example_task_group to None, run_after=None
[2025-08-26T18:55:41.237+0000] {processor.py:208} INFO - Processing /home/airflow/.local/lib/python3.12/site-packages/airflow/example_dags/example_task_group.py took 0.026 seconds
[2025-08-26T18:56:11.882+0000] {processor.py:186} INFO - Started process (PID=1657) to work on /home/airflow/.local/lib/python3.12/site-packages/airflow/example_dags/example_task_group.py
[2025-08-26T18:56:11.883+0000] {processor.py:914} INFO - Processing file /home/airflow/.local/lib/python3.12/site-packages/airflow/example_dags/example_task_group.py for tasks to queue
[2025-08-26T18:56:11.884+0000] {logging_mixin.py:190} INFO - [2025-08-26T18:56:11.884+0000] {dagbag.py:588} INFO - Filling up the DagBag from /home/airflow/.local/lib/python3.12/site-packages/airflow/example_dags/example_task_group.py
[2025-08-26T18:56:11.888+0000] {processor.py:925} INFO - DAG(s) 'example_task_group' retrieved from /home/airflow/.local/lib/python3.12/site-packages/airflow/example_dags/example_task_group.py
[2025-08-26T18:56:11.896+0000] {logging_mixin.py:190} INFO - [2025-08-26T18:56:11.896+0000] {dag.py:3239} INFO - Sync 1 DAGs
[2025-08-26T18:56:11.901+0000] {logging_mixin.py:190} INFO - [2025-08-26T18:56:11.901+0000] {dag.py:4180} INFO - Setting next_dagrun for example_task_group to None, run_after=None
[2025-08-26T18:56:11.907+0000] {processor.py:208} INFO - Processing /home/airflow/.local/lib/python3.12/site-packages/airflow/example_dags/example_task_group.py took 0.027 seconds
[2025-08-26T18:56:42.434+0000] {processor.py:186} INFO - Started process (PID=1720) to work on /home/airflow/.local/lib/python3.12/site-packages/airflow/example_dags/example_task_group.py
[2025-08-26T18:56:42.435+0000] {processor.py:914} INFO - Processing file /home/airflow/.local/lib/python3.12/site-packages/airflow/example_dags/example_task_group.py for tasks to queue
[2025-08-26T18:56:42.437+0000] {logging_mixin.py:190} INFO - [2025-08-26T18:56:42.437+0000] {dagbag.py:588} INFO - Filling up the DagBag from /home/airflow/.local/lib/python3.12/site-packages/airflow/example_dags/example_task_group.py
[2025-08-26T18:56:42.442+0000] {processor.py:925} INFO - DAG(s) 'example_task_group' retrieved from /home/airflow/.local/lib/python3.12/site-packages/airflow/example_dags/example_task_group.py
[2025-08-26T18:56:42.451+0000] {logging_mixin.py:190} INFO - [2025-08-26T18:56:42.451+0000] {dag.py:3239} INFO - Sync 1 DAGs
[2025-08-26T18:56:42.458+0000] {logging_mixin.py:190} INFO - [2025-08-26T18:56:42.458+0000] {dag.py:4180} INFO - Setting next_dagrun for example_task_group to None, run_after=None
[2025-08-26T18:56:42.464+0000] {processor.py:208} INFO - Processing /home/airflow/.local/lib/python3.12/site-packages/airflow/example_dags/example_task_group.py took 0.031 seconds
[2025-08-26T18:57:13.057+0000] {processor.py:186} INFO - Started process (PID=1783) to work on /home/airflow/.local/lib/python3.12/site-packages/airflow/example_dags/example_task_group.py
[2025-08-26T18:57:13.057+0000] {processor.py:914} INFO - Processing file /home/airflow/.local/lib/python3.12/site-packages/airflow/example_dags/example_task_group.py for tasks to queue
[2025-08-26T18:57:13.058+0000] {logging_mixin.py:190} INFO - [2025-08-26T18:57:13.058+0000] {dagbag.py:588} INFO - Filling up the DagBag from /home/airflow/.local/lib/python3.12/site-packages/airflow/example_dags/example_task_group.py
[2025-08-26T18:57:13.061+0000] {processor.py:925} INFO - DAG(s) 'example_task_group' retrieved from /home/airflow/.local/lib/python3.12/site-packages/airflow/example_dags/example_task_group.py
[2025-08-26T18:57:13.069+0000] {logging_mixin.py:190} INFO - [2025-08-26T18:57:13.069+0000] {dag.py:3239} INFO - Sync 1 DAGs
[2025-08-26T18:57:13.074+0000] {logging_mixin.py:190} INFO - [2025-08-26T18:57:13.074+0000] {dag.py:4180} INFO - Setting next_dagrun for example_task_group to None, run_after=None
[2025-08-26T18:57:13.080+0000] {processor.py:208} INFO - Processing /home/airflow/.local/lib/python3.12/site-packages/airflow/example_dags/example_task_group.py took 0.025 seconds
[2025-08-26T18:57:43.632+0000] {processor.py:186} INFO - Started process (PID=1846) to work on /home/airflow/.local/lib/python3.12/site-packages/airflow/example_dags/example_task_group.py
[2025-08-26T18:57:43.633+0000] {processor.py:914} INFO - Processing file /home/airflow/.local/lib/python3.12/site-packages/airflow/example_dags/example_task_group.py for tasks to queue
[2025-08-26T18:57:43.635+0000] {logging_mixin.py:190} INFO - [2025-08-26T18:57:43.635+0000] {dagbag.py:588} INFO - Filling up the DagBag from /home/airflow/.local/lib/python3.12/site-packages/airflow/example_dags/example_task_group.py
[2025-08-26T18:57:43.638+0000] {processor.py:925} INFO - DAG(s) 'example_task_group' retrieved from /home/airflow/.local/lib/python3.12/site-packages/airflow/example_dags/example_task_group.py
[2025-08-26T18:57:43.648+0000] {logging_mixin.py:190} INFO - [2025-08-26T18:57:43.648+0000] {dag.py:3239} INFO - Sync 1 DAGs
[2025-08-26T18:57:43.653+0000] {logging_mixin.py:190} INFO - [2025-08-26T18:57:43.653+0000] {dag.py:4180} INFO - Setting next_dagrun for example_task_group to None, run_after=None
[2025-08-26T18:57:43.660+0000] {processor.py:208} INFO - Processing /home/airflow/.local/lib/python3.12/site-packages/airflow/example_dags/example_task_group.py took 0.030 seconds
[2025-08-26T18:58:14.266+0000] {processor.py:186} INFO - Started process (PID=1909) to work on /home/airflow/.local/lib/python3.12/site-packages/airflow/example_dags/example_task_group.py
[2025-08-26T18:58:14.268+0000] {processor.py:914} INFO - Processing file /home/airflow/.local/lib/python3.12/site-packages/airflow/example_dags/example_task_group.py for tasks to queue
[2025-08-26T18:58:14.270+0000] {logging_mixin.py:190} INFO - [2025-08-26T18:58:14.270+0000] {dagbag.py:588} INFO - Filling up the DagBag from /home/airflow/.local/lib/python3.12/site-packages/airflow/example_dags/example_task_group.py
[2025-08-26T18:58:14.273+0000] {processor.py:925} INFO - DAG(s) 'example_task_group' retrieved from /home/airflow/.local/lib/python3.12/site-packages/airflow/example_dags/example_task_group.py
[2025-08-26T18:58:14.282+0000] {logging_mixin.py:190} INFO - [2025-08-26T18:58:14.282+0000] {dag.py:3239} INFO - Sync 1 DAGs
[2025-08-26T18:58:14.287+0000] {logging_mixin.py:190} INFO - [2025-08-26T18:58:14.287+0000] {dag.py:4180} INFO - Setting next_dagrun for example_task_group to None, run_after=None
[2025-08-26T18:58:14.294+0000] {processor.py:208} INFO - Processing /home/airflow/.local/lib/python3.12/site-packages/airflow/example_dags/example_task_group.py took 0.030 seconds
[2025-08-26T18:58:44.913+0000] {processor.py:186} INFO - Started process (PID=1972) to work on /home/airflow/.local/lib/python3.12/site-packages/airflow/example_dags/example_task_group.py
[2025-08-26T18:58:44.913+0000] {processor.py:914} INFO - Processing file /home/airflow/.local/lib/python3.12/site-packages/airflow/example_dags/example_task_group.py for tasks to queue
[2025-08-26T18:58:44.915+0000] {logging_mixin.py:190} INFO - [2025-08-26T18:58:44.915+0000] {dagbag.py:588} INFO - Filling up the DagBag from /home/airflow/.local/lib/python3.12/site-packages/airflow/example_dags/example_task_group.py
[2025-08-26T18:58:44.920+0000] {processor.py:925} INFO - DAG(s) 'example_task_group' retrieved from /home/airflow/.local/lib/python3.12/site-packages/airflow/example_dags/example_task_group.py
[2025-08-26T18:58:44.928+0000] {logging_mixin.py:190} INFO - [2025-08-26T18:58:44.928+0000] {dag.py:3239} INFO - Sync 1 DAGs
[2025-08-26T18:58:44.933+0000] {logging_mixin.py:190} INFO - [2025-08-26T18:58:44.933+0000] {dag.py:4180} INFO - Setting next_dagrun for example_task_group to None, run_after=None
[2025-08-26T18:58:44.941+0000] {processor.py:208} INFO - Processing /home/airflow/.local/lib/python3.12/site-packages/airflow/example_dags/example_task_group.py took 0.031 seconds
[2025-08-26T18:59:15.459+0000] {processor.py:186} INFO - Started process (PID=2035) to work on /home/airflow/.local/lib/python3.12/site-packages/airflow/example_dags/example_task_group.py
[2025-08-26T18:59:15.461+0000] {processor.py:914} INFO - Processing file /home/airflow/.local/lib/python3.12/site-packages/airflow/example_dags/example_task_group.py for tasks to queue
[2025-08-26T18:59:15.462+0000] {logging_mixin.py:190} INFO - [2025-08-26T18:59:15.462+0000] {dagbag.py:588} INFO - Filling up the DagBag from /home/airflow/.local/lib/python3.12/site-packages/airflow/example_dags/example_task_group.py
[2025-08-26T18:59:15.466+0000] {processor.py:925} INFO - DAG(s) 'example_task_group' retrieved from /home/airflow/.local/lib/python3.12/site-packages/airflow/example_dags/example_task_group.py
[2025-08-26T18:59:15.473+0000] {logging_mixin.py:190} INFO - [2025-08-26T18:59:15.473+0000] {dag.py:3239} INFO - Sync 1 DAGs
[2025-08-26T18:59:15.478+0000] {logging_mixin.py:190} INFO - [2025-08-26T18:59:15.478+0000] {dag.py:4180} INFO - Setting next_dagrun for example_task_group to None, run_after=None
[2025-08-26T18:59:15.487+0000] {processor.py:208} INFO - Processing /home/airflow/.local/lib/python3.12/site-packages/airflow/example_dags/example_task_group.py took 0.030 seconds
[2025-08-26T18:59:46.064+0000] {processor.py:186} INFO - Started process (PID=2098) to work on /home/airflow/.local/lib/python3.12/site-packages/airflow/example_dags/example_task_group.py
[2025-08-26T18:59:46.064+0000] {processor.py:914} INFO - Processing file /home/airflow/.local/lib/python3.12/site-packages/airflow/example_dags/example_task_group.py for tasks to queue
[2025-08-26T18:59:46.065+0000] {logging_mixin.py:190} INFO - [2025-08-26T18:59:46.065+0000] {dagbag.py:588} INFO - Filling up the DagBag from /home/airflow/.local/lib/python3.12/site-packages/airflow/example_dags/example_task_group.py
[2025-08-26T18:59:46.068+0000] {processor.py:925} INFO - DAG(s) 'example_task_group' retrieved from /home/airflow/.local/lib/python3.12/site-packages/airflow/example_dags/example_task_group.py
[2025-08-26T18:59:46.076+0000] {logging_mixin.py:190} INFO - [2025-08-26T18:59:46.076+0000] {dag.py:3239} INFO - Sync 1 DAGs
[2025-08-26T18:59:46.081+0000] {logging_mixin.py:190} INFO - [2025-08-26T18:59:46.081+0000] {dag.py:4180} INFO - Setting next_dagrun for example_task_group to None, run_after=None
[2025-08-26T18:59:46.088+0000] {processor.py:208} INFO - Processing /home/airflow/.local/lib/python3.12/site-packages/airflow/example_dags/example_task_group.py took 0.027 seconds
[2025-08-26T19:00:16.763+0000] {processor.py:186} INFO - Started process (PID=2161) to work on /home/airflow/.local/lib/python3.12/site-packages/airflow/example_dags/example_task_group.py
[2025-08-26T19:00:16.764+0000] {processor.py:914} INFO - Processing file /home/airflow/.local/lib/python3.12/site-packages/airflow/example_dags/example_task_group.py for tasks to queue
[2025-08-26T19:00:16.765+0000] {logging_mixin.py:190} INFO - [2025-08-26T19:00:16.765+0000] {dagbag.py:588} INFO - Filling up the DagBag from /home/airflow/.local/lib/python3.12/site-packages/airflow/example_dags/example_task_group.py
[2025-08-26T19:00:16.770+0000] {processor.py:925} INFO - DAG(s) 'example_task_group' retrieved from /home/airflow/.local/lib/python3.12/site-packages/airflow/example_dags/example_task_group.py
[2025-08-26T19:00:16.779+0000] {logging_mixin.py:190} INFO - [2025-08-26T19:00:16.779+0000] {dag.py:3239} INFO - Sync 1 DAGs
[2025-08-26T19:00:16.785+0000] {logging_mixin.py:190} INFO - [2025-08-26T19:00:16.785+0000] {dag.py:4180} INFO - Setting next_dagrun for example_task_group to None, run_after=None
[2025-08-26T19:00:16.794+0000] {processor.py:208} INFO - Processing /home/airflow/.local/lib/python3.12/site-packages/airflow/example_dags/example_task_group.py took 0.034 seconds
[2025-08-26T19:00:47.461+0000] {processor.py:186} INFO - Started process (PID=2224) to work on /home/airflow/.local/lib/python3.12/site-packages/airflow/example_dags/example_task_group.py
[2025-08-26T19:00:47.461+0000] {processor.py:914} INFO - Processing file /home/airflow/.local/lib/python3.12/site-packages/airflow/example_dags/example_task_group.py for tasks to queue
[2025-08-26T19:00:47.462+0000] {logging_mixin.py:190} INFO - [2025-08-26T19:00:47.462+0000] {dagbag.py:588} INFO - Filling up the DagBag from /home/airflow/.local/lib/python3.12/site-packages/airflow/example_dags/example_task_group.py
[2025-08-26T19:00:47.465+0000] {processor.py:925} INFO - DAG(s) 'example_task_group' retrieved from /home/airflow/.local/lib/python3.12/site-packages/airflow/example_dags/example_task_group.py
[2025-08-26T19:00:47.473+0000] {logging_mixin.py:190} INFO - [2025-08-26T19:00:47.472+0000] {dag.py:3239} INFO - Sync 1 DAGs
[2025-08-26T19:00:47.477+0000] {logging_mixin.py:190} INFO - [2025-08-26T19:00:47.477+0000] {dag.py:4180} INFO - Setting next_dagrun for example_task_group to None, run_after=None
[2025-08-26T19:00:47.487+0000] {processor.py:208} INFO - Processing /home/airflow/.local/lib/python3.12/site-packages/airflow/example_dags/example_task_group.py took 0.029 seconds
[2025-08-26T19:01:18.505+0000] {processor.py:186} INFO - Started process (PID=2287) to work on /home/airflow/.local/lib/python3.12/site-packages/airflow/example_dags/example_task_group.py
[2025-08-26T19:01:18.505+0000] {processor.py:914} INFO - Processing file /home/airflow/.local/lib/python3.12/site-packages/airflow/example_dags/example_task_group.py for tasks to queue
[2025-08-26T19:01:18.507+0000] {logging_mixin.py:190} INFO - [2025-08-26T19:01:18.506+0000] {dagbag.py:588} INFO - Filling up the DagBag from /home/airflow/.local/lib/python3.12/site-packages/airflow/example_dags/example_task_group.py
[2025-08-26T19:01:18.511+0000] {processor.py:925} INFO - DAG(s) 'example_task_group' retrieved from /home/airflow/.local/lib/python3.12/site-packages/airflow/example_dags/example_task_group.py
[2025-08-26T19:01:18.523+0000] {logging_mixin.py:190} INFO - [2025-08-26T19:01:18.522+0000] {dag.py:3239} INFO - Sync 1 DAGs
[2025-08-26T19:01:18.530+0000] {logging_mixin.py:190} INFO - [2025-08-26T19:01:18.530+0000] {dag.py:4180} INFO - Setting next_dagrun for example_task_group to None, run_after=None
[2025-08-26T19:01:18.538+0000] {processor.py:208} INFO - Processing /home/airflow/.local/lib/python3.12/site-packages/airflow/example_dags/example_task_group.py took 0.036 seconds
[2025-08-26T19:01:49.439+0000] {processor.py:186} INFO - Started process (PID=2356) to work on /home/airflow/.local/lib/python3.12/site-packages/airflow/example_dags/example_task_group.py
[2025-08-26T19:01:49.440+0000] {processor.py:914} INFO - Processing file /home/airflow/.local/lib/python3.12/site-packages/airflow/example_dags/example_task_group.py for tasks to queue
[2025-08-26T19:01:49.441+0000] {logging_mixin.py:190} INFO - [2025-08-26T19:01:49.441+0000] {dagbag.py:588} INFO - Filling up the DagBag from /home/airflow/.local/lib/python3.12/site-packages/airflow/example_dags/example_task_group.py
[2025-08-26T19:01:49.445+0000] {processor.py:925} INFO - DAG(s) 'example_task_group' retrieved from /home/airflow/.local/lib/python3.12/site-packages/airflow/example_dags/example_task_group.py
[2025-08-26T19:01:49.454+0000] {logging_mixin.py:190} INFO - [2025-08-26T19:01:49.454+0000] {dag.py:3239} INFO - Sync 1 DAGs
[2025-08-26T19:01:49.461+0000] {logging_mixin.py:190} INFO - [2025-08-26T19:01:49.461+0000] {dag.py:4180} INFO - Setting next_dagrun for example_task_group to None, run_after=None
[2025-08-26T19:01:49.471+0000] {processor.py:208} INFO - Processing /home/airflow/.local/lib/python3.12/site-packages/airflow/example_dags/example_task_group.py took 0.034 seconds
[2025-08-26T19:02:20.160+0000] {processor.py:186} INFO - Started process (PID=2419) to work on /home/airflow/.local/lib/python3.12/site-packages/airflow/example_dags/example_task_group.py
[2025-08-26T19:02:20.162+0000] {processor.py:914} INFO - Processing file /home/airflow/.local/lib/python3.12/site-packages/airflow/example_dags/example_task_group.py for tasks to queue
[2025-08-26T19:02:20.163+0000] {logging_mixin.py:190} INFO - [2025-08-26T19:02:20.163+0000] {dagbag.py:588} INFO - Filling up the DagBag from /home/airflow/.local/lib/python3.12/site-packages/airflow/example_dags/example_task_group.py
[2025-08-26T19:02:20.166+0000] {processor.py:925} INFO - DAG(s) 'example_task_group' retrieved from /home/airflow/.local/lib/python3.12/site-packages/airflow/example_dags/example_task_group.py
[2025-08-26T19:02:20.177+0000] {logging_mixin.py:190} INFO - [2025-08-26T19:02:20.177+0000] {dag.py:3239} INFO - Sync 1 DAGs
[2025-08-26T19:02:20.185+0000] {logging_mixin.py:190} INFO - [2025-08-26T19:02:20.185+0000] {dag.py:4180} INFO - Setting next_dagrun for example_task_group to None, run_after=None
[2025-08-26T19:02:20.195+0000] {processor.py:208} INFO - Processing /home/airflow/.local/lib/python3.12/site-packages/airflow/example_dags/example_task_group.py took 0.038 seconds
[2025-08-26T19:02:50.830+0000] {processor.py:186} INFO - Started process (PID=2482) to work on /home/airflow/.local/lib/python3.12/site-packages/airflow/example_dags/example_task_group.py
[2025-08-26T19:02:50.833+0000] {processor.py:914} INFO - Processing file /home/airflow/.local/lib/python3.12/site-packages/airflow/example_dags/example_task_group.py for tasks to queue
[2025-08-26T19:02:50.834+0000] {logging_mixin.py:190} INFO - [2025-08-26T19:02:50.834+0000] {dagbag.py:588} INFO - Filling up the DagBag from /home/airflow/.local/lib/python3.12/site-packages/airflow/example_dags/example_task_group.py
[2025-08-26T19:02:50.837+0000] {processor.py:925} INFO - DAG(s) 'example_task_group' retrieved from /home/airflow/.local/lib/python3.12/site-packages/airflow/example_dags/example_task_group.py
[2025-08-26T19:02:50.845+0000] {logging_mixin.py:190} INFO - [2025-08-26T19:02:50.845+0000] {dag.py:3239} INFO - Sync 1 DAGs
[2025-08-26T19:02:50.851+0000] {logging_mixin.py:190} INFO - [2025-08-26T19:02:50.851+0000] {dag.py:4180} INFO - Setting next_dagrun for example_task_group to None, run_after=None
[2025-08-26T19:02:50.856+0000] {processor.py:208} INFO - Processing /home/airflow/.local/lib/python3.12/site-packages/airflow/example_dags/example_task_group.py took 0.029 seconds
[2025-08-26T19:03:21.461+0000] {processor.py:186} INFO - Started process (PID=2545) to work on /home/airflow/.local/lib/python3.12/site-packages/airflow/example_dags/example_task_group.py
[2025-08-26T19:03:21.462+0000] {processor.py:914} INFO - Processing file /home/airflow/.local/lib/python3.12/site-packages/airflow/example_dags/example_task_group.py for tasks to queue
[2025-08-26T19:03:21.464+0000] {logging_mixin.py:190} INFO - [2025-08-26T19:03:21.464+0000] {dagbag.py:588} INFO - Filling up the DagBag from /home/airflow/.local/lib/python3.12/site-packages/airflow/example_dags/example_task_group.py
[2025-08-26T19:03:21.468+0000] {processor.py:925} INFO - DAG(s) 'example_task_group' retrieved from /home/airflow/.local/lib/python3.12/site-packages/airflow/example_dags/example_task_group.py
[2025-08-26T19:03:21.477+0000] {logging_mixin.py:190} INFO - [2025-08-26T19:03:21.477+0000] {dag.py:3239} INFO - Sync 1 DAGs
[2025-08-26T19:03:21.483+0000] {logging_mixin.py:190} INFO - [2025-08-26T19:03:21.482+0000] {dag.py:4180} INFO - Setting next_dagrun for example_task_group to None, run_after=None
[2025-08-26T19:03:21.488+0000] {processor.py:208} INFO - Processing /home/airflow/.local/lib/python3.12/site-packages/airflow/example_dags/example_task_group.py took 0.029 seconds
[2025-08-26T19:03:52.163+0000] {processor.py:186} INFO - Started process (PID=2608) to work on /home/airflow/.local/lib/python3.12/site-packages/airflow/example_dags/example_task_group.py
[2025-08-26T19:03:52.164+0000] {processor.py:914} INFO - Processing file /home/airflow/.local/lib/python3.12/site-packages/airflow/example_dags/example_task_group.py for tasks to queue
[2025-08-26T19:03:52.165+0000] {logging_mixin.py:190} INFO - [2025-08-26T19:03:52.165+0000] {dagbag.py:588} INFO - Filling up the DagBag from /home/airflow/.local/lib/python3.12/site-packages/airflow/example_dags/example_task_group.py
[2025-08-26T19:03:52.168+0000] {processor.py:925} INFO - DAG(s) 'example_task_group' retrieved from /home/airflow/.local/lib/python3.12/site-packages/airflow/example_dags/example_task_group.py
[2025-08-26T19:03:52.176+0000] {logging_mixin.py:190} INFO - [2025-08-26T19:03:52.176+0000] {dag.py:3239} INFO - Sync 1 DAGs
[2025-08-26T19:03:52.182+0000] {logging_mixin.py:190} INFO - [2025-08-26T19:03:52.182+0000] {dag.py:4180} INFO - Setting next_dagrun for example_task_group to None, run_after=None
[2025-08-26T19:03:52.187+0000] {processor.py:208} INFO - Processing /home/airflow/.local/lib/python3.12/site-packages/airflow/example_dags/example_task_group.py took 0.027 seconds
[2025-08-26T19:04:22.829+0000] {processor.py:186} INFO - Started process (PID=2671) to work on /home/airflow/.local/lib/python3.12/site-packages/airflow/example_dags/example_task_group.py
[2025-08-26T19:04:22.829+0000] {processor.py:914} INFO - Processing file /home/airflow/.local/lib/python3.12/site-packages/airflow/example_dags/example_task_group.py for tasks to queue
[2025-08-26T19:04:22.830+0000] {logging_mixin.py:190} INFO - [2025-08-26T19:04:22.830+0000] {dagbag.py:588} INFO - Filling up the DagBag from /home/airflow/.local/lib/python3.12/site-packages/airflow/example_dags/example_task_group.py
[2025-08-26T19:04:22.839+0000] {processor.py:925} INFO - DAG(s) 'example_task_group' retrieved from /home/airflow/.local/lib/python3.12/site-packages/airflow/example_dags/example_task_group.py
[2025-08-26T19:04:22.852+0000] {logging_mixin.py:190} INFO - [2025-08-26T19:04:22.852+0000] {dag.py:3239} INFO - Sync 1 DAGs
[2025-08-26T19:04:22.866+0000] {logging_mixin.py:190} INFO - [2025-08-26T19:04:22.866+0000] {dag.py:4180} INFO - Setting next_dagrun for example_task_group to None, run_after=None
[2025-08-26T19:04:22.889+0000] {processor.py:208} INFO - Processing /home/airflow/.local/lib/python3.12/site-packages/airflow/example_dags/example_task_group.py took 0.063 seconds
[2025-08-26T19:04:53.578+0000] {processor.py:186} INFO - Started process (PID=2734) to work on /home/airflow/.local/lib/python3.12/site-packages/airflow/example_dags/example_task_group.py
[2025-08-26T19:04:53.579+0000] {processor.py:914} INFO - Processing file /home/airflow/.local/lib/python3.12/site-packages/airflow/example_dags/example_task_group.py for tasks to queue
[2025-08-26T19:04:53.580+0000] {logging_mixin.py:190} INFO - [2025-08-26T19:04:53.580+0000] {dagbag.py:588} INFO - Filling up the DagBag from /home/airflow/.local/lib/python3.12/site-packages/airflow/example_dags/example_task_group.py
[2025-08-26T19:04:53.583+0000] {processor.py:925} INFO - DAG(s) 'example_task_group' retrieved from /home/airflow/.local/lib/python3.12/site-packages/airflow/example_dags/example_task_group.py
[2025-08-26T19:04:53.593+0000] {logging_mixin.py:190} INFO - [2025-08-26T19:04:53.593+0000] {dag.py:3239} INFO - Sync 1 DAGs
[2025-08-26T19:04:53.598+0000] {logging_mixin.py:190} INFO - [2025-08-26T19:04:53.598+0000] {dag.py:4180} INFO - Setting next_dagrun for example_task_group to None, run_after=None
[2025-08-26T19:04:53.604+0000] {processor.py:208} INFO - Processing /home/airflow/.local/lib/python3.12/site-packages/airflow/example_dags/example_task_group.py took 0.028 seconds
[2025-08-26T19:05:24.298+0000] {processor.py:186} INFO - Started process (PID=2797) to work on /home/airflow/.local/lib/python3.12/site-packages/airflow/example_dags/example_task_group.py
[2025-08-26T19:05:24.299+0000] {processor.py:914} INFO - Processing file /home/airflow/.local/lib/python3.12/site-packages/airflow/example_dags/example_task_group.py for tasks to queue
[2025-08-26T19:05:24.300+0000] {logging_mixin.py:190} INFO - [2025-08-26T19:05:24.300+0000] {dagbag.py:588} INFO - Filling up the DagBag from /home/airflow/.local/lib/python3.12/site-packages/airflow/example_dags/example_task_group.py
[2025-08-26T19:05:24.304+0000] {processor.py:925} INFO - DAG(s) 'example_task_group' retrieved from /home/airflow/.local/lib/python3.12/site-packages/airflow/example_dags/example_task_group.py
[2025-08-26T19:05:24.312+0000] {logging_mixin.py:190} INFO - [2025-08-26T19:05:24.312+0000] {dag.py:3239} INFO - Sync 1 DAGs
[2025-08-26T19:05:24.317+0000] {logging_mixin.py:190} INFO - [2025-08-26T19:05:24.317+0000] {dag.py:4180} INFO - Setting next_dagrun for example_task_group to None, run_after=None
[2025-08-26T19:05:24.323+0000] {processor.py:208} INFO - Processing /home/airflow/.local/lib/python3.12/site-packages/airflow/example_dags/example_task_group.py took 0.028 seconds
[2025-08-26T19:05:55.019+0000] {processor.py:186} INFO - Started process (PID=2860) to work on /home/airflow/.local/lib/python3.12/site-packages/airflow/example_dags/example_task_group.py
[2025-08-26T19:05:55.020+0000] {processor.py:914} INFO - Processing file /home/airflow/.local/lib/python3.12/site-packages/airflow/example_dags/example_task_group.py for tasks to queue
[2025-08-26T19:05:55.021+0000] {logging_mixin.py:190} INFO - [2025-08-26T19:05:55.021+0000] {dagbag.py:588} INFO - Filling up the DagBag from /home/airflow/.local/lib/python3.12/site-packages/airflow/example_dags/example_task_group.py
[2025-08-26T19:05:55.024+0000] {processor.py:925} INFO - DAG(s) 'example_task_group' retrieved from /home/airflow/.local/lib/python3.12/site-packages/airflow/example_dags/example_task_group.py
[2025-08-26T19:05:55.032+0000] {logging_mixin.py:190} INFO - [2025-08-26T19:05:55.032+0000] {dag.py:3239} INFO - Sync 1 DAGs
[2025-08-26T19:05:55.037+0000] {logging_mixin.py:190} INFO - [2025-08-26T19:05:55.037+0000] {dag.py:4180} INFO - Setting next_dagrun for example_task_group to None, run_after=None
[2025-08-26T19:05:55.047+0000] {processor.py:208} INFO - Processing /home/airflow/.local/lib/python3.12/site-packages/airflow/example_dags/example_task_group.py took 0.030 seconds
[2025-08-26T19:06:25.681+0000] {processor.py:186} INFO - Started process (PID=2923) to work on /home/airflow/.local/lib/python3.12/site-packages/airflow/example_dags/example_task_group.py
[2025-08-26T19:06:25.682+0000] {processor.py:914} INFO - Processing file /home/airflow/.local/lib/python3.12/site-packages/airflow/example_dags/example_task_group.py for tasks to queue
[2025-08-26T19:06:25.683+0000] {logging_mixin.py:190} INFO - [2025-08-26T19:06:25.683+0000] {dagbag.py:588} INFO - Filling up the DagBag from /home/airflow/.local/lib/python3.12/site-packages/airflow/example_dags/example_task_group.py
[2025-08-26T19:06:25.687+0000] {processor.py:925} INFO - DAG(s) 'example_task_group' retrieved from /home/airflow/.local/lib/python3.12/site-packages/airflow/example_dags/example_task_group.py
[2025-08-26T19:06:25.695+0000] {logging_mixin.py:190} INFO - [2025-08-26T19:06:25.695+0000] {dag.py:3239} INFO - Sync 1 DAGs
[2025-08-26T19:06:25.699+0000] {logging_mixin.py:190} INFO - [2025-08-26T19:06:25.699+0000] {dag.py:4180} INFO - Setting next_dagrun for example_task_group to None, run_after=None
[2025-08-26T19:06:25.709+0000] {processor.py:208} INFO - Processing /home/airflow/.local/lib/python3.12/site-packages/airflow/example_dags/example_task_group.py took 0.030 seconds
[2025-08-26T19:06:56.290+0000] {processor.py:186} INFO - Started process (PID=2986) to work on /home/airflow/.local/lib/python3.12/site-packages/airflow/example_dags/example_task_group.py
[2025-08-26T19:06:56.294+0000] {processor.py:914} INFO - Processing file /home/airflow/.local/lib/python3.12/site-packages/airflow/example_dags/example_task_group.py for tasks to queue
[2025-08-26T19:06:56.295+0000] {logging_mixin.py:190} INFO - [2025-08-26T19:06:56.295+0000] {dagbag.py:588} INFO - Filling up the DagBag from /home/airflow/.local/lib/python3.12/site-packages/airflow/example_dags/example_task_group.py
[2025-08-26T19:06:56.299+0000] {processor.py:925} INFO - DAG(s) 'example_task_group' retrieved from /home/airflow/.local/lib/python3.12/site-packages/airflow/example_dags/example_task_group.py
[2025-08-26T19:06:56.313+0000] {logging_mixin.py:190} INFO - [2025-08-26T19:06:56.313+0000] {dag.py:3239} INFO - Sync 1 DAGs
[2025-08-26T19:06:56.318+0000] {logging_mixin.py:190} INFO - [2025-08-26T19:06:56.318+0000] {dag.py:4180} INFO - Setting next_dagrun for example_task_group to None, run_after=None
[2025-08-26T19:06:56.324+0000] {processor.py:208} INFO - Processing /home/airflow/.local/lib/python3.12/site-packages/airflow/example_dags/example_task_group.py took 0.036 seconds
[2025-08-26T19:07:27.061+0000] {processor.py:186} INFO - Started process (PID=3049) to work on /home/airflow/.local/lib/python3.12/site-packages/airflow/example_dags/example_task_group.py
[2025-08-26T19:07:27.063+0000] {processor.py:914} INFO - Processing file /home/airflow/.local/lib/python3.12/site-packages/airflow/example_dags/example_task_group.py for tasks to queue
[2025-08-26T19:07:27.064+0000] {logging_mixin.py:190} INFO - [2025-08-26T19:07:27.064+0000] {dagbag.py:588} INFO - Filling up the DagBag from /home/airflow/.local/lib/python3.12/site-packages/airflow/example_dags/example_task_group.py
[2025-08-26T19:07:27.067+0000] {processor.py:925} INFO - DAG(s) 'example_task_group' retrieved from /home/airflow/.local/lib/python3.12/site-packages/airflow/example_dags/example_task_group.py
[2025-08-26T19:07:27.075+0000] {logging_mixin.py:190} INFO - [2025-08-26T19:07:27.075+0000] {dag.py:3239} INFO - Sync 1 DAGs
[2025-08-26T19:07:27.080+0000] {logging_mixin.py:190} INFO - [2025-08-26T19:07:27.080+0000] {dag.py:4180} INFO - Setting next_dagrun for example_task_group to None, run_after=None
[2025-08-26T19:07:27.085+0000] {processor.py:208} INFO - Processing /home/airflow/.local/lib/python3.12/site-packages/airflow/example_dags/example_task_group.py took 0.027 seconds
[2025-08-26T19:07:57.692+0000] {processor.py:186} INFO - Started process (PID=3112) to work on /home/airflow/.local/lib/python3.12/site-packages/airflow/example_dags/example_task_group.py
[2025-08-26T19:07:57.692+0000] {processor.py:914} INFO - Processing file /home/airflow/.local/lib/python3.12/site-packages/airflow/example_dags/example_task_group.py for tasks to queue
[2025-08-26T19:07:57.693+0000] {logging_mixin.py:190} INFO - [2025-08-26T19:07:57.693+0000] {dagbag.py:588} INFO - Filling up the DagBag from /home/airflow/.local/lib/python3.12/site-packages/airflow/example_dags/example_task_group.py
[2025-08-26T19:07:57.697+0000] {processor.py:925} INFO - DAG(s) 'example_task_group' retrieved from /home/airflow/.local/lib/python3.12/site-packages/airflow/example_dags/example_task_group.py
[2025-08-26T19:07:57.706+0000] {logging_mixin.py:190} INFO - [2025-08-26T19:07:57.706+0000] {dag.py:3239} INFO - Sync 1 DAGs
[2025-08-26T19:07:57.710+0000] {logging_mixin.py:190} INFO - [2025-08-26T19:07:57.710+0000] {dag.py:4180} INFO - Setting next_dagrun for example_task_group to None, run_after=None
[2025-08-26T19:07:57.716+0000] {processor.py:208} INFO - Processing /home/airflow/.local/lib/python3.12/site-packages/airflow/example_dags/example_task_group.py took 0.026 seconds
[2025-08-26T19:08:28.305+0000] {processor.py:186} INFO - Started process (PID=3175) to work on /home/airflow/.local/lib/python3.12/site-packages/airflow/example_dags/example_task_group.py
[2025-08-26T19:08:28.306+0000] {processor.py:914} INFO - Processing file /home/airflow/.local/lib/python3.12/site-packages/airflow/example_dags/example_task_group.py for tasks to queue
[2025-08-26T19:08:28.307+0000] {logging_mixin.py:190} INFO - [2025-08-26T19:08:28.307+0000] {dagbag.py:588} INFO - Filling up the DagBag from /home/airflow/.local/lib/python3.12/site-packages/airflow/example_dags/example_task_group.py
[2025-08-26T19:08:28.310+0000] {processor.py:925} INFO - DAG(s) 'example_task_group' retrieved from /home/airflow/.local/lib/python3.12/site-packages/airflow/example_dags/example_task_group.py
[2025-08-26T19:08:28.318+0000] {logging_mixin.py:190} INFO - [2025-08-26T19:08:28.317+0000] {dag.py:3239} INFO - Sync 1 DAGs
[2025-08-26T19:08:28.322+0000] {logging_mixin.py:190} INFO - [2025-08-26T19:08:28.322+0000] {dag.py:4180} INFO - Setting next_dagrun for example_task_group to None, run_after=None
[2025-08-26T19:08:28.332+0000] {processor.py:208} INFO - Processing /home/airflow/.local/lib/python3.12/site-packages/airflow/example_dags/example_task_group.py took 0.029 seconds
[2025-08-26T19:08:59.014+0000] {processor.py:186} INFO - Started process (PID=3238) to work on /home/airflow/.local/lib/python3.12/site-packages/airflow/example_dags/example_task_group.py
[2025-08-26T19:08:59.015+0000] {processor.py:914} INFO - Processing file /home/airflow/.local/lib/python3.12/site-packages/airflow/example_dags/example_task_group.py for tasks to queue
[2025-08-26T19:08:59.016+0000] {logging_mixin.py:190} INFO - [2025-08-26T19:08:59.016+0000] {dagbag.py:588} INFO - Filling up the DagBag from /home/airflow/.local/lib/python3.12/site-packages/airflow/example_dags/example_task_group.py
[2025-08-26T19:08:59.020+0000] {processor.py:925} INFO - DAG(s) 'example_task_group' retrieved from /home/airflow/.local/lib/python3.12/site-packages/airflow/example_dags/example_task_group.py
[2025-08-26T19:08:59.029+0000] {logging_mixin.py:190} INFO - [2025-08-26T19:08:59.028+0000] {dag.py:3239} INFO - Sync 1 DAGs
[2025-08-26T19:08:59.033+0000] {logging_mixin.py:190} INFO - [2025-08-26T19:08:59.033+0000] {dag.py:4180} INFO - Setting next_dagrun for example_task_group to None, run_after=None
[2025-08-26T19:08:59.039+0000] {processor.py:208} INFO - Processing /home/airflow/.local/lib/python3.12/site-packages/airflow/example_dags/example_task_group.py took 0.027 seconds
[2025-08-26T19:09:29.725+0000] {processor.py:186} INFO - Started process (PID=3301) to work on /home/airflow/.local/lib/python3.12/site-packages/airflow/example_dags/example_task_group.py
[2025-08-26T19:09:29.725+0000] {processor.py:914} INFO - Processing file /home/airflow/.local/lib/python3.12/site-packages/airflow/example_dags/example_task_group.py for tasks to queue
[2025-08-26T19:09:29.726+0000] {logging_mixin.py:190} INFO - [2025-08-26T19:09:29.726+0000] {dagbag.py:588} INFO - Filling up the DagBag from /home/airflow/.local/lib/python3.12/site-packages/airflow/example_dags/example_task_group.py
[2025-08-26T19:09:29.729+0000] {processor.py:925} INFO - DAG(s) 'example_task_group' retrieved from /home/airflow/.local/lib/python3.12/site-packages/airflow/example_dags/example_task_group.py
[2025-08-26T19:09:29.737+0000] {logging_mixin.py:190} INFO - [2025-08-26T19:09:29.737+0000] {dag.py:3239} INFO - Sync 1 DAGs
[2025-08-26T19:09:29.742+0000] {logging_mixin.py:190} INFO - [2025-08-26T19:09:29.742+0000] {dag.py:4180} INFO - Setting next_dagrun for example_task_group to None, run_after=None
[2025-08-26T19:09:29.748+0000] {processor.py:208} INFO - Processing /home/airflow/.local/lib/python3.12/site-packages/airflow/example_dags/example_task_group.py took 0.025 seconds
[2025-08-26T19:10:00.454+0000] {processor.py:186} INFO - Started process (PID=3364) to work on /home/airflow/.local/lib/python3.12/site-packages/airflow/example_dags/example_task_group.py
[2025-08-26T19:10:00.454+0000] {processor.py:914} INFO - Processing file /home/airflow/.local/lib/python3.12/site-packages/airflow/example_dags/example_task_group.py for tasks to queue
[2025-08-26T19:10:00.455+0000] {logging_mixin.py:190} INFO - [2025-08-26T19:10:00.455+0000] {dagbag.py:588} INFO - Filling up the DagBag from /home/airflow/.local/lib/python3.12/site-packages/airflow/example_dags/example_task_group.py
[2025-08-26T19:10:00.458+0000] {processor.py:925} INFO - DAG(s) 'example_task_group' retrieved from /home/airflow/.local/lib/python3.12/site-packages/airflow/example_dags/example_task_group.py
[2025-08-26T19:10:00.465+0000] {logging_mixin.py:190} INFO - [2025-08-26T19:10:00.465+0000] {dag.py:3239} INFO - Sync 1 DAGs
[2025-08-26T19:10:00.470+0000] {logging_mixin.py:190} INFO - [2025-08-26T19:10:00.470+0000] {dag.py:4180} INFO - Setting next_dagrun for example_task_group to None, run_after=None
[2025-08-26T19:10:00.478+0000] {processor.py:208} INFO - Processing /home/airflow/.local/lib/python3.12/site-packages/airflow/example_dags/example_task_group.py took 0.026 seconds
[2025-08-26T19:10:31.243+0000] {processor.py:186} INFO - Started process (PID=3427) to work on /home/airflow/.local/lib/python3.12/site-packages/airflow/example_dags/example_task_group.py
[2025-08-26T19:10:31.243+0000] {processor.py:914} INFO - Processing file /home/airflow/.local/lib/python3.12/site-packages/airflow/example_dags/example_task_group.py for tasks to queue
[2025-08-26T19:10:31.244+0000] {logging_mixin.py:190} INFO - [2025-08-26T19:10:31.244+0000] {dagbag.py:588} INFO - Filling up the DagBag from /home/airflow/.local/lib/python3.12/site-packages/airflow/example_dags/example_task_group.py
[2025-08-26T19:10:31.247+0000] {processor.py:925} INFO - DAG(s) 'example_task_group' retrieved from /home/airflow/.local/lib/python3.12/site-packages/airflow/example_dags/example_task_group.py
[2025-08-26T19:10:31.256+0000] {logging_mixin.py:190} INFO - [2025-08-26T19:10:31.256+0000] {dag.py:3239} INFO - Sync 1 DAGs
[2025-08-26T19:10:31.260+0000] {logging_mixin.py:190} INFO - [2025-08-26T19:10:31.260+0000] {dag.py:4180} INFO - Setting next_dagrun for example_task_group to None, run_after=None
[2025-08-26T19:10:31.268+0000] {processor.py:208} INFO - Processing /home/airflow/.local/lib/python3.12/site-packages/airflow/example_dags/example_task_group.py took 0.027 seconds
[2025-08-26T19:11:01.972+0000] {processor.py:186} INFO - Started process (PID=3490) to work on /home/airflow/.local/lib/python3.12/site-packages/airflow/example_dags/example_task_group.py
[2025-08-26T19:11:01.974+0000] {processor.py:914} INFO - Processing file /home/airflow/.local/lib/python3.12/site-packages/airflow/example_dags/example_task_group.py for tasks to queue
[2025-08-26T19:11:01.975+0000] {logging_mixin.py:190} INFO - [2025-08-26T19:11:01.975+0000] {dagbag.py:588} INFO - Filling up the DagBag from /home/airflow/.local/lib/python3.12/site-packages/airflow/example_dags/example_task_group.py
[2025-08-26T19:11:01.980+0000] {processor.py:925} INFO - DAG(s) 'example_task_group' retrieved from /home/airflow/.local/lib/python3.12/site-packages/airflow/example_dags/example_task_group.py
[2025-08-26T19:11:01.987+0000] {logging_mixin.py:190} INFO - [2025-08-26T19:11:01.987+0000] {dag.py:3239} INFO - Sync 1 DAGs
[2025-08-26T19:11:01.992+0000] {logging_mixin.py:190} INFO - [2025-08-26T19:11:01.992+0000] {dag.py:4180} INFO - Setting next_dagrun for example_task_group to None, run_after=None
[2025-08-26T19:11:02.000+0000] {processor.py:208} INFO - Processing /home/airflow/.local/lib/python3.12/site-packages/airflow/example_dags/example_task_group.py took 0.030 seconds
[2025-08-26T19:11:32.811+0000] {processor.py:186} INFO - Started process (PID=3553) to work on /home/airflow/.local/lib/python3.12/site-packages/airflow/example_dags/example_task_group.py
[2025-08-26T19:11:32.811+0000] {processor.py:914} INFO - Processing file /home/airflow/.local/lib/python3.12/site-packages/airflow/example_dags/example_task_group.py for tasks to queue
[2025-08-26T19:11:32.814+0000] {logging_mixin.py:190} INFO - [2025-08-26T19:11:32.814+0000] {dagbag.py:588} INFO - Filling up the DagBag from /home/airflow/.local/lib/python3.12/site-packages/airflow/example_dags/example_task_group.py
[2025-08-26T19:11:32.817+0000] {processor.py:925} INFO - DAG(s) 'example_task_group' retrieved from /home/airflow/.local/lib/python3.12/site-packages/airflow/example_dags/example_task_group.py
[2025-08-26T19:11:32.826+0000] {logging_mixin.py:190} INFO - [2025-08-26T19:11:32.826+0000] {dag.py:3239} INFO - Sync 1 DAGs
[2025-08-26T19:11:32.831+0000] {logging_mixin.py:190} INFO - [2025-08-26T19:11:32.831+0000] {dag.py:4180} INFO - Setting next_dagrun for example_task_group to None, run_after=None
[2025-08-26T19:11:32.845+0000] {processor.py:208} INFO - Processing /home/airflow/.local/lib/python3.12/site-packages/airflow/example_dags/example_task_group.py took 0.036 seconds
[2025-08-26T19:12:03.549+0000] {processor.py:186} INFO - Started process (PID=3616) to work on /home/airflow/.local/lib/python3.12/site-packages/airflow/example_dags/example_task_group.py
[2025-08-26T19:12:03.552+0000] {processor.py:914} INFO - Processing file /home/airflow/.local/lib/python3.12/site-packages/airflow/example_dags/example_task_group.py for tasks to queue
[2025-08-26T19:12:03.553+0000] {logging_mixin.py:190} INFO - [2025-08-26T19:12:03.553+0000] {dagbag.py:588} INFO - Filling up the DagBag from /home/airflow/.local/lib/python3.12/site-packages/airflow/example_dags/example_task_group.py
[2025-08-26T19:12:03.556+0000] {processor.py:925} INFO - DAG(s) 'example_task_group' retrieved from /home/airflow/.local/lib/python3.12/site-packages/airflow/example_dags/example_task_group.py
[2025-08-26T19:12:03.564+0000] {logging_mixin.py:190} INFO - [2025-08-26T19:12:03.564+0000] {dag.py:3239} INFO - Sync 1 DAGs
[2025-08-26T19:12:03.569+0000] {logging_mixin.py:190} INFO - [2025-08-26T19:12:03.569+0000] {dag.py:4180} INFO - Setting next_dagrun for example_task_group to None, run_after=None
[2025-08-26T19:12:03.575+0000] {processor.py:208} INFO - Processing /home/airflow/.local/lib/python3.12/site-packages/airflow/example_dags/example_task_group.py took 0.028 seconds
[2025-08-26T19:12:34.384+0000] {processor.py:186} INFO - Started process (PID=3679) to work on /home/airflow/.local/lib/python3.12/site-packages/airflow/example_dags/example_task_group.py
[2025-08-26T19:12:34.385+0000] {processor.py:914} INFO - Processing file /home/airflow/.local/lib/python3.12/site-packages/airflow/example_dags/example_task_group.py for tasks to queue
[2025-08-26T19:12:34.388+0000] {logging_mixin.py:190} INFO - [2025-08-26T19:12:34.387+0000] {dagbag.py:588} INFO - Filling up the DagBag from /home/airflow/.local/lib/python3.12/site-packages/airflow/example_dags/example_task_group.py
[2025-08-26T19:12:34.392+0000] {processor.py:925} INFO - DAG(s) 'example_task_group' retrieved from /home/airflow/.local/lib/python3.12/site-packages/airflow/example_dags/example_task_group.py
[2025-08-26T19:12:34.400+0000] {logging_mixin.py:190} INFO - [2025-08-26T19:12:34.400+0000] {dag.py:3239} INFO - Sync 1 DAGs
[2025-08-26T19:12:34.406+0000] {logging_mixin.py:190} INFO - [2025-08-26T19:12:34.406+0000] {dag.py:4180} INFO - Setting next_dagrun for example_task_group to None, run_after=None
[2025-08-26T19:12:34.412+0000] {processor.py:208} INFO - Processing /home/airflow/.local/lib/python3.12/site-packages/airflow/example_dags/example_task_group.py took 0.030 seconds
[2025-08-26T19:13:05.353+0000] {processor.py:186} INFO - Started process (PID=3742) to work on /home/airflow/.local/lib/python3.12/site-packages/airflow/example_dags/example_task_group.py
[2025-08-26T19:13:05.354+0000] {processor.py:914} INFO - Processing file /home/airflow/.local/lib/python3.12/site-packages/airflow/example_dags/example_task_group.py for tasks to queue
[2025-08-26T19:13:05.355+0000] {logging_mixin.py:190} INFO - [2025-08-26T19:13:05.355+0000] {dagbag.py:588} INFO - Filling up the DagBag from /home/airflow/.local/lib/python3.12/site-packages/airflow/example_dags/example_task_group.py
[2025-08-26T19:13:05.359+0000] {processor.py:925} INFO - DAG(s) 'example_task_group' retrieved from /home/airflow/.local/lib/python3.12/site-packages/airflow/example_dags/example_task_group.py
[2025-08-26T19:13:05.369+0000] {logging_mixin.py:190} INFO - [2025-08-26T19:13:05.369+0000] {dag.py:3239} INFO - Sync 1 DAGs
[2025-08-26T19:13:05.374+0000] {logging_mixin.py:190} INFO - [2025-08-26T19:13:05.374+0000] {dag.py:4180} INFO - Setting next_dagrun for example_task_group to None, run_after=None
[2025-08-26T19:13:05.380+0000] {processor.py:208} INFO - Processing /home/airflow/.local/lib/python3.12/site-packages/airflow/example_dags/example_task_group.py took 0.031 seconds
[2025-08-26T19:13:36.273+0000] {processor.py:186} INFO - Started process (PID=3805) to work on /home/airflow/.local/lib/python3.12/site-packages/airflow/example_dags/example_task_group.py
[2025-08-26T19:13:36.274+0000] {processor.py:914} INFO - Processing file /home/airflow/.local/lib/python3.12/site-packages/airflow/example_dags/example_task_group.py for tasks to queue
[2025-08-26T19:13:36.275+0000] {logging_mixin.py:190} INFO - [2025-08-26T19:13:36.275+0000] {dagbag.py:588} INFO - Filling up the DagBag from /home/airflow/.local/lib/python3.12/site-packages/airflow/example_dags/example_task_group.py
[2025-08-26T19:13:36.280+0000] {processor.py:925} INFO - DAG(s) 'example_task_group' retrieved from /home/airflow/.local/lib/python3.12/site-packages/airflow/example_dags/example_task_group.py
[2025-08-26T19:13:36.288+0000] {logging_mixin.py:190} INFO - [2025-08-26T19:13:36.288+0000] {dag.py:3239} INFO - Sync 1 DAGs
[2025-08-26T19:13:36.293+0000] {logging_mixin.py:190} INFO - [2025-08-26T19:13:36.293+0000] {dag.py:4180} INFO - Setting next_dagrun for example_task_group to None, run_after=None
[2025-08-26T19:13:36.299+0000] {processor.py:208} INFO - Processing /home/airflow/.local/lib/python3.12/site-packages/airflow/example_dags/example_task_group.py took 0.028 seconds
[2025-08-26T19:14:07.164+0000] {processor.py:186} INFO - Started process (PID=3868) to work on /home/airflow/.local/lib/python3.12/site-packages/airflow/example_dags/example_task_group.py
[2025-08-26T19:14:07.165+0000] {processor.py:914} INFO - Processing file /home/airflow/.local/lib/python3.12/site-packages/airflow/example_dags/example_task_group.py for tasks to queue
[2025-08-26T19:14:07.166+0000] {logging_mixin.py:190} INFO - [2025-08-26T19:14:07.165+0000] {dagbag.py:588} INFO - Filling up the DagBag from /home/airflow/.local/lib/python3.12/site-packages/airflow/example_dags/example_task_group.py
[2025-08-26T19:14:07.169+0000] {processor.py:925} INFO - DAG(s) 'example_task_group' retrieved from /home/airflow/.local/lib/python3.12/site-packages/airflow/example_dags/example_task_group.py
[2025-08-26T19:14:07.178+0000] {logging_mixin.py:190} INFO - [2025-08-26T19:14:07.178+0000] {dag.py:3239} INFO - Sync 1 DAGs
[2025-08-26T19:14:07.184+0000] {logging_mixin.py:190} INFO - [2025-08-26T19:14:07.184+0000] {dag.py:4180} INFO - Setting next_dagrun for example_task_group to None, run_after=None
[2025-08-26T19:14:07.191+0000] {processor.py:208} INFO - Processing /home/airflow/.local/lib/python3.12/site-packages/airflow/example_dags/example_task_group.py took 0.029 seconds
[2025-08-26T19:14:38.236+0000] {processor.py:186} INFO - Started process (PID=3931) to work on /home/airflow/.local/lib/python3.12/site-packages/airflow/example_dags/example_task_group.py
[2025-08-26T19:14:38.236+0000] {processor.py:914} INFO - Processing file /home/airflow/.local/lib/python3.12/site-packages/airflow/example_dags/example_task_group.py for tasks to queue
[2025-08-26T19:14:38.237+0000] {logging_mixin.py:190} INFO - [2025-08-26T19:14:38.237+0000] {dagbag.py:588} INFO - Filling up the DagBag from /home/airflow/.local/lib/python3.12/site-packages/airflow/example_dags/example_task_group.py
[2025-08-26T19:14:38.241+0000] {processor.py:925} INFO - DAG(s) 'example_task_group' retrieved from /home/airflow/.local/lib/python3.12/site-packages/airflow/example_dags/example_task_group.py
[2025-08-26T19:14:38.249+0000] {logging_mixin.py:190} INFO - [2025-08-26T19:14:38.249+0000] {dag.py:3239} INFO - Sync 1 DAGs
[2025-08-26T19:14:38.254+0000] {logging_mixin.py:190} INFO - [2025-08-26T19:14:38.254+0000] {dag.py:4180} INFO - Setting next_dagrun for example_task_group to None, run_after=None
[2025-08-26T19:14:38.260+0000] {processor.py:208} INFO - Processing /home/airflow/.local/lib/python3.12/site-packages/airflow/example_dags/example_task_group.py took 0.027 seconds
