[2025-08-26T15:43:48.707+0000] {processor.py:186} INFO - Started process (PID=50) to work on /home/airflow/.local/lib/python3.12/site-packages/airflow/example_dags/example_xcomargs.py
[2025-08-26T15:43:48.707+0000] {processor.py:914} INFO - Processing file /home/airflow/.local/lib/python3.12/site-packages/airflow/example_dags/example_xcomargs.py for tasks to queue
[2025-08-26T15:43:48.708+0000] {logging_mixin.py:190} INFO - [2025-08-26T15:43:48.708+0000] {dagbag.py:588} INFO - Filling up the DagBag from /home/airflow/.local/lib/python3.12/site-packages/airflow/example_dags/example_xcomargs.py
[2025-08-26T15:43:48.718+0000] {processor.py:925} INFO - DAG(s) 'example_xcom_args', 'example_xcom_args_with_operators' retrieved from /home/airflow/.local/lib/python3.12/site-packages/airflow/example_dags/example_xcomargs.py
[2025-08-26T15:43:48.755+0000] {logging_mixin.py:190} INFO - [2025-08-26T15:43:48.755+0000] {override.py:1900} INFO - Created Permission View: can edit on DAG:example_xcom_args
[2025-08-26T15:43:48.758+0000] {logging_mixin.py:190} INFO - [2025-08-26T15:43:48.757+0000] {override.py:1900} INFO - Created Permission View: can delete on DAG:example_xcom_args
[2025-08-26T15:43:48.759+0000] {logging_mixin.py:190} INFO - [2025-08-26T15:43:48.759+0000] {override.py:1900} INFO - Created Permission View: can read on DAG:example_xcom_args
[2025-08-26T15:43:48.761+0000] {logging_mixin.py:190} INFO - [2025-08-26T15:43:48.761+0000] {override.py:1900} INFO - Created Permission View: can create on DAG Run:example_xcom_args
[2025-08-26T15:43:48.763+0000] {logging_mixin.py:190} INFO - [2025-08-26T15:43:48.763+0000] {override.py:1900} INFO - Created Permission View: can delete on DAG Run:example_xcom_args
[2025-08-26T15:43:48.765+0000] {logging_mixin.py:190} INFO - [2025-08-26T15:43:48.765+0000] {override.py:1900} INFO - Created Permission View: menu access on DAG Run:example_xcom_args
[2025-08-26T15:43:48.767+0000] {logging_mixin.py:190} INFO - [2025-08-26T15:43:48.767+0000] {override.py:1900} INFO - Created Permission View: can read on DAG Run:example_xcom_args
[2025-08-26T15:43:48.770+0000] {logging_mixin.py:190} INFO - [2025-08-26T15:43:48.770+0000] {override.py:1900} INFO - Created Permission View: can edit on DAG:example_xcom_args_with_operators
[2025-08-26T15:43:48.772+0000] {logging_mixin.py:190} INFO - [2025-08-26T15:43:48.772+0000] {override.py:1900} INFO - Created Permission View: can delete on DAG:example_xcom_args_with_operators
[2025-08-26T15:43:48.773+0000] {logging_mixin.py:190} INFO - [2025-08-26T15:43:48.773+0000] {override.py:1900} INFO - Created Permission View: can read on DAG:example_xcom_args_with_operators
[2025-08-26T15:43:48.775+0000] {logging_mixin.py:190} INFO - [2025-08-26T15:43:48.775+0000] {override.py:1900} INFO - Created Permission View: can create on DAG Run:example_xcom_args_with_operators
[2025-08-26T15:43:48.776+0000] {logging_mixin.py:190} INFO - [2025-08-26T15:43:48.776+0000] {override.py:1900} INFO - Created Permission View: can delete on DAG Run:example_xcom_args_with_operators
[2025-08-26T15:43:48.779+0000] {logging_mixin.py:190} INFO - [2025-08-26T15:43:48.779+0000] {override.py:1900} INFO - Created Permission View: menu access on DAG Run:example_xcom_args_with_operators
[2025-08-26T15:43:48.781+0000] {logging_mixin.py:190} INFO - [2025-08-26T15:43:48.781+0000] {override.py:1900} INFO - Created Permission View: can read on DAG Run:example_xcom_args_with_operators
[2025-08-26T15:43:48.782+0000] {logging_mixin.py:190} INFO - [2025-08-26T15:43:48.782+0000] {dag.py:3239} INFO - Sync 2 DAGs
[2025-08-26T15:43:48.789+0000] {logging_mixin.py:190} INFO - [2025-08-26T15:43:48.789+0000] {dag.py:3262} INFO - Creating ORM DAG for example_xcom_args
[2025-08-26T15:43:48.789+0000] {logging_mixin.py:190} INFO - [2025-08-26T15:43:48.789+0000] {dag.py:3262} INFO - Creating ORM DAG for example_xcom_args_with_operators
[2025-08-26T15:43:48.790+0000] {logging_mixin.py:190} INFO - [2025-08-26T15:43:48.790+0000] {dag.py:4180} INFO - Setting next_dagrun for example_xcom_args to None, run_after=None
[2025-08-26T15:43:48.790+0000] {logging_mixin.py:190} INFO - [2025-08-26T15:43:48.790+0000] {dag.py:4180} INFO - Setting next_dagrun for example_xcom_args_with_operators to None, run_after=None
[2025-08-26T15:43:48.798+0000] {processor.py:208} INFO - Processing /home/airflow/.local/lib/python3.12/site-packages/airflow/example_dags/example_xcomargs.py took 0.093 seconds
[2025-08-26T15:44:18.874+0000] {processor.py:186} INFO - Started process (PID=112) to work on /home/airflow/.local/lib/python3.12/site-packages/airflow/example_dags/example_xcomargs.py
[2025-08-26T15:44:18.874+0000] {processor.py:914} INFO - Processing file /home/airflow/.local/lib/python3.12/site-packages/airflow/example_dags/example_xcomargs.py for tasks to queue
[2025-08-26T15:44:18.875+0000] {logging_mixin.py:190} INFO - [2025-08-26T15:44:18.875+0000] {dagbag.py:588} INFO - Filling up the DagBag from /home/airflow/.local/lib/python3.12/site-packages/airflow/example_dags/example_xcomargs.py
[2025-08-26T15:44:18.879+0000] {processor.py:925} INFO - DAG(s) 'example_xcom_args_with_operators', 'example_xcom_args' retrieved from /home/airflow/.local/lib/python3.12/site-packages/airflow/example_dags/example_xcomargs.py
[2025-08-26T15:44:18.890+0000] {logging_mixin.py:190} INFO - [2025-08-26T15:44:18.890+0000] {dag.py:3239} INFO - Sync 2 DAGs
[2025-08-26T15:44:18.895+0000] {logging_mixin.py:190} INFO - [2025-08-26T15:44:18.895+0000] {dag.py:4180} INFO - Setting next_dagrun for example_xcom_args to None, run_after=None
[2025-08-26T15:44:18.896+0000] {logging_mixin.py:190} INFO - [2025-08-26T15:44:18.896+0000] {dag.py:4180} INFO - Setting next_dagrun for example_xcom_args_with_operators to None, run_after=None
[2025-08-26T15:44:18.903+0000] {processor.py:208} INFO - Processing /home/airflow/.local/lib/python3.12/site-packages/airflow/example_dags/example_xcomargs.py took 0.032 seconds
[2025-08-26T15:44:49.536+0000] {processor.py:186} INFO - Started process (PID=181) to work on /home/airflow/.local/lib/python3.12/site-packages/airflow/example_dags/example_xcomargs.py
[2025-08-26T15:44:49.537+0000] {processor.py:914} INFO - Processing file /home/airflow/.local/lib/python3.12/site-packages/airflow/example_dags/example_xcomargs.py for tasks to queue
[2025-08-26T15:44:49.537+0000] {logging_mixin.py:190} INFO - [2025-08-26T15:44:49.537+0000] {dagbag.py:588} INFO - Filling up the DagBag from /home/airflow/.local/lib/python3.12/site-packages/airflow/example_dags/example_xcomargs.py
[2025-08-26T15:44:49.541+0000] {processor.py:925} INFO - DAG(s) 'example_xcom_args_with_operators', 'example_xcom_args' retrieved from /home/airflow/.local/lib/python3.12/site-packages/airflow/example_dags/example_xcomargs.py
[2025-08-26T15:44:49.549+0000] {logging_mixin.py:190} INFO - [2025-08-26T15:44:49.549+0000] {dag.py:3239} INFO - Sync 2 DAGs
[2025-08-26T15:44:49.555+0000] {logging_mixin.py:190} INFO - [2025-08-26T15:44:49.555+0000] {dag.py:4180} INFO - Setting next_dagrun for example_xcom_args to None, run_after=None
[2025-08-26T15:44:49.559+0000] {logging_mixin.py:190} INFO - [2025-08-26T15:44:49.558+0000] {dag.py:4180} INFO - Setting next_dagrun for example_xcom_args_with_operators to None, run_after=None
[2025-08-26T15:44:49.566+0000] {processor.py:208} INFO - Processing /home/airflow/.local/lib/python3.12/site-packages/airflow/example_dags/example_xcomargs.py took 0.033 seconds
[2025-08-26T15:45:20.380+0000] {processor.py:186} INFO - Started process (PID=244) to work on /home/airflow/.local/lib/python3.12/site-packages/airflow/example_dags/example_xcomargs.py
[2025-08-26T15:45:20.381+0000] {processor.py:914} INFO - Processing file /home/airflow/.local/lib/python3.12/site-packages/airflow/example_dags/example_xcomargs.py for tasks to queue
[2025-08-26T15:45:20.382+0000] {logging_mixin.py:190} INFO - [2025-08-26T15:45:20.382+0000] {dagbag.py:588} INFO - Filling up the DagBag from /home/airflow/.local/lib/python3.12/site-packages/airflow/example_dags/example_xcomargs.py
[2025-08-26T15:45:20.386+0000] {processor.py:925} INFO - DAG(s) 'example_xcom_args_with_operators', 'example_xcom_args' retrieved from /home/airflow/.local/lib/python3.12/site-packages/airflow/example_dags/example_xcomargs.py
[2025-08-26T15:45:20.399+0000] {logging_mixin.py:190} INFO - [2025-08-26T15:45:20.398+0000] {dag.py:3239} INFO - Sync 2 DAGs
[2025-08-26T15:45:20.403+0000] {logging_mixin.py:190} INFO - [2025-08-26T15:45:20.403+0000] {dag.py:4180} INFO - Setting next_dagrun for example_xcom_args to None, run_after=None
[2025-08-26T15:45:20.404+0000] {logging_mixin.py:190} INFO - [2025-08-26T15:45:20.404+0000] {dag.py:4180} INFO - Setting next_dagrun for example_xcom_args_with_operators to None, run_after=None
[2025-08-26T15:45:20.409+0000] {processor.py:208} INFO - Processing /home/airflow/.local/lib/python3.12/site-packages/airflow/example_dags/example_xcomargs.py took 0.031 seconds
[2025-08-26T15:56:42.583+0000] {processor.py:186} INFO - Started process (PID=301) to work on /home/airflow/.local/lib/python3.12/site-packages/airflow/example_dags/example_xcomargs.py
[2025-08-26T15:56:42.583+0000] {processor.py:914} INFO - Processing file /home/airflow/.local/lib/python3.12/site-packages/airflow/example_dags/example_xcomargs.py for tasks to queue
[2025-08-26T15:56:42.584+0000] {logging_mixin.py:190} INFO - [2025-08-26T15:56:42.584+0000] {dagbag.py:588} INFO - Filling up the DagBag from /home/airflow/.local/lib/python3.12/site-packages/airflow/example_dags/example_xcomargs.py
[2025-08-26T15:56:42.587+0000] {processor.py:925} INFO - DAG(s) 'example_xcom_args_with_operators', 'example_xcom_args' retrieved from /home/airflow/.local/lib/python3.12/site-packages/airflow/example_dags/example_xcomargs.py
[2025-08-26T15:56:42.594+0000] {logging_mixin.py:190} INFO - [2025-08-26T15:56:42.594+0000] {dag.py:3239} INFO - Sync 2 DAGs
[2025-08-26T15:56:42.599+0000] {logging_mixin.py:190} INFO - [2025-08-26T15:56:42.598+0000] {dag.py:4180} INFO - Setting next_dagrun for example_xcom_args to None, run_after=None
[2025-08-26T15:56:42.600+0000] {logging_mixin.py:190} INFO - [2025-08-26T15:56:42.600+0000] {dag.py:4180} INFO - Setting next_dagrun for example_xcom_args_with_operators to None, run_after=None
[2025-08-26T15:56:42.604+0000] {processor.py:208} INFO - Processing /home/airflow/.local/lib/python3.12/site-packages/airflow/example_dags/example_xcomargs.py took 0.023 seconds
[2025-08-26T16:32:53.186+0000] {processor.py:186} INFO - Started process (PID=364) to work on /home/airflow/.local/lib/python3.12/site-packages/airflow/example_dags/example_xcomargs.py
[2025-08-26T16:32:53.187+0000] {processor.py:914} INFO - Processing file /home/airflow/.local/lib/python3.12/site-packages/airflow/example_dags/example_xcomargs.py for tasks to queue
[2025-08-26T16:32:53.188+0000] {logging_mixin.py:190} INFO - [2025-08-26T16:32:53.188+0000] {dagbag.py:588} INFO - Filling up the DagBag from /home/airflow/.local/lib/python3.12/site-packages/airflow/example_dags/example_xcomargs.py
[2025-08-26T16:32:53.193+0000] {processor.py:925} INFO - DAG(s) 'example_xcom_args_with_operators', 'example_xcom_args' retrieved from /home/airflow/.local/lib/python3.12/site-packages/airflow/example_dags/example_xcomargs.py
[2025-08-26T16:32:53.202+0000] {logging_mixin.py:190} INFO - [2025-08-26T16:32:53.202+0000] {dag.py:3239} INFO - Sync 2 DAGs
[2025-08-26T16:32:53.207+0000] {logging_mixin.py:190} INFO - [2025-08-26T16:32:53.207+0000] {dag.py:4180} INFO - Setting next_dagrun for example_xcom_args to None, run_after=None
[2025-08-26T16:32:53.208+0000] {logging_mixin.py:190} INFO - [2025-08-26T16:32:53.208+0000] {dag.py:4180} INFO - Setting next_dagrun for example_xcom_args_with_operators to None, run_after=None
[2025-08-26T16:32:53.213+0000] {processor.py:208} INFO - Processing /home/airflow/.local/lib/python3.12/site-packages/airflow/example_dags/example_xcomargs.py took 0.029 seconds
[2025-08-26T18:02:29.328+0000] {processor.py:186} INFO - Started process (PID=427) to work on /home/airflow/.local/lib/python3.12/site-packages/airflow/example_dags/example_xcomargs.py
[2025-08-26T18:02:29.328+0000] {processor.py:914} INFO - Processing file /home/airflow/.local/lib/python3.12/site-packages/airflow/example_dags/example_xcomargs.py for tasks to queue
[2025-08-26T18:02:29.329+0000] {logging_mixin.py:190} INFO - [2025-08-26T18:02:29.329+0000] {dagbag.py:588} INFO - Filling up the DagBag from /home/airflow/.local/lib/python3.12/site-packages/airflow/example_dags/example_xcomargs.py
[2025-08-26T18:02:29.334+0000] {processor.py:925} INFO - DAG(s) 'example_xcom_args', 'example_xcom_args_with_operators' retrieved from /home/airflow/.local/lib/python3.12/site-packages/airflow/example_dags/example_xcomargs.py
[2025-08-26T18:02:29.350+0000] {logging_mixin.py:190} INFO - [2025-08-26T18:02:29.350+0000] {dag.py:3239} INFO - Sync 2 DAGs
[2025-08-26T18:02:29.355+0000] {logging_mixin.py:190} INFO - [2025-08-26T18:02:29.355+0000] {dag.py:4180} INFO - Setting next_dagrun for example_xcom_args to None, run_after=None
[2025-08-26T18:02:29.361+0000] {logging_mixin.py:190} INFO - [2025-08-26T18:02:29.360+0000] {dag.py:4180} INFO - Setting next_dagrun for example_xcom_args_with_operators to None, run_after=None
[2025-08-26T18:02:29.369+0000] {processor.py:208} INFO - Processing /home/airflow/.local/lib/python3.12/site-packages/airflow/example_dags/example_xcomargs.py took 0.043 seconds
[2025-08-26T18:46:59.260+0000] {processor.py:186} INFO - Started process (PID=490) to work on /home/airflow/.local/lib/python3.12/site-packages/airflow/example_dags/example_xcomargs.py
[2025-08-26T18:46:59.261+0000] {processor.py:914} INFO - Processing file /home/airflow/.local/lib/python3.12/site-packages/airflow/example_dags/example_xcomargs.py for tasks to queue
[2025-08-26T18:46:59.262+0000] {logging_mixin.py:190} INFO - [2025-08-26T18:46:59.262+0000] {dagbag.py:588} INFO - Filling up the DagBag from /home/airflow/.local/lib/python3.12/site-packages/airflow/example_dags/example_xcomargs.py
[2025-08-26T18:46:59.269+0000] {processor.py:925} INFO - DAG(s) 'example_xcom_args', 'example_xcom_args_with_operators' retrieved from /home/airflow/.local/lib/python3.12/site-packages/airflow/example_dags/example_xcomargs.py
[2025-08-26T18:46:59.290+0000] {logging_mixin.py:190} INFO - [2025-08-26T18:46:59.290+0000] {dag.py:3239} INFO - Sync 2 DAGs
[2025-08-26T18:46:59.299+0000] {logging_mixin.py:190} INFO - [2025-08-26T18:46:59.299+0000] {dag.py:4180} INFO - Setting next_dagrun for example_xcom_args to None, run_after=None
[2025-08-26T18:46:59.301+0000] {logging_mixin.py:190} INFO - [2025-08-26T18:46:59.301+0000] {dag.py:4180} INFO - Setting next_dagrun for example_xcom_args_with_operators to None, run_after=None
[2025-08-26T18:46:59.318+0000] {processor.py:208} INFO - Processing /home/airflow/.local/lib/python3.12/site-packages/airflow/example_dags/example_xcomargs.py took 0.062 seconds
[2025-08-26T18:47:30.136+0000] {processor.py:186} INFO - Started process (PID=553) to work on /home/airflow/.local/lib/python3.12/site-packages/airflow/example_dags/example_xcomargs.py
[2025-08-26T18:47:30.137+0000] {processor.py:914} INFO - Processing file /home/airflow/.local/lib/python3.12/site-packages/airflow/example_dags/example_xcomargs.py for tasks to queue
[2025-08-26T18:47:30.139+0000] {logging_mixin.py:190} INFO - [2025-08-26T18:47:30.138+0000] {dagbag.py:588} INFO - Filling up the DagBag from /home/airflow/.local/lib/python3.12/site-packages/airflow/example_dags/example_xcomargs.py
[2025-08-26T18:47:30.145+0000] {processor.py:925} INFO - DAG(s) 'example_xcom_args', 'example_xcom_args_with_operators' retrieved from /home/airflow/.local/lib/python3.12/site-packages/airflow/example_dags/example_xcomargs.py
[2025-08-26T18:47:30.156+0000] {logging_mixin.py:190} INFO - [2025-08-26T18:47:30.156+0000] {dag.py:3239} INFO - Sync 2 DAGs
[2025-08-26T18:47:30.162+0000] {logging_mixin.py:190} INFO - [2025-08-26T18:47:30.161+0000] {dag.py:4180} INFO - Setting next_dagrun for example_xcom_args to None, run_after=None
[2025-08-26T18:47:30.163+0000] {logging_mixin.py:190} INFO - [2025-08-26T18:47:30.163+0000] {dag.py:4180} INFO - Setting next_dagrun for example_xcom_args_with_operators to None, run_after=None
[2025-08-26T18:47:30.169+0000] {processor.py:208} INFO - Processing /home/airflow/.local/lib/python3.12/site-packages/airflow/example_dags/example_xcomargs.py took 0.035 seconds
[2025-08-26T18:48:00.923+0000] {processor.py:186} INFO - Started process (PID=616) to work on /home/airflow/.local/lib/python3.12/site-packages/airflow/example_dags/example_xcomargs.py
[2025-08-26T18:48:00.923+0000] {processor.py:914} INFO - Processing file /home/airflow/.local/lib/python3.12/site-packages/airflow/example_dags/example_xcomargs.py for tasks to queue
[2025-08-26T18:48:00.924+0000] {logging_mixin.py:190} INFO - [2025-08-26T18:48:00.924+0000] {dagbag.py:588} INFO - Filling up the DagBag from /home/airflow/.local/lib/python3.12/site-packages/airflow/example_dags/example_xcomargs.py
[2025-08-26T18:48:00.928+0000] {processor.py:925} INFO - DAG(s) 'example_xcom_args_with_operators', 'example_xcom_args' retrieved from /home/airflow/.local/lib/python3.12/site-packages/airflow/example_dags/example_xcomargs.py
[2025-08-26T18:48:00.939+0000] {logging_mixin.py:190} INFO - [2025-08-26T18:48:00.938+0000] {dag.py:3239} INFO - Sync 2 DAGs
[2025-08-26T18:48:00.944+0000] {logging_mixin.py:190} INFO - [2025-08-26T18:48:00.944+0000] {dag.py:4180} INFO - Setting next_dagrun for example_xcom_args to None, run_after=None
[2025-08-26T18:48:00.947+0000] {logging_mixin.py:190} INFO - [2025-08-26T18:48:00.947+0000] {dag.py:4180} INFO - Setting next_dagrun for example_xcom_args_with_operators to None, run_after=None
[2025-08-26T18:48:00.954+0000] {processor.py:208} INFO - Processing /home/airflow/.local/lib/python3.12/site-packages/airflow/example_dags/example_xcomargs.py took 0.034 seconds
[2025-08-26T18:48:31.757+0000] {processor.py:186} INFO - Started process (PID=679) to work on /home/airflow/.local/lib/python3.12/site-packages/airflow/example_dags/example_xcomargs.py
[2025-08-26T18:48:31.758+0000] {processor.py:914} INFO - Processing file /home/airflow/.local/lib/python3.12/site-packages/airflow/example_dags/example_xcomargs.py for tasks to queue
[2025-08-26T18:48:31.759+0000] {logging_mixin.py:190} INFO - [2025-08-26T18:48:31.759+0000] {dagbag.py:588} INFO - Filling up the DagBag from /home/airflow/.local/lib/python3.12/site-packages/airflow/example_dags/example_xcomargs.py
[2025-08-26T18:48:31.764+0000] {processor.py:925} INFO - DAG(s) 'example_xcom_args', 'example_xcom_args_with_operators' retrieved from /home/airflow/.local/lib/python3.12/site-packages/airflow/example_dags/example_xcomargs.py
[2025-08-26T18:48:31.772+0000] {logging_mixin.py:190} INFO - [2025-08-26T18:48:31.772+0000] {dag.py:3239} INFO - Sync 2 DAGs
[2025-08-26T18:48:31.778+0000] {logging_mixin.py:190} INFO - [2025-08-26T18:48:31.778+0000] {dag.py:4180} INFO - Setting next_dagrun for example_xcom_args to None, run_after=None
[2025-08-26T18:48:31.779+0000] {logging_mixin.py:190} INFO - [2025-08-26T18:48:31.779+0000] {dag.py:4180} INFO - Setting next_dagrun for example_xcom_args_with_operators to None, run_after=None
[2025-08-26T18:48:31.785+0000] {processor.py:208} INFO - Processing /home/airflow/.local/lib/python3.12/site-packages/airflow/example_dags/example_xcomargs.py took 0.031 seconds
[2025-08-26T18:49:02.396+0000] {processor.py:186} INFO - Started process (PID=742) to work on /home/airflow/.local/lib/python3.12/site-packages/airflow/example_dags/example_xcomargs.py
[2025-08-26T18:49:02.397+0000] {processor.py:914} INFO - Processing file /home/airflow/.local/lib/python3.12/site-packages/airflow/example_dags/example_xcomargs.py for tasks to queue
[2025-08-26T18:49:02.398+0000] {logging_mixin.py:190} INFO - [2025-08-26T18:49:02.398+0000] {dagbag.py:588} INFO - Filling up the DagBag from /home/airflow/.local/lib/python3.12/site-packages/airflow/example_dags/example_xcomargs.py
[2025-08-26T18:49:02.405+0000] {processor.py:925} INFO - DAG(s) 'example_xcom_args', 'example_xcom_args_with_operators' retrieved from /home/airflow/.local/lib/python3.12/site-packages/airflow/example_dags/example_xcomargs.py
[2025-08-26T18:49:02.415+0000] {logging_mixin.py:190} INFO - [2025-08-26T18:49:02.414+0000] {dag.py:3239} INFO - Sync 2 DAGs
[2025-08-26T18:49:02.420+0000] {logging_mixin.py:190} INFO - [2025-08-26T18:49:02.420+0000] {dag.py:4180} INFO - Setting next_dagrun for example_xcom_args to None, run_after=None
[2025-08-26T18:49:02.421+0000] {logging_mixin.py:190} INFO - [2025-08-26T18:49:02.421+0000] {dag.py:4180} INFO - Setting next_dagrun for example_xcom_args_with_operators to None, run_after=None
[2025-08-26T18:49:02.425+0000] {processor.py:208} INFO - Processing /home/airflow/.local/lib/python3.12/site-packages/airflow/example_dags/example_xcomargs.py took 0.031 seconds
[2025-08-26T18:49:33.133+0000] {processor.py:186} INFO - Started process (PID=806) to work on /home/airflow/.local/lib/python3.12/site-packages/airflow/example_dags/example_xcomargs.py
[2025-08-26T18:49:33.134+0000] {processor.py:914} INFO - Processing file /home/airflow/.local/lib/python3.12/site-packages/airflow/example_dags/example_xcomargs.py for tasks to queue
[2025-08-26T18:49:33.135+0000] {logging_mixin.py:190} INFO - [2025-08-26T18:49:33.134+0000] {dagbag.py:588} INFO - Filling up the DagBag from /home/airflow/.local/lib/python3.12/site-packages/airflow/example_dags/example_xcomargs.py
[2025-08-26T18:49:33.141+0000] {processor.py:925} INFO - DAG(s) 'example_xcom_args_with_operators', 'example_xcom_args' retrieved from /home/airflow/.local/lib/python3.12/site-packages/airflow/example_dags/example_xcomargs.py
[2025-08-26T18:49:33.150+0000] {logging_mixin.py:190} INFO - [2025-08-26T18:49:33.150+0000] {dag.py:3239} INFO - Sync 2 DAGs
[2025-08-26T18:49:33.155+0000] {logging_mixin.py:190} INFO - [2025-08-26T18:49:33.155+0000] {dag.py:4180} INFO - Setting next_dagrun for example_xcom_args to None, run_after=None
[2025-08-26T18:49:33.157+0000] {logging_mixin.py:190} INFO - [2025-08-26T18:49:33.157+0000] {dag.py:4180} INFO - Setting next_dagrun for example_xcom_args_with_operators to None, run_after=None
[2025-08-26T18:49:33.161+0000] {processor.py:208} INFO - Processing /home/airflow/.local/lib/python3.12/site-packages/airflow/example_dags/example_xcomargs.py took 0.031 seconds
[2025-08-26T18:50:03.768+0000] {processor.py:186} INFO - Started process (PID=869) to work on /home/airflow/.local/lib/python3.12/site-packages/airflow/example_dags/example_xcomargs.py
[2025-08-26T18:50:03.769+0000] {processor.py:914} INFO - Processing file /home/airflow/.local/lib/python3.12/site-packages/airflow/example_dags/example_xcomargs.py for tasks to queue
[2025-08-26T18:50:03.769+0000] {logging_mixin.py:190} INFO - [2025-08-26T18:50:03.769+0000] {dagbag.py:588} INFO - Filling up the DagBag from /home/airflow/.local/lib/python3.12/site-packages/airflow/example_dags/example_xcomargs.py
[2025-08-26T18:50:03.773+0000] {processor.py:925} INFO - DAG(s) 'example_xcom_args_with_operators', 'example_xcom_args' retrieved from /home/airflow/.local/lib/python3.12/site-packages/airflow/example_dags/example_xcomargs.py
[2025-08-26T18:50:03.783+0000] {logging_mixin.py:190} INFO - [2025-08-26T18:50:03.783+0000] {dag.py:3239} INFO - Sync 2 DAGs
[2025-08-26T18:50:03.788+0000] {logging_mixin.py:190} INFO - [2025-08-26T18:50:03.788+0000] {dag.py:4180} INFO - Setting next_dagrun for example_xcom_args to None, run_after=None
[2025-08-26T18:50:03.789+0000] {logging_mixin.py:190} INFO - [2025-08-26T18:50:03.789+0000] {dag.py:4180} INFO - Setting next_dagrun for example_xcom_args_with_operators to None, run_after=None
[2025-08-26T18:50:03.794+0000] {processor.py:208} INFO - Processing /home/airflow/.local/lib/python3.12/site-packages/airflow/example_dags/example_xcomargs.py took 0.028 seconds
[2025-08-26T18:50:34.323+0000] {processor.py:186} INFO - Started process (PID=932) to work on /home/airflow/.local/lib/python3.12/site-packages/airflow/example_dags/example_xcomargs.py
[2025-08-26T18:50:34.324+0000] {processor.py:914} INFO - Processing file /home/airflow/.local/lib/python3.12/site-packages/airflow/example_dags/example_xcomargs.py for tasks to queue
[2025-08-26T18:50:34.325+0000] {logging_mixin.py:190} INFO - [2025-08-26T18:50:34.325+0000] {dagbag.py:588} INFO - Filling up the DagBag from /home/airflow/.local/lib/python3.12/site-packages/airflow/example_dags/example_xcomargs.py
[2025-08-26T18:50:34.330+0000] {processor.py:925} INFO - DAG(s) 'example_xcom_args', 'example_xcom_args_with_operators' retrieved from /home/airflow/.local/lib/python3.12/site-packages/airflow/example_dags/example_xcomargs.py
[2025-08-26T18:50:34.339+0000] {logging_mixin.py:190} INFO - [2025-08-26T18:50:34.339+0000] {dag.py:3239} INFO - Sync 2 DAGs
[2025-08-26T18:50:34.344+0000] {logging_mixin.py:190} INFO - [2025-08-26T18:50:34.344+0000] {dag.py:4180} INFO - Setting next_dagrun for example_xcom_args to None, run_after=None
[2025-08-26T18:50:34.345+0000] {logging_mixin.py:190} INFO - [2025-08-26T18:50:34.345+0000] {dag.py:4180} INFO - Setting next_dagrun for example_xcom_args_with_operators to None, run_after=None
[2025-08-26T18:50:34.350+0000] {processor.py:208} INFO - Processing /home/airflow/.local/lib/python3.12/site-packages/airflow/example_dags/example_xcomargs.py took 0.029 seconds
[2025-08-26T18:51:04.865+0000] {processor.py:186} INFO - Started process (PID=995) to work on /home/airflow/.local/lib/python3.12/site-packages/airflow/example_dags/example_xcomargs.py
[2025-08-26T18:51:04.866+0000] {processor.py:914} INFO - Processing file /home/airflow/.local/lib/python3.12/site-packages/airflow/example_dags/example_xcomargs.py for tasks to queue
[2025-08-26T18:51:04.867+0000] {logging_mixin.py:190} INFO - [2025-08-26T18:51:04.866+0000] {dagbag.py:588} INFO - Filling up the DagBag from /home/airflow/.local/lib/python3.12/site-packages/airflow/example_dags/example_xcomargs.py
[2025-08-26T18:51:04.874+0000] {processor.py:925} INFO - DAG(s) 'example_xcom_args_with_operators', 'example_xcom_args' retrieved from /home/airflow/.local/lib/python3.12/site-packages/airflow/example_dags/example_xcomargs.py
[2025-08-26T18:51:04.883+0000] {logging_mixin.py:190} INFO - [2025-08-26T18:51:04.883+0000] {dag.py:3239} INFO - Sync 2 DAGs
[2025-08-26T18:51:04.889+0000] {logging_mixin.py:190} INFO - [2025-08-26T18:51:04.889+0000] {dag.py:4180} INFO - Setting next_dagrun for example_xcom_args to None, run_after=None
[2025-08-26T18:51:04.890+0000] {logging_mixin.py:190} INFO - [2025-08-26T18:51:04.890+0000] {dag.py:4180} INFO - Setting next_dagrun for example_xcom_args_with_operators to None, run_after=None
[2025-08-26T18:51:04.894+0000] {processor.py:208} INFO - Processing /home/airflow/.local/lib/python3.12/site-packages/airflow/example_dags/example_xcomargs.py took 0.032 seconds
[2025-08-26T18:51:35.457+0000] {processor.py:186} INFO - Started process (PID=1058) to work on /home/airflow/.local/lib/python3.12/site-packages/airflow/example_dags/example_xcomargs.py
[2025-08-26T18:51:35.458+0000] {processor.py:914} INFO - Processing file /home/airflow/.local/lib/python3.12/site-packages/airflow/example_dags/example_xcomargs.py for tasks to queue
[2025-08-26T18:51:35.458+0000] {logging_mixin.py:190} INFO - [2025-08-26T18:51:35.458+0000] {dagbag.py:588} INFO - Filling up the DagBag from /home/airflow/.local/lib/python3.12/site-packages/airflow/example_dags/example_xcomargs.py
[2025-08-26T18:51:35.462+0000] {processor.py:925} INFO - DAG(s) 'example_xcom_args_with_operators', 'example_xcom_args' retrieved from /home/airflow/.local/lib/python3.12/site-packages/airflow/example_dags/example_xcomargs.py
[2025-08-26T18:51:35.470+0000] {logging_mixin.py:190} INFO - [2025-08-26T18:51:35.470+0000] {dag.py:3239} INFO - Sync 2 DAGs
[2025-08-26T18:51:35.475+0000] {logging_mixin.py:190} INFO - [2025-08-26T18:51:35.475+0000] {dag.py:4180} INFO - Setting next_dagrun for example_xcom_args to None, run_after=None
[2025-08-26T18:51:35.480+0000] {logging_mixin.py:190} INFO - [2025-08-26T18:51:35.480+0000] {dag.py:4180} INFO - Setting next_dagrun for example_xcom_args_with_operators to None, run_after=None
[2025-08-26T18:51:35.486+0000] {processor.py:208} INFO - Processing /home/airflow/.local/lib/python3.12/site-packages/airflow/example_dags/example_xcomargs.py took 0.032 seconds
[2025-08-26T18:52:06.070+0000] {processor.py:186} INFO - Started process (PID=1121) to work on /home/airflow/.local/lib/python3.12/site-packages/airflow/example_dags/example_xcomargs.py
[2025-08-26T18:52:06.070+0000] {processor.py:914} INFO - Processing file /home/airflow/.local/lib/python3.12/site-packages/airflow/example_dags/example_xcomargs.py for tasks to queue
[2025-08-26T18:52:06.071+0000] {logging_mixin.py:190} INFO - [2025-08-26T18:52:06.071+0000] {dagbag.py:588} INFO - Filling up the DagBag from /home/airflow/.local/lib/python3.12/site-packages/airflow/example_dags/example_xcomargs.py
[2025-08-26T18:52:06.075+0000] {processor.py:925} INFO - DAG(s) 'example_xcom_args', 'example_xcom_args_with_operators' retrieved from /home/airflow/.local/lib/python3.12/site-packages/airflow/example_dags/example_xcomargs.py
[2025-08-26T18:52:06.084+0000] {logging_mixin.py:190} INFO - [2025-08-26T18:52:06.084+0000] {dag.py:3239} INFO - Sync 2 DAGs
[2025-08-26T18:52:06.088+0000] {logging_mixin.py:190} INFO - [2025-08-26T18:52:06.088+0000] {dag.py:4180} INFO - Setting next_dagrun for example_xcom_args to None, run_after=None
[2025-08-26T18:52:06.092+0000] {logging_mixin.py:190} INFO - [2025-08-26T18:52:06.092+0000] {dag.py:4180} INFO - Setting next_dagrun for example_xcom_args_with_operators to None, run_after=None
[2025-08-26T18:52:06.100+0000] {processor.py:208} INFO - Processing /home/airflow/.local/lib/python3.12/site-packages/airflow/example_dags/example_xcomargs.py took 0.032 seconds
[2025-08-26T18:52:36.789+0000] {processor.py:186} INFO - Started process (PID=1184) to work on /home/airflow/.local/lib/python3.12/site-packages/airflow/example_dags/example_xcomargs.py
[2025-08-26T18:52:36.791+0000] {processor.py:914} INFO - Processing file /home/airflow/.local/lib/python3.12/site-packages/airflow/example_dags/example_xcomargs.py for tasks to queue
[2025-08-26T18:52:36.792+0000] {logging_mixin.py:190} INFO - [2025-08-26T18:52:36.792+0000] {dagbag.py:588} INFO - Filling up the DagBag from /home/airflow/.local/lib/python3.12/site-packages/airflow/example_dags/example_xcomargs.py
[2025-08-26T18:52:36.796+0000] {processor.py:925} INFO - DAG(s) 'example_xcom_args_with_operators', 'example_xcom_args' retrieved from /home/airflow/.local/lib/python3.12/site-packages/airflow/example_dags/example_xcomargs.py
[2025-08-26T18:52:36.806+0000] {logging_mixin.py:190} INFO - [2025-08-26T18:52:36.806+0000] {dag.py:3239} INFO - Sync 2 DAGs
[2025-08-26T18:52:36.811+0000] {logging_mixin.py:190} INFO - [2025-08-26T18:52:36.811+0000] {dag.py:4180} INFO - Setting next_dagrun for example_xcom_args to None, run_after=None
[2025-08-26T18:52:36.813+0000] {logging_mixin.py:190} INFO - [2025-08-26T18:52:36.813+0000] {dag.py:4180} INFO - Setting next_dagrun for example_xcom_args_with_operators to None, run_after=None
[2025-08-26T18:52:36.817+0000] {processor.py:208} INFO - Processing /home/airflow/.local/lib/python3.12/site-packages/airflow/example_dags/example_xcomargs.py took 0.031 seconds
[2025-08-26T18:53:07.383+0000] {processor.py:186} INFO - Started process (PID=1247) to work on /home/airflow/.local/lib/python3.12/site-packages/airflow/example_dags/example_xcomargs.py
[2025-08-26T18:53:07.387+0000] {processor.py:914} INFO - Processing file /home/airflow/.local/lib/python3.12/site-packages/airflow/example_dags/example_xcomargs.py for tasks to queue
[2025-08-26T18:53:07.390+0000] {logging_mixin.py:190} INFO - [2025-08-26T18:53:07.390+0000] {dagbag.py:588} INFO - Filling up the DagBag from /home/airflow/.local/lib/python3.12/site-packages/airflow/example_dags/example_xcomargs.py
[2025-08-26T18:53:07.394+0000] {processor.py:925} INFO - DAG(s) 'example_xcom_args', 'example_xcom_args_with_operators' retrieved from /home/airflow/.local/lib/python3.12/site-packages/airflow/example_dags/example_xcomargs.py
[2025-08-26T18:53:07.402+0000] {logging_mixin.py:190} INFO - [2025-08-26T18:53:07.402+0000] {dag.py:3239} INFO - Sync 2 DAGs
[2025-08-26T18:53:07.407+0000] {logging_mixin.py:190} INFO - [2025-08-26T18:53:07.407+0000] {dag.py:4180} INFO - Setting next_dagrun for example_xcom_args to None, run_after=None
[2025-08-26T18:53:07.408+0000] {logging_mixin.py:190} INFO - [2025-08-26T18:53:07.408+0000] {dag.py:4180} INFO - Setting next_dagrun for example_xcom_args_with_operators to None, run_after=None
[2025-08-26T18:53:07.413+0000] {processor.py:208} INFO - Processing /home/airflow/.local/lib/python3.12/site-packages/airflow/example_dags/example_xcomargs.py took 0.032 seconds
[2025-08-26T18:53:37.962+0000] {processor.py:186} INFO - Started process (PID=1310) to work on /home/airflow/.local/lib/python3.12/site-packages/airflow/example_dags/example_xcomargs.py
[2025-08-26T18:53:37.962+0000] {processor.py:914} INFO - Processing file /home/airflow/.local/lib/python3.12/site-packages/airflow/example_dags/example_xcomargs.py for tasks to queue
[2025-08-26T18:53:37.963+0000] {logging_mixin.py:190} INFO - [2025-08-26T18:53:37.963+0000] {dagbag.py:588} INFO - Filling up the DagBag from /home/airflow/.local/lib/python3.12/site-packages/airflow/example_dags/example_xcomargs.py
[2025-08-26T18:53:37.970+0000] {processor.py:925} INFO - DAG(s) 'example_xcom_args_with_operators', 'example_xcom_args' retrieved from /home/airflow/.local/lib/python3.12/site-packages/airflow/example_dags/example_xcomargs.py
[2025-08-26T18:53:37.981+0000] {logging_mixin.py:190} INFO - [2025-08-26T18:53:37.981+0000] {dag.py:3239} INFO - Sync 2 DAGs
[2025-08-26T18:53:37.986+0000] {logging_mixin.py:190} INFO - [2025-08-26T18:53:37.986+0000] {dag.py:4180} INFO - Setting next_dagrun for example_xcom_args to None, run_after=None
[2025-08-26T18:53:37.987+0000] {logging_mixin.py:190} INFO - [2025-08-26T18:53:37.987+0000] {dag.py:4180} INFO - Setting next_dagrun for example_xcom_args_with_operators to None, run_after=None
[2025-08-26T18:53:37.992+0000] {processor.py:208} INFO - Processing /home/airflow/.local/lib/python3.12/site-packages/airflow/example_dags/example_xcomargs.py took 0.032 seconds
[2025-08-26T18:54:08.645+0000] {processor.py:186} INFO - Started process (PID=1373) to work on /home/airflow/.local/lib/python3.12/site-packages/airflow/example_dags/example_xcomargs.py
[2025-08-26T18:54:08.645+0000] {processor.py:914} INFO - Processing file /home/airflow/.local/lib/python3.12/site-packages/airflow/example_dags/example_xcomargs.py for tasks to queue
[2025-08-26T18:54:08.646+0000] {logging_mixin.py:190} INFO - [2025-08-26T18:54:08.646+0000] {dagbag.py:588} INFO - Filling up the DagBag from /home/airflow/.local/lib/python3.12/site-packages/airflow/example_dags/example_xcomargs.py
[2025-08-26T18:54:08.650+0000] {processor.py:925} INFO - DAG(s) 'example_xcom_args_with_operators', 'example_xcom_args' retrieved from /home/airflow/.local/lib/python3.12/site-packages/airflow/example_dags/example_xcomargs.py
[2025-08-26T18:54:08.659+0000] {logging_mixin.py:190} INFO - [2025-08-26T18:54:08.659+0000] {dag.py:3239} INFO - Sync 2 DAGs
[2025-08-26T18:54:08.664+0000] {logging_mixin.py:190} INFO - [2025-08-26T18:54:08.663+0000] {dag.py:4180} INFO - Setting next_dagrun for example_xcom_args to None, run_after=None
[2025-08-26T18:54:08.665+0000] {logging_mixin.py:190} INFO - [2025-08-26T18:54:08.665+0000] {dag.py:4180} INFO - Setting next_dagrun for example_xcom_args_with_operators to None, run_after=None
[2025-08-26T18:54:08.671+0000] {processor.py:208} INFO - Processing /home/airflow/.local/lib/python3.12/site-packages/airflow/example_dags/example_xcomargs.py took 0.029 seconds
[2025-08-26T18:54:39.198+0000] {processor.py:186} INFO - Started process (PID=1436) to work on /home/airflow/.local/lib/python3.12/site-packages/airflow/example_dags/example_xcomargs.py
[2025-08-26T18:54:39.198+0000] {processor.py:914} INFO - Processing file /home/airflow/.local/lib/python3.12/site-packages/airflow/example_dags/example_xcomargs.py for tasks to queue
[2025-08-26T18:54:39.199+0000] {logging_mixin.py:190} INFO - [2025-08-26T18:54:39.199+0000] {dagbag.py:588} INFO - Filling up the DagBag from /home/airflow/.local/lib/python3.12/site-packages/airflow/example_dags/example_xcomargs.py
[2025-08-26T18:54:39.203+0000] {processor.py:925} INFO - DAG(s) 'example_xcom_args', 'example_xcom_args_with_operators' retrieved from /home/airflow/.local/lib/python3.12/site-packages/airflow/example_dags/example_xcomargs.py
[2025-08-26T18:54:39.211+0000] {logging_mixin.py:190} INFO - [2025-08-26T18:54:39.210+0000] {dag.py:3239} INFO - Sync 2 DAGs
[2025-08-26T18:54:39.215+0000] {logging_mixin.py:190} INFO - [2025-08-26T18:54:39.215+0000] {dag.py:4180} INFO - Setting next_dagrun for example_xcom_args to None, run_after=None
[2025-08-26T18:54:39.220+0000] {logging_mixin.py:190} INFO - [2025-08-26T18:54:39.220+0000] {dag.py:4180} INFO - Setting next_dagrun for example_xcom_args_with_operators to None, run_after=None
[2025-08-26T18:54:39.228+0000] {processor.py:208} INFO - Processing /home/airflow/.local/lib/python3.12/site-packages/airflow/example_dags/example_xcomargs.py took 0.032 seconds
[2025-08-26T18:55:09.833+0000] {processor.py:186} INFO - Started process (PID=1499) to work on /home/airflow/.local/lib/python3.12/site-packages/airflow/example_dags/example_xcomargs.py
[2025-08-26T18:55:09.833+0000] {processor.py:914} INFO - Processing file /home/airflow/.local/lib/python3.12/site-packages/airflow/example_dags/example_xcomargs.py for tasks to queue
[2025-08-26T18:55:09.834+0000] {logging_mixin.py:190} INFO - [2025-08-26T18:55:09.834+0000] {dagbag.py:588} INFO - Filling up the DagBag from /home/airflow/.local/lib/python3.12/site-packages/airflow/example_dags/example_xcomargs.py
[2025-08-26T18:55:09.838+0000] {processor.py:925} INFO - DAG(s) 'example_xcom_args_with_operators', 'example_xcom_args' retrieved from /home/airflow/.local/lib/python3.12/site-packages/airflow/example_dags/example_xcomargs.py
[2025-08-26T18:55:09.847+0000] {logging_mixin.py:190} INFO - [2025-08-26T18:55:09.847+0000] {dag.py:3239} INFO - Sync 2 DAGs
[2025-08-26T18:55:09.852+0000] {logging_mixin.py:190} INFO - [2025-08-26T18:55:09.852+0000] {dag.py:4180} INFO - Setting next_dagrun for example_xcom_args to None, run_after=None
[2025-08-26T18:55:09.853+0000] {logging_mixin.py:190} INFO - [2025-08-26T18:55:09.853+0000] {dag.py:4180} INFO - Setting next_dagrun for example_xcom_args_with_operators to None, run_after=None
[2025-08-26T18:55:09.861+0000] {processor.py:208} INFO - Processing /home/airflow/.local/lib/python3.12/site-packages/airflow/example_dags/example_xcomargs.py took 0.030 seconds
[2025-08-26T18:55:40.478+0000] {processor.py:186} INFO - Started process (PID=1562) to work on /home/airflow/.local/lib/python3.12/site-packages/airflow/example_dags/example_xcomargs.py
[2025-08-26T18:55:40.479+0000] {processor.py:914} INFO - Processing file /home/airflow/.local/lib/python3.12/site-packages/airflow/example_dags/example_xcomargs.py for tasks to queue
[2025-08-26T18:55:40.480+0000] {logging_mixin.py:190} INFO - [2025-08-26T18:55:40.480+0000] {dagbag.py:588} INFO - Filling up the DagBag from /home/airflow/.local/lib/python3.12/site-packages/airflow/example_dags/example_xcomargs.py
[2025-08-26T18:55:40.484+0000] {processor.py:925} INFO - DAG(s) 'example_xcom_args', 'example_xcom_args_with_operators' retrieved from /home/airflow/.local/lib/python3.12/site-packages/airflow/example_dags/example_xcomargs.py
[2025-08-26T18:55:40.491+0000] {logging_mixin.py:190} INFO - [2025-08-26T18:55:40.491+0000] {dag.py:3239} INFO - Sync 2 DAGs
[2025-08-26T18:55:40.496+0000] {logging_mixin.py:190} INFO - [2025-08-26T18:55:40.496+0000] {dag.py:4180} INFO - Setting next_dagrun for example_xcom_args to None, run_after=None
[2025-08-26T18:55:40.497+0000] {logging_mixin.py:190} INFO - [2025-08-26T18:55:40.497+0000] {dag.py:4180} INFO - Setting next_dagrun for example_xcom_args_with_operators to None, run_after=None
[2025-08-26T18:55:40.502+0000] {processor.py:208} INFO - Processing /home/airflow/.local/lib/python3.12/site-packages/airflow/example_dags/example_xcomargs.py took 0.027 seconds
[2025-08-26T18:56:11.062+0000] {processor.py:186} INFO - Started process (PID=1625) to work on /home/airflow/.local/lib/python3.12/site-packages/airflow/example_dags/example_xcomargs.py
[2025-08-26T18:56:11.064+0000] {processor.py:914} INFO - Processing file /home/airflow/.local/lib/python3.12/site-packages/airflow/example_dags/example_xcomargs.py for tasks to queue
[2025-08-26T18:56:11.065+0000] {logging_mixin.py:190} INFO - [2025-08-26T18:56:11.065+0000] {dagbag.py:588} INFO - Filling up the DagBag from /home/airflow/.local/lib/python3.12/site-packages/airflow/example_dags/example_xcomargs.py
[2025-08-26T18:56:11.070+0000] {processor.py:925} INFO - DAG(s) 'example_xcom_args_with_operators', 'example_xcom_args' retrieved from /home/airflow/.local/lib/python3.12/site-packages/airflow/example_dags/example_xcomargs.py
[2025-08-26T18:56:11.078+0000] {logging_mixin.py:190} INFO - [2025-08-26T18:56:11.078+0000] {dag.py:3239} INFO - Sync 2 DAGs
[2025-08-26T18:56:11.083+0000] {logging_mixin.py:190} INFO - [2025-08-26T18:56:11.083+0000] {dag.py:4180} INFO - Setting next_dagrun for example_xcom_args to None, run_after=None
[2025-08-26T18:56:11.087+0000] {logging_mixin.py:190} INFO - [2025-08-26T18:56:11.087+0000] {dag.py:4180} INFO - Setting next_dagrun for example_xcom_args_with_operators to None, run_after=None
[2025-08-26T18:56:11.095+0000] {processor.py:208} INFO - Processing /home/airflow/.local/lib/python3.12/site-packages/airflow/example_dags/example_xcomargs.py took 0.035 seconds
[2025-08-26T18:56:41.664+0000] {processor.py:186} INFO - Started process (PID=1688) to work on /home/airflow/.local/lib/python3.12/site-packages/airflow/example_dags/example_xcomargs.py
[2025-08-26T18:56:41.665+0000] {processor.py:914} INFO - Processing file /home/airflow/.local/lib/python3.12/site-packages/airflow/example_dags/example_xcomargs.py for tasks to queue
[2025-08-26T18:56:41.666+0000] {logging_mixin.py:190} INFO - [2025-08-26T18:56:41.666+0000] {dagbag.py:588} INFO - Filling up the DagBag from /home/airflow/.local/lib/python3.12/site-packages/airflow/example_dags/example_xcomargs.py
[2025-08-26T18:56:41.671+0000] {processor.py:925} INFO - DAG(s) 'example_xcom_args_with_operators', 'example_xcom_args' retrieved from /home/airflow/.local/lib/python3.12/site-packages/airflow/example_dags/example_xcomargs.py
[2025-08-26T18:56:41.678+0000] {logging_mixin.py:190} INFO - [2025-08-26T18:56:41.678+0000] {dag.py:3239} INFO - Sync 2 DAGs
[2025-08-26T18:56:41.687+0000] {logging_mixin.py:190} INFO - [2025-08-26T18:56:41.687+0000] {dag.py:4180} INFO - Setting next_dagrun for example_xcom_args to None, run_after=None
[2025-08-26T18:56:41.688+0000] {logging_mixin.py:190} INFO - [2025-08-26T18:56:41.688+0000] {dag.py:4180} INFO - Setting next_dagrun for example_xcom_args_with_operators to None, run_after=None
[2025-08-26T18:56:41.694+0000] {processor.py:208} INFO - Processing /home/airflow/.local/lib/python3.12/site-packages/airflow/example_dags/example_xcomargs.py took 0.032 seconds
[2025-08-26T18:57:12.298+0000] {processor.py:186} INFO - Started process (PID=1751) to work on /home/airflow/.local/lib/python3.12/site-packages/airflow/example_dags/example_xcomargs.py
[2025-08-26T18:57:12.299+0000] {processor.py:914} INFO - Processing file /home/airflow/.local/lib/python3.12/site-packages/airflow/example_dags/example_xcomargs.py for tasks to queue
[2025-08-26T18:57:12.300+0000] {logging_mixin.py:190} INFO - [2025-08-26T18:57:12.300+0000] {dagbag.py:588} INFO - Filling up the DagBag from /home/airflow/.local/lib/python3.12/site-packages/airflow/example_dags/example_xcomargs.py
[2025-08-26T18:57:12.304+0000] {processor.py:925} INFO - DAG(s) 'example_xcom_args_with_operators', 'example_xcom_args' retrieved from /home/airflow/.local/lib/python3.12/site-packages/airflow/example_dags/example_xcomargs.py
[2025-08-26T18:57:12.313+0000] {logging_mixin.py:190} INFO - [2025-08-26T18:57:12.313+0000] {dag.py:3239} INFO - Sync 2 DAGs
[2025-08-26T18:57:12.318+0000] {logging_mixin.py:190} INFO - [2025-08-26T18:57:12.318+0000] {dag.py:4180} INFO - Setting next_dagrun for example_xcom_args to None, run_after=None
[2025-08-26T18:57:12.319+0000] {logging_mixin.py:190} INFO - [2025-08-26T18:57:12.319+0000] {dag.py:4180} INFO - Setting next_dagrun for example_xcom_args_with_operators to None, run_after=None
[2025-08-26T18:57:12.324+0000] {processor.py:208} INFO - Processing /home/airflow/.local/lib/python3.12/site-packages/airflow/example_dags/example_xcomargs.py took 0.029 seconds
[2025-08-26T18:57:42.881+0000] {processor.py:186} INFO - Started process (PID=1814) to work on /home/airflow/.local/lib/python3.12/site-packages/airflow/example_dags/example_xcomargs.py
[2025-08-26T18:57:42.882+0000] {processor.py:914} INFO - Processing file /home/airflow/.local/lib/python3.12/site-packages/airflow/example_dags/example_xcomargs.py for tasks to queue
[2025-08-26T18:57:42.883+0000] {logging_mixin.py:190} INFO - [2025-08-26T18:57:42.883+0000] {dagbag.py:588} INFO - Filling up the DagBag from /home/airflow/.local/lib/python3.12/site-packages/airflow/example_dags/example_xcomargs.py
[2025-08-26T18:57:42.887+0000] {processor.py:925} INFO - DAG(s) 'example_xcom_args', 'example_xcom_args_with_operators' retrieved from /home/airflow/.local/lib/python3.12/site-packages/airflow/example_dags/example_xcomargs.py
[2025-08-26T18:57:42.899+0000] {logging_mixin.py:190} INFO - [2025-08-26T18:57:42.899+0000] {dag.py:3239} INFO - Sync 2 DAGs
[2025-08-26T18:57:42.905+0000] {logging_mixin.py:190} INFO - [2025-08-26T18:57:42.905+0000] {dag.py:4180} INFO - Setting next_dagrun for example_xcom_args to None, run_after=None
[2025-08-26T18:57:42.906+0000] {logging_mixin.py:190} INFO - [2025-08-26T18:57:42.906+0000] {dag.py:4180} INFO - Setting next_dagrun for example_xcom_args_with_operators to None, run_after=None
[2025-08-26T18:57:42.911+0000] {processor.py:208} INFO - Processing /home/airflow/.local/lib/python3.12/site-packages/airflow/example_dags/example_xcomargs.py took 0.032 seconds
[2025-08-26T18:58:13.498+0000] {processor.py:186} INFO - Started process (PID=1877) to work on /home/airflow/.local/lib/python3.12/site-packages/airflow/example_dags/example_xcomargs.py
[2025-08-26T18:58:13.501+0000] {processor.py:914} INFO - Processing file /home/airflow/.local/lib/python3.12/site-packages/airflow/example_dags/example_xcomargs.py for tasks to queue
[2025-08-26T18:58:13.503+0000] {logging_mixin.py:190} INFO - [2025-08-26T18:58:13.503+0000] {dagbag.py:588} INFO - Filling up the DagBag from /home/airflow/.local/lib/python3.12/site-packages/airflow/example_dags/example_xcomargs.py
[2025-08-26T18:58:13.508+0000] {processor.py:925} INFO - DAG(s) 'example_xcom_args', 'example_xcom_args_with_operators' retrieved from /home/airflow/.local/lib/python3.12/site-packages/airflow/example_dags/example_xcomargs.py
[2025-08-26T18:58:13.518+0000] {logging_mixin.py:190} INFO - [2025-08-26T18:58:13.518+0000] {dag.py:3239} INFO - Sync 2 DAGs
[2025-08-26T18:58:13.523+0000] {logging_mixin.py:190} INFO - [2025-08-26T18:58:13.523+0000] {dag.py:4180} INFO - Setting next_dagrun for example_xcom_args to None, run_after=None
[2025-08-26T18:58:13.524+0000] {logging_mixin.py:190} INFO - [2025-08-26T18:58:13.524+0000] {dag.py:4180} INFO - Setting next_dagrun for example_xcom_args_with_operators to None, run_after=None
[2025-08-26T18:58:13.529+0000] {processor.py:208} INFO - Processing /home/airflow/.local/lib/python3.12/site-packages/airflow/example_dags/example_xcomargs.py took 0.033 seconds
[2025-08-26T18:58:44.113+0000] {processor.py:186} INFO - Started process (PID=1940) to work on /home/airflow/.local/lib/python3.12/site-packages/airflow/example_dags/example_xcomargs.py
[2025-08-26T18:58:44.114+0000] {processor.py:914} INFO - Processing file /home/airflow/.local/lib/python3.12/site-packages/airflow/example_dags/example_xcomargs.py for tasks to queue
[2025-08-26T18:58:44.115+0000] {logging_mixin.py:190} INFO - [2025-08-26T18:58:44.115+0000] {dagbag.py:588} INFO - Filling up the DagBag from /home/airflow/.local/lib/python3.12/site-packages/airflow/example_dags/example_xcomargs.py
[2025-08-26T18:58:44.119+0000] {processor.py:925} INFO - DAG(s) 'example_xcom_args_with_operators', 'example_xcom_args' retrieved from /home/airflow/.local/lib/python3.12/site-packages/airflow/example_dags/example_xcomargs.py
[2025-08-26T18:58:44.128+0000] {logging_mixin.py:190} INFO - [2025-08-26T18:58:44.128+0000] {dag.py:3239} INFO - Sync 2 DAGs
[2025-08-26T18:58:44.133+0000] {logging_mixin.py:190} INFO - [2025-08-26T18:58:44.133+0000] {dag.py:4180} INFO - Setting next_dagrun for example_xcom_args to None, run_after=None
[2025-08-26T18:58:44.134+0000] {logging_mixin.py:190} INFO - [2025-08-26T18:58:44.134+0000] {dag.py:4180} INFO - Setting next_dagrun for example_xcom_args_with_operators to None, run_after=None
[2025-08-26T18:58:44.139+0000] {processor.py:208} INFO - Processing /home/airflow/.local/lib/python3.12/site-packages/airflow/example_dags/example_xcomargs.py took 0.027 seconds
[2025-08-26T18:59:14.680+0000] {processor.py:186} INFO - Started process (PID=2003) to work on /home/airflow/.local/lib/python3.12/site-packages/airflow/example_dags/example_xcomargs.py
[2025-08-26T18:59:14.681+0000] {processor.py:914} INFO - Processing file /home/airflow/.local/lib/python3.12/site-packages/airflow/example_dags/example_xcomargs.py for tasks to queue
[2025-08-26T18:59:14.682+0000] {logging_mixin.py:190} INFO - [2025-08-26T18:59:14.682+0000] {dagbag.py:588} INFO - Filling up the DagBag from /home/airflow/.local/lib/python3.12/site-packages/airflow/example_dags/example_xcomargs.py
[2025-08-26T18:59:14.686+0000] {processor.py:925} INFO - DAG(s) 'example_xcom_args', 'example_xcom_args_with_operators' retrieved from /home/airflow/.local/lib/python3.12/site-packages/airflow/example_dags/example_xcomargs.py
[2025-08-26T18:59:14.698+0000] {logging_mixin.py:190} INFO - [2025-08-26T18:59:14.697+0000] {dag.py:3239} INFO - Sync 2 DAGs
[2025-08-26T18:59:14.703+0000] {logging_mixin.py:190} INFO - [2025-08-26T18:59:14.702+0000] {dag.py:4180} INFO - Setting next_dagrun for example_xcom_args to None, run_after=None
[2025-08-26T18:59:14.704+0000] {logging_mixin.py:190} INFO - [2025-08-26T18:59:14.704+0000] {dag.py:4180} INFO - Setting next_dagrun for example_xcom_args_with_operators to None, run_after=None
[2025-08-26T18:59:14.708+0000] {processor.py:208} INFO - Processing /home/airflow/.local/lib/python3.12/site-packages/airflow/example_dags/example_xcomargs.py took 0.030 seconds
[2025-08-26T18:59:45.262+0000] {processor.py:186} INFO - Started process (PID=2066) to work on /home/airflow/.local/lib/python3.12/site-packages/airflow/example_dags/example_xcomargs.py
[2025-08-26T18:59:45.264+0000] {processor.py:914} INFO - Processing file /home/airflow/.local/lib/python3.12/site-packages/airflow/example_dags/example_xcomargs.py for tasks to queue
[2025-08-26T18:59:45.265+0000] {logging_mixin.py:190} INFO - [2025-08-26T18:59:45.264+0000] {dagbag.py:588} INFO - Filling up the DagBag from /home/airflow/.local/lib/python3.12/site-packages/airflow/example_dags/example_xcomargs.py
[2025-08-26T18:59:45.269+0000] {processor.py:925} INFO - DAG(s) 'example_xcom_args', 'example_xcom_args_with_operators' retrieved from /home/airflow/.local/lib/python3.12/site-packages/airflow/example_dags/example_xcomargs.py
[2025-08-26T18:59:45.278+0000] {logging_mixin.py:190} INFO - [2025-08-26T18:59:45.278+0000] {dag.py:3239} INFO - Sync 2 DAGs
[2025-08-26T18:59:45.283+0000] {logging_mixin.py:190} INFO - [2025-08-26T18:59:45.283+0000] {dag.py:4180} INFO - Setting next_dagrun for example_xcom_args to None, run_after=None
[2025-08-26T18:59:45.285+0000] {logging_mixin.py:190} INFO - [2025-08-26T18:59:45.285+0000] {dag.py:4180} INFO - Setting next_dagrun for example_xcom_args_with_operators to None, run_after=None
[2025-08-26T18:59:45.290+0000] {processor.py:208} INFO - Processing /home/airflow/.local/lib/python3.12/site-packages/airflow/example_dags/example_xcomargs.py took 0.030 seconds
[2025-08-26T19:00:15.936+0000] {processor.py:186} INFO - Started process (PID=2129) to work on /home/airflow/.local/lib/python3.12/site-packages/airflow/example_dags/example_xcomargs.py
[2025-08-26T19:00:15.937+0000] {processor.py:914} INFO - Processing file /home/airflow/.local/lib/python3.12/site-packages/airflow/example_dags/example_xcomargs.py for tasks to queue
[2025-08-26T19:00:15.938+0000] {logging_mixin.py:190} INFO - [2025-08-26T19:00:15.938+0000] {dagbag.py:588} INFO - Filling up the DagBag from /home/airflow/.local/lib/python3.12/site-packages/airflow/example_dags/example_xcomargs.py
[2025-08-26T19:00:15.942+0000] {processor.py:925} INFO - DAG(s) 'example_xcom_args', 'example_xcom_args_with_operators' retrieved from /home/airflow/.local/lib/python3.12/site-packages/airflow/example_dags/example_xcomargs.py
[2025-08-26T19:00:15.955+0000] {logging_mixin.py:190} INFO - [2025-08-26T19:00:15.955+0000] {dag.py:3239} INFO - Sync 2 DAGs
[2025-08-26T19:00:15.961+0000] {logging_mixin.py:190} INFO - [2025-08-26T19:00:15.960+0000] {dag.py:4180} INFO - Setting next_dagrun for example_xcom_args to None, run_after=None
[2025-08-26T19:00:15.962+0000] {logging_mixin.py:190} INFO - [2025-08-26T19:00:15.962+0000] {dag.py:4180} INFO - Setting next_dagrun for example_xcom_args_with_operators to None, run_after=None
[2025-08-26T19:00:15.971+0000] {processor.py:208} INFO - Processing /home/airflow/.local/lib/python3.12/site-packages/airflow/example_dags/example_xcomargs.py took 0.038 seconds
[2025-08-26T19:00:46.650+0000] {processor.py:186} INFO - Started process (PID=2192) to work on /home/airflow/.local/lib/python3.12/site-packages/airflow/example_dags/example_xcomargs.py
[2025-08-26T19:00:46.651+0000] {processor.py:914} INFO - Processing file /home/airflow/.local/lib/python3.12/site-packages/airflow/example_dags/example_xcomargs.py for tasks to queue
[2025-08-26T19:00:46.653+0000] {logging_mixin.py:190} INFO - [2025-08-26T19:00:46.653+0000] {dagbag.py:588} INFO - Filling up the DagBag from /home/airflow/.local/lib/python3.12/site-packages/airflow/example_dags/example_xcomargs.py
[2025-08-26T19:00:46.656+0000] {processor.py:925} INFO - DAG(s) 'example_xcom_args_with_operators', 'example_xcom_args' retrieved from /home/airflow/.local/lib/python3.12/site-packages/airflow/example_dags/example_xcomargs.py
[2025-08-26T19:00:46.663+0000] {logging_mixin.py:190} INFO - [2025-08-26T19:00:46.663+0000] {dag.py:3239} INFO - Sync 2 DAGs
[2025-08-26T19:00:46.668+0000] {logging_mixin.py:190} INFO - [2025-08-26T19:00:46.668+0000] {dag.py:4180} INFO - Setting next_dagrun for example_xcom_args to None, run_after=None
[2025-08-26T19:00:46.670+0000] {logging_mixin.py:190} INFO - [2025-08-26T19:00:46.669+0000] {dag.py:4180} INFO - Setting next_dagrun for example_xcom_args_with_operators to None, run_after=None
[2025-08-26T19:00:46.677+0000] {processor.py:208} INFO - Processing /home/airflow/.local/lib/python3.12/site-packages/airflow/example_dags/example_xcomargs.py took 0.028 seconds
[2025-08-26T19:01:17.443+0000] {processor.py:186} INFO - Started process (PID=2255) to work on /home/airflow/.local/lib/python3.12/site-packages/airflow/example_dags/example_xcomargs.py
[2025-08-26T19:01:17.445+0000] {processor.py:914} INFO - Processing file /home/airflow/.local/lib/python3.12/site-packages/airflow/example_dags/example_xcomargs.py for tasks to queue
[2025-08-26T19:01:17.447+0000] {logging_mixin.py:190} INFO - [2025-08-26T19:01:17.446+0000] {dagbag.py:588} INFO - Filling up the DagBag from /home/airflow/.local/lib/python3.12/site-packages/airflow/example_dags/example_xcomargs.py
[2025-08-26T19:01:17.451+0000] {processor.py:925} INFO - DAG(s) 'example_xcom_args', 'example_xcom_args_with_operators' retrieved from /home/airflow/.local/lib/python3.12/site-packages/airflow/example_dags/example_xcomargs.py
[2025-08-26T19:01:17.463+0000] {logging_mixin.py:190} INFO - [2025-08-26T19:01:17.463+0000] {dag.py:3239} INFO - Sync 2 DAGs
[2025-08-26T19:01:17.469+0000] {logging_mixin.py:190} INFO - [2025-08-26T19:01:17.469+0000] {dag.py:4180} INFO - Setting next_dagrun for example_xcom_args to None, run_after=None
[2025-08-26T19:01:17.471+0000] {logging_mixin.py:190} INFO - [2025-08-26T19:01:17.470+0000] {dag.py:4180} INFO - Setting next_dagrun for example_xcom_args_with_operators to None, run_after=None
[2025-08-26T19:01:17.479+0000] {processor.py:208} INFO - Processing /home/airflow/.local/lib/python3.12/site-packages/airflow/example_dags/example_xcomargs.py took 0.039 seconds
[2025-08-26T19:01:48.468+0000] {processor.py:186} INFO - Started process (PID=2318) to work on /home/airflow/.local/lib/python3.12/site-packages/airflow/example_dags/example_xcomargs.py
[2025-08-26T19:01:48.469+0000] {processor.py:914} INFO - Processing file /home/airflow/.local/lib/python3.12/site-packages/airflow/example_dags/example_xcomargs.py for tasks to queue
[2025-08-26T19:01:48.471+0000] {logging_mixin.py:190} INFO - [2025-08-26T19:01:48.470+0000] {dagbag.py:588} INFO - Filling up the DagBag from /home/airflow/.local/lib/python3.12/site-packages/airflow/example_dags/example_xcomargs.py
[2025-08-26T19:01:48.478+0000] {processor.py:925} INFO - DAG(s) 'example_xcom_args_with_operators', 'example_xcom_args' retrieved from /home/airflow/.local/lib/python3.12/site-packages/airflow/example_dags/example_xcomargs.py
[2025-08-26T19:01:48.491+0000] {logging_mixin.py:190} INFO - [2025-08-26T19:01:48.491+0000] {dag.py:3239} INFO - Sync 2 DAGs
[2025-08-26T19:01:48.498+0000] {logging_mixin.py:190} INFO - [2025-08-26T19:01:48.498+0000] {dag.py:4180} INFO - Setting next_dagrun for example_xcom_args to None, run_after=None
[2025-08-26T19:01:48.499+0000] {logging_mixin.py:190} INFO - [2025-08-26T19:01:48.499+0000] {dag.py:4180} INFO - Setting next_dagrun for example_xcom_args_with_operators to None, run_after=None
[2025-08-26T19:01:48.509+0000] {processor.py:208} INFO - Processing /home/airflow/.local/lib/python3.12/site-packages/airflow/example_dags/example_xcomargs.py took 0.043 seconds
[2025-08-26T19:02:19.337+0000] {processor.py:186} INFO - Started process (PID=2387) to work on /home/airflow/.local/lib/python3.12/site-packages/airflow/example_dags/example_xcomargs.py
[2025-08-26T19:02:19.338+0000] {processor.py:914} INFO - Processing file /home/airflow/.local/lib/python3.12/site-packages/airflow/example_dags/example_xcomargs.py for tasks to queue
[2025-08-26T19:02:19.339+0000] {logging_mixin.py:190} INFO - [2025-08-26T19:02:19.339+0000] {dagbag.py:588} INFO - Filling up the DagBag from /home/airflow/.local/lib/python3.12/site-packages/airflow/example_dags/example_xcomargs.py
[2025-08-26T19:02:19.346+0000] {processor.py:925} INFO - DAG(s) 'example_xcom_args', 'example_xcom_args_with_operators' retrieved from /home/airflow/.local/lib/python3.12/site-packages/airflow/example_dags/example_xcomargs.py
[2025-08-26T19:02:19.357+0000] {logging_mixin.py:190} INFO - [2025-08-26T19:02:19.357+0000] {dag.py:3239} INFO - Sync 2 DAGs
[2025-08-26T19:02:19.363+0000] {logging_mixin.py:190} INFO - [2025-08-26T19:02:19.363+0000] {dag.py:4180} INFO - Setting next_dagrun for example_xcom_args to None, run_after=None
[2025-08-26T19:02:19.365+0000] {logging_mixin.py:190} INFO - [2025-08-26T19:02:19.365+0000] {dag.py:4180} INFO - Setting next_dagrun for example_xcom_args_with_operators to None, run_after=None
[2025-08-26T19:02:19.370+0000] {processor.py:208} INFO - Processing /home/airflow/.local/lib/python3.12/site-packages/airflow/example_dags/example_xcomargs.py took 0.039 seconds
[2025-08-26T19:02:50.040+0000] {processor.py:186} INFO - Started process (PID=2450) to work on /home/airflow/.local/lib/python3.12/site-packages/airflow/example_dags/example_xcomargs.py
[2025-08-26T19:02:50.043+0000] {processor.py:914} INFO - Processing file /home/airflow/.local/lib/python3.12/site-packages/airflow/example_dags/example_xcomargs.py for tasks to queue
[2025-08-26T19:02:50.044+0000] {logging_mixin.py:190} INFO - [2025-08-26T19:02:50.044+0000] {dagbag.py:588} INFO - Filling up the DagBag from /home/airflow/.local/lib/python3.12/site-packages/airflow/example_dags/example_xcomargs.py
[2025-08-26T19:02:50.048+0000] {processor.py:925} INFO - DAG(s) 'example_xcom_args_with_operators', 'example_xcom_args' retrieved from /home/airflow/.local/lib/python3.12/site-packages/airflow/example_dags/example_xcomargs.py
[2025-08-26T19:02:50.056+0000] {logging_mixin.py:190} INFO - [2025-08-26T19:02:50.056+0000] {dag.py:3239} INFO - Sync 2 DAGs
[2025-08-26T19:02:50.062+0000] {logging_mixin.py:190} INFO - [2025-08-26T19:02:50.062+0000] {dag.py:4180} INFO - Setting next_dagrun for example_xcom_args to None, run_after=None
[2025-08-26T19:02:50.067+0000] {logging_mixin.py:190} INFO - [2025-08-26T19:02:50.066+0000] {dag.py:4180} INFO - Setting next_dagrun for example_xcom_args_with_operators to None, run_after=None
[2025-08-26T19:02:50.072+0000] {processor.py:208} INFO - Processing /home/airflow/.local/lib/python3.12/site-packages/airflow/example_dags/example_xcomargs.py took 0.034 seconds
[2025-08-26T19:03:20.656+0000] {processor.py:186} INFO - Started process (PID=2513) to work on /home/airflow/.local/lib/python3.12/site-packages/airflow/example_dags/example_xcomargs.py
[2025-08-26T19:03:20.657+0000] {processor.py:914} INFO - Processing file /home/airflow/.local/lib/python3.12/site-packages/airflow/example_dags/example_xcomargs.py for tasks to queue
[2025-08-26T19:03:20.658+0000] {logging_mixin.py:190} INFO - [2025-08-26T19:03:20.658+0000] {dagbag.py:588} INFO - Filling up the DagBag from /home/airflow/.local/lib/python3.12/site-packages/airflow/example_dags/example_xcomargs.py
[2025-08-26T19:03:20.664+0000] {processor.py:925} INFO - DAG(s) 'example_xcom_args', 'example_xcom_args_with_operators' retrieved from /home/airflow/.local/lib/python3.12/site-packages/airflow/example_dags/example_xcomargs.py
[2025-08-26T19:03:20.674+0000] {logging_mixin.py:190} INFO - [2025-08-26T19:03:20.674+0000] {dag.py:3239} INFO - Sync 2 DAGs
[2025-08-26T19:03:20.679+0000] {logging_mixin.py:190} INFO - [2025-08-26T19:03:20.679+0000] {dag.py:4180} INFO - Setting next_dagrun for example_xcom_args to None, run_after=None
[2025-08-26T19:03:20.680+0000] {logging_mixin.py:190} INFO - [2025-08-26T19:03:20.680+0000] {dag.py:4180} INFO - Setting next_dagrun for example_xcom_args_with_operators to None, run_after=None
[2025-08-26T19:03:20.687+0000] {processor.py:208} INFO - Processing /home/airflow/.local/lib/python3.12/site-packages/airflow/example_dags/example_xcomargs.py took 0.033 seconds
[2025-08-26T19:03:51.345+0000] {processor.py:186} INFO - Started process (PID=2576) to work on /home/airflow/.local/lib/python3.12/site-packages/airflow/example_dags/example_xcomargs.py
[2025-08-26T19:03:51.348+0000] {processor.py:914} INFO - Processing file /home/airflow/.local/lib/python3.12/site-packages/airflow/example_dags/example_xcomargs.py for tasks to queue
[2025-08-26T19:03:51.349+0000] {logging_mixin.py:190} INFO - [2025-08-26T19:03:51.349+0000] {dagbag.py:588} INFO - Filling up the DagBag from /home/airflow/.local/lib/python3.12/site-packages/airflow/example_dags/example_xcomargs.py
[2025-08-26T19:03:51.353+0000] {processor.py:925} INFO - DAG(s) 'example_xcom_args_with_operators', 'example_xcom_args' retrieved from /home/airflow/.local/lib/python3.12/site-packages/airflow/example_dags/example_xcomargs.py
[2025-08-26T19:03:51.363+0000] {logging_mixin.py:190} INFO - [2025-08-26T19:03:51.363+0000] {dag.py:3239} INFO - Sync 2 DAGs
[2025-08-26T19:03:51.368+0000] {logging_mixin.py:190} INFO - [2025-08-26T19:03:51.368+0000] {dag.py:4180} INFO - Setting next_dagrun for example_xcom_args to None, run_after=None
[2025-08-26T19:03:51.372+0000] {logging_mixin.py:190} INFO - [2025-08-26T19:03:51.372+0000] {dag.py:4180} INFO - Setting next_dagrun for example_xcom_args_with_operators to None, run_after=None
[2025-08-26T19:03:51.380+0000] {processor.py:208} INFO - Processing /home/airflow/.local/lib/python3.12/site-packages/airflow/example_dags/example_xcomargs.py took 0.037 seconds
[2025-08-26T19:04:22.022+0000] {processor.py:186} INFO - Started process (PID=2639) to work on /home/airflow/.local/lib/python3.12/site-packages/airflow/example_dags/example_xcomargs.py
[2025-08-26T19:04:22.022+0000] {processor.py:914} INFO - Processing file /home/airflow/.local/lib/python3.12/site-packages/airflow/example_dags/example_xcomargs.py for tasks to queue
[2025-08-26T19:04:22.023+0000] {logging_mixin.py:190} INFO - [2025-08-26T19:04:22.023+0000] {dagbag.py:588} INFO - Filling up the DagBag from /home/airflow/.local/lib/python3.12/site-packages/airflow/example_dags/example_xcomargs.py
[2025-08-26T19:04:22.027+0000] {processor.py:925} INFO - DAG(s) 'example_xcom_args', 'example_xcom_args_with_operators' retrieved from /home/airflow/.local/lib/python3.12/site-packages/airflow/example_dags/example_xcomargs.py
[2025-08-26T19:04:22.035+0000] {logging_mixin.py:190} INFO - [2025-08-26T19:04:22.035+0000] {dag.py:3239} INFO - Sync 2 DAGs
[2025-08-26T19:04:22.042+0000] {logging_mixin.py:190} INFO - [2025-08-26T19:04:22.042+0000] {dag.py:4180} INFO - Setting next_dagrun for example_xcom_args to None, run_after=None
[2025-08-26T19:04:22.043+0000] {logging_mixin.py:190} INFO - [2025-08-26T19:04:22.043+0000] {dag.py:4180} INFO - Setting next_dagrun for example_xcom_args_with_operators to None, run_after=None
[2025-08-26T19:04:22.053+0000] {processor.py:208} INFO - Processing /home/airflow/.local/lib/python3.12/site-packages/airflow/example_dags/example_xcomargs.py took 0.033 seconds
[2025-08-26T19:04:52.810+0000] {processor.py:186} INFO - Started process (PID=2702) to work on /home/airflow/.local/lib/python3.12/site-packages/airflow/example_dags/example_xcomargs.py
[2025-08-26T19:04:52.810+0000] {processor.py:914} INFO - Processing file /home/airflow/.local/lib/python3.12/site-packages/airflow/example_dags/example_xcomargs.py for tasks to queue
[2025-08-26T19:04:52.811+0000] {logging_mixin.py:190} INFO - [2025-08-26T19:04:52.811+0000] {dagbag.py:588} INFO - Filling up the DagBag from /home/airflow/.local/lib/python3.12/site-packages/airflow/example_dags/example_xcomargs.py
[2025-08-26T19:04:52.815+0000] {processor.py:925} INFO - DAG(s) 'example_xcom_args', 'example_xcom_args_with_operators' retrieved from /home/airflow/.local/lib/python3.12/site-packages/airflow/example_dags/example_xcomargs.py
[2025-08-26T19:04:52.825+0000] {logging_mixin.py:190} INFO - [2025-08-26T19:04:52.824+0000] {dag.py:3239} INFO - Sync 2 DAGs
[2025-08-26T19:04:52.831+0000] {logging_mixin.py:190} INFO - [2025-08-26T19:04:52.831+0000] {dag.py:4180} INFO - Setting next_dagrun for example_xcom_args to None, run_after=None
[2025-08-26T19:04:52.836+0000] {logging_mixin.py:190} INFO - [2025-08-26T19:04:52.836+0000] {dag.py:4180} INFO - Setting next_dagrun for example_xcom_args_with_operators to None, run_after=None
[2025-08-26T19:04:52.842+0000] {processor.py:208} INFO - Processing /home/airflow/.local/lib/python3.12/site-packages/airflow/example_dags/example_xcomargs.py took 0.035 seconds
[2025-08-26T19:05:23.454+0000] {processor.py:186} INFO - Started process (PID=2765) to work on /home/airflow/.local/lib/python3.12/site-packages/airflow/example_dags/example_xcomargs.py
[2025-08-26T19:05:23.457+0000] {processor.py:914} INFO - Processing file /home/airflow/.local/lib/python3.12/site-packages/airflow/example_dags/example_xcomargs.py for tasks to queue
[2025-08-26T19:05:23.458+0000] {logging_mixin.py:190} INFO - [2025-08-26T19:05:23.458+0000] {dagbag.py:588} INFO - Filling up the DagBag from /home/airflow/.local/lib/python3.12/site-packages/airflow/example_dags/example_xcomargs.py
[2025-08-26T19:05:23.462+0000] {processor.py:925} INFO - DAG(s) 'example_xcom_args_with_operators', 'example_xcom_args' retrieved from /home/airflow/.local/lib/python3.12/site-packages/airflow/example_dags/example_xcomargs.py
[2025-08-26T19:05:23.472+0000] {logging_mixin.py:190} INFO - [2025-08-26T19:05:23.472+0000] {dag.py:3239} INFO - Sync 2 DAGs
[2025-08-26T19:05:23.477+0000] {logging_mixin.py:190} INFO - [2025-08-26T19:05:23.477+0000] {dag.py:4180} INFO - Setting next_dagrun for example_xcom_args to None, run_after=None
[2025-08-26T19:05:23.479+0000] {logging_mixin.py:190} INFO - [2025-08-26T19:05:23.479+0000] {dag.py:4180} INFO - Setting next_dagrun for example_xcom_args_with_operators to None, run_after=None
[2025-08-26T19:05:23.485+0000] {processor.py:208} INFO - Processing /home/airflow/.local/lib/python3.12/site-packages/airflow/example_dags/example_xcomargs.py took 0.037 seconds
[2025-08-26T19:05:54.191+0000] {processor.py:186} INFO - Started process (PID=2828) to work on /home/airflow/.local/lib/python3.12/site-packages/airflow/example_dags/example_xcomargs.py
[2025-08-26T19:05:54.192+0000] {processor.py:914} INFO - Processing file /home/airflow/.local/lib/python3.12/site-packages/airflow/example_dags/example_xcomargs.py for tasks to queue
[2025-08-26T19:05:54.193+0000] {logging_mixin.py:190} INFO - [2025-08-26T19:05:54.193+0000] {dagbag.py:588} INFO - Filling up the DagBag from /home/airflow/.local/lib/python3.12/site-packages/airflow/example_dags/example_xcomargs.py
[2025-08-26T19:05:54.199+0000] {processor.py:925} INFO - DAG(s) 'example_xcom_args_with_operators', 'example_xcom_args' retrieved from /home/airflow/.local/lib/python3.12/site-packages/airflow/example_dags/example_xcomargs.py
[2025-08-26T19:05:54.210+0000] {logging_mixin.py:190} INFO - [2025-08-26T19:05:54.210+0000] {dag.py:3239} INFO - Sync 2 DAGs
[2025-08-26T19:05:54.217+0000] {logging_mixin.py:190} INFO - [2025-08-26T19:05:54.217+0000] {dag.py:4180} INFO - Setting next_dagrun for example_xcom_args to None, run_after=None
[2025-08-26T19:05:54.221+0000] {logging_mixin.py:190} INFO - [2025-08-26T19:05:54.221+0000] {dag.py:4180} INFO - Setting next_dagrun for example_xcom_args_with_operators to None, run_after=None
[2025-08-26T19:05:54.228+0000] {processor.py:208} INFO - Processing /home/airflow/.local/lib/python3.12/site-packages/airflow/example_dags/example_xcomargs.py took 0.039 seconds
[2025-08-26T19:06:24.878+0000] {processor.py:186} INFO - Started process (PID=2891) to work on /home/airflow/.local/lib/python3.12/site-packages/airflow/example_dags/example_xcomargs.py
[2025-08-26T19:06:24.878+0000] {processor.py:914} INFO - Processing file /home/airflow/.local/lib/python3.12/site-packages/airflow/example_dags/example_xcomargs.py for tasks to queue
[2025-08-26T19:06:24.879+0000] {logging_mixin.py:190} INFO - [2025-08-26T19:06:24.879+0000] {dagbag.py:588} INFO - Filling up the DagBag from /home/airflow/.local/lib/python3.12/site-packages/airflow/example_dags/example_xcomargs.py
[2025-08-26T19:06:24.883+0000] {processor.py:925} INFO - DAG(s) 'example_xcom_args', 'example_xcom_args_with_operators' retrieved from /home/airflow/.local/lib/python3.12/site-packages/airflow/example_dags/example_xcomargs.py
[2025-08-26T19:06:24.892+0000] {logging_mixin.py:190} INFO - [2025-08-26T19:06:24.892+0000] {dag.py:3239} INFO - Sync 2 DAGs
[2025-08-26T19:06:24.897+0000] {logging_mixin.py:190} INFO - [2025-08-26T19:06:24.897+0000] {dag.py:4180} INFO - Setting next_dagrun for example_xcom_args to None, run_after=None
[2025-08-26T19:06:24.898+0000] {logging_mixin.py:190} INFO - [2025-08-26T19:06:24.898+0000] {dag.py:4180} INFO - Setting next_dagrun for example_xcom_args_with_operators to None, run_after=None
[2025-08-26T19:06:24.906+0000] {processor.py:208} INFO - Processing /home/airflow/.local/lib/python3.12/site-packages/airflow/example_dags/example_xcomargs.py took 0.030 seconds
[2025-08-26T19:06:55.508+0000] {processor.py:186} INFO - Started process (PID=2954) to work on /home/airflow/.local/lib/python3.12/site-packages/airflow/example_dags/example_xcomargs.py
[2025-08-26T19:06:55.509+0000] {processor.py:914} INFO - Processing file /home/airflow/.local/lib/python3.12/site-packages/airflow/example_dags/example_xcomargs.py for tasks to queue
[2025-08-26T19:06:55.510+0000] {logging_mixin.py:190} INFO - [2025-08-26T19:06:55.510+0000] {dagbag.py:588} INFO - Filling up the DagBag from /home/airflow/.local/lib/python3.12/site-packages/airflow/example_dags/example_xcomargs.py
[2025-08-26T19:06:55.513+0000] {processor.py:925} INFO - DAG(s) 'example_xcom_args_with_operators', 'example_xcom_args' retrieved from /home/airflow/.local/lib/python3.12/site-packages/airflow/example_dags/example_xcomargs.py
[2025-08-26T19:06:55.525+0000] {logging_mixin.py:190} INFO - [2025-08-26T19:06:55.525+0000] {dag.py:3239} INFO - Sync 2 DAGs
[2025-08-26T19:06:55.532+0000] {logging_mixin.py:190} INFO - [2025-08-26T19:06:55.532+0000] {dag.py:4180} INFO - Setting next_dagrun for example_xcom_args to None, run_after=None
[2025-08-26T19:06:55.536+0000] {logging_mixin.py:190} INFO - [2025-08-26T19:06:55.536+0000] {dag.py:4180} INFO - Setting next_dagrun for example_xcom_args_with_operators to None, run_after=None
[2025-08-26T19:06:55.542+0000] {processor.py:208} INFO - Processing /home/airflow/.local/lib/python3.12/site-packages/airflow/example_dags/example_xcomargs.py took 0.036 seconds
[2025-08-26T19:07:26.246+0000] {processor.py:186} INFO - Started process (PID=3017) to work on /home/airflow/.local/lib/python3.12/site-packages/airflow/example_dags/example_xcomargs.py
[2025-08-26T19:07:26.247+0000] {processor.py:914} INFO - Processing file /home/airflow/.local/lib/python3.12/site-packages/airflow/example_dags/example_xcomargs.py for tasks to queue
[2025-08-26T19:07:26.248+0000] {logging_mixin.py:190} INFO - [2025-08-26T19:07:26.248+0000] {dagbag.py:588} INFO - Filling up the DagBag from /home/airflow/.local/lib/python3.12/site-packages/airflow/example_dags/example_xcomargs.py
[2025-08-26T19:07:26.252+0000] {processor.py:925} INFO - DAG(s) 'example_xcom_args_with_operators', 'example_xcom_args' retrieved from /home/airflow/.local/lib/python3.12/site-packages/airflow/example_dags/example_xcomargs.py
[2025-08-26T19:07:26.265+0000] {logging_mixin.py:190} INFO - [2025-08-26T19:07:26.265+0000] {dag.py:3239} INFO - Sync 2 DAGs
[2025-08-26T19:07:26.269+0000] {logging_mixin.py:190} INFO - [2025-08-26T19:07:26.269+0000] {dag.py:4180} INFO - Setting next_dagrun for example_xcom_args to None, run_after=None
[2025-08-26T19:07:26.270+0000] {logging_mixin.py:190} INFO - [2025-08-26T19:07:26.270+0000] {dag.py:4180} INFO - Setting next_dagrun for example_xcom_args_with_operators to None, run_after=None
[2025-08-26T19:07:26.277+0000] {processor.py:208} INFO - Processing /home/airflow/.local/lib/python3.12/site-packages/airflow/example_dags/example_xcomargs.py took 0.033 seconds
[2025-08-26T19:07:56.881+0000] {processor.py:186} INFO - Started process (PID=3080) to work on /home/airflow/.local/lib/python3.12/site-packages/airflow/example_dags/example_xcomargs.py
[2025-08-26T19:07:56.882+0000] {processor.py:914} INFO - Processing file /home/airflow/.local/lib/python3.12/site-packages/airflow/example_dags/example_xcomargs.py for tasks to queue
[2025-08-26T19:07:56.883+0000] {logging_mixin.py:190} INFO - [2025-08-26T19:07:56.883+0000] {dagbag.py:588} INFO - Filling up the DagBag from /home/airflow/.local/lib/python3.12/site-packages/airflow/example_dags/example_xcomargs.py
[2025-08-26T19:07:56.890+0000] {processor.py:925} INFO - DAG(s) 'example_xcom_args_with_operators', 'example_xcom_args' retrieved from /home/airflow/.local/lib/python3.12/site-packages/airflow/example_dags/example_xcomargs.py
[2025-08-26T19:07:56.898+0000] {logging_mixin.py:190} INFO - [2025-08-26T19:07:56.898+0000] {dag.py:3239} INFO - Sync 2 DAGs
[2025-08-26T19:07:56.903+0000] {logging_mixin.py:190} INFO - [2025-08-26T19:07:56.903+0000] {dag.py:4180} INFO - Setting next_dagrun for example_xcom_args to None, run_after=None
[2025-08-26T19:07:56.905+0000] {logging_mixin.py:190} INFO - [2025-08-26T19:07:56.905+0000] {dag.py:4180} INFO - Setting next_dagrun for example_xcom_args_with_operators to None, run_after=None
[2025-08-26T19:07:56.910+0000] {processor.py:208} INFO - Processing /home/airflow/.local/lib/python3.12/site-packages/airflow/example_dags/example_xcomargs.py took 0.030 seconds
[2025-08-26T19:08:27.548+0000] {processor.py:186} INFO - Started process (PID=3143) to work on /home/airflow/.local/lib/python3.12/site-packages/airflow/example_dags/example_xcomargs.py
[2025-08-26T19:08:27.549+0000] {processor.py:914} INFO - Processing file /home/airflow/.local/lib/python3.12/site-packages/airflow/example_dags/example_xcomargs.py for tasks to queue
[2025-08-26T19:08:27.549+0000] {logging_mixin.py:190} INFO - [2025-08-26T19:08:27.549+0000] {dagbag.py:588} INFO - Filling up the DagBag from /home/airflow/.local/lib/python3.12/site-packages/airflow/example_dags/example_xcomargs.py
[2025-08-26T19:08:27.553+0000] {processor.py:925} INFO - DAG(s) 'example_xcom_args', 'example_xcom_args_with_operators' retrieved from /home/airflow/.local/lib/python3.12/site-packages/airflow/example_dags/example_xcomargs.py
[2025-08-26T19:08:27.565+0000] {logging_mixin.py:190} INFO - [2025-08-26T19:08:27.564+0000] {dag.py:3239} INFO - Sync 2 DAGs
[2025-08-26T19:08:27.571+0000] {logging_mixin.py:190} INFO - [2025-08-26T19:08:27.571+0000] {dag.py:4180} INFO - Setting next_dagrun for example_xcom_args to None, run_after=None
[2025-08-26T19:08:27.572+0000] {logging_mixin.py:190} INFO - [2025-08-26T19:08:27.572+0000] {dag.py:4180} INFO - Setting next_dagrun for example_xcom_args_with_operators to None, run_after=None
[2025-08-26T19:08:27.579+0000] {processor.py:208} INFO - Processing /home/airflow/.local/lib/python3.12/site-packages/airflow/example_dags/example_xcomargs.py took 0.033 seconds
[2025-08-26T19:08:58.116+0000] {processor.py:186} INFO - Started process (PID=3206) to work on /home/airflow/.local/lib/python3.12/site-packages/airflow/example_dags/example_xcomargs.py
[2025-08-26T19:08:58.117+0000] {processor.py:914} INFO - Processing file /home/airflow/.local/lib/python3.12/site-packages/airflow/example_dags/example_xcomargs.py for tasks to queue
[2025-08-26T19:08:58.118+0000] {logging_mixin.py:190} INFO - [2025-08-26T19:08:58.117+0000] {dagbag.py:588} INFO - Filling up the DagBag from /home/airflow/.local/lib/python3.12/site-packages/airflow/example_dags/example_xcomargs.py
[2025-08-26T19:08:58.121+0000] {processor.py:925} INFO - DAG(s) 'example_xcom_args', 'example_xcom_args_with_operators' retrieved from /home/airflow/.local/lib/python3.12/site-packages/airflow/example_dags/example_xcomargs.py
[2025-08-26T19:08:58.131+0000] {logging_mixin.py:190} INFO - [2025-08-26T19:08:58.131+0000] {dag.py:3239} INFO - Sync 2 DAGs
[2025-08-26T19:08:58.137+0000] {logging_mixin.py:190} INFO - [2025-08-26T19:08:58.137+0000] {dag.py:4180} INFO - Setting next_dagrun for example_xcom_args to None, run_after=None
[2025-08-26T19:08:58.139+0000] {logging_mixin.py:190} INFO - [2025-08-26T19:08:58.138+0000] {dag.py:4180} INFO - Setting next_dagrun for example_xcom_args_with_operators to None, run_after=None
[2025-08-26T19:08:58.143+0000] {processor.py:208} INFO - Processing /home/airflow/.local/lib/python3.12/site-packages/airflow/example_dags/example_xcomargs.py took 0.031 seconds
[2025-08-26T19:09:28.866+0000] {processor.py:186} INFO - Started process (PID=3269) to work on /home/airflow/.local/lib/python3.12/site-packages/airflow/example_dags/example_xcomargs.py
[2025-08-26T19:09:28.867+0000] {processor.py:914} INFO - Processing file /home/airflow/.local/lib/python3.12/site-packages/airflow/example_dags/example_xcomargs.py for tasks to queue
[2025-08-26T19:09:28.869+0000] {logging_mixin.py:190} INFO - [2025-08-26T19:09:28.869+0000] {dagbag.py:588} INFO - Filling up the DagBag from /home/airflow/.local/lib/python3.12/site-packages/airflow/example_dags/example_xcomargs.py
[2025-08-26T19:09:28.873+0000] {processor.py:925} INFO - DAG(s) 'example_xcom_args', 'example_xcom_args_with_operators' retrieved from /home/airflow/.local/lib/python3.12/site-packages/airflow/example_dags/example_xcomargs.py
[2025-08-26T19:09:28.882+0000] {logging_mixin.py:190} INFO - [2025-08-26T19:09:28.882+0000] {dag.py:3239} INFO - Sync 2 DAGs
[2025-08-26T19:09:28.887+0000] {logging_mixin.py:190} INFO - [2025-08-26T19:09:28.887+0000] {dag.py:4180} INFO - Setting next_dagrun for example_xcom_args to None, run_after=None
[2025-08-26T19:09:28.889+0000] {logging_mixin.py:190} INFO - [2025-08-26T19:09:28.888+0000] {dag.py:4180} INFO - Setting next_dagrun for example_xcom_args_with_operators to None, run_after=None
[2025-08-26T19:09:28.895+0000] {processor.py:208} INFO - Processing /home/airflow/.local/lib/python3.12/site-packages/airflow/example_dags/example_xcomargs.py took 0.032 seconds
[2025-08-26T19:09:59.593+0000] {processor.py:186} INFO - Started process (PID=3332) to work on /home/airflow/.local/lib/python3.12/site-packages/airflow/example_dags/example_xcomargs.py
[2025-08-26T19:09:59.594+0000] {processor.py:914} INFO - Processing file /home/airflow/.local/lib/python3.12/site-packages/airflow/example_dags/example_xcomargs.py for tasks to queue
[2025-08-26T19:09:59.595+0000] {logging_mixin.py:190} INFO - [2025-08-26T19:09:59.594+0000] {dagbag.py:588} INFO - Filling up the DagBag from /home/airflow/.local/lib/python3.12/site-packages/airflow/example_dags/example_xcomargs.py
[2025-08-26T19:09:59.599+0000] {processor.py:925} INFO - DAG(s) 'example_xcom_args_with_operators', 'example_xcom_args' retrieved from /home/airflow/.local/lib/python3.12/site-packages/airflow/example_dags/example_xcomargs.py
[2025-08-26T19:09:59.610+0000] {logging_mixin.py:190} INFO - [2025-08-26T19:09:59.610+0000] {dag.py:3239} INFO - Sync 2 DAGs
[2025-08-26T19:09:59.615+0000] {logging_mixin.py:190} INFO - [2025-08-26T19:09:59.615+0000] {dag.py:4180} INFO - Setting next_dagrun for example_xcom_args to None, run_after=None
[2025-08-26T19:09:59.617+0000] {logging_mixin.py:190} INFO - [2025-08-26T19:09:59.617+0000] {dag.py:4180} INFO - Setting next_dagrun for example_xcom_args_with_operators to None, run_after=None
[2025-08-26T19:09:59.624+0000] {processor.py:208} INFO - Processing /home/airflow/.local/lib/python3.12/site-packages/airflow/example_dags/example_xcomargs.py took 0.033 seconds
[2025-08-26T19:10:30.366+0000] {processor.py:186} INFO - Started process (PID=3395) to work on /home/airflow/.local/lib/python3.12/site-packages/airflow/example_dags/example_xcomargs.py
[2025-08-26T19:10:30.366+0000] {processor.py:914} INFO - Processing file /home/airflow/.local/lib/python3.12/site-packages/airflow/example_dags/example_xcomargs.py for tasks to queue
[2025-08-26T19:10:30.367+0000] {logging_mixin.py:190} INFO - [2025-08-26T19:10:30.367+0000] {dagbag.py:588} INFO - Filling up the DagBag from /home/airflow/.local/lib/python3.12/site-packages/airflow/example_dags/example_xcomargs.py
[2025-08-26T19:10:30.372+0000] {processor.py:925} INFO - DAG(s) 'example_xcom_args_with_operators', 'example_xcom_args' retrieved from /home/airflow/.local/lib/python3.12/site-packages/airflow/example_dags/example_xcomargs.py
[2025-08-26T19:10:30.383+0000] {logging_mixin.py:190} INFO - [2025-08-26T19:10:30.383+0000] {dag.py:3239} INFO - Sync 2 DAGs
[2025-08-26T19:10:30.388+0000] {logging_mixin.py:190} INFO - [2025-08-26T19:10:30.388+0000] {dag.py:4180} INFO - Setting next_dagrun for example_xcom_args to None, run_after=None
[2025-08-26T19:10:30.390+0000] {logging_mixin.py:190} INFO - [2025-08-26T19:10:30.390+0000] {dag.py:4180} INFO - Setting next_dagrun for example_xcom_args_with_operators to None, run_after=None
[2025-08-26T19:10:30.394+0000] {processor.py:208} INFO - Processing /home/airflow/.local/lib/python3.12/site-packages/airflow/example_dags/example_xcomargs.py took 0.031 seconds
[2025-08-26T19:11:01.128+0000] {processor.py:186} INFO - Started process (PID=3458) to work on /home/airflow/.local/lib/python3.12/site-packages/airflow/example_dags/example_xcomargs.py
[2025-08-26T19:11:01.130+0000] {processor.py:914} INFO - Processing file /home/airflow/.local/lib/python3.12/site-packages/airflow/example_dags/example_xcomargs.py for tasks to queue
[2025-08-26T19:11:01.134+0000] {logging_mixin.py:190} INFO - [2025-08-26T19:11:01.134+0000] {dagbag.py:588} INFO - Filling up the DagBag from /home/airflow/.local/lib/python3.12/site-packages/airflow/example_dags/example_xcomargs.py
[2025-08-26T19:11:01.138+0000] {processor.py:925} INFO - DAG(s) 'example_xcom_args', 'example_xcom_args_with_operators' retrieved from /home/airflow/.local/lib/python3.12/site-packages/airflow/example_dags/example_xcomargs.py
[2025-08-26T19:11:01.149+0000] {logging_mixin.py:190} INFO - [2025-08-26T19:11:01.148+0000] {dag.py:3239} INFO - Sync 2 DAGs
[2025-08-26T19:11:01.154+0000] {logging_mixin.py:190} INFO - [2025-08-26T19:11:01.154+0000] {dag.py:4180} INFO - Setting next_dagrun for example_xcom_args to None, run_after=None
[2025-08-26T19:11:01.155+0000] {logging_mixin.py:190} INFO - [2025-08-26T19:11:01.155+0000] {dag.py:4180} INFO - Setting next_dagrun for example_xcom_args_with_operators to None, run_after=None
[2025-08-26T19:11:01.160+0000] {processor.py:208} INFO - Processing /home/airflow/.local/lib/python3.12/site-packages/airflow/example_dags/example_xcomargs.py took 0.034 seconds
[2025-08-26T19:11:31.931+0000] {processor.py:186} INFO - Started process (PID=3521) to work on /home/airflow/.local/lib/python3.12/site-packages/airflow/example_dags/example_xcomargs.py
[2025-08-26T19:11:31.934+0000] {processor.py:914} INFO - Processing file /home/airflow/.local/lib/python3.12/site-packages/airflow/example_dags/example_xcomargs.py for tasks to queue
[2025-08-26T19:11:31.936+0000] {logging_mixin.py:190} INFO - [2025-08-26T19:11:31.936+0000] {dagbag.py:588} INFO - Filling up the DagBag from /home/airflow/.local/lib/python3.12/site-packages/airflow/example_dags/example_xcomargs.py
[2025-08-26T19:11:31.940+0000] {processor.py:925} INFO - DAG(s) 'example_xcom_args', 'example_xcom_args_with_operators' retrieved from /home/airflow/.local/lib/python3.12/site-packages/airflow/example_dags/example_xcomargs.py
[2025-08-26T19:11:31.950+0000] {logging_mixin.py:190} INFO - [2025-08-26T19:11:31.950+0000] {dag.py:3239} INFO - Sync 2 DAGs
[2025-08-26T19:11:31.955+0000] {logging_mixin.py:190} INFO - [2025-08-26T19:11:31.955+0000] {dag.py:4180} INFO - Setting next_dagrun for example_xcom_args to None, run_after=None
[2025-08-26T19:11:31.956+0000] {logging_mixin.py:190} INFO - [2025-08-26T19:11:31.956+0000] {dag.py:4180} INFO - Setting next_dagrun for example_xcom_args_with_operators to None, run_after=None
[2025-08-26T19:11:31.960+0000] {processor.py:208} INFO - Processing /home/airflow/.local/lib/python3.12/site-packages/airflow/example_dags/example_xcomargs.py took 0.032 seconds
[2025-08-26T19:12:02.719+0000] {processor.py:186} INFO - Started process (PID=3584) to work on /home/airflow/.local/lib/python3.12/site-packages/airflow/example_dags/example_xcomargs.py
[2025-08-26T19:12:02.720+0000] {processor.py:914} INFO - Processing file /home/airflow/.local/lib/python3.12/site-packages/airflow/example_dags/example_xcomargs.py for tasks to queue
[2025-08-26T19:12:02.723+0000] {logging_mixin.py:190} INFO - [2025-08-26T19:12:02.723+0000] {dagbag.py:588} INFO - Filling up the DagBag from /home/airflow/.local/lib/python3.12/site-packages/airflow/example_dags/example_xcomargs.py
[2025-08-26T19:12:02.727+0000] {processor.py:925} INFO - DAG(s) 'example_xcom_args', 'example_xcom_args_with_operators' retrieved from /home/airflow/.local/lib/python3.12/site-packages/airflow/example_dags/example_xcomargs.py
[2025-08-26T19:12:02.737+0000] {logging_mixin.py:190} INFO - [2025-08-26T19:12:02.737+0000] {dag.py:3239} INFO - Sync 2 DAGs
[2025-08-26T19:12:02.743+0000] {logging_mixin.py:190} INFO - [2025-08-26T19:12:02.743+0000] {dag.py:4180} INFO - Setting next_dagrun for example_xcom_args to None, run_after=None
[2025-08-26T19:12:02.744+0000] {logging_mixin.py:190} INFO - [2025-08-26T19:12:02.744+0000] {dag.py:4180} INFO - Setting next_dagrun for example_xcom_args_with_operators to None, run_after=None
[2025-08-26T19:12:02.749+0000] {processor.py:208} INFO - Processing /home/airflow/.local/lib/python3.12/site-packages/airflow/example_dags/example_xcomargs.py took 0.032 seconds
[2025-08-26T19:12:33.486+0000] {processor.py:186} INFO - Started process (PID=3647) to work on /home/airflow/.local/lib/python3.12/site-packages/airflow/example_dags/example_xcomargs.py
[2025-08-26T19:12:33.486+0000] {processor.py:914} INFO - Processing file /home/airflow/.local/lib/python3.12/site-packages/airflow/example_dags/example_xcomargs.py for tasks to queue
[2025-08-26T19:12:33.487+0000] {logging_mixin.py:190} INFO - [2025-08-26T19:12:33.487+0000] {dagbag.py:588} INFO - Filling up the DagBag from /home/airflow/.local/lib/python3.12/site-packages/airflow/example_dags/example_xcomargs.py
[2025-08-26T19:12:33.491+0000] {processor.py:925} INFO - DAG(s) 'example_xcom_args_with_operators', 'example_xcom_args' retrieved from /home/airflow/.local/lib/python3.12/site-packages/airflow/example_dags/example_xcomargs.py
[2025-08-26T19:12:33.499+0000] {logging_mixin.py:190} INFO - [2025-08-26T19:12:33.499+0000] {dag.py:3239} INFO - Sync 2 DAGs
[2025-08-26T19:12:33.504+0000] {logging_mixin.py:190} INFO - [2025-08-26T19:12:33.504+0000] {dag.py:4180} INFO - Setting next_dagrun for example_xcom_args to None, run_after=None
[2025-08-26T19:12:33.506+0000] {logging_mixin.py:190} INFO - [2025-08-26T19:12:33.506+0000] {dag.py:4180} INFO - Setting next_dagrun for example_xcom_args_with_operators to None, run_after=None
[2025-08-26T19:12:33.512+0000] {processor.py:208} INFO - Processing /home/airflow/.local/lib/python3.12/site-packages/airflow/example_dags/example_xcomargs.py took 0.028 seconds
[2025-08-26T19:13:04.377+0000] {processor.py:186} INFO - Started process (PID=3710) to work on /home/airflow/.local/lib/python3.12/site-packages/airflow/example_dags/example_xcomargs.py
[2025-08-26T19:13:04.380+0000] {processor.py:914} INFO - Processing file /home/airflow/.local/lib/python3.12/site-packages/airflow/example_dags/example_xcomargs.py for tasks to queue
[2025-08-26T19:13:04.381+0000] {logging_mixin.py:190} INFO - [2025-08-26T19:13:04.381+0000] {dagbag.py:588} INFO - Filling up the DagBag from /home/airflow/.local/lib/python3.12/site-packages/airflow/example_dags/example_xcomargs.py
[2025-08-26T19:13:04.386+0000] {processor.py:925} INFO - DAG(s) 'example_xcom_args_with_operators', 'example_xcom_args' retrieved from /home/airflow/.local/lib/python3.12/site-packages/airflow/example_dags/example_xcomargs.py
[2025-08-26T19:13:04.397+0000] {logging_mixin.py:190} INFO - [2025-08-26T19:13:04.396+0000] {dag.py:3239} INFO - Sync 2 DAGs
[2025-08-26T19:13:04.401+0000] {logging_mixin.py:190} INFO - [2025-08-26T19:13:04.401+0000] {dag.py:4180} INFO - Setting next_dagrun for example_xcom_args to None, run_after=None
[2025-08-26T19:13:04.403+0000] {logging_mixin.py:190} INFO - [2025-08-26T19:13:04.403+0000] {dag.py:4180} INFO - Setting next_dagrun for example_xcom_args_with_operators to None, run_after=None
[2025-08-26T19:13:04.407+0000] {processor.py:208} INFO - Processing /home/airflow/.local/lib/python3.12/site-packages/airflow/example_dags/example_xcomargs.py took 0.033 seconds
[2025-08-26T19:13:35.335+0000] {processor.py:186} INFO - Started process (PID=3773) to work on /home/airflow/.local/lib/python3.12/site-packages/airflow/example_dags/example_xcomargs.py
[2025-08-26T19:13:35.336+0000] {processor.py:914} INFO - Processing file /home/airflow/.local/lib/python3.12/site-packages/airflow/example_dags/example_xcomargs.py for tasks to queue
[2025-08-26T19:13:35.336+0000] {logging_mixin.py:190} INFO - [2025-08-26T19:13:35.336+0000] {dagbag.py:588} INFO - Filling up the DagBag from /home/airflow/.local/lib/python3.12/site-packages/airflow/example_dags/example_xcomargs.py
[2025-08-26T19:13:35.341+0000] {processor.py:925} INFO - DAG(s) 'example_xcom_args_with_operators', 'example_xcom_args' retrieved from /home/airflow/.local/lib/python3.12/site-packages/airflow/example_dags/example_xcomargs.py
[2025-08-26T19:13:35.351+0000] {logging_mixin.py:190} INFO - [2025-08-26T19:13:35.351+0000] {dag.py:3239} INFO - Sync 2 DAGs
[2025-08-26T19:13:35.358+0000] {logging_mixin.py:190} INFO - [2025-08-26T19:13:35.358+0000] {dag.py:4180} INFO - Setting next_dagrun for example_xcom_args to None, run_after=None
[2025-08-26T19:13:35.360+0000] {logging_mixin.py:190} INFO - [2025-08-26T19:13:35.360+0000] {dag.py:4180} INFO - Setting next_dagrun for example_xcom_args_with_operators to None, run_after=None
[2025-08-26T19:13:35.367+0000] {processor.py:208} INFO - Processing /home/airflow/.local/lib/python3.12/site-packages/airflow/example_dags/example_xcomargs.py took 0.035 seconds
[2025-08-26T19:14:06.272+0000] {processor.py:186} INFO - Started process (PID=3836) to work on /home/airflow/.local/lib/python3.12/site-packages/airflow/example_dags/example_xcomargs.py
[2025-08-26T19:14:06.273+0000] {processor.py:914} INFO - Processing file /home/airflow/.local/lib/python3.12/site-packages/airflow/example_dags/example_xcomargs.py for tasks to queue
[2025-08-26T19:14:06.274+0000] {logging_mixin.py:190} INFO - [2025-08-26T19:14:06.274+0000] {dagbag.py:588} INFO - Filling up the DagBag from /home/airflow/.local/lib/python3.12/site-packages/airflow/example_dags/example_xcomargs.py
[2025-08-26T19:14:06.279+0000] {processor.py:925} INFO - DAG(s) 'example_xcom_args', 'example_xcom_args_with_operators' retrieved from /home/airflow/.local/lib/python3.12/site-packages/airflow/example_dags/example_xcomargs.py
[2025-08-26T19:14:06.286+0000] {logging_mixin.py:190} INFO - [2025-08-26T19:14:06.286+0000] {dag.py:3239} INFO - Sync 2 DAGs
[2025-08-26T19:14:06.292+0000] {logging_mixin.py:190} INFO - [2025-08-26T19:14:06.291+0000] {dag.py:4180} INFO - Setting next_dagrun for example_xcom_args to None, run_after=None
[2025-08-26T19:14:06.295+0000] {logging_mixin.py:190} INFO - [2025-08-26T19:14:06.295+0000] {dag.py:4180} INFO - Setting next_dagrun for example_xcom_args_with_operators to None, run_after=None
[2025-08-26T19:14:06.302+0000] {processor.py:208} INFO - Processing /home/airflow/.local/lib/python3.12/site-packages/airflow/example_dags/example_xcomargs.py took 0.032 seconds
[2025-08-26T19:14:37.126+0000] {processor.py:186} INFO - Started process (PID=3899) to work on /home/airflow/.local/lib/python3.12/site-packages/airflow/example_dags/example_xcomargs.py
[2025-08-26T19:14:37.127+0000] {processor.py:914} INFO - Processing file /home/airflow/.local/lib/python3.12/site-packages/airflow/example_dags/example_xcomargs.py for tasks to queue
[2025-08-26T19:14:37.128+0000] {logging_mixin.py:190} INFO - [2025-08-26T19:14:37.128+0000] {dagbag.py:588} INFO - Filling up the DagBag from /home/airflow/.local/lib/python3.12/site-packages/airflow/example_dags/example_xcomargs.py
[2025-08-26T19:14:37.132+0000] {processor.py:925} INFO - DAG(s) 'example_xcom_args_with_operators', 'example_xcom_args' retrieved from /home/airflow/.local/lib/python3.12/site-packages/airflow/example_dags/example_xcomargs.py
[2025-08-26T19:14:37.140+0000] {logging_mixin.py:190} INFO - [2025-08-26T19:14:37.140+0000] {dag.py:3239} INFO - Sync 2 DAGs
[2025-08-26T19:14:37.147+0000] {logging_mixin.py:190} INFO - [2025-08-26T19:14:37.146+0000] {dag.py:4180} INFO - Setting next_dagrun for example_xcom_args to None, run_after=None
[2025-08-26T19:14:37.149+0000] {logging_mixin.py:190} INFO - [2025-08-26T19:14:37.149+0000] {dag.py:4180} INFO - Setting next_dagrun for example_xcom_args_with_operators to None, run_after=None
[2025-08-26T19:14:37.158+0000] {processor.py:208} INFO - Processing /home/airflow/.local/lib/python3.12/site-packages/airflow/example_dags/example_xcomargs.py took 0.035 seconds
