[2025-08-26T15:43:48.953+0000] {processor.py:186} INFO - Started process (PID=59) to work on /home/airflow/.local/lib/python3.12/site-packages/airflow/example_dags/example_branch_operator.py
[2025-08-26T15:43:48.956+0000] {processor.py:914} INFO - Processing file /home/airflow/.local/lib/python3.12/site-packages/airflow/example_dags/example_branch_operator.py for tasks to queue
[2025-08-26T15:43:48.959+0000] {logging_mixin.py:190} INFO - [2025-08-26T15:43:48.958+0000] {dagbag.py:588} INFO - Filling up the DagBag from /home/airflow/.local/lib/python3.12/site-packages/airflow/example_dags/example_branch_operator.py
[2025-08-26T15:43:48.970+0000] {processor.py:925} INFO - DAG(s) 'example_branch_operator' retrieved from /home/airflow/.local/lib/python3.12/site-packages/airflow/example_dags/example_branch_operator.py
[2025-08-26T15:43:49.023+0000] {logging_mixin.py:190} INFO - [2025-08-26T15:43:49.022+0000] {override.py:1900} INFO - Created Permission View: can edit on DAG:example_branch_operator
[2025-08-26T15:43:49.030+0000] {logging_mixin.py:190} INFO - [2025-08-26T15:43:49.029+0000] {override.py:1900} INFO - Created Permission View: can delete on DAG:example_branch_operator
[2025-08-26T15:43:49.032+0000] {logging_mixin.py:190} INFO - [2025-08-26T15:43:49.032+0000] {override.py:1900} INFO - Created Permission View: can read on DAG:example_branch_operator
[2025-08-26T15:43:49.035+0000] {logging_mixin.py:190} INFO - [2025-08-26T15:43:49.035+0000] {override.py:1900} INFO - Created Permission View: can create on DAG Run:example_branch_operator
[2025-08-26T15:43:49.039+0000] {logging_mixin.py:190} INFO - [2025-08-26T15:43:49.038+0000] {override.py:1900} INFO - Created Permission View: can delete on DAG Run:example_branch_operator
[2025-08-26T15:43:49.041+0000] {logging_mixin.py:190} INFO - [2025-08-26T15:43:49.041+0000] {override.py:1900} INFO - Created Permission View: menu access on DAG Run:example_branch_operator
[2025-08-26T15:43:49.044+0000] {logging_mixin.py:190} INFO - [2025-08-26T15:43:49.044+0000] {override.py:1900} INFO - Created Permission View: can read on DAG Run:example_branch_operator
[2025-08-26T15:43:49.044+0000] {logging_mixin.py:190} INFO - [2025-08-26T15:43:49.044+0000] {dag.py:3239} INFO - Sync 1 DAGs
[2025-08-26T15:43:49.052+0000] {logging_mixin.py:190} INFO - [2025-08-26T15:43:49.052+0000] {dag.py:3262} INFO - Creating ORM DAG for example_branch_operator
[2025-08-26T15:43:49.058+0000] {logging_mixin.py:190} INFO - [2025-08-26T15:43:49.057+0000] {dag.py:4180} INFO - Setting next_dagrun for example_branch_operator to 2025-08-25 00:00:00+00:00, run_after=2025-08-26 00:00:00+00:00
[2025-08-26T15:43:49.070+0000] {processor.py:208} INFO - Processing /home/airflow/.local/lib/python3.12/site-packages/airflow/example_dags/example_branch_operator.py took 0.120 seconds
[2025-08-26T15:44:19.988+0000] {processor.py:186} INFO - Started process (PID=122) to work on /home/airflow/.local/lib/python3.12/site-packages/airflow/example_dags/example_branch_operator.py
[2025-08-26T15:44:19.989+0000] {processor.py:914} INFO - Processing file /home/airflow/.local/lib/python3.12/site-packages/airflow/example_dags/example_branch_operator.py for tasks to queue
[2025-08-26T15:44:19.990+0000] {logging_mixin.py:190} INFO - [2025-08-26T15:44:19.989+0000] {dagbag.py:588} INFO - Filling up the DagBag from /home/airflow/.local/lib/python3.12/site-packages/airflow/example_dags/example_branch_operator.py
[2025-08-26T15:44:19.996+0000] {processor.py:925} INFO - DAG(s) 'example_branch_operator' retrieved from /home/airflow/.local/lib/python3.12/site-packages/airflow/example_dags/example_branch_operator.py
[2025-08-26T15:44:20.006+0000] {logging_mixin.py:190} INFO - [2025-08-26T15:44:20.006+0000] {dag.py:3239} INFO - Sync 1 DAGs
[2025-08-26T15:44:20.013+0000] {logging_mixin.py:190} INFO - [2025-08-26T15:44:20.013+0000] {dag.py:4180} INFO - Setting next_dagrun for example_branch_operator to 2025-08-25 00:00:00+00:00, run_after=2025-08-26 00:00:00+00:00
[2025-08-26T15:44:20.019+0000] {processor.py:208} INFO - Processing /home/airflow/.local/lib/python3.12/site-packages/airflow/example_dags/example_branch_operator.py took 0.033 seconds
[2025-08-26T15:44:50.660+0000] {processor.py:186} INFO - Started process (PID=185) to work on /home/airflow/.local/lib/python3.12/site-packages/airflow/example_dags/example_branch_operator.py
[2025-08-26T15:44:50.660+0000] {processor.py:914} INFO - Processing file /home/airflow/.local/lib/python3.12/site-packages/airflow/example_dags/example_branch_operator.py for tasks to queue
[2025-08-26T15:44:50.661+0000] {logging_mixin.py:190} INFO - [2025-08-26T15:44:50.661+0000] {dagbag.py:588} INFO - Filling up the DagBag from /home/airflow/.local/lib/python3.12/site-packages/airflow/example_dags/example_branch_operator.py
[2025-08-26T15:44:50.667+0000] {processor.py:925} INFO - DAG(s) 'example_branch_operator' retrieved from /home/airflow/.local/lib/python3.12/site-packages/airflow/example_dags/example_branch_operator.py
[2025-08-26T15:44:50.677+0000] {logging_mixin.py:190} INFO - [2025-08-26T15:44:50.677+0000] {dag.py:3239} INFO - Sync 1 DAGs
[2025-08-26T15:44:50.685+0000] {logging_mixin.py:190} INFO - [2025-08-26T15:44:50.685+0000] {dag.py:4180} INFO - Setting next_dagrun for example_branch_operator to 2025-08-25 00:00:00+00:00, run_after=2025-08-26 00:00:00+00:00
[2025-08-26T15:44:50.690+0000] {processor.py:208} INFO - Processing /home/airflow/.local/lib/python3.12/site-packages/airflow/example_dags/example_branch_operator.py took 0.033 seconds
[2025-08-26T15:45:21.506+0000] {processor.py:186} INFO - Started process (PID=248) to work on /home/airflow/.local/lib/python3.12/site-packages/airflow/example_dags/example_branch_operator.py
[2025-08-26T15:45:21.507+0000] {processor.py:914} INFO - Processing file /home/airflow/.local/lib/python3.12/site-packages/airflow/example_dags/example_branch_operator.py for tasks to queue
[2025-08-26T15:45:21.508+0000] {logging_mixin.py:190} INFO - [2025-08-26T15:45:21.507+0000] {dagbag.py:588} INFO - Filling up the DagBag from /home/airflow/.local/lib/python3.12/site-packages/airflow/example_dags/example_branch_operator.py
[2025-08-26T15:45:21.514+0000] {processor.py:925} INFO - DAG(s) 'example_branch_operator' retrieved from /home/airflow/.local/lib/python3.12/site-packages/airflow/example_dags/example_branch_operator.py
[2025-08-26T15:45:21.526+0000] {logging_mixin.py:190} INFO - [2025-08-26T15:45:21.525+0000] {dag.py:3239} INFO - Sync 1 DAGs
[2025-08-26T15:45:21.533+0000] {logging_mixin.py:190} INFO - [2025-08-26T15:45:21.533+0000] {dag.py:4180} INFO - Setting next_dagrun for example_branch_operator to 2025-08-25 00:00:00+00:00, run_after=2025-08-26 00:00:00+00:00
[2025-08-26T15:45:21.542+0000] {processor.py:208} INFO - Processing /home/airflow/.local/lib/python3.12/site-packages/airflow/example_dags/example_branch_operator.py took 0.038 seconds
[2025-08-26T15:56:42.677+0000] {processor.py:186} INFO - Started process (PID=305) to work on /home/airflow/.local/lib/python3.12/site-packages/airflow/example_dags/example_branch_operator.py
[2025-08-26T15:56:42.678+0000] {processor.py:914} INFO - Processing file /home/airflow/.local/lib/python3.12/site-packages/airflow/example_dags/example_branch_operator.py for tasks to queue
[2025-08-26T15:56:42.679+0000] {logging_mixin.py:190} INFO - [2025-08-26T15:56:42.678+0000] {dagbag.py:588} INFO - Filling up the DagBag from /home/airflow/.local/lib/python3.12/site-packages/airflow/example_dags/example_branch_operator.py
[2025-08-26T15:56:42.685+0000] {processor.py:925} INFO - DAG(s) 'example_branch_operator' retrieved from /home/airflow/.local/lib/python3.12/site-packages/airflow/example_dags/example_branch_operator.py
[2025-08-26T15:56:42.696+0000] {logging_mixin.py:190} INFO - [2025-08-26T15:56:42.696+0000] {dag.py:3239} INFO - Sync 1 DAGs
[2025-08-26T15:56:42.704+0000] {logging_mixin.py:190} INFO - [2025-08-26T15:56:42.704+0000] {dag.py:4180} INFO - Setting next_dagrun for example_branch_operator to 2025-08-25 00:00:00+00:00, run_after=2025-08-26 00:00:00+00:00
[2025-08-26T15:56:42.711+0000] {processor.py:208} INFO - Processing /home/airflow/.local/lib/python3.12/site-packages/airflow/example_dags/example_branch_operator.py took 0.035 seconds
[2025-08-26T16:32:53.268+0000] {processor.py:186} INFO - Started process (PID=368) to work on /home/airflow/.local/lib/python3.12/site-packages/airflow/example_dags/example_branch_operator.py
[2025-08-26T16:32:53.268+0000] {processor.py:914} INFO - Processing file /home/airflow/.local/lib/python3.12/site-packages/airflow/example_dags/example_branch_operator.py for tasks to queue
[2025-08-26T16:32:53.269+0000] {logging_mixin.py:190} INFO - [2025-08-26T16:32:53.269+0000] {dagbag.py:588} INFO - Filling up the DagBag from /home/airflow/.local/lib/python3.12/site-packages/airflow/example_dags/example_branch_operator.py
[2025-08-26T16:32:53.276+0000] {processor.py:925} INFO - DAG(s) 'example_branch_operator' retrieved from /home/airflow/.local/lib/python3.12/site-packages/airflow/example_dags/example_branch_operator.py
[2025-08-26T16:32:53.286+0000] {logging_mixin.py:190} INFO - [2025-08-26T16:32:53.285+0000] {dag.py:3239} INFO - Sync 1 DAGs
[2025-08-26T16:32:53.294+0000] {logging_mixin.py:190} INFO - [2025-08-26T16:32:53.294+0000] {dag.py:4180} INFO - Setting next_dagrun for example_branch_operator to 2025-08-25 00:00:00+00:00, run_after=2025-08-26 00:00:00+00:00
[2025-08-26T16:32:53.299+0000] {processor.py:208} INFO - Processing /home/airflow/.local/lib/python3.12/site-packages/airflow/example_dags/example_branch_operator.py took 0.034 seconds
[2025-08-26T18:02:29.420+0000] {processor.py:186} INFO - Started process (PID=431) to work on /home/airflow/.local/lib/python3.12/site-packages/airflow/example_dags/example_branch_operator.py
[2025-08-26T18:02:29.421+0000] {processor.py:914} INFO - Processing file /home/airflow/.local/lib/python3.12/site-packages/airflow/example_dags/example_branch_operator.py for tasks to queue
[2025-08-26T18:02:29.422+0000] {logging_mixin.py:190} INFO - [2025-08-26T18:02:29.422+0000] {dagbag.py:588} INFO - Filling up the DagBag from /home/airflow/.local/lib/python3.12/site-packages/airflow/example_dags/example_branch_operator.py
[2025-08-26T18:02:29.429+0000] {processor.py:925} INFO - DAG(s) 'example_branch_operator' retrieved from /home/airflow/.local/lib/python3.12/site-packages/airflow/example_dags/example_branch_operator.py
[2025-08-26T18:02:29.442+0000] {logging_mixin.py:190} INFO - [2025-08-26T18:02:29.442+0000] {dag.py:3239} INFO - Sync 1 DAGs
[2025-08-26T18:02:29.451+0000] {logging_mixin.py:190} INFO - [2025-08-26T18:02:29.451+0000] {dag.py:4180} INFO - Setting next_dagrun for example_branch_operator to 2025-08-25 00:00:00+00:00, run_after=2025-08-26 00:00:00+00:00
[2025-08-26T18:02:29.459+0000] {processor.py:208} INFO - Processing /home/airflow/.local/lib/python3.12/site-packages/airflow/example_dags/example_branch_operator.py took 0.041 seconds
[2025-08-26T18:46:59.383+0000] {processor.py:186} INFO - Started process (PID=494) to work on /home/airflow/.local/lib/python3.12/site-packages/airflow/example_dags/example_branch_operator.py
[2025-08-26T18:46:59.384+0000] {processor.py:914} INFO - Processing file /home/airflow/.local/lib/python3.12/site-packages/airflow/example_dags/example_branch_operator.py for tasks to queue
[2025-08-26T18:46:59.385+0000] {logging_mixin.py:190} INFO - [2025-08-26T18:46:59.385+0000] {dagbag.py:588} INFO - Filling up the DagBag from /home/airflow/.local/lib/python3.12/site-packages/airflow/example_dags/example_branch_operator.py
[2025-08-26T18:46:59.392+0000] {processor.py:925} INFO - DAG(s) 'example_branch_operator' retrieved from /home/airflow/.local/lib/python3.12/site-packages/airflow/example_dags/example_branch_operator.py
[2025-08-26T18:46:59.411+0000] {logging_mixin.py:190} INFO - [2025-08-26T18:46:59.411+0000] {dag.py:3239} INFO - Sync 1 DAGs
[2025-08-26T18:46:59.422+0000] {logging_mixin.py:190} INFO - [2025-08-26T18:46:59.421+0000] {dag.py:4180} INFO - Setting next_dagrun for example_branch_operator to 2025-08-25 00:00:00+00:00, run_after=2025-08-26 00:00:00+00:00
[2025-08-26T18:46:59.431+0000] {processor.py:208} INFO - Processing /home/airflow/.local/lib/python3.12/site-packages/airflow/example_dags/example_branch_operator.py took 0.050 seconds
[2025-08-26T18:47:30.229+0000] {processor.py:186} INFO - Started process (PID=557) to work on /home/airflow/.local/lib/python3.12/site-packages/airflow/example_dags/example_branch_operator.py
[2025-08-26T18:47:30.229+0000] {processor.py:914} INFO - Processing file /home/airflow/.local/lib/python3.12/site-packages/airflow/example_dags/example_branch_operator.py for tasks to queue
[2025-08-26T18:47:30.231+0000] {logging_mixin.py:190} INFO - [2025-08-26T18:47:30.231+0000] {dagbag.py:588} INFO - Filling up the DagBag from /home/airflow/.local/lib/python3.12/site-packages/airflow/example_dags/example_branch_operator.py
[2025-08-26T18:47:30.239+0000] {processor.py:925} INFO - DAG(s) 'example_branch_operator' retrieved from /home/airflow/.local/lib/python3.12/site-packages/airflow/example_dags/example_branch_operator.py
[2025-08-26T18:47:30.253+0000] {logging_mixin.py:190} INFO - [2025-08-26T18:47:30.253+0000] {dag.py:3239} INFO - Sync 1 DAGs
[2025-08-26T18:47:30.262+0000] {logging_mixin.py:190} INFO - [2025-08-26T18:47:30.262+0000] {dag.py:4180} INFO - Setting next_dagrun for example_branch_operator to 2025-08-25 00:00:00+00:00, run_after=2025-08-26 00:00:00+00:00
[2025-08-26T18:47:30.269+0000] {processor.py:208} INFO - Processing /home/airflow/.local/lib/python3.12/site-packages/airflow/example_dags/example_branch_operator.py took 0.044 seconds
[2025-08-26T18:48:00.999+0000] {processor.py:186} INFO - Started process (PID=620) to work on /home/airflow/.local/lib/python3.12/site-packages/airflow/example_dags/example_branch_operator.py
[2025-08-26T18:48:01.001+0000] {processor.py:914} INFO - Processing file /home/airflow/.local/lib/python3.12/site-packages/airflow/example_dags/example_branch_operator.py for tasks to queue
[2025-08-26T18:48:01.003+0000] {logging_mixin.py:190} INFO - [2025-08-26T18:48:01.003+0000] {dagbag.py:588} INFO - Filling up the DagBag from /home/airflow/.local/lib/python3.12/site-packages/airflow/example_dags/example_branch_operator.py
[2025-08-26T18:48:01.014+0000] {processor.py:925} INFO - DAG(s) 'example_branch_operator' retrieved from /home/airflow/.local/lib/python3.12/site-packages/airflow/example_dags/example_branch_operator.py
[2025-08-26T18:48:01.026+0000] {logging_mixin.py:190} INFO - [2025-08-26T18:48:01.026+0000] {dag.py:3239} INFO - Sync 1 DAGs
[2025-08-26T18:48:01.034+0000] {logging_mixin.py:190} INFO - [2025-08-26T18:48:01.034+0000] {dag.py:4180} INFO - Setting next_dagrun for example_branch_operator to 2025-08-25 00:00:00+00:00, run_after=2025-08-26 00:00:00+00:00
[2025-08-26T18:48:01.039+0000] {processor.py:208} INFO - Processing /home/airflow/.local/lib/python3.12/site-packages/airflow/example_dags/example_branch_operator.py took 0.043 seconds
[2025-08-26T18:48:31.836+0000] {processor.py:186} INFO - Started process (PID=683) to work on /home/airflow/.local/lib/python3.12/site-packages/airflow/example_dags/example_branch_operator.py
[2025-08-26T18:48:31.837+0000] {processor.py:914} INFO - Processing file /home/airflow/.local/lib/python3.12/site-packages/airflow/example_dags/example_branch_operator.py for tasks to queue
[2025-08-26T18:48:31.838+0000] {logging_mixin.py:190} INFO - [2025-08-26T18:48:31.838+0000] {dagbag.py:588} INFO - Filling up the DagBag from /home/airflow/.local/lib/python3.12/site-packages/airflow/example_dags/example_branch_operator.py
[2025-08-26T18:48:31.845+0000] {processor.py:925} INFO - DAG(s) 'example_branch_operator' retrieved from /home/airflow/.local/lib/python3.12/site-packages/airflow/example_dags/example_branch_operator.py
[2025-08-26T18:48:31.855+0000] {logging_mixin.py:190} INFO - [2025-08-26T18:48:31.855+0000] {dag.py:3239} INFO - Sync 1 DAGs
[2025-08-26T18:48:31.865+0000] {logging_mixin.py:190} INFO - [2025-08-26T18:48:31.865+0000] {dag.py:4180} INFO - Setting next_dagrun for example_branch_operator to 2025-08-25 00:00:00+00:00, run_after=2025-08-26 00:00:00+00:00
[2025-08-26T18:48:31.873+0000] {processor.py:208} INFO - Processing /home/airflow/.local/lib/python3.12/site-packages/airflow/example_dags/example_branch_operator.py took 0.040 seconds
[2025-08-26T18:49:02.467+0000] {processor.py:186} INFO - Started process (PID=746) to work on /home/airflow/.local/lib/python3.12/site-packages/airflow/example_dags/example_branch_operator.py
[2025-08-26T18:49:02.468+0000] {processor.py:914} INFO - Processing file /home/airflow/.local/lib/python3.12/site-packages/airflow/example_dags/example_branch_operator.py for tasks to queue
[2025-08-26T18:49:02.469+0000] {logging_mixin.py:190} INFO - [2025-08-26T18:49:02.469+0000] {dagbag.py:588} INFO - Filling up the DagBag from /home/airflow/.local/lib/python3.12/site-packages/airflow/example_dags/example_branch_operator.py
[2025-08-26T18:49:02.478+0000] {processor.py:925} INFO - DAG(s) 'example_branch_operator' retrieved from /home/airflow/.local/lib/python3.12/site-packages/airflow/example_dags/example_branch_operator.py
[2025-08-26T18:49:02.489+0000] {logging_mixin.py:190} INFO - [2025-08-26T18:49:02.489+0000] {dag.py:3239} INFO - Sync 1 DAGs
[2025-08-26T18:49:02.497+0000] {logging_mixin.py:190} INFO - [2025-08-26T18:49:02.496+0000] {dag.py:4180} INFO - Setting next_dagrun for example_branch_operator to 2025-08-25 00:00:00+00:00, run_after=2025-08-26 00:00:00+00:00
[2025-08-26T18:49:02.505+0000] {processor.py:208} INFO - Processing /home/airflow/.local/lib/python3.12/site-packages/airflow/example_dags/example_branch_operator.py took 0.040 seconds
[2025-08-26T18:49:33.210+0000] {processor.py:186} INFO - Started process (PID=810) to work on /home/airflow/.local/lib/python3.12/site-packages/airflow/example_dags/example_branch_operator.py
[2025-08-26T18:49:33.210+0000] {processor.py:914} INFO - Processing file /home/airflow/.local/lib/python3.12/site-packages/airflow/example_dags/example_branch_operator.py for tasks to queue
[2025-08-26T18:49:33.211+0000] {logging_mixin.py:190} INFO - [2025-08-26T18:49:33.211+0000] {dagbag.py:588} INFO - Filling up the DagBag from /home/airflow/.local/lib/python3.12/site-packages/airflow/example_dags/example_branch_operator.py
[2025-08-26T18:49:33.217+0000] {processor.py:925} INFO - DAG(s) 'example_branch_operator' retrieved from /home/airflow/.local/lib/python3.12/site-packages/airflow/example_dags/example_branch_operator.py
[2025-08-26T18:49:33.227+0000] {logging_mixin.py:190} INFO - [2025-08-26T18:49:33.227+0000] {dag.py:3239} INFO - Sync 1 DAGs
[2025-08-26T18:49:33.235+0000] {logging_mixin.py:190} INFO - [2025-08-26T18:49:33.235+0000] {dag.py:4180} INFO - Setting next_dagrun for example_branch_operator to 2025-08-25 00:00:00+00:00, run_after=2025-08-26 00:00:00+00:00
[2025-08-26T18:49:33.240+0000] {processor.py:208} INFO - Processing /home/airflow/.local/lib/python3.12/site-packages/airflow/example_dags/example_branch_operator.py took 0.032 seconds
[2025-08-26T18:50:03.837+0000] {processor.py:186} INFO - Started process (PID=873) to work on /home/airflow/.local/lib/python3.12/site-packages/airflow/example_dags/example_branch_operator.py
[2025-08-26T18:50:03.840+0000] {processor.py:914} INFO - Processing file /home/airflow/.local/lib/python3.12/site-packages/airflow/example_dags/example_branch_operator.py for tasks to queue
[2025-08-26T18:50:03.843+0000] {logging_mixin.py:190} INFO - [2025-08-26T18:50:03.843+0000] {dagbag.py:588} INFO - Filling up the DagBag from /home/airflow/.local/lib/python3.12/site-packages/airflow/example_dags/example_branch_operator.py
[2025-08-26T18:50:03.849+0000] {processor.py:925} INFO - DAG(s) 'example_branch_operator' retrieved from /home/airflow/.local/lib/python3.12/site-packages/airflow/example_dags/example_branch_operator.py
[2025-08-26T18:50:03.859+0000] {logging_mixin.py:190} INFO - [2025-08-26T18:50:03.859+0000] {dag.py:3239} INFO - Sync 1 DAGs
[2025-08-26T18:50:03.868+0000] {logging_mixin.py:190} INFO - [2025-08-26T18:50:03.867+0000] {dag.py:4180} INFO - Setting next_dagrun for example_branch_operator to 2025-08-25 00:00:00+00:00, run_after=2025-08-26 00:00:00+00:00
[2025-08-26T18:50:03.873+0000] {processor.py:208} INFO - Processing /home/airflow/.local/lib/python3.12/site-packages/airflow/example_dags/example_branch_operator.py took 0.038 seconds
[2025-08-26T18:50:34.394+0000] {processor.py:186} INFO - Started process (PID=936) to work on /home/airflow/.local/lib/python3.12/site-packages/airflow/example_dags/example_branch_operator.py
[2025-08-26T18:50:34.395+0000] {processor.py:914} INFO - Processing file /home/airflow/.local/lib/python3.12/site-packages/airflow/example_dags/example_branch_operator.py for tasks to queue
[2025-08-26T18:50:34.396+0000] {logging_mixin.py:190} INFO - [2025-08-26T18:50:34.396+0000] {dagbag.py:588} INFO - Filling up the DagBag from /home/airflow/.local/lib/python3.12/site-packages/airflow/example_dags/example_branch_operator.py
[2025-08-26T18:50:34.403+0000] {processor.py:925} INFO - DAG(s) 'example_branch_operator' retrieved from /home/airflow/.local/lib/python3.12/site-packages/airflow/example_dags/example_branch_operator.py
[2025-08-26T18:50:34.414+0000] {logging_mixin.py:190} INFO - [2025-08-26T18:50:34.414+0000] {dag.py:3239} INFO - Sync 1 DAGs
[2025-08-26T18:50:34.422+0000] {logging_mixin.py:190} INFO - [2025-08-26T18:50:34.421+0000] {dag.py:4180} INFO - Setting next_dagrun for example_branch_operator to 2025-08-25 00:00:00+00:00, run_after=2025-08-26 00:00:00+00:00
[2025-08-26T18:50:34.427+0000] {processor.py:208} INFO - Processing /home/airflow/.local/lib/python3.12/site-packages/airflow/example_dags/example_branch_operator.py took 0.035 seconds
[2025-08-26T18:51:04.946+0000] {processor.py:186} INFO - Started process (PID=999) to work on /home/airflow/.local/lib/python3.12/site-packages/airflow/example_dags/example_branch_operator.py
[2025-08-26T18:51:04.946+0000] {processor.py:914} INFO - Processing file /home/airflow/.local/lib/python3.12/site-packages/airflow/example_dags/example_branch_operator.py for tasks to queue
[2025-08-26T18:51:04.947+0000] {logging_mixin.py:190} INFO - [2025-08-26T18:51:04.947+0000] {dagbag.py:588} INFO - Filling up the DagBag from /home/airflow/.local/lib/python3.12/site-packages/airflow/example_dags/example_branch_operator.py
[2025-08-26T18:51:04.953+0000] {processor.py:925} INFO - DAG(s) 'example_branch_operator' retrieved from /home/airflow/.local/lib/python3.12/site-packages/airflow/example_dags/example_branch_operator.py
[2025-08-26T18:51:04.964+0000] {logging_mixin.py:190} INFO - [2025-08-26T18:51:04.964+0000] {dag.py:3239} INFO - Sync 1 DAGs
[2025-08-26T18:51:04.974+0000] {logging_mixin.py:190} INFO - [2025-08-26T18:51:04.974+0000] {dag.py:4180} INFO - Setting next_dagrun for example_branch_operator to 2025-08-25 00:00:00+00:00, run_after=2025-08-26 00:00:00+00:00
[2025-08-26T18:51:04.983+0000] {processor.py:208} INFO - Processing /home/airflow/.local/lib/python3.12/site-packages/airflow/example_dags/example_branch_operator.py took 0.039 seconds
[2025-08-26T18:51:35.536+0000] {processor.py:186} INFO - Started process (PID=1062) to work on /home/airflow/.local/lib/python3.12/site-packages/airflow/example_dags/example_branch_operator.py
[2025-08-26T18:51:35.537+0000] {processor.py:914} INFO - Processing file /home/airflow/.local/lib/python3.12/site-packages/airflow/example_dags/example_branch_operator.py for tasks to queue
[2025-08-26T18:51:35.538+0000] {logging_mixin.py:190} INFO - [2025-08-26T18:51:35.538+0000] {dagbag.py:588} INFO - Filling up the DagBag from /home/airflow/.local/lib/python3.12/site-packages/airflow/example_dags/example_branch_operator.py
[2025-08-26T18:51:35.544+0000] {processor.py:925} INFO - DAG(s) 'example_branch_operator' retrieved from /home/airflow/.local/lib/python3.12/site-packages/airflow/example_dags/example_branch_operator.py
[2025-08-26T18:51:35.556+0000] {logging_mixin.py:190} INFO - [2025-08-26T18:51:35.556+0000] {dag.py:3239} INFO - Sync 1 DAGs
[2025-08-26T18:51:35.563+0000] {logging_mixin.py:190} INFO - [2025-08-26T18:51:35.563+0000] {dag.py:4180} INFO - Setting next_dagrun for example_branch_operator to 2025-08-25 00:00:00+00:00, run_after=2025-08-26 00:00:00+00:00
[2025-08-26T18:51:35.571+0000] {processor.py:208} INFO - Processing /home/airflow/.local/lib/python3.12/site-packages/airflow/example_dags/example_branch_operator.py took 0.038 seconds
[2025-08-26T18:52:06.146+0000] {processor.py:186} INFO - Started process (PID=1125) to work on /home/airflow/.local/lib/python3.12/site-packages/airflow/example_dags/example_branch_operator.py
[2025-08-26T18:52:06.147+0000] {processor.py:914} INFO - Processing file /home/airflow/.local/lib/python3.12/site-packages/airflow/example_dags/example_branch_operator.py for tasks to queue
[2025-08-26T18:52:06.147+0000] {logging_mixin.py:190} INFO - [2025-08-26T18:52:06.147+0000] {dagbag.py:588} INFO - Filling up the DagBag from /home/airflow/.local/lib/python3.12/site-packages/airflow/example_dags/example_branch_operator.py
[2025-08-26T18:52:06.158+0000] {processor.py:925} INFO - DAG(s) 'example_branch_operator' retrieved from /home/airflow/.local/lib/python3.12/site-packages/airflow/example_dags/example_branch_operator.py
[2025-08-26T18:52:06.168+0000] {logging_mixin.py:190} INFO - [2025-08-26T18:52:06.168+0000] {dag.py:3239} INFO - Sync 1 DAGs
[2025-08-26T18:52:06.177+0000] {logging_mixin.py:190} INFO - [2025-08-26T18:52:06.177+0000] {dag.py:4180} INFO - Setting next_dagrun for example_branch_operator to 2025-08-25 00:00:00+00:00, run_after=2025-08-26 00:00:00+00:00
[2025-08-26T18:52:06.185+0000] {processor.py:208} INFO - Processing /home/airflow/.local/lib/python3.12/site-packages/airflow/example_dags/example_branch_operator.py took 0.041 seconds
[2025-08-26T18:52:36.866+0000] {processor.py:186} INFO - Started process (PID=1188) to work on /home/airflow/.local/lib/python3.12/site-packages/airflow/example_dags/example_branch_operator.py
[2025-08-26T18:52:36.867+0000] {processor.py:914} INFO - Processing file /home/airflow/.local/lib/python3.12/site-packages/airflow/example_dags/example_branch_operator.py for tasks to queue
[2025-08-26T18:52:36.868+0000] {logging_mixin.py:190} INFO - [2025-08-26T18:52:36.868+0000] {dagbag.py:588} INFO - Filling up the DagBag from /home/airflow/.local/lib/python3.12/site-packages/airflow/example_dags/example_branch_operator.py
[2025-08-26T18:52:36.874+0000] {processor.py:925} INFO - DAG(s) 'example_branch_operator' retrieved from /home/airflow/.local/lib/python3.12/site-packages/airflow/example_dags/example_branch_operator.py
[2025-08-26T18:52:36.884+0000] {logging_mixin.py:190} INFO - [2025-08-26T18:52:36.884+0000] {dag.py:3239} INFO - Sync 1 DAGs
[2025-08-26T18:52:36.891+0000] {logging_mixin.py:190} INFO - [2025-08-26T18:52:36.891+0000] {dag.py:4180} INFO - Setting next_dagrun for example_branch_operator to 2025-08-25 00:00:00+00:00, run_after=2025-08-26 00:00:00+00:00
[2025-08-26T18:52:36.897+0000] {processor.py:208} INFO - Processing /home/airflow/.local/lib/python3.12/site-packages/airflow/example_dags/example_branch_operator.py took 0.033 seconds
[2025-08-26T18:53:07.460+0000] {processor.py:186} INFO - Started process (PID=1251) to work on /home/airflow/.local/lib/python3.12/site-packages/airflow/example_dags/example_branch_operator.py
[2025-08-26T18:53:07.462+0000] {processor.py:914} INFO - Processing file /home/airflow/.local/lib/python3.12/site-packages/airflow/example_dags/example_branch_operator.py for tasks to queue
[2025-08-26T18:53:07.463+0000] {logging_mixin.py:190} INFO - [2025-08-26T18:53:07.463+0000] {dagbag.py:588} INFO - Filling up the DagBag from /home/airflow/.local/lib/python3.12/site-packages/airflow/example_dags/example_branch_operator.py
[2025-08-26T18:53:07.469+0000] {processor.py:925} INFO - DAG(s) 'example_branch_operator' retrieved from /home/airflow/.local/lib/python3.12/site-packages/airflow/example_dags/example_branch_operator.py
[2025-08-26T18:53:07.480+0000] {logging_mixin.py:190} INFO - [2025-08-26T18:53:07.480+0000] {dag.py:3239} INFO - Sync 1 DAGs
[2025-08-26T18:53:07.487+0000] {logging_mixin.py:190} INFO - [2025-08-26T18:53:07.487+0000] {dag.py:4180} INFO - Setting next_dagrun for example_branch_operator to 2025-08-25 00:00:00+00:00, run_after=2025-08-26 00:00:00+00:00
[2025-08-26T18:53:07.493+0000] {processor.py:208} INFO - Processing /home/airflow/.local/lib/python3.12/site-packages/airflow/example_dags/example_branch_operator.py took 0.035 seconds
[2025-08-26T18:53:38.039+0000] {processor.py:186} INFO - Started process (PID=1314) to work on /home/airflow/.local/lib/python3.12/site-packages/airflow/example_dags/example_branch_operator.py
[2025-08-26T18:53:38.042+0000] {processor.py:914} INFO - Processing file /home/airflow/.local/lib/python3.12/site-packages/airflow/example_dags/example_branch_operator.py for tasks to queue
[2025-08-26T18:53:38.043+0000] {logging_mixin.py:190} INFO - [2025-08-26T18:53:38.043+0000] {dagbag.py:588} INFO - Filling up the DagBag from /home/airflow/.local/lib/python3.12/site-packages/airflow/example_dags/example_branch_operator.py
[2025-08-26T18:53:38.050+0000] {processor.py:925} INFO - DAG(s) 'example_branch_operator' retrieved from /home/airflow/.local/lib/python3.12/site-packages/airflow/example_dags/example_branch_operator.py
[2025-08-26T18:53:38.060+0000] {logging_mixin.py:190} INFO - [2025-08-26T18:53:38.060+0000] {dag.py:3239} INFO - Sync 1 DAGs
[2025-08-26T18:53:38.068+0000] {logging_mixin.py:190} INFO - [2025-08-26T18:53:38.067+0000] {dag.py:4180} INFO - Setting next_dagrun for example_branch_operator to 2025-08-25 00:00:00+00:00, run_after=2025-08-26 00:00:00+00:00
[2025-08-26T18:53:38.076+0000] {processor.py:208} INFO - Processing /home/airflow/.local/lib/python3.12/site-packages/airflow/example_dags/example_branch_operator.py took 0.039 seconds
[2025-08-26T18:54:08.710+0000] {processor.py:186} INFO - Started process (PID=1377) to work on /home/airflow/.local/lib/python3.12/site-packages/airflow/example_dags/example_branch_operator.py
[2025-08-26T18:54:08.711+0000] {processor.py:914} INFO - Processing file /home/airflow/.local/lib/python3.12/site-packages/airflow/example_dags/example_branch_operator.py for tasks to queue
[2025-08-26T18:54:08.712+0000] {logging_mixin.py:190} INFO - [2025-08-26T18:54:08.712+0000] {dagbag.py:588} INFO - Filling up the DagBag from /home/airflow/.local/lib/python3.12/site-packages/airflow/example_dags/example_branch_operator.py
[2025-08-26T18:54:08.719+0000] {processor.py:925} INFO - DAG(s) 'example_branch_operator' retrieved from /home/airflow/.local/lib/python3.12/site-packages/airflow/example_dags/example_branch_operator.py
[2025-08-26T18:54:08.729+0000] {logging_mixin.py:190} INFO - [2025-08-26T18:54:08.729+0000] {dag.py:3239} INFO - Sync 1 DAGs
[2025-08-26T18:54:08.736+0000] {logging_mixin.py:190} INFO - [2025-08-26T18:54:08.736+0000] {dag.py:4180} INFO - Setting next_dagrun for example_branch_operator to 2025-08-25 00:00:00+00:00, run_after=2025-08-26 00:00:00+00:00
[2025-08-26T18:54:08.743+0000] {processor.py:208} INFO - Processing /home/airflow/.local/lib/python3.12/site-packages/airflow/example_dags/example_branch_operator.py took 0.034 seconds
[2025-08-26T18:54:39.279+0000] {processor.py:186} INFO - Started process (PID=1440) to work on /home/airflow/.local/lib/python3.12/site-packages/airflow/example_dags/example_branch_operator.py
[2025-08-26T18:54:39.279+0000] {processor.py:914} INFO - Processing file /home/airflow/.local/lib/python3.12/site-packages/airflow/example_dags/example_branch_operator.py for tasks to queue
[2025-08-26T18:54:39.280+0000] {logging_mixin.py:190} INFO - [2025-08-26T18:54:39.280+0000] {dagbag.py:588} INFO - Filling up the DagBag from /home/airflow/.local/lib/python3.12/site-packages/airflow/example_dags/example_branch_operator.py
[2025-08-26T18:54:39.286+0000] {processor.py:925} INFO - DAG(s) 'example_branch_operator' retrieved from /home/airflow/.local/lib/python3.12/site-packages/airflow/example_dags/example_branch_operator.py
[2025-08-26T18:54:39.296+0000] {logging_mixin.py:190} INFO - [2025-08-26T18:54:39.296+0000] {dag.py:3239} INFO - Sync 1 DAGs
[2025-08-26T18:54:39.305+0000] {logging_mixin.py:190} INFO - [2025-08-26T18:54:39.305+0000] {dag.py:4180} INFO - Setting next_dagrun for example_branch_operator to 2025-08-25 00:00:00+00:00, run_after=2025-08-26 00:00:00+00:00
[2025-08-26T18:54:39.313+0000] {processor.py:208} INFO - Processing /home/airflow/.local/lib/python3.12/site-packages/airflow/example_dags/example_branch_operator.py took 0.036 seconds
[2025-08-26T18:55:09.920+0000] {processor.py:186} INFO - Started process (PID=1503) to work on /home/airflow/.local/lib/python3.12/site-packages/airflow/example_dags/example_branch_operator.py
[2025-08-26T18:55:09.921+0000] {processor.py:914} INFO - Processing file /home/airflow/.local/lib/python3.12/site-packages/airflow/example_dags/example_branch_operator.py for tasks to queue
[2025-08-26T18:55:09.922+0000] {logging_mixin.py:190} INFO - [2025-08-26T18:55:09.922+0000] {dagbag.py:588} INFO - Filling up the DagBag from /home/airflow/.local/lib/python3.12/site-packages/airflow/example_dags/example_branch_operator.py
[2025-08-26T18:55:09.929+0000] {processor.py:925} INFO - DAG(s) 'example_branch_operator' retrieved from /home/airflow/.local/lib/python3.12/site-packages/airflow/example_dags/example_branch_operator.py
[2025-08-26T18:55:09.940+0000] {logging_mixin.py:190} INFO - [2025-08-26T18:55:09.940+0000] {dag.py:3239} INFO - Sync 1 DAGs
[2025-08-26T18:55:09.948+0000] {logging_mixin.py:190} INFO - [2025-08-26T18:55:09.948+0000] {dag.py:4180} INFO - Setting next_dagrun for example_branch_operator to 2025-08-25 00:00:00+00:00, run_after=2025-08-26 00:00:00+00:00
[2025-08-26T18:55:09.955+0000] {processor.py:208} INFO - Processing /home/airflow/.local/lib/python3.12/site-packages/airflow/example_dags/example_branch_operator.py took 0.038 seconds
[2025-08-26T18:55:40.550+0000] {processor.py:186} INFO - Started process (PID=1566) to work on /home/airflow/.local/lib/python3.12/site-packages/airflow/example_dags/example_branch_operator.py
[2025-08-26T18:55:40.551+0000] {processor.py:914} INFO - Processing file /home/airflow/.local/lib/python3.12/site-packages/airflow/example_dags/example_branch_operator.py for tasks to queue
[2025-08-26T18:55:40.552+0000] {logging_mixin.py:190} INFO - [2025-08-26T18:55:40.552+0000] {dagbag.py:588} INFO - Filling up the DagBag from /home/airflow/.local/lib/python3.12/site-packages/airflow/example_dags/example_branch_operator.py
[2025-08-26T18:55:40.559+0000] {processor.py:925} INFO - DAG(s) 'example_branch_operator' retrieved from /home/airflow/.local/lib/python3.12/site-packages/airflow/example_dags/example_branch_operator.py
[2025-08-26T18:55:40.567+0000] {logging_mixin.py:190} INFO - [2025-08-26T18:55:40.567+0000] {dag.py:3239} INFO - Sync 1 DAGs
[2025-08-26T18:55:40.575+0000] {logging_mixin.py:190} INFO - [2025-08-26T18:55:40.575+0000] {dag.py:4180} INFO - Setting next_dagrun for example_branch_operator to 2025-08-25 00:00:00+00:00, run_after=2025-08-26 00:00:00+00:00
[2025-08-26T18:55:40.581+0000] {processor.py:208} INFO - Processing /home/airflow/.local/lib/python3.12/site-packages/airflow/example_dags/example_branch_operator.py took 0.033 seconds
[2025-08-26T18:56:11.145+0000] {processor.py:186} INFO - Started process (PID=1629) to work on /home/airflow/.local/lib/python3.12/site-packages/airflow/example_dags/example_branch_operator.py
[2025-08-26T18:56:11.145+0000] {processor.py:914} INFO - Processing file /home/airflow/.local/lib/python3.12/site-packages/airflow/example_dags/example_branch_operator.py for tasks to queue
[2025-08-26T18:56:11.146+0000] {logging_mixin.py:190} INFO - [2025-08-26T18:56:11.146+0000] {dagbag.py:588} INFO - Filling up the DagBag from /home/airflow/.local/lib/python3.12/site-packages/airflow/example_dags/example_branch_operator.py
[2025-08-26T18:56:11.153+0000] {processor.py:925} INFO - DAG(s) 'example_branch_operator' retrieved from /home/airflow/.local/lib/python3.12/site-packages/airflow/example_dags/example_branch_operator.py
[2025-08-26T18:56:11.163+0000] {logging_mixin.py:190} INFO - [2025-08-26T18:56:11.162+0000] {dag.py:3239} INFO - Sync 1 DAGs
[2025-08-26T18:56:11.170+0000] {logging_mixin.py:190} INFO - [2025-08-26T18:56:11.170+0000] {dag.py:4180} INFO - Setting next_dagrun for example_branch_operator to 2025-08-25 00:00:00+00:00, run_after=2025-08-26 00:00:00+00:00
[2025-08-26T18:56:11.178+0000] {processor.py:208} INFO - Processing /home/airflow/.local/lib/python3.12/site-packages/airflow/example_dags/example_branch_operator.py took 0.036 seconds
[2025-08-26T18:56:41.743+0000] {processor.py:186} INFO - Started process (PID=1692) to work on /home/airflow/.local/lib/python3.12/site-packages/airflow/example_dags/example_branch_operator.py
[2025-08-26T18:56:41.743+0000] {processor.py:914} INFO - Processing file /home/airflow/.local/lib/python3.12/site-packages/airflow/example_dags/example_branch_operator.py for tasks to queue
[2025-08-26T18:56:41.744+0000] {logging_mixin.py:190} INFO - [2025-08-26T18:56:41.744+0000] {dagbag.py:588} INFO - Filling up the DagBag from /home/airflow/.local/lib/python3.12/site-packages/airflow/example_dags/example_branch_operator.py
[2025-08-26T18:56:41.749+0000] {processor.py:925} INFO - DAG(s) 'example_branch_operator' retrieved from /home/airflow/.local/lib/python3.12/site-packages/airflow/example_dags/example_branch_operator.py
[2025-08-26T18:56:41.758+0000] {logging_mixin.py:190} INFO - [2025-08-26T18:56:41.758+0000] {dag.py:3239} INFO - Sync 1 DAGs
[2025-08-26T18:56:41.765+0000] {logging_mixin.py:190} INFO - [2025-08-26T18:56:41.765+0000] {dag.py:4180} INFO - Setting next_dagrun for example_branch_operator to 2025-08-25 00:00:00+00:00, run_after=2025-08-26 00:00:00+00:00
[2025-08-26T18:56:41.769+0000] {processor.py:208} INFO - Processing /home/airflow/.local/lib/python3.12/site-packages/airflow/example_dags/example_branch_operator.py took 0.029 seconds
[2025-08-26T18:57:12.370+0000] {processor.py:186} INFO - Started process (PID=1755) to work on /home/airflow/.local/lib/python3.12/site-packages/airflow/example_dags/example_branch_operator.py
[2025-08-26T18:57:12.371+0000] {processor.py:914} INFO - Processing file /home/airflow/.local/lib/python3.12/site-packages/airflow/example_dags/example_branch_operator.py for tasks to queue
[2025-08-26T18:57:12.372+0000] {logging_mixin.py:190} INFO - [2025-08-26T18:57:12.372+0000] {dagbag.py:588} INFO - Filling up the DagBag from /home/airflow/.local/lib/python3.12/site-packages/airflow/example_dags/example_branch_operator.py
[2025-08-26T18:57:12.377+0000] {processor.py:925} INFO - DAG(s) 'example_branch_operator' retrieved from /home/airflow/.local/lib/python3.12/site-packages/airflow/example_dags/example_branch_operator.py
[2025-08-26T18:57:12.388+0000] {logging_mixin.py:190} INFO - [2025-08-26T18:57:12.388+0000] {dag.py:3239} INFO - Sync 1 DAGs
[2025-08-26T18:57:12.396+0000] {logging_mixin.py:190} INFO - [2025-08-26T18:57:12.396+0000] {dag.py:4180} INFO - Setting next_dagrun for example_branch_operator to 2025-08-25 00:00:00+00:00, run_after=2025-08-26 00:00:00+00:00
[2025-08-26T18:57:12.402+0000] {processor.py:208} INFO - Processing /home/airflow/.local/lib/python3.12/site-packages/airflow/example_dags/example_branch_operator.py took 0.034 seconds
[2025-08-26T18:57:42.966+0000] {processor.py:186} INFO - Started process (PID=1818) to work on /home/airflow/.local/lib/python3.12/site-packages/airflow/example_dags/example_branch_operator.py
[2025-08-26T18:57:42.966+0000] {processor.py:914} INFO - Processing file /home/airflow/.local/lib/python3.12/site-packages/airflow/example_dags/example_branch_operator.py for tasks to queue
[2025-08-26T18:57:42.968+0000] {logging_mixin.py:190} INFO - [2025-08-26T18:57:42.968+0000] {dagbag.py:588} INFO - Filling up the DagBag from /home/airflow/.local/lib/python3.12/site-packages/airflow/example_dags/example_branch_operator.py
[2025-08-26T18:57:42.974+0000] {processor.py:925} INFO - DAG(s) 'example_branch_operator' retrieved from /home/airflow/.local/lib/python3.12/site-packages/airflow/example_dags/example_branch_operator.py
[2025-08-26T18:57:42.983+0000] {logging_mixin.py:190} INFO - [2025-08-26T18:57:42.983+0000] {dag.py:3239} INFO - Sync 1 DAGs
[2025-08-26T18:57:42.991+0000] {logging_mixin.py:190} INFO - [2025-08-26T18:57:42.991+0000] {dag.py:4180} INFO - Setting next_dagrun for example_branch_operator to 2025-08-25 00:00:00+00:00, run_after=2025-08-26 00:00:00+00:00
[2025-08-26T18:57:42.998+0000] {processor.py:208} INFO - Processing /home/airflow/.local/lib/python3.12/site-packages/airflow/example_dags/example_branch_operator.py took 0.034 seconds
[2025-08-26T18:58:13.580+0000] {processor.py:186} INFO - Started process (PID=1881) to work on /home/airflow/.local/lib/python3.12/site-packages/airflow/example_dags/example_branch_operator.py
[2025-08-26T18:58:13.580+0000] {processor.py:914} INFO - Processing file /home/airflow/.local/lib/python3.12/site-packages/airflow/example_dags/example_branch_operator.py for tasks to queue
[2025-08-26T18:58:13.581+0000] {logging_mixin.py:190} INFO - [2025-08-26T18:58:13.581+0000] {dagbag.py:588} INFO - Filling up the DagBag from /home/airflow/.local/lib/python3.12/site-packages/airflow/example_dags/example_branch_operator.py
[2025-08-26T18:58:13.587+0000] {processor.py:925} INFO - DAG(s) 'example_branch_operator' retrieved from /home/airflow/.local/lib/python3.12/site-packages/airflow/example_dags/example_branch_operator.py
[2025-08-26T18:58:13.597+0000] {logging_mixin.py:190} INFO - [2025-08-26T18:58:13.597+0000] {dag.py:3239} INFO - Sync 1 DAGs
[2025-08-26T18:58:13.605+0000] {logging_mixin.py:190} INFO - [2025-08-26T18:58:13.605+0000] {dag.py:4180} INFO - Setting next_dagrun for example_branch_operator to 2025-08-25 00:00:00+00:00, run_after=2025-08-26 00:00:00+00:00
[2025-08-26T18:58:13.611+0000] {processor.py:208} INFO - Processing /home/airflow/.local/lib/python3.12/site-packages/airflow/example_dags/example_branch_operator.py took 0.033 seconds
[2025-08-26T18:58:44.202+0000] {processor.py:186} INFO - Started process (PID=1944) to work on /home/airflow/.local/lib/python3.12/site-packages/airflow/example_dags/example_branch_operator.py
[2025-08-26T18:58:44.202+0000] {processor.py:914} INFO - Processing file /home/airflow/.local/lib/python3.12/site-packages/airflow/example_dags/example_branch_operator.py for tasks to queue
[2025-08-26T18:58:44.203+0000] {logging_mixin.py:190} INFO - [2025-08-26T18:58:44.203+0000] {dagbag.py:588} INFO - Filling up the DagBag from /home/airflow/.local/lib/python3.12/site-packages/airflow/example_dags/example_branch_operator.py
[2025-08-26T18:58:44.211+0000] {processor.py:925} INFO - DAG(s) 'example_branch_operator' retrieved from /home/airflow/.local/lib/python3.12/site-packages/airflow/example_dags/example_branch_operator.py
[2025-08-26T18:58:44.222+0000] {logging_mixin.py:190} INFO - [2025-08-26T18:58:44.222+0000] {dag.py:3239} INFO - Sync 1 DAGs
[2025-08-26T18:58:44.232+0000] {logging_mixin.py:190} INFO - [2025-08-26T18:58:44.232+0000] {dag.py:4180} INFO - Setting next_dagrun for example_branch_operator to 2025-08-25 00:00:00+00:00, run_after=2025-08-26 00:00:00+00:00
[2025-08-26T18:58:44.242+0000] {processor.py:208} INFO - Processing /home/airflow/.local/lib/python3.12/site-packages/airflow/example_dags/example_branch_operator.py took 0.043 seconds
[2025-08-26T18:59:14.757+0000] {processor.py:186} INFO - Started process (PID=2007) to work on /home/airflow/.local/lib/python3.12/site-packages/airflow/example_dags/example_branch_operator.py
[2025-08-26T18:59:14.761+0000] {processor.py:914} INFO - Processing file /home/airflow/.local/lib/python3.12/site-packages/airflow/example_dags/example_branch_operator.py for tasks to queue
[2025-08-26T18:59:14.761+0000] {logging_mixin.py:190} INFO - [2025-08-26T18:59:14.761+0000] {dagbag.py:588} INFO - Filling up the DagBag from /home/airflow/.local/lib/python3.12/site-packages/airflow/example_dags/example_branch_operator.py
[2025-08-26T18:59:14.768+0000] {processor.py:925} INFO - DAG(s) 'example_branch_operator' retrieved from /home/airflow/.local/lib/python3.12/site-packages/airflow/example_dags/example_branch_operator.py
[2025-08-26T18:59:14.779+0000] {logging_mixin.py:190} INFO - [2025-08-26T18:59:14.779+0000] {dag.py:3239} INFO - Sync 1 DAGs
[2025-08-26T18:59:14.787+0000] {logging_mixin.py:190} INFO - [2025-08-26T18:59:14.787+0000] {dag.py:4180} INFO - Setting next_dagrun for example_branch_operator to 2025-08-25 00:00:00+00:00, run_after=2025-08-26 00:00:00+00:00
[2025-08-26T18:59:14.794+0000] {processor.py:208} INFO - Processing /home/airflow/.local/lib/python3.12/site-packages/airflow/example_dags/example_branch_operator.py took 0.040 seconds
[2025-08-26T18:59:45.344+0000] {processor.py:186} INFO - Started process (PID=2070) to work on /home/airflow/.local/lib/python3.12/site-packages/airflow/example_dags/example_branch_operator.py
[2025-08-26T18:59:45.344+0000] {processor.py:914} INFO - Processing file /home/airflow/.local/lib/python3.12/site-packages/airflow/example_dags/example_branch_operator.py for tasks to queue
[2025-08-26T18:59:45.345+0000] {logging_mixin.py:190} INFO - [2025-08-26T18:59:45.345+0000] {dagbag.py:588} INFO - Filling up the DagBag from /home/airflow/.local/lib/python3.12/site-packages/airflow/example_dags/example_branch_operator.py
[2025-08-26T18:59:45.352+0000] {processor.py:925} INFO - DAG(s) 'example_branch_operator' retrieved from /home/airflow/.local/lib/python3.12/site-packages/airflow/example_dags/example_branch_operator.py
[2025-08-26T18:59:45.364+0000] {logging_mixin.py:190} INFO - [2025-08-26T18:59:45.364+0000] {dag.py:3239} INFO - Sync 1 DAGs
[2025-08-26T18:59:45.373+0000] {logging_mixin.py:190} INFO - [2025-08-26T18:59:45.373+0000] {dag.py:4180} INFO - Setting next_dagrun for example_branch_operator to 2025-08-25 00:00:00+00:00, run_after=2025-08-26 00:00:00+00:00
[2025-08-26T18:59:45.381+0000] {processor.py:208} INFO - Processing /home/airflow/.local/lib/python3.12/site-packages/airflow/example_dags/example_branch_operator.py took 0.039 seconds
[2025-08-26T19:00:16.025+0000] {processor.py:186} INFO - Started process (PID=2133) to work on /home/airflow/.local/lib/python3.12/site-packages/airflow/example_dags/example_branch_operator.py
[2025-08-26T19:00:16.026+0000] {processor.py:914} INFO - Processing file /home/airflow/.local/lib/python3.12/site-packages/airflow/example_dags/example_branch_operator.py for tasks to queue
[2025-08-26T19:00:16.027+0000] {logging_mixin.py:190} INFO - [2025-08-26T19:00:16.027+0000] {dagbag.py:588} INFO - Filling up the DagBag from /home/airflow/.local/lib/python3.12/site-packages/airflow/example_dags/example_branch_operator.py
[2025-08-26T19:00:16.033+0000] {processor.py:925} INFO - DAG(s) 'example_branch_operator' retrieved from /home/airflow/.local/lib/python3.12/site-packages/airflow/example_dags/example_branch_operator.py
[2025-08-26T19:00:16.046+0000] {logging_mixin.py:190} INFO - [2025-08-26T19:00:16.046+0000] {dag.py:3239} INFO - Sync 1 DAGs
[2025-08-26T19:00:16.056+0000] {logging_mixin.py:190} INFO - [2025-08-26T19:00:16.056+0000] {dag.py:4180} INFO - Setting next_dagrun for example_branch_operator to 2025-08-25 00:00:00+00:00, run_after=2025-08-26 00:00:00+00:00
[2025-08-26T19:00:16.062+0000] {processor.py:208} INFO - Processing /home/airflow/.local/lib/python3.12/site-packages/airflow/example_dags/example_branch_operator.py took 0.040 seconds
[2025-08-26T19:00:46.750+0000] {processor.py:186} INFO - Started process (PID=2196) to work on /home/airflow/.local/lib/python3.12/site-packages/airflow/example_dags/example_branch_operator.py
[2025-08-26T19:00:46.750+0000] {processor.py:914} INFO - Processing file /home/airflow/.local/lib/python3.12/site-packages/airflow/example_dags/example_branch_operator.py for tasks to queue
[2025-08-26T19:00:46.751+0000] {logging_mixin.py:190} INFO - [2025-08-26T19:00:46.751+0000] {dagbag.py:588} INFO - Filling up the DagBag from /home/airflow/.local/lib/python3.12/site-packages/airflow/example_dags/example_branch_operator.py
[2025-08-26T19:00:46.757+0000] {processor.py:925} INFO - DAG(s) 'example_branch_operator' retrieved from /home/airflow/.local/lib/python3.12/site-packages/airflow/example_dags/example_branch_operator.py
[2025-08-26T19:00:46.765+0000] {logging_mixin.py:190} INFO - [2025-08-26T19:00:46.765+0000] {dag.py:3239} INFO - Sync 1 DAGs
[2025-08-26T19:00:46.772+0000] {logging_mixin.py:190} INFO - [2025-08-26T19:00:46.772+0000] {dag.py:4180} INFO - Setting next_dagrun for example_branch_operator to 2025-08-25 00:00:00+00:00, run_after=2025-08-26 00:00:00+00:00
[2025-08-26T19:00:46.777+0000] {processor.py:208} INFO - Processing /home/airflow/.local/lib/python3.12/site-packages/airflow/example_dags/example_branch_operator.py took 0.029 seconds
[2025-08-26T19:01:17.538+0000] {processor.py:186} INFO - Started process (PID=2259) to work on /home/airflow/.local/lib/python3.12/site-packages/airflow/example_dags/example_branch_operator.py
[2025-08-26T19:01:17.538+0000] {processor.py:914} INFO - Processing file /home/airflow/.local/lib/python3.12/site-packages/airflow/example_dags/example_branch_operator.py for tasks to queue
[2025-08-26T19:01:17.539+0000] {logging_mixin.py:190} INFO - [2025-08-26T19:01:17.539+0000] {dagbag.py:588} INFO - Filling up the DagBag from /home/airflow/.local/lib/python3.12/site-packages/airflow/example_dags/example_branch_operator.py
[2025-08-26T19:01:17.547+0000] {processor.py:925} INFO - DAG(s) 'example_branch_operator' retrieved from /home/airflow/.local/lib/python3.12/site-packages/airflow/example_dags/example_branch_operator.py
[2025-08-26T19:01:17.567+0000] {logging_mixin.py:190} INFO - [2025-08-26T19:01:17.567+0000] {dag.py:3239} INFO - Sync 1 DAGs
[2025-08-26T19:01:17.582+0000] {logging_mixin.py:190} INFO - [2025-08-26T19:01:17.582+0000] {dag.py:4180} INFO - Setting next_dagrun for example_branch_operator to 2025-08-25 00:00:00+00:00, run_after=2025-08-26 00:00:00+00:00
[2025-08-26T19:01:17.593+0000] {processor.py:208} INFO - Processing /home/airflow/.local/lib/python3.12/site-packages/airflow/example_dags/example_branch_operator.py took 0.058 seconds
[2025-08-26T19:01:48.557+0000] {processor.py:186} INFO - Started process (PID=2322) to work on /home/airflow/.local/lib/python3.12/site-packages/airflow/example_dags/example_branch_operator.py
[2025-08-26T19:01:48.559+0000] {processor.py:914} INFO - Processing file /home/airflow/.local/lib/python3.12/site-packages/airflow/example_dags/example_branch_operator.py for tasks to queue
[2025-08-26T19:01:48.560+0000] {logging_mixin.py:190} INFO - [2025-08-26T19:01:48.560+0000] {dagbag.py:588} INFO - Filling up the DagBag from /home/airflow/.local/lib/python3.12/site-packages/airflow/example_dags/example_branch_operator.py
[2025-08-26T19:01:48.568+0000] {processor.py:925} INFO - DAG(s) 'example_branch_operator' retrieved from /home/airflow/.local/lib/python3.12/site-packages/airflow/example_dags/example_branch_operator.py
[2025-08-26T19:01:48.580+0000] {logging_mixin.py:190} INFO - [2025-08-26T19:01:48.580+0000] {dag.py:3239} INFO - Sync 1 DAGs
[2025-08-26T19:01:48.589+0000] {logging_mixin.py:190} INFO - [2025-08-26T19:01:48.589+0000] {dag.py:4180} INFO - Setting next_dagrun for example_branch_operator to 2025-08-25 00:00:00+00:00, run_after=2025-08-26 00:00:00+00:00
[2025-08-26T19:01:48.597+0000] {processor.py:208} INFO - Processing /home/airflow/.local/lib/python3.12/site-packages/airflow/example_dags/example_branch_operator.py took 0.043 seconds
[2025-08-26T19:02:19.429+0000] {processor.py:186} INFO - Started process (PID=2391) to work on /home/airflow/.local/lib/python3.12/site-packages/airflow/example_dags/example_branch_operator.py
[2025-08-26T19:02:19.430+0000] {processor.py:914} INFO - Processing file /home/airflow/.local/lib/python3.12/site-packages/airflow/example_dags/example_branch_operator.py for tasks to queue
[2025-08-26T19:02:19.431+0000] {logging_mixin.py:190} INFO - [2025-08-26T19:02:19.431+0000] {dagbag.py:588} INFO - Filling up the DagBag from /home/airflow/.local/lib/python3.12/site-packages/airflow/example_dags/example_branch_operator.py
[2025-08-26T19:02:19.438+0000] {processor.py:925} INFO - DAG(s) 'example_branch_operator' retrieved from /home/airflow/.local/lib/python3.12/site-packages/airflow/example_dags/example_branch_operator.py
[2025-08-26T19:02:19.448+0000] {logging_mixin.py:190} INFO - [2025-08-26T19:02:19.447+0000] {dag.py:3239} INFO - Sync 1 DAGs
[2025-08-26T19:02:19.456+0000] {logging_mixin.py:190} INFO - [2025-08-26T19:02:19.456+0000] {dag.py:4180} INFO - Setting next_dagrun for example_branch_operator to 2025-08-25 00:00:00+00:00, run_after=2025-08-26 00:00:00+00:00
[2025-08-26T19:02:19.463+0000] {processor.py:208} INFO - Processing /home/airflow/.local/lib/python3.12/site-packages/airflow/example_dags/example_branch_operator.py took 0.036 seconds
[2025-08-26T19:02:50.121+0000] {processor.py:186} INFO - Started process (PID=2454) to work on /home/airflow/.local/lib/python3.12/site-packages/airflow/example_dags/example_branch_operator.py
[2025-08-26T19:02:50.121+0000] {processor.py:914} INFO - Processing file /home/airflow/.local/lib/python3.12/site-packages/airflow/example_dags/example_branch_operator.py for tasks to queue
[2025-08-26T19:02:50.122+0000] {logging_mixin.py:190} INFO - [2025-08-26T19:02:50.121+0000] {dagbag.py:588} INFO - Filling up the DagBag from /home/airflow/.local/lib/python3.12/site-packages/airflow/example_dags/example_branch_operator.py
[2025-08-26T19:02:50.127+0000] {processor.py:925} INFO - DAG(s) 'example_branch_operator' retrieved from /home/airflow/.local/lib/python3.12/site-packages/airflow/example_dags/example_branch_operator.py
[2025-08-26T19:02:50.136+0000] {logging_mixin.py:190} INFO - [2025-08-26T19:02:50.136+0000] {dag.py:3239} INFO - Sync 1 DAGs
[2025-08-26T19:02:50.143+0000] {logging_mixin.py:190} INFO - [2025-08-26T19:02:50.143+0000] {dag.py:4180} INFO - Setting next_dagrun for example_branch_operator to 2025-08-25 00:00:00+00:00, run_after=2025-08-26 00:00:00+00:00
[2025-08-26T19:02:50.148+0000] {processor.py:208} INFO - Processing /home/airflow/.local/lib/python3.12/site-packages/airflow/example_dags/example_branch_operator.py took 0.030 seconds
[2025-08-26T19:03:20.730+0000] {processor.py:186} INFO - Started process (PID=2517) to work on /home/airflow/.local/lib/python3.12/site-packages/airflow/example_dags/example_branch_operator.py
[2025-08-26T19:03:20.731+0000] {processor.py:914} INFO - Processing file /home/airflow/.local/lib/python3.12/site-packages/airflow/example_dags/example_branch_operator.py for tasks to queue
[2025-08-26T19:03:20.732+0000] {logging_mixin.py:190} INFO - [2025-08-26T19:03:20.731+0000] {dagbag.py:588} INFO - Filling up the DagBag from /home/airflow/.local/lib/python3.12/site-packages/airflow/example_dags/example_branch_operator.py
[2025-08-26T19:03:20.737+0000] {processor.py:925} INFO - DAG(s) 'example_branch_operator' retrieved from /home/airflow/.local/lib/python3.12/site-packages/airflow/example_dags/example_branch_operator.py
[2025-08-26T19:03:20.746+0000] {logging_mixin.py:190} INFO - [2025-08-26T19:03:20.746+0000] {dag.py:3239} INFO - Sync 1 DAGs
[2025-08-26T19:03:20.753+0000] {logging_mixin.py:190} INFO - [2025-08-26T19:03:20.753+0000] {dag.py:4180} INFO - Setting next_dagrun for example_branch_operator to 2025-08-25 00:00:00+00:00, run_after=2025-08-26 00:00:00+00:00
[2025-08-26T19:03:20.759+0000] {processor.py:208} INFO - Processing /home/airflow/.local/lib/python3.12/site-packages/airflow/example_dags/example_branch_operator.py took 0.030 seconds
[2025-08-26T19:03:51.435+0000] {processor.py:186} INFO - Started process (PID=2580) to work on /home/airflow/.local/lib/python3.12/site-packages/airflow/example_dags/example_branch_operator.py
[2025-08-26T19:03:51.436+0000] {processor.py:914} INFO - Processing file /home/airflow/.local/lib/python3.12/site-packages/airflow/example_dags/example_branch_operator.py for tasks to queue
[2025-08-26T19:03:51.436+0000] {logging_mixin.py:190} INFO - [2025-08-26T19:03:51.436+0000] {dagbag.py:588} INFO - Filling up the DagBag from /home/airflow/.local/lib/python3.12/site-packages/airflow/example_dags/example_branch_operator.py
[2025-08-26T19:03:51.443+0000] {processor.py:925} INFO - DAG(s) 'example_branch_operator' retrieved from /home/airflow/.local/lib/python3.12/site-packages/airflow/example_dags/example_branch_operator.py
[2025-08-26T19:03:51.451+0000] {logging_mixin.py:190} INFO - [2025-08-26T19:03:51.451+0000] {dag.py:3239} INFO - Sync 1 DAGs
[2025-08-26T19:03:51.458+0000] {logging_mixin.py:190} INFO - [2025-08-26T19:03:51.458+0000] {dag.py:4180} INFO - Setting next_dagrun for example_branch_operator to 2025-08-25 00:00:00+00:00, run_after=2025-08-26 00:00:00+00:00
[2025-08-26T19:03:51.463+0000] {processor.py:208} INFO - Processing /home/airflow/.local/lib/python3.12/site-packages/airflow/example_dags/example_branch_operator.py took 0.030 seconds
[2025-08-26T19:04:22.095+0000] {processor.py:186} INFO - Started process (PID=2643) to work on /home/airflow/.local/lib/python3.12/site-packages/airflow/example_dags/example_branch_operator.py
[2025-08-26T19:04:22.098+0000] {processor.py:914} INFO - Processing file /home/airflow/.local/lib/python3.12/site-packages/airflow/example_dags/example_branch_operator.py for tasks to queue
[2025-08-26T19:04:22.099+0000] {logging_mixin.py:190} INFO - [2025-08-26T19:04:22.098+0000] {dagbag.py:588} INFO - Filling up the DagBag from /home/airflow/.local/lib/python3.12/site-packages/airflow/example_dags/example_branch_operator.py
[2025-08-26T19:04:22.105+0000] {processor.py:925} INFO - DAG(s) 'example_branch_operator' retrieved from /home/airflow/.local/lib/python3.12/site-packages/airflow/example_dags/example_branch_operator.py
[2025-08-26T19:04:22.115+0000] {logging_mixin.py:190} INFO - [2025-08-26T19:04:22.115+0000] {dag.py:3239} INFO - Sync 1 DAGs
[2025-08-26T19:04:22.123+0000] {logging_mixin.py:190} INFO - [2025-08-26T19:04:22.123+0000] {dag.py:4180} INFO - Setting next_dagrun for example_branch_operator to 2025-08-25 00:00:00+00:00, run_after=2025-08-26 00:00:00+00:00
[2025-08-26T19:04:22.129+0000] {processor.py:208} INFO - Processing /home/airflow/.local/lib/python3.12/site-packages/airflow/example_dags/example_branch_operator.py took 0.036 seconds
[2025-08-26T19:04:52.893+0000] {processor.py:186} INFO - Started process (PID=2706) to work on /home/airflow/.local/lib/python3.12/site-packages/airflow/example_dags/example_branch_operator.py
[2025-08-26T19:04:52.893+0000] {processor.py:914} INFO - Processing file /home/airflow/.local/lib/python3.12/site-packages/airflow/example_dags/example_branch_operator.py for tasks to queue
[2025-08-26T19:04:52.894+0000] {logging_mixin.py:190} INFO - [2025-08-26T19:04:52.894+0000] {dagbag.py:588} INFO - Filling up the DagBag from /home/airflow/.local/lib/python3.12/site-packages/airflow/example_dags/example_branch_operator.py
[2025-08-26T19:04:52.901+0000] {processor.py:925} INFO - DAG(s) 'example_branch_operator' retrieved from /home/airflow/.local/lib/python3.12/site-packages/airflow/example_dags/example_branch_operator.py
[2025-08-26T19:04:52.910+0000] {logging_mixin.py:190} INFO - [2025-08-26T19:04:52.910+0000] {dag.py:3239} INFO - Sync 1 DAGs
[2025-08-26T19:04:52.918+0000] {logging_mixin.py:190} INFO - [2025-08-26T19:04:52.917+0000] {dag.py:4180} INFO - Setting next_dagrun for example_branch_operator to 2025-08-25 00:00:00+00:00, run_after=2025-08-26 00:00:00+00:00
[2025-08-26T19:04:52.927+0000] {processor.py:208} INFO - Processing /home/airflow/.local/lib/python3.12/site-packages/airflow/example_dags/example_branch_operator.py took 0.037 seconds
[2025-08-26T19:05:23.546+0000] {processor.py:186} INFO - Started process (PID=2769) to work on /home/airflow/.local/lib/python3.12/site-packages/airflow/example_dags/example_branch_operator.py
[2025-08-26T19:05:23.547+0000] {processor.py:914} INFO - Processing file /home/airflow/.local/lib/python3.12/site-packages/airflow/example_dags/example_branch_operator.py for tasks to queue
[2025-08-26T19:05:23.548+0000] {logging_mixin.py:190} INFO - [2025-08-26T19:05:23.548+0000] {dagbag.py:588} INFO - Filling up the DagBag from /home/airflow/.local/lib/python3.12/site-packages/airflow/example_dags/example_branch_operator.py
[2025-08-26T19:05:23.555+0000] {processor.py:925} INFO - DAG(s) 'example_branch_operator' retrieved from /home/airflow/.local/lib/python3.12/site-packages/airflow/example_dags/example_branch_operator.py
[2025-08-26T19:05:23.567+0000] {logging_mixin.py:190} INFO - [2025-08-26T19:05:23.567+0000] {dag.py:3239} INFO - Sync 1 DAGs
[2025-08-26T19:05:23.575+0000] {logging_mixin.py:190} INFO - [2025-08-26T19:05:23.575+0000] {dag.py:4180} INFO - Setting next_dagrun for example_branch_operator to 2025-08-25 00:00:00+00:00, run_after=2025-08-26 00:00:00+00:00
[2025-08-26T19:05:23.585+0000] {processor.py:208} INFO - Processing /home/airflow/.local/lib/python3.12/site-packages/airflow/example_dags/example_branch_operator.py took 0.041 seconds
[2025-08-26T19:05:54.283+0000] {processor.py:186} INFO - Started process (PID=2832) to work on /home/airflow/.local/lib/python3.12/site-packages/airflow/example_dags/example_branch_operator.py
[2025-08-26T19:05:54.283+0000] {processor.py:914} INFO - Processing file /home/airflow/.local/lib/python3.12/site-packages/airflow/example_dags/example_branch_operator.py for tasks to queue
[2025-08-26T19:05:54.284+0000] {logging_mixin.py:190} INFO - [2025-08-26T19:05:54.284+0000] {dagbag.py:588} INFO - Filling up the DagBag from /home/airflow/.local/lib/python3.12/site-packages/airflow/example_dags/example_branch_operator.py
[2025-08-26T19:05:54.291+0000] {processor.py:925} INFO - DAG(s) 'example_branch_operator' retrieved from /home/airflow/.local/lib/python3.12/site-packages/airflow/example_dags/example_branch_operator.py
[2025-08-26T19:05:54.301+0000] {logging_mixin.py:190} INFO - [2025-08-26T19:05:54.300+0000] {dag.py:3239} INFO - Sync 1 DAGs
[2025-08-26T19:05:54.308+0000] {logging_mixin.py:190} INFO - [2025-08-26T19:05:54.308+0000] {dag.py:4180} INFO - Setting next_dagrun for example_branch_operator to 2025-08-25 00:00:00+00:00, run_after=2025-08-26 00:00:00+00:00
[2025-08-26T19:05:54.317+0000] {processor.py:208} INFO - Processing /home/airflow/.local/lib/python3.12/site-packages/airflow/example_dags/example_branch_operator.py took 0.037 seconds
[2025-08-26T19:06:24.955+0000] {processor.py:186} INFO - Started process (PID=2895) to work on /home/airflow/.local/lib/python3.12/site-packages/airflow/example_dags/example_branch_operator.py
[2025-08-26T19:06:24.956+0000] {processor.py:914} INFO - Processing file /home/airflow/.local/lib/python3.12/site-packages/airflow/example_dags/example_branch_operator.py for tasks to queue
[2025-08-26T19:06:24.957+0000] {logging_mixin.py:190} INFO - [2025-08-26T19:06:24.957+0000] {dagbag.py:588} INFO - Filling up the DagBag from /home/airflow/.local/lib/python3.12/site-packages/airflow/example_dags/example_branch_operator.py
[2025-08-26T19:06:24.963+0000] {processor.py:925} INFO - DAG(s) 'example_branch_operator' retrieved from /home/airflow/.local/lib/python3.12/site-packages/airflow/example_dags/example_branch_operator.py
[2025-08-26T19:06:24.974+0000] {logging_mixin.py:190} INFO - [2025-08-26T19:06:24.974+0000] {dag.py:3239} INFO - Sync 1 DAGs
[2025-08-26T19:06:24.983+0000] {logging_mixin.py:190} INFO - [2025-08-26T19:06:24.983+0000] {dag.py:4180} INFO - Setting next_dagrun for example_branch_operator to 2025-08-25 00:00:00+00:00, run_after=2025-08-26 00:00:00+00:00
[2025-08-26T19:06:24.991+0000] {processor.py:208} INFO - Processing /home/airflow/.local/lib/python3.12/site-packages/airflow/example_dags/example_branch_operator.py took 0.038 seconds
[2025-08-26T19:06:55.585+0000] {processor.py:186} INFO - Started process (PID=2958) to work on /home/airflow/.local/lib/python3.12/site-packages/airflow/example_dags/example_branch_operator.py
[2025-08-26T19:06:55.585+0000] {processor.py:914} INFO - Processing file /home/airflow/.local/lib/python3.12/site-packages/airflow/example_dags/example_branch_operator.py for tasks to queue
[2025-08-26T19:06:55.586+0000] {logging_mixin.py:190} INFO - [2025-08-26T19:06:55.586+0000] {dagbag.py:588} INFO - Filling up the DagBag from /home/airflow/.local/lib/python3.12/site-packages/airflow/example_dags/example_branch_operator.py
[2025-08-26T19:06:55.593+0000] {processor.py:925} INFO - DAG(s) 'example_branch_operator' retrieved from /home/airflow/.local/lib/python3.12/site-packages/airflow/example_dags/example_branch_operator.py
[2025-08-26T19:06:55.605+0000] {logging_mixin.py:190} INFO - [2025-08-26T19:06:55.605+0000] {dag.py:3239} INFO - Sync 1 DAGs
[2025-08-26T19:06:55.613+0000] {logging_mixin.py:190} INFO - [2025-08-26T19:06:55.613+0000] {dag.py:4180} INFO - Setting next_dagrun for example_branch_operator to 2025-08-25 00:00:00+00:00, run_after=2025-08-26 00:00:00+00:00
[2025-08-26T19:06:55.619+0000] {processor.py:208} INFO - Processing /home/airflow/.local/lib/python3.12/site-packages/airflow/example_dags/example_branch_operator.py took 0.036 seconds
[2025-08-26T19:07:26.330+0000] {processor.py:186} INFO - Started process (PID=3021) to work on /home/airflow/.local/lib/python3.12/site-packages/airflow/example_dags/example_branch_operator.py
[2025-08-26T19:07:26.331+0000] {processor.py:914} INFO - Processing file /home/airflow/.local/lib/python3.12/site-packages/airflow/example_dags/example_branch_operator.py for tasks to queue
[2025-08-26T19:07:26.332+0000] {logging_mixin.py:190} INFO - [2025-08-26T19:07:26.332+0000] {dagbag.py:588} INFO - Filling up the DagBag from /home/airflow/.local/lib/python3.12/site-packages/airflow/example_dags/example_branch_operator.py
[2025-08-26T19:07:26.339+0000] {processor.py:925} INFO - DAG(s) 'example_branch_operator' retrieved from /home/airflow/.local/lib/python3.12/site-packages/airflow/example_dags/example_branch_operator.py
[2025-08-26T19:07:26.349+0000] {logging_mixin.py:190} INFO - [2025-08-26T19:07:26.349+0000] {dag.py:3239} INFO - Sync 1 DAGs
[2025-08-26T19:07:26.357+0000] {logging_mixin.py:190} INFO - [2025-08-26T19:07:26.357+0000] {dag.py:4180} INFO - Setting next_dagrun for example_branch_operator to 2025-08-25 00:00:00+00:00, run_after=2025-08-26 00:00:00+00:00
[2025-08-26T19:07:26.363+0000] {processor.py:208} INFO - Processing /home/airflow/.local/lib/python3.12/site-packages/airflow/example_dags/example_branch_operator.py took 0.035 seconds
[2025-08-26T19:07:56.957+0000] {processor.py:186} INFO - Started process (PID=3084) to work on /home/airflow/.local/lib/python3.12/site-packages/airflow/example_dags/example_branch_operator.py
[2025-08-26T19:07:56.958+0000] {processor.py:914} INFO - Processing file /home/airflow/.local/lib/python3.12/site-packages/airflow/example_dags/example_branch_operator.py for tasks to queue
[2025-08-26T19:07:56.959+0000] {logging_mixin.py:190} INFO - [2025-08-26T19:07:56.959+0000] {dagbag.py:588} INFO - Filling up the DagBag from /home/airflow/.local/lib/python3.12/site-packages/airflow/example_dags/example_branch_operator.py
[2025-08-26T19:07:56.966+0000] {processor.py:925} INFO - DAG(s) 'example_branch_operator' retrieved from /home/airflow/.local/lib/python3.12/site-packages/airflow/example_dags/example_branch_operator.py
[2025-08-26T19:07:56.978+0000] {logging_mixin.py:190} INFO - [2025-08-26T19:07:56.977+0000] {dag.py:3239} INFO - Sync 1 DAGs
[2025-08-26T19:07:56.986+0000] {logging_mixin.py:190} INFO - [2025-08-26T19:07:56.986+0000] {dag.py:4180} INFO - Setting next_dagrun for example_branch_operator to 2025-08-25 00:00:00+00:00, run_after=2025-08-26 00:00:00+00:00
[2025-08-26T19:07:56.991+0000] {processor.py:208} INFO - Processing /home/airflow/.local/lib/python3.12/site-packages/airflow/example_dags/example_branch_operator.py took 0.036 seconds
[2025-08-26T19:08:27.618+0000] {processor.py:186} INFO - Started process (PID=3147) to work on /home/airflow/.local/lib/python3.12/site-packages/airflow/example_dags/example_branch_operator.py
[2025-08-26T19:08:27.619+0000] {processor.py:914} INFO - Processing file /home/airflow/.local/lib/python3.12/site-packages/airflow/example_dags/example_branch_operator.py for tasks to queue
[2025-08-26T19:08:27.620+0000] {logging_mixin.py:190} INFO - [2025-08-26T19:08:27.619+0000] {dagbag.py:588} INFO - Filling up the DagBag from /home/airflow/.local/lib/python3.12/site-packages/airflow/example_dags/example_branch_operator.py
[2025-08-26T19:08:27.626+0000] {processor.py:925} INFO - DAG(s) 'example_branch_operator' retrieved from /home/airflow/.local/lib/python3.12/site-packages/airflow/example_dags/example_branch_operator.py
[2025-08-26T19:08:27.638+0000] {logging_mixin.py:190} INFO - [2025-08-26T19:08:27.638+0000] {dag.py:3239} INFO - Sync 1 DAGs
[2025-08-26T19:08:27.647+0000] {logging_mixin.py:190} INFO - [2025-08-26T19:08:27.647+0000] {dag.py:4180} INFO - Setting next_dagrun for example_branch_operator to 2025-08-25 00:00:00+00:00, run_after=2025-08-26 00:00:00+00:00
[2025-08-26T19:08:27.654+0000] {processor.py:208} INFO - Processing /home/airflow/.local/lib/python3.12/site-packages/airflow/example_dags/example_branch_operator.py took 0.037 seconds
[2025-08-26T19:08:58.201+0000] {processor.py:186} INFO - Started process (PID=3210) to work on /home/airflow/.local/lib/python3.12/site-packages/airflow/example_dags/example_branch_operator.py
[2025-08-26T19:08:58.201+0000] {processor.py:914} INFO - Processing file /home/airflow/.local/lib/python3.12/site-packages/airflow/example_dags/example_branch_operator.py for tasks to queue
[2025-08-26T19:08:58.202+0000] {logging_mixin.py:190} INFO - [2025-08-26T19:08:58.202+0000] {dagbag.py:588} INFO - Filling up the DagBag from /home/airflow/.local/lib/python3.12/site-packages/airflow/example_dags/example_branch_operator.py
[2025-08-26T19:08:58.210+0000] {processor.py:925} INFO - DAG(s) 'example_branch_operator' retrieved from /home/airflow/.local/lib/python3.12/site-packages/airflow/example_dags/example_branch_operator.py
[2025-08-26T19:08:58.219+0000] {logging_mixin.py:190} INFO - [2025-08-26T19:08:58.219+0000] {dag.py:3239} INFO - Sync 1 DAGs
[2025-08-26T19:08:58.230+0000] {logging_mixin.py:190} INFO - [2025-08-26T19:08:58.230+0000] {dag.py:4180} INFO - Setting next_dagrun for example_branch_operator to 2025-08-25 00:00:00+00:00, run_after=2025-08-26 00:00:00+00:00
[2025-08-26T19:08:58.241+0000] {processor.py:208} INFO - Processing /home/airflow/.local/lib/python3.12/site-packages/airflow/example_dags/example_branch_operator.py took 0.043 seconds
[2025-08-26T19:09:28.940+0000] {processor.py:186} INFO - Started process (PID=3273) to work on /home/airflow/.local/lib/python3.12/site-packages/airflow/example_dags/example_branch_operator.py
[2025-08-26T19:09:28.943+0000] {processor.py:914} INFO - Processing file /home/airflow/.local/lib/python3.12/site-packages/airflow/example_dags/example_branch_operator.py for tasks to queue
[2025-08-26T19:09:28.945+0000] {logging_mixin.py:190} INFO - [2025-08-26T19:09:28.945+0000] {dagbag.py:588} INFO - Filling up the DagBag from /home/airflow/.local/lib/python3.12/site-packages/airflow/example_dags/example_branch_operator.py
[2025-08-26T19:09:28.952+0000] {processor.py:925} INFO - DAG(s) 'example_branch_operator' retrieved from /home/airflow/.local/lib/python3.12/site-packages/airflow/example_dags/example_branch_operator.py
[2025-08-26T19:09:28.962+0000] {logging_mixin.py:190} INFO - [2025-08-26T19:09:28.962+0000] {dag.py:3239} INFO - Sync 1 DAGs
[2025-08-26T19:09:28.970+0000] {logging_mixin.py:190} INFO - [2025-08-26T19:09:28.970+0000] {dag.py:4180} INFO - Setting next_dagrun for example_branch_operator to 2025-08-25 00:00:00+00:00, run_after=2025-08-26 00:00:00+00:00
[2025-08-26T19:09:28.976+0000] {processor.py:208} INFO - Processing /home/airflow/.local/lib/python3.12/site-packages/airflow/example_dags/example_branch_operator.py took 0.038 seconds
[2025-08-26T19:09:59.671+0000] {processor.py:186} INFO - Started process (PID=3336) to work on /home/airflow/.local/lib/python3.12/site-packages/airflow/example_dags/example_branch_operator.py
[2025-08-26T19:09:59.672+0000] {processor.py:914} INFO - Processing file /home/airflow/.local/lib/python3.12/site-packages/airflow/example_dags/example_branch_operator.py for tasks to queue
[2025-08-26T19:09:59.672+0000] {logging_mixin.py:190} INFO - [2025-08-26T19:09:59.672+0000] {dagbag.py:588} INFO - Filling up the DagBag from /home/airflow/.local/lib/python3.12/site-packages/airflow/example_dags/example_branch_operator.py
[2025-08-26T19:09:59.679+0000] {processor.py:925} INFO - DAG(s) 'example_branch_operator' retrieved from /home/airflow/.local/lib/python3.12/site-packages/airflow/example_dags/example_branch_operator.py
[2025-08-26T19:09:59.690+0000] {logging_mixin.py:190} INFO - [2025-08-26T19:09:59.690+0000] {dag.py:3239} INFO - Sync 1 DAGs
[2025-08-26T19:09:59.699+0000] {logging_mixin.py:190} INFO - [2025-08-26T19:09:59.699+0000] {dag.py:4180} INFO - Setting next_dagrun for example_branch_operator to 2025-08-25 00:00:00+00:00, run_after=2025-08-26 00:00:00+00:00
[2025-08-26T19:09:59.708+0000] {processor.py:208} INFO - Processing /home/airflow/.local/lib/python3.12/site-packages/airflow/example_dags/example_branch_operator.py took 0.039 seconds
[2025-08-26T19:10:30.441+0000] {processor.py:186} INFO - Started process (PID=3399) to work on /home/airflow/.local/lib/python3.12/site-packages/airflow/example_dags/example_branch_operator.py
[2025-08-26T19:10:30.441+0000] {processor.py:914} INFO - Processing file /home/airflow/.local/lib/python3.12/site-packages/airflow/example_dags/example_branch_operator.py for tasks to queue
[2025-08-26T19:10:30.443+0000] {logging_mixin.py:190} INFO - [2025-08-26T19:10:30.442+0000] {dagbag.py:588} INFO - Filling up the DagBag from /home/airflow/.local/lib/python3.12/site-packages/airflow/example_dags/example_branch_operator.py
[2025-08-26T19:10:30.450+0000] {processor.py:925} INFO - DAG(s) 'example_branch_operator' retrieved from /home/airflow/.local/lib/python3.12/site-packages/airflow/example_dags/example_branch_operator.py
[2025-08-26T19:10:30.462+0000] {logging_mixin.py:190} INFO - [2025-08-26T19:10:30.462+0000] {dag.py:3239} INFO - Sync 1 DAGs
[2025-08-26T19:10:30.470+0000] {logging_mixin.py:190} INFO - [2025-08-26T19:10:30.470+0000] {dag.py:4180} INFO - Setting next_dagrun for example_branch_operator to 2025-08-25 00:00:00+00:00, run_after=2025-08-26 00:00:00+00:00
[2025-08-26T19:10:30.478+0000] {processor.py:208} INFO - Processing /home/airflow/.local/lib/python3.12/site-packages/airflow/example_dags/example_branch_operator.py took 0.039 seconds
[2025-08-26T19:11:01.203+0000] {processor.py:186} INFO - Started process (PID=3462) to work on /home/airflow/.local/lib/python3.12/site-packages/airflow/example_dags/example_branch_operator.py
[2025-08-26T19:11:01.203+0000] {processor.py:914} INFO - Processing file /home/airflow/.local/lib/python3.12/site-packages/airflow/example_dags/example_branch_operator.py for tasks to queue
[2025-08-26T19:11:01.205+0000] {logging_mixin.py:190} INFO - [2025-08-26T19:11:01.205+0000] {dagbag.py:588} INFO - Filling up the DagBag from /home/airflow/.local/lib/python3.12/site-packages/airflow/example_dags/example_branch_operator.py
[2025-08-26T19:11:01.212+0000] {processor.py:925} INFO - DAG(s) 'example_branch_operator' retrieved from /home/airflow/.local/lib/python3.12/site-packages/airflow/example_dags/example_branch_operator.py
[2025-08-26T19:11:01.223+0000] {logging_mixin.py:190} INFO - [2025-08-26T19:11:01.223+0000] {dag.py:3239} INFO - Sync 1 DAGs
[2025-08-26T19:11:01.233+0000] {logging_mixin.py:190} INFO - [2025-08-26T19:11:01.233+0000] {dag.py:4180} INFO - Setting next_dagrun for example_branch_operator to 2025-08-25 00:00:00+00:00, run_after=2025-08-26 00:00:00+00:00
[2025-08-26T19:11:01.238+0000] {processor.py:208} INFO - Processing /home/airflow/.local/lib/python3.12/site-packages/airflow/example_dags/example_branch_operator.py took 0.037 seconds
[2025-08-26T19:11:32.012+0000] {processor.py:186} INFO - Started process (PID=3525) to work on /home/airflow/.local/lib/python3.12/site-packages/airflow/example_dags/example_branch_operator.py
[2025-08-26T19:11:32.012+0000] {processor.py:914} INFO - Processing file /home/airflow/.local/lib/python3.12/site-packages/airflow/example_dags/example_branch_operator.py for tasks to queue
[2025-08-26T19:11:32.013+0000] {logging_mixin.py:190} INFO - [2025-08-26T19:11:32.013+0000] {dagbag.py:588} INFO - Filling up the DagBag from /home/airflow/.local/lib/python3.12/site-packages/airflow/example_dags/example_branch_operator.py
[2025-08-26T19:11:32.019+0000] {processor.py:925} INFO - DAG(s) 'example_branch_operator' retrieved from /home/airflow/.local/lib/python3.12/site-packages/airflow/example_dags/example_branch_operator.py
[2025-08-26T19:11:32.030+0000] {logging_mixin.py:190} INFO - [2025-08-26T19:11:32.030+0000] {dag.py:3239} INFO - Sync 1 DAGs
[2025-08-26T19:11:32.038+0000] {logging_mixin.py:190} INFO - [2025-08-26T19:11:32.038+0000] {dag.py:4180} INFO - Setting next_dagrun for example_branch_operator to 2025-08-25 00:00:00+00:00, run_after=2025-08-26 00:00:00+00:00
[2025-08-26T19:11:32.045+0000] {processor.py:208} INFO - Processing /home/airflow/.local/lib/python3.12/site-packages/airflow/example_dags/example_branch_operator.py took 0.035 seconds
[2025-08-26T19:12:02.797+0000] {processor.py:186} INFO - Started process (PID=3588) to work on /home/airflow/.local/lib/python3.12/site-packages/airflow/example_dags/example_branch_operator.py
[2025-08-26T19:12:02.798+0000] {processor.py:914} INFO - Processing file /home/airflow/.local/lib/python3.12/site-packages/airflow/example_dags/example_branch_operator.py for tasks to queue
[2025-08-26T19:12:02.799+0000] {logging_mixin.py:190} INFO - [2025-08-26T19:12:02.799+0000] {dagbag.py:588} INFO - Filling up the DagBag from /home/airflow/.local/lib/python3.12/site-packages/airflow/example_dags/example_branch_operator.py
[2025-08-26T19:12:02.805+0000] {processor.py:925} INFO - DAG(s) 'example_branch_operator' retrieved from /home/airflow/.local/lib/python3.12/site-packages/airflow/example_dags/example_branch_operator.py
[2025-08-26T19:12:02.816+0000] {logging_mixin.py:190} INFO - [2025-08-26T19:12:02.816+0000] {dag.py:3239} INFO - Sync 1 DAGs
[2025-08-26T19:12:02.824+0000] {logging_mixin.py:190} INFO - [2025-08-26T19:12:02.824+0000] {dag.py:4180} INFO - Setting next_dagrun for example_branch_operator to 2025-08-25 00:00:00+00:00, run_after=2025-08-26 00:00:00+00:00
[2025-08-26T19:12:02.830+0000] {processor.py:208} INFO - Processing /home/airflow/.local/lib/python3.12/site-packages/airflow/example_dags/example_branch_operator.py took 0.034 seconds
[2025-08-26T19:12:33.566+0000] {processor.py:186} INFO - Started process (PID=3651) to work on /home/airflow/.local/lib/python3.12/site-packages/airflow/example_dags/example_branch_operator.py
[2025-08-26T19:12:33.566+0000] {processor.py:914} INFO - Processing file /home/airflow/.local/lib/python3.12/site-packages/airflow/example_dags/example_branch_operator.py for tasks to queue
[2025-08-26T19:12:33.567+0000] {logging_mixin.py:190} INFO - [2025-08-26T19:12:33.567+0000] {dagbag.py:588} INFO - Filling up the DagBag from /home/airflow/.local/lib/python3.12/site-packages/airflow/example_dags/example_branch_operator.py
[2025-08-26T19:12:33.574+0000] {processor.py:925} INFO - DAG(s) 'example_branch_operator' retrieved from /home/airflow/.local/lib/python3.12/site-packages/airflow/example_dags/example_branch_operator.py
[2025-08-26T19:12:33.583+0000] {logging_mixin.py:190} INFO - [2025-08-26T19:12:33.583+0000] {dag.py:3239} INFO - Sync 1 DAGs
[2025-08-26T19:12:33.591+0000] {logging_mixin.py:190} INFO - [2025-08-26T19:12:33.591+0000] {dag.py:4180} INFO - Setting next_dagrun for example_branch_operator to 2025-08-25 00:00:00+00:00, run_after=2025-08-26 00:00:00+00:00
[2025-08-26T19:12:33.599+0000] {processor.py:208} INFO - Processing /home/airflow/.local/lib/python3.12/site-packages/airflow/example_dags/example_branch_operator.py took 0.036 seconds
[2025-08-26T19:13:04.459+0000] {processor.py:186} INFO - Started process (PID=3714) to work on /home/airflow/.local/lib/python3.12/site-packages/airflow/example_dags/example_branch_operator.py
[2025-08-26T19:13:04.460+0000] {processor.py:914} INFO - Processing file /home/airflow/.local/lib/python3.12/site-packages/airflow/example_dags/example_branch_operator.py for tasks to queue
[2025-08-26T19:13:04.460+0000] {logging_mixin.py:190} INFO - [2025-08-26T19:13:04.460+0000] {dagbag.py:588} INFO - Filling up the DagBag from /home/airflow/.local/lib/python3.12/site-packages/airflow/example_dags/example_branch_operator.py
[2025-08-26T19:13:04.467+0000] {processor.py:925} INFO - DAG(s) 'example_branch_operator' retrieved from /home/airflow/.local/lib/python3.12/site-packages/airflow/example_dags/example_branch_operator.py
[2025-08-26T19:13:04.478+0000] {logging_mixin.py:190} INFO - [2025-08-26T19:13:04.478+0000] {dag.py:3239} INFO - Sync 1 DAGs
[2025-08-26T19:13:04.487+0000] {logging_mixin.py:190} INFO - [2025-08-26T19:13:04.487+0000] {dag.py:4180} INFO - Setting next_dagrun for example_branch_operator to 2025-08-25 00:00:00+00:00, run_after=2025-08-26 00:00:00+00:00
[2025-08-26T19:13:04.493+0000] {processor.py:208} INFO - Processing /home/airflow/.local/lib/python3.12/site-packages/airflow/example_dags/example_branch_operator.py took 0.036 seconds
[2025-08-26T19:13:35.414+0000] {processor.py:186} INFO - Started process (PID=3777) to work on /home/airflow/.local/lib/python3.12/site-packages/airflow/example_dags/example_branch_operator.py
[2025-08-26T19:13:35.415+0000] {processor.py:914} INFO - Processing file /home/airflow/.local/lib/python3.12/site-packages/airflow/example_dags/example_branch_operator.py for tasks to queue
[2025-08-26T19:13:35.416+0000] {logging_mixin.py:190} INFO - [2025-08-26T19:13:35.416+0000] {dagbag.py:588} INFO - Filling up the DagBag from /home/airflow/.local/lib/python3.12/site-packages/airflow/example_dags/example_branch_operator.py
[2025-08-26T19:13:35.423+0000] {processor.py:925} INFO - DAG(s) 'example_branch_operator' retrieved from /home/airflow/.local/lib/python3.12/site-packages/airflow/example_dags/example_branch_operator.py
[2025-08-26T19:13:35.434+0000] {logging_mixin.py:190} INFO - [2025-08-26T19:13:35.434+0000] {dag.py:3239} INFO - Sync 1 DAGs
[2025-08-26T19:13:35.443+0000] {logging_mixin.py:190} INFO - [2025-08-26T19:13:35.443+0000] {dag.py:4180} INFO - Setting next_dagrun for example_branch_operator to 2025-08-25 00:00:00+00:00, run_after=2025-08-26 00:00:00+00:00
[2025-08-26T19:13:35.448+0000] {processor.py:208} INFO - Processing /home/airflow/.local/lib/python3.12/site-packages/airflow/example_dags/example_branch_operator.py took 0.036 seconds
[2025-08-26T19:14:06.343+0000] {processor.py:186} INFO - Started process (PID=3840) to work on /home/airflow/.local/lib/python3.12/site-packages/airflow/example_dags/example_branch_operator.py
[2025-08-26T19:14:06.345+0000] {processor.py:914} INFO - Processing file /home/airflow/.local/lib/python3.12/site-packages/airflow/example_dags/example_branch_operator.py for tasks to queue
[2025-08-26T19:14:06.347+0000] {logging_mixin.py:190} INFO - [2025-08-26T19:14:06.347+0000] {dagbag.py:588} INFO - Filling up the DagBag from /home/airflow/.local/lib/python3.12/site-packages/airflow/example_dags/example_branch_operator.py
[2025-08-26T19:14:06.353+0000] {processor.py:925} INFO - DAG(s) 'example_branch_operator' retrieved from /home/airflow/.local/lib/python3.12/site-packages/airflow/example_dags/example_branch_operator.py
[2025-08-26T19:14:06.362+0000] {logging_mixin.py:190} INFO - [2025-08-26T19:14:06.362+0000] {dag.py:3239} INFO - Sync 1 DAGs
[2025-08-26T19:14:06.370+0000] {logging_mixin.py:190} INFO - [2025-08-26T19:14:06.370+0000] {dag.py:4180} INFO - Setting next_dagrun for example_branch_operator to 2025-08-25 00:00:00+00:00, run_after=2025-08-26 00:00:00+00:00
[2025-08-26T19:14:06.375+0000] {processor.py:208} INFO - Processing /home/airflow/.local/lib/python3.12/site-packages/airflow/example_dags/example_branch_operator.py took 0.034 seconds
[2025-08-26T19:14:37.215+0000] {processor.py:186} INFO - Started process (PID=3903) to work on /home/airflow/.local/lib/python3.12/site-packages/airflow/example_dags/example_branch_operator.py
[2025-08-26T19:14:37.216+0000] {processor.py:914} INFO - Processing file /home/airflow/.local/lib/python3.12/site-packages/airflow/example_dags/example_branch_operator.py for tasks to queue
[2025-08-26T19:14:37.217+0000] {logging_mixin.py:190} INFO - [2025-08-26T19:14:37.217+0000] {dagbag.py:588} INFO - Filling up the DagBag from /home/airflow/.local/lib/python3.12/site-packages/airflow/example_dags/example_branch_operator.py
[2025-08-26T19:14:37.223+0000] {processor.py:925} INFO - DAG(s) 'example_branch_operator' retrieved from /home/airflow/.local/lib/python3.12/site-packages/airflow/example_dags/example_branch_operator.py
[2025-08-26T19:14:37.233+0000] {logging_mixin.py:190} INFO - [2025-08-26T19:14:37.233+0000] {dag.py:3239} INFO - Sync 1 DAGs
[2025-08-26T19:14:37.245+0000] {logging_mixin.py:190} INFO - [2025-08-26T19:14:37.245+0000] {dag.py:4180} INFO - Setting next_dagrun for example_branch_operator to 2025-08-25 00:00:00+00:00, run_after=2025-08-26 00:00:00+00:00
[2025-08-26T19:14:37.252+0000] {processor.py:208} INFO - Processing /home/airflow/.local/lib/python3.12/site-packages/airflow/example_dags/example_branch_operator.py took 0.039 seconds
