[2025-08-26T15:43:50.833+0000] {processor.py:186} INFO - Started process (PID=88) to work on /home/airflow/.local/lib/python3.12/site-packages/airflow/example_dags/example_branch_labels.py
[2025-08-26T15:43:50.833+0000] {processor.py:914} INFO - Processing file /home/airflow/.local/lib/python3.12/site-packages/airflow/example_dags/example_branch_labels.py for tasks to queue
[2025-08-26T15:43:50.834+0000] {logging_mixin.py:190} INFO - [2025-08-26T15:43:50.834+0000] {dagbag.py:588} INFO - Filling up the DagBag from /home/airflow/.local/lib/python3.12/site-packages/airflow/example_dags/example_branch_labels.py
[2025-08-26T15:43:50.839+0000] {processor.py:925} INFO - DAG(s) 'example_branch_labels' retrieved from /home/airflow/.local/lib/python3.12/site-packages/airflow/example_dags/example_branch_labels.py
[2025-08-26T15:43:50.879+0000] {logging_mixin.py:190} INFO - [2025-08-26T15:43:50.879+0000] {override.py:1900} INFO - Created Permission View: can edit on DAG:example_branch_labels
[2025-08-26T15:43:50.884+0000] {logging_mixin.py:190} INFO - [2025-08-26T15:43:50.884+0000] {override.py:1900} INFO - Created Permission View: can delete on DAG:example_branch_labels
[2025-08-26T15:43:50.886+0000] {logging_mixin.py:190} INFO - [2025-08-26T15:43:50.886+0000] {override.py:1900} INFO - Created Permission View: can read on DAG:example_branch_labels
[2025-08-26T15:43:50.888+0000] {logging_mixin.py:190} INFO - [2025-08-26T15:43:50.888+0000] {override.py:1900} INFO - Created Permission View: can create on DAG Run:example_branch_labels
[2025-08-26T15:43:50.890+0000] {logging_mixin.py:190} INFO - [2025-08-26T15:43:50.890+0000] {override.py:1900} INFO - Created Permission View: can delete on DAG Run:example_branch_labels
[2025-08-26T15:43:50.891+0000] {logging_mixin.py:190} INFO - [2025-08-26T15:43:50.891+0000] {override.py:1900} INFO - Created Permission View: menu access on DAG Run:example_branch_labels
[2025-08-26T15:43:50.893+0000] {logging_mixin.py:190} INFO - [2025-08-26T15:43:50.893+0000] {override.py:1900} INFO - Created Permission View: can read on DAG Run:example_branch_labels
[2025-08-26T15:43:50.893+0000] {logging_mixin.py:190} INFO - [2025-08-26T15:43:50.893+0000] {dag.py:3239} INFO - Sync 1 DAGs
[2025-08-26T15:43:50.898+0000] {logging_mixin.py:190} INFO - [2025-08-26T15:43:50.898+0000] {dag.py:3262} INFO - Creating ORM DAG for example_branch_labels
[2025-08-26T15:43:50.904+0000] {logging_mixin.py:190} INFO - [2025-08-26T15:43:50.904+0000] {dag.py:4180} INFO - Setting next_dagrun for example_branch_labels to 2025-08-25 00:00:00+00:00, run_after=2025-08-26 00:00:00+00:00
[2025-08-26T15:43:50.911+0000] {processor.py:208} INFO - Processing /home/airflow/.local/lib/python3.12/site-packages/airflow/example_dags/example_branch_labels.py took 0.080 seconds
[2025-08-26T15:44:21.739+0000] {processor.py:186} INFO - Started process (PID=151) to work on /home/airflow/.local/lib/python3.12/site-packages/airflow/example_dags/example_branch_labels.py
[2025-08-26T15:44:21.740+0000] {processor.py:914} INFO - Processing file /home/airflow/.local/lib/python3.12/site-packages/airflow/example_dags/example_branch_labels.py for tasks to queue
[2025-08-26T15:44:21.740+0000] {logging_mixin.py:190} INFO - [2025-08-26T15:44:21.740+0000] {dagbag.py:588} INFO - Filling up the DagBag from /home/airflow/.local/lib/python3.12/site-packages/airflow/example_dags/example_branch_labels.py
[2025-08-26T15:44:21.744+0000] {processor.py:925} INFO - DAG(s) 'example_branch_labels' retrieved from /home/airflow/.local/lib/python3.12/site-packages/airflow/example_dags/example_branch_labels.py
[2025-08-26T15:44:21.752+0000] {logging_mixin.py:190} INFO - [2025-08-26T15:44:21.752+0000] {dag.py:3239} INFO - Sync 1 DAGs
[2025-08-26T15:44:21.760+0000] {logging_mixin.py:190} INFO - [2025-08-26T15:44:21.760+0000] {dag.py:4180} INFO - Setting next_dagrun for example_branch_labels to 2025-08-25 00:00:00+00:00, run_after=2025-08-26 00:00:00+00:00
[2025-08-26T15:44:21.767+0000] {processor.py:208} INFO - Processing /home/airflow/.local/lib/python3.12/site-packages/airflow/example_dags/example_branch_labels.py took 0.030 seconds
[2025-08-26T15:44:52.489+0000] {processor.py:186} INFO - Started process (PID=214) to work on /home/airflow/.local/lib/python3.12/site-packages/airflow/example_dags/example_branch_labels.py
[2025-08-26T15:44:52.490+0000] {processor.py:914} INFO - Processing file /home/airflow/.local/lib/python3.12/site-packages/airflow/example_dags/example_branch_labels.py for tasks to queue
[2025-08-26T15:44:52.491+0000] {logging_mixin.py:190} INFO - [2025-08-26T15:44:52.491+0000] {dagbag.py:588} INFO - Filling up the DagBag from /home/airflow/.local/lib/python3.12/site-packages/airflow/example_dags/example_branch_labels.py
[2025-08-26T15:44:52.495+0000] {processor.py:925} INFO - DAG(s) 'example_branch_labels' retrieved from /home/airflow/.local/lib/python3.12/site-packages/airflow/example_dags/example_branch_labels.py
[2025-08-26T15:44:52.503+0000] {logging_mixin.py:190} INFO - [2025-08-26T15:44:52.503+0000] {dag.py:3239} INFO - Sync 1 DAGs
[2025-08-26T15:44:52.511+0000] {logging_mixin.py:190} INFO - [2025-08-26T15:44:52.511+0000] {dag.py:4180} INFO - Setting next_dagrun for example_branch_labels to 2025-08-25 00:00:00+00:00, run_after=2025-08-26 00:00:00+00:00
[2025-08-26T15:44:52.520+0000] {processor.py:208} INFO - Processing /home/airflow/.local/lib/python3.12/site-packages/airflow/example_dags/example_branch_labels.py took 0.034 seconds
[2025-08-26T15:45:23.315+0000] {processor.py:186} INFO - Started process (PID=277) to work on /home/airflow/.local/lib/python3.12/site-packages/airflow/example_dags/example_branch_labels.py
[2025-08-26T15:45:23.316+0000] {processor.py:914} INFO - Processing file /home/airflow/.local/lib/python3.12/site-packages/airflow/example_dags/example_branch_labels.py for tasks to queue
[2025-08-26T15:45:23.317+0000] {logging_mixin.py:190} INFO - [2025-08-26T15:45:23.317+0000] {dagbag.py:588} INFO - Filling up the DagBag from /home/airflow/.local/lib/python3.12/site-packages/airflow/example_dags/example_branch_labels.py
[2025-08-26T15:45:23.320+0000] {processor.py:925} INFO - DAG(s) 'example_branch_labels' retrieved from /home/airflow/.local/lib/python3.12/site-packages/airflow/example_dags/example_branch_labels.py
[2025-08-26T15:45:23.328+0000] {logging_mixin.py:190} INFO - [2025-08-26T15:45:23.328+0000] {dag.py:3239} INFO - Sync 1 DAGs
[2025-08-26T15:45:23.337+0000] {logging_mixin.py:190} INFO - [2025-08-26T15:45:23.336+0000] {dag.py:4180} INFO - Setting next_dagrun for example_branch_labels to 2025-08-25 00:00:00+00:00, run_after=2025-08-26 00:00:00+00:00
[2025-08-26T15:45:23.344+0000] {processor.py:208} INFO - Processing /home/airflow/.local/lib/python3.12/site-packages/airflow/example_dags/example_branch_labels.py took 0.031 seconds
[2025-08-26T15:56:43.408+0000] {processor.py:186} INFO - Started process (PID=334) to work on /home/airflow/.local/lib/python3.12/site-packages/airflow/example_dags/example_branch_labels.py
[2025-08-26T15:56:43.410+0000] {processor.py:914} INFO - Processing file /home/airflow/.local/lib/python3.12/site-packages/airflow/example_dags/example_branch_labels.py for tasks to queue
[2025-08-26T15:56:43.411+0000] {logging_mixin.py:190} INFO - [2025-08-26T15:56:43.410+0000] {dagbag.py:588} INFO - Filling up the DagBag from /home/airflow/.local/lib/python3.12/site-packages/airflow/example_dags/example_branch_labels.py
[2025-08-26T15:56:43.414+0000] {processor.py:925} INFO - DAG(s) 'example_branch_labels' retrieved from /home/airflow/.local/lib/python3.12/site-packages/airflow/example_dags/example_branch_labels.py
[2025-08-26T15:56:43.421+0000] {logging_mixin.py:190} INFO - [2025-08-26T15:56:43.421+0000] {dag.py:3239} INFO - Sync 1 DAGs
[2025-08-26T15:56:43.429+0000] {logging_mixin.py:190} INFO - [2025-08-26T15:56:43.429+0000] {dag.py:4180} INFO - Setting next_dagrun for example_branch_labels to 2025-08-25 00:00:00+00:00, run_after=2025-08-26 00:00:00+00:00
[2025-08-26T15:56:43.435+0000] {processor.py:208} INFO - Processing /home/airflow/.local/lib/python3.12/site-packages/airflow/example_dags/example_branch_labels.py took 0.029 seconds
[2025-08-26T16:32:54.120+0000] {processor.py:186} INFO - Started process (PID=397) to work on /home/airflow/.local/lib/python3.12/site-packages/airflow/example_dags/example_branch_labels.py
[2025-08-26T16:32:54.120+0000] {processor.py:914} INFO - Processing file /home/airflow/.local/lib/python3.12/site-packages/airflow/example_dags/example_branch_labels.py for tasks to queue
[2025-08-26T16:32:54.121+0000] {logging_mixin.py:190} INFO - [2025-08-26T16:32:54.121+0000] {dagbag.py:588} INFO - Filling up the DagBag from /home/airflow/.local/lib/python3.12/site-packages/airflow/example_dags/example_branch_labels.py
[2025-08-26T16:32:54.125+0000] {processor.py:925} INFO - DAG(s) 'example_branch_labels' retrieved from /home/airflow/.local/lib/python3.12/site-packages/airflow/example_dags/example_branch_labels.py
[2025-08-26T16:32:54.134+0000] {logging_mixin.py:190} INFO - [2025-08-26T16:32:54.134+0000] {dag.py:3239} INFO - Sync 1 DAGs
[2025-08-26T16:32:54.143+0000] {logging_mixin.py:190} INFO - [2025-08-26T16:32:54.142+0000] {dag.py:4180} INFO - Setting next_dagrun for example_branch_labels to 2025-08-25 00:00:00+00:00, run_after=2025-08-26 00:00:00+00:00
[2025-08-26T16:32:54.150+0000] {processor.py:208} INFO - Processing /home/airflow/.local/lib/python3.12/site-packages/airflow/example_dags/example_branch_labels.py took 0.032 seconds
[2025-08-26T18:02:30.199+0000] {processor.py:186} INFO - Started process (PID=460) to work on /home/airflow/.local/lib/python3.12/site-packages/airflow/example_dags/example_branch_labels.py
[2025-08-26T18:02:30.199+0000] {processor.py:914} INFO - Processing file /home/airflow/.local/lib/python3.12/site-packages/airflow/example_dags/example_branch_labels.py for tasks to queue
[2025-08-26T18:02:30.200+0000] {logging_mixin.py:190} INFO - [2025-08-26T18:02:30.200+0000] {dagbag.py:588} INFO - Filling up the DagBag from /home/airflow/.local/lib/python3.12/site-packages/airflow/example_dags/example_branch_labels.py
[2025-08-26T18:02:30.204+0000] {processor.py:925} INFO - DAG(s) 'example_branch_labels' retrieved from /home/airflow/.local/lib/python3.12/site-packages/airflow/example_dags/example_branch_labels.py
[2025-08-26T18:02:30.214+0000] {logging_mixin.py:190} INFO - [2025-08-26T18:02:30.214+0000] {dag.py:3239} INFO - Sync 1 DAGs
[2025-08-26T18:02:30.222+0000] {logging_mixin.py:190} INFO - [2025-08-26T18:02:30.222+0000] {dag.py:4180} INFO - Setting next_dagrun for example_branch_labels to 2025-08-25 00:00:00+00:00, run_after=2025-08-26 00:00:00+00:00
[2025-08-26T18:02:30.229+0000] {processor.py:208} INFO - Processing /home/airflow/.local/lib/python3.12/site-packages/airflow/example_dags/example_branch_labels.py took 0.033 seconds
[2025-08-26T18:47:00.990+0000] {processor.py:186} INFO - Started process (PID=523) to work on /home/airflow/.local/lib/python3.12/site-packages/airflow/example_dags/example_branch_labels.py
[2025-08-26T18:47:00.991+0000] {processor.py:914} INFO - Processing file /home/airflow/.local/lib/python3.12/site-packages/airflow/example_dags/example_branch_labels.py for tasks to queue
[2025-08-26T18:47:00.994+0000] {logging_mixin.py:190} INFO - [2025-08-26T18:47:00.994+0000] {dagbag.py:588} INFO - Filling up the DagBag from /home/airflow/.local/lib/python3.12/site-packages/airflow/example_dags/example_branch_labels.py
[2025-08-26T18:47:01.002+0000] {processor.py:925} INFO - DAG(s) 'example_branch_labels' retrieved from /home/airflow/.local/lib/python3.12/site-packages/airflow/example_dags/example_branch_labels.py
[2025-08-26T18:47:01.021+0000] {logging_mixin.py:190} INFO - [2025-08-26T18:47:01.021+0000] {dag.py:3239} INFO - Sync 1 DAGs
[2025-08-26T18:47:01.065+0000] {logging_mixin.py:190} INFO - [2025-08-26T18:47:01.065+0000] {dag.py:4180} INFO - Setting next_dagrun for example_branch_labels to 2025-08-25 00:00:00+00:00, run_after=2025-08-26 00:00:00+00:00
[2025-08-26T18:47:01.091+0000] {processor.py:208} INFO - Processing /home/airflow/.local/lib/python3.12/site-packages/airflow/example_dags/example_branch_labels.py took 0.107 seconds
[2025-08-26T18:47:31.114+0000] {processor.py:186} INFO - Started process (PID=586) to work on /home/airflow/.local/lib/python3.12/site-packages/airflow/example_dags/example_branch_labels.py
[2025-08-26T18:47:31.114+0000] {processor.py:914} INFO - Processing file /home/airflow/.local/lib/python3.12/site-packages/airflow/example_dags/example_branch_labels.py for tasks to queue
[2025-08-26T18:47:31.115+0000] {logging_mixin.py:190} INFO - [2025-08-26T18:47:31.115+0000] {dagbag.py:588} INFO - Filling up the DagBag from /home/airflow/.local/lib/python3.12/site-packages/airflow/example_dags/example_branch_labels.py
[2025-08-26T18:47:31.119+0000] {processor.py:925} INFO - DAG(s) 'example_branch_labels' retrieved from /home/airflow/.local/lib/python3.12/site-packages/airflow/example_dags/example_branch_labels.py
[2025-08-26T18:47:31.126+0000] {logging_mixin.py:190} INFO - [2025-08-26T18:47:31.126+0000] {dag.py:3239} INFO - Sync 1 DAGs
[2025-08-26T18:47:31.134+0000] {logging_mixin.py:190} INFO - [2025-08-26T18:47:31.134+0000] {dag.py:4180} INFO - Setting next_dagrun for example_branch_labels to 2025-08-25 00:00:00+00:00, run_after=2025-08-26 00:00:00+00:00
[2025-08-26T18:47:31.138+0000] {processor.py:208} INFO - Processing /home/airflow/.local/lib/python3.12/site-packages/airflow/example_dags/example_branch_labels.py took 0.027 seconds
[2025-08-26T18:48:01.885+0000] {processor.py:186} INFO - Started process (PID=649) to work on /home/airflow/.local/lib/python3.12/site-packages/airflow/example_dags/example_branch_labels.py
[2025-08-26T18:48:01.887+0000] {processor.py:914} INFO - Processing file /home/airflow/.local/lib/python3.12/site-packages/airflow/example_dags/example_branch_labels.py for tasks to queue
[2025-08-26T18:48:01.889+0000] {logging_mixin.py:190} INFO - [2025-08-26T18:48:01.889+0000] {dagbag.py:588} INFO - Filling up the DagBag from /home/airflow/.local/lib/python3.12/site-packages/airflow/example_dags/example_branch_labels.py
[2025-08-26T18:48:01.895+0000] {processor.py:925} INFO - DAG(s) 'example_branch_labels' retrieved from /home/airflow/.local/lib/python3.12/site-packages/airflow/example_dags/example_branch_labels.py
[2025-08-26T18:48:01.908+0000] {logging_mixin.py:190} INFO - [2025-08-26T18:48:01.908+0000] {dag.py:3239} INFO - Sync 1 DAGs
[2025-08-26T18:48:01.922+0000] {logging_mixin.py:190} INFO - [2025-08-26T18:48:01.921+0000] {dag.py:4180} INFO - Setting next_dagrun for example_branch_labels to 2025-08-25 00:00:00+00:00, run_after=2025-08-26 00:00:00+00:00
[2025-08-26T18:48:01.929+0000] {processor.py:208} INFO - Processing /home/airflow/.local/lib/python3.12/site-packages/airflow/example_dags/example_branch_labels.py took 0.047 seconds
[2025-08-26T18:48:32.643+0000] {processor.py:186} INFO - Started process (PID=712) to work on /home/airflow/.local/lib/python3.12/site-packages/airflow/example_dags/example_branch_labels.py
[2025-08-26T18:48:32.644+0000] {processor.py:914} INFO - Processing file /home/airflow/.local/lib/python3.12/site-packages/airflow/example_dags/example_branch_labels.py for tasks to queue
[2025-08-26T18:48:32.645+0000] {logging_mixin.py:190} INFO - [2025-08-26T18:48:32.645+0000] {dagbag.py:588} INFO - Filling up the DagBag from /home/airflow/.local/lib/python3.12/site-packages/airflow/example_dags/example_branch_labels.py
[2025-08-26T18:48:32.649+0000] {processor.py:925} INFO - DAG(s) 'example_branch_labels' retrieved from /home/airflow/.local/lib/python3.12/site-packages/airflow/example_dags/example_branch_labels.py
[2025-08-26T18:48:32.655+0000] {logging_mixin.py:190} INFO - [2025-08-26T18:48:32.655+0000] {dag.py:3239} INFO - Sync 1 DAGs
[2025-08-26T18:48:32.662+0000] {logging_mixin.py:190} INFO - [2025-08-26T18:48:32.662+0000] {dag.py:4180} INFO - Setting next_dagrun for example_branch_labels to 2025-08-25 00:00:00+00:00, run_after=2025-08-26 00:00:00+00:00
[2025-08-26T18:48:32.667+0000] {processor.py:208} INFO - Processing /home/airflow/.local/lib/python3.12/site-packages/airflow/example_dags/example_branch_labels.py took 0.026 seconds
[2025-08-26T18:49:03.257+0000] {processor.py:186} INFO - Started process (PID=775) to work on /home/airflow/.local/lib/python3.12/site-packages/airflow/example_dags/example_branch_labels.py
[2025-08-26T18:49:03.257+0000] {processor.py:914} INFO - Processing file /home/airflow/.local/lib/python3.12/site-packages/airflow/example_dags/example_branch_labels.py for tasks to queue
[2025-08-26T18:49:03.258+0000] {logging_mixin.py:190} INFO - [2025-08-26T18:49:03.258+0000] {dagbag.py:588} INFO - Filling up the DagBag from /home/airflow/.local/lib/python3.12/site-packages/airflow/example_dags/example_branch_labels.py
[2025-08-26T18:49:03.262+0000] {processor.py:925} INFO - DAG(s) 'example_branch_labels' retrieved from /home/airflow/.local/lib/python3.12/site-packages/airflow/example_dags/example_branch_labels.py
[2025-08-26T18:49:03.270+0000] {logging_mixin.py:190} INFO - [2025-08-26T18:49:03.270+0000] {dag.py:3239} INFO - Sync 1 DAGs
[2025-08-26T18:49:03.279+0000] {logging_mixin.py:190} INFO - [2025-08-26T18:49:03.279+0000] {dag.py:4180} INFO - Setting next_dagrun for example_branch_labels to 2025-08-25 00:00:00+00:00, run_after=2025-08-26 00:00:00+00:00
[2025-08-26T18:49:03.289+0000] {processor.py:208} INFO - Processing /home/airflow/.local/lib/python3.12/site-packages/airflow/example_dags/example_branch_labels.py took 0.034 seconds
[2025-08-26T18:49:33.960+0000] {processor.py:186} INFO - Started process (PID=839) to work on /home/airflow/.local/lib/python3.12/site-packages/airflow/example_dags/example_branch_labels.py
[2025-08-26T18:49:33.960+0000] {processor.py:914} INFO - Processing file /home/airflow/.local/lib/python3.12/site-packages/airflow/example_dags/example_branch_labels.py for tasks to queue
[2025-08-26T18:49:33.961+0000] {logging_mixin.py:190} INFO - [2025-08-26T18:49:33.961+0000] {dagbag.py:588} INFO - Filling up the DagBag from /home/airflow/.local/lib/python3.12/site-packages/airflow/example_dags/example_branch_labels.py
[2025-08-26T18:49:33.965+0000] {processor.py:925} INFO - DAG(s) 'example_branch_labels' retrieved from /home/airflow/.local/lib/python3.12/site-packages/airflow/example_dags/example_branch_labels.py
[2025-08-26T18:49:33.971+0000] {logging_mixin.py:190} INFO - [2025-08-26T18:49:33.971+0000] {dag.py:3239} INFO - Sync 1 DAGs
[2025-08-26T18:49:33.979+0000] {logging_mixin.py:190} INFO - [2025-08-26T18:49:33.979+0000] {dag.py:4180} INFO - Setting next_dagrun for example_branch_labels to 2025-08-25 00:00:00+00:00, run_after=2025-08-26 00:00:00+00:00
[2025-08-26T18:49:33.985+0000] {processor.py:208} INFO - Processing /home/airflow/.local/lib/python3.12/site-packages/airflow/example_dags/example_branch_labels.py took 0.027 seconds
[2025-08-26T18:50:04.572+0000] {processor.py:186} INFO - Started process (PID=902) to work on /home/airflow/.local/lib/python3.12/site-packages/airflow/example_dags/example_branch_labels.py
[2025-08-26T18:50:04.573+0000] {processor.py:914} INFO - Processing file /home/airflow/.local/lib/python3.12/site-packages/airflow/example_dags/example_branch_labels.py for tasks to queue
[2025-08-26T18:50:04.574+0000] {logging_mixin.py:190} INFO - [2025-08-26T18:50:04.574+0000] {dagbag.py:588} INFO - Filling up the DagBag from /home/airflow/.local/lib/python3.12/site-packages/airflow/example_dags/example_branch_labels.py
[2025-08-26T18:50:04.578+0000] {processor.py:925} INFO - DAG(s) 'example_branch_labels' retrieved from /home/airflow/.local/lib/python3.12/site-packages/airflow/example_dags/example_branch_labels.py
[2025-08-26T18:50:04.584+0000] {logging_mixin.py:190} INFO - [2025-08-26T18:50:04.584+0000] {dag.py:3239} INFO - Sync 1 DAGs
[2025-08-26T18:50:04.592+0000] {logging_mixin.py:190} INFO - [2025-08-26T18:50:04.592+0000] {dag.py:4180} INFO - Setting next_dagrun for example_branch_labels to 2025-08-25 00:00:00+00:00, run_after=2025-08-26 00:00:00+00:00
[2025-08-26T18:50:04.597+0000] {processor.py:208} INFO - Processing /home/airflow/.local/lib/python3.12/site-packages/airflow/example_dags/example_branch_labels.py took 0.028 seconds
[2025-08-26T18:50:35.100+0000] {processor.py:186} INFO - Started process (PID=965) to work on /home/airflow/.local/lib/python3.12/site-packages/airflow/example_dags/example_branch_labels.py
[2025-08-26T18:50:35.101+0000] {processor.py:914} INFO - Processing file /home/airflow/.local/lib/python3.12/site-packages/airflow/example_dags/example_branch_labels.py for tasks to queue
[2025-08-26T18:50:35.102+0000] {logging_mixin.py:190} INFO - [2025-08-26T18:50:35.102+0000] {dagbag.py:588} INFO - Filling up the DagBag from /home/airflow/.local/lib/python3.12/site-packages/airflow/example_dags/example_branch_labels.py
[2025-08-26T18:50:35.106+0000] {processor.py:925} INFO - DAG(s) 'example_branch_labels' retrieved from /home/airflow/.local/lib/python3.12/site-packages/airflow/example_dags/example_branch_labels.py
[2025-08-26T18:50:35.114+0000] {logging_mixin.py:190} INFO - [2025-08-26T18:50:35.114+0000] {dag.py:3239} INFO - Sync 1 DAGs
[2025-08-26T18:50:35.123+0000] {logging_mixin.py:190} INFO - [2025-08-26T18:50:35.123+0000] {dag.py:4180} INFO - Setting next_dagrun for example_branch_labels to 2025-08-25 00:00:00+00:00, run_after=2025-08-26 00:00:00+00:00
[2025-08-26T18:50:35.128+0000] {processor.py:208} INFO - Processing /home/airflow/.local/lib/python3.12/site-packages/airflow/example_dags/example_branch_labels.py took 0.031 seconds
[2025-08-26T18:51:05.660+0000] {processor.py:186} INFO - Started process (PID=1028) to work on /home/airflow/.local/lib/python3.12/site-packages/airflow/example_dags/example_branch_labels.py
[2025-08-26T18:51:05.661+0000] {processor.py:914} INFO - Processing file /home/airflow/.local/lib/python3.12/site-packages/airflow/example_dags/example_branch_labels.py for tasks to queue
[2025-08-26T18:51:05.662+0000] {logging_mixin.py:190} INFO - [2025-08-26T18:51:05.662+0000] {dagbag.py:588} INFO - Filling up the DagBag from /home/airflow/.local/lib/python3.12/site-packages/airflow/example_dags/example_branch_labels.py
[2025-08-26T18:51:05.665+0000] {processor.py:925} INFO - DAG(s) 'example_branch_labels' retrieved from /home/airflow/.local/lib/python3.12/site-packages/airflow/example_dags/example_branch_labels.py
[2025-08-26T18:51:05.674+0000] {logging_mixin.py:190} INFO - [2025-08-26T18:51:05.674+0000] {dag.py:3239} INFO - Sync 1 DAGs
[2025-08-26T18:51:05.681+0000] {logging_mixin.py:190} INFO - [2025-08-26T18:51:05.681+0000] {dag.py:4180} INFO - Setting next_dagrun for example_branch_labels to 2025-08-25 00:00:00+00:00, run_after=2025-08-26 00:00:00+00:00
[2025-08-26T18:51:05.686+0000] {processor.py:208} INFO - Processing /home/airflow/.local/lib/python3.12/site-packages/airflow/example_dags/example_branch_labels.py took 0.028 seconds
[2025-08-26T18:51:36.253+0000] {processor.py:186} INFO - Started process (PID=1091) to work on /home/airflow/.local/lib/python3.12/site-packages/airflow/example_dags/example_branch_labels.py
[2025-08-26T18:51:36.253+0000] {processor.py:914} INFO - Processing file /home/airflow/.local/lib/python3.12/site-packages/airflow/example_dags/example_branch_labels.py for tasks to queue
[2025-08-26T18:51:36.254+0000] {logging_mixin.py:190} INFO - [2025-08-26T18:51:36.254+0000] {dagbag.py:588} INFO - Filling up the DagBag from /home/airflow/.local/lib/python3.12/site-packages/airflow/example_dags/example_branch_labels.py
[2025-08-26T18:51:36.257+0000] {processor.py:925} INFO - DAG(s) 'example_branch_labels' retrieved from /home/airflow/.local/lib/python3.12/site-packages/airflow/example_dags/example_branch_labels.py
[2025-08-26T18:51:36.264+0000] {logging_mixin.py:190} INFO - [2025-08-26T18:51:36.264+0000] {dag.py:3239} INFO - Sync 1 DAGs
[2025-08-26T18:51:36.271+0000] {logging_mixin.py:190} INFO - [2025-08-26T18:51:36.271+0000] {dag.py:4180} INFO - Setting next_dagrun for example_branch_labels to 2025-08-25 00:00:00+00:00, run_after=2025-08-26 00:00:00+00:00
[2025-08-26T18:51:36.276+0000] {processor.py:208} INFO - Processing /home/airflow/.local/lib/python3.12/site-packages/airflow/example_dags/example_branch_labels.py took 0.025 seconds
[2025-08-26T18:52:06.924+0000] {processor.py:186} INFO - Started process (PID=1154) to work on /home/airflow/.local/lib/python3.12/site-packages/airflow/example_dags/example_branch_labels.py
[2025-08-26T18:52:06.927+0000] {processor.py:914} INFO - Processing file /home/airflow/.local/lib/python3.12/site-packages/airflow/example_dags/example_branch_labels.py for tasks to queue
[2025-08-26T18:52:06.928+0000] {logging_mixin.py:190} INFO - [2025-08-26T18:52:06.928+0000] {dagbag.py:588} INFO - Filling up the DagBag from /home/airflow/.local/lib/python3.12/site-packages/airflow/example_dags/example_branch_labels.py
[2025-08-26T18:52:06.932+0000] {processor.py:925} INFO - DAG(s) 'example_branch_labels' retrieved from /home/airflow/.local/lib/python3.12/site-packages/airflow/example_dags/example_branch_labels.py
[2025-08-26T18:52:06.941+0000] {logging_mixin.py:190} INFO - [2025-08-26T18:52:06.941+0000] {dag.py:3239} INFO - Sync 1 DAGs
[2025-08-26T18:52:06.950+0000] {logging_mixin.py:190} INFO - [2025-08-26T18:52:06.950+0000] {dag.py:4180} INFO - Setting next_dagrun for example_branch_labels to 2025-08-25 00:00:00+00:00, run_after=2025-08-26 00:00:00+00:00
[2025-08-26T18:52:06.958+0000] {processor.py:208} INFO - Processing /home/airflow/.local/lib/python3.12/site-packages/airflow/example_dags/example_branch_labels.py took 0.036 seconds
[2025-08-26T18:52:37.580+0000] {processor.py:186} INFO - Started process (PID=1217) to work on /home/airflow/.local/lib/python3.12/site-packages/airflow/example_dags/example_branch_labels.py
[2025-08-26T18:52:37.580+0000] {processor.py:914} INFO - Processing file /home/airflow/.local/lib/python3.12/site-packages/airflow/example_dags/example_branch_labels.py for tasks to queue
[2025-08-26T18:52:37.581+0000] {logging_mixin.py:190} INFO - [2025-08-26T18:52:37.581+0000] {dagbag.py:588} INFO - Filling up the DagBag from /home/airflow/.local/lib/python3.12/site-packages/airflow/example_dags/example_branch_labels.py
[2025-08-26T18:52:37.585+0000] {processor.py:925} INFO - DAG(s) 'example_branch_labels' retrieved from /home/airflow/.local/lib/python3.12/site-packages/airflow/example_dags/example_branch_labels.py
[2025-08-26T18:52:37.592+0000] {logging_mixin.py:190} INFO - [2025-08-26T18:52:37.592+0000] {dag.py:3239} INFO - Sync 1 DAGs
[2025-08-26T18:52:37.599+0000] {logging_mixin.py:190} INFO - [2025-08-26T18:52:37.599+0000] {dag.py:4180} INFO - Setting next_dagrun for example_branch_labels to 2025-08-25 00:00:00+00:00, run_after=2025-08-26 00:00:00+00:00
[2025-08-26T18:52:37.604+0000] {processor.py:208} INFO - Processing /home/airflow/.local/lib/python3.12/site-packages/airflow/example_dags/example_branch_labels.py took 0.026 seconds
[2025-08-26T18:53:08.182+0000] {processor.py:186} INFO - Started process (PID=1280) to work on /home/airflow/.local/lib/python3.12/site-packages/airflow/example_dags/example_branch_labels.py
[2025-08-26T18:53:08.182+0000] {processor.py:914} INFO - Processing file /home/airflow/.local/lib/python3.12/site-packages/airflow/example_dags/example_branch_labels.py for tasks to queue
[2025-08-26T18:53:08.183+0000] {logging_mixin.py:190} INFO - [2025-08-26T18:53:08.183+0000] {dagbag.py:588} INFO - Filling up the DagBag from /home/airflow/.local/lib/python3.12/site-packages/airflow/example_dags/example_branch_labels.py
[2025-08-26T18:53:08.186+0000] {processor.py:925} INFO - DAG(s) 'example_branch_labels' retrieved from /home/airflow/.local/lib/python3.12/site-packages/airflow/example_dags/example_branch_labels.py
[2025-08-26T18:53:08.192+0000] {logging_mixin.py:190} INFO - [2025-08-26T18:53:08.192+0000] {dag.py:3239} INFO - Sync 1 DAGs
[2025-08-26T18:53:08.199+0000] {logging_mixin.py:190} INFO - [2025-08-26T18:53:08.199+0000] {dag.py:4180} INFO - Setting next_dagrun for example_branch_labels to 2025-08-25 00:00:00+00:00, run_after=2025-08-26 00:00:00+00:00
[2025-08-26T18:53:08.204+0000] {processor.py:208} INFO - Processing /home/airflow/.local/lib/python3.12/site-packages/airflow/example_dags/example_branch_labels.py took 0.024 seconds
[2025-08-26T18:53:38.786+0000] {processor.py:186} INFO - Started process (PID=1343) to work on /home/airflow/.local/lib/python3.12/site-packages/airflow/example_dags/example_branch_labels.py
[2025-08-26T18:53:38.788+0000] {processor.py:914} INFO - Processing file /home/airflow/.local/lib/python3.12/site-packages/airflow/example_dags/example_branch_labels.py for tasks to queue
[2025-08-26T18:53:38.789+0000] {logging_mixin.py:190} INFO - [2025-08-26T18:53:38.789+0000] {dagbag.py:588} INFO - Filling up the DagBag from /home/airflow/.local/lib/python3.12/site-packages/airflow/example_dags/example_branch_labels.py
[2025-08-26T18:53:38.794+0000] {processor.py:925} INFO - DAG(s) 'example_branch_labels' retrieved from /home/airflow/.local/lib/python3.12/site-packages/airflow/example_dags/example_branch_labels.py
[2025-08-26T18:53:38.802+0000] {logging_mixin.py:190} INFO - [2025-08-26T18:53:38.802+0000] {dag.py:3239} INFO - Sync 1 DAGs
[2025-08-26T18:53:38.810+0000] {logging_mixin.py:190} INFO - [2025-08-26T18:53:38.810+0000] {dag.py:4180} INFO - Setting next_dagrun for example_branch_labels to 2025-08-25 00:00:00+00:00, run_after=2025-08-26 00:00:00+00:00
[2025-08-26T18:53:38.820+0000] {processor.py:208} INFO - Processing /home/airflow/.local/lib/python3.12/site-packages/airflow/example_dags/example_branch_labels.py took 0.036 seconds
[2025-08-26T18:54:09.417+0000] {processor.py:186} INFO - Started process (PID=1406) to work on /home/airflow/.local/lib/python3.12/site-packages/airflow/example_dags/example_branch_labels.py
[2025-08-26T18:54:09.418+0000] {processor.py:914} INFO - Processing file /home/airflow/.local/lib/python3.12/site-packages/airflow/example_dags/example_branch_labels.py for tasks to queue
[2025-08-26T18:54:09.418+0000] {logging_mixin.py:190} INFO - [2025-08-26T18:54:09.418+0000] {dagbag.py:588} INFO - Filling up the DagBag from /home/airflow/.local/lib/python3.12/site-packages/airflow/example_dags/example_branch_labels.py
[2025-08-26T18:54:09.422+0000] {processor.py:925} INFO - DAG(s) 'example_branch_labels' retrieved from /home/airflow/.local/lib/python3.12/site-packages/airflow/example_dags/example_branch_labels.py
[2025-08-26T18:54:09.428+0000] {logging_mixin.py:190} INFO - [2025-08-26T18:54:09.428+0000] {dag.py:3239} INFO - Sync 1 DAGs
[2025-08-26T18:54:09.435+0000] {logging_mixin.py:190} INFO - [2025-08-26T18:54:09.435+0000] {dag.py:4180} INFO - Setting next_dagrun for example_branch_labels to 2025-08-25 00:00:00+00:00, run_after=2025-08-26 00:00:00+00:00
[2025-08-26T18:54:09.440+0000] {processor.py:208} INFO - Processing /home/airflow/.local/lib/python3.12/site-packages/airflow/example_dags/example_branch_labels.py took 0.025 seconds
[2025-08-26T18:54:40.013+0000] {processor.py:186} INFO - Started process (PID=1469) to work on /home/airflow/.local/lib/python3.12/site-packages/airflow/example_dags/example_branch_labels.py
[2025-08-26T18:54:40.013+0000] {processor.py:914} INFO - Processing file /home/airflow/.local/lib/python3.12/site-packages/airflow/example_dags/example_branch_labels.py for tasks to queue
[2025-08-26T18:54:40.014+0000] {logging_mixin.py:190} INFO - [2025-08-26T18:54:40.014+0000] {dagbag.py:588} INFO - Filling up the DagBag from /home/airflow/.local/lib/python3.12/site-packages/airflow/example_dags/example_branch_labels.py
[2025-08-26T18:54:40.017+0000] {processor.py:925} INFO - DAG(s) 'example_branch_labels' retrieved from /home/airflow/.local/lib/python3.12/site-packages/airflow/example_dags/example_branch_labels.py
[2025-08-26T18:54:40.024+0000] {logging_mixin.py:190} INFO - [2025-08-26T18:54:40.024+0000] {dag.py:3239} INFO - Sync 1 DAGs
[2025-08-26T18:54:40.031+0000] {logging_mixin.py:190} INFO - [2025-08-26T18:54:40.031+0000] {dag.py:4180} INFO - Setting next_dagrun for example_branch_labels to 2025-08-25 00:00:00+00:00, run_after=2025-08-26 00:00:00+00:00
[2025-08-26T18:54:40.035+0000] {processor.py:208} INFO - Processing /home/airflow/.local/lib/python3.12/site-packages/airflow/example_dags/example_branch_labels.py took 0.025 seconds
[2025-08-26T18:55:10.700+0000] {processor.py:186} INFO - Started process (PID=1532) to work on /home/airflow/.local/lib/python3.12/site-packages/airflow/example_dags/example_branch_labels.py
[2025-08-26T18:55:10.702+0000] {processor.py:914} INFO - Processing file /home/airflow/.local/lib/python3.12/site-packages/airflow/example_dags/example_branch_labels.py for tasks to queue
[2025-08-26T18:55:10.703+0000] {logging_mixin.py:190} INFO - [2025-08-26T18:55:10.702+0000] {dagbag.py:588} INFO - Filling up the DagBag from /home/airflow/.local/lib/python3.12/site-packages/airflow/example_dags/example_branch_labels.py
[2025-08-26T18:55:10.706+0000] {processor.py:925} INFO - DAG(s) 'example_branch_labels' retrieved from /home/airflow/.local/lib/python3.12/site-packages/airflow/example_dags/example_branch_labels.py
[2025-08-26T18:55:10.712+0000] {logging_mixin.py:190} INFO - [2025-08-26T18:55:10.712+0000] {dag.py:3239} INFO - Sync 1 DAGs
[2025-08-26T18:55:10.720+0000] {logging_mixin.py:190} INFO - [2025-08-26T18:55:10.720+0000] {dag.py:4180} INFO - Setting next_dagrun for example_branch_labels to 2025-08-25 00:00:00+00:00, run_after=2025-08-26 00:00:00+00:00
[2025-08-26T18:55:10.724+0000] {processor.py:208} INFO - Processing /home/airflow/.local/lib/python3.12/site-packages/airflow/example_dags/example_branch_labels.py took 0.027 seconds
[2025-08-26T18:55:41.248+0000] {processor.py:186} INFO - Started process (PID=1595) to work on /home/airflow/.local/lib/python3.12/site-packages/airflow/example_dags/example_branch_labels.py
[2025-08-26T18:55:41.248+0000] {processor.py:914} INFO - Processing file /home/airflow/.local/lib/python3.12/site-packages/airflow/example_dags/example_branch_labels.py for tasks to queue
[2025-08-26T18:55:41.249+0000] {logging_mixin.py:190} INFO - [2025-08-26T18:55:41.249+0000] {dagbag.py:588} INFO - Filling up the DagBag from /home/airflow/.local/lib/python3.12/site-packages/airflow/example_dags/example_branch_labels.py
[2025-08-26T18:55:41.252+0000] {processor.py:925} INFO - DAG(s) 'example_branch_labels' retrieved from /home/airflow/.local/lib/python3.12/site-packages/airflow/example_dags/example_branch_labels.py
[2025-08-26T18:55:41.261+0000] {logging_mixin.py:190} INFO - [2025-08-26T18:55:41.261+0000] {dag.py:3239} INFO - Sync 1 DAGs
[2025-08-26T18:55:41.269+0000] {logging_mixin.py:190} INFO - [2025-08-26T18:55:41.269+0000] {dag.py:4180} INFO - Setting next_dagrun for example_branch_labels to 2025-08-25 00:00:00+00:00, run_after=2025-08-26 00:00:00+00:00
[2025-08-26T18:55:41.274+0000] {processor.py:208} INFO - Processing /home/airflow/.local/lib/python3.12/site-packages/airflow/example_dags/example_branch_labels.py took 0.028 seconds
[2025-08-26T18:56:11.902+0000] {processor.py:186} INFO - Started process (PID=1658) to work on /home/airflow/.local/lib/python3.12/site-packages/airflow/example_dags/example_branch_labels.py
[2025-08-26T18:56:11.903+0000] {processor.py:914} INFO - Processing file /home/airflow/.local/lib/python3.12/site-packages/airflow/example_dags/example_branch_labels.py for tasks to queue
[2025-08-26T18:56:11.904+0000] {logging_mixin.py:190} INFO - [2025-08-26T18:56:11.904+0000] {dagbag.py:588} INFO - Filling up the DagBag from /home/airflow/.local/lib/python3.12/site-packages/airflow/example_dags/example_branch_labels.py
[2025-08-26T18:56:11.908+0000] {processor.py:925} INFO - DAG(s) 'example_branch_labels' retrieved from /home/airflow/.local/lib/python3.12/site-packages/airflow/example_dags/example_branch_labels.py
[2025-08-26T18:56:11.915+0000] {logging_mixin.py:190} INFO - [2025-08-26T18:56:11.915+0000] {dag.py:3239} INFO - Sync 1 DAGs
[2025-08-26T18:56:11.922+0000] {logging_mixin.py:190} INFO - [2025-08-26T18:56:11.922+0000] {dag.py:4180} INFO - Setting next_dagrun for example_branch_labels to 2025-08-25 00:00:00+00:00, run_after=2025-08-26 00:00:00+00:00
[2025-08-26T18:56:11.927+0000] {processor.py:208} INFO - Processing /home/airflow/.local/lib/python3.12/site-packages/airflow/example_dags/example_branch_labels.py took 0.027 seconds
[2025-08-26T18:56:42.462+0000] {processor.py:186} INFO - Started process (PID=1721) to work on /home/airflow/.local/lib/python3.12/site-packages/airflow/example_dags/example_branch_labels.py
[2025-08-26T18:56:42.463+0000] {processor.py:914} INFO - Processing file /home/airflow/.local/lib/python3.12/site-packages/airflow/example_dags/example_branch_labels.py for tasks to queue
[2025-08-26T18:56:42.464+0000] {logging_mixin.py:190} INFO - [2025-08-26T18:56:42.464+0000] {dagbag.py:588} INFO - Filling up the DagBag from /home/airflow/.local/lib/python3.12/site-packages/airflow/example_dags/example_branch_labels.py
[2025-08-26T18:56:42.468+0000] {processor.py:925} INFO - DAG(s) 'example_branch_labels' retrieved from /home/airflow/.local/lib/python3.12/site-packages/airflow/example_dags/example_branch_labels.py
[2025-08-26T18:56:42.475+0000] {logging_mixin.py:190} INFO - [2025-08-26T18:56:42.474+0000] {dag.py:3239} INFO - Sync 1 DAGs
[2025-08-26T18:56:42.482+0000] {logging_mixin.py:190} INFO - [2025-08-26T18:56:42.482+0000] {dag.py:4180} INFO - Setting next_dagrun for example_branch_labels to 2025-08-25 00:00:00+00:00, run_after=2025-08-26 00:00:00+00:00
[2025-08-26T18:56:42.487+0000] {processor.py:208} INFO - Processing /home/airflow/.local/lib/python3.12/site-packages/airflow/example_dags/example_branch_labels.py took 0.027 seconds
[2025-08-26T18:57:13.090+0000] {processor.py:186} INFO - Started process (PID=1784) to work on /home/airflow/.local/lib/python3.12/site-packages/airflow/example_dags/example_branch_labels.py
[2025-08-26T18:57:13.090+0000] {processor.py:914} INFO - Processing file /home/airflow/.local/lib/python3.12/site-packages/airflow/example_dags/example_branch_labels.py for tasks to queue
[2025-08-26T18:57:13.091+0000] {logging_mixin.py:190} INFO - [2025-08-26T18:57:13.091+0000] {dagbag.py:588} INFO - Filling up the DagBag from /home/airflow/.local/lib/python3.12/site-packages/airflow/example_dags/example_branch_labels.py
[2025-08-26T18:57:13.095+0000] {processor.py:925} INFO - DAG(s) 'example_branch_labels' retrieved from /home/airflow/.local/lib/python3.12/site-packages/airflow/example_dags/example_branch_labels.py
[2025-08-26T18:57:13.103+0000] {logging_mixin.py:190} INFO - [2025-08-26T18:57:13.103+0000] {dag.py:3239} INFO - Sync 1 DAGs
[2025-08-26T18:57:13.110+0000] {logging_mixin.py:190} INFO - [2025-08-26T18:57:13.110+0000] {dag.py:4180} INFO - Setting next_dagrun for example_branch_labels to 2025-08-25 00:00:00+00:00, run_after=2025-08-26 00:00:00+00:00
[2025-08-26T18:57:13.115+0000] {processor.py:208} INFO - Processing /home/airflow/.local/lib/python3.12/site-packages/airflow/example_dags/example_branch_labels.py took 0.028 seconds
[2025-08-26T18:57:43.669+0000] {processor.py:186} INFO - Started process (PID=1847) to work on /home/airflow/.local/lib/python3.12/site-packages/airflow/example_dags/example_branch_labels.py
[2025-08-26T18:57:43.669+0000] {processor.py:914} INFO - Processing file /home/airflow/.local/lib/python3.12/site-packages/airflow/example_dags/example_branch_labels.py for tasks to queue
[2025-08-26T18:57:43.670+0000] {logging_mixin.py:190} INFO - [2025-08-26T18:57:43.670+0000] {dagbag.py:588} INFO - Filling up the DagBag from /home/airflow/.local/lib/python3.12/site-packages/airflow/example_dags/example_branch_labels.py
[2025-08-26T18:57:43.673+0000] {processor.py:925} INFO - DAG(s) 'example_branch_labels' retrieved from /home/airflow/.local/lib/python3.12/site-packages/airflow/example_dags/example_branch_labels.py
[2025-08-26T18:57:43.680+0000] {logging_mixin.py:190} INFO - [2025-08-26T18:57:43.680+0000] {dag.py:3239} INFO - Sync 1 DAGs
[2025-08-26T18:57:43.687+0000] {logging_mixin.py:190} INFO - [2025-08-26T18:57:43.687+0000] {dag.py:4180} INFO - Setting next_dagrun for example_branch_labels to 2025-08-25 00:00:00+00:00, run_after=2025-08-26 00:00:00+00:00
[2025-08-26T18:57:43.691+0000] {processor.py:208} INFO - Processing /home/airflow/.local/lib/python3.12/site-packages/airflow/example_dags/example_branch_labels.py took 0.024 seconds
[2025-08-26T18:58:14.304+0000] {processor.py:186} INFO - Started process (PID=1910) to work on /home/airflow/.local/lib/python3.12/site-packages/airflow/example_dags/example_branch_labels.py
[2025-08-26T18:58:14.306+0000] {processor.py:914} INFO - Processing file /home/airflow/.local/lib/python3.12/site-packages/airflow/example_dags/example_branch_labels.py for tasks to queue
[2025-08-26T18:58:14.307+0000] {logging_mixin.py:190} INFO - [2025-08-26T18:58:14.306+0000] {dagbag.py:588} INFO - Filling up the DagBag from /home/airflow/.local/lib/python3.12/site-packages/airflow/example_dags/example_branch_labels.py
[2025-08-26T18:58:14.310+0000] {processor.py:925} INFO - DAG(s) 'example_branch_labels' retrieved from /home/airflow/.local/lib/python3.12/site-packages/airflow/example_dags/example_branch_labels.py
[2025-08-26T18:58:14.316+0000] {logging_mixin.py:190} INFO - [2025-08-26T18:58:14.316+0000] {dag.py:3239} INFO - Sync 1 DAGs
[2025-08-26T18:58:14.324+0000] {logging_mixin.py:190} INFO - [2025-08-26T18:58:14.324+0000] {dag.py:4180} INFO - Setting next_dagrun for example_branch_labels to 2025-08-25 00:00:00+00:00, run_after=2025-08-26 00:00:00+00:00
[2025-08-26T18:58:14.328+0000] {processor.py:208} INFO - Processing /home/airflow/.local/lib/python3.12/site-packages/airflow/example_dags/example_branch_labels.py took 0.027 seconds
[2025-08-26T18:58:44.944+0000] {processor.py:186} INFO - Started process (PID=1973) to work on /home/airflow/.local/lib/python3.12/site-packages/airflow/example_dags/example_branch_labels.py
[2025-08-26T18:58:44.944+0000] {processor.py:914} INFO - Processing file /home/airflow/.local/lib/python3.12/site-packages/airflow/example_dags/example_branch_labels.py for tasks to queue
[2025-08-26T18:58:44.945+0000] {logging_mixin.py:190} INFO - [2025-08-26T18:58:44.945+0000] {dagbag.py:588} INFO - Filling up the DagBag from /home/airflow/.local/lib/python3.12/site-packages/airflow/example_dags/example_branch_labels.py
[2025-08-26T18:58:44.948+0000] {processor.py:925} INFO - DAG(s) 'example_branch_labels' retrieved from /home/airflow/.local/lib/python3.12/site-packages/airflow/example_dags/example_branch_labels.py
[2025-08-26T18:58:44.955+0000] {logging_mixin.py:190} INFO - [2025-08-26T18:58:44.954+0000] {dag.py:3239} INFO - Sync 1 DAGs
[2025-08-26T18:58:44.962+0000] {logging_mixin.py:190} INFO - [2025-08-26T18:58:44.962+0000] {dag.py:4180} INFO - Setting next_dagrun for example_branch_labels to 2025-08-25 00:00:00+00:00, run_after=2025-08-26 00:00:00+00:00
[2025-08-26T18:58:44.966+0000] {processor.py:208} INFO - Processing /home/airflow/.local/lib/python3.12/site-packages/airflow/example_dags/example_branch_labels.py took 0.025 seconds
[2025-08-26T18:59:15.470+0000] {processor.py:186} INFO - Started process (PID=2036) to work on /home/airflow/.local/lib/python3.12/site-packages/airflow/example_dags/example_branch_labels.py
[2025-08-26T18:59:15.471+0000] {processor.py:914} INFO - Processing file /home/airflow/.local/lib/python3.12/site-packages/airflow/example_dags/example_branch_labels.py for tasks to queue
[2025-08-26T18:59:15.472+0000] {logging_mixin.py:190} INFO - [2025-08-26T18:59:15.472+0000] {dagbag.py:588} INFO - Filling up the DagBag from /home/airflow/.local/lib/python3.12/site-packages/airflow/example_dags/example_branch_labels.py
[2025-08-26T18:59:15.477+0000] {processor.py:925} INFO - DAG(s) 'example_branch_labels' retrieved from /home/airflow/.local/lib/python3.12/site-packages/airflow/example_dags/example_branch_labels.py
[2025-08-26T18:59:15.485+0000] {logging_mixin.py:190} INFO - [2025-08-26T18:59:15.485+0000] {dag.py:3239} INFO - Sync 1 DAGs
[2025-08-26T18:59:15.493+0000] {logging_mixin.py:190} INFO - [2025-08-26T18:59:15.493+0000] {dag.py:4180} INFO - Setting next_dagrun for example_branch_labels to 2025-08-25 00:00:00+00:00, run_after=2025-08-26 00:00:00+00:00
[2025-08-26T18:59:15.498+0000] {processor.py:208} INFO - Processing /home/airflow/.local/lib/python3.12/site-packages/airflow/example_dags/example_branch_labels.py took 0.030 seconds
[2025-08-26T18:59:46.082+0000] {processor.py:186} INFO - Started process (PID=2099) to work on /home/airflow/.local/lib/python3.12/site-packages/airflow/example_dags/example_branch_labels.py
[2025-08-26T18:59:46.083+0000] {processor.py:914} INFO - Processing file /home/airflow/.local/lib/python3.12/site-packages/airflow/example_dags/example_branch_labels.py for tasks to queue
[2025-08-26T18:59:46.085+0000] {logging_mixin.py:190} INFO - [2025-08-26T18:59:46.085+0000] {dagbag.py:588} INFO - Filling up the DagBag from /home/airflow/.local/lib/python3.12/site-packages/airflow/example_dags/example_branch_labels.py
[2025-08-26T18:59:46.089+0000] {processor.py:925} INFO - DAG(s) 'example_branch_labels' retrieved from /home/airflow/.local/lib/python3.12/site-packages/airflow/example_dags/example_branch_labels.py
[2025-08-26T18:59:46.096+0000] {logging_mixin.py:190} INFO - [2025-08-26T18:59:46.096+0000] {dag.py:3239} INFO - Sync 1 DAGs
[2025-08-26T18:59:46.103+0000] {logging_mixin.py:190} INFO - [2025-08-26T18:59:46.103+0000] {dag.py:4180} INFO - Setting next_dagrun for example_branch_labels to 2025-08-25 00:00:00+00:00, run_after=2025-08-26 00:00:00+00:00
[2025-08-26T18:59:46.108+0000] {processor.py:208} INFO - Processing /home/airflow/.local/lib/python3.12/site-packages/airflow/example_dags/example_branch_labels.py took 0.028 seconds
[2025-08-26T19:00:16.789+0000] {processor.py:186} INFO - Started process (PID=2162) to work on /home/airflow/.local/lib/python3.12/site-packages/airflow/example_dags/example_branch_labels.py
[2025-08-26T19:00:16.789+0000] {processor.py:914} INFO - Processing file /home/airflow/.local/lib/python3.12/site-packages/airflow/example_dags/example_branch_labels.py for tasks to queue
[2025-08-26T19:00:16.791+0000] {logging_mixin.py:190} INFO - [2025-08-26T19:00:16.791+0000] {dagbag.py:588} INFO - Filling up the DagBag from /home/airflow/.local/lib/python3.12/site-packages/airflow/example_dags/example_branch_labels.py
[2025-08-26T19:00:16.795+0000] {processor.py:925} INFO - DAG(s) 'example_branch_labels' retrieved from /home/airflow/.local/lib/python3.12/site-packages/airflow/example_dags/example_branch_labels.py
[2025-08-26T19:00:16.804+0000] {logging_mixin.py:190} INFO - [2025-08-26T19:00:16.804+0000] {dag.py:3239} INFO - Sync 1 DAGs
[2025-08-26T19:00:16.814+0000] {logging_mixin.py:190} INFO - [2025-08-26T19:00:16.813+0000] {dag.py:4180} INFO - Setting next_dagrun for example_branch_labels to 2025-08-25 00:00:00+00:00, run_after=2025-08-26 00:00:00+00:00
[2025-08-26T19:00:16.821+0000] {processor.py:208} INFO - Processing /home/airflow/.local/lib/python3.12/site-packages/airflow/example_dags/example_branch_labels.py took 0.035 seconds
[2025-08-26T19:00:47.496+0000] {processor.py:186} INFO - Started process (PID=2225) to work on /home/airflow/.local/lib/python3.12/site-packages/airflow/example_dags/example_branch_labels.py
[2025-08-26T19:00:47.497+0000] {processor.py:914} INFO - Processing file /home/airflow/.local/lib/python3.12/site-packages/airflow/example_dags/example_branch_labels.py for tasks to queue
[2025-08-26T19:00:47.497+0000] {logging_mixin.py:190} INFO - [2025-08-26T19:00:47.497+0000] {dagbag.py:588} INFO - Filling up the DagBag from /home/airflow/.local/lib/python3.12/site-packages/airflow/example_dags/example_branch_labels.py
[2025-08-26T19:00:47.501+0000] {processor.py:925} INFO - DAG(s) 'example_branch_labels' retrieved from /home/airflow/.local/lib/python3.12/site-packages/airflow/example_dags/example_branch_labels.py
[2025-08-26T19:00:47.507+0000] {logging_mixin.py:190} INFO - [2025-08-26T19:00:47.507+0000] {dag.py:3239} INFO - Sync 1 DAGs
[2025-08-26T19:00:47.515+0000] {logging_mixin.py:190} INFO - [2025-08-26T19:00:47.515+0000] {dag.py:4180} INFO - Setting next_dagrun for example_branch_labels to 2025-08-25 00:00:00+00:00, run_after=2025-08-26 00:00:00+00:00
[2025-08-26T19:00:47.520+0000] {processor.py:208} INFO - Processing /home/airflow/.local/lib/python3.12/site-packages/airflow/example_dags/example_branch_labels.py took 0.026 seconds
[2025-08-26T19:01:18.514+0000] {processor.py:186} INFO - Started process (PID=2288) to work on /home/airflow/.local/lib/python3.12/site-packages/airflow/example_dags/example_branch_labels.py
[2025-08-26T19:01:18.514+0000] {processor.py:914} INFO - Processing file /home/airflow/.local/lib/python3.12/site-packages/airflow/example_dags/example_branch_labels.py for tasks to queue
[2025-08-26T19:01:18.515+0000] {logging_mixin.py:190} INFO - [2025-08-26T19:01:18.515+0000] {dagbag.py:588} INFO - Filling up the DagBag from /home/airflow/.local/lib/python3.12/site-packages/airflow/example_dags/example_branch_labels.py
[2025-08-26T19:01:18.520+0000] {processor.py:925} INFO - DAG(s) 'example_branch_labels' retrieved from /home/airflow/.local/lib/python3.12/site-packages/airflow/example_dags/example_branch_labels.py
[2025-08-26T19:01:18.531+0000] {logging_mixin.py:190} INFO - [2025-08-26T19:01:18.531+0000] {dag.py:3239} INFO - Sync 1 DAGs
[2025-08-26T19:01:18.542+0000] {logging_mixin.py:190} INFO - [2025-08-26T19:01:18.541+0000] {dag.py:4180} INFO - Setting next_dagrun for example_branch_labels to 2025-08-25 00:00:00+00:00, run_after=2025-08-26 00:00:00+00:00
[2025-08-26T19:01:18.548+0000] {processor.py:208} INFO - Processing /home/airflow/.local/lib/python3.12/site-packages/airflow/example_dags/example_branch_labels.py took 0.037 seconds
[2025-08-26T19:01:49.450+0000] {processor.py:186} INFO - Started process (PID=2357) to work on /home/airflow/.local/lib/python3.12/site-packages/airflow/example_dags/example_branch_labels.py
[2025-08-26T19:01:49.454+0000] {processor.py:914} INFO - Processing file /home/airflow/.local/lib/python3.12/site-packages/airflow/example_dags/example_branch_labels.py for tasks to queue
[2025-08-26T19:01:49.458+0000] {logging_mixin.py:190} INFO - [2025-08-26T19:01:49.458+0000] {dagbag.py:588} INFO - Filling up the DagBag from /home/airflow/.local/lib/python3.12/site-packages/airflow/example_dags/example_branch_labels.py
[2025-08-26T19:01:49.464+0000] {processor.py:925} INFO - DAG(s) 'example_branch_labels' retrieved from /home/airflow/.local/lib/python3.12/site-packages/airflow/example_dags/example_branch_labels.py
[2025-08-26T19:01:49.475+0000] {logging_mixin.py:190} INFO - [2025-08-26T19:01:49.475+0000] {dag.py:3239} INFO - Sync 1 DAGs
[2025-08-26T19:01:49.485+0000] {logging_mixin.py:190} INFO - [2025-08-26T19:01:49.485+0000] {dag.py:4180} INFO - Setting next_dagrun for example_branch_labels to 2025-08-25 00:00:00+00:00, run_after=2025-08-26 00:00:00+00:00
[2025-08-26T19:01:49.492+0000] {processor.py:208} INFO - Processing /home/airflow/.local/lib/python3.12/site-packages/airflow/example_dags/example_branch_labels.py took 0.045 seconds
[2025-08-26T19:02:20.203+0000] {processor.py:186} INFO - Started process (PID=2420) to work on /home/airflow/.local/lib/python3.12/site-packages/airflow/example_dags/example_branch_labels.py
[2025-08-26T19:02:20.203+0000] {processor.py:914} INFO - Processing file /home/airflow/.local/lib/python3.12/site-packages/airflow/example_dags/example_branch_labels.py for tasks to queue
[2025-08-26T19:02:20.204+0000] {logging_mixin.py:190} INFO - [2025-08-26T19:02:20.204+0000] {dagbag.py:588} INFO - Filling up the DagBag from /home/airflow/.local/lib/python3.12/site-packages/airflow/example_dags/example_branch_labels.py
[2025-08-26T19:02:20.208+0000] {processor.py:925} INFO - DAG(s) 'example_branch_labels' retrieved from /home/airflow/.local/lib/python3.12/site-packages/airflow/example_dags/example_branch_labels.py
[2025-08-26T19:02:20.215+0000] {logging_mixin.py:190} INFO - [2025-08-26T19:02:20.215+0000] {dag.py:3239} INFO - Sync 1 DAGs
[2025-08-26T19:02:20.222+0000] {logging_mixin.py:190} INFO - [2025-08-26T19:02:20.222+0000] {dag.py:4180} INFO - Setting next_dagrun for example_branch_labels to 2025-08-25 00:00:00+00:00, run_after=2025-08-26 00:00:00+00:00
[2025-08-26T19:02:20.228+0000] {processor.py:208} INFO - Processing /home/airflow/.local/lib/python3.12/site-packages/airflow/example_dags/example_branch_labels.py took 0.027 seconds
[2025-08-26T19:02:50.858+0000] {processor.py:186} INFO - Started process (PID=2483) to work on /home/airflow/.local/lib/python3.12/site-packages/airflow/example_dags/example_branch_labels.py
[2025-08-26T19:02:50.859+0000] {processor.py:914} INFO - Processing file /home/airflow/.local/lib/python3.12/site-packages/airflow/example_dags/example_branch_labels.py for tasks to queue
[2025-08-26T19:02:50.860+0000] {logging_mixin.py:190} INFO - [2025-08-26T19:02:50.860+0000] {dagbag.py:588} INFO - Filling up the DagBag from /home/airflow/.local/lib/python3.12/site-packages/airflow/example_dags/example_branch_labels.py
[2025-08-26T19:02:50.863+0000] {processor.py:925} INFO - DAG(s) 'example_branch_labels' retrieved from /home/airflow/.local/lib/python3.12/site-packages/airflow/example_dags/example_branch_labels.py
[2025-08-26T19:02:50.870+0000] {logging_mixin.py:190} INFO - [2025-08-26T19:02:50.869+0000] {dag.py:3239} INFO - Sync 1 DAGs
[2025-08-26T19:02:50.877+0000] {logging_mixin.py:190} INFO - [2025-08-26T19:02:50.877+0000] {dag.py:4180} INFO - Setting next_dagrun for example_branch_labels to 2025-08-25 00:00:00+00:00, run_after=2025-08-26 00:00:00+00:00
[2025-08-26T19:02:50.881+0000] {processor.py:208} INFO - Processing /home/airflow/.local/lib/python3.12/site-packages/airflow/example_dags/example_branch_labels.py took 0.025 seconds
[2025-08-26T19:03:21.489+0000] {processor.py:186} INFO - Started process (PID=2546) to work on /home/airflow/.local/lib/python3.12/site-packages/airflow/example_dags/example_branch_labels.py
[2025-08-26T19:03:21.490+0000] {processor.py:914} INFO - Processing file /home/airflow/.local/lib/python3.12/site-packages/airflow/example_dags/example_branch_labels.py for tasks to queue
[2025-08-26T19:03:21.491+0000] {logging_mixin.py:190} INFO - [2025-08-26T19:03:21.491+0000] {dagbag.py:588} INFO - Filling up the DagBag from /home/airflow/.local/lib/python3.12/site-packages/airflow/example_dags/example_branch_labels.py
[2025-08-26T19:03:21.495+0000] {processor.py:925} INFO - DAG(s) 'example_branch_labels' retrieved from /home/airflow/.local/lib/python3.12/site-packages/airflow/example_dags/example_branch_labels.py
[2025-08-26T19:03:21.501+0000] {logging_mixin.py:190} INFO - [2025-08-26T19:03:21.501+0000] {dag.py:3239} INFO - Sync 1 DAGs
[2025-08-26T19:03:21.508+0000] {logging_mixin.py:190} INFO - [2025-08-26T19:03:21.508+0000] {dag.py:4180} INFO - Setting next_dagrun for example_branch_labels to 2025-08-25 00:00:00+00:00, run_after=2025-08-26 00:00:00+00:00
[2025-08-26T19:03:21.513+0000] {processor.py:208} INFO - Processing /home/airflow/.local/lib/python3.12/site-packages/airflow/example_dags/example_branch_labels.py took 0.027 seconds
[2025-08-26T19:03:52.190+0000] {processor.py:186} INFO - Started process (PID=2609) to work on /home/airflow/.local/lib/python3.12/site-packages/airflow/example_dags/example_branch_labels.py
[2025-08-26T19:03:52.190+0000] {processor.py:914} INFO - Processing file /home/airflow/.local/lib/python3.12/site-packages/airflow/example_dags/example_branch_labels.py for tasks to queue
[2025-08-26T19:03:52.191+0000] {logging_mixin.py:190} INFO - [2025-08-26T19:03:52.191+0000] {dagbag.py:588} INFO - Filling up the DagBag from /home/airflow/.local/lib/python3.12/site-packages/airflow/example_dags/example_branch_labels.py
[2025-08-26T19:03:52.194+0000] {processor.py:925} INFO - DAG(s) 'example_branch_labels' retrieved from /home/airflow/.local/lib/python3.12/site-packages/airflow/example_dags/example_branch_labels.py
[2025-08-26T19:03:52.201+0000] {logging_mixin.py:190} INFO - [2025-08-26T19:03:52.201+0000] {dag.py:3239} INFO - Sync 1 DAGs
[2025-08-26T19:03:52.208+0000] {logging_mixin.py:190} INFO - [2025-08-26T19:03:52.208+0000] {dag.py:4180} INFO - Setting next_dagrun for example_branch_labels to 2025-08-25 00:00:00+00:00, run_after=2025-08-26 00:00:00+00:00
[2025-08-26T19:03:52.213+0000] {processor.py:208} INFO - Processing /home/airflow/.local/lib/python3.12/site-packages/airflow/example_dags/example_branch_labels.py took 0.025 seconds
[2025-08-26T19:04:22.909+0000] {processor.py:186} INFO - Started process (PID=2672) to work on /home/airflow/.local/lib/python3.12/site-packages/airflow/example_dags/example_branch_labels.py
[2025-08-26T19:04:22.909+0000] {processor.py:914} INFO - Processing file /home/airflow/.local/lib/python3.12/site-packages/airflow/example_dags/example_branch_labels.py for tasks to queue
[2025-08-26T19:04:22.910+0000] {logging_mixin.py:190} INFO - [2025-08-26T19:04:22.910+0000] {dagbag.py:588} INFO - Filling up the DagBag from /home/airflow/.local/lib/python3.12/site-packages/airflow/example_dags/example_branch_labels.py
[2025-08-26T19:04:22.914+0000] {processor.py:925} INFO - DAG(s) 'example_branch_labels' retrieved from /home/airflow/.local/lib/python3.12/site-packages/airflow/example_dags/example_branch_labels.py
[2025-08-26T19:04:22.924+0000] {logging_mixin.py:190} INFO - [2025-08-26T19:04:22.924+0000] {dag.py:3239} INFO - Sync 1 DAGs
[2025-08-26T19:04:22.934+0000] {logging_mixin.py:190} INFO - [2025-08-26T19:04:22.934+0000] {dag.py:4180} INFO - Setting next_dagrun for example_branch_labels to 2025-08-25 00:00:00+00:00, run_after=2025-08-26 00:00:00+00:00
[2025-08-26T19:04:22.942+0000] {processor.py:208} INFO - Processing /home/airflow/.local/lib/python3.12/site-packages/airflow/example_dags/example_branch_labels.py took 0.036 seconds
[2025-08-26T19:04:53.605+0000] {processor.py:186} INFO - Started process (PID=2735) to work on /home/airflow/.local/lib/python3.12/site-packages/airflow/example_dags/example_branch_labels.py
[2025-08-26T19:04:53.606+0000] {processor.py:914} INFO - Processing file /home/airflow/.local/lib/python3.12/site-packages/airflow/example_dags/example_branch_labels.py for tasks to queue
[2025-08-26T19:04:53.607+0000] {logging_mixin.py:190} INFO - [2025-08-26T19:04:53.607+0000] {dagbag.py:588} INFO - Filling up the DagBag from /home/airflow/.local/lib/python3.12/site-packages/airflow/example_dags/example_branch_labels.py
[2025-08-26T19:04:53.611+0000] {processor.py:925} INFO - DAG(s) 'example_branch_labels' retrieved from /home/airflow/.local/lib/python3.12/site-packages/airflow/example_dags/example_branch_labels.py
[2025-08-26T19:04:53.617+0000] {logging_mixin.py:190} INFO - [2025-08-26T19:04:53.617+0000] {dag.py:3239} INFO - Sync 1 DAGs
[2025-08-26T19:04:53.624+0000] {logging_mixin.py:190} INFO - [2025-08-26T19:04:53.624+0000] {dag.py:4180} INFO - Setting next_dagrun for example_branch_labels to 2025-08-25 00:00:00+00:00, run_after=2025-08-26 00:00:00+00:00
[2025-08-26T19:04:53.629+0000] {processor.py:208} INFO - Processing /home/airflow/.local/lib/python3.12/site-packages/airflow/example_dags/example_branch_labels.py took 0.026 seconds
[2025-08-26T19:05:24.324+0000] {processor.py:186} INFO - Started process (PID=2798) to work on /home/airflow/.local/lib/python3.12/site-packages/airflow/example_dags/example_branch_labels.py
[2025-08-26T19:05:24.326+0000] {processor.py:914} INFO - Processing file /home/airflow/.local/lib/python3.12/site-packages/airflow/example_dags/example_branch_labels.py for tasks to queue
[2025-08-26T19:05:24.327+0000] {logging_mixin.py:190} INFO - [2025-08-26T19:05:24.327+0000] {dagbag.py:588} INFO - Filling up the DagBag from /home/airflow/.local/lib/python3.12/site-packages/airflow/example_dags/example_branch_labels.py
[2025-08-26T19:05:24.332+0000] {processor.py:925} INFO - DAG(s) 'example_branch_labels' retrieved from /home/airflow/.local/lib/python3.12/site-packages/airflow/example_dags/example_branch_labels.py
[2025-08-26T19:05:24.343+0000] {logging_mixin.py:190} INFO - [2025-08-26T19:05:24.343+0000] {dag.py:3239} INFO - Sync 1 DAGs
[2025-08-26T19:05:24.352+0000] {logging_mixin.py:190} INFO - [2025-08-26T19:05:24.352+0000] {dag.py:4180} INFO - Setting next_dagrun for example_branch_labels to 2025-08-25 00:00:00+00:00, run_after=2025-08-26 00:00:00+00:00
[2025-08-26T19:05:24.359+0000] {processor.py:208} INFO - Processing /home/airflow/.local/lib/python3.12/site-packages/airflow/example_dags/example_branch_labels.py took 0.037 seconds
[2025-08-26T19:05:55.027+0000] {processor.py:186} INFO - Started process (PID=2861) to work on /home/airflow/.local/lib/python3.12/site-packages/airflow/example_dags/example_branch_labels.py
[2025-08-26T19:05:55.028+0000] {processor.py:914} INFO - Processing file /home/airflow/.local/lib/python3.12/site-packages/airflow/example_dags/example_branch_labels.py for tasks to queue
[2025-08-26T19:05:55.029+0000] {logging_mixin.py:190} INFO - [2025-08-26T19:05:55.029+0000] {dagbag.py:588} INFO - Filling up the DagBag from /home/airflow/.local/lib/python3.12/site-packages/airflow/example_dags/example_branch_labels.py
[2025-08-26T19:05:55.033+0000] {processor.py:925} INFO - DAG(s) 'example_branch_labels' retrieved from /home/airflow/.local/lib/python3.12/site-packages/airflow/example_dags/example_branch_labels.py
[2025-08-26T19:05:55.041+0000] {logging_mixin.py:190} INFO - [2025-08-26T19:05:55.041+0000] {dag.py:3239} INFO - Sync 1 DAGs
[2025-08-26T19:05:55.049+0000] {logging_mixin.py:190} INFO - [2025-08-26T19:05:55.049+0000] {dag.py:4180} INFO - Setting next_dagrun for example_branch_labels to 2025-08-25 00:00:00+00:00, run_after=2025-08-26 00:00:00+00:00
[2025-08-26T19:05:55.054+0000] {processor.py:208} INFO - Processing /home/airflow/.local/lib/python3.12/site-packages/airflow/example_dags/example_branch_labels.py took 0.029 seconds
[2025-08-26T19:06:25.700+0000] {processor.py:186} INFO - Started process (PID=2924) to work on /home/airflow/.local/lib/python3.12/site-packages/airflow/example_dags/example_branch_labels.py
[2025-08-26T19:06:25.701+0000] {processor.py:914} INFO - Processing file /home/airflow/.local/lib/python3.12/site-packages/airflow/example_dags/example_branch_labels.py for tasks to queue
[2025-08-26T19:06:25.702+0000] {logging_mixin.py:190} INFO - [2025-08-26T19:06:25.702+0000] {dagbag.py:588} INFO - Filling up the DagBag from /home/airflow/.local/lib/python3.12/site-packages/airflow/example_dags/example_branch_labels.py
[2025-08-26T19:06:25.706+0000] {processor.py:925} INFO - DAG(s) 'example_branch_labels' retrieved from /home/airflow/.local/lib/python3.12/site-packages/airflow/example_dags/example_branch_labels.py
[2025-08-26T19:06:25.715+0000] {logging_mixin.py:190} INFO - [2025-08-26T19:06:25.715+0000] {dag.py:3239} INFO - Sync 1 DAGs
[2025-08-26T19:06:25.722+0000] {logging_mixin.py:190} INFO - [2025-08-26T19:06:25.722+0000] {dag.py:4180} INFO - Setting next_dagrun for example_branch_labels to 2025-08-25 00:00:00+00:00, run_after=2025-08-26 00:00:00+00:00
[2025-08-26T19:06:25.727+0000] {processor.py:208} INFO - Processing /home/airflow/.local/lib/python3.12/site-packages/airflow/example_dags/example_branch_labels.py took 0.029 seconds
[2025-08-26T19:06:56.333+0000] {processor.py:186} INFO - Started process (PID=2987) to work on /home/airflow/.local/lib/python3.12/site-packages/airflow/example_dags/example_branch_labels.py
[2025-08-26T19:06:56.333+0000] {processor.py:914} INFO - Processing file /home/airflow/.local/lib/python3.12/site-packages/airflow/example_dags/example_branch_labels.py for tasks to queue
[2025-08-26T19:06:56.334+0000] {logging_mixin.py:190} INFO - [2025-08-26T19:06:56.334+0000] {dagbag.py:588} INFO - Filling up the DagBag from /home/airflow/.local/lib/python3.12/site-packages/airflow/example_dags/example_branch_labels.py
[2025-08-26T19:06:56.337+0000] {processor.py:925} INFO - DAG(s) 'example_branch_labels' retrieved from /home/airflow/.local/lib/python3.12/site-packages/airflow/example_dags/example_branch_labels.py
[2025-08-26T19:06:56.345+0000] {logging_mixin.py:190} INFO - [2025-08-26T19:06:56.345+0000] {dag.py:3239} INFO - Sync 1 DAGs
[2025-08-26T19:06:56.354+0000] {logging_mixin.py:190} INFO - [2025-08-26T19:06:56.354+0000] {dag.py:4180} INFO - Setting next_dagrun for example_branch_labels to 2025-08-25 00:00:00+00:00, run_after=2025-08-26 00:00:00+00:00
[2025-08-26T19:06:56.360+0000] {processor.py:208} INFO - Processing /home/airflow/.local/lib/python3.12/site-packages/airflow/example_dags/example_branch_labels.py took 0.030 seconds
[2025-08-26T19:07:27.088+0000] {processor.py:186} INFO - Started process (PID=3050) to work on /home/airflow/.local/lib/python3.12/site-packages/airflow/example_dags/example_branch_labels.py
[2025-08-26T19:07:27.089+0000] {processor.py:914} INFO - Processing file /home/airflow/.local/lib/python3.12/site-packages/airflow/example_dags/example_branch_labels.py for tasks to queue
[2025-08-26T19:07:27.089+0000] {logging_mixin.py:190} INFO - [2025-08-26T19:07:27.089+0000] {dagbag.py:588} INFO - Filling up the DagBag from /home/airflow/.local/lib/python3.12/site-packages/airflow/example_dags/example_branch_labels.py
[2025-08-26T19:07:27.093+0000] {processor.py:925} INFO - DAG(s) 'example_branch_labels' retrieved from /home/airflow/.local/lib/python3.12/site-packages/airflow/example_dags/example_branch_labels.py
[2025-08-26T19:07:27.099+0000] {logging_mixin.py:190} INFO - [2025-08-26T19:07:27.099+0000] {dag.py:3239} INFO - Sync 1 DAGs
[2025-08-26T19:07:27.106+0000] {logging_mixin.py:190} INFO - [2025-08-26T19:07:27.106+0000] {dag.py:4180} INFO - Setting next_dagrun for example_branch_labels to 2025-08-25 00:00:00+00:00, run_after=2025-08-26 00:00:00+00:00
[2025-08-26T19:07:27.112+0000] {processor.py:208} INFO - Processing /home/airflow/.local/lib/python3.12/site-packages/airflow/example_dags/example_branch_labels.py took 0.026 seconds
[2025-08-26T19:07:57.719+0000] {processor.py:186} INFO - Started process (PID=3113) to work on /home/airflow/.local/lib/python3.12/site-packages/airflow/example_dags/example_branch_labels.py
[2025-08-26T19:07:57.719+0000] {processor.py:914} INFO - Processing file /home/airflow/.local/lib/python3.12/site-packages/airflow/example_dags/example_branch_labels.py for tasks to queue
[2025-08-26T19:07:57.720+0000] {logging_mixin.py:190} INFO - [2025-08-26T19:07:57.720+0000] {dagbag.py:588} INFO - Filling up the DagBag from /home/airflow/.local/lib/python3.12/site-packages/airflow/example_dags/example_branch_labels.py
[2025-08-26T19:07:57.723+0000] {processor.py:925} INFO - DAG(s) 'example_branch_labels' retrieved from /home/airflow/.local/lib/python3.12/site-packages/airflow/example_dags/example_branch_labels.py
[2025-08-26T19:07:57.730+0000] {logging_mixin.py:190} INFO - [2025-08-26T19:07:57.730+0000] {dag.py:3239} INFO - Sync 1 DAGs
[2025-08-26T19:07:57.737+0000] {logging_mixin.py:190} INFO - [2025-08-26T19:07:57.737+0000] {dag.py:4180} INFO - Setting next_dagrun for example_branch_labels to 2025-08-25 00:00:00+00:00, run_after=2025-08-26 00:00:00+00:00
[2025-08-26T19:07:57.741+0000] {processor.py:208} INFO - Processing /home/airflow/.local/lib/python3.12/site-packages/airflow/example_dags/example_branch_labels.py took 0.025 seconds
[2025-08-26T19:08:28.313+0000] {processor.py:186} INFO - Started process (PID=3176) to work on /home/airflow/.local/lib/python3.12/site-packages/airflow/example_dags/example_branch_labels.py
[2025-08-26T19:08:28.314+0000] {processor.py:914} INFO - Processing file /home/airflow/.local/lib/python3.12/site-packages/airflow/example_dags/example_branch_labels.py for tasks to queue
[2025-08-26T19:08:28.315+0000] {logging_mixin.py:190} INFO - [2025-08-26T19:08:28.315+0000] {dagbag.py:588} INFO - Filling up the DagBag from /home/airflow/.local/lib/python3.12/site-packages/airflow/example_dags/example_branch_labels.py
[2025-08-26T19:08:28.319+0000] {processor.py:925} INFO - DAG(s) 'example_branch_labels' retrieved from /home/airflow/.local/lib/python3.12/site-packages/airflow/example_dags/example_branch_labels.py
[2025-08-26T19:08:28.329+0000] {logging_mixin.py:190} INFO - [2025-08-26T19:08:28.329+0000] {dag.py:3239} INFO - Sync 1 DAGs
[2025-08-26T19:08:28.337+0000] {logging_mixin.py:190} INFO - [2025-08-26T19:08:28.337+0000] {dag.py:4180} INFO - Setting next_dagrun for example_branch_labels to 2025-08-25 00:00:00+00:00, run_after=2025-08-26 00:00:00+00:00
[2025-08-26T19:08:28.342+0000] {processor.py:208} INFO - Processing /home/airflow/.local/lib/python3.12/site-packages/airflow/example_dags/example_branch_labels.py took 0.031 seconds
[2025-08-26T19:08:59.050+0000] {processor.py:186} INFO - Started process (PID=3239) to work on /home/airflow/.local/lib/python3.12/site-packages/airflow/example_dags/example_branch_labels.py
[2025-08-26T19:08:59.051+0000] {processor.py:914} INFO - Processing file /home/airflow/.local/lib/python3.12/site-packages/airflow/example_dags/example_branch_labels.py for tasks to queue
[2025-08-26T19:08:59.054+0000] {logging_mixin.py:190} INFO - [2025-08-26T19:08:59.054+0000] {dagbag.py:588} INFO - Filling up the DagBag from /home/airflow/.local/lib/python3.12/site-packages/airflow/example_dags/example_branch_labels.py
[2025-08-26T19:08:59.058+0000] {processor.py:925} INFO - DAG(s) 'example_branch_labels' retrieved from /home/airflow/.local/lib/python3.12/site-packages/airflow/example_dags/example_branch_labels.py
[2025-08-26T19:08:59.066+0000] {logging_mixin.py:190} INFO - [2025-08-26T19:08:59.066+0000] {dag.py:3239} INFO - Sync 1 DAGs
[2025-08-26T19:08:59.074+0000] {logging_mixin.py:190} INFO - [2025-08-26T19:08:59.074+0000] {dag.py:4180} INFO - Setting next_dagrun for example_branch_labels to 2025-08-25 00:00:00+00:00, run_after=2025-08-26 00:00:00+00:00
[2025-08-26T19:08:59.080+0000] {processor.py:208} INFO - Processing /home/airflow/.local/lib/python3.12/site-packages/airflow/example_dags/example_branch_labels.py took 0.032 seconds
[2025-08-26T19:09:29.757+0000] {processor.py:186} INFO - Started process (PID=3302) to work on /home/airflow/.local/lib/python3.12/site-packages/airflow/example_dags/example_branch_labels.py
[2025-08-26T19:09:29.757+0000] {processor.py:914} INFO - Processing file /home/airflow/.local/lib/python3.12/site-packages/airflow/example_dags/example_branch_labels.py for tasks to queue
[2025-08-26T19:09:29.758+0000] {logging_mixin.py:190} INFO - [2025-08-26T19:09:29.758+0000] {dagbag.py:588} INFO - Filling up the DagBag from /home/airflow/.local/lib/python3.12/site-packages/airflow/example_dags/example_branch_labels.py
[2025-08-26T19:09:29.762+0000] {processor.py:925} INFO - DAG(s) 'example_branch_labels' retrieved from /home/airflow/.local/lib/python3.12/site-packages/airflow/example_dags/example_branch_labels.py
[2025-08-26T19:09:29.770+0000] {logging_mixin.py:190} INFO - [2025-08-26T19:09:29.770+0000] {dag.py:3239} INFO - Sync 1 DAGs
[2025-08-26T19:09:29.778+0000] {logging_mixin.py:190} INFO - [2025-08-26T19:09:29.778+0000] {dag.py:4180} INFO - Setting next_dagrun for example_branch_labels to 2025-08-25 00:00:00+00:00, run_after=2025-08-26 00:00:00+00:00
[2025-08-26T19:09:29.784+0000] {processor.py:208} INFO - Processing /home/airflow/.local/lib/python3.12/site-packages/airflow/example_dags/example_branch_labels.py took 0.029 seconds
[2025-08-26T19:10:00.488+0000] {processor.py:186} INFO - Started process (PID=3365) to work on /home/airflow/.local/lib/python3.12/site-packages/airflow/example_dags/example_branch_labels.py
[2025-08-26T19:10:00.488+0000] {processor.py:914} INFO - Processing file /home/airflow/.local/lib/python3.12/site-packages/airflow/example_dags/example_branch_labels.py for tasks to queue
[2025-08-26T19:10:00.489+0000] {logging_mixin.py:190} INFO - [2025-08-26T19:10:00.489+0000] {dagbag.py:588} INFO - Filling up the DagBag from /home/airflow/.local/lib/python3.12/site-packages/airflow/example_dags/example_branch_labels.py
[2025-08-26T19:10:00.493+0000] {processor.py:925} INFO - DAG(s) 'example_branch_labels' retrieved from /home/airflow/.local/lib/python3.12/site-packages/airflow/example_dags/example_branch_labels.py
[2025-08-26T19:10:00.501+0000] {logging_mixin.py:190} INFO - [2025-08-26T19:10:00.501+0000] {dag.py:3239} INFO - Sync 1 DAGs
[2025-08-26T19:10:00.509+0000] {logging_mixin.py:190} INFO - [2025-08-26T19:10:00.509+0000] {dag.py:4180} INFO - Setting next_dagrun for example_branch_labels to 2025-08-25 00:00:00+00:00, run_after=2025-08-26 00:00:00+00:00
[2025-08-26T19:10:00.515+0000] {processor.py:208} INFO - Processing /home/airflow/.local/lib/python3.12/site-packages/airflow/example_dags/example_branch_labels.py took 0.030 seconds
[2025-08-26T19:10:31.279+0000] {processor.py:186} INFO - Started process (PID=3428) to work on /home/airflow/.local/lib/python3.12/site-packages/airflow/example_dags/example_branch_labels.py
[2025-08-26T19:10:31.281+0000] {processor.py:914} INFO - Processing file /home/airflow/.local/lib/python3.12/site-packages/airflow/example_dags/example_branch_labels.py for tasks to queue
[2025-08-26T19:10:31.281+0000] {logging_mixin.py:190} INFO - [2025-08-26T19:10:31.281+0000] {dagbag.py:588} INFO - Filling up the DagBag from /home/airflow/.local/lib/python3.12/site-packages/airflow/example_dags/example_branch_labels.py
[2025-08-26T19:10:31.286+0000] {processor.py:925} INFO - DAG(s) 'example_branch_labels' retrieved from /home/airflow/.local/lib/python3.12/site-packages/airflow/example_dags/example_branch_labels.py
[2025-08-26T19:10:31.293+0000] {logging_mixin.py:190} INFO - [2025-08-26T19:10:31.293+0000] {dag.py:3239} INFO - Sync 1 DAGs
[2025-08-26T19:10:31.301+0000] {logging_mixin.py:190} INFO - [2025-08-26T19:10:31.301+0000] {dag.py:4180} INFO - Setting next_dagrun for example_branch_labels to 2025-08-25 00:00:00+00:00, run_after=2025-08-26 00:00:00+00:00
[2025-08-26T19:10:31.307+0000] {processor.py:208} INFO - Processing /home/airflow/.local/lib/python3.12/site-packages/airflow/example_dags/example_branch_labels.py took 0.030 seconds
[2025-08-26T19:11:02.014+0000] {processor.py:186} INFO - Started process (PID=3491) to work on /home/airflow/.local/lib/python3.12/site-packages/airflow/example_dags/example_branch_labels.py
[2025-08-26T19:11:02.015+0000] {processor.py:914} INFO - Processing file /home/airflow/.local/lib/python3.12/site-packages/airflow/example_dags/example_branch_labels.py for tasks to queue
[2025-08-26T19:11:02.017+0000] {logging_mixin.py:190} INFO - [2025-08-26T19:11:02.017+0000] {dagbag.py:588} INFO - Filling up the DagBag from /home/airflow/.local/lib/python3.12/site-packages/airflow/example_dags/example_branch_labels.py
[2025-08-26T19:11:02.022+0000] {processor.py:925} INFO - DAG(s) 'example_branch_labels' retrieved from /home/airflow/.local/lib/python3.12/site-packages/airflow/example_dags/example_branch_labels.py
[2025-08-26T19:11:02.029+0000] {logging_mixin.py:190} INFO - [2025-08-26T19:11:02.029+0000] {dag.py:3239} INFO - Sync 1 DAGs
[2025-08-26T19:11:02.038+0000] {logging_mixin.py:190} INFO - [2025-08-26T19:11:02.038+0000] {dag.py:4180} INFO - Setting next_dagrun for example_branch_labels to 2025-08-25 00:00:00+00:00, run_after=2025-08-26 00:00:00+00:00
[2025-08-26T19:11:02.045+0000] {processor.py:208} INFO - Processing /home/airflow/.local/lib/python3.12/site-packages/airflow/example_dags/example_branch_labels.py took 0.033 seconds
[2025-08-26T19:11:32.854+0000] {processor.py:186} INFO - Started process (PID=3554) to work on /home/airflow/.local/lib/python3.12/site-packages/airflow/example_dags/example_branch_labels.py
[2025-08-26T19:11:32.854+0000] {processor.py:914} INFO - Processing file /home/airflow/.local/lib/python3.12/site-packages/airflow/example_dags/example_branch_labels.py for tasks to queue
[2025-08-26T19:11:32.855+0000] {logging_mixin.py:190} INFO - [2025-08-26T19:11:32.855+0000] {dagbag.py:588} INFO - Filling up the DagBag from /home/airflow/.local/lib/python3.12/site-packages/airflow/example_dags/example_branch_labels.py
[2025-08-26T19:11:32.859+0000] {processor.py:925} INFO - DAG(s) 'example_branch_labels' retrieved from /home/airflow/.local/lib/python3.12/site-packages/airflow/example_dags/example_branch_labels.py
[2025-08-26T19:11:32.867+0000] {logging_mixin.py:190} INFO - [2025-08-26T19:11:32.867+0000] {dag.py:3239} INFO - Sync 1 DAGs
[2025-08-26T19:11:32.875+0000] {logging_mixin.py:190} INFO - [2025-08-26T19:11:32.875+0000] {dag.py:4180} INFO - Setting next_dagrun for example_branch_labels to 2025-08-25 00:00:00+00:00, run_after=2025-08-26 00:00:00+00:00
[2025-08-26T19:11:32.880+0000] {processor.py:208} INFO - Processing /home/airflow/.local/lib/python3.12/site-packages/airflow/example_dags/example_branch_labels.py took 0.029 seconds
[2025-08-26T19:12:03.584+0000] {processor.py:186} INFO - Started process (PID=3617) to work on /home/airflow/.local/lib/python3.12/site-packages/airflow/example_dags/example_branch_labels.py
[2025-08-26T19:12:03.584+0000] {processor.py:914} INFO - Processing file /home/airflow/.local/lib/python3.12/site-packages/airflow/example_dags/example_branch_labels.py for tasks to queue
[2025-08-26T19:12:03.585+0000] {logging_mixin.py:190} INFO - [2025-08-26T19:12:03.585+0000] {dagbag.py:588} INFO - Filling up the DagBag from /home/airflow/.local/lib/python3.12/site-packages/airflow/example_dags/example_branch_labels.py
[2025-08-26T19:12:03.589+0000] {processor.py:925} INFO - DAG(s) 'example_branch_labels' retrieved from /home/airflow/.local/lib/python3.12/site-packages/airflow/example_dags/example_branch_labels.py
[2025-08-26T19:12:03.597+0000] {logging_mixin.py:190} INFO - [2025-08-26T19:12:03.596+0000] {dag.py:3239} INFO - Sync 1 DAGs
[2025-08-26T19:12:03.604+0000] {logging_mixin.py:190} INFO - [2025-08-26T19:12:03.604+0000] {dag.py:4180} INFO - Setting next_dagrun for example_branch_labels to 2025-08-25 00:00:00+00:00, run_after=2025-08-26 00:00:00+00:00
[2025-08-26T19:12:03.610+0000] {processor.py:208} INFO - Processing /home/airflow/.local/lib/python3.12/site-packages/airflow/example_dags/example_branch_labels.py took 0.028 seconds
[2025-08-26T19:12:34.421+0000] {processor.py:186} INFO - Started process (PID=3680) to work on /home/airflow/.local/lib/python3.12/site-packages/airflow/example_dags/example_branch_labels.py
[2025-08-26T19:12:34.421+0000] {processor.py:914} INFO - Processing file /home/airflow/.local/lib/python3.12/site-packages/airflow/example_dags/example_branch_labels.py for tasks to queue
[2025-08-26T19:12:34.422+0000] {logging_mixin.py:190} INFO - [2025-08-26T19:12:34.422+0000] {dagbag.py:588} INFO - Filling up the DagBag from /home/airflow/.local/lib/python3.12/site-packages/airflow/example_dags/example_branch_labels.py
[2025-08-26T19:12:34.426+0000] {processor.py:925} INFO - DAG(s) 'example_branch_labels' retrieved from /home/airflow/.local/lib/python3.12/site-packages/airflow/example_dags/example_branch_labels.py
[2025-08-26T19:12:34.434+0000] {logging_mixin.py:190} INFO - [2025-08-26T19:12:34.433+0000] {dag.py:3239} INFO - Sync 1 DAGs
[2025-08-26T19:12:34.441+0000] {logging_mixin.py:190} INFO - [2025-08-26T19:12:34.441+0000] {dag.py:4180} INFO - Setting next_dagrun for example_branch_labels to 2025-08-25 00:00:00+00:00, run_after=2025-08-26 00:00:00+00:00
[2025-08-26T19:12:34.447+0000] {processor.py:208} INFO - Processing /home/airflow/.local/lib/python3.12/site-packages/airflow/example_dags/example_branch_labels.py took 0.028 seconds
[2025-08-26T19:13:05.390+0000] {processor.py:186} INFO - Started process (PID=3743) to work on /home/airflow/.local/lib/python3.12/site-packages/airflow/example_dags/example_branch_labels.py
[2025-08-26T19:13:05.391+0000] {processor.py:914} INFO - Processing file /home/airflow/.local/lib/python3.12/site-packages/airflow/example_dags/example_branch_labels.py for tasks to queue
[2025-08-26T19:13:05.392+0000] {logging_mixin.py:190} INFO - [2025-08-26T19:13:05.392+0000] {dagbag.py:588} INFO - Filling up the DagBag from /home/airflow/.local/lib/python3.12/site-packages/airflow/example_dags/example_branch_labels.py
[2025-08-26T19:13:05.396+0000] {processor.py:925} INFO - DAG(s) 'example_branch_labels' retrieved from /home/airflow/.local/lib/python3.12/site-packages/airflow/example_dags/example_branch_labels.py
[2025-08-26T19:13:05.404+0000] {logging_mixin.py:190} INFO - [2025-08-26T19:13:05.404+0000] {dag.py:3239} INFO - Sync 1 DAGs
[2025-08-26T19:13:05.413+0000] {logging_mixin.py:190} INFO - [2025-08-26T19:13:05.413+0000] {dag.py:4180} INFO - Setting next_dagrun for example_branch_labels to 2025-08-25 00:00:00+00:00, run_after=2025-08-26 00:00:00+00:00
[2025-08-26T19:13:05.419+0000] {processor.py:208} INFO - Processing /home/airflow/.local/lib/python3.12/site-packages/airflow/example_dags/example_branch_labels.py took 0.032 seconds
[2025-08-26T19:13:36.310+0000] {processor.py:186} INFO - Started process (PID=3806) to work on /home/airflow/.local/lib/python3.12/site-packages/airflow/example_dags/example_branch_labels.py
[2025-08-26T19:13:36.312+0000] {processor.py:914} INFO - Processing file /home/airflow/.local/lib/python3.12/site-packages/airflow/example_dags/example_branch_labels.py for tasks to queue
[2025-08-26T19:13:36.312+0000] {logging_mixin.py:190} INFO - [2025-08-26T19:13:36.312+0000] {dagbag.py:588} INFO - Filling up the DagBag from /home/airflow/.local/lib/python3.12/site-packages/airflow/example_dags/example_branch_labels.py
[2025-08-26T19:13:36.317+0000] {processor.py:925} INFO - DAG(s) 'example_branch_labels' retrieved from /home/airflow/.local/lib/python3.12/site-packages/airflow/example_dags/example_branch_labels.py
[2025-08-26T19:13:36.324+0000] {logging_mixin.py:190} INFO - [2025-08-26T19:13:36.324+0000] {dag.py:3239} INFO - Sync 1 DAGs
[2025-08-26T19:13:36.332+0000] {logging_mixin.py:190} INFO - [2025-08-26T19:13:36.332+0000] {dag.py:4180} INFO - Setting next_dagrun for example_branch_labels to 2025-08-25 00:00:00+00:00, run_after=2025-08-26 00:00:00+00:00
[2025-08-26T19:13:36.337+0000] {processor.py:208} INFO - Processing /home/airflow/.local/lib/python3.12/site-packages/airflow/example_dags/example_branch_labels.py took 0.029 seconds
[2025-08-26T19:14:07.202+0000] {processor.py:186} INFO - Started process (PID=3869) to work on /home/airflow/.local/lib/python3.12/site-packages/airflow/example_dags/example_branch_labels.py
[2025-08-26T19:14:07.202+0000] {processor.py:914} INFO - Processing file /home/airflow/.local/lib/python3.12/site-packages/airflow/example_dags/example_branch_labels.py for tasks to queue
[2025-08-26T19:14:07.203+0000] {logging_mixin.py:190} INFO - [2025-08-26T19:14:07.203+0000] {dagbag.py:588} INFO - Filling up the DagBag from /home/airflow/.local/lib/python3.12/site-packages/airflow/example_dags/example_branch_labels.py
[2025-08-26T19:14:07.207+0000] {processor.py:925} INFO - DAG(s) 'example_branch_labels' retrieved from /home/airflow/.local/lib/python3.12/site-packages/airflow/example_dags/example_branch_labels.py
[2025-08-26T19:14:07.217+0000] {logging_mixin.py:190} INFO - [2025-08-26T19:14:07.217+0000] {dag.py:3239} INFO - Sync 1 DAGs
[2025-08-26T19:14:07.225+0000] {logging_mixin.py:190} INFO - [2025-08-26T19:14:07.225+0000] {dag.py:4180} INFO - Setting next_dagrun for example_branch_labels to 2025-08-25 00:00:00+00:00, run_after=2025-08-26 00:00:00+00:00
[2025-08-26T19:14:07.230+0000] {processor.py:208} INFO - Processing /home/airflow/.local/lib/python3.12/site-packages/airflow/example_dags/example_branch_labels.py took 0.031 seconds
[2025-08-26T19:14:38.270+0000] {processor.py:186} INFO - Started process (PID=3932) to work on /home/airflow/.local/lib/python3.12/site-packages/airflow/example_dags/example_branch_labels.py
[2025-08-26T19:14:38.271+0000] {processor.py:914} INFO - Processing file /home/airflow/.local/lib/python3.12/site-packages/airflow/example_dags/example_branch_labels.py for tasks to queue
[2025-08-26T19:14:38.271+0000] {logging_mixin.py:190} INFO - [2025-08-26T19:14:38.271+0000] {dagbag.py:588} INFO - Filling up the DagBag from /home/airflow/.local/lib/python3.12/site-packages/airflow/example_dags/example_branch_labels.py
[2025-08-26T19:14:38.275+0000] {processor.py:925} INFO - DAG(s) 'example_branch_labels' retrieved from /home/airflow/.local/lib/python3.12/site-packages/airflow/example_dags/example_branch_labels.py
[2025-08-26T19:14:38.283+0000] {logging_mixin.py:190} INFO - [2025-08-26T19:14:38.283+0000] {dag.py:3239} INFO - Sync 1 DAGs
[2025-08-26T19:14:38.291+0000] {logging_mixin.py:190} INFO - [2025-08-26T19:14:38.291+0000] {dag.py:4180} INFO - Setting next_dagrun for example_branch_labels to 2025-08-25 00:00:00+00:00, run_after=2025-08-26 00:00:00+00:00
[2025-08-26T19:14:38.296+0000] {processor.py:208} INFO - Processing /home/airflow/.local/lib/python3.12/site-packages/airflow/example_dags/example_branch_labels.py took 0.028 seconds
