[2025-08-26T15:43:48.307+0000] {processor.py:186} INFO - Started process (PID=44) to work on /home/airflow/.local/lib/python3.12/site-packages/airflow/example_dags/example_latest_only.py
[2025-08-26T15:43:48.308+0000] {processor.py:914} INFO - Processing file /home/airflow/.local/lib/python3.12/site-packages/airflow/example_dags/example_latest_only.py for tasks to queue
[2025-08-26T15:43:48.309+0000] {logging_mixin.py:190} INFO - [2025-08-26T15:43:48.309+0000] {dagbag.py:588} INFO - Filling up the DagBag from /home/airflow/.local/lib/python3.12/site-packages/airflow/example_dags/example_latest_only.py
[2025-08-26T15:43:48.314+0000] {processor.py:925} INFO - DAG(s) 'latest_only' retrieved from /home/airflow/.local/lib/python3.12/site-packages/airflow/example_dags/example_latest_only.py
[2025-08-26T15:43:48.357+0000] {logging_mixin.py:190} INFO - [2025-08-26T15:43:48.357+0000] {override.py:1900} INFO - Created Permission View: can edit on DAG:latest_only
[2025-08-26T15:43:48.361+0000] {logging_mixin.py:190} INFO - [2025-08-26T15:43:48.361+0000] {override.py:1900} INFO - Created Permission View: can delete on DAG:latest_only
[2025-08-26T15:43:48.364+0000] {logging_mixin.py:190} INFO - [2025-08-26T15:43:48.364+0000] {override.py:1900} INFO - Created Permission View: can read on DAG:latest_only
[2025-08-26T15:43:48.367+0000] {logging_mixin.py:190} INFO - [2025-08-26T15:43:48.367+0000] {override.py:1900} INFO - Created Permission View: can create on DAG Run:latest_only
[2025-08-26T15:43:48.369+0000] {logging_mixin.py:190} INFO - [2025-08-26T15:43:48.369+0000] {override.py:1900} INFO - Created Permission View: can delete on DAG Run:latest_only
[2025-08-26T15:43:48.372+0000] {logging_mixin.py:190} INFO - [2025-08-26T15:43:48.372+0000] {override.py:1900} INFO - Created Permission View: menu access on DAG Run:latest_only
[2025-08-26T15:43:48.375+0000] {logging_mixin.py:190} INFO - [2025-08-26T15:43:48.375+0000] {override.py:1900} INFO - Created Permission View: can read on DAG Run:latest_only
[2025-08-26T15:43:48.375+0000] {logging_mixin.py:190} INFO - [2025-08-26T15:43:48.375+0000] {dag.py:3239} INFO - Sync 1 DAGs
[2025-08-26T15:43:48.382+0000] {logging_mixin.py:190} INFO - [2025-08-26T15:43:48.382+0000] {dag.py:3262} INFO - Creating ORM DAG for latest_only
[2025-08-26T15:43:48.386+0000] {logging_mixin.py:190} INFO - [2025-08-26T15:43:48.385+0000] {dag.py:4180} INFO - Setting next_dagrun for latest_only to 2025-08-26 08:00:00+00:00, run_after=2025-08-26 12:00:00+00:00
[2025-08-26T15:43:48.392+0000] {processor.py:208} INFO - Processing /home/airflow/.local/lib/python3.12/site-packages/airflow/example_dags/example_latest_only.py took 0.088 seconds
[2025-08-26T15:44:18.725+0000] {processor.py:186} INFO - Started process (PID=106) to work on /home/airflow/.local/lib/python3.12/site-packages/airflow/example_dags/example_latest_only.py
[2025-08-26T15:44:18.726+0000] {processor.py:914} INFO - Processing file /home/airflow/.local/lib/python3.12/site-packages/airflow/example_dags/example_latest_only.py for tasks to queue
[2025-08-26T15:44:18.728+0000] {logging_mixin.py:190} INFO - [2025-08-26T15:44:18.728+0000] {dagbag.py:588} INFO - Filling up the DagBag from /home/airflow/.local/lib/python3.12/site-packages/airflow/example_dags/example_latest_only.py
[2025-08-26T15:44:18.732+0000] {processor.py:925} INFO - DAG(s) 'latest_only' retrieved from /home/airflow/.local/lib/python3.12/site-packages/airflow/example_dags/example_latest_only.py
[2025-08-26T15:44:18.743+0000] {logging_mixin.py:190} INFO - [2025-08-26T15:44:18.743+0000] {dag.py:3239} INFO - Sync 1 DAGs
[2025-08-26T15:44:18.751+0000] {logging_mixin.py:190} INFO - [2025-08-26T15:44:18.751+0000] {dag.py:4180} INFO - Setting next_dagrun for latest_only to 2025-08-26 08:00:00+00:00, run_after=2025-08-26 12:00:00+00:00
[2025-08-26T15:44:18.761+0000] {processor.py:208} INFO - Processing /home/airflow/.local/lib/python3.12/site-packages/airflow/example_dags/example_latest_only.py took 0.039 seconds
[2025-08-26T15:44:49.424+0000] {processor.py:186} INFO - Started process (PID=175) to work on /home/airflow/.local/lib/python3.12/site-packages/airflow/example_dags/example_latest_only.py
[2025-08-26T15:44:49.424+0000] {processor.py:914} INFO - Processing file /home/airflow/.local/lib/python3.12/site-packages/airflow/example_dags/example_latest_only.py for tasks to queue
[2025-08-26T15:44:49.425+0000] {logging_mixin.py:190} INFO - [2025-08-26T15:44:49.425+0000] {dagbag.py:588} INFO - Filling up the DagBag from /home/airflow/.local/lib/python3.12/site-packages/airflow/example_dags/example_latest_only.py
[2025-08-26T15:44:49.428+0000] {processor.py:925} INFO - DAG(s) 'latest_only' retrieved from /home/airflow/.local/lib/python3.12/site-packages/airflow/example_dags/example_latest_only.py
[2025-08-26T15:44:49.435+0000] {logging_mixin.py:190} INFO - [2025-08-26T15:44:49.435+0000] {dag.py:3239} INFO - Sync 1 DAGs
[2025-08-26T15:44:49.444+0000] {logging_mixin.py:190} INFO - [2025-08-26T15:44:49.444+0000] {dag.py:4180} INFO - Setting next_dagrun for latest_only to 2025-08-26 08:00:00+00:00, run_after=2025-08-26 12:00:00+00:00
[2025-08-26T15:44:49.451+0000] {processor.py:208} INFO - Processing /home/airflow/.local/lib/python3.12/site-packages/airflow/example_dags/example_latest_only.py took 0.030 seconds
[2025-08-26T15:45:20.267+0000] {processor.py:186} INFO - Started process (PID=238) to work on /home/airflow/.local/lib/python3.12/site-packages/airflow/example_dags/example_latest_only.py
[2025-08-26T15:45:20.268+0000] {processor.py:914} INFO - Processing file /home/airflow/.local/lib/python3.12/site-packages/airflow/example_dags/example_latest_only.py for tasks to queue
[2025-08-26T15:45:20.269+0000] {logging_mixin.py:190} INFO - [2025-08-26T15:45:20.269+0000] {dagbag.py:588} INFO - Filling up the DagBag from /home/airflow/.local/lib/python3.12/site-packages/airflow/example_dags/example_latest_only.py
[2025-08-26T15:45:20.271+0000] {processor.py:925} INFO - DAG(s) 'latest_only' retrieved from /home/airflow/.local/lib/python3.12/site-packages/airflow/example_dags/example_latest_only.py
[2025-08-26T15:45:20.279+0000] {logging_mixin.py:190} INFO - [2025-08-26T15:45:20.279+0000] {dag.py:3239} INFO - Sync 1 DAGs
[2025-08-26T15:45:20.289+0000] {logging_mixin.py:190} INFO - [2025-08-26T15:45:20.289+0000] {dag.py:4180} INFO - Setting next_dagrun for latest_only to 2025-08-26 08:00:00+00:00, run_after=2025-08-26 12:00:00+00:00
[2025-08-26T15:45:20.300+0000] {processor.py:208} INFO - Processing /home/airflow/.local/lib/python3.12/site-packages/airflow/example_dags/example_latest_only.py took 0.036 seconds
[2025-08-26T15:56:42.461+0000] {processor.py:186} INFO - Started process (PID=295) to work on /home/airflow/.local/lib/python3.12/site-packages/airflow/example_dags/example_latest_only.py
[2025-08-26T15:56:42.462+0000] {processor.py:914} INFO - Processing file /home/airflow/.local/lib/python3.12/site-packages/airflow/example_dags/example_latest_only.py for tasks to queue
[2025-08-26T15:56:42.463+0000] {logging_mixin.py:190} INFO - [2025-08-26T15:56:42.463+0000] {dagbag.py:588} INFO - Filling up the DagBag from /home/airflow/.local/lib/python3.12/site-packages/airflow/example_dags/example_latest_only.py
[2025-08-26T15:56:42.466+0000] {processor.py:925} INFO - DAG(s) 'latest_only' retrieved from /home/airflow/.local/lib/python3.12/site-packages/airflow/example_dags/example_latest_only.py
[2025-08-26T15:56:42.473+0000] {logging_mixin.py:190} INFO - [2025-08-26T15:56:42.473+0000] {dag.py:3239} INFO - Sync 1 DAGs
[2025-08-26T15:56:42.484+0000] {logging_mixin.py:190} INFO - [2025-08-26T15:56:42.484+0000] {dag.py:4180} INFO - Setting next_dagrun for latest_only to 2025-08-26 08:00:00+00:00, run_after=2025-08-26 12:00:00+00:00
[2025-08-26T15:56:42.496+0000] {processor.py:208} INFO - Processing /home/airflow/.local/lib/python3.12/site-packages/airflow/example_dags/example_latest_only.py took 0.037 seconds
[2025-08-26T16:32:53.002+0000] {processor.py:186} INFO - Started process (PID=358) to work on /home/airflow/.local/lib/python3.12/site-packages/airflow/example_dags/example_latest_only.py
[2025-08-26T16:32:53.003+0000] {processor.py:914} INFO - Processing file /home/airflow/.local/lib/python3.12/site-packages/airflow/example_dags/example_latest_only.py for tasks to queue
[2025-08-26T16:32:53.006+0000] {logging_mixin.py:190} INFO - [2025-08-26T16:32:53.006+0000] {dagbag.py:588} INFO - Filling up the DagBag from /home/airflow/.local/lib/python3.12/site-packages/airflow/example_dags/example_latest_only.py
[2025-08-26T16:32:53.009+0000] {processor.py:925} INFO - DAG(s) 'latest_only' retrieved from /home/airflow/.local/lib/python3.12/site-packages/airflow/example_dags/example_latest_only.py
[2025-08-26T16:32:53.019+0000] {logging_mixin.py:190} INFO - [2025-08-26T16:32:53.018+0000] {dag.py:3239} INFO - Sync 1 DAGs
[2025-08-26T16:32:53.027+0000] {logging_mixin.py:190} INFO - [2025-08-26T16:32:53.027+0000] {dag.py:4180} INFO - Setting next_dagrun for latest_only to 2025-08-26 12:00:00+00:00, run_after=2025-08-26 16:00:00+00:00
[2025-08-26T16:32:53.033+0000] {processor.py:208} INFO - Processing /home/airflow/.local/lib/python3.12/site-packages/airflow/example_dags/example_latest_only.py took 0.034 seconds
[2025-08-26T18:02:29.159+0000] {processor.py:186} INFO - Started process (PID=421) to work on /home/airflow/.local/lib/python3.12/site-packages/airflow/example_dags/example_latest_only.py
[2025-08-26T18:02:29.159+0000] {processor.py:914} INFO - Processing file /home/airflow/.local/lib/python3.12/site-packages/airflow/example_dags/example_latest_only.py for tasks to queue
[2025-08-26T18:02:29.160+0000] {logging_mixin.py:190} INFO - [2025-08-26T18:02:29.160+0000] {dagbag.py:588} INFO - Filling up the DagBag from /home/airflow/.local/lib/python3.12/site-packages/airflow/example_dags/example_latest_only.py
[2025-08-26T18:02:29.163+0000] {processor.py:925} INFO - DAG(s) 'latest_only' retrieved from /home/airflow/.local/lib/python3.12/site-packages/airflow/example_dags/example_latest_only.py
[2025-08-26T18:02:29.176+0000] {logging_mixin.py:190} INFO - [2025-08-26T18:02:29.176+0000] {dag.py:3239} INFO - Sync 1 DAGs
[2025-08-26T18:02:29.187+0000] {logging_mixin.py:190} INFO - [2025-08-26T18:02:29.187+0000] {dag.py:4180} INFO - Setting next_dagrun for latest_only to 2025-08-26 12:00:00+00:00, run_after=2025-08-26 16:00:00+00:00
[2025-08-26T18:02:29.195+0000] {processor.py:208} INFO - Processing /home/airflow/.local/lib/python3.12/site-packages/airflow/example_dags/example_latest_only.py took 0.039 seconds
[2025-08-26T18:46:59.073+0000] {processor.py:186} INFO - Started process (PID=484) to work on /home/airflow/.local/lib/python3.12/site-packages/airflow/example_dags/example_latest_only.py
[2025-08-26T18:46:59.074+0000] {processor.py:914} INFO - Processing file /home/airflow/.local/lib/python3.12/site-packages/airflow/example_dags/example_latest_only.py for tasks to queue
[2025-08-26T18:46:59.075+0000] {logging_mixin.py:190} INFO - [2025-08-26T18:46:59.075+0000] {dagbag.py:588} INFO - Filling up the DagBag from /home/airflow/.local/lib/python3.12/site-packages/airflow/example_dags/example_latest_only.py
[2025-08-26T18:46:59.079+0000] {processor.py:925} INFO - DAG(s) 'latest_only' retrieved from /home/airflow/.local/lib/python3.12/site-packages/airflow/example_dags/example_latest_only.py
[2025-08-26T18:46:59.093+0000] {logging_mixin.py:190} INFO - [2025-08-26T18:46:59.093+0000] {dag.py:3239} INFO - Sync 1 DAGs
[2025-08-26T18:46:59.106+0000] {logging_mixin.py:190} INFO - [2025-08-26T18:46:59.106+0000] {dag.py:4180} INFO - Setting next_dagrun for latest_only to 2025-08-26 12:00:00+00:00, run_after=2025-08-26 16:00:00+00:00
[2025-08-26T18:46:59.129+0000] {processor.py:208} INFO - Processing /home/airflow/.local/lib/python3.12/site-packages/airflow/example_dags/example_latest_only.py took 0.060 seconds
[2025-08-26T18:47:29.999+0000] {processor.py:186} INFO - Started process (PID=547) to work on /home/airflow/.local/lib/python3.12/site-packages/airflow/example_dags/example_latest_only.py
[2025-08-26T18:47:30.000+0000] {processor.py:914} INFO - Processing file /home/airflow/.local/lib/python3.12/site-packages/airflow/example_dags/example_latest_only.py for tasks to queue
[2025-08-26T18:47:30.001+0000] {logging_mixin.py:190} INFO - [2025-08-26T18:47:30.001+0000] {dagbag.py:588} INFO - Filling up the DagBag from /home/airflow/.local/lib/python3.12/site-packages/airflow/example_dags/example_latest_only.py
[2025-08-26T18:47:30.005+0000] {processor.py:925} INFO - DAG(s) 'latest_only' retrieved from /home/airflow/.local/lib/python3.12/site-packages/airflow/example_dags/example_latest_only.py
[2025-08-26T18:47:30.014+0000] {logging_mixin.py:190} INFO - [2025-08-26T18:47:30.014+0000] {dag.py:3239} INFO - Sync 1 DAGs
[2025-08-26T18:47:30.023+0000] {logging_mixin.py:190} INFO - [2025-08-26T18:47:30.023+0000] {dag.py:4180} INFO - Setting next_dagrun for latest_only to 2025-08-26 12:00:00+00:00, run_after=2025-08-26 16:00:00+00:00
[2025-08-26T18:47:30.032+0000] {processor.py:208} INFO - Processing /home/airflow/.local/lib/python3.12/site-packages/airflow/example_dags/example_latest_only.py took 0.035 seconds
[2025-08-26T18:48:00.774+0000] {processor.py:186} INFO - Started process (PID=610) to work on /home/airflow/.local/lib/python3.12/site-packages/airflow/example_dags/example_latest_only.py
[2025-08-26T18:48:00.776+0000] {processor.py:914} INFO - Processing file /home/airflow/.local/lib/python3.12/site-packages/airflow/example_dags/example_latest_only.py for tasks to queue
[2025-08-26T18:48:00.777+0000] {logging_mixin.py:190} INFO - [2025-08-26T18:48:00.777+0000] {dagbag.py:588} INFO - Filling up the DagBag from /home/airflow/.local/lib/python3.12/site-packages/airflow/example_dags/example_latest_only.py
[2025-08-26T18:48:00.780+0000] {processor.py:925} INFO - DAG(s) 'latest_only' retrieved from /home/airflow/.local/lib/python3.12/site-packages/airflow/example_dags/example_latest_only.py
[2025-08-26T18:48:00.790+0000] {logging_mixin.py:190} INFO - [2025-08-26T18:48:00.790+0000] {dag.py:3239} INFO - Sync 1 DAGs
[2025-08-26T18:48:00.798+0000] {logging_mixin.py:190} INFO - [2025-08-26T18:48:00.798+0000] {dag.py:4180} INFO - Setting next_dagrun for latest_only to 2025-08-26 12:00:00+00:00, run_after=2025-08-26 16:00:00+00:00
[2025-08-26T18:48:00.804+0000] {processor.py:208} INFO - Processing /home/airflow/.local/lib/python3.12/site-packages/airflow/example_dags/example_latest_only.py took 0.034 seconds
[2025-08-26T18:48:31.631+0000] {processor.py:186} INFO - Started process (PID=673) to work on /home/airflow/.local/lib/python3.12/site-packages/airflow/example_dags/example_latest_only.py
[2025-08-26T18:48:31.632+0000] {processor.py:914} INFO - Processing file /home/airflow/.local/lib/python3.12/site-packages/airflow/example_dags/example_latest_only.py for tasks to queue
[2025-08-26T18:48:31.633+0000] {logging_mixin.py:190} INFO - [2025-08-26T18:48:31.633+0000] {dagbag.py:588} INFO - Filling up the DagBag from /home/airflow/.local/lib/python3.12/site-packages/airflow/example_dags/example_latest_only.py
[2025-08-26T18:48:31.637+0000] {processor.py:925} INFO - DAG(s) 'latest_only' retrieved from /home/airflow/.local/lib/python3.12/site-packages/airflow/example_dags/example_latest_only.py
[2025-08-26T18:48:31.644+0000] {logging_mixin.py:190} INFO - [2025-08-26T18:48:31.644+0000] {dag.py:3239} INFO - Sync 1 DAGs
[2025-08-26T18:48:31.652+0000] {logging_mixin.py:190} INFO - [2025-08-26T18:48:31.652+0000] {dag.py:4180} INFO - Setting next_dagrun for latest_only to 2025-08-26 12:00:00+00:00, run_after=2025-08-26 16:00:00+00:00
[2025-08-26T18:48:31.661+0000] {processor.py:208} INFO - Processing /home/airflow/.local/lib/python3.12/site-packages/airflow/example_dags/example_latest_only.py took 0.032 seconds
[2025-08-26T18:49:02.291+0000] {processor.py:186} INFO - Started process (PID=736) to work on /home/airflow/.local/lib/python3.12/site-packages/airflow/example_dags/example_latest_only.py
[2025-08-26T18:49:02.291+0000] {processor.py:914} INFO - Processing file /home/airflow/.local/lib/python3.12/site-packages/airflow/example_dags/example_latest_only.py for tasks to queue
[2025-08-26T18:49:02.292+0000] {logging_mixin.py:190} INFO - [2025-08-26T18:49:02.292+0000] {dagbag.py:588} INFO - Filling up the DagBag from /home/airflow/.local/lib/python3.12/site-packages/airflow/example_dags/example_latest_only.py
[2025-08-26T18:49:02.294+0000] {processor.py:925} INFO - DAG(s) 'latest_only' retrieved from /home/airflow/.local/lib/python3.12/site-packages/airflow/example_dags/example_latest_only.py
[2025-08-26T18:49:02.302+0000] {logging_mixin.py:190} INFO - [2025-08-26T18:49:02.301+0000] {dag.py:3239} INFO - Sync 1 DAGs
[2025-08-26T18:49:02.309+0000] {logging_mixin.py:190} INFO - [2025-08-26T18:49:02.309+0000] {dag.py:4180} INFO - Setting next_dagrun for latest_only to 2025-08-26 12:00:00+00:00, run_after=2025-08-26 16:00:00+00:00
[2025-08-26T18:49:02.317+0000] {processor.py:208} INFO - Processing /home/airflow/.local/lib/python3.12/site-packages/airflow/example_dags/example_latest_only.py took 0.029 seconds
[2025-08-26T18:49:33.021+0000] {processor.py:186} INFO - Started process (PID=800) to work on /home/airflow/.local/lib/python3.12/site-packages/airflow/example_dags/example_latest_only.py
[2025-08-26T18:49:33.024+0000] {processor.py:914} INFO - Processing file /home/airflow/.local/lib/python3.12/site-packages/airflow/example_dags/example_latest_only.py for tasks to queue
[2025-08-26T18:49:33.025+0000] {logging_mixin.py:190} INFO - [2025-08-26T18:49:33.025+0000] {dagbag.py:588} INFO - Filling up the DagBag from /home/airflow/.local/lib/python3.12/site-packages/airflow/example_dags/example_latest_only.py
[2025-08-26T18:49:33.027+0000] {processor.py:925} INFO - DAG(s) 'latest_only' retrieved from /home/airflow/.local/lib/python3.12/site-packages/airflow/example_dags/example_latest_only.py
[2025-08-26T18:49:33.036+0000] {logging_mixin.py:190} INFO - [2025-08-26T18:49:33.036+0000] {dag.py:3239} INFO - Sync 1 DAGs
[2025-08-26T18:49:33.043+0000] {logging_mixin.py:190} INFO - [2025-08-26T18:49:33.043+0000] {dag.py:4180} INFO - Setting next_dagrun for latest_only to 2025-08-26 12:00:00+00:00, run_after=2025-08-26 16:00:00+00:00
[2025-08-26T18:49:33.049+0000] {processor.py:208} INFO - Processing /home/airflow/.local/lib/python3.12/site-packages/airflow/example_dags/example_latest_only.py took 0.030 seconds
[2025-08-26T18:50:03.655+0000] {processor.py:186} INFO - Started process (PID=863) to work on /home/airflow/.local/lib/python3.12/site-packages/airflow/example_dags/example_latest_only.py
[2025-08-26T18:50:03.656+0000] {processor.py:914} INFO - Processing file /home/airflow/.local/lib/python3.12/site-packages/airflow/example_dags/example_latest_only.py for tasks to queue
[2025-08-26T18:50:03.658+0000] {logging_mixin.py:190} INFO - [2025-08-26T18:50:03.657+0000] {dagbag.py:588} INFO - Filling up the DagBag from /home/airflow/.local/lib/python3.12/site-packages/airflow/example_dags/example_latest_only.py
[2025-08-26T18:50:03.661+0000] {processor.py:925} INFO - DAG(s) 'latest_only' retrieved from /home/airflow/.local/lib/python3.12/site-packages/airflow/example_dags/example_latest_only.py
[2025-08-26T18:50:03.669+0000] {logging_mixin.py:190} INFO - [2025-08-26T18:50:03.669+0000] {dag.py:3239} INFO - Sync 1 DAGs
[2025-08-26T18:50:03.676+0000] {logging_mixin.py:190} INFO - [2025-08-26T18:50:03.676+0000] {dag.py:4180} INFO - Setting next_dagrun for latest_only to 2025-08-26 12:00:00+00:00, run_after=2025-08-26 16:00:00+00:00
[2025-08-26T18:50:03.683+0000] {processor.py:208} INFO - Processing /home/airflow/.local/lib/python3.12/site-packages/airflow/example_dags/example_latest_only.py took 0.030 seconds
[2025-08-26T18:50:34.211+0000] {processor.py:186} INFO - Started process (PID=926) to work on /home/airflow/.local/lib/python3.12/site-packages/airflow/example_dags/example_latest_only.py
[2025-08-26T18:50:34.212+0000] {processor.py:914} INFO - Processing file /home/airflow/.local/lib/python3.12/site-packages/airflow/example_dags/example_latest_only.py for tasks to queue
[2025-08-26T18:50:34.213+0000] {logging_mixin.py:190} INFO - [2025-08-26T18:50:34.213+0000] {dagbag.py:588} INFO - Filling up the DagBag from /home/airflow/.local/lib/python3.12/site-packages/airflow/example_dags/example_latest_only.py
[2025-08-26T18:50:34.216+0000] {processor.py:925} INFO - DAG(s) 'latest_only' retrieved from /home/airflow/.local/lib/python3.12/site-packages/airflow/example_dags/example_latest_only.py
[2025-08-26T18:50:34.224+0000] {logging_mixin.py:190} INFO - [2025-08-26T18:50:34.224+0000] {dag.py:3239} INFO - Sync 1 DAGs
[2025-08-26T18:50:34.231+0000] {logging_mixin.py:190} INFO - [2025-08-26T18:50:34.231+0000] {dag.py:4180} INFO - Setting next_dagrun for latest_only to 2025-08-26 12:00:00+00:00, run_after=2025-08-26 16:00:00+00:00
[2025-08-26T18:50:34.243+0000] {processor.py:208} INFO - Processing /home/airflow/.local/lib/python3.12/site-packages/airflow/example_dags/example_latest_only.py took 0.034 seconds
[2025-08-26T18:51:04.759+0000] {processor.py:186} INFO - Started process (PID=989) to work on /home/airflow/.local/lib/python3.12/site-packages/airflow/example_dags/example_latest_only.py
[2025-08-26T18:51:04.760+0000] {processor.py:914} INFO - Processing file /home/airflow/.local/lib/python3.12/site-packages/airflow/example_dags/example_latest_only.py for tasks to queue
[2025-08-26T18:51:04.761+0000] {logging_mixin.py:190} INFO - [2025-08-26T18:51:04.761+0000] {dagbag.py:588} INFO - Filling up the DagBag from /home/airflow/.local/lib/python3.12/site-packages/airflow/example_dags/example_latest_only.py
[2025-08-26T18:51:04.764+0000] {processor.py:925} INFO - DAG(s) 'latest_only' retrieved from /home/airflow/.local/lib/python3.12/site-packages/airflow/example_dags/example_latest_only.py
[2025-08-26T18:51:04.771+0000] {logging_mixin.py:190} INFO - [2025-08-26T18:51:04.771+0000] {dag.py:3239} INFO - Sync 1 DAGs
[2025-08-26T18:51:04.778+0000] {logging_mixin.py:190} INFO - [2025-08-26T18:51:04.778+0000] {dag.py:4180} INFO - Setting next_dagrun for latest_only to 2025-08-26 12:00:00+00:00, run_after=2025-08-26 16:00:00+00:00
[2025-08-26T18:51:04.786+0000] {processor.py:208} INFO - Processing /home/airflow/.local/lib/python3.12/site-packages/airflow/example_dags/example_latest_only.py took 0.029 seconds
[2025-08-26T18:51:35.347+0000] {processor.py:186} INFO - Started process (PID=1052) to work on /home/airflow/.local/lib/python3.12/site-packages/airflow/example_dags/example_latest_only.py
[2025-08-26T18:51:35.348+0000] {processor.py:914} INFO - Processing file /home/airflow/.local/lib/python3.12/site-packages/airflow/example_dags/example_latest_only.py for tasks to queue
[2025-08-26T18:51:35.349+0000] {logging_mixin.py:190} INFO - [2025-08-26T18:51:35.349+0000] {dagbag.py:588} INFO - Filling up the DagBag from /home/airflow/.local/lib/python3.12/site-packages/airflow/example_dags/example_latest_only.py
[2025-08-26T18:51:35.352+0000] {processor.py:925} INFO - DAG(s) 'latest_only' retrieved from /home/airflow/.local/lib/python3.12/site-packages/airflow/example_dags/example_latest_only.py
[2025-08-26T18:51:35.360+0000] {logging_mixin.py:190} INFO - [2025-08-26T18:51:35.359+0000] {dag.py:3239} INFO - Sync 1 DAGs
[2025-08-26T18:51:35.368+0000] {logging_mixin.py:190} INFO - [2025-08-26T18:51:35.368+0000] {dag.py:4180} INFO - Setting next_dagrun for latest_only to 2025-08-26 12:00:00+00:00, run_after=2025-08-26 16:00:00+00:00
[2025-08-26T18:51:35.373+0000] {processor.py:208} INFO - Processing /home/airflow/.local/lib/python3.12/site-packages/airflow/example_dags/example_latest_only.py took 0.029 seconds
[2025-08-26T18:52:05.959+0000] {processor.py:186} INFO - Started process (PID=1115) to work on /home/airflow/.local/lib/python3.12/site-packages/airflow/example_dags/example_latest_only.py
[2025-08-26T18:52:05.960+0000] {processor.py:914} INFO - Processing file /home/airflow/.local/lib/python3.12/site-packages/airflow/example_dags/example_latest_only.py for tasks to queue
[2025-08-26T18:52:05.961+0000] {logging_mixin.py:190} INFO - [2025-08-26T18:52:05.961+0000] {dagbag.py:588} INFO - Filling up the DagBag from /home/airflow/.local/lib/python3.12/site-packages/airflow/example_dags/example_latest_only.py
[2025-08-26T18:52:05.964+0000] {processor.py:925} INFO - DAG(s) 'latest_only' retrieved from /home/airflow/.local/lib/python3.12/site-packages/airflow/example_dags/example_latest_only.py
[2025-08-26T18:52:05.971+0000] {logging_mixin.py:190} INFO - [2025-08-26T18:52:05.971+0000] {dag.py:3239} INFO - Sync 1 DAGs
[2025-08-26T18:52:05.979+0000] {logging_mixin.py:190} INFO - [2025-08-26T18:52:05.978+0000] {dag.py:4180} INFO - Setting next_dagrun for latest_only to 2025-08-26 12:00:00+00:00, run_after=2025-08-26 16:00:00+00:00
[2025-08-26T18:52:05.987+0000] {processor.py:208} INFO - Processing /home/airflow/.local/lib/python3.12/site-packages/airflow/example_dags/example_latest_only.py took 0.030 seconds
[2025-08-26T18:52:36.671+0000] {processor.py:186} INFO - Started process (PID=1178) to work on /home/airflow/.local/lib/python3.12/site-packages/airflow/example_dags/example_latest_only.py
[2025-08-26T18:52:36.671+0000] {processor.py:914} INFO - Processing file /home/airflow/.local/lib/python3.12/site-packages/airflow/example_dags/example_latest_only.py for tasks to queue
[2025-08-26T18:52:36.672+0000] {logging_mixin.py:190} INFO - [2025-08-26T18:52:36.672+0000] {dagbag.py:588} INFO - Filling up the DagBag from /home/airflow/.local/lib/python3.12/site-packages/airflow/example_dags/example_latest_only.py
[2025-08-26T18:52:36.675+0000] {processor.py:925} INFO - DAG(s) 'latest_only' retrieved from /home/airflow/.local/lib/python3.12/site-packages/airflow/example_dags/example_latest_only.py
[2025-08-26T18:52:36.684+0000] {logging_mixin.py:190} INFO - [2025-08-26T18:52:36.684+0000] {dag.py:3239} INFO - Sync 1 DAGs
[2025-08-26T18:52:36.693+0000] {logging_mixin.py:190} INFO - [2025-08-26T18:52:36.693+0000] {dag.py:4180} INFO - Setting next_dagrun for latest_only to 2025-08-26 12:00:00+00:00, run_after=2025-08-26 16:00:00+00:00
[2025-08-26T18:52:36.700+0000] {processor.py:208} INFO - Processing /home/airflow/.local/lib/python3.12/site-packages/airflow/example_dags/example_latest_only.py took 0.031 seconds
[2025-08-26T18:53:07.273+0000] {processor.py:186} INFO - Started process (PID=1241) to work on /home/airflow/.local/lib/python3.12/site-packages/airflow/example_dags/example_latest_only.py
[2025-08-26T18:53:07.274+0000] {processor.py:914} INFO - Processing file /home/airflow/.local/lib/python3.12/site-packages/airflow/example_dags/example_latest_only.py for tasks to queue
[2025-08-26T18:53:07.275+0000] {logging_mixin.py:190} INFO - [2025-08-26T18:53:07.275+0000] {dagbag.py:588} INFO - Filling up the DagBag from /home/airflow/.local/lib/python3.12/site-packages/airflow/example_dags/example_latest_only.py
[2025-08-26T18:53:07.278+0000] {processor.py:925} INFO - DAG(s) 'latest_only' retrieved from /home/airflow/.local/lib/python3.12/site-packages/airflow/example_dags/example_latest_only.py
[2025-08-26T18:53:07.285+0000] {logging_mixin.py:190} INFO - [2025-08-26T18:53:07.285+0000] {dag.py:3239} INFO - Sync 1 DAGs
[2025-08-26T18:53:07.293+0000] {logging_mixin.py:190} INFO - [2025-08-26T18:53:07.293+0000] {dag.py:4180} INFO - Setting next_dagrun for latest_only to 2025-08-26 12:00:00+00:00, run_after=2025-08-26 16:00:00+00:00
[2025-08-26T18:53:07.299+0000] {processor.py:208} INFO - Processing /home/airflow/.local/lib/python3.12/site-packages/airflow/example_dags/example_latest_only.py took 0.028 seconds
[2025-08-26T18:53:37.853+0000] {processor.py:186} INFO - Started process (PID=1304) to work on /home/airflow/.local/lib/python3.12/site-packages/airflow/example_dags/example_latest_only.py
[2025-08-26T18:53:37.854+0000] {processor.py:914} INFO - Processing file /home/airflow/.local/lib/python3.12/site-packages/airflow/example_dags/example_latest_only.py for tasks to queue
[2025-08-26T18:53:37.855+0000] {logging_mixin.py:190} INFO - [2025-08-26T18:53:37.855+0000] {dagbag.py:588} INFO - Filling up the DagBag from /home/airflow/.local/lib/python3.12/site-packages/airflow/example_dags/example_latest_only.py
[2025-08-26T18:53:37.859+0000] {processor.py:925} INFO - DAG(s) 'latest_only' retrieved from /home/airflow/.local/lib/python3.12/site-packages/airflow/example_dags/example_latest_only.py
[2025-08-26T18:53:37.867+0000] {logging_mixin.py:190} INFO - [2025-08-26T18:53:37.866+0000] {dag.py:3239} INFO - Sync 1 DAGs
[2025-08-26T18:53:37.875+0000] {logging_mixin.py:190} INFO - [2025-08-26T18:53:37.875+0000] {dag.py:4180} INFO - Setting next_dagrun for latest_only to 2025-08-26 12:00:00+00:00, run_after=2025-08-26 16:00:00+00:00
[2025-08-26T18:53:37.881+0000] {processor.py:208} INFO - Processing /home/airflow/.local/lib/python3.12/site-packages/airflow/example_dags/example_latest_only.py took 0.031 seconds
[2025-08-26T18:54:08.518+0000] {processor.py:186} INFO - Started process (PID=1367) to work on /home/airflow/.local/lib/python3.12/site-packages/airflow/example_dags/example_latest_only.py
[2025-08-26T18:54:08.518+0000] {processor.py:914} INFO - Processing file /home/airflow/.local/lib/python3.12/site-packages/airflow/example_dags/example_latest_only.py for tasks to queue
[2025-08-26T18:54:08.519+0000] {logging_mixin.py:190} INFO - [2025-08-26T18:54:08.519+0000] {dagbag.py:588} INFO - Filling up the DagBag from /home/airflow/.local/lib/python3.12/site-packages/airflow/example_dags/example_latest_only.py
[2025-08-26T18:54:08.522+0000] {processor.py:925} INFO - DAG(s) 'latest_only' retrieved from /home/airflow/.local/lib/python3.12/site-packages/airflow/example_dags/example_latest_only.py
[2025-08-26T18:54:08.530+0000] {logging_mixin.py:190} INFO - [2025-08-26T18:54:08.530+0000] {dag.py:3239} INFO - Sync 1 DAGs
[2025-08-26T18:54:08.537+0000] {logging_mixin.py:190} INFO - [2025-08-26T18:54:08.537+0000] {dag.py:4180} INFO - Setting next_dagrun for latest_only to 2025-08-26 12:00:00+00:00, run_after=2025-08-26 16:00:00+00:00
[2025-08-26T18:54:08.542+0000] {processor.py:208} INFO - Processing /home/airflow/.local/lib/python3.12/site-packages/airflow/example_dags/example_latest_only.py took 0.027 seconds
[2025-08-26T18:54:39.090+0000] {processor.py:186} INFO - Started process (PID=1430) to work on /home/airflow/.local/lib/python3.12/site-packages/airflow/example_dags/example_latest_only.py
[2025-08-26T18:54:39.091+0000] {processor.py:914} INFO - Processing file /home/airflow/.local/lib/python3.12/site-packages/airflow/example_dags/example_latest_only.py for tasks to queue
[2025-08-26T18:54:39.092+0000] {logging_mixin.py:190} INFO - [2025-08-26T18:54:39.092+0000] {dagbag.py:588} INFO - Filling up the DagBag from /home/airflow/.local/lib/python3.12/site-packages/airflow/example_dags/example_latest_only.py
[2025-08-26T18:54:39.095+0000] {processor.py:925} INFO - DAG(s) 'latest_only' retrieved from /home/airflow/.local/lib/python3.12/site-packages/airflow/example_dags/example_latest_only.py
[2025-08-26T18:54:39.101+0000] {logging_mixin.py:190} INFO - [2025-08-26T18:54:39.101+0000] {dag.py:3239} INFO - Sync 1 DAGs
[2025-08-26T18:54:39.111+0000] {logging_mixin.py:190} INFO - [2025-08-26T18:54:39.110+0000] {dag.py:4180} INFO - Setting next_dagrun for latest_only to 2025-08-26 12:00:00+00:00, run_after=2025-08-26 16:00:00+00:00
[2025-08-26T18:54:39.117+0000] {processor.py:208} INFO - Processing /home/airflow/.local/lib/python3.12/site-packages/airflow/example_dags/example_latest_only.py took 0.030 seconds
[2025-08-26T18:55:09.714+0000] {processor.py:186} INFO - Started process (PID=1493) to work on /home/airflow/.local/lib/python3.12/site-packages/airflow/example_dags/example_latest_only.py
[2025-08-26T18:55:09.714+0000] {processor.py:914} INFO - Processing file /home/airflow/.local/lib/python3.12/site-packages/airflow/example_dags/example_latest_only.py for tasks to queue
[2025-08-26T18:55:09.715+0000] {logging_mixin.py:190} INFO - [2025-08-26T18:55:09.715+0000] {dagbag.py:588} INFO - Filling up the DagBag from /home/airflow/.local/lib/python3.12/site-packages/airflow/example_dags/example_latest_only.py
[2025-08-26T18:55:09.718+0000] {processor.py:925} INFO - DAG(s) 'latest_only' retrieved from /home/airflow/.local/lib/python3.12/site-packages/airflow/example_dags/example_latest_only.py
[2025-08-26T18:55:09.726+0000] {logging_mixin.py:190} INFO - [2025-08-26T18:55:09.726+0000] {dag.py:3239} INFO - Sync 1 DAGs
[2025-08-26T18:55:09.734+0000] {logging_mixin.py:190} INFO - [2025-08-26T18:55:09.734+0000] {dag.py:4180} INFO - Setting next_dagrun for latest_only to 2025-08-26 12:00:00+00:00, run_after=2025-08-26 16:00:00+00:00
[2025-08-26T18:55:09.742+0000] {processor.py:208} INFO - Processing /home/airflow/.local/lib/python3.12/site-packages/airflow/example_dags/example_latest_only.py took 0.031 seconds
[2025-08-26T18:55:40.366+0000] {processor.py:186} INFO - Started process (PID=1556) to work on /home/airflow/.local/lib/python3.12/site-packages/airflow/example_dags/example_latest_only.py
[2025-08-26T18:55:40.367+0000] {processor.py:914} INFO - Processing file /home/airflow/.local/lib/python3.12/site-packages/airflow/example_dags/example_latest_only.py for tasks to queue
[2025-08-26T18:55:40.368+0000] {logging_mixin.py:190} INFO - [2025-08-26T18:55:40.368+0000] {dagbag.py:588} INFO - Filling up the DagBag from /home/airflow/.local/lib/python3.12/site-packages/airflow/example_dags/example_latest_only.py
[2025-08-26T18:55:40.371+0000] {processor.py:925} INFO - DAG(s) 'latest_only' retrieved from /home/airflow/.local/lib/python3.12/site-packages/airflow/example_dags/example_latest_only.py
[2025-08-26T18:55:40.378+0000] {logging_mixin.py:190} INFO - [2025-08-26T18:55:40.377+0000] {dag.py:3239} INFO - Sync 1 DAGs
[2025-08-26T18:55:40.386+0000] {logging_mixin.py:190} INFO - [2025-08-26T18:55:40.386+0000] {dag.py:4180} INFO - Setting next_dagrun for latest_only to 2025-08-26 12:00:00+00:00, run_after=2025-08-26 16:00:00+00:00
[2025-08-26T18:55:40.395+0000] {processor.py:208} INFO - Processing /home/airflow/.local/lib/python3.12/site-packages/airflow/example_dags/example_latest_only.py took 0.031 seconds
[2025-08-26T18:56:10.952+0000] {processor.py:186} INFO - Started process (PID=1619) to work on /home/airflow/.local/lib/python3.12/site-packages/airflow/example_dags/example_latest_only.py
[2025-08-26T18:56:10.953+0000] {processor.py:914} INFO - Processing file /home/airflow/.local/lib/python3.12/site-packages/airflow/example_dags/example_latest_only.py for tasks to queue
[2025-08-26T18:56:10.955+0000] {logging_mixin.py:190} INFO - [2025-08-26T18:56:10.955+0000] {dagbag.py:588} INFO - Filling up the DagBag from /home/airflow/.local/lib/python3.12/site-packages/airflow/example_dags/example_latest_only.py
[2025-08-26T18:56:10.958+0000] {processor.py:925} INFO - DAG(s) 'latest_only' retrieved from /home/airflow/.local/lib/python3.12/site-packages/airflow/example_dags/example_latest_only.py
[2025-08-26T18:56:10.965+0000] {logging_mixin.py:190} INFO - [2025-08-26T18:56:10.965+0000] {dag.py:3239} INFO - Sync 1 DAGs
[2025-08-26T18:56:10.973+0000] {logging_mixin.py:190} INFO - [2025-08-26T18:56:10.973+0000] {dag.py:4180} INFO - Setting next_dagrun for latest_only to 2025-08-26 12:00:00+00:00, run_after=2025-08-26 16:00:00+00:00
[2025-08-26T18:56:10.980+0000] {processor.py:208} INFO - Processing /home/airflow/.local/lib/python3.12/site-packages/airflow/example_dags/example_latest_only.py took 0.030 seconds
[2025-08-26T18:56:41.551+0000] {processor.py:186} INFO - Started process (PID=1682) to work on /home/airflow/.local/lib/python3.12/site-packages/airflow/example_dags/example_latest_only.py
[2025-08-26T18:56:41.552+0000] {processor.py:914} INFO - Processing file /home/airflow/.local/lib/python3.12/site-packages/airflow/example_dags/example_latest_only.py for tasks to queue
[2025-08-26T18:56:41.553+0000] {logging_mixin.py:190} INFO - [2025-08-26T18:56:41.553+0000] {dagbag.py:588} INFO - Filling up the DagBag from /home/airflow/.local/lib/python3.12/site-packages/airflow/example_dags/example_latest_only.py
[2025-08-26T18:56:41.556+0000] {processor.py:925} INFO - DAG(s) 'latest_only' retrieved from /home/airflow/.local/lib/python3.12/site-packages/airflow/example_dags/example_latest_only.py
[2025-08-26T18:56:41.563+0000] {logging_mixin.py:190} INFO - [2025-08-26T18:56:41.563+0000] {dag.py:3239} INFO - Sync 1 DAGs
[2025-08-26T18:56:41.571+0000] {logging_mixin.py:190} INFO - [2025-08-26T18:56:41.570+0000] {dag.py:4180} INFO - Setting next_dagrun for latest_only to 2025-08-26 12:00:00+00:00, run_after=2025-08-26 16:00:00+00:00
[2025-08-26T18:56:41.578+0000] {processor.py:208} INFO - Processing /home/airflow/.local/lib/python3.12/site-packages/airflow/example_dags/example_latest_only.py took 0.029 seconds
[2025-08-26T18:57:12.184+0000] {processor.py:186} INFO - Started process (PID=1745) to work on /home/airflow/.local/lib/python3.12/site-packages/airflow/example_dags/example_latest_only.py
[2025-08-26T18:57:12.185+0000] {processor.py:914} INFO - Processing file /home/airflow/.local/lib/python3.12/site-packages/airflow/example_dags/example_latest_only.py for tasks to queue
[2025-08-26T18:57:12.187+0000] {logging_mixin.py:190} INFO - [2025-08-26T18:57:12.186+0000] {dagbag.py:588} INFO - Filling up the DagBag from /home/airflow/.local/lib/python3.12/site-packages/airflow/example_dags/example_latest_only.py
[2025-08-26T18:57:12.190+0000] {processor.py:925} INFO - DAG(s) 'latest_only' retrieved from /home/airflow/.local/lib/python3.12/site-packages/airflow/example_dags/example_latest_only.py
[2025-08-26T18:57:12.198+0000] {logging_mixin.py:190} INFO - [2025-08-26T18:57:12.198+0000] {dag.py:3239} INFO - Sync 1 DAGs
[2025-08-26T18:57:12.206+0000] {logging_mixin.py:190} INFO - [2025-08-26T18:57:12.205+0000] {dag.py:4180} INFO - Setting next_dagrun for latest_only to 2025-08-26 12:00:00+00:00, run_after=2025-08-26 16:00:00+00:00
[2025-08-26T18:57:12.212+0000] {processor.py:208} INFO - Processing /home/airflow/.local/lib/python3.12/site-packages/airflow/example_dags/example_latest_only.py took 0.030 seconds
[2025-08-26T18:57:42.772+0000] {processor.py:186} INFO - Started process (PID=1808) to work on /home/airflow/.local/lib/python3.12/site-packages/airflow/example_dags/example_latest_only.py
[2025-08-26T18:57:42.773+0000] {processor.py:914} INFO - Processing file /home/airflow/.local/lib/python3.12/site-packages/airflow/example_dags/example_latest_only.py for tasks to queue
[2025-08-26T18:57:42.775+0000] {logging_mixin.py:190} INFO - [2025-08-26T18:57:42.775+0000] {dagbag.py:588} INFO - Filling up the DagBag from /home/airflow/.local/lib/python3.12/site-packages/airflow/example_dags/example_latest_only.py
[2025-08-26T18:57:42.778+0000] {processor.py:925} INFO - DAG(s) 'latest_only' retrieved from /home/airflow/.local/lib/python3.12/site-packages/airflow/example_dags/example_latest_only.py
[2025-08-26T18:57:42.785+0000] {logging_mixin.py:190} INFO - [2025-08-26T18:57:42.785+0000] {dag.py:3239} INFO - Sync 1 DAGs
[2025-08-26T18:57:42.793+0000] {logging_mixin.py:190} INFO - [2025-08-26T18:57:42.792+0000] {dag.py:4180} INFO - Setting next_dagrun for latest_only to 2025-08-26 12:00:00+00:00, run_after=2025-08-26 16:00:00+00:00
[2025-08-26T18:57:42.799+0000] {processor.py:208} INFO - Processing /home/airflow/.local/lib/python3.12/site-packages/airflow/example_dags/example_latest_only.py took 0.029 seconds
[2025-08-26T18:58:13.383+0000] {processor.py:186} INFO - Started process (PID=1871) to work on /home/airflow/.local/lib/python3.12/site-packages/airflow/example_dags/example_latest_only.py
[2025-08-26T18:58:13.385+0000] {processor.py:914} INFO - Processing file /home/airflow/.local/lib/python3.12/site-packages/airflow/example_dags/example_latest_only.py for tasks to queue
[2025-08-26T18:58:13.386+0000] {logging_mixin.py:190} INFO - [2025-08-26T18:58:13.386+0000] {dagbag.py:588} INFO - Filling up the DagBag from /home/airflow/.local/lib/python3.12/site-packages/airflow/example_dags/example_latest_only.py
[2025-08-26T18:58:13.389+0000] {processor.py:925} INFO - DAG(s) 'latest_only' retrieved from /home/airflow/.local/lib/python3.12/site-packages/airflow/example_dags/example_latest_only.py
[2025-08-26T18:58:13.398+0000] {logging_mixin.py:190} INFO - [2025-08-26T18:58:13.398+0000] {dag.py:3239} INFO - Sync 1 DAGs
[2025-08-26T18:58:13.406+0000] {logging_mixin.py:190} INFO - [2025-08-26T18:58:13.406+0000] {dag.py:4180} INFO - Setting next_dagrun for latest_only to 2025-08-26 12:00:00+00:00, run_after=2025-08-26 16:00:00+00:00
[2025-08-26T18:58:13.414+0000] {processor.py:208} INFO - Processing /home/airflow/.local/lib/python3.12/site-packages/airflow/example_dags/example_latest_only.py took 0.034 seconds
[2025-08-26T18:58:44.001+0000] {processor.py:186} INFO - Started process (PID=1934) to work on /home/airflow/.local/lib/python3.12/site-packages/airflow/example_dags/example_latest_only.py
[2025-08-26T18:58:44.002+0000] {processor.py:914} INFO - Processing file /home/airflow/.local/lib/python3.12/site-packages/airflow/example_dags/example_latest_only.py for tasks to queue
[2025-08-26T18:58:44.003+0000] {logging_mixin.py:190} INFO - [2025-08-26T18:58:44.003+0000] {dagbag.py:588} INFO - Filling up the DagBag from /home/airflow/.local/lib/python3.12/site-packages/airflow/example_dags/example_latest_only.py
[2025-08-26T18:58:44.007+0000] {processor.py:925} INFO - DAG(s) 'latest_only' retrieved from /home/airflow/.local/lib/python3.12/site-packages/airflow/example_dags/example_latest_only.py
[2025-08-26T18:58:44.014+0000] {logging_mixin.py:190} INFO - [2025-08-26T18:58:44.014+0000] {dag.py:3239} INFO - Sync 1 DAGs
[2025-08-26T18:58:44.022+0000] {logging_mixin.py:190} INFO - [2025-08-26T18:58:44.022+0000] {dag.py:4180} INFO - Setting next_dagrun for latest_only to 2025-08-26 12:00:00+00:00, run_after=2025-08-26 16:00:00+00:00
[2025-08-26T18:58:44.030+0000] {processor.py:208} INFO - Processing /home/airflow/.local/lib/python3.12/site-packages/airflow/example_dags/example_latest_only.py took 0.031 seconds
[2025-08-26T18:59:14.573+0000] {processor.py:186} INFO - Started process (PID=1997) to work on /home/airflow/.local/lib/python3.12/site-packages/airflow/example_dags/example_latest_only.py
[2025-08-26T18:59:14.574+0000] {processor.py:914} INFO - Processing file /home/airflow/.local/lib/python3.12/site-packages/airflow/example_dags/example_latest_only.py for tasks to queue
[2025-08-26T18:59:14.575+0000] {logging_mixin.py:190} INFO - [2025-08-26T18:59:14.575+0000] {dagbag.py:588} INFO - Filling up the DagBag from /home/airflow/.local/lib/python3.12/site-packages/airflow/example_dags/example_latest_only.py
[2025-08-26T18:59:14.577+0000] {processor.py:925} INFO - DAG(s) 'latest_only' retrieved from /home/airflow/.local/lib/python3.12/site-packages/airflow/example_dags/example_latest_only.py
[2025-08-26T18:59:14.584+0000] {logging_mixin.py:190} INFO - [2025-08-26T18:59:14.584+0000] {dag.py:3239} INFO - Sync 1 DAGs
[2025-08-26T18:59:14.592+0000] {logging_mixin.py:190} INFO - [2025-08-26T18:59:14.592+0000] {dag.py:4180} INFO - Setting next_dagrun for latest_only to 2025-08-26 12:00:00+00:00, run_after=2025-08-26 16:00:00+00:00
[2025-08-26T18:59:14.600+0000] {processor.py:208} INFO - Processing /home/airflow/.local/lib/python3.12/site-packages/airflow/example_dags/example_latest_only.py took 0.029 seconds
[2025-08-26T18:59:45.140+0000] {processor.py:186} INFO - Started process (PID=2060) to work on /home/airflow/.local/lib/python3.12/site-packages/airflow/example_dags/example_latest_only.py
[2025-08-26T18:59:45.141+0000] {processor.py:914} INFO - Processing file /home/airflow/.local/lib/python3.12/site-packages/airflow/example_dags/example_latest_only.py for tasks to queue
[2025-08-26T18:59:45.142+0000] {logging_mixin.py:190} INFO - [2025-08-26T18:59:45.142+0000] {dagbag.py:588} INFO - Filling up the DagBag from /home/airflow/.local/lib/python3.12/site-packages/airflow/example_dags/example_latest_only.py
[2025-08-26T18:59:45.145+0000] {processor.py:925} INFO - DAG(s) 'latest_only' retrieved from /home/airflow/.local/lib/python3.12/site-packages/airflow/example_dags/example_latest_only.py
[2025-08-26T18:59:45.153+0000] {logging_mixin.py:190} INFO - [2025-08-26T18:59:45.153+0000] {dag.py:3239} INFO - Sync 1 DAGs
[2025-08-26T18:59:45.163+0000] {logging_mixin.py:190} INFO - [2025-08-26T18:59:45.163+0000] {dag.py:4180} INFO - Setting next_dagrun for latest_only to 2025-08-26 12:00:00+00:00, run_after=2025-08-26 16:00:00+00:00
[2025-08-26T18:59:45.172+0000] {processor.py:208} INFO - Processing /home/airflow/.local/lib/python3.12/site-packages/airflow/example_dags/example_latest_only.py took 0.035 seconds
[2025-08-26T19:00:15.812+0000] {processor.py:186} INFO - Started process (PID=2123) to work on /home/airflow/.local/lib/python3.12/site-packages/airflow/example_dags/example_latest_only.py
[2025-08-26T19:00:15.813+0000] {processor.py:914} INFO - Processing file /home/airflow/.local/lib/python3.12/site-packages/airflow/example_dags/example_latest_only.py for tasks to queue
[2025-08-26T19:00:15.814+0000] {logging_mixin.py:190} INFO - [2025-08-26T19:00:15.814+0000] {dagbag.py:588} INFO - Filling up the DagBag from /home/airflow/.local/lib/python3.12/site-packages/airflow/example_dags/example_latest_only.py
[2025-08-26T19:00:15.818+0000] {processor.py:925} INFO - DAG(s) 'latest_only' retrieved from /home/airflow/.local/lib/python3.12/site-packages/airflow/example_dags/example_latest_only.py
[2025-08-26T19:00:15.826+0000] {logging_mixin.py:190} INFO - [2025-08-26T19:00:15.826+0000] {dag.py:3239} INFO - Sync 1 DAGs
[2025-08-26T19:00:15.836+0000] {logging_mixin.py:190} INFO - [2025-08-26T19:00:15.835+0000] {dag.py:4180} INFO - Setting next_dagrun for latest_only to 2025-08-26 12:00:00+00:00, run_after=2025-08-26 16:00:00+00:00
[2025-08-26T19:00:15.843+0000] {processor.py:208} INFO - Processing /home/airflow/.local/lib/python3.12/site-packages/airflow/example_dags/example_latest_only.py took 0.033 seconds
[2025-08-26T19:00:46.549+0000] {processor.py:186} INFO - Started process (PID=2186) to work on /home/airflow/.local/lib/python3.12/site-packages/airflow/example_dags/example_latest_only.py
[2025-08-26T19:00:46.550+0000] {processor.py:914} INFO - Processing file /home/airflow/.local/lib/python3.12/site-packages/airflow/example_dags/example_latest_only.py for tasks to queue
[2025-08-26T19:00:46.551+0000] {logging_mixin.py:190} INFO - [2025-08-26T19:00:46.551+0000] {dagbag.py:588} INFO - Filling up the DagBag from /home/airflow/.local/lib/python3.12/site-packages/airflow/example_dags/example_latest_only.py
[2025-08-26T19:00:46.554+0000] {processor.py:925} INFO - DAG(s) 'latest_only' retrieved from /home/airflow/.local/lib/python3.12/site-packages/airflow/example_dags/example_latest_only.py
[2025-08-26T19:00:46.562+0000] {logging_mixin.py:190} INFO - [2025-08-26T19:00:46.562+0000] {dag.py:3239} INFO - Sync 1 DAGs
[2025-08-26T19:00:46.570+0000] {logging_mixin.py:190} INFO - [2025-08-26T19:00:46.569+0000] {dag.py:4180} INFO - Setting next_dagrun for latest_only to 2025-08-26 12:00:00+00:00, run_after=2025-08-26 16:00:00+00:00
[2025-08-26T19:00:46.577+0000] {processor.py:208} INFO - Processing /home/airflow/.local/lib/python3.12/site-packages/airflow/example_dags/example_latest_only.py took 0.030 seconds
[2025-08-26T19:01:17.313+0000] {processor.py:186} INFO - Started process (PID=2249) to work on /home/airflow/.local/lib/python3.12/site-packages/airflow/example_dags/example_latest_only.py
[2025-08-26T19:01:17.313+0000] {processor.py:914} INFO - Processing file /home/airflow/.local/lib/python3.12/site-packages/airflow/example_dags/example_latest_only.py for tasks to queue
[2025-08-26T19:01:17.314+0000] {logging_mixin.py:190} INFO - [2025-08-26T19:01:17.314+0000] {dagbag.py:588} INFO - Filling up the DagBag from /home/airflow/.local/lib/python3.12/site-packages/airflow/example_dags/example_latest_only.py
[2025-08-26T19:01:17.318+0000] {processor.py:925} INFO - DAG(s) 'latest_only' retrieved from /home/airflow/.local/lib/python3.12/site-packages/airflow/example_dags/example_latest_only.py
[2025-08-26T19:01:17.330+0000] {logging_mixin.py:190} INFO - [2025-08-26T19:01:17.330+0000] {dag.py:3239} INFO - Sync 1 DAGs
[2025-08-26T19:01:17.343+0000] {logging_mixin.py:190} INFO - [2025-08-26T19:01:17.343+0000] {dag.py:4180} INFO - Setting next_dagrun for latest_only to 2025-08-26 12:00:00+00:00, run_after=2025-08-26 16:00:00+00:00
[2025-08-26T19:01:17.352+0000] {processor.py:208} INFO - Processing /home/airflow/.local/lib/python3.12/site-packages/airflow/example_dags/example_latest_only.py took 0.044 seconds
[2025-08-26T19:01:48.305+0000] {processor.py:186} INFO - Started process (PID=2312) to work on /home/airflow/.local/lib/python3.12/site-packages/airflow/example_dags/example_latest_only.py
[2025-08-26T19:01:48.308+0000] {processor.py:914} INFO - Processing file /home/airflow/.local/lib/python3.12/site-packages/airflow/example_dags/example_latest_only.py for tasks to queue
[2025-08-26T19:01:48.309+0000] {logging_mixin.py:190} INFO - [2025-08-26T19:01:48.309+0000] {dagbag.py:588} INFO - Filling up the DagBag from /home/airflow/.local/lib/python3.12/site-packages/airflow/example_dags/example_latest_only.py
[2025-08-26T19:01:48.312+0000] {processor.py:925} INFO - DAG(s) 'latest_only' retrieved from /home/airflow/.local/lib/python3.12/site-packages/airflow/example_dags/example_latest_only.py
[2025-08-26T19:01:48.322+0000] {logging_mixin.py:190} INFO - [2025-08-26T19:01:48.322+0000] {dag.py:3239} INFO - Sync 1 DAGs
[2025-08-26T19:01:48.330+0000] {logging_mixin.py:190} INFO - [2025-08-26T19:01:48.329+0000] {dag.py:4180} INFO - Setting next_dagrun for latest_only to 2025-08-26 12:00:00+00:00, run_after=2025-08-26 16:00:00+00:00
[2025-08-26T19:01:48.336+0000] {processor.py:208} INFO - Processing /home/airflow/.local/lib/python3.12/site-packages/airflow/example_dags/example_latest_only.py took 0.034 seconds
[2025-08-26T19:02:19.212+0000] {processor.py:186} INFO - Started process (PID=2381) to work on /home/airflow/.local/lib/python3.12/site-packages/airflow/example_dags/example_latest_only.py
[2025-08-26T19:02:19.213+0000] {processor.py:914} INFO - Processing file /home/airflow/.local/lib/python3.12/site-packages/airflow/example_dags/example_latest_only.py for tasks to queue
[2025-08-26T19:02:19.214+0000] {logging_mixin.py:190} INFO - [2025-08-26T19:02:19.214+0000] {dagbag.py:588} INFO - Filling up the DagBag from /home/airflow/.local/lib/python3.12/site-packages/airflow/example_dags/example_latest_only.py
[2025-08-26T19:02:19.217+0000] {processor.py:925} INFO - DAG(s) 'latest_only' retrieved from /home/airflow/.local/lib/python3.12/site-packages/airflow/example_dags/example_latest_only.py
[2025-08-26T19:02:19.226+0000] {logging_mixin.py:190} INFO - [2025-08-26T19:02:19.226+0000] {dag.py:3239} INFO - Sync 1 DAGs
[2025-08-26T19:02:19.234+0000] {logging_mixin.py:190} INFO - [2025-08-26T19:02:19.234+0000] {dag.py:4180} INFO - Setting next_dagrun for latest_only to 2025-08-26 12:00:00+00:00, run_after=2025-08-26 16:00:00+00:00
[2025-08-26T19:02:19.243+0000] {processor.py:208} INFO - Processing /home/airflow/.local/lib/python3.12/site-packages/airflow/example_dags/example_latest_only.py took 0.034 seconds
[2025-08-26T19:02:49.917+0000] {processor.py:186} INFO - Started process (PID=2444) to work on /home/airflow/.local/lib/python3.12/site-packages/airflow/example_dags/example_latest_only.py
[2025-08-26T19:02:49.918+0000] {processor.py:914} INFO - Processing file /home/airflow/.local/lib/python3.12/site-packages/airflow/example_dags/example_latest_only.py for tasks to queue
[2025-08-26T19:02:49.919+0000] {logging_mixin.py:190} INFO - [2025-08-26T19:02:49.919+0000] {dagbag.py:588} INFO - Filling up the DagBag from /home/airflow/.local/lib/python3.12/site-packages/airflow/example_dags/example_latest_only.py
[2025-08-26T19:02:49.923+0000] {processor.py:925} INFO - DAG(s) 'latest_only' retrieved from /home/airflow/.local/lib/python3.12/site-packages/airflow/example_dags/example_latest_only.py
[2025-08-26T19:02:49.930+0000] {logging_mixin.py:190} INFO - [2025-08-26T19:02:49.930+0000] {dag.py:3239} INFO - Sync 1 DAGs
[2025-08-26T19:02:49.938+0000] {logging_mixin.py:190} INFO - [2025-08-26T19:02:49.938+0000] {dag.py:4180} INFO - Setting next_dagrun for latest_only to 2025-08-26 12:00:00+00:00, run_after=2025-08-26 16:00:00+00:00
[2025-08-26T19:02:49.950+0000] {processor.py:208} INFO - Processing /home/airflow/.local/lib/python3.12/site-packages/airflow/example_dags/example_latest_only.py took 0.036 seconds
[2025-08-26T19:03:20.523+0000] {processor.py:186} INFO - Started process (PID=2507) to work on /home/airflow/.local/lib/python3.12/site-packages/airflow/example_dags/example_latest_only.py
[2025-08-26T19:03:20.524+0000] {processor.py:914} INFO - Processing file /home/airflow/.local/lib/python3.12/site-packages/airflow/example_dags/example_latest_only.py for tasks to queue
[2025-08-26T19:03:20.525+0000] {logging_mixin.py:190} INFO - [2025-08-26T19:03:20.525+0000] {dagbag.py:588} INFO - Filling up the DagBag from /home/airflow/.local/lib/python3.12/site-packages/airflow/example_dags/example_latest_only.py
[2025-08-26T19:03:20.529+0000] {processor.py:925} INFO - DAG(s) 'latest_only' retrieved from /home/airflow/.local/lib/python3.12/site-packages/airflow/example_dags/example_latest_only.py
[2025-08-26T19:03:20.536+0000] {logging_mixin.py:190} INFO - [2025-08-26T19:03:20.536+0000] {dag.py:3239} INFO - Sync 1 DAGs
[2025-08-26T19:03:20.543+0000] {logging_mixin.py:190} INFO - [2025-08-26T19:03:20.543+0000] {dag.py:4180} INFO - Setting next_dagrun for latest_only to 2025-08-26 12:00:00+00:00, run_after=2025-08-26 16:00:00+00:00
[2025-08-26T19:03:20.550+0000] {processor.py:208} INFO - Processing /home/airflow/.local/lib/python3.12/site-packages/airflow/example_dags/example_latest_only.py took 0.030 seconds
[2025-08-26T19:03:51.226+0000] {processor.py:186} INFO - Started process (PID=2570) to work on /home/airflow/.local/lib/python3.12/site-packages/airflow/example_dags/example_latest_only.py
[2025-08-26T19:03:51.228+0000] {processor.py:914} INFO - Processing file /home/airflow/.local/lib/python3.12/site-packages/airflow/example_dags/example_latest_only.py for tasks to queue
[2025-08-26T19:03:51.230+0000] {logging_mixin.py:190} INFO - [2025-08-26T19:03:51.230+0000] {dagbag.py:588} INFO - Filling up the DagBag from /home/airflow/.local/lib/python3.12/site-packages/airflow/example_dags/example_latest_only.py
[2025-08-26T19:03:51.233+0000] {processor.py:925} INFO - DAG(s) 'latest_only' retrieved from /home/airflow/.local/lib/python3.12/site-packages/airflow/example_dags/example_latest_only.py
[2025-08-26T19:03:51.241+0000] {logging_mixin.py:190} INFO - [2025-08-26T19:03:51.241+0000] {dag.py:3239} INFO - Sync 1 DAGs
[2025-08-26T19:03:51.249+0000] {logging_mixin.py:190} INFO - [2025-08-26T19:03:51.249+0000] {dag.py:4180} INFO - Setting next_dagrun for latest_only to 2025-08-26 12:00:00+00:00, run_after=2025-08-26 16:00:00+00:00
[2025-08-26T19:03:51.256+0000] {processor.py:208} INFO - Processing /home/airflow/.local/lib/python3.12/site-packages/airflow/example_dags/example_latest_only.py took 0.032 seconds
[2025-08-26T19:04:21.907+0000] {processor.py:186} INFO - Started process (PID=2633) to work on /home/airflow/.local/lib/python3.12/site-packages/airflow/example_dags/example_latest_only.py
[2025-08-26T19:04:21.909+0000] {processor.py:914} INFO - Processing file /home/airflow/.local/lib/python3.12/site-packages/airflow/example_dags/example_latest_only.py for tasks to queue
[2025-08-26T19:04:21.910+0000] {logging_mixin.py:190} INFO - [2025-08-26T19:04:21.910+0000] {dagbag.py:588} INFO - Filling up the DagBag from /home/airflow/.local/lib/python3.12/site-packages/airflow/example_dags/example_latest_only.py
[2025-08-26T19:04:21.913+0000] {processor.py:925} INFO - DAG(s) 'latest_only' retrieved from /home/airflow/.local/lib/python3.12/site-packages/airflow/example_dags/example_latest_only.py
[2025-08-26T19:04:21.920+0000] {logging_mixin.py:190} INFO - [2025-08-26T19:04:21.919+0000] {dag.py:3239} INFO - Sync 1 DAGs
[2025-08-26T19:04:21.928+0000] {logging_mixin.py:190} INFO - [2025-08-26T19:04:21.928+0000] {dag.py:4180} INFO - Setting next_dagrun for latest_only to 2025-08-26 12:00:00+00:00, run_after=2025-08-26 16:00:00+00:00
[2025-08-26T19:04:21.935+0000] {processor.py:208} INFO - Processing /home/airflow/.local/lib/python3.12/site-packages/airflow/example_dags/example_latest_only.py took 0.030 seconds
[2025-08-26T19:04:52.691+0000] {processor.py:186} INFO - Started process (PID=2696) to work on /home/airflow/.local/lib/python3.12/site-packages/airflow/example_dags/example_latest_only.py
[2025-08-26T19:04:52.692+0000] {processor.py:914} INFO - Processing file /home/airflow/.local/lib/python3.12/site-packages/airflow/example_dags/example_latest_only.py for tasks to queue
[2025-08-26T19:04:52.694+0000] {logging_mixin.py:190} INFO - [2025-08-26T19:04:52.694+0000] {dagbag.py:588} INFO - Filling up the DagBag from /home/airflow/.local/lib/python3.12/site-packages/airflow/example_dags/example_latest_only.py
[2025-08-26T19:04:52.698+0000] {processor.py:925} INFO - DAG(s) 'latest_only' retrieved from /home/airflow/.local/lib/python3.12/site-packages/airflow/example_dags/example_latest_only.py
[2025-08-26T19:04:52.706+0000] {logging_mixin.py:190} INFO - [2025-08-26T19:04:52.705+0000] {dag.py:3239} INFO - Sync 1 DAGs
[2025-08-26T19:04:52.714+0000] {logging_mixin.py:190} INFO - [2025-08-26T19:04:52.714+0000] {dag.py:4180} INFO - Setting next_dagrun for latest_only to 2025-08-26 12:00:00+00:00, run_after=2025-08-26 16:00:00+00:00
[2025-08-26T19:04:52.724+0000] {processor.py:208} INFO - Processing /home/airflow/.local/lib/python3.12/site-packages/airflow/example_dags/example_latest_only.py took 0.036 seconds
[2025-08-26T19:05:23.335+0000] {processor.py:186} INFO - Started process (PID=2759) to work on /home/airflow/.local/lib/python3.12/site-packages/airflow/example_dags/example_latest_only.py
[2025-08-26T19:05:23.336+0000] {processor.py:914} INFO - Processing file /home/airflow/.local/lib/python3.12/site-packages/airflow/example_dags/example_latest_only.py for tasks to queue
[2025-08-26T19:05:23.337+0000] {logging_mixin.py:190} INFO - [2025-08-26T19:05:23.337+0000] {dagbag.py:588} INFO - Filling up the DagBag from /home/airflow/.local/lib/python3.12/site-packages/airflow/example_dags/example_latest_only.py
[2025-08-26T19:05:23.340+0000] {processor.py:925} INFO - DAG(s) 'latest_only' retrieved from /home/airflow/.local/lib/python3.12/site-packages/airflow/example_dags/example_latest_only.py
[2025-08-26T19:05:23.347+0000] {logging_mixin.py:190} INFO - [2025-08-26T19:05:23.347+0000] {dag.py:3239} INFO - Sync 1 DAGs
[2025-08-26T19:05:23.355+0000] {logging_mixin.py:190} INFO - [2025-08-26T19:05:23.355+0000] {dag.py:4180} INFO - Setting next_dagrun for latest_only to 2025-08-26 12:00:00+00:00, run_after=2025-08-26 16:00:00+00:00
[2025-08-26T19:05:23.363+0000] {processor.py:208} INFO - Processing /home/airflow/.local/lib/python3.12/site-packages/airflow/example_dags/example_latest_only.py took 0.030 seconds
[2025-08-26T19:05:54.075+0000] {processor.py:186} INFO - Started process (PID=2822) to work on /home/airflow/.local/lib/python3.12/site-packages/airflow/example_dags/example_latest_only.py
[2025-08-26T19:05:54.075+0000] {processor.py:914} INFO - Processing file /home/airflow/.local/lib/python3.12/site-packages/airflow/example_dags/example_latest_only.py for tasks to queue
[2025-08-26T19:05:54.077+0000] {logging_mixin.py:190} INFO - [2025-08-26T19:05:54.077+0000] {dagbag.py:588} INFO - Filling up the DagBag from /home/airflow/.local/lib/python3.12/site-packages/airflow/example_dags/example_latest_only.py
[2025-08-26T19:05:54.080+0000] {processor.py:925} INFO - DAG(s) 'latest_only' retrieved from /home/airflow/.local/lib/python3.12/site-packages/airflow/example_dags/example_latest_only.py
[2025-08-26T19:05:54.092+0000] {logging_mixin.py:190} INFO - [2025-08-26T19:05:54.092+0000] {dag.py:3239} INFO - Sync 1 DAGs
[2025-08-26T19:05:54.101+0000] {logging_mixin.py:190} INFO - [2025-08-26T19:05:54.101+0000] {dag.py:4180} INFO - Setting next_dagrun for latest_only to 2025-08-26 12:00:00+00:00, run_after=2025-08-26 16:00:00+00:00
[2025-08-26T19:05:54.110+0000] {processor.py:208} INFO - Processing /home/airflow/.local/lib/python3.12/site-packages/airflow/example_dags/example_latest_only.py took 0.037 seconds
[2025-08-26T19:06:24.762+0000] {processor.py:186} INFO - Started process (PID=2885) to work on /home/airflow/.local/lib/python3.12/site-packages/airflow/example_dags/example_latest_only.py
[2025-08-26T19:06:24.763+0000] {processor.py:914} INFO - Processing file /home/airflow/.local/lib/python3.12/site-packages/airflow/example_dags/example_latest_only.py for tasks to queue
[2025-08-26T19:06:24.764+0000] {logging_mixin.py:190} INFO - [2025-08-26T19:06:24.764+0000] {dagbag.py:588} INFO - Filling up the DagBag from /home/airflow/.local/lib/python3.12/site-packages/airflow/example_dags/example_latest_only.py
[2025-08-26T19:06:24.767+0000] {processor.py:925} INFO - DAG(s) 'latest_only' retrieved from /home/airflow/.local/lib/python3.12/site-packages/airflow/example_dags/example_latest_only.py
[2025-08-26T19:06:24.773+0000] {logging_mixin.py:190} INFO - [2025-08-26T19:06:24.773+0000] {dag.py:3239} INFO - Sync 1 DAGs
[2025-08-26T19:06:24.781+0000] {logging_mixin.py:190} INFO - [2025-08-26T19:06:24.781+0000] {dag.py:4180} INFO - Setting next_dagrun for latest_only to 2025-08-26 12:00:00+00:00, run_after=2025-08-26 16:00:00+00:00
[2025-08-26T19:06:24.790+0000] {processor.py:208} INFO - Processing /home/airflow/.local/lib/python3.12/site-packages/airflow/example_dags/example_latest_only.py took 0.031 seconds
[2025-08-26T19:06:55.375+0000] {processor.py:186} INFO - Started process (PID=2948) to work on /home/airflow/.local/lib/python3.12/site-packages/airflow/example_dags/example_latest_only.py
[2025-08-26T19:06:55.376+0000] {processor.py:914} INFO - Processing file /home/airflow/.local/lib/python3.12/site-packages/airflow/example_dags/example_latest_only.py for tasks to queue
[2025-08-26T19:06:55.377+0000] {logging_mixin.py:190} INFO - [2025-08-26T19:06:55.376+0000] {dagbag.py:588} INFO - Filling up the DagBag from /home/airflow/.local/lib/python3.12/site-packages/airflow/example_dags/example_latest_only.py
[2025-08-26T19:06:55.379+0000] {processor.py:925} INFO - DAG(s) 'latest_only' retrieved from /home/airflow/.local/lib/python3.12/site-packages/airflow/example_dags/example_latest_only.py
[2025-08-26T19:06:55.385+0000] {logging_mixin.py:190} INFO - [2025-08-26T19:06:55.385+0000] {dag.py:3239} INFO - Sync 1 DAGs
[2025-08-26T19:06:55.392+0000] {logging_mixin.py:190} INFO - [2025-08-26T19:06:55.392+0000] {dag.py:4180} INFO - Setting next_dagrun for latest_only to 2025-08-26 12:00:00+00:00, run_after=2025-08-26 16:00:00+00:00
[2025-08-26T19:06:55.397+0000] {processor.py:208} INFO - Processing /home/airflow/.local/lib/python3.12/site-packages/airflow/example_dags/example_latest_only.py took 0.023 seconds
[2025-08-26T19:07:26.119+0000] {processor.py:186} INFO - Started process (PID=3011) to work on /home/airflow/.local/lib/python3.12/site-packages/airflow/example_dags/example_latest_only.py
[2025-08-26T19:07:26.119+0000] {processor.py:914} INFO - Processing file /home/airflow/.local/lib/python3.12/site-packages/airflow/example_dags/example_latest_only.py for tasks to queue
[2025-08-26T19:07:26.121+0000] {logging_mixin.py:190} INFO - [2025-08-26T19:07:26.121+0000] {dagbag.py:588} INFO - Filling up the DagBag from /home/airflow/.local/lib/python3.12/site-packages/airflow/example_dags/example_latest_only.py
[2025-08-26T19:07:26.124+0000] {processor.py:925} INFO - DAG(s) 'latest_only' retrieved from /home/airflow/.local/lib/python3.12/site-packages/airflow/example_dags/example_latest_only.py
[2025-08-26T19:07:26.131+0000] {logging_mixin.py:190} INFO - [2025-08-26T19:07:26.131+0000] {dag.py:3239} INFO - Sync 1 DAGs
[2025-08-26T19:07:26.139+0000] {logging_mixin.py:190} INFO - [2025-08-26T19:07:26.139+0000] {dag.py:4180} INFO - Setting next_dagrun for latest_only to 2025-08-26 12:00:00+00:00, run_after=2025-08-26 16:00:00+00:00
[2025-08-26T19:07:26.150+0000] {processor.py:208} INFO - Processing /home/airflow/.local/lib/python3.12/site-packages/airflow/example_dags/example_latest_only.py took 0.034 seconds
[2025-08-26T19:07:56.766+0000] {processor.py:186} INFO - Started process (PID=3074) to work on /home/airflow/.local/lib/python3.12/site-packages/airflow/example_dags/example_latest_only.py
[2025-08-26T19:07:56.767+0000] {processor.py:914} INFO - Processing file /home/airflow/.local/lib/python3.12/site-packages/airflow/example_dags/example_latest_only.py for tasks to queue
[2025-08-26T19:07:56.768+0000] {logging_mixin.py:190} INFO - [2025-08-26T19:07:56.768+0000] {dagbag.py:588} INFO - Filling up the DagBag from /home/airflow/.local/lib/python3.12/site-packages/airflow/example_dags/example_latest_only.py
[2025-08-26T19:07:56.771+0000] {processor.py:925} INFO - DAG(s) 'latest_only' retrieved from /home/airflow/.local/lib/python3.12/site-packages/airflow/example_dags/example_latest_only.py
[2025-08-26T19:07:56.779+0000] {logging_mixin.py:190} INFO - [2025-08-26T19:07:56.779+0000] {dag.py:3239} INFO - Sync 1 DAGs
[2025-08-26T19:07:56.787+0000] {logging_mixin.py:190} INFO - [2025-08-26T19:07:56.787+0000] {dag.py:4180} INFO - Setting next_dagrun for latest_only to 2025-08-26 12:00:00+00:00, run_after=2025-08-26 16:00:00+00:00
[2025-08-26T19:07:56.799+0000] {processor.py:208} INFO - Processing /home/airflow/.local/lib/python3.12/site-packages/airflow/example_dags/example_latest_only.py took 0.035 seconds
[2025-08-26T19:08:27.421+0000] {processor.py:186} INFO - Started process (PID=3137) to work on /home/airflow/.local/lib/python3.12/site-packages/airflow/example_dags/example_latest_only.py
[2025-08-26T19:08:27.422+0000] {processor.py:914} INFO - Processing file /home/airflow/.local/lib/python3.12/site-packages/airflow/example_dags/example_latest_only.py for tasks to queue
[2025-08-26T19:08:27.423+0000] {logging_mixin.py:190} INFO - [2025-08-26T19:08:27.423+0000] {dagbag.py:588} INFO - Filling up the DagBag from /home/airflow/.local/lib/python3.12/site-packages/airflow/example_dags/example_latest_only.py
[2025-08-26T19:08:27.426+0000] {processor.py:925} INFO - DAG(s) 'latest_only' retrieved from /home/airflow/.local/lib/python3.12/site-packages/airflow/example_dags/example_latest_only.py
[2025-08-26T19:08:27.433+0000] {logging_mixin.py:190} INFO - [2025-08-26T19:08:27.433+0000] {dag.py:3239} INFO - Sync 1 DAGs
[2025-08-26T19:08:27.442+0000] {logging_mixin.py:190} INFO - [2025-08-26T19:08:27.442+0000] {dag.py:4180} INFO - Setting next_dagrun for latest_only to 2025-08-26 12:00:00+00:00, run_after=2025-08-26 16:00:00+00:00
[2025-08-26T19:08:27.448+0000] {processor.py:208} INFO - Processing /home/airflow/.local/lib/python3.12/site-packages/airflow/example_dags/example_latest_only.py took 0.030 seconds
[2025-08-26T19:08:58.004+0000] {processor.py:186} INFO - Started process (PID=3200) to work on /home/airflow/.local/lib/python3.12/site-packages/airflow/example_dags/example_latest_only.py
[2025-08-26T19:08:58.005+0000] {processor.py:914} INFO - Processing file /home/airflow/.local/lib/python3.12/site-packages/airflow/example_dags/example_latest_only.py for tasks to queue
[2025-08-26T19:08:58.007+0000] {logging_mixin.py:190} INFO - [2025-08-26T19:08:58.006+0000] {dagbag.py:588} INFO - Filling up the DagBag from /home/airflow/.local/lib/python3.12/site-packages/airflow/example_dags/example_latest_only.py
[2025-08-26T19:08:58.010+0000] {processor.py:925} INFO - DAG(s) 'latest_only' retrieved from /home/airflow/.local/lib/python3.12/site-packages/airflow/example_dags/example_latest_only.py
[2025-08-26T19:08:58.017+0000] {logging_mixin.py:190} INFO - [2025-08-26T19:08:58.017+0000] {dag.py:3239} INFO - Sync 1 DAGs
[2025-08-26T19:08:58.024+0000] {logging_mixin.py:190} INFO - [2025-08-26T19:08:58.024+0000] {dag.py:4180} INFO - Setting next_dagrun for latest_only to 2025-08-26 12:00:00+00:00, run_after=2025-08-26 16:00:00+00:00
[2025-08-26T19:08:58.031+0000] {processor.py:208} INFO - Processing /home/airflow/.local/lib/python3.12/site-packages/airflow/example_dags/example_latest_only.py took 0.028 seconds
[2025-08-26T19:09:28.752+0000] {processor.py:186} INFO - Started process (PID=3263) to work on /home/airflow/.local/lib/python3.12/site-packages/airflow/example_dags/example_latest_only.py
[2025-08-26T19:09:28.753+0000] {processor.py:914} INFO - Processing file /home/airflow/.local/lib/python3.12/site-packages/airflow/example_dags/example_latest_only.py for tasks to queue
[2025-08-26T19:09:28.755+0000] {logging_mixin.py:190} INFO - [2025-08-26T19:09:28.754+0000] {dagbag.py:588} INFO - Filling up the DagBag from /home/airflow/.local/lib/python3.12/site-packages/airflow/example_dags/example_latest_only.py
[2025-08-26T19:09:28.758+0000] {processor.py:925} INFO - DAG(s) 'latest_only' retrieved from /home/airflow/.local/lib/python3.12/site-packages/airflow/example_dags/example_latest_only.py
[2025-08-26T19:09:28.765+0000] {logging_mixin.py:190} INFO - [2025-08-26T19:09:28.765+0000] {dag.py:3239} INFO - Sync 1 DAGs
[2025-08-26T19:09:28.772+0000] {logging_mixin.py:190} INFO - [2025-08-26T19:09:28.772+0000] {dag.py:4180} INFO - Setting next_dagrun for latest_only to 2025-08-26 12:00:00+00:00, run_after=2025-08-26 16:00:00+00:00
[2025-08-26T19:09:28.779+0000] {processor.py:208} INFO - Processing /home/airflow/.local/lib/python3.12/site-packages/airflow/example_dags/example_latest_only.py took 0.029 seconds
[2025-08-26T19:09:59.482+0000] {processor.py:186} INFO - Started process (PID=3326) to work on /home/airflow/.local/lib/python3.12/site-packages/airflow/example_dags/example_latest_only.py
[2025-08-26T19:09:59.483+0000] {processor.py:914} INFO - Processing file /home/airflow/.local/lib/python3.12/site-packages/airflow/example_dags/example_latest_only.py for tasks to queue
[2025-08-26T19:09:59.484+0000] {logging_mixin.py:190} INFO - [2025-08-26T19:09:59.484+0000] {dagbag.py:588} INFO - Filling up the DagBag from /home/airflow/.local/lib/python3.12/site-packages/airflow/example_dags/example_latest_only.py
[2025-08-26T19:09:59.487+0000] {processor.py:925} INFO - DAG(s) 'latest_only' retrieved from /home/airflow/.local/lib/python3.12/site-packages/airflow/example_dags/example_latest_only.py
[2025-08-26T19:09:59.495+0000] {logging_mixin.py:190} INFO - [2025-08-26T19:09:59.495+0000] {dag.py:3239} INFO - Sync 1 DAGs
[2025-08-26T19:09:59.503+0000] {logging_mixin.py:190} INFO - [2025-08-26T19:09:59.503+0000] {dag.py:4180} INFO - Setting next_dagrun for latest_only to 2025-08-26 12:00:00+00:00, run_after=2025-08-26 16:00:00+00:00
[2025-08-26T19:09:59.510+0000] {processor.py:208} INFO - Processing /home/airflow/.local/lib/python3.12/site-packages/airflow/example_dags/example_latest_only.py took 0.030 seconds
[2025-08-26T19:10:30.261+0000] {processor.py:186} INFO - Started process (PID=3389) to work on /home/airflow/.local/lib/python3.12/site-packages/airflow/example_dags/example_latest_only.py
[2025-08-26T19:10:30.262+0000] {processor.py:914} INFO - Processing file /home/airflow/.local/lib/python3.12/site-packages/airflow/example_dags/example_latest_only.py for tasks to queue
[2025-08-26T19:10:30.263+0000] {logging_mixin.py:190} INFO - [2025-08-26T19:10:30.263+0000] {dagbag.py:588} INFO - Filling up the DagBag from /home/airflow/.local/lib/python3.12/site-packages/airflow/example_dags/example_latest_only.py
[2025-08-26T19:10:30.266+0000] {processor.py:925} INFO - DAG(s) 'latest_only' retrieved from /home/airflow/.local/lib/python3.12/site-packages/airflow/example_dags/example_latest_only.py
[2025-08-26T19:10:30.274+0000] {logging_mixin.py:190} INFO - [2025-08-26T19:10:30.273+0000] {dag.py:3239} INFO - Sync 1 DAGs
[2025-08-26T19:10:30.281+0000] {logging_mixin.py:190} INFO - [2025-08-26T19:10:30.281+0000] {dag.py:4180} INFO - Setting next_dagrun for latest_only to 2025-08-26 12:00:00+00:00, run_after=2025-08-26 16:00:00+00:00
[2025-08-26T19:10:30.287+0000] {processor.py:208} INFO - Processing /home/airflow/.local/lib/python3.12/site-packages/airflow/example_dags/example_latest_only.py took 0.029 seconds
[2025-08-26T19:11:01.019+0000] {processor.py:186} INFO - Started process (PID=3452) to work on /home/airflow/.local/lib/python3.12/site-packages/airflow/example_dags/example_latest_only.py
[2025-08-26T19:11:01.019+0000] {processor.py:914} INFO - Processing file /home/airflow/.local/lib/python3.12/site-packages/airflow/example_dags/example_latest_only.py for tasks to queue
[2025-08-26T19:11:01.020+0000] {logging_mixin.py:190} INFO - [2025-08-26T19:11:01.020+0000] {dagbag.py:588} INFO - Filling up the DagBag from /home/airflow/.local/lib/python3.12/site-packages/airflow/example_dags/example_latest_only.py
[2025-08-26T19:11:01.023+0000] {processor.py:925} INFO - DAG(s) 'latest_only' retrieved from /home/airflow/.local/lib/python3.12/site-packages/airflow/example_dags/example_latest_only.py
[2025-08-26T19:11:01.030+0000] {logging_mixin.py:190} INFO - [2025-08-26T19:11:01.030+0000] {dag.py:3239} INFO - Sync 1 DAGs
[2025-08-26T19:11:01.037+0000] {logging_mixin.py:190} INFO - [2025-08-26T19:11:01.037+0000] {dag.py:4180} INFO - Setting next_dagrun for latest_only to 2025-08-26 12:00:00+00:00, run_after=2025-08-26 16:00:00+00:00
[2025-08-26T19:11:01.044+0000] {processor.py:208} INFO - Processing /home/airflow/.local/lib/python3.12/site-packages/airflow/example_dags/example_latest_only.py took 0.028 seconds
[2025-08-26T19:11:31.819+0000] {processor.py:186} INFO - Started process (PID=3515) to work on /home/airflow/.local/lib/python3.12/site-packages/airflow/example_dags/example_latest_only.py
[2025-08-26T19:11:31.820+0000] {processor.py:914} INFO - Processing file /home/airflow/.local/lib/python3.12/site-packages/airflow/example_dags/example_latest_only.py for tasks to queue
[2025-08-26T19:11:31.822+0000] {logging_mixin.py:190} INFO - [2025-08-26T19:11:31.822+0000] {dagbag.py:588} INFO - Filling up the DagBag from /home/airflow/.local/lib/python3.12/site-packages/airflow/example_dags/example_latest_only.py
[2025-08-26T19:11:31.825+0000] {processor.py:925} INFO - DAG(s) 'latest_only' retrieved from /home/airflow/.local/lib/python3.12/site-packages/airflow/example_dags/example_latest_only.py
[2025-08-26T19:11:31.832+0000] {logging_mixin.py:190} INFO - [2025-08-26T19:11:31.832+0000] {dag.py:3239} INFO - Sync 1 DAGs
[2025-08-26T19:11:31.840+0000] {logging_mixin.py:190} INFO - [2025-08-26T19:11:31.840+0000] {dag.py:4180} INFO - Setting next_dagrun for latest_only to 2025-08-26 12:00:00+00:00, run_after=2025-08-26 16:00:00+00:00
[2025-08-26T19:11:31.849+0000] {processor.py:208} INFO - Processing /home/airflow/.local/lib/python3.12/site-packages/airflow/example_dags/example_latest_only.py took 0.032 seconds
[2025-08-26T19:12:02.608+0000] {processor.py:186} INFO - Started process (PID=3578) to work on /home/airflow/.local/lib/python3.12/site-packages/airflow/example_dags/example_latest_only.py
[2025-08-26T19:12:02.610+0000] {processor.py:914} INFO - Processing file /home/airflow/.local/lib/python3.12/site-packages/airflow/example_dags/example_latest_only.py for tasks to queue
[2025-08-26T19:12:02.611+0000] {logging_mixin.py:190} INFO - [2025-08-26T19:12:02.611+0000] {dagbag.py:588} INFO - Filling up the DagBag from /home/airflow/.local/lib/python3.12/site-packages/airflow/example_dags/example_latest_only.py
[2025-08-26T19:12:02.614+0000] {processor.py:925} INFO - DAG(s) 'latest_only' retrieved from /home/airflow/.local/lib/python3.12/site-packages/airflow/example_dags/example_latest_only.py
[2025-08-26T19:12:02.622+0000] {logging_mixin.py:190} INFO - [2025-08-26T19:12:02.622+0000] {dag.py:3239} INFO - Sync 1 DAGs
[2025-08-26T19:12:02.629+0000] {logging_mixin.py:190} INFO - [2025-08-26T19:12:02.629+0000] {dag.py:4180} INFO - Setting next_dagrun for latest_only to 2025-08-26 12:00:00+00:00, run_after=2025-08-26 16:00:00+00:00
[2025-08-26T19:12:02.637+0000] {processor.py:208} INFO - Processing /home/airflow/.local/lib/python3.12/site-packages/airflow/example_dags/example_latest_only.py took 0.031 seconds
[2025-08-26T19:12:33.372+0000] {processor.py:186} INFO - Started process (PID=3641) to work on /home/airflow/.local/lib/python3.12/site-packages/airflow/example_dags/example_latest_only.py
[2025-08-26T19:12:33.374+0000] {processor.py:914} INFO - Processing file /home/airflow/.local/lib/python3.12/site-packages/airflow/example_dags/example_latest_only.py for tasks to queue
[2025-08-26T19:12:33.375+0000] {logging_mixin.py:190} INFO - [2025-08-26T19:12:33.375+0000] {dagbag.py:588} INFO - Filling up the DagBag from /home/airflow/.local/lib/python3.12/site-packages/airflow/example_dags/example_latest_only.py
[2025-08-26T19:12:33.378+0000] {processor.py:925} INFO - DAG(s) 'latest_only' retrieved from /home/airflow/.local/lib/python3.12/site-packages/airflow/example_dags/example_latest_only.py
[2025-08-26T19:12:33.384+0000] {logging_mixin.py:190} INFO - [2025-08-26T19:12:33.384+0000] {dag.py:3239} INFO - Sync 1 DAGs
[2025-08-26T19:12:33.393+0000] {logging_mixin.py:190} INFO - [2025-08-26T19:12:33.393+0000] {dag.py:4180} INFO - Setting next_dagrun for latest_only to 2025-08-26 12:00:00+00:00, run_after=2025-08-26 16:00:00+00:00
[2025-08-26T19:12:33.398+0000] {processor.py:208} INFO - Processing /home/airflow/.local/lib/python3.12/site-packages/airflow/example_dags/example_latest_only.py took 0.029 seconds
[2025-08-26T19:13:04.264+0000] {processor.py:186} INFO - Started process (PID=3704) to work on /home/airflow/.local/lib/python3.12/site-packages/airflow/example_dags/example_latest_only.py
[2025-08-26T19:13:04.265+0000] {processor.py:914} INFO - Processing file /home/airflow/.local/lib/python3.12/site-packages/airflow/example_dags/example_latest_only.py for tasks to queue
[2025-08-26T19:13:04.266+0000] {logging_mixin.py:190} INFO - [2025-08-26T19:13:04.266+0000] {dagbag.py:588} INFO - Filling up the DagBag from /home/airflow/.local/lib/python3.12/site-packages/airflow/example_dags/example_latest_only.py
[2025-08-26T19:13:04.268+0000] {processor.py:925} INFO - DAG(s) 'latest_only' retrieved from /home/airflow/.local/lib/python3.12/site-packages/airflow/example_dags/example_latest_only.py
[2025-08-26T19:13:04.278+0000] {logging_mixin.py:190} INFO - [2025-08-26T19:13:04.278+0000] {dag.py:3239} INFO - Sync 1 DAGs
[2025-08-26T19:13:04.286+0000] {logging_mixin.py:190} INFO - [2025-08-26T19:13:04.286+0000] {dag.py:4180} INFO - Setting next_dagrun for latest_only to 2025-08-26 12:00:00+00:00, run_after=2025-08-26 16:00:00+00:00
[2025-08-26T19:13:04.292+0000] {processor.py:208} INFO - Processing /home/airflow/.local/lib/python3.12/site-packages/airflow/example_dags/example_latest_only.py took 0.030 seconds
[2025-08-26T19:13:35.223+0000] {processor.py:186} INFO - Started process (PID=3767) to work on /home/airflow/.local/lib/python3.12/site-packages/airflow/example_dags/example_latest_only.py
[2025-08-26T19:13:35.224+0000] {processor.py:914} INFO - Processing file /home/airflow/.local/lib/python3.12/site-packages/airflow/example_dags/example_latest_only.py for tasks to queue
[2025-08-26T19:13:35.225+0000] {logging_mixin.py:190} INFO - [2025-08-26T19:13:35.225+0000] {dagbag.py:588} INFO - Filling up the DagBag from /home/airflow/.local/lib/python3.12/site-packages/airflow/example_dags/example_latest_only.py
[2025-08-26T19:13:35.228+0000] {processor.py:925} INFO - DAG(s) 'latest_only' retrieved from /home/airflow/.local/lib/python3.12/site-packages/airflow/example_dags/example_latest_only.py
[2025-08-26T19:13:35.234+0000] {logging_mixin.py:190} INFO - [2025-08-26T19:13:35.234+0000] {dag.py:3239} INFO - Sync 1 DAGs
[2025-08-26T19:13:35.242+0000] {logging_mixin.py:190} INFO - [2025-08-26T19:13:35.242+0000] {dag.py:4180} INFO - Setting next_dagrun for latest_only to 2025-08-26 12:00:00+00:00, run_after=2025-08-26 16:00:00+00:00
[2025-08-26T19:13:35.251+0000] {processor.py:208} INFO - Processing /home/airflow/.local/lib/python3.12/site-packages/airflow/example_dags/example_latest_only.py took 0.030 seconds
[2025-08-26T19:14:06.161+0000] {processor.py:186} INFO - Started process (PID=3830) to work on /home/airflow/.local/lib/python3.12/site-packages/airflow/example_dags/example_latest_only.py
[2025-08-26T19:14:06.163+0000] {processor.py:914} INFO - Processing file /home/airflow/.local/lib/python3.12/site-packages/airflow/example_dags/example_latest_only.py for tasks to queue
[2025-08-26T19:14:06.164+0000] {logging_mixin.py:190} INFO - [2025-08-26T19:14:06.163+0000] {dagbag.py:588} INFO - Filling up the DagBag from /home/airflow/.local/lib/python3.12/site-packages/airflow/example_dags/example_latest_only.py
[2025-08-26T19:14:06.166+0000] {processor.py:925} INFO - DAG(s) 'latest_only' retrieved from /home/airflow/.local/lib/python3.12/site-packages/airflow/example_dags/example_latest_only.py
[2025-08-26T19:14:06.173+0000] {logging_mixin.py:190} INFO - [2025-08-26T19:14:06.173+0000] {dag.py:3239} INFO - Sync 1 DAGs
[2025-08-26T19:14:06.182+0000] {logging_mixin.py:190} INFO - [2025-08-26T19:14:06.182+0000] {dag.py:4180} INFO - Setting next_dagrun for latest_only to 2025-08-26 12:00:00+00:00, run_after=2025-08-26 16:00:00+00:00
[2025-08-26T19:14:06.190+0000] {processor.py:208} INFO - Processing /home/airflow/.local/lib/python3.12/site-packages/airflow/example_dags/example_latest_only.py took 0.031 seconds
[2025-08-26T19:14:36.998+0000] {processor.py:186} INFO - Started process (PID=3893) to work on /home/airflow/.local/lib/python3.12/site-packages/airflow/example_dags/example_latest_only.py
[2025-08-26T19:14:36.999+0000] {processor.py:914} INFO - Processing file /home/airflow/.local/lib/python3.12/site-packages/airflow/example_dags/example_latest_only.py for tasks to queue
[2025-08-26T19:14:37.000+0000] {logging_mixin.py:190} INFO - [2025-08-26T19:14:37.000+0000] {dagbag.py:588} INFO - Filling up the DagBag from /home/airflow/.local/lib/python3.12/site-packages/airflow/example_dags/example_latest_only.py
[2025-08-26T19:14:37.003+0000] {processor.py:925} INFO - DAG(s) 'latest_only' retrieved from /home/airflow/.local/lib/python3.12/site-packages/airflow/example_dags/example_latest_only.py
[2025-08-26T19:14:37.012+0000] {logging_mixin.py:190} INFO - [2025-08-26T19:14:37.012+0000] {dag.py:3239} INFO - Sync 1 DAGs
[2025-08-26T19:14:37.021+0000] {logging_mixin.py:190} INFO - [2025-08-26T19:14:37.021+0000] {dag.py:4180} INFO - Setting next_dagrun for latest_only to 2025-08-26 12:00:00+00:00, run_after=2025-08-26 16:00:00+00:00
[2025-08-26T19:14:37.031+0000] {processor.py:208} INFO - Processing /home/airflow/.local/lib/python3.12/site-packages/airflow/example_dags/example_latest_only.py took 0.035 seconds
