[2025-08-26T15:43:50.926+0000] {processor.py:186} INFO - Started process (PID=90) to work on /home/airflow/.local/lib/python3.12/site-packages/airflow/example_dags/example_python_operator.py
[2025-08-26T15:43:50.927+0000] {processor.py:914} INFO - Processing file /home/airflow/.local/lib/python3.12/site-packages/airflow/example_dags/example_python_operator.py for tasks to queue
[2025-08-26T15:43:50.928+0000] {logging_mixin.py:190} INFO - [2025-08-26T15:43:50.928+0000] {dagbag.py:588} INFO - Filling up the DagBag from /home/airflow/.local/lib/python3.12/site-packages/airflow/example_dags/example_python_operator.py
[2025-08-26T15:43:50.933+0000] {processor.py:925} INFO - DAG(s) 'example_python_operator' retrieved from /home/airflow/.local/lib/python3.12/site-packages/airflow/example_dags/example_python_operator.py
[2025-08-26T15:43:50.971+0000] {logging_mixin.py:190} INFO - [2025-08-26T15:43:50.971+0000] {override.py:1900} INFO - Created Permission View: can edit on DAG:example_python_operator
[2025-08-26T15:43:50.978+0000] {logging_mixin.py:190} INFO - [2025-08-26T15:43:50.978+0000] {override.py:1900} INFO - Created Permission View: can delete on DAG:example_python_operator
[2025-08-26T15:43:50.980+0000] {logging_mixin.py:190} INFO - [2025-08-26T15:43:50.980+0000] {override.py:1900} INFO - Created Permission View: can read on DAG:example_python_operator
[2025-08-26T15:43:50.984+0000] {logging_mixin.py:190} INFO - [2025-08-26T15:43:50.984+0000] {override.py:1900} INFO - Created Permission View: can create on DAG Run:example_python_operator
[2025-08-26T15:43:50.986+0000] {logging_mixin.py:190} INFO - [2025-08-26T15:43:50.986+0000] {override.py:1900} INFO - Created Permission View: can delete on DAG Run:example_python_operator
[2025-08-26T15:43:50.987+0000] {logging_mixin.py:190} INFO - [2025-08-26T15:43:50.987+0000] {override.py:1900} INFO - Created Permission View: menu access on DAG Run:example_python_operator
[2025-08-26T15:43:50.989+0000] {logging_mixin.py:190} INFO - [2025-08-26T15:43:50.989+0000] {override.py:1900} INFO - Created Permission View: can read on DAG Run:example_python_operator
[2025-08-26T15:43:50.989+0000] {logging_mixin.py:190} INFO - [2025-08-26T15:43:50.989+0000] {dag.py:3239} INFO - Sync 1 DAGs
[2025-08-26T15:43:50.993+0000] {logging_mixin.py:190} INFO - [2025-08-26T15:43:50.993+0000] {dag.py:3262} INFO - Creating ORM DAG for example_python_operator
[2025-08-26T15:43:50.994+0000] {logging_mixin.py:190} INFO - [2025-08-26T15:43:50.993+0000] {dag.py:4180} INFO - Setting next_dagrun for example_python_operator to None, run_after=None
[2025-08-26T15:43:50.999+0000] {processor.py:208} INFO - Processing /home/airflow/.local/lib/python3.12/site-packages/airflow/example_dags/example_python_operator.py took 0.075 seconds
[2025-08-26T15:44:21.785+0000] {processor.py:186} INFO - Started process (PID=153) to work on /home/airflow/.local/lib/python3.12/site-packages/airflow/example_dags/example_python_operator.py
[2025-08-26T15:44:21.787+0000] {processor.py:914} INFO - Processing file /home/airflow/.local/lib/python3.12/site-packages/airflow/example_dags/example_python_operator.py for tasks to queue
[2025-08-26T15:44:21.789+0000] {logging_mixin.py:190} INFO - [2025-08-26T15:44:21.789+0000] {dagbag.py:588} INFO - Filling up the DagBag from /home/airflow/.local/lib/python3.12/site-packages/airflow/example_dags/example_python_operator.py
[2025-08-26T15:44:21.794+0000] {processor.py:925} INFO - DAG(s) 'example_python_operator' retrieved from /home/airflow/.local/lib/python3.12/site-packages/airflow/example_dags/example_python_operator.py
[2025-08-26T15:44:21.802+0000] {logging_mixin.py:190} INFO - [2025-08-26T15:44:21.802+0000] {dag.py:3239} INFO - Sync 1 DAGs
[2025-08-26T15:44:21.808+0000] {logging_mixin.py:190} INFO - [2025-08-26T15:44:21.808+0000] {dag.py:4180} INFO - Setting next_dagrun for example_python_operator to None, run_after=None
[2025-08-26T15:44:21.815+0000] {processor.py:208} INFO - Processing /home/airflow/.local/lib/python3.12/site-packages/airflow/example_dags/example_python_operator.py took 0.032 seconds
[2025-08-26T15:44:52.584+0000] {processor.py:186} INFO - Started process (PID=216) to work on /home/airflow/.local/lib/python3.12/site-packages/airflow/example_dags/example_python_operator.py
[2025-08-26T15:44:52.586+0000] {processor.py:914} INFO - Processing file /home/airflow/.local/lib/python3.12/site-packages/airflow/example_dags/example_python_operator.py for tasks to queue
[2025-08-26T15:44:52.588+0000] {logging_mixin.py:190} INFO - [2025-08-26T15:44:52.588+0000] {dagbag.py:588} INFO - Filling up the DagBag from /home/airflow/.local/lib/python3.12/site-packages/airflow/example_dags/example_python_operator.py
[2025-08-26T15:44:52.595+0000] {processor.py:925} INFO - DAG(s) 'example_python_operator' retrieved from /home/airflow/.local/lib/python3.12/site-packages/airflow/example_dags/example_python_operator.py
[2025-08-26T15:44:52.604+0000] {logging_mixin.py:190} INFO - [2025-08-26T15:44:52.604+0000] {dag.py:3239} INFO - Sync 1 DAGs
[2025-08-26T15:44:52.609+0000] {logging_mixin.py:190} INFO - [2025-08-26T15:44:52.609+0000] {dag.py:4180} INFO - Setting next_dagrun for example_python_operator to None, run_after=None
[2025-08-26T15:44:52.618+0000] {processor.py:208} INFO - Processing /home/airflow/.local/lib/python3.12/site-packages/airflow/example_dags/example_python_operator.py took 0.038 seconds
[2025-08-26T15:45:23.392+0000] {processor.py:186} INFO - Started process (PID=279) to work on /home/airflow/.local/lib/python3.12/site-packages/airflow/example_dags/example_python_operator.py
[2025-08-26T15:45:23.393+0000] {processor.py:914} INFO - Processing file /home/airflow/.local/lib/python3.12/site-packages/airflow/example_dags/example_python_operator.py for tasks to queue
[2025-08-26T15:45:23.394+0000] {logging_mixin.py:190} INFO - [2025-08-26T15:45:23.394+0000] {dagbag.py:588} INFO - Filling up the DagBag from /home/airflow/.local/lib/python3.12/site-packages/airflow/example_dags/example_python_operator.py
[2025-08-26T15:45:23.398+0000] {processor.py:925} INFO - DAG(s) 'example_python_operator' retrieved from /home/airflow/.local/lib/python3.12/site-packages/airflow/example_dags/example_python_operator.py
[2025-08-26T15:45:23.408+0000] {logging_mixin.py:190} INFO - [2025-08-26T15:45:23.408+0000] {dag.py:3239} INFO - Sync 1 DAGs
[2025-08-26T15:45:23.413+0000] {logging_mixin.py:190} INFO - [2025-08-26T15:45:23.412+0000] {dag.py:4180} INFO - Setting next_dagrun for example_python_operator to None, run_after=None
[2025-08-26T15:45:23.423+0000] {processor.py:208} INFO - Processing /home/airflow/.local/lib/python3.12/site-packages/airflow/example_dags/example_python_operator.py took 0.033 seconds
[2025-08-26T15:56:43.444+0000] {processor.py:186} INFO - Started process (PID=336) to work on /home/airflow/.local/lib/python3.12/site-packages/airflow/example_dags/example_python_operator.py
[2025-08-26T15:56:43.444+0000] {processor.py:914} INFO - Processing file /home/airflow/.local/lib/python3.12/site-packages/airflow/example_dags/example_python_operator.py for tasks to queue
[2025-08-26T15:56:43.445+0000] {logging_mixin.py:190} INFO - [2025-08-26T15:56:43.445+0000] {dagbag.py:588} INFO - Filling up the DagBag from /home/airflow/.local/lib/python3.12/site-packages/airflow/example_dags/example_python_operator.py
[2025-08-26T15:56:43.449+0000] {processor.py:925} INFO - DAG(s) 'example_python_operator' retrieved from /home/airflow/.local/lib/python3.12/site-packages/airflow/example_dags/example_python_operator.py
[2025-08-26T15:56:43.458+0000] {logging_mixin.py:190} INFO - [2025-08-26T15:56:43.458+0000] {dag.py:3239} INFO - Sync 1 DAGs
[2025-08-26T15:56:43.464+0000] {logging_mixin.py:190} INFO - [2025-08-26T15:56:43.464+0000] {dag.py:4180} INFO - Setting next_dagrun for example_python_operator to None, run_after=None
[2025-08-26T15:56:43.474+0000] {processor.py:208} INFO - Processing /home/airflow/.local/lib/python3.12/site-packages/airflow/example_dags/example_python_operator.py took 0.032 seconds
[2025-08-26T16:32:54.160+0000] {processor.py:186} INFO - Started process (PID=399) to work on /home/airflow/.local/lib/python3.12/site-packages/airflow/example_dags/example_python_operator.py
[2025-08-26T16:32:54.160+0000] {processor.py:914} INFO - Processing file /home/airflow/.local/lib/python3.12/site-packages/airflow/example_dags/example_python_operator.py for tasks to queue
[2025-08-26T16:32:54.162+0000] {logging_mixin.py:190} INFO - [2025-08-26T16:32:54.162+0000] {dagbag.py:588} INFO - Filling up the DagBag from /home/airflow/.local/lib/python3.12/site-packages/airflow/example_dags/example_python_operator.py
[2025-08-26T16:32:54.167+0000] {processor.py:925} INFO - DAG(s) 'example_python_operator' retrieved from /home/airflow/.local/lib/python3.12/site-packages/airflow/example_dags/example_python_operator.py
[2025-08-26T16:32:54.178+0000] {logging_mixin.py:190} INFO - [2025-08-26T16:32:54.178+0000] {dag.py:3239} INFO - Sync 1 DAGs
[2025-08-26T16:32:54.184+0000] {logging_mixin.py:190} INFO - [2025-08-26T16:32:54.184+0000] {dag.py:4180} INFO - Setting next_dagrun for example_python_operator to None, run_after=None
[2025-08-26T16:32:54.191+0000] {processor.py:208} INFO - Processing /home/airflow/.local/lib/python3.12/site-packages/airflow/example_dags/example_python_operator.py took 0.034 seconds
[2025-08-26T18:02:30.240+0000] {processor.py:186} INFO - Started process (PID=462) to work on /home/airflow/.local/lib/python3.12/site-packages/airflow/example_dags/example_python_operator.py
[2025-08-26T18:02:30.241+0000] {processor.py:914} INFO - Processing file /home/airflow/.local/lib/python3.12/site-packages/airflow/example_dags/example_python_operator.py for tasks to queue
[2025-08-26T18:02:30.242+0000] {logging_mixin.py:190} INFO - [2025-08-26T18:02:30.242+0000] {dagbag.py:588} INFO - Filling up the DagBag from /home/airflow/.local/lib/python3.12/site-packages/airflow/example_dags/example_python_operator.py
[2025-08-26T18:02:30.247+0000] {processor.py:925} INFO - DAG(s) 'example_python_operator' retrieved from /home/airflow/.local/lib/python3.12/site-packages/airflow/example_dags/example_python_operator.py
[2025-08-26T18:02:30.256+0000] {logging_mixin.py:190} INFO - [2025-08-26T18:02:30.256+0000] {dag.py:3239} INFO - Sync 1 DAGs
[2025-08-26T18:02:30.261+0000] {logging_mixin.py:190} INFO - [2025-08-26T18:02:30.261+0000] {dag.py:4180} INFO - Setting next_dagrun for example_python_operator to None, run_after=None
[2025-08-26T18:02:30.273+0000] {processor.py:208} INFO - Processing /home/airflow/.local/lib/python3.12/site-packages/airflow/example_dags/example_python_operator.py took 0.035 seconds
[2025-08-26T18:47:01.126+0000] {processor.py:186} INFO - Started process (PID=525) to work on /home/airflow/.local/lib/python3.12/site-packages/airflow/example_dags/example_python_operator.py
[2025-08-26T18:47:01.127+0000] {processor.py:914} INFO - Processing file /home/airflow/.local/lib/python3.12/site-packages/airflow/example_dags/example_python_operator.py for tasks to queue
[2025-08-26T18:47:01.129+0000] {logging_mixin.py:190} INFO - [2025-08-26T18:47:01.129+0000] {dagbag.py:588} INFO - Filling up the DagBag from /home/airflow/.local/lib/python3.12/site-packages/airflow/example_dags/example_python_operator.py
[2025-08-26T18:47:01.142+0000] {processor.py:925} INFO - DAG(s) 'example_python_operator' retrieved from /home/airflow/.local/lib/python3.12/site-packages/airflow/example_dags/example_python_operator.py
[2025-08-26T18:47:01.169+0000] {logging_mixin.py:190} INFO - [2025-08-26T18:47:01.169+0000] {dag.py:3239} INFO - Sync 1 DAGs
[2025-08-26T18:47:01.183+0000] {logging_mixin.py:190} INFO - [2025-08-26T18:47:01.183+0000] {dag.py:4180} INFO - Setting next_dagrun for example_python_operator to None, run_after=None
[2025-08-26T18:47:01.216+0000] {processor.py:208} INFO - Processing /home/airflow/.local/lib/python3.12/site-packages/airflow/example_dags/example_python_operator.py took 0.096 seconds
[2025-08-26T18:47:32.140+0000] {processor.py:186} INFO - Started process (PID=588) to work on /home/airflow/.local/lib/python3.12/site-packages/airflow/example_dags/example_python_operator.py
[2025-08-26T18:47:32.146+0000] {processor.py:914} INFO - Processing file /home/airflow/.local/lib/python3.12/site-packages/airflow/example_dags/example_python_operator.py for tasks to queue
[2025-08-26T18:47:32.147+0000] {logging_mixin.py:190} INFO - [2025-08-26T18:47:32.147+0000] {dagbag.py:588} INFO - Filling up the DagBag from /home/airflow/.local/lib/python3.12/site-packages/airflow/example_dags/example_python_operator.py
[2025-08-26T18:47:32.154+0000] {processor.py:925} INFO - DAG(s) 'example_python_operator' retrieved from /home/airflow/.local/lib/python3.12/site-packages/airflow/example_dags/example_python_operator.py
[2025-08-26T18:47:32.165+0000] {logging_mixin.py:190} INFO - [2025-08-26T18:47:32.165+0000] {dag.py:3239} INFO - Sync 1 DAGs
[2025-08-26T18:47:32.170+0000] {logging_mixin.py:190} INFO - [2025-08-26T18:47:32.170+0000] {dag.py:4180} INFO - Setting next_dagrun for example_python_operator to None, run_after=None
[2025-08-26T18:47:32.177+0000] {processor.py:208} INFO - Processing /home/airflow/.local/lib/python3.12/site-packages/airflow/example_dags/example_python_operator.py took 0.041 seconds
[2025-08-26T18:48:02.944+0000] {processor.py:186} INFO - Started process (PID=651) to work on /home/airflow/.local/lib/python3.12/site-packages/airflow/example_dags/example_python_operator.py
[2025-08-26T18:48:02.946+0000] {processor.py:914} INFO - Processing file /home/airflow/.local/lib/python3.12/site-packages/airflow/example_dags/example_python_operator.py for tasks to queue
[2025-08-26T18:48:02.949+0000] {logging_mixin.py:190} INFO - [2025-08-26T18:48:02.949+0000] {dagbag.py:588} INFO - Filling up the DagBag from /home/airflow/.local/lib/python3.12/site-packages/airflow/example_dags/example_python_operator.py
[2025-08-26T18:48:02.959+0000] {processor.py:925} INFO - DAG(s) 'example_python_operator' retrieved from /home/airflow/.local/lib/python3.12/site-packages/airflow/example_dags/example_python_operator.py
[2025-08-26T18:48:02.973+0000] {logging_mixin.py:190} INFO - [2025-08-26T18:48:02.972+0000] {dag.py:3239} INFO - Sync 1 DAGs
[2025-08-26T18:48:02.979+0000] {logging_mixin.py:190} INFO - [2025-08-26T18:48:02.979+0000] {dag.py:4180} INFO - Setting next_dagrun for example_python_operator to None, run_after=None
[2025-08-26T18:48:02.985+0000] {processor.py:208} INFO - Processing /home/airflow/.local/lib/python3.12/site-packages/airflow/example_dags/example_python_operator.py took 0.045 seconds
[2025-08-26T18:48:33.683+0000] {processor.py:186} INFO - Started process (PID=714) to work on /home/airflow/.local/lib/python3.12/site-packages/airflow/example_dags/example_python_operator.py
[2025-08-26T18:48:33.685+0000] {processor.py:914} INFO - Processing file /home/airflow/.local/lib/python3.12/site-packages/airflow/example_dags/example_python_operator.py for tasks to queue
[2025-08-26T18:48:33.687+0000] {logging_mixin.py:190} INFO - [2025-08-26T18:48:33.687+0000] {dagbag.py:588} INFO - Filling up the DagBag from /home/airflow/.local/lib/python3.12/site-packages/airflow/example_dags/example_python_operator.py
[2025-08-26T18:48:33.694+0000] {processor.py:925} INFO - DAG(s) 'example_python_operator' retrieved from /home/airflow/.local/lib/python3.12/site-packages/airflow/example_dags/example_python_operator.py
[2025-08-26T18:48:33.704+0000] {logging_mixin.py:190} INFO - [2025-08-26T18:48:33.704+0000] {dag.py:3239} INFO - Sync 1 DAGs
[2025-08-26T18:48:33.710+0000] {logging_mixin.py:190} INFO - [2025-08-26T18:48:33.710+0000] {dag.py:4180} INFO - Setting next_dagrun for example_python_operator to None, run_after=None
[2025-08-26T18:48:33.718+0000] {processor.py:208} INFO - Processing /home/airflow/.local/lib/python3.12/site-packages/airflow/example_dags/example_python_operator.py took 0.038 seconds
[2025-08-26T18:49:04.330+0000] {processor.py:186} INFO - Started process (PID=777) to work on /home/airflow/.local/lib/python3.12/site-packages/airflow/example_dags/example_python_operator.py
[2025-08-26T18:49:04.334+0000] {processor.py:914} INFO - Processing file /home/airflow/.local/lib/python3.12/site-packages/airflow/example_dags/example_python_operator.py for tasks to queue
[2025-08-26T18:49:04.338+0000] {logging_mixin.py:190} INFO - [2025-08-26T18:49:04.338+0000] {dagbag.py:588} INFO - Filling up the DagBag from /home/airflow/.local/lib/python3.12/site-packages/airflow/example_dags/example_python_operator.py
[2025-08-26T18:49:04.347+0000] {processor.py:925} INFO - DAG(s) 'example_python_operator' retrieved from /home/airflow/.local/lib/python3.12/site-packages/airflow/example_dags/example_python_operator.py
[2025-08-26T18:49:04.358+0000] {logging_mixin.py:190} INFO - [2025-08-26T18:49:04.358+0000] {dag.py:3239} INFO - Sync 1 DAGs
[2025-08-26T18:49:04.364+0000] {logging_mixin.py:190} INFO - [2025-08-26T18:49:04.364+0000] {dag.py:4180} INFO - Setting next_dagrun for example_python_operator to None, run_after=None
[2025-08-26T18:49:04.371+0000] {processor.py:208} INFO - Processing /home/airflow/.local/lib/python3.12/site-packages/airflow/example_dags/example_python_operator.py took 0.047 seconds
[2025-08-26T18:49:34.985+0000] {processor.py:186} INFO - Started process (PID=841) to work on /home/airflow/.local/lib/python3.12/site-packages/airflow/example_dags/example_python_operator.py
[2025-08-26T18:49:34.986+0000] {processor.py:914} INFO - Processing file /home/airflow/.local/lib/python3.12/site-packages/airflow/example_dags/example_python_operator.py for tasks to queue
[2025-08-26T18:49:34.987+0000] {logging_mixin.py:190} INFO - [2025-08-26T18:49:34.987+0000] {dagbag.py:588} INFO - Filling up the DagBag from /home/airflow/.local/lib/python3.12/site-packages/airflow/example_dags/example_python_operator.py
[2025-08-26T18:49:34.993+0000] {processor.py:925} INFO - DAG(s) 'example_python_operator' retrieved from /home/airflow/.local/lib/python3.12/site-packages/airflow/example_dags/example_python_operator.py
[2025-08-26T18:49:35.005+0000] {logging_mixin.py:190} INFO - [2025-08-26T18:49:35.005+0000] {dag.py:3239} INFO - Sync 1 DAGs
[2025-08-26T18:49:35.013+0000] {logging_mixin.py:190} INFO - [2025-08-26T18:49:35.013+0000] {dag.py:4180} INFO - Setting next_dagrun for example_python_operator to None, run_after=None
[2025-08-26T18:49:35.019+0000] {processor.py:208} INFO - Processing /home/airflow/.local/lib/python3.12/site-packages/airflow/example_dags/example_python_operator.py took 0.038 seconds
[2025-08-26T18:50:05.599+0000] {processor.py:186} INFO - Started process (PID=904) to work on /home/airflow/.local/lib/python3.12/site-packages/airflow/example_dags/example_python_operator.py
[2025-08-26T18:50:05.603+0000] {processor.py:914} INFO - Processing file /home/airflow/.local/lib/python3.12/site-packages/airflow/example_dags/example_python_operator.py for tasks to queue
[2025-08-26T18:50:05.604+0000] {logging_mixin.py:190} INFO - [2025-08-26T18:50:05.604+0000] {dagbag.py:588} INFO - Filling up the DagBag from /home/airflow/.local/lib/python3.12/site-packages/airflow/example_dags/example_python_operator.py
[2025-08-26T18:50:05.612+0000] {processor.py:925} INFO - DAG(s) 'example_python_operator' retrieved from /home/airflow/.local/lib/python3.12/site-packages/airflow/example_dags/example_python_operator.py
[2025-08-26T18:50:05.621+0000] {logging_mixin.py:190} INFO - [2025-08-26T18:50:05.621+0000] {dag.py:3239} INFO - Sync 1 DAGs
[2025-08-26T18:50:05.628+0000] {logging_mixin.py:190} INFO - [2025-08-26T18:50:05.628+0000] {dag.py:4180} INFO - Setting next_dagrun for example_python_operator to None, run_after=None
[2025-08-26T18:50:05.634+0000] {processor.py:208} INFO - Processing /home/airflow/.local/lib/python3.12/site-packages/airflow/example_dags/example_python_operator.py took 0.039 seconds
[2025-08-26T18:50:36.136+0000] {processor.py:186} INFO - Started process (PID=967) to work on /home/airflow/.local/lib/python3.12/site-packages/airflow/example_dags/example_python_operator.py
[2025-08-26T18:50:36.137+0000] {processor.py:914} INFO - Processing file /home/airflow/.local/lib/python3.12/site-packages/airflow/example_dags/example_python_operator.py for tasks to queue
[2025-08-26T18:50:36.139+0000] {logging_mixin.py:190} INFO - [2025-08-26T18:50:36.139+0000] {dagbag.py:588} INFO - Filling up the DagBag from /home/airflow/.local/lib/python3.12/site-packages/airflow/example_dags/example_python_operator.py
[2025-08-26T18:50:36.144+0000] {processor.py:925} INFO - DAG(s) 'example_python_operator' retrieved from /home/airflow/.local/lib/python3.12/site-packages/airflow/example_dags/example_python_operator.py
[2025-08-26T18:50:36.153+0000] {logging_mixin.py:190} INFO - [2025-08-26T18:50:36.153+0000] {dag.py:3239} INFO - Sync 1 DAGs
[2025-08-26T18:50:36.158+0000] {logging_mixin.py:190} INFO - [2025-08-26T18:50:36.158+0000] {dag.py:4180} INFO - Setting next_dagrun for example_python_operator to None, run_after=None
[2025-08-26T18:50:36.165+0000] {processor.py:208} INFO - Processing /home/airflow/.local/lib/python3.12/site-packages/airflow/example_dags/example_python_operator.py took 0.032 seconds
[2025-08-26T18:51:06.690+0000] {processor.py:186} INFO - Started process (PID=1030) to work on /home/airflow/.local/lib/python3.12/site-packages/airflow/example_dags/example_python_operator.py
[2025-08-26T18:51:06.692+0000] {processor.py:914} INFO - Processing file /home/airflow/.local/lib/python3.12/site-packages/airflow/example_dags/example_python_operator.py for tasks to queue
[2025-08-26T18:51:06.693+0000] {logging_mixin.py:190} INFO - [2025-08-26T18:51:06.693+0000] {dagbag.py:588} INFO - Filling up the DagBag from /home/airflow/.local/lib/python3.12/site-packages/airflow/example_dags/example_python_operator.py
[2025-08-26T18:51:06.698+0000] {processor.py:925} INFO - DAG(s) 'example_python_operator' retrieved from /home/airflow/.local/lib/python3.12/site-packages/airflow/example_dags/example_python_operator.py
[2025-08-26T18:51:06.708+0000] {logging_mixin.py:190} INFO - [2025-08-26T18:51:06.708+0000] {dag.py:3239} INFO - Sync 1 DAGs
[2025-08-26T18:51:06.714+0000] {logging_mixin.py:190} INFO - [2025-08-26T18:51:06.714+0000] {dag.py:4180} INFO - Setting next_dagrun for example_python_operator to None, run_after=None
[2025-08-26T18:51:06.720+0000] {processor.py:208} INFO - Processing /home/airflow/.local/lib/python3.12/site-packages/airflow/example_dags/example_python_operator.py took 0.032 seconds
[2025-08-26T18:51:37.287+0000] {processor.py:186} INFO - Started process (PID=1093) to work on /home/airflow/.local/lib/python3.12/site-packages/airflow/example_dags/example_python_operator.py
[2025-08-26T18:51:37.289+0000] {processor.py:914} INFO - Processing file /home/airflow/.local/lib/python3.12/site-packages/airflow/example_dags/example_python_operator.py for tasks to queue
[2025-08-26T18:51:37.292+0000] {logging_mixin.py:190} INFO - [2025-08-26T18:51:37.292+0000] {dagbag.py:588} INFO - Filling up the DagBag from /home/airflow/.local/lib/python3.12/site-packages/airflow/example_dags/example_python_operator.py
[2025-08-26T18:51:37.301+0000] {processor.py:925} INFO - DAG(s) 'example_python_operator' retrieved from /home/airflow/.local/lib/python3.12/site-packages/airflow/example_dags/example_python_operator.py
[2025-08-26T18:51:37.315+0000] {logging_mixin.py:190} INFO - [2025-08-26T18:51:37.314+0000] {dag.py:3239} INFO - Sync 1 DAGs
[2025-08-26T18:51:37.320+0000] {logging_mixin.py:190} INFO - [2025-08-26T18:51:37.320+0000] {dag.py:4180} INFO - Setting next_dagrun for example_python_operator to None, run_after=None
[2025-08-26T18:51:37.326+0000] {processor.py:208} INFO - Processing /home/airflow/.local/lib/python3.12/site-packages/airflow/example_dags/example_python_operator.py took 0.044 seconds
[2025-08-26T18:52:08.001+0000] {processor.py:186} INFO - Started process (PID=1156) to work on /home/airflow/.local/lib/python3.12/site-packages/airflow/example_dags/example_python_operator.py
[2025-08-26T18:52:08.003+0000] {processor.py:914} INFO - Processing file /home/airflow/.local/lib/python3.12/site-packages/airflow/example_dags/example_python_operator.py for tasks to queue
[2025-08-26T18:52:08.005+0000] {logging_mixin.py:190} INFO - [2025-08-26T18:52:08.005+0000] {dagbag.py:588} INFO - Filling up the DagBag from /home/airflow/.local/lib/python3.12/site-packages/airflow/example_dags/example_python_operator.py
[2025-08-26T18:52:08.013+0000] {processor.py:925} INFO - DAG(s) 'example_python_operator' retrieved from /home/airflow/.local/lib/python3.12/site-packages/airflow/example_dags/example_python_operator.py
[2025-08-26T18:52:08.024+0000] {logging_mixin.py:190} INFO - [2025-08-26T18:52:08.024+0000] {dag.py:3239} INFO - Sync 1 DAGs
[2025-08-26T18:52:08.030+0000] {logging_mixin.py:190} INFO - [2025-08-26T18:52:08.030+0000] {dag.py:4180} INFO - Setting next_dagrun for example_python_operator to None, run_after=None
[2025-08-26T18:52:08.036+0000] {processor.py:208} INFO - Processing /home/airflow/.local/lib/python3.12/site-packages/airflow/example_dags/example_python_operator.py took 0.040 seconds
[2025-08-26T18:52:38.620+0000] {processor.py:186} INFO - Started process (PID=1219) to work on /home/airflow/.local/lib/python3.12/site-packages/airflow/example_dags/example_python_operator.py
[2025-08-26T18:52:38.623+0000] {processor.py:914} INFO - Processing file /home/airflow/.local/lib/python3.12/site-packages/airflow/example_dags/example_python_operator.py for tasks to queue
[2025-08-26T18:52:38.626+0000] {logging_mixin.py:190} INFO - [2025-08-26T18:52:38.626+0000] {dagbag.py:588} INFO - Filling up the DagBag from /home/airflow/.local/lib/python3.12/site-packages/airflow/example_dags/example_python_operator.py
[2025-08-26T18:52:38.635+0000] {processor.py:925} INFO - DAG(s) 'example_python_operator' retrieved from /home/airflow/.local/lib/python3.12/site-packages/airflow/example_dags/example_python_operator.py
[2025-08-26T18:52:38.646+0000] {logging_mixin.py:190} INFO - [2025-08-26T18:52:38.646+0000] {dag.py:3239} INFO - Sync 1 DAGs
[2025-08-26T18:52:38.652+0000] {logging_mixin.py:190} INFO - [2025-08-26T18:52:38.652+0000] {dag.py:4180} INFO - Setting next_dagrun for example_python_operator to None, run_after=None
[2025-08-26T18:52:38.660+0000] {processor.py:208} INFO - Processing /home/airflow/.local/lib/python3.12/site-packages/airflow/example_dags/example_python_operator.py took 0.045 seconds
[2025-08-26T18:53:09.213+0000] {processor.py:186} INFO - Started process (PID=1282) to work on /home/airflow/.local/lib/python3.12/site-packages/airflow/example_dags/example_python_operator.py
[2025-08-26T18:53:09.214+0000] {processor.py:914} INFO - Processing file /home/airflow/.local/lib/python3.12/site-packages/airflow/example_dags/example_python_operator.py for tasks to queue
[2025-08-26T18:53:09.216+0000] {logging_mixin.py:190} INFO - [2025-08-26T18:53:09.216+0000] {dagbag.py:588} INFO - Filling up the DagBag from /home/airflow/.local/lib/python3.12/site-packages/airflow/example_dags/example_python_operator.py
[2025-08-26T18:53:09.224+0000] {processor.py:925} INFO - DAG(s) 'example_python_operator' retrieved from /home/airflow/.local/lib/python3.12/site-packages/airflow/example_dags/example_python_operator.py
[2025-08-26T18:53:09.235+0000] {logging_mixin.py:190} INFO - [2025-08-26T18:53:09.235+0000] {dag.py:3239} INFO - Sync 1 DAGs
[2025-08-26T18:53:09.243+0000] {logging_mixin.py:190} INFO - [2025-08-26T18:53:09.243+0000] {dag.py:4180} INFO - Setting next_dagrun for example_python_operator to None, run_after=None
[2025-08-26T18:53:09.250+0000] {processor.py:208} INFO - Processing /home/airflow/.local/lib/python3.12/site-packages/airflow/example_dags/example_python_operator.py took 0.041 seconds
[2025-08-26T18:53:39.861+0000] {processor.py:186} INFO - Started process (PID=1345) to work on /home/airflow/.local/lib/python3.12/site-packages/airflow/example_dags/example_python_operator.py
[2025-08-26T18:53:39.864+0000] {processor.py:914} INFO - Processing file /home/airflow/.local/lib/python3.12/site-packages/airflow/example_dags/example_python_operator.py for tasks to queue
[2025-08-26T18:53:39.867+0000] {logging_mixin.py:190} INFO - [2025-08-26T18:53:39.867+0000] {dagbag.py:588} INFO - Filling up the DagBag from /home/airflow/.local/lib/python3.12/site-packages/airflow/example_dags/example_python_operator.py
[2025-08-26T18:53:39.876+0000] {processor.py:925} INFO - DAG(s) 'example_python_operator' retrieved from /home/airflow/.local/lib/python3.12/site-packages/airflow/example_dags/example_python_operator.py
[2025-08-26T18:53:39.886+0000] {logging_mixin.py:190} INFO - [2025-08-26T18:53:39.886+0000] {dag.py:3239} INFO - Sync 1 DAGs
[2025-08-26T18:53:39.892+0000] {logging_mixin.py:190} INFO - [2025-08-26T18:53:39.892+0000] {dag.py:4180} INFO - Setting next_dagrun for example_python_operator to None, run_after=None
[2025-08-26T18:53:39.899+0000] {processor.py:208} INFO - Processing /home/airflow/.local/lib/python3.12/site-packages/airflow/example_dags/example_python_operator.py took 0.043 seconds
[2025-08-26T18:54:10.448+0000] {processor.py:186} INFO - Started process (PID=1408) to work on /home/airflow/.local/lib/python3.12/site-packages/airflow/example_dags/example_python_operator.py
[2025-08-26T18:54:10.450+0000] {processor.py:914} INFO - Processing file /home/airflow/.local/lib/python3.12/site-packages/airflow/example_dags/example_python_operator.py for tasks to queue
[2025-08-26T18:54:10.453+0000] {logging_mixin.py:190} INFO - [2025-08-26T18:54:10.452+0000] {dagbag.py:588} INFO - Filling up the DagBag from /home/airflow/.local/lib/python3.12/site-packages/airflow/example_dags/example_python_operator.py
[2025-08-26T18:54:10.459+0000] {processor.py:925} INFO - DAG(s) 'example_python_operator' retrieved from /home/airflow/.local/lib/python3.12/site-packages/airflow/example_dags/example_python_operator.py
[2025-08-26T18:54:10.468+0000] {logging_mixin.py:190} INFO - [2025-08-26T18:54:10.468+0000] {dag.py:3239} INFO - Sync 1 DAGs
[2025-08-26T18:54:10.474+0000] {logging_mixin.py:190} INFO - [2025-08-26T18:54:10.473+0000] {dag.py:4180} INFO - Setting next_dagrun for example_python_operator to None, run_after=None
[2025-08-26T18:54:10.480+0000] {processor.py:208} INFO - Processing /home/airflow/.local/lib/python3.12/site-packages/airflow/example_dags/example_python_operator.py took 0.037 seconds
[2025-08-26T18:54:41.048+0000] {processor.py:186} INFO - Started process (PID=1471) to work on /home/airflow/.local/lib/python3.12/site-packages/airflow/example_dags/example_python_operator.py
[2025-08-26T18:54:41.050+0000] {processor.py:914} INFO - Processing file /home/airflow/.local/lib/python3.12/site-packages/airflow/example_dags/example_python_operator.py for tasks to queue
[2025-08-26T18:54:41.051+0000] {logging_mixin.py:190} INFO - [2025-08-26T18:54:41.051+0000] {dagbag.py:588} INFO - Filling up the DagBag from /home/airflow/.local/lib/python3.12/site-packages/airflow/example_dags/example_python_operator.py
[2025-08-26T18:54:41.059+0000] {processor.py:925} INFO - DAG(s) 'example_python_operator' retrieved from /home/airflow/.local/lib/python3.12/site-packages/airflow/example_dags/example_python_operator.py
[2025-08-26T18:54:41.069+0000] {logging_mixin.py:190} INFO - [2025-08-26T18:54:41.069+0000] {dag.py:3239} INFO - Sync 1 DAGs
[2025-08-26T18:54:41.075+0000] {logging_mixin.py:190} INFO - [2025-08-26T18:54:41.075+0000] {dag.py:4180} INFO - Setting next_dagrun for example_python_operator to None, run_after=None
[2025-08-26T18:54:41.083+0000] {processor.py:208} INFO - Processing /home/airflow/.local/lib/python3.12/site-packages/airflow/example_dags/example_python_operator.py took 0.040 seconds
[2025-08-26T18:55:11.746+0000] {processor.py:186} INFO - Started process (PID=1534) to work on /home/airflow/.local/lib/python3.12/site-packages/airflow/example_dags/example_python_operator.py
[2025-08-26T18:55:11.746+0000] {processor.py:914} INFO - Processing file /home/airflow/.local/lib/python3.12/site-packages/airflow/example_dags/example_python_operator.py for tasks to queue
[2025-08-26T18:55:11.749+0000] {logging_mixin.py:190} INFO - [2025-08-26T18:55:11.749+0000] {dagbag.py:588} INFO - Filling up the DagBag from /home/airflow/.local/lib/python3.12/site-packages/airflow/example_dags/example_python_operator.py
[2025-08-26T18:55:11.760+0000] {processor.py:925} INFO - DAG(s) 'example_python_operator' retrieved from /home/airflow/.local/lib/python3.12/site-packages/airflow/example_dags/example_python_operator.py
[2025-08-26T18:55:11.772+0000] {logging_mixin.py:190} INFO - [2025-08-26T18:55:11.772+0000] {dag.py:3239} INFO - Sync 1 DAGs
[2025-08-26T18:55:11.778+0000] {logging_mixin.py:190} INFO - [2025-08-26T18:55:11.778+0000] {dag.py:4180} INFO - Setting next_dagrun for example_python_operator to None, run_after=None
[2025-08-26T18:55:11.784+0000] {processor.py:208} INFO - Processing /home/airflow/.local/lib/python3.12/site-packages/airflow/example_dags/example_python_operator.py took 0.044 seconds
[2025-08-26T18:55:42.305+0000] {processor.py:186} INFO - Started process (PID=1597) to work on /home/airflow/.local/lib/python3.12/site-packages/airflow/example_dags/example_python_operator.py
[2025-08-26T18:55:42.306+0000] {processor.py:914} INFO - Processing file /home/airflow/.local/lib/python3.12/site-packages/airflow/example_dags/example_python_operator.py for tasks to queue
[2025-08-26T18:55:42.308+0000] {logging_mixin.py:190} INFO - [2025-08-26T18:55:42.308+0000] {dagbag.py:588} INFO - Filling up the DagBag from /home/airflow/.local/lib/python3.12/site-packages/airflow/example_dags/example_python_operator.py
[2025-08-26T18:55:42.317+0000] {processor.py:925} INFO - DAG(s) 'example_python_operator' retrieved from /home/airflow/.local/lib/python3.12/site-packages/airflow/example_dags/example_python_operator.py
[2025-08-26T18:55:42.328+0000] {logging_mixin.py:190} INFO - [2025-08-26T18:55:42.328+0000] {dag.py:3239} INFO - Sync 1 DAGs
[2025-08-26T18:55:42.336+0000] {logging_mixin.py:190} INFO - [2025-08-26T18:55:42.336+0000] {dag.py:4180} INFO - Setting next_dagrun for example_python_operator to None, run_after=None
[2025-08-26T18:55:42.342+0000] {processor.py:208} INFO - Processing /home/airflow/.local/lib/python3.12/site-packages/airflow/example_dags/example_python_operator.py took 0.042 seconds
[2025-08-26T18:56:12.936+0000] {processor.py:186} INFO - Started process (PID=1660) to work on /home/airflow/.local/lib/python3.12/site-packages/airflow/example_dags/example_python_operator.py
[2025-08-26T18:56:12.936+0000] {processor.py:914} INFO - Processing file /home/airflow/.local/lib/python3.12/site-packages/airflow/example_dags/example_python_operator.py for tasks to queue
[2025-08-26T18:56:12.940+0000] {logging_mixin.py:190} INFO - [2025-08-26T18:56:12.939+0000] {dagbag.py:588} INFO - Filling up the DagBag from /home/airflow/.local/lib/python3.12/site-packages/airflow/example_dags/example_python_operator.py
[2025-08-26T18:56:12.946+0000] {processor.py:925} INFO - DAG(s) 'example_python_operator' retrieved from /home/airflow/.local/lib/python3.12/site-packages/airflow/example_dags/example_python_operator.py
[2025-08-26T18:56:12.956+0000] {logging_mixin.py:190} INFO - [2025-08-26T18:56:12.956+0000] {dag.py:3239} INFO - Sync 1 DAGs
[2025-08-26T18:56:12.962+0000] {logging_mixin.py:190} INFO - [2025-08-26T18:56:12.962+0000] {dag.py:4180} INFO - Setting next_dagrun for example_python_operator to None, run_after=None
[2025-08-26T18:56:12.969+0000] {processor.py:208} INFO - Processing /home/airflow/.local/lib/python3.12/site-packages/airflow/example_dags/example_python_operator.py took 0.037 seconds
[2025-08-26T18:56:43.503+0000] {processor.py:186} INFO - Started process (PID=1723) to work on /home/airflow/.local/lib/python3.12/site-packages/airflow/example_dags/example_python_operator.py
[2025-08-26T18:56:43.504+0000] {processor.py:914} INFO - Processing file /home/airflow/.local/lib/python3.12/site-packages/airflow/example_dags/example_python_operator.py for tasks to queue
[2025-08-26T18:56:43.507+0000] {logging_mixin.py:190} INFO - [2025-08-26T18:56:43.507+0000] {dagbag.py:588} INFO - Filling up the DagBag from /home/airflow/.local/lib/python3.12/site-packages/airflow/example_dags/example_python_operator.py
[2025-08-26T18:56:43.516+0000] {processor.py:925} INFO - DAG(s) 'example_python_operator' retrieved from /home/airflow/.local/lib/python3.12/site-packages/airflow/example_dags/example_python_operator.py
[2025-08-26T18:56:43.528+0000] {logging_mixin.py:190} INFO - [2025-08-26T18:56:43.528+0000] {dag.py:3239} INFO - Sync 1 DAGs
[2025-08-26T18:56:43.535+0000] {logging_mixin.py:190} INFO - [2025-08-26T18:56:43.535+0000] {dag.py:4180} INFO - Setting next_dagrun for example_python_operator to None, run_after=None
[2025-08-26T18:56:43.550+0000] {processor.py:208} INFO - Processing /home/airflow/.local/lib/python3.12/site-packages/airflow/example_dags/example_python_operator.py took 0.052 seconds
[2025-08-26T18:57:14.133+0000] {processor.py:186} INFO - Started process (PID=1786) to work on /home/airflow/.local/lib/python3.12/site-packages/airflow/example_dags/example_python_operator.py
[2025-08-26T18:57:14.135+0000] {processor.py:914} INFO - Processing file /home/airflow/.local/lib/python3.12/site-packages/airflow/example_dags/example_python_operator.py for tasks to queue
[2025-08-26T18:57:14.137+0000] {logging_mixin.py:190} INFO - [2025-08-26T18:57:14.137+0000] {dagbag.py:588} INFO - Filling up the DagBag from /home/airflow/.local/lib/python3.12/site-packages/airflow/example_dags/example_python_operator.py
[2025-08-26T18:57:14.147+0000] {processor.py:925} INFO - DAG(s) 'example_python_operator' retrieved from /home/airflow/.local/lib/python3.12/site-packages/airflow/example_dags/example_python_operator.py
[2025-08-26T18:57:14.165+0000] {logging_mixin.py:190} INFO - [2025-08-26T18:57:14.165+0000] {dag.py:3239} INFO - Sync 1 DAGs
[2025-08-26T18:57:14.171+0000] {logging_mixin.py:190} INFO - [2025-08-26T18:57:14.171+0000] {dag.py:4180} INFO - Setting next_dagrun for example_python_operator to None, run_after=None
[2025-08-26T18:57:14.179+0000] {processor.py:208} INFO - Processing /home/airflow/.local/lib/python3.12/site-packages/airflow/example_dags/example_python_operator.py took 0.050 seconds
[2025-08-26T18:57:44.703+0000] {processor.py:186} INFO - Started process (PID=1849) to work on /home/airflow/.local/lib/python3.12/site-packages/airflow/example_dags/example_python_operator.py
[2025-08-26T18:57:44.704+0000] {processor.py:914} INFO - Processing file /home/airflow/.local/lib/python3.12/site-packages/airflow/example_dags/example_python_operator.py for tasks to queue
[2025-08-26T18:57:44.706+0000] {logging_mixin.py:190} INFO - [2025-08-26T18:57:44.706+0000] {dagbag.py:588} INFO - Filling up the DagBag from /home/airflow/.local/lib/python3.12/site-packages/airflow/example_dags/example_python_operator.py
[2025-08-26T18:57:44.714+0000] {processor.py:925} INFO - DAG(s) 'example_python_operator' retrieved from /home/airflow/.local/lib/python3.12/site-packages/airflow/example_dags/example_python_operator.py
[2025-08-26T18:57:44.727+0000] {logging_mixin.py:190} INFO - [2025-08-26T18:57:44.727+0000] {dag.py:3239} INFO - Sync 1 DAGs
[2025-08-26T18:57:44.735+0000] {logging_mixin.py:190} INFO - [2025-08-26T18:57:44.735+0000] {dag.py:4180} INFO - Setting next_dagrun for example_python_operator to None, run_after=None
[2025-08-26T18:57:44.742+0000] {processor.py:208} INFO - Processing /home/airflow/.local/lib/python3.12/site-packages/airflow/example_dags/example_python_operator.py took 0.043 seconds
[2025-08-26T18:58:15.344+0000] {processor.py:186} INFO - Started process (PID=1912) to work on /home/airflow/.local/lib/python3.12/site-packages/airflow/example_dags/example_python_operator.py
[2025-08-26T18:58:15.345+0000] {processor.py:914} INFO - Processing file /home/airflow/.local/lib/python3.12/site-packages/airflow/example_dags/example_python_operator.py for tasks to queue
[2025-08-26T18:58:15.348+0000] {logging_mixin.py:190} INFO - [2025-08-26T18:58:15.348+0000] {dagbag.py:588} INFO - Filling up the DagBag from /home/airflow/.local/lib/python3.12/site-packages/airflow/example_dags/example_python_operator.py
[2025-08-26T18:58:15.356+0000] {processor.py:925} INFO - DAG(s) 'example_python_operator' retrieved from /home/airflow/.local/lib/python3.12/site-packages/airflow/example_dags/example_python_operator.py
[2025-08-26T18:58:15.366+0000] {logging_mixin.py:190} INFO - [2025-08-26T18:58:15.366+0000] {dag.py:3239} INFO - Sync 1 DAGs
[2025-08-26T18:58:15.372+0000] {logging_mixin.py:190} INFO - [2025-08-26T18:58:15.372+0000] {dag.py:4180} INFO - Setting next_dagrun for example_python_operator to None, run_after=None
[2025-08-26T18:58:15.378+0000] {processor.py:208} INFO - Processing /home/airflow/.local/lib/python3.12/site-packages/airflow/example_dags/example_python_operator.py took 0.038 seconds
[2025-08-26T18:58:45.975+0000] {processor.py:186} INFO - Started process (PID=1975) to work on /home/airflow/.local/lib/python3.12/site-packages/airflow/example_dags/example_python_operator.py
[2025-08-26T18:58:45.976+0000] {processor.py:914} INFO - Processing file /home/airflow/.local/lib/python3.12/site-packages/airflow/example_dags/example_python_operator.py for tasks to queue
[2025-08-26T18:58:45.980+0000] {logging_mixin.py:190} INFO - [2025-08-26T18:58:45.980+0000] {dagbag.py:588} INFO - Filling up the DagBag from /home/airflow/.local/lib/python3.12/site-packages/airflow/example_dags/example_python_operator.py
[2025-08-26T18:58:45.986+0000] {processor.py:925} INFO - DAG(s) 'example_python_operator' retrieved from /home/airflow/.local/lib/python3.12/site-packages/airflow/example_dags/example_python_operator.py
[2025-08-26T18:58:45.999+0000] {logging_mixin.py:190} INFO - [2025-08-26T18:58:45.999+0000] {dag.py:3239} INFO - Sync 1 DAGs
[2025-08-26T18:58:46.005+0000] {logging_mixin.py:190} INFO - [2025-08-26T18:58:46.005+0000] {dag.py:4180} INFO - Setting next_dagrun for example_python_operator to None, run_after=None
[2025-08-26T18:58:46.011+0000] {processor.py:208} INFO - Processing /home/airflow/.local/lib/python3.12/site-packages/airflow/example_dags/example_python_operator.py took 0.040 seconds
[2025-08-26T18:59:16.525+0000] {processor.py:186} INFO - Started process (PID=2038) to work on /home/airflow/.local/lib/python3.12/site-packages/airflow/example_dags/example_python_operator.py
[2025-08-26T18:59:16.526+0000] {processor.py:914} INFO - Processing file /home/airflow/.local/lib/python3.12/site-packages/airflow/example_dags/example_python_operator.py for tasks to queue
[2025-08-26T18:59:16.528+0000] {logging_mixin.py:190} INFO - [2025-08-26T18:59:16.528+0000] {dagbag.py:588} INFO - Filling up the DagBag from /home/airflow/.local/lib/python3.12/site-packages/airflow/example_dags/example_python_operator.py
[2025-08-26T18:59:16.539+0000] {processor.py:925} INFO - DAG(s) 'example_python_operator' retrieved from /home/airflow/.local/lib/python3.12/site-packages/airflow/example_dags/example_python_operator.py
[2025-08-26T18:59:16.550+0000] {logging_mixin.py:190} INFO - [2025-08-26T18:59:16.550+0000] {dag.py:3239} INFO - Sync 1 DAGs
[2025-08-26T18:59:16.557+0000] {logging_mixin.py:190} INFO - [2025-08-26T18:59:16.557+0000] {dag.py:4180} INFO - Setting next_dagrun for example_python_operator to None, run_after=None
[2025-08-26T18:59:16.564+0000] {processor.py:208} INFO - Processing /home/airflow/.local/lib/python3.12/site-packages/airflow/example_dags/example_python_operator.py took 0.044 seconds
[2025-08-26T18:59:47.136+0000] {processor.py:186} INFO - Started process (PID=2101) to work on /home/airflow/.local/lib/python3.12/site-packages/airflow/example_dags/example_python_operator.py
[2025-08-26T18:59:47.138+0000] {processor.py:914} INFO - Processing file /home/airflow/.local/lib/python3.12/site-packages/airflow/example_dags/example_python_operator.py for tasks to queue
[2025-08-26T18:59:47.142+0000] {logging_mixin.py:190} INFO - [2025-08-26T18:59:47.142+0000] {dagbag.py:588} INFO - Filling up the DagBag from /home/airflow/.local/lib/python3.12/site-packages/airflow/example_dags/example_python_operator.py
[2025-08-26T18:59:47.150+0000] {processor.py:925} INFO - DAG(s) 'example_python_operator' retrieved from /home/airflow/.local/lib/python3.12/site-packages/airflow/example_dags/example_python_operator.py
[2025-08-26T18:59:47.161+0000] {logging_mixin.py:190} INFO - [2025-08-26T18:59:47.161+0000] {dag.py:3239} INFO - Sync 1 DAGs
[2025-08-26T18:59:47.167+0000] {logging_mixin.py:190} INFO - [2025-08-26T18:59:47.166+0000] {dag.py:4180} INFO - Setting next_dagrun for example_python_operator to None, run_after=None
[2025-08-26T18:59:47.174+0000] {processor.py:208} INFO - Processing /home/airflow/.local/lib/python3.12/site-packages/airflow/example_dags/example_python_operator.py took 0.043 seconds
[2025-08-26T19:00:17.841+0000] {processor.py:186} INFO - Started process (PID=2164) to work on /home/airflow/.local/lib/python3.12/site-packages/airflow/example_dags/example_python_operator.py
[2025-08-26T19:00:17.844+0000] {processor.py:914} INFO - Processing file /home/airflow/.local/lib/python3.12/site-packages/airflow/example_dags/example_python_operator.py for tasks to queue
[2025-08-26T19:00:17.846+0000] {logging_mixin.py:190} INFO - [2025-08-26T19:00:17.846+0000] {dagbag.py:588} INFO - Filling up the DagBag from /home/airflow/.local/lib/python3.12/site-packages/airflow/example_dags/example_python_operator.py
[2025-08-26T19:00:17.856+0000] {processor.py:925} INFO - DAG(s) 'example_python_operator' retrieved from /home/airflow/.local/lib/python3.12/site-packages/airflow/example_dags/example_python_operator.py
[2025-08-26T19:00:17.866+0000] {logging_mixin.py:190} INFO - [2025-08-26T19:00:17.866+0000] {dag.py:3239} INFO - Sync 1 DAGs
[2025-08-26T19:00:17.871+0000] {logging_mixin.py:190} INFO - [2025-08-26T19:00:17.871+0000] {dag.py:4180} INFO - Setting next_dagrun for example_python_operator to None, run_after=None
[2025-08-26T19:00:17.880+0000] {processor.py:208} INFO - Processing /home/airflow/.local/lib/python3.12/site-packages/airflow/example_dags/example_python_operator.py took 0.044 seconds
[2025-08-26T19:00:48.538+0000] {processor.py:186} INFO - Started process (PID=2227) to work on /home/airflow/.local/lib/python3.12/site-packages/airflow/example_dags/example_python_operator.py
[2025-08-26T19:00:48.539+0000] {processor.py:914} INFO - Processing file /home/airflow/.local/lib/python3.12/site-packages/airflow/example_dags/example_python_operator.py for tasks to queue
[2025-08-26T19:00:48.540+0000] {logging_mixin.py:190} INFO - [2025-08-26T19:00:48.540+0000] {dagbag.py:588} INFO - Filling up the DagBag from /home/airflow/.local/lib/python3.12/site-packages/airflow/example_dags/example_python_operator.py
[2025-08-26T19:00:48.547+0000] {processor.py:925} INFO - DAG(s) 'example_python_operator' retrieved from /home/airflow/.local/lib/python3.12/site-packages/airflow/example_dags/example_python_operator.py
[2025-08-26T19:00:48.558+0000] {logging_mixin.py:190} INFO - [2025-08-26T19:00:48.558+0000] {dag.py:3239} INFO - Sync 1 DAGs
[2025-08-26T19:00:48.564+0000] {logging_mixin.py:190} INFO - [2025-08-26T19:00:48.563+0000] {dag.py:4180} INFO - Setting next_dagrun for example_python_operator to None, run_after=None
[2025-08-26T19:00:48.571+0000] {processor.py:208} INFO - Processing /home/airflow/.local/lib/python3.12/site-packages/airflow/example_dags/example_python_operator.py took 0.039 seconds
[2025-08-26T19:01:19.578+0000] {processor.py:186} INFO - Started process (PID=2296) to work on /home/airflow/.local/lib/python3.12/site-packages/airflow/example_dags/example_python_operator.py
[2025-08-26T19:01:19.580+0000] {processor.py:914} INFO - Processing file /home/airflow/.local/lib/python3.12/site-packages/airflow/example_dags/example_python_operator.py for tasks to queue
[2025-08-26T19:01:19.584+0000] {logging_mixin.py:190} INFO - [2025-08-26T19:01:19.584+0000] {dagbag.py:588} INFO - Filling up the DagBag from /home/airflow/.local/lib/python3.12/site-packages/airflow/example_dags/example_python_operator.py
[2025-08-26T19:01:19.592+0000] {processor.py:925} INFO - DAG(s) 'example_python_operator' retrieved from /home/airflow/.local/lib/python3.12/site-packages/airflow/example_dags/example_python_operator.py
[2025-08-26T19:01:19.604+0000] {logging_mixin.py:190} INFO - [2025-08-26T19:01:19.604+0000] {dag.py:3239} INFO - Sync 1 DAGs
[2025-08-26T19:01:19.611+0000] {logging_mixin.py:190} INFO - [2025-08-26T19:01:19.611+0000] {dag.py:4180} INFO - Setting next_dagrun for example_python_operator to None, run_after=None
[2025-08-26T19:01:19.618+0000] {processor.py:208} INFO - Processing /home/airflow/.local/lib/python3.12/site-packages/airflow/example_dags/example_python_operator.py took 0.045 seconds
[2025-08-26T19:01:50.495+0000] {processor.py:186} INFO - Started process (PID=2359) to work on /home/airflow/.local/lib/python3.12/site-packages/airflow/example_dags/example_python_operator.py
[2025-08-26T19:01:50.497+0000] {processor.py:914} INFO - Processing file /home/airflow/.local/lib/python3.12/site-packages/airflow/example_dags/example_python_operator.py for tasks to queue
[2025-08-26T19:01:50.499+0000] {logging_mixin.py:190} INFO - [2025-08-26T19:01:50.499+0000] {dagbag.py:588} INFO - Filling up the DagBag from /home/airflow/.local/lib/python3.12/site-packages/airflow/example_dags/example_python_operator.py
[2025-08-26T19:01:50.504+0000] {processor.py:925} INFO - DAG(s) 'example_python_operator' retrieved from /home/airflow/.local/lib/python3.12/site-packages/airflow/example_dags/example_python_operator.py
[2025-08-26T19:01:50.516+0000] {logging_mixin.py:190} INFO - [2025-08-26T19:01:50.515+0000] {dag.py:3239} INFO - Sync 1 DAGs
[2025-08-26T19:01:50.523+0000] {logging_mixin.py:190} INFO - [2025-08-26T19:01:50.523+0000] {dag.py:4180} INFO - Setting next_dagrun for example_python_operator to None, run_after=None
[2025-08-26T19:01:50.530+0000] {processor.py:208} INFO - Processing /home/airflow/.local/lib/python3.12/site-packages/airflow/example_dags/example_python_operator.py took 0.037 seconds
[2025-08-26T19:02:21.219+0000] {processor.py:186} INFO - Started process (PID=2422) to work on /home/airflow/.local/lib/python3.12/site-packages/airflow/example_dags/example_python_operator.py
[2025-08-26T19:02:21.220+0000] {processor.py:914} INFO - Processing file /home/airflow/.local/lib/python3.12/site-packages/airflow/example_dags/example_python_operator.py for tasks to queue
[2025-08-26T19:02:21.220+0000] {logging_mixin.py:190} INFO - [2025-08-26T19:02:21.220+0000] {dagbag.py:588} INFO - Filling up the DagBag from /home/airflow/.local/lib/python3.12/site-packages/airflow/example_dags/example_python_operator.py
[2025-08-26T19:02:21.227+0000] {processor.py:925} INFO - DAG(s) 'example_python_operator' retrieved from /home/airflow/.local/lib/python3.12/site-packages/airflow/example_dags/example_python_operator.py
[2025-08-26T19:02:21.238+0000] {logging_mixin.py:190} INFO - [2025-08-26T19:02:21.238+0000] {dag.py:3239} INFO - Sync 1 DAGs
[2025-08-26T19:02:21.243+0000] {logging_mixin.py:190} INFO - [2025-08-26T19:02:21.243+0000] {dag.py:4180} INFO - Setting next_dagrun for example_python_operator to None, run_after=None
[2025-08-26T19:02:21.250+0000] {processor.py:208} INFO - Processing /home/airflow/.local/lib/python3.12/site-packages/airflow/example_dags/example_python_operator.py took 0.033 seconds
[2025-08-26T19:02:51.872+0000] {processor.py:186} INFO - Started process (PID=2485) to work on /home/airflow/.local/lib/python3.12/site-packages/airflow/example_dags/example_python_operator.py
[2025-08-26T19:02:51.872+0000] {processor.py:914} INFO - Processing file /home/airflow/.local/lib/python3.12/site-packages/airflow/example_dags/example_python_operator.py for tasks to queue
[2025-08-26T19:02:51.873+0000] {logging_mixin.py:190} INFO - [2025-08-26T19:02:51.873+0000] {dagbag.py:588} INFO - Filling up the DagBag from /home/airflow/.local/lib/python3.12/site-packages/airflow/example_dags/example_python_operator.py
[2025-08-26T19:02:51.880+0000] {processor.py:925} INFO - DAG(s) 'example_python_operator' retrieved from /home/airflow/.local/lib/python3.12/site-packages/airflow/example_dags/example_python_operator.py
[2025-08-26T19:02:51.890+0000] {logging_mixin.py:190} INFO - [2025-08-26T19:02:51.890+0000] {dag.py:3239} INFO - Sync 1 DAGs
[2025-08-26T19:02:51.897+0000] {logging_mixin.py:190} INFO - [2025-08-26T19:02:51.897+0000] {dag.py:4180} INFO - Setting next_dagrun for example_python_operator to None, run_after=None
[2025-08-26T19:02:51.904+0000] {processor.py:208} INFO - Processing /home/airflow/.local/lib/python3.12/site-packages/airflow/example_dags/example_python_operator.py took 0.034 seconds
[2025-08-26T19:03:22.532+0000] {processor.py:186} INFO - Started process (PID=2548) to work on /home/airflow/.local/lib/python3.12/site-packages/airflow/example_dags/example_python_operator.py
[2025-08-26T19:03:22.533+0000] {processor.py:914} INFO - Processing file /home/airflow/.local/lib/python3.12/site-packages/airflow/example_dags/example_python_operator.py for tasks to queue
[2025-08-26T19:03:22.537+0000] {logging_mixin.py:190} INFO - [2025-08-26T19:03:22.536+0000] {dagbag.py:588} INFO - Filling up the DagBag from /home/airflow/.local/lib/python3.12/site-packages/airflow/example_dags/example_python_operator.py
[2025-08-26T19:03:22.546+0000] {processor.py:925} INFO - DAG(s) 'example_python_operator' retrieved from /home/airflow/.local/lib/python3.12/site-packages/airflow/example_dags/example_python_operator.py
[2025-08-26T19:03:22.559+0000] {logging_mixin.py:190} INFO - [2025-08-26T19:03:22.559+0000] {dag.py:3239} INFO - Sync 1 DAGs
[2025-08-26T19:03:22.565+0000] {logging_mixin.py:190} INFO - [2025-08-26T19:03:22.565+0000] {dag.py:4180} INFO - Setting next_dagrun for example_python_operator to None, run_after=None
[2025-08-26T19:03:22.571+0000] {processor.py:208} INFO - Processing /home/airflow/.local/lib/python3.12/site-packages/airflow/example_dags/example_python_operator.py took 0.044 seconds
[2025-08-26T19:03:53.229+0000] {processor.py:186} INFO - Started process (PID=2611) to work on /home/airflow/.local/lib/python3.12/site-packages/airflow/example_dags/example_python_operator.py
[2025-08-26T19:03:53.232+0000] {processor.py:914} INFO - Processing file /home/airflow/.local/lib/python3.12/site-packages/airflow/example_dags/example_python_operator.py for tasks to queue
[2025-08-26T19:03:53.234+0000] {logging_mixin.py:190} INFO - [2025-08-26T19:03:53.234+0000] {dagbag.py:588} INFO - Filling up the DagBag from /home/airflow/.local/lib/python3.12/site-packages/airflow/example_dags/example_python_operator.py
[2025-08-26T19:03:53.245+0000] {processor.py:925} INFO - DAG(s) 'example_python_operator' retrieved from /home/airflow/.local/lib/python3.12/site-packages/airflow/example_dags/example_python_operator.py
[2025-08-26T19:03:53.259+0000] {logging_mixin.py:190} INFO - [2025-08-26T19:03:53.259+0000] {dag.py:3239} INFO - Sync 1 DAGs
[2025-08-26T19:03:53.266+0000] {logging_mixin.py:190} INFO - [2025-08-26T19:03:53.266+0000] {dag.py:4180} INFO - Setting next_dagrun for example_python_operator to None, run_after=None
[2025-08-26T19:03:53.273+0000] {processor.py:208} INFO - Processing /home/airflow/.local/lib/python3.12/site-packages/airflow/example_dags/example_python_operator.py took 0.049 seconds
[2025-08-26T19:04:24.005+0000] {processor.py:186} INFO - Started process (PID=2674) to work on /home/airflow/.local/lib/python3.12/site-packages/airflow/example_dags/example_python_operator.py
[2025-08-26T19:04:24.007+0000] {processor.py:914} INFO - Processing file /home/airflow/.local/lib/python3.12/site-packages/airflow/example_dags/example_python_operator.py for tasks to queue
[2025-08-26T19:04:24.010+0000] {logging_mixin.py:190} INFO - [2025-08-26T19:04:24.010+0000] {dagbag.py:588} INFO - Filling up the DagBag from /home/airflow/.local/lib/python3.12/site-packages/airflow/example_dags/example_python_operator.py
[2025-08-26T19:04:24.018+0000] {processor.py:925} INFO - DAG(s) 'example_python_operator' retrieved from /home/airflow/.local/lib/python3.12/site-packages/airflow/example_dags/example_python_operator.py
[2025-08-26T19:04:24.030+0000] {logging_mixin.py:190} INFO - [2025-08-26T19:04:24.030+0000] {dag.py:3239} INFO - Sync 1 DAGs
[2025-08-26T19:04:24.036+0000] {logging_mixin.py:190} INFO - [2025-08-26T19:04:24.036+0000] {dag.py:4180} INFO - Setting next_dagrun for example_python_operator to None, run_after=None
[2025-08-26T19:04:24.047+0000] {processor.py:208} INFO - Processing /home/airflow/.local/lib/python3.12/site-packages/airflow/example_dags/example_python_operator.py took 0.049 seconds
[2025-08-26T19:04:54.648+0000] {processor.py:186} INFO - Started process (PID=2737) to work on /home/airflow/.local/lib/python3.12/site-packages/airflow/example_dags/example_python_operator.py
[2025-08-26T19:04:54.651+0000] {processor.py:914} INFO - Processing file /home/airflow/.local/lib/python3.12/site-packages/airflow/example_dags/example_python_operator.py for tasks to queue
[2025-08-26T19:04:54.654+0000] {logging_mixin.py:190} INFO - [2025-08-26T19:04:54.654+0000] {dagbag.py:588} INFO - Filling up the DagBag from /home/airflow/.local/lib/python3.12/site-packages/airflow/example_dags/example_python_operator.py
[2025-08-26T19:04:54.662+0000] {processor.py:925} INFO - DAG(s) 'example_python_operator' retrieved from /home/airflow/.local/lib/python3.12/site-packages/airflow/example_dags/example_python_operator.py
[2025-08-26T19:04:54.673+0000] {logging_mixin.py:190} INFO - [2025-08-26T19:04:54.673+0000] {dag.py:3239} INFO - Sync 1 DAGs
[2025-08-26T19:04:54.679+0000] {logging_mixin.py:190} INFO - [2025-08-26T19:04:54.679+0000] {dag.py:4180} INFO - Setting next_dagrun for example_python_operator to None, run_after=None
[2025-08-26T19:04:54.685+0000] {processor.py:208} INFO - Processing /home/airflow/.local/lib/python3.12/site-packages/airflow/example_dags/example_python_operator.py took 0.042 seconds
[2025-08-26T19:05:25.368+0000] {processor.py:186} INFO - Started process (PID=2800) to work on /home/airflow/.local/lib/python3.12/site-packages/airflow/example_dags/example_python_operator.py
[2025-08-26T19:05:25.372+0000] {processor.py:914} INFO - Processing file /home/airflow/.local/lib/python3.12/site-packages/airflow/example_dags/example_python_operator.py for tasks to queue
[2025-08-26T19:05:25.374+0000] {logging_mixin.py:190} INFO - [2025-08-26T19:05:25.374+0000] {dagbag.py:588} INFO - Filling up the DagBag from /home/airflow/.local/lib/python3.12/site-packages/airflow/example_dags/example_python_operator.py
[2025-08-26T19:05:25.382+0000] {processor.py:925} INFO - DAG(s) 'example_python_operator' retrieved from /home/airflow/.local/lib/python3.12/site-packages/airflow/example_dags/example_python_operator.py
[2025-08-26T19:05:25.393+0000] {logging_mixin.py:190} INFO - [2025-08-26T19:05:25.393+0000] {dag.py:3239} INFO - Sync 1 DAGs
[2025-08-26T19:05:25.399+0000] {logging_mixin.py:190} INFO - [2025-08-26T19:05:25.399+0000] {dag.py:4180} INFO - Setting next_dagrun for example_python_operator to None, run_after=None
[2025-08-26T19:05:25.407+0000] {processor.py:208} INFO - Processing /home/airflow/.local/lib/python3.12/site-packages/airflow/example_dags/example_python_operator.py took 0.045 seconds
[2025-08-26T19:05:56.088+0000] {processor.py:186} INFO - Started process (PID=2863) to work on /home/airflow/.local/lib/python3.12/site-packages/airflow/example_dags/example_python_operator.py
[2025-08-26T19:05:56.089+0000] {processor.py:914} INFO - Processing file /home/airflow/.local/lib/python3.12/site-packages/airflow/example_dags/example_python_operator.py for tasks to queue
[2025-08-26T19:05:56.092+0000] {logging_mixin.py:190} INFO - [2025-08-26T19:05:56.092+0000] {dagbag.py:588} INFO - Filling up the DagBag from /home/airflow/.local/lib/python3.12/site-packages/airflow/example_dags/example_python_operator.py
[2025-08-26T19:05:56.100+0000] {processor.py:925} INFO - DAG(s) 'example_python_operator' retrieved from /home/airflow/.local/lib/python3.12/site-packages/airflow/example_dags/example_python_operator.py
[2025-08-26T19:05:56.111+0000] {logging_mixin.py:190} INFO - [2025-08-26T19:05:56.111+0000] {dag.py:3239} INFO - Sync 1 DAGs
[2025-08-26T19:05:56.119+0000] {logging_mixin.py:190} INFO - [2025-08-26T19:05:56.119+0000] {dag.py:4180} INFO - Setting next_dagrun for example_python_operator to None, run_after=None
[2025-08-26T19:05:56.126+0000] {processor.py:208} INFO - Processing /home/airflow/.local/lib/python3.12/site-packages/airflow/example_dags/example_python_operator.py took 0.043 seconds
[2025-08-26T19:06:26.738+0000] {processor.py:186} INFO - Started process (PID=2926) to work on /home/airflow/.local/lib/python3.12/site-packages/airflow/example_dags/example_python_operator.py
[2025-08-26T19:06:26.739+0000] {processor.py:914} INFO - Processing file /home/airflow/.local/lib/python3.12/site-packages/airflow/example_dags/example_python_operator.py for tasks to queue
[2025-08-26T19:06:26.741+0000] {logging_mixin.py:190} INFO - [2025-08-26T19:06:26.741+0000] {dagbag.py:588} INFO - Filling up the DagBag from /home/airflow/.local/lib/python3.12/site-packages/airflow/example_dags/example_python_operator.py
[2025-08-26T19:06:26.747+0000] {processor.py:925} INFO - DAG(s) 'example_python_operator' retrieved from /home/airflow/.local/lib/python3.12/site-packages/airflow/example_dags/example_python_operator.py
[2025-08-26T19:06:26.760+0000] {logging_mixin.py:190} INFO - [2025-08-26T19:06:26.760+0000] {dag.py:3239} INFO - Sync 1 DAGs
[2025-08-26T19:06:26.767+0000] {logging_mixin.py:190} INFO - [2025-08-26T19:06:26.767+0000] {dag.py:4180} INFO - Setting next_dagrun for example_python_operator to None, run_after=None
[2025-08-26T19:06:26.773+0000] {processor.py:208} INFO - Processing /home/airflow/.local/lib/python3.12/site-packages/airflow/example_dags/example_python_operator.py took 0.038 seconds
[2025-08-26T19:06:57.400+0000] {processor.py:186} INFO - Started process (PID=2989) to work on /home/airflow/.local/lib/python3.12/site-packages/airflow/example_dags/example_python_operator.py
[2025-08-26T19:06:57.401+0000] {processor.py:914} INFO - Processing file /home/airflow/.local/lib/python3.12/site-packages/airflow/example_dags/example_python_operator.py for tasks to queue
[2025-08-26T19:06:57.404+0000] {logging_mixin.py:190} INFO - [2025-08-26T19:06:57.404+0000] {dagbag.py:588} INFO - Filling up the DagBag from /home/airflow/.local/lib/python3.12/site-packages/airflow/example_dags/example_python_operator.py
[2025-08-26T19:06:57.415+0000] {processor.py:925} INFO - DAG(s) 'example_python_operator' retrieved from /home/airflow/.local/lib/python3.12/site-packages/airflow/example_dags/example_python_operator.py
[2025-08-26T19:06:57.427+0000] {logging_mixin.py:190} INFO - [2025-08-26T19:06:57.427+0000] {dag.py:3239} INFO - Sync 1 DAGs
[2025-08-26T19:06:57.433+0000] {logging_mixin.py:190} INFO - [2025-08-26T19:06:57.433+0000] {dag.py:4180} INFO - Setting next_dagrun for example_python_operator to None, run_after=None
[2025-08-26T19:06:57.440+0000] {processor.py:208} INFO - Processing /home/airflow/.local/lib/python3.12/site-packages/airflow/example_dags/example_python_operator.py took 0.045 seconds
[2025-08-26T19:07:28.124+0000] {processor.py:186} INFO - Started process (PID=3052) to work on /home/airflow/.local/lib/python3.12/site-packages/airflow/example_dags/example_python_operator.py
[2025-08-26T19:07:28.126+0000] {processor.py:914} INFO - Processing file /home/airflow/.local/lib/python3.12/site-packages/airflow/example_dags/example_python_operator.py for tasks to queue
[2025-08-26T19:07:28.128+0000] {logging_mixin.py:190} INFO - [2025-08-26T19:07:28.128+0000] {dagbag.py:588} INFO - Filling up the DagBag from /home/airflow/.local/lib/python3.12/site-packages/airflow/example_dags/example_python_operator.py
[2025-08-26T19:07:28.135+0000] {processor.py:925} INFO - DAG(s) 'example_python_operator' retrieved from /home/airflow/.local/lib/python3.12/site-packages/airflow/example_dags/example_python_operator.py
[2025-08-26T19:07:28.149+0000] {logging_mixin.py:190} INFO - [2025-08-26T19:07:28.149+0000] {dag.py:3239} INFO - Sync 1 DAGs
[2025-08-26T19:07:28.156+0000] {logging_mixin.py:190} INFO - [2025-08-26T19:07:28.156+0000] {dag.py:4180} INFO - Setting next_dagrun for example_python_operator to None, run_after=None
[2025-08-26T19:07:28.162+0000] {processor.py:208} INFO - Processing /home/airflow/.local/lib/python3.12/site-packages/airflow/example_dags/example_python_operator.py took 0.043 seconds
[2025-08-26T19:07:58.755+0000] {processor.py:186} INFO - Started process (PID=3115) to work on /home/airflow/.local/lib/python3.12/site-packages/airflow/example_dags/example_python_operator.py
[2025-08-26T19:07:58.757+0000] {processor.py:914} INFO - Processing file /home/airflow/.local/lib/python3.12/site-packages/airflow/example_dags/example_python_operator.py for tasks to queue
[2025-08-26T19:07:58.759+0000] {logging_mixin.py:190} INFO - [2025-08-26T19:07:58.759+0000] {dagbag.py:588} INFO - Filling up the DagBag from /home/airflow/.local/lib/python3.12/site-packages/airflow/example_dags/example_python_operator.py
[2025-08-26T19:07:58.768+0000] {processor.py:925} INFO - DAG(s) 'example_python_operator' retrieved from /home/airflow/.local/lib/python3.12/site-packages/airflow/example_dags/example_python_operator.py
[2025-08-26T19:07:58.779+0000] {logging_mixin.py:190} INFO - [2025-08-26T19:07:58.779+0000] {dag.py:3239} INFO - Sync 1 DAGs
[2025-08-26T19:07:58.786+0000] {logging_mixin.py:190} INFO - [2025-08-26T19:07:58.786+0000] {dag.py:4180} INFO - Setting next_dagrun for example_python_operator to None, run_after=None
[2025-08-26T19:07:58.792+0000] {processor.py:208} INFO - Processing /home/airflow/.local/lib/python3.12/site-packages/airflow/example_dags/example_python_operator.py took 0.042 seconds
[2025-08-26T19:08:29.376+0000] {processor.py:186} INFO - Started process (PID=3178) to work on /home/airflow/.local/lib/python3.12/site-packages/airflow/example_dags/example_python_operator.py
[2025-08-26T19:08:29.377+0000] {processor.py:914} INFO - Processing file /home/airflow/.local/lib/python3.12/site-packages/airflow/example_dags/example_python_operator.py for tasks to queue
[2025-08-26T19:08:29.379+0000] {logging_mixin.py:190} INFO - [2025-08-26T19:08:29.378+0000] {dagbag.py:588} INFO - Filling up the DagBag from /home/airflow/.local/lib/python3.12/site-packages/airflow/example_dags/example_python_operator.py
[2025-08-26T19:08:29.387+0000] {processor.py:925} INFO - DAG(s) 'example_python_operator' retrieved from /home/airflow/.local/lib/python3.12/site-packages/airflow/example_dags/example_python_operator.py
[2025-08-26T19:08:29.398+0000] {logging_mixin.py:190} INFO - [2025-08-26T19:08:29.398+0000] {dag.py:3239} INFO - Sync 1 DAGs
[2025-08-26T19:08:29.404+0000] {logging_mixin.py:190} INFO - [2025-08-26T19:08:29.404+0000] {dag.py:4180} INFO - Setting next_dagrun for example_python_operator to None, run_after=None
[2025-08-26T19:08:29.411+0000] {processor.py:208} INFO - Processing /home/airflow/.local/lib/python3.12/site-packages/airflow/example_dags/example_python_operator.py took 0.039 seconds
[2025-08-26T19:09:00.121+0000] {processor.py:186} INFO - Started process (PID=3241) to work on /home/airflow/.local/lib/python3.12/site-packages/airflow/example_dags/example_python_operator.py
[2025-08-26T19:09:00.123+0000] {processor.py:914} INFO - Processing file /home/airflow/.local/lib/python3.12/site-packages/airflow/example_dags/example_python_operator.py for tasks to queue
[2025-08-26T19:09:00.127+0000] {logging_mixin.py:190} INFO - [2025-08-26T19:09:00.127+0000] {dagbag.py:588} INFO - Filling up the DagBag from /home/airflow/.local/lib/python3.12/site-packages/airflow/example_dags/example_python_operator.py
[2025-08-26T19:09:00.135+0000] {processor.py:925} INFO - DAG(s) 'example_python_operator' retrieved from /home/airflow/.local/lib/python3.12/site-packages/airflow/example_dags/example_python_operator.py
[2025-08-26T19:09:00.145+0000] {logging_mixin.py:190} INFO - [2025-08-26T19:09:00.145+0000] {dag.py:3239} INFO - Sync 1 DAGs
[2025-08-26T19:09:00.151+0000] {logging_mixin.py:190} INFO - [2025-08-26T19:09:00.151+0000] {dag.py:4180} INFO - Setting next_dagrun for example_python_operator to None, run_after=None
[2025-08-26T19:09:00.157+0000] {processor.py:208} INFO - Processing /home/airflow/.local/lib/python3.12/site-packages/airflow/example_dags/example_python_operator.py took 0.041 seconds
[2025-08-26T19:09:30.824+0000] {processor.py:186} INFO - Started process (PID=3304) to work on /home/airflow/.local/lib/python3.12/site-packages/airflow/example_dags/example_python_operator.py
[2025-08-26T19:09:30.825+0000] {processor.py:914} INFO - Processing file /home/airflow/.local/lib/python3.12/site-packages/airflow/example_dags/example_python_operator.py for tasks to queue
[2025-08-26T19:09:30.827+0000] {logging_mixin.py:190} INFO - [2025-08-26T19:09:30.827+0000] {dagbag.py:588} INFO - Filling up the DagBag from /home/airflow/.local/lib/python3.12/site-packages/airflow/example_dags/example_python_operator.py
[2025-08-26T19:09:30.836+0000] {processor.py:925} INFO - DAG(s) 'example_python_operator' retrieved from /home/airflow/.local/lib/python3.12/site-packages/airflow/example_dags/example_python_operator.py
[2025-08-26T19:09:30.847+0000] {logging_mixin.py:190} INFO - [2025-08-26T19:09:30.847+0000] {dag.py:3239} INFO - Sync 1 DAGs
[2025-08-26T19:09:30.854+0000] {logging_mixin.py:190} INFO - [2025-08-26T19:09:30.854+0000] {dag.py:4180} INFO - Setting next_dagrun for example_python_operator to None, run_after=None
[2025-08-26T19:09:30.864+0000] {processor.py:208} INFO - Processing /home/airflow/.local/lib/python3.12/site-packages/airflow/example_dags/example_python_operator.py took 0.044 seconds
[2025-08-26T19:10:01.558+0000] {processor.py:186} INFO - Started process (PID=3367) to work on /home/airflow/.local/lib/python3.12/site-packages/airflow/example_dags/example_python_operator.py
[2025-08-26T19:10:01.561+0000] {processor.py:914} INFO - Processing file /home/airflow/.local/lib/python3.12/site-packages/airflow/example_dags/example_python_operator.py for tasks to queue
[2025-08-26T19:10:01.562+0000] {logging_mixin.py:190} INFO - [2025-08-26T19:10:01.562+0000] {dagbag.py:588} INFO - Filling up the DagBag from /home/airflow/.local/lib/python3.12/site-packages/airflow/example_dags/example_python_operator.py
[2025-08-26T19:10:01.571+0000] {processor.py:925} INFO - DAG(s) 'example_python_operator' retrieved from /home/airflow/.local/lib/python3.12/site-packages/airflow/example_dags/example_python_operator.py
[2025-08-26T19:10:01.580+0000] {logging_mixin.py:190} INFO - [2025-08-26T19:10:01.580+0000] {dag.py:3239} INFO - Sync 1 DAGs
[2025-08-26T19:10:01.587+0000] {logging_mixin.py:190} INFO - [2025-08-26T19:10:01.587+0000] {dag.py:4180} INFO - Setting next_dagrun for example_python_operator to None, run_after=None
[2025-08-26T19:10:01.594+0000] {processor.py:208} INFO - Processing /home/airflow/.local/lib/python3.12/site-packages/airflow/example_dags/example_python_operator.py took 0.041 seconds
[2025-08-26T19:10:32.348+0000] {processor.py:186} INFO - Started process (PID=3430) to work on /home/airflow/.local/lib/python3.12/site-packages/airflow/example_dags/example_python_operator.py
[2025-08-26T19:10:32.351+0000] {processor.py:914} INFO - Processing file /home/airflow/.local/lib/python3.12/site-packages/airflow/example_dags/example_python_operator.py for tasks to queue
[2025-08-26T19:10:32.352+0000] {logging_mixin.py:190} INFO - [2025-08-26T19:10:32.352+0000] {dagbag.py:588} INFO - Filling up the DagBag from /home/airflow/.local/lib/python3.12/site-packages/airflow/example_dags/example_python_operator.py
[2025-08-26T19:10:32.362+0000] {processor.py:925} INFO - DAG(s) 'example_python_operator' retrieved from /home/airflow/.local/lib/python3.12/site-packages/airflow/example_dags/example_python_operator.py
[2025-08-26T19:10:32.373+0000] {logging_mixin.py:190} INFO - [2025-08-26T19:10:32.373+0000] {dag.py:3239} INFO - Sync 1 DAGs
[2025-08-26T19:10:32.378+0000] {logging_mixin.py:190} INFO - [2025-08-26T19:10:32.378+0000] {dag.py:4180} INFO - Setting next_dagrun for example_python_operator to None, run_after=None
[2025-08-26T19:10:32.385+0000] {processor.py:208} INFO - Processing /home/airflow/.local/lib/python3.12/site-packages/airflow/example_dags/example_python_operator.py took 0.042 seconds
[2025-08-26T19:11:03.088+0000] {processor.py:186} INFO - Started process (PID=3493) to work on /home/airflow/.local/lib/python3.12/site-packages/airflow/example_dags/example_python_operator.py
[2025-08-26T19:11:03.090+0000] {processor.py:914} INFO - Processing file /home/airflow/.local/lib/python3.12/site-packages/airflow/example_dags/example_python_operator.py for tasks to queue
[2025-08-26T19:11:03.092+0000] {logging_mixin.py:190} INFO - [2025-08-26T19:11:03.092+0000] {dagbag.py:588} INFO - Filling up the DagBag from /home/airflow/.local/lib/python3.12/site-packages/airflow/example_dags/example_python_operator.py
[2025-08-26T19:11:03.100+0000] {processor.py:925} INFO - DAG(s) 'example_python_operator' retrieved from /home/airflow/.local/lib/python3.12/site-packages/airflow/example_dags/example_python_operator.py
[2025-08-26T19:11:03.110+0000] {logging_mixin.py:190} INFO - [2025-08-26T19:11:03.109+0000] {dag.py:3239} INFO - Sync 1 DAGs
[2025-08-26T19:11:03.117+0000] {logging_mixin.py:190} INFO - [2025-08-26T19:11:03.117+0000] {dag.py:4180} INFO - Setting next_dagrun for example_python_operator to None, run_after=None
[2025-08-26T19:11:03.124+0000] {processor.py:208} INFO - Processing /home/airflow/.local/lib/python3.12/site-packages/airflow/example_dags/example_python_operator.py took 0.041 seconds
[2025-08-26T19:11:33.922+0000] {processor.py:186} INFO - Started process (PID=3556) to work on /home/airflow/.local/lib/python3.12/site-packages/airflow/example_dags/example_python_operator.py
[2025-08-26T19:11:33.924+0000] {processor.py:914} INFO - Processing file /home/airflow/.local/lib/python3.12/site-packages/airflow/example_dags/example_python_operator.py for tasks to queue
[2025-08-26T19:11:33.926+0000] {logging_mixin.py:190} INFO - [2025-08-26T19:11:33.926+0000] {dagbag.py:588} INFO - Filling up the DagBag from /home/airflow/.local/lib/python3.12/site-packages/airflow/example_dags/example_python_operator.py
[2025-08-26T19:11:33.937+0000] {processor.py:925} INFO - DAG(s) 'example_python_operator' retrieved from /home/airflow/.local/lib/python3.12/site-packages/airflow/example_dags/example_python_operator.py
[2025-08-26T19:11:33.946+0000] {logging_mixin.py:190} INFO - [2025-08-26T19:11:33.946+0000] {dag.py:3239} INFO - Sync 1 DAGs
[2025-08-26T19:11:33.952+0000] {logging_mixin.py:190} INFO - [2025-08-26T19:11:33.952+0000] {dag.py:4180} INFO - Setting next_dagrun for example_python_operator to None, run_after=None
[2025-08-26T19:11:33.958+0000] {processor.py:208} INFO - Processing /home/airflow/.local/lib/python3.12/site-packages/airflow/example_dags/example_python_operator.py took 0.040 seconds
[2025-08-26T19:12:04.634+0000] {processor.py:186} INFO - Started process (PID=3619) to work on /home/airflow/.local/lib/python3.12/site-packages/airflow/example_dags/example_python_operator.py
[2025-08-26T19:12:04.637+0000] {processor.py:914} INFO - Processing file /home/airflow/.local/lib/python3.12/site-packages/airflow/example_dags/example_python_operator.py for tasks to queue
[2025-08-26T19:12:04.639+0000] {logging_mixin.py:190} INFO - [2025-08-26T19:12:04.639+0000] {dagbag.py:588} INFO - Filling up the DagBag from /home/airflow/.local/lib/python3.12/site-packages/airflow/example_dags/example_python_operator.py
[2025-08-26T19:12:04.644+0000] {processor.py:925} INFO - DAG(s) 'example_python_operator' retrieved from /home/airflow/.local/lib/python3.12/site-packages/airflow/example_dags/example_python_operator.py
[2025-08-26T19:12:04.655+0000] {logging_mixin.py:190} INFO - [2025-08-26T19:12:04.655+0000] {dag.py:3239} INFO - Sync 1 DAGs
[2025-08-26T19:12:04.660+0000] {logging_mixin.py:190} INFO - [2025-08-26T19:12:04.660+0000] {dag.py:4180} INFO - Setting next_dagrun for example_python_operator to None, run_after=None
[2025-08-26T19:12:04.666+0000] {processor.py:208} INFO - Processing /home/airflow/.local/lib/python3.12/site-packages/airflow/example_dags/example_python_operator.py took 0.034 seconds
[2025-08-26T19:12:35.498+0000] {processor.py:186} INFO - Started process (PID=3682) to work on /home/airflow/.local/lib/python3.12/site-packages/airflow/example_dags/example_python_operator.py
[2025-08-26T19:12:35.500+0000] {processor.py:914} INFO - Processing file /home/airflow/.local/lib/python3.12/site-packages/airflow/example_dags/example_python_operator.py for tasks to queue
[2025-08-26T19:12:35.504+0000] {logging_mixin.py:190} INFO - [2025-08-26T19:12:35.504+0000] {dagbag.py:588} INFO - Filling up the DagBag from /home/airflow/.local/lib/python3.12/site-packages/airflow/example_dags/example_python_operator.py
[2025-08-26T19:12:35.512+0000] {processor.py:925} INFO - DAG(s) 'example_python_operator' retrieved from /home/airflow/.local/lib/python3.12/site-packages/airflow/example_dags/example_python_operator.py
[2025-08-26T19:12:35.522+0000] {logging_mixin.py:190} INFO - [2025-08-26T19:12:35.522+0000] {dag.py:3239} INFO - Sync 1 DAGs
[2025-08-26T19:12:35.527+0000] {logging_mixin.py:190} INFO - [2025-08-26T19:12:35.527+0000] {dag.py:4180} INFO - Setting next_dagrun for example_python_operator to None, run_after=None
[2025-08-26T19:12:35.534+0000] {processor.py:208} INFO - Processing /home/airflow/.local/lib/python3.12/site-packages/airflow/example_dags/example_python_operator.py took 0.041 seconds
[2025-08-26T19:13:06.458+0000] {processor.py:186} INFO - Started process (PID=3745) to work on /home/airflow/.local/lib/python3.12/site-packages/airflow/example_dags/example_python_operator.py
[2025-08-26T19:13:06.459+0000] {processor.py:914} INFO - Processing file /home/airflow/.local/lib/python3.12/site-packages/airflow/example_dags/example_python_operator.py for tasks to queue
[2025-08-26T19:13:06.461+0000] {logging_mixin.py:190} INFO - [2025-08-26T19:13:06.461+0000] {dagbag.py:588} INFO - Filling up the DagBag from /home/airflow/.local/lib/python3.12/site-packages/airflow/example_dags/example_python_operator.py
[2025-08-26T19:13:06.470+0000] {processor.py:925} INFO - DAG(s) 'example_python_operator' retrieved from /home/airflow/.local/lib/python3.12/site-packages/airflow/example_dags/example_python_operator.py
[2025-08-26T19:13:06.484+0000] {logging_mixin.py:190} INFO - [2025-08-26T19:13:06.484+0000] {dag.py:3239} INFO - Sync 1 DAGs
[2025-08-26T19:13:06.492+0000] {logging_mixin.py:190} INFO - [2025-08-26T19:13:06.492+0000] {dag.py:4180} INFO - Setting next_dagrun for example_python_operator to None, run_after=None
[2025-08-26T19:13:06.498+0000] {processor.py:208} INFO - Processing /home/airflow/.local/lib/python3.12/site-packages/airflow/example_dags/example_python_operator.py took 0.045 seconds
[2025-08-26T19:13:37.372+0000] {processor.py:186} INFO - Started process (PID=3808) to work on /home/airflow/.local/lib/python3.12/site-packages/airflow/example_dags/example_python_operator.py
[2025-08-26T19:13:37.375+0000] {processor.py:914} INFO - Processing file /home/airflow/.local/lib/python3.12/site-packages/airflow/example_dags/example_python_operator.py for tasks to queue
[2025-08-26T19:13:37.378+0000] {logging_mixin.py:190} INFO - [2025-08-26T19:13:37.378+0000] {dagbag.py:588} INFO - Filling up the DagBag from /home/airflow/.local/lib/python3.12/site-packages/airflow/example_dags/example_python_operator.py
[2025-08-26T19:13:37.385+0000] {processor.py:925} INFO - DAG(s) 'example_python_operator' retrieved from /home/airflow/.local/lib/python3.12/site-packages/airflow/example_dags/example_python_operator.py
[2025-08-26T19:13:37.397+0000] {logging_mixin.py:190} INFO - [2025-08-26T19:13:37.397+0000] {dag.py:3239} INFO - Sync 1 DAGs
[2025-08-26T19:13:37.403+0000] {logging_mixin.py:190} INFO - [2025-08-26T19:13:37.402+0000] {dag.py:4180} INFO - Setting next_dagrun for example_python_operator to None, run_after=None
[2025-08-26T19:13:37.409+0000] {processor.py:208} INFO - Processing /home/airflow/.local/lib/python3.12/site-packages/airflow/example_dags/example_python_operator.py took 0.041 seconds
[2025-08-26T19:14:08.269+0000] {processor.py:186} INFO - Started process (PID=3871) to work on /home/airflow/.local/lib/python3.12/site-packages/airflow/example_dags/example_python_operator.py
[2025-08-26T19:14:08.272+0000] {processor.py:914} INFO - Processing file /home/airflow/.local/lib/python3.12/site-packages/airflow/example_dags/example_python_operator.py for tasks to queue
[2025-08-26T19:14:08.273+0000] {logging_mixin.py:190} INFO - [2025-08-26T19:14:08.273+0000] {dagbag.py:588} INFO - Filling up the DagBag from /home/airflow/.local/lib/python3.12/site-packages/airflow/example_dags/example_python_operator.py
[2025-08-26T19:14:08.281+0000] {processor.py:925} INFO - DAG(s) 'example_python_operator' retrieved from /home/airflow/.local/lib/python3.12/site-packages/airflow/example_dags/example_python_operator.py
[2025-08-26T19:14:08.291+0000] {logging_mixin.py:190} INFO - [2025-08-26T19:14:08.291+0000] {dag.py:3239} INFO - Sync 1 DAGs
[2025-08-26T19:14:08.297+0000] {logging_mixin.py:190} INFO - [2025-08-26T19:14:08.297+0000] {dag.py:4180} INFO - Setting next_dagrun for example_python_operator to None, run_after=None
[2025-08-26T19:14:08.305+0000] {processor.py:208} INFO - Processing /home/airflow/.local/lib/python3.12/site-packages/airflow/example_dags/example_python_operator.py took 0.040 seconds
[2025-08-26T19:14:38.331+0000] {processor.py:186} INFO - Started process (PID=3934) to work on /home/airflow/.local/lib/python3.12/site-packages/airflow/example_dags/example_python_operator.py
[2025-08-26T19:14:38.333+0000] {processor.py:914} INFO - Processing file /home/airflow/.local/lib/python3.12/site-packages/airflow/example_dags/example_python_operator.py for tasks to queue
[2025-08-26T19:14:38.334+0000] {logging_mixin.py:190} INFO - [2025-08-26T19:14:38.334+0000] {dagbag.py:588} INFO - Filling up the DagBag from /home/airflow/.local/lib/python3.12/site-packages/airflow/example_dags/example_python_operator.py
[2025-08-26T19:14:38.339+0000] {processor.py:925} INFO - DAG(s) 'example_python_operator' retrieved from /home/airflow/.local/lib/python3.12/site-packages/airflow/example_dags/example_python_operator.py
[2025-08-26T19:14:38.347+0000] {logging_mixin.py:190} INFO - [2025-08-26T19:14:38.347+0000] {dag.py:3239} INFO - Sync 1 DAGs
[2025-08-26T19:14:38.352+0000] {logging_mixin.py:190} INFO - [2025-08-26T19:14:38.352+0000] {dag.py:4180} INFO - Setting next_dagrun for example_python_operator to None, run_after=None
[2025-08-26T19:14:38.358+0000] {processor.py:208} INFO - Processing /home/airflow/.local/lib/python3.12/site-packages/airflow/example_dags/example_python_operator.py took 0.029 seconds
