[2025-08-26T15:43:49.773+0000] {processor.py:186} INFO - Started process (PID=71) to work on /home/airflow/.local/lib/python3.12/site-packages/airflow/example_dags/tutorial_objectstorage.py
[2025-08-26T15:43:49.773+0000] {processor.py:914} INFO - Processing file /home/airflow/.local/lib/python3.12/site-packages/airflow/example_dags/tutorial_objectstorage.py for tasks to queue
[2025-08-26T15:43:49.774+0000] {logging_mixin.py:190} INFO - [2025-08-26T15:43:49.774+0000] {dagbag.py:588} INFO - Filling up the DagBag from /home/airflow/.local/lib/python3.12/site-packages/airflow/example_dags/tutorial_objectstorage.py
[2025-08-26T15:43:49.779+0000] {processor.py:925} INFO - DAG(s) 'tutorial_objectstorage' retrieved from /home/airflow/.local/lib/python3.12/site-packages/airflow/example_dags/tutorial_objectstorage.py
[2025-08-26T15:43:49.817+0000] {logging_mixin.py:190} INFO - [2025-08-26T15:43:49.817+0000] {override.py:1900} INFO - Created Permission View: can edit on DAG:tutorial_objectstorage
[2025-08-26T15:43:49.821+0000] {logging_mixin.py:190} INFO - [2025-08-26T15:43:49.821+0000] {override.py:1900} INFO - Created Permission View: can delete on DAG:tutorial_objectstorage
[2025-08-26T15:43:49.823+0000] {logging_mixin.py:190} INFO - [2025-08-26T15:43:49.823+0000] {override.py:1900} INFO - Created Permission View: can read on DAG:tutorial_objectstorage
[2025-08-26T15:43:49.825+0000] {logging_mixin.py:190} INFO - [2025-08-26T15:43:49.825+0000] {override.py:1900} INFO - Created Permission View: can create on DAG Run:tutorial_objectstorage
[2025-08-26T15:43:49.827+0000] {logging_mixin.py:190} INFO - [2025-08-26T15:43:49.827+0000] {override.py:1900} INFO - Created Permission View: can delete on DAG Run:tutorial_objectstorage
[2025-08-26T15:43:49.829+0000] {logging_mixin.py:190} INFO - [2025-08-26T15:43:49.829+0000] {override.py:1900} INFO - Created Permission View: menu access on DAG Run:tutorial_objectstorage
[2025-08-26T15:43:49.835+0000] {logging_mixin.py:190} INFO - [2025-08-26T15:43:49.834+0000] {override.py:1900} INFO - Created Permission View: can read on DAG Run:tutorial_objectstorage
[2025-08-26T15:43:49.835+0000] {logging_mixin.py:190} INFO - [2025-08-26T15:43:49.835+0000] {dag.py:3239} INFO - Sync 1 DAGs
[2025-08-26T15:43:49.840+0000] {logging_mixin.py:190} INFO - [2025-08-26T15:43:49.840+0000] {dag.py:3262} INFO - Creating ORM DAG for tutorial_objectstorage
[2025-08-26T15:43:49.840+0000] {logging_mixin.py:190} INFO - [2025-08-26T15:43:49.840+0000] {dag.py:4180} INFO - Setting next_dagrun for tutorial_objectstorage to None, run_after=None
[2025-08-26T15:43:49.849+0000] {processor.py:208} INFO - Processing /home/airflow/.local/lib/python3.12/site-packages/airflow/example_dags/tutorial_objectstorage.py took 0.079 seconds
[2025-08-26T15:44:20.291+0000] {processor.py:186} INFO - Started process (PID=134) to work on /home/airflow/.local/lib/python3.12/site-packages/airflow/example_dags/tutorial_objectstorage.py
[2025-08-26T15:44:20.292+0000] {processor.py:914} INFO - Processing file /home/airflow/.local/lib/python3.12/site-packages/airflow/example_dags/tutorial_objectstorage.py for tasks to queue
[2025-08-26T15:44:20.293+0000] {logging_mixin.py:190} INFO - [2025-08-26T15:44:20.293+0000] {dagbag.py:588} INFO - Filling up the DagBag from /home/airflow/.local/lib/python3.12/site-packages/airflow/example_dags/tutorial_objectstorage.py
[2025-08-26T15:44:20.296+0000] {processor.py:925} INFO - DAG(s) 'tutorial_objectstorage' retrieved from /home/airflow/.local/lib/python3.12/site-packages/airflow/example_dags/tutorial_objectstorage.py
[2025-08-26T15:44:20.303+0000] {logging_mixin.py:190} INFO - [2025-08-26T15:44:20.303+0000] {dag.py:3239} INFO - Sync 1 DAGs
[2025-08-26T15:44:20.308+0000] {logging_mixin.py:190} INFO - [2025-08-26T15:44:20.307+0000] {dag.py:4180} INFO - Setting next_dagrun for tutorial_objectstorage to None, run_after=None
[2025-08-26T15:44:20.314+0000] {processor.py:208} INFO - Processing /home/airflow/.local/lib/python3.12/site-packages/airflow/example_dags/tutorial_objectstorage.py took 0.025 seconds
[2025-08-26T15:44:50.983+0000] {processor.py:186} INFO - Started process (PID=197) to work on /home/airflow/.local/lib/python3.12/site-packages/airflow/example_dags/tutorial_objectstorage.py
[2025-08-26T15:44:50.984+0000] {processor.py:914} INFO - Processing file /home/airflow/.local/lib/python3.12/site-packages/airflow/example_dags/tutorial_objectstorage.py for tasks to queue
[2025-08-26T15:44:50.985+0000] {logging_mixin.py:190} INFO - [2025-08-26T15:44:50.985+0000] {dagbag.py:588} INFO - Filling up the DagBag from /home/airflow/.local/lib/python3.12/site-packages/airflow/example_dags/tutorial_objectstorage.py
[2025-08-26T15:44:50.989+0000] {processor.py:925} INFO - DAG(s) 'tutorial_objectstorage' retrieved from /home/airflow/.local/lib/python3.12/site-packages/airflow/example_dags/tutorial_objectstorage.py
[2025-08-26T15:44:50.998+0000] {logging_mixin.py:190} INFO - [2025-08-26T15:44:50.998+0000] {dag.py:3239} INFO - Sync 1 DAGs
[2025-08-26T15:44:51.003+0000] {logging_mixin.py:190} INFO - [2025-08-26T15:44:51.003+0000] {dag.py:4180} INFO - Setting next_dagrun for tutorial_objectstorage to None, run_after=None
[2025-08-26T15:44:51.009+0000] {processor.py:208} INFO - Processing /home/airflow/.local/lib/python3.12/site-packages/airflow/example_dags/tutorial_objectstorage.py took 0.029 seconds
[2025-08-26T15:45:21.797+0000] {processor.py:186} INFO - Started process (PID=260) to work on /home/airflow/.local/lib/python3.12/site-packages/airflow/example_dags/tutorial_objectstorage.py
[2025-08-26T15:45:21.798+0000] {processor.py:914} INFO - Processing file /home/airflow/.local/lib/python3.12/site-packages/airflow/example_dags/tutorial_objectstorage.py for tasks to queue
[2025-08-26T15:45:21.799+0000] {logging_mixin.py:190} INFO - [2025-08-26T15:45:21.799+0000] {dagbag.py:588} INFO - Filling up the DagBag from /home/airflow/.local/lib/python3.12/site-packages/airflow/example_dags/tutorial_objectstorage.py
[2025-08-26T15:45:21.804+0000] {processor.py:925} INFO - DAG(s) 'tutorial_objectstorage' retrieved from /home/airflow/.local/lib/python3.12/site-packages/airflow/example_dags/tutorial_objectstorage.py
[2025-08-26T15:45:21.820+0000] {logging_mixin.py:190} INFO - [2025-08-26T15:45:21.820+0000] {dag.py:3239} INFO - Sync 1 DAGs
[2025-08-26T15:45:21.824+0000] {logging_mixin.py:190} INFO - [2025-08-26T15:45:21.824+0000] {dag.py:4180} INFO - Setting next_dagrun for tutorial_objectstorage to None, run_after=None
[2025-08-26T15:45:21.834+0000] {processor.py:208} INFO - Processing /home/airflow/.local/lib/python3.12/site-packages/airflow/example_dags/tutorial_objectstorage.py took 0.039 seconds
[2025-08-26T15:56:42.965+0000] {processor.py:186} INFO - Started process (PID=317) to work on /home/airflow/.local/lib/python3.12/site-packages/airflow/example_dags/tutorial_objectstorage.py
[2025-08-26T15:56:42.966+0000] {processor.py:914} INFO - Processing file /home/airflow/.local/lib/python3.12/site-packages/airflow/example_dags/tutorial_objectstorage.py for tasks to queue
[2025-08-26T15:56:42.969+0000] {logging_mixin.py:190} INFO - [2025-08-26T15:56:42.969+0000] {dagbag.py:588} INFO - Filling up the DagBag from /home/airflow/.local/lib/python3.12/site-packages/airflow/example_dags/tutorial_objectstorage.py
[2025-08-26T15:56:42.972+0000] {processor.py:925} INFO - DAG(s) 'tutorial_objectstorage' retrieved from /home/airflow/.local/lib/python3.12/site-packages/airflow/example_dags/tutorial_objectstorage.py
[2025-08-26T15:56:42.979+0000] {logging_mixin.py:190} INFO - [2025-08-26T15:56:42.979+0000] {dag.py:3239} INFO - Sync 1 DAGs
[2025-08-26T15:56:42.983+0000] {logging_mixin.py:190} INFO - [2025-08-26T15:56:42.983+0000] {dag.py:4180} INFO - Setting next_dagrun for tutorial_objectstorage to None, run_after=None
[2025-08-26T15:56:42.991+0000] {processor.py:208} INFO - Processing /home/airflow/.local/lib/python3.12/site-packages/airflow/example_dags/tutorial_objectstorage.py took 0.028 seconds
[2025-08-26T16:32:53.614+0000] {processor.py:186} INFO - Started process (PID=380) to work on /home/airflow/.local/lib/python3.12/site-packages/airflow/example_dags/tutorial_objectstorage.py
[2025-08-26T16:32:53.614+0000] {processor.py:914} INFO - Processing file /home/airflow/.local/lib/python3.12/site-packages/airflow/example_dags/tutorial_objectstorage.py for tasks to queue
[2025-08-26T16:32:53.615+0000] {logging_mixin.py:190} INFO - [2025-08-26T16:32:53.615+0000] {dagbag.py:588} INFO - Filling up the DagBag from /home/airflow/.local/lib/python3.12/site-packages/airflow/example_dags/tutorial_objectstorage.py
[2025-08-26T16:32:53.619+0000] {processor.py:925} INFO - DAG(s) 'tutorial_objectstorage' retrieved from /home/airflow/.local/lib/python3.12/site-packages/airflow/example_dags/tutorial_objectstorage.py
[2025-08-26T16:32:53.626+0000] {logging_mixin.py:190} INFO - [2025-08-26T16:32:53.626+0000] {dag.py:3239} INFO - Sync 1 DAGs
[2025-08-26T16:32:53.633+0000] {logging_mixin.py:190} INFO - [2025-08-26T16:32:53.633+0000] {dag.py:4180} INFO - Setting next_dagrun for tutorial_objectstorage to None, run_after=None
[2025-08-26T16:32:53.641+0000] {processor.py:208} INFO - Processing /home/airflow/.local/lib/python3.12/site-packages/airflow/example_dags/tutorial_objectstorage.py took 0.029 seconds
[2025-08-26T18:02:29.725+0000] {processor.py:186} INFO - Started process (PID=443) to work on /home/airflow/.local/lib/python3.12/site-packages/airflow/example_dags/tutorial_objectstorage.py
[2025-08-26T18:02:29.727+0000] {processor.py:914} INFO - Processing file /home/airflow/.local/lib/python3.12/site-packages/airflow/example_dags/tutorial_objectstorage.py for tasks to queue
[2025-08-26T18:02:29.728+0000] {logging_mixin.py:190} INFO - [2025-08-26T18:02:29.727+0000] {dagbag.py:588} INFO - Filling up the DagBag from /home/airflow/.local/lib/python3.12/site-packages/airflow/example_dags/tutorial_objectstorage.py
[2025-08-26T18:02:29.732+0000] {processor.py:925} INFO - DAG(s) 'tutorial_objectstorage' retrieved from /home/airflow/.local/lib/python3.12/site-packages/airflow/example_dags/tutorial_objectstorage.py
[2025-08-26T18:02:29.740+0000] {logging_mixin.py:190} INFO - [2025-08-26T18:02:29.740+0000] {dag.py:3239} INFO - Sync 1 DAGs
[2025-08-26T18:02:29.745+0000] {logging_mixin.py:190} INFO - [2025-08-26T18:02:29.745+0000] {dag.py:4180} INFO - Setting next_dagrun for tutorial_objectstorage to None, run_after=None
[2025-08-26T18:02:29.752+0000] {processor.py:208} INFO - Processing /home/airflow/.local/lib/python3.12/site-packages/airflow/example_dags/tutorial_objectstorage.py took 0.029 seconds
[2025-08-26T18:46:59.755+0000] {processor.py:186} INFO - Started process (PID=506) to work on /home/airflow/.local/lib/python3.12/site-packages/airflow/example_dags/tutorial_objectstorage.py
[2025-08-26T18:46:59.756+0000] {processor.py:914} INFO - Processing file /home/airflow/.local/lib/python3.12/site-packages/airflow/example_dags/tutorial_objectstorage.py for tasks to queue
[2025-08-26T18:46:59.757+0000] {logging_mixin.py:190} INFO - [2025-08-26T18:46:59.757+0000] {dagbag.py:588} INFO - Filling up the DagBag from /home/airflow/.local/lib/python3.12/site-packages/airflow/example_dags/tutorial_objectstorage.py
[2025-08-26T18:46:59.761+0000] {processor.py:925} INFO - DAG(s) 'tutorial_objectstorage' retrieved from /home/airflow/.local/lib/python3.12/site-packages/airflow/example_dags/tutorial_objectstorage.py
[2025-08-26T18:46:59.770+0000] {logging_mixin.py:190} INFO - [2025-08-26T18:46:59.770+0000] {dag.py:3239} INFO - Sync 1 DAGs
[2025-08-26T18:46:59.775+0000] {logging_mixin.py:190} INFO - [2025-08-26T18:46:59.775+0000] {dag.py:4180} INFO - Setting next_dagrun for tutorial_objectstorage to None, run_after=None
[2025-08-26T18:46:59.786+0000] {processor.py:208} INFO - Processing /home/airflow/.local/lib/python3.12/site-packages/airflow/example_dags/tutorial_objectstorage.py took 0.036 seconds
[2025-08-26T18:47:30.599+0000] {processor.py:186} INFO - Started process (PID=569) to work on /home/airflow/.local/lib/python3.12/site-packages/airflow/example_dags/tutorial_objectstorage.py
[2025-08-26T18:47:30.603+0000] {processor.py:914} INFO - Processing file /home/airflow/.local/lib/python3.12/site-packages/airflow/example_dags/tutorial_objectstorage.py for tasks to queue
[2025-08-26T18:47:30.604+0000] {logging_mixin.py:190} INFO - [2025-08-26T18:47:30.604+0000] {dagbag.py:588} INFO - Filling up the DagBag from /home/airflow/.local/lib/python3.12/site-packages/airflow/example_dags/tutorial_objectstorage.py
[2025-08-26T18:47:30.609+0000] {processor.py:925} INFO - DAG(s) 'tutorial_objectstorage' retrieved from /home/airflow/.local/lib/python3.12/site-packages/airflow/example_dags/tutorial_objectstorage.py
[2025-08-26T18:47:30.625+0000] {logging_mixin.py:190} INFO - [2025-08-26T18:47:30.625+0000] {dag.py:3239} INFO - Sync 1 DAGs
[2025-08-26T18:47:30.630+0000] {logging_mixin.py:190} INFO - [2025-08-26T18:47:30.630+0000] {dag.py:4180} INFO - Setting next_dagrun for tutorial_objectstorage to None, run_after=None
[2025-08-26T18:47:30.640+0000] {processor.py:208} INFO - Processing /home/airflow/.local/lib/python3.12/site-packages/airflow/example_dags/tutorial_objectstorage.py took 0.044 seconds
[2025-08-26T18:48:01.350+0000] {processor.py:186} INFO - Started process (PID=632) to work on /home/airflow/.local/lib/python3.12/site-packages/airflow/example_dags/tutorial_objectstorage.py
[2025-08-26T18:48:01.351+0000] {processor.py:914} INFO - Processing file /home/airflow/.local/lib/python3.12/site-packages/airflow/example_dags/tutorial_objectstorage.py for tasks to queue
[2025-08-26T18:48:01.352+0000] {logging_mixin.py:190} INFO - [2025-08-26T18:48:01.351+0000] {dagbag.py:588} INFO - Filling up the DagBag from /home/airflow/.local/lib/python3.12/site-packages/airflow/example_dags/tutorial_objectstorage.py
[2025-08-26T18:48:01.356+0000] {processor.py:925} INFO - DAG(s) 'tutorial_objectstorage' retrieved from /home/airflow/.local/lib/python3.12/site-packages/airflow/example_dags/tutorial_objectstorage.py
[2025-08-26T18:48:01.366+0000] {logging_mixin.py:190} INFO - [2025-08-26T18:48:01.366+0000] {dag.py:3239} INFO - Sync 1 DAGs
[2025-08-26T18:48:01.372+0000] {logging_mixin.py:190} INFO - [2025-08-26T18:48:01.372+0000] {dag.py:4180} INFO - Setting next_dagrun for tutorial_objectstorage to None, run_after=None
[2025-08-26T18:48:01.379+0000] {processor.py:208} INFO - Processing /home/airflow/.local/lib/python3.12/site-packages/airflow/example_dags/tutorial_objectstorage.py took 0.032 seconds
[2025-08-26T18:48:32.168+0000] {processor.py:186} INFO - Started process (PID=695) to work on /home/airflow/.local/lib/python3.12/site-packages/airflow/example_dags/tutorial_objectstorage.py
[2025-08-26T18:48:32.168+0000] {processor.py:914} INFO - Processing file /home/airflow/.local/lib/python3.12/site-packages/airflow/example_dags/tutorial_objectstorage.py for tasks to queue
[2025-08-26T18:48:32.169+0000] {logging_mixin.py:190} INFO - [2025-08-26T18:48:32.169+0000] {dagbag.py:588} INFO - Filling up the DagBag from /home/airflow/.local/lib/python3.12/site-packages/airflow/example_dags/tutorial_objectstorage.py
[2025-08-26T18:48:32.173+0000] {processor.py:925} INFO - DAG(s) 'tutorial_objectstorage' retrieved from /home/airflow/.local/lib/python3.12/site-packages/airflow/example_dags/tutorial_objectstorage.py
[2025-08-26T18:48:32.184+0000] {logging_mixin.py:190} INFO - [2025-08-26T18:48:32.184+0000] {dag.py:3239} INFO - Sync 1 DAGs
[2025-08-26T18:48:32.190+0000] {logging_mixin.py:190} INFO - [2025-08-26T18:48:32.190+0000] {dag.py:4180} INFO - Setting next_dagrun for tutorial_objectstorage to None, run_after=None
[2025-08-26T18:48:32.197+0000] {processor.py:208} INFO - Processing /home/airflow/.local/lib/python3.12/site-packages/airflow/example_dags/tutorial_objectstorage.py took 0.031 seconds
[2025-08-26T18:49:02.766+0000] {processor.py:186} INFO - Started process (PID=758) to work on /home/airflow/.local/lib/python3.12/site-packages/airflow/example_dags/tutorial_objectstorage.py
[2025-08-26T18:49:02.768+0000] {processor.py:914} INFO - Processing file /home/airflow/.local/lib/python3.12/site-packages/airflow/example_dags/tutorial_objectstorage.py for tasks to queue
[2025-08-26T18:49:02.769+0000] {logging_mixin.py:190} INFO - [2025-08-26T18:49:02.769+0000] {dagbag.py:588} INFO - Filling up the DagBag from /home/airflow/.local/lib/python3.12/site-packages/airflow/example_dags/tutorial_objectstorage.py
[2025-08-26T18:49:02.773+0000] {processor.py:925} INFO - DAG(s) 'tutorial_objectstorage' retrieved from /home/airflow/.local/lib/python3.12/site-packages/airflow/example_dags/tutorial_objectstorage.py
[2025-08-26T18:49:02.780+0000] {logging_mixin.py:190} INFO - [2025-08-26T18:49:02.780+0000] {dag.py:3239} INFO - Sync 1 DAGs
[2025-08-26T18:49:02.785+0000] {logging_mixin.py:190} INFO - [2025-08-26T18:49:02.785+0000] {dag.py:4180} INFO - Setting next_dagrun for tutorial_objectstorage to None, run_after=None
[2025-08-26T18:49:02.796+0000] {processor.py:208} INFO - Processing /home/airflow/.local/lib/python3.12/site-packages/airflow/example_dags/tutorial_objectstorage.py took 0.032 seconds
[2025-08-26T18:49:33.496+0000] {processor.py:186} INFO - Started process (PID=822) to work on /home/airflow/.local/lib/python3.12/site-packages/airflow/example_dags/tutorial_objectstorage.py
[2025-08-26T18:49:33.497+0000] {processor.py:914} INFO - Processing file /home/airflow/.local/lib/python3.12/site-packages/airflow/example_dags/tutorial_objectstorage.py for tasks to queue
[2025-08-26T18:49:33.499+0000] {logging_mixin.py:190} INFO - [2025-08-26T18:49:33.499+0000] {dagbag.py:588} INFO - Filling up the DagBag from /home/airflow/.local/lib/python3.12/site-packages/airflow/example_dags/tutorial_objectstorage.py
[2025-08-26T18:49:33.503+0000] {processor.py:925} INFO - DAG(s) 'tutorial_objectstorage' retrieved from /home/airflow/.local/lib/python3.12/site-packages/airflow/example_dags/tutorial_objectstorage.py
[2025-08-26T18:49:33.514+0000] {logging_mixin.py:190} INFO - [2025-08-26T18:49:33.514+0000] {dag.py:3239} INFO - Sync 1 DAGs
[2025-08-26T18:49:33.520+0000] {logging_mixin.py:190} INFO - [2025-08-26T18:49:33.520+0000] {dag.py:4180} INFO - Setting next_dagrun for tutorial_objectstorage to None, run_after=None
[2025-08-26T18:49:33.526+0000] {processor.py:208} INFO - Processing /home/airflow/.local/lib/python3.12/site-packages/airflow/example_dags/tutorial_objectstorage.py took 0.032 seconds
[2025-08-26T18:50:04.114+0000] {processor.py:186} INFO - Started process (PID=884) to work on /home/airflow/.local/lib/python3.12/site-packages/airflow/example_dags/tutorial_objectstorage.py
[2025-08-26T18:50:04.114+0000] {processor.py:914} INFO - Processing file /home/airflow/.local/lib/python3.12/site-packages/airflow/example_dags/tutorial_objectstorage.py for tasks to queue
[2025-08-26T18:50:04.115+0000] {logging_mixin.py:190} INFO - [2025-08-26T18:50:04.115+0000] {dagbag.py:588} INFO - Filling up the DagBag from /home/airflow/.local/lib/python3.12/site-packages/airflow/example_dags/tutorial_objectstorage.py
[2025-08-26T18:50:04.118+0000] {processor.py:925} INFO - DAG(s) 'tutorial_objectstorage' retrieved from /home/airflow/.local/lib/python3.12/site-packages/airflow/example_dags/tutorial_objectstorage.py
[2025-08-26T18:50:04.128+0000] {logging_mixin.py:190} INFO - [2025-08-26T18:50:04.128+0000] {dag.py:3239} INFO - Sync 1 DAGs
[2025-08-26T18:50:04.133+0000] {logging_mixin.py:190} INFO - [2025-08-26T18:50:04.133+0000] {dag.py:4180} INFO - Setting next_dagrun for tutorial_objectstorage to None, run_after=None
[2025-08-26T18:50:04.139+0000] {processor.py:208} INFO - Processing /home/airflow/.local/lib/python3.12/site-packages/airflow/example_dags/tutorial_objectstorage.py took 0.028 seconds
[2025-08-26T18:50:34.681+0000] {processor.py:186} INFO - Started process (PID=948) to work on /home/airflow/.local/lib/python3.12/site-packages/airflow/example_dags/tutorial_objectstorage.py
[2025-08-26T18:50:34.681+0000] {processor.py:914} INFO - Processing file /home/airflow/.local/lib/python3.12/site-packages/airflow/example_dags/tutorial_objectstorage.py for tasks to queue
[2025-08-26T18:50:34.682+0000] {logging_mixin.py:190} INFO - [2025-08-26T18:50:34.682+0000] {dagbag.py:588} INFO - Filling up the DagBag from /home/airflow/.local/lib/python3.12/site-packages/airflow/example_dags/tutorial_objectstorage.py
[2025-08-26T18:50:34.685+0000] {processor.py:925} INFO - DAG(s) 'tutorial_objectstorage' retrieved from /home/airflow/.local/lib/python3.12/site-packages/airflow/example_dags/tutorial_objectstorage.py
[2025-08-26T18:50:34.692+0000] {logging_mixin.py:190} INFO - [2025-08-26T18:50:34.692+0000] {dag.py:3239} INFO - Sync 1 DAGs
[2025-08-26T18:50:34.697+0000] {logging_mixin.py:190} INFO - [2025-08-26T18:50:34.697+0000] {dag.py:4180} INFO - Setting next_dagrun for tutorial_objectstorage to None, run_after=None
[2025-08-26T18:50:34.704+0000] {processor.py:208} INFO - Processing /home/airflow/.local/lib/python3.12/site-packages/airflow/example_dags/tutorial_objectstorage.py took 0.025 seconds
[2025-08-26T18:51:05.217+0000] {processor.py:186} INFO - Started process (PID=1011) to work on /home/airflow/.local/lib/python3.12/site-packages/airflow/example_dags/tutorial_objectstorage.py
[2025-08-26T18:51:05.218+0000] {processor.py:914} INFO - Processing file /home/airflow/.local/lib/python3.12/site-packages/airflow/example_dags/tutorial_objectstorage.py for tasks to queue
[2025-08-26T18:51:05.219+0000] {logging_mixin.py:190} INFO - [2025-08-26T18:51:05.219+0000] {dagbag.py:588} INFO - Filling up the DagBag from /home/airflow/.local/lib/python3.12/site-packages/airflow/example_dags/tutorial_objectstorage.py
[2025-08-26T18:51:05.223+0000] {processor.py:925} INFO - DAG(s) 'tutorial_objectstorage' retrieved from /home/airflow/.local/lib/python3.12/site-packages/airflow/example_dags/tutorial_objectstorage.py
[2025-08-26T18:51:05.233+0000] {logging_mixin.py:190} INFO - [2025-08-26T18:51:05.232+0000] {dag.py:3239} INFO - Sync 1 DAGs
[2025-08-26T18:51:05.237+0000] {logging_mixin.py:190} INFO - [2025-08-26T18:51:05.237+0000] {dag.py:4180} INFO - Setting next_dagrun for tutorial_objectstorage to None, run_after=None
[2025-08-26T18:51:05.247+0000] {processor.py:208} INFO - Processing /home/airflow/.local/lib/python3.12/site-packages/airflow/example_dags/tutorial_objectstorage.py took 0.033 seconds
[2025-08-26T18:51:35.817+0000] {processor.py:186} INFO - Started process (PID=1074) to work on /home/airflow/.local/lib/python3.12/site-packages/airflow/example_dags/tutorial_objectstorage.py
[2025-08-26T18:51:35.817+0000] {processor.py:914} INFO - Processing file /home/airflow/.local/lib/python3.12/site-packages/airflow/example_dags/tutorial_objectstorage.py for tasks to queue
[2025-08-26T18:51:35.818+0000] {logging_mixin.py:190} INFO - [2025-08-26T18:51:35.818+0000] {dagbag.py:588} INFO - Filling up the DagBag from /home/airflow/.local/lib/python3.12/site-packages/airflow/example_dags/tutorial_objectstorage.py
[2025-08-26T18:51:35.822+0000] {processor.py:925} INFO - DAG(s) 'tutorial_objectstorage' retrieved from /home/airflow/.local/lib/python3.12/site-packages/airflow/example_dags/tutorial_objectstorage.py
[2025-08-26T18:51:35.828+0000] {logging_mixin.py:190} INFO - [2025-08-26T18:51:35.828+0000] {dag.py:3239} INFO - Sync 1 DAGs
[2025-08-26T18:51:35.833+0000] {logging_mixin.py:190} INFO - [2025-08-26T18:51:35.833+0000] {dag.py:4180} INFO - Setting next_dagrun for tutorial_objectstorage to None, run_after=None
[2025-08-26T18:51:35.839+0000] {processor.py:208} INFO - Processing /home/airflow/.local/lib/python3.12/site-packages/airflow/example_dags/tutorial_objectstorage.py took 0.024 seconds
[2025-08-26T18:52:06.454+0000] {processor.py:186} INFO - Started process (PID=1137) to work on /home/airflow/.local/lib/python3.12/site-packages/airflow/example_dags/tutorial_objectstorage.py
[2025-08-26T18:52:06.454+0000] {processor.py:914} INFO - Processing file /home/airflow/.local/lib/python3.12/site-packages/airflow/example_dags/tutorial_objectstorage.py for tasks to queue
[2025-08-26T18:52:06.455+0000] {logging_mixin.py:190} INFO - [2025-08-26T18:52:06.455+0000] {dagbag.py:588} INFO - Filling up the DagBag from /home/airflow/.local/lib/python3.12/site-packages/airflow/example_dags/tutorial_objectstorage.py
[2025-08-26T18:52:06.459+0000] {processor.py:925} INFO - DAG(s) 'tutorial_objectstorage' retrieved from /home/airflow/.local/lib/python3.12/site-packages/airflow/example_dags/tutorial_objectstorage.py
[2025-08-26T18:52:06.468+0000] {logging_mixin.py:190} INFO - [2025-08-26T18:52:06.468+0000] {dag.py:3239} INFO - Sync 1 DAGs
[2025-08-26T18:52:06.472+0000] {logging_mixin.py:190} INFO - [2025-08-26T18:52:06.472+0000] {dag.py:4180} INFO - Setting next_dagrun for tutorial_objectstorage to None, run_after=None
[2025-08-26T18:52:06.482+0000] {processor.py:208} INFO - Processing /home/airflow/.local/lib/python3.12/site-packages/airflow/example_dags/tutorial_objectstorage.py took 0.030 seconds
[2025-08-26T18:52:37.147+0000] {processor.py:186} INFO - Started process (PID=1200) to work on /home/airflow/.local/lib/python3.12/site-packages/airflow/example_dags/tutorial_objectstorage.py
[2025-08-26T18:52:37.147+0000] {processor.py:914} INFO - Processing file /home/airflow/.local/lib/python3.12/site-packages/airflow/example_dags/tutorial_objectstorage.py for tasks to queue
[2025-08-26T18:52:37.148+0000] {logging_mixin.py:190} INFO - [2025-08-26T18:52:37.148+0000] {dagbag.py:588} INFO - Filling up the DagBag from /home/airflow/.local/lib/python3.12/site-packages/airflow/example_dags/tutorial_objectstorage.py
[2025-08-26T18:52:37.153+0000] {processor.py:925} INFO - DAG(s) 'tutorial_objectstorage' retrieved from /home/airflow/.local/lib/python3.12/site-packages/airflow/example_dags/tutorial_objectstorage.py
[2025-08-26T18:52:37.159+0000] {logging_mixin.py:190} INFO - [2025-08-26T18:52:37.159+0000] {dag.py:3239} INFO - Sync 1 DAGs
[2025-08-26T18:52:37.164+0000] {logging_mixin.py:190} INFO - [2025-08-26T18:52:37.164+0000] {dag.py:4180} INFO - Setting next_dagrun for tutorial_objectstorage to None, run_after=None
[2025-08-26T18:52:37.170+0000] {processor.py:208} INFO - Processing /home/airflow/.local/lib/python3.12/site-packages/airflow/example_dags/tutorial_objectstorage.py took 0.026 seconds
[2025-08-26T18:53:07.738+0000] {processor.py:186} INFO - Started process (PID=1263) to work on /home/airflow/.local/lib/python3.12/site-packages/airflow/example_dags/tutorial_objectstorage.py
[2025-08-26T18:53:07.739+0000] {processor.py:914} INFO - Processing file /home/airflow/.local/lib/python3.12/site-packages/airflow/example_dags/tutorial_objectstorage.py for tasks to queue
[2025-08-26T18:53:07.740+0000] {logging_mixin.py:190} INFO - [2025-08-26T18:53:07.740+0000] {dagbag.py:588} INFO - Filling up the DagBag from /home/airflow/.local/lib/python3.12/site-packages/airflow/example_dags/tutorial_objectstorage.py
[2025-08-26T18:53:07.744+0000] {processor.py:925} INFO - DAG(s) 'tutorial_objectstorage' retrieved from /home/airflow/.local/lib/python3.12/site-packages/airflow/example_dags/tutorial_objectstorage.py
[2025-08-26T18:53:07.751+0000] {logging_mixin.py:190} INFO - [2025-08-26T18:53:07.751+0000] {dag.py:3239} INFO - Sync 1 DAGs
[2025-08-26T18:53:07.756+0000] {logging_mixin.py:190} INFO - [2025-08-26T18:53:07.755+0000] {dag.py:4180} INFO - Setting next_dagrun for tutorial_objectstorage to None, run_after=None
[2025-08-26T18:53:07.761+0000] {processor.py:208} INFO - Processing /home/airflow/.local/lib/python3.12/site-packages/airflow/example_dags/tutorial_objectstorage.py took 0.026 seconds
[2025-08-26T18:53:38.334+0000] {processor.py:186} INFO - Started process (PID=1326) to work on /home/airflow/.local/lib/python3.12/site-packages/airflow/example_dags/tutorial_objectstorage.py
[2025-08-26T18:53:38.337+0000] {processor.py:914} INFO - Processing file /home/airflow/.local/lib/python3.12/site-packages/airflow/example_dags/tutorial_objectstorage.py for tasks to queue
[2025-08-26T18:53:38.338+0000] {logging_mixin.py:190} INFO - [2025-08-26T18:53:38.338+0000] {dagbag.py:588} INFO - Filling up the DagBag from /home/airflow/.local/lib/python3.12/site-packages/airflow/example_dags/tutorial_objectstorage.py
[2025-08-26T18:53:38.342+0000] {processor.py:925} INFO - DAG(s) 'tutorial_objectstorage' retrieved from /home/airflow/.local/lib/python3.12/site-packages/airflow/example_dags/tutorial_objectstorage.py
[2025-08-26T18:53:38.349+0000] {logging_mixin.py:190} INFO - [2025-08-26T18:53:38.349+0000] {dag.py:3239} INFO - Sync 1 DAGs
[2025-08-26T18:53:38.353+0000] {logging_mixin.py:190} INFO - [2025-08-26T18:53:38.353+0000] {dag.py:4180} INFO - Setting next_dagrun for tutorial_objectstorage to None, run_after=None
[2025-08-26T18:53:38.359+0000] {processor.py:208} INFO - Processing /home/airflow/.local/lib/python3.12/site-packages/airflow/example_dags/tutorial_objectstorage.py took 0.028 seconds
[2025-08-26T18:54:08.984+0000] {processor.py:186} INFO - Started process (PID=1389) to work on /home/airflow/.local/lib/python3.12/site-packages/airflow/example_dags/tutorial_objectstorage.py
[2025-08-26T18:54:08.984+0000] {processor.py:914} INFO - Processing file /home/airflow/.local/lib/python3.12/site-packages/airflow/example_dags/tutorial_objectstorage.py for tasks to queue
[2025-08-26T18:54:08.985+0000] {logging_mixin.py:190} INFO - [2025-08-26T18:54:08.985+0000] {dagbag.py:588} INFO - Filling up the DagBag from /home/airflow/.local/lib/python3.12/site-packages/airflow/example_dags/tutorial_objectstorage.py
[2025-08-26T18:54:08.989+0000] {processor.py:925} INFO - DAG(s) 'tutorial_objectstorage' retrieved from /home/airflow/.local/lib/python3.12/site-packages/airflow/example_dags/tutorial_objectstorage.py
[2025-08-26T18:54:08.996+0000] {logging_mixin.py:190} INFO - [2025-08-26T18:54:08.995+0000] {dag.py:3239} INFO - Sync 1 DAGs
[2025-08-26T18:54:09.000+0000] {logging_mixin.py:190} INFO - [2025-08-26T18:54:09.000+0000] {dag.py:4180} INFO - Setting next_dagrun for tutorial_objectstorage to None, run_after=None
[2025-08-26T18:54:09.005+0000] {processor.py:208} INFO - Processing /home/airflow/.local/lib/python3.12/site-packages/airflow/example_dags/tutorial_objectstorage.py took 0.024 seconds
[2025-08-26T18:54:39.586+0000] {processor.py:186} INFO - Started process (PID=1452) to work on /home/airflow/.local/lib/python3.12/site-packages/airflow/example_dags/tutorial_objectstorage.py
[2025-08-26T18:54:39.587+0000] {processor.py:914} INFO - Processing file /home/airflow/.local/lib/python3.12/site-packages/airflow/example_dags/tutorial_objectstorage.py for tasks to queue
[2025-08-26T18:54:39.588+0000] {logging_mixin.py:190} INFO - [2025-08-26T18:54:39.588+0000] {dagbag.py:588} INFO - Filling up the DagBag from /home/airflow/.local/lib/python3.12/site-packages/airflow/example_dags/tutorial_objectstorage.py
[2025-08-26T18:54:39.592+0000] {processor.py:925} INFO - DAG(s) 'tutorial_objectstorage' retrieved from /home/airflow/.local/lib/python3.12/site-packages/airflow/example_dags/tutorial_objectstorage.py
[2025-08-26T18:54:39.599+0000] {logging_mixin.py:190} INFO - [2025-08-26T18:54:39.599+0000] {dag.py:3239} INFO - Sync 1 DAGs
[2025-08-26T18:54:39.604+0000] {logging_mixin.py:190} INFO - [2025-08-26T18:54:39.603+0000] {dag.py:4180} INFO - Setting next_dagrun for tutorial_objectstorage to None, run_after=None
[2025-08-26T18:54:39.611+0000] {processor.py:208} INFO - Processing /home/airflow/.local/lib/python3.12/site-packages/airflow/example_dags/tutorial_objectstorage.py took 0.027 seconds
[2025-08-26T18:55:10.274+0000] {processor.py:186} INFO - Started process (PID=1515) to work on /home/airflow/.local/lib/python3.12/site-packages/airflow/example_dags/tutorial_objectstorage.py
[2025-08-26T18:55:10.275+0000] {processor.py:914} INFO - Processing file /home/airflow/.local/lib/python3.12/site-packages/airflow/example_dags/tutorial_objectstorage.py for tasks to queue
[2025-08-26T18:55:10.276+0000] {logging_mixin.py:190} INFO - [2025-08-26T18:55:10.276+0000] {dagbag.py:588} INFO - Filling up the DagBag from /home/airflow/.local/lib/python3.12/site-packages/airflow/example_dags/tutorial_objectstorage.py
[2025-08-26T18:55:10.279+0000] {processor.py:925} INFO - DAG(s) 'tutorial_objectstorage' retrieved from /home/airflow/.local/lib/python3.12/site-packages/airflow/example_dags/tutorial_objectstorage.py
[2025-08-26T18:55:10.286+0000] {logging_mixin.py:190} INFO - [2025-08-26T18:55:10.286+0000] {dag.py:3239} INFO - Sync 1 DAGs
[2025-08-26T18:55:10.291+0000] {logging_mixin.py:190} INFO - [2025-08-26T18:55:10.291+0000] {dag.py:4180} INFO - Setting next_dagrun for tutorial_objectstorage to None, run_after=None
[2025-08-26T18:55:10.298+0000] {processor.py:208} INFO - Processing /home/airflow/.local/lib/python3.12/site-packages/airflow/example_dags/tutorial_objectstorage.py took 0.026 seconds
[2025-08-26T18:55:40.809+0000] {processor.py:186} INFO - Started process (PID=1578) to work on /home/airflow/.local/lib/python3.12/site-packages/airflow/example_dags/tutorial_objectstorage.py
[2025-08-26T18:55:40.812+0000] {processor.py:914} INFO - Processing file /home/airflow/.local/lib/python3.12/site-packages/airflow/example_dags/tutorial_objectstorage.py for tasks to queue
[2025-08-26T18:55:40.813+0000] {logging_mixin.py:190} INFO - [2025-08-26T18:55:40.813+0000] {dagbag.py:588} INFO - Filling up the DagBag from /home/airflow/.local/lib/python3.12/site-packages/airflow/example_dags/tutorial_objectstorage.py
[2025-08-26T18:55:40.816+0000] {processor.py:925} INFO - DAG(s) 'tutorial_objectstorage' retrieved from /home/airflow/.local/lib/python3.12/site-packages/airflow/example_dags/tutorial_objectstorage.py
[2025-08-26T18:55:40.823+0000] {logging_mixin.py:190} INFO - [2025-08-26T18:55:40.823+0000] {dag.py:3239} INFO - Sync 1 DAGs
[2025-08-26T18:55:40.827+0000] {logging_mixin.py:190} INFO - [2025-08-26T18:55:40.827+0000] {dag.py:4180} INFO - Setting next_dagrun for tutorial_objectstorage to None, run_after=None
[2025-08-26T18:55:40.833+0000] {processor.py:208} INFO - Processing /home/airflow/.local/lib/python3.12/site-packages/airflow/example_dags/tutorial_objectstorage.py took 0.026 seconds
[2025-08-26T18:56:11.448+0000] {processor.py:186} INFO - Started process (PID=1641) to work on /home/airflow/.local/lib/python3.12/site-packages/airflow/example_dags/tutorial_objectstorage.py
[2025-08-26T18:56:11.453+0000] {processor.py:914} INFO - Processing file /home/airflow/.local/lib/python3.12/site-packages/airflow/example_dags/tutorial_objectstorage.py for tasks to queue
[2025-08-26T18:56:11.454+0000] {logging_mixin.py:190} INFO - [2025-08-26T18:56:11.454+0000] {dagbag.py:588} INFO - Filling up the DagBag from /home/airflow/.local/lib/python3.12/site-packages/airflow/example_dags/tutorial_objectstorage.py
[2025-08-26T18:56:11.457+0000] {processor.py:925} INFO - DAG(s) 'tutorial_objectstorage' retrieved from /home/airflow/.local/lib/python3.12/site-packages/airflow/example_dags/tutorial_objectstorage.py
[2025-08-26T18:56:11.464+0000] {logging_mixin.py:190} INFO - [2025-08-26T18:56:11.464+0000] {dag.py:3239} INFO - Sync 1 DAGs
[2025-08-26T18:56:11.468+0000] {logging_mixin.py:190} INFO - [2025-08-26T18:56:11.468+0000] {dag.py:4180} INFO - Setting next_dagrun for tutorial_objectstorage to None, run_after=None
[2025-08-26T18:56:11.474+0000] {processor.py:208} INFO - Processing /home/airflow/.local/lib/python3.12/site-packages/airflow/example_dags/tutorial_objectstorage.py took 0.028 seconds
[2025-08-26T18:56:42.034+0000] {processor.py:186} INFO - Started process (PID=1704) to work on /home/airflow/.local/lib/python3.12/site-packages/airflow/example_dags/tutorial_objectstorage.py
[2025-08-26T18:56:42.035+0000] {processor.py:914} INFO - Processing file /home/airflow/.local/lib/python3.12/site-packages/airflow/example_dags/tutorial_objectstorage.py for tasks to queue
[2025-08-26T18:56:42.035+0000] {logging_mixin.py:190} INFO - [2025-08-26T18:56:42.035+0000] {dagbag.py:588} INFO - Filling up the DagBag from /home/airflow/.local/lib/python3.12/site-packages/airflow/example_dags/tutorial_objectstorage.py
[2025-08-26T18:56:42.039+0000] {processor.py:925} INFO - DAG(s) 'tutorial_objectstorage' retrieved from /home/airflow/.local/lib/python3.12/site-packages/airflow/example_dags/tutorial_objectstorage.py
[2025-08-26T18:56:42.046+0000] {logging_mixin.py:190} INFO - [2025-08-26T18:56:42.046+0000] {dag.py:3239} INFO - Sync 1 DAGs
[2025-08-26T18:56:42.050+0000] {logging_mixin.py:190} INFO - [2025-08-26T18:56:42.050+0000] {dag.py:4180} INFO - Setting next_dagrun for tutorial_objectstorage to None, run_after=None
[2025-08-26T18:56:42.057+0000] {processor.py:208} INFO - Processing /home/airflow/.local/lib/python3.12/site-packages/airflow/example_dags/tutorial_objectstorage.py took 0.024 seconds
[2025-08-26T18:57:12.631+0000] {processor.py:186} INFO - Started process (PID=1766) to work on /home/airflow/.local/lib/python3.12/site-packages/airflow/example_dags/tutorial_objectstorage.py
[2025-08-26T18:57:12.631+0000] {processor.py:914} INFO - Processing file /home/airflow/.local/lib/python3.12/site-packages/airflow/example_dags/tutorial_objectstorage.py for tasks to queue
[2025-08-26T18:57:12.632+0000] {logging_mixin.py:190} INFO - [2025-08-26T18:57:12.632+0000] {dagbag.py:588} INFO - Filling up the DagBag from /home/airflow/.local/lib/python3.12/site-packages/airflow/example_dags/tutorial_objectstorage.py
[2025-08-26T18:57:12.636+0000] {processor.py:925} INFO - DAG(s) 'tutorial_objectstorage' retrieved from /home/airflow/.local/lib/python3.12/site-packages/airflow/example_dags/tutorial_objectstorage.py
[2025-08-26T18:57:12.644+0000] {logging_mixin.py:190} INFO - [2025-08-26T18:57:12.644+0000] {dag.py:3239} INFO - Sync 1 DAGs
[2025-08-26T18:57:12.650+0000] {logging_mixin.py:190} INFO - [2025-08-26T18:57:12.650+0000] {dag.py:4180} INFO - Setting next_dagrun for tutorial_objectstorage to None, run_after=None
[2025-08-26T18:57:12.655+0000] {processor.py:208} INFO - Processing /home/airflow/.local/lib/python3.12/site-packages/airflow/example_dags/tutorial_objectstorage.py took 0.027 seconds
[2025-08-26T18:57:43.234+0000] {processor.py:186} INFO - Started process (PID=1830) to work on /home/airflow/.local/lib/python3.12/site-packages/airflow/example_dags/tutorial_objectstorage.py
[2025-08-26T18:57:43.235+0000] {processor.py:914} INFO - Processing file /home/airflow/.local/lib/python3.12/site-packages/airflow/example_dags/tutorial_objectstorage.py for tasks to queue
[2025-08-26T18:57:43.236+0000] {logging_mixin.py:190} INFO - [2025-08-26T18:57:43.236+0000] {dagbag.py:588} INFO - Filling up the DagBag from /home/airflow/.local/lib/python3.12/site-packages/airflow/example_dags/tutorial_objectstorage.py
[2025-08-26T18:57:43.239+0000] {processor.py:925} INFO - DAG(s) 'tutorial_objectstorage' retrieved from /home/airflow/.local/lib/python3.12/site-packages/airflow/example_dags/tutorial_objectstorage.py
[2025-08-26T18:57:43.246+0000] {logging_mixin.py:190} INFO - [2025-08-26T18:57:43.246+0000] {dag.py:3239} INFO - Sync 1 DAGs
[2025-08-26T18:57:43.250+0000] {logging_mixin.py:190} INFO - [2025-08-26T18:57:43.250+0000] {dag.py:4180} INFO - Setting next_dagrun for tutorial_objectstorage to None, run_after=None
[2025-08-26T18:57:43.256+0000] {processor.py:208} INFO - Processing /home/airflow/.local/lib/python3.12/site-packages/airflow/example_dags/tutorial_objectstorage.py took 0.024 seconds
[2025-08-26T18:58:13.830+0000] {processor.py:186} INFO - Started process (PID=1892) to work on /home/airflow/.local/lib/python3.12/site-packages/airflow/example_dags/tutorial_objectstorage.py
[2025-08-26T18:58:13.830+0000] {processor.py:914} INFO - Processing file /home/airflow/.local/lib/python3.12/site-packages/airflow/example_dags/tutorial_objectstorage.py for tasks to queue
[2025-08-26T18:58:13.832+0000] {logging_mixin.py:190} INFO - [2025-08-26T18:58:13.832+0000] {dagbag.py:588} INFO - Filling up the DagBag from /home/airflow/.local/lib/python3.12/site-packages/airflow/example_dags/tutorial_objectstorage.py
[2025-08-26T18:58:13.835+0000] {processor.py:925} INFO - DAG(s) 'tutorial_objectstorage' retrieved from /home/airflow/.local/lib/python3.12/site-packages/airflow/example_dags/tutorial_objectstorage.py
[2025-08-26T18:58:13.843+0000] {logging_mixin.py:190} INFO - [2025-08-26T18:58:13.843+0000] {dag.py:3239} INFO - Sync 1 DAGs
[2025-08-26T18:58:13.847+0000] {logging_mixin.py:190} INFO - [2025-08-26T18:58:13.847+0000] {dag.py:4180} INFO - Setting next_dagrun for tutorial_objectstorage to None, run_after=None
[2025-08-26T18:58:13.853+0000] {processor.py:208} INFO - Processing /home/airflow/.local/lib/python3.12/site-packages/airflow/example_dags/tutorial_objectstorage.py took 0.026 seconds
[2025-08-26T18:58:44.468+0000] {processor.py:186} INFO - Started process (PID=1955) to work on /home/airflow/.local/lib/python3.12/site-packages/airflow/example_dags/tutorial_objectstorage.py
[2025-08-26T18:58:44.471+0000] {processor.py:914} INFO - Processing file /home/airflow/.local/lib/python3.12/site-packages/airflow/example_dags/tutorial_objectstorage.py for tasks to queue
[2025-08-26T18:58:44.472+0000] {logging_mixin.py:190} INFO - [2025-08-26T18:58:44.472+0000] {dagbag.py:588} INFO - Filling up the DagBag from /home/airflow/.local/lib/python3.12/site-packages/airflow/example_dags/tutorial_objectstorage.py
[2025-08-26T18:58:44.475+0000] {processor.py:925} INFO - DAG(s) 'tutorial_objectstorage' retrieved from /home/airflow/.local/lib/python3.12/site-packages/airflow/example_dags/tutorial_objectstorage.py
[2025-08-26T18:58:44.482+0000] {logging_mixin.py:190} INFO - [2025-08-26T18:58:44.482+0000] {dag.py:3239} INFO - Sync 1 DAGs
[2025-08-26T18:58:44.489+0000] {logging_mixin.py:190} INFO - [2025-08-26T18:58:44.489+0000] {dag.py:4180} INFO - Setting next_dagrun for tutorial_objectstorage to None, run_after=None
[2025-08-26T18:58:44.495+0000] {processor.py:208} INFO - Processing /home/airflow/.local/lib/python3.12/site-packages/airflow/example_dags/tutorial_objectstorage.py took 0.029 seconds
[2025-08-26T18:59:15.054+0000] {processor.py:186} INFO - Started process (PID=2019) to work on /home/airflow/.local/lib/python3.12/site-packages/airflow/example_dags/tutorial_objectstorage.py
[2025-08-26T18:59:15.054+0000] {processor.py:914} INFO - Processing file /home/airflow/.local/lib/python3.12/site-packages/airflow/example_dags/tutorial_objectstorage.py for tasks to queue
[2025-08-26T18:59:15.055+0000] {logging_mixin.py:190} INFO - [2025-08-26T18:59:15.055+0000] {dagbag.py:588} INFO - Filling up the DagBag from /home/airflow/.local/lib/python3.12/site-packages/airflow/example_dags/tutorial_objectstorage.py
[2025-08-26T18:59:15.059+0000] {processor.py:925} INFO - DAG(s) 'tutorial_objectstorage' retrieved from /home/airflow/.local/lib/python3.12/site-packages/airflow/example_dags/tutorial_objectstorage.py
[2025-08-26T18:59:15.068+0000] {logging_mixin.py:190} INFO - [2025-08-26T18:59:15.068+0000] {dag.py:3239} INFO - Sync 1 DAGs
[2025-08-26T18:59:15.074+0000] {logging_mixin.py:190} INFO - [2025-08-26T18:59:15.073+0000] {dag.py:4180} INFO - Setting next_dagrun for tutorial_objectstorage to None, run_after=None
[2025-08-26T18:59:15.081+0000] {processor.py:208} INFO - Processing /home/airflow/.local/lib/python3.12/site-packages/airflow/example_dags/tutorial_objectstorage.py took 0.030 seconds
[2025-08-26T18:59:45.667+0000] {processor.py:186} INFO - Started process (PID=2082) to work on /home/airflow/.local/lib/python3.12/site-packages/airflow/example_dags/tutorial_objectstorage.py
[2025-08-26T18:59:45.668+0000] {processor.py:914} INFO - Processing file /home/airflow/.local/lib/python3.12/site-packages/airflow/example_dags/tutorial_objectstorage.py for tasks to queue
[2025-08-26T18:59:45.669+0000] {logging_mixin.py:190} INFO - [2025-08-26T18:59:45.669+0000] {dagbag.py:588} INFO - Filling up the DagBag from /home/airflow/.local/lib/python3.12/site-packages/airflow/example_dags/tutorial_objectstorage.py
[2025-08-26T18:59:45.673+0000] {processor.py:925} INFO - DAG(s) 'tutorial_objectstorage' retrieved from /home/airflow/.local/lib/python3.12/site-packages/airflow/example_dags/tutorial_objectstorage.py
[2025-08-26T18:59:45.680+0000] {logging_mixin.py:190} INFO - [2025-08-26T18:59:45.680+0000] {dag.py:3239} INFO - Sync 1 DAGs
[2025-08-26T18:59:45.685+0000] {logging_mixin.py:190} INFO - [2025-08-26T18:59:45.685+0000] {dag.py:4180} INFO - Setting next_dagrun for tutorial_objectstorage to None, run_after=None
[2025-08-26T18:59:45.690+0000] {processor.py:208} INFO - Processing /home/airflow/.local/lib/python3.12/site-packages/airflow/example_dags/tutorial_objectstorage.py took 0.026 seconds
[2025-08-26T19:00:16.325+0000] {processor.py:186} INFO - Started process (PID=2145) to work on /home/airflow/.local/lib/python3.12/site-packages/airflow/example_dags/tutorial_objectstorage.py
[2025-08-26T19:00:16.325+0000] {processor.py:914} INFO - Processing file /home/airflow/.local/lib/python3.12/site-packages/airflow/example_dags/tutorial_objectstorage.py for tasks to queue
[2025-08-26T19:00:16.327+0000] {logging_mixin.py:190} INFO - [2025-08-26T19:00:16.327+0000] {dagbag.py:588} INFO - Filling up the DagBag from /home/airflow/.local/lib/python3.12/site-packages/airflow/example_dags/tutorial_objectstorage.py
[2025-08-26T19:00:16.332+0000] {processor.py:925} INFO - DAG(s) 'tutorial_objectstorage' retrieved from /home/airflow/.local/lib/python3.12/site-packages/airflow/example_dags/tutorial_objectstorage.py
[2025-08-26T19:00:16.340+0000] {logging_mixin.py:190} INFO - [2025-08-26T19:00:16.340+0000] {dag.py:3239} INFO - Sync 1 DAGs
[2025-08-26T19:00:16.345+0000] {logging_mixin.py:190} INFO - [2025-08-26T19:00:16.344+0000] {dag.py:4180} INFO - Setting next_dagrun for tutorial_objectstorage to None, run_after=None
[2025-08-26T19:00:16.353+0000] {processor.py:208} INFO - Processing /home/airflow/.local/lib/python3.12/site-packages/airflow/example_dags/tutorial_objectstorage.py took 0.031 seconds
[2025-08-26T19:00:47.042+0000] {processor.py:186} INFO - Started process (PID=2208) to work on /home/airflow/.local/lib/python3.12/site-packages/airflow/example_dags/tutorial_objectstorage.py
[2025-08-26T19:00:47.043+0000] {processor.py:914} INFO - Processing file /home/airflow/.local/lib/python3.12/site-packages/airflow/example_dags/tutorial_objectstorage.py for tasks to queue
[2025-08-26T19:00:47.044+0000] {logging_mixin.py:190} INFO - [2025-08-26T19:00:47.044+0000] {dagbag.py:588} INFO - Filling up the DagBag from /home/airflow/.local/lib/python3.12/site-packages/airflow/example_dags/tutorial_objectstorage.py
[2025-08-26T19:00:47.048+0000] {processor.py:925} INFO - DAG(s) 'tutorial_objectstorage' retrieved from /home/airflow/.local/lib/python3.12/site-packages/airflow/example_dags/tutorial_objectstorage.py
[2025-08-26T19:00:47.056+0000] {logging_mixin.py:190} INFO - [2025-08-26T19:00:47.056+0000] {dag.py:3239} INFO - Sync 1 DAGs
[2025-08-26T19:00:47.061+0000] {logging_mixin.py:190} INFO - [2025-08-26T19:00:47.061+0000] {dag.py:4180} INFO - Setting next_dagrun for tutorial_objectstorage to None, run_after=None
[2025-08-26T19:00:47.067+0000] {processor.py:208} INFO - Processing /home/airflow/.local/lib/python3.12/site-packages/airflow/example_dags/tutorial_objectstorage.py took 0.027 seconds
[2025-08-26T19:01:17.925+0000] {processor.py:186} INFO - Started process (PID=2271) to work on /home/airflow/.local/lib/python3.12/site-packages/airflow/example_dags/tutorial_objectstorage.py
[2025-08-26T19:01:17.926+0000] {processor.py:914} INFO - Processing file /home/airflow/.local/lib/python3.12/site-packages/airflow/example_dags/tutorial_objectstorage.py for tasks to queue
[2025-08-26T19:01:17.927+0000] {logging_mixin.py:190} INFO - [2025-08-26T19:01:17.927+0000] {dagbag.py:588} INFO - Filling up the DagBag from /home/airflow/.local/lib/python3.12/site-packages/airflow/example_dags/tutorial_objectstorage.py
[2025-08-26T19:01:17.931+0000] {processor.py:925} INFO - DAG(s) 'tutorial_objectstorage' retrieved from /home/airflow/.local/lib/python3.12/site-packages/airflow/example_dags/tutorial_objectstorage.py
[2025-08-26T19:01:17.940+0000] {logging_mixin.py:190} INFO - [2025-08-26T19:01:17.940+0000] {dag.py:3239} INFO - Sync 1 DAGs
[2025-08-26T19:01:17.948+0000] {logging_mixin.py:190} INFO - [2025-08-26T19:01:17.948+0000] {dag.py:4180} INFO - Setting next_dagrun for tutorial_objectstorage to None, run_after=None
[2025-08-26T19:01:17.961+0000] {processor.py:208} INFO - Processing /home/airflow/.local/lib/python3.12/site-packages/airflow/example_dags/tutorial_objectstorage.py took 0.039 seconds
[2025-08-26T19:01:48.885+0000] {processor.py:186} INFO - Started process (PID=2340) to work on /home/airflow/.local/lib/python3.12/site-packages/airflow/example_dags/tutorial_objectstorage.py
[2025-08-26T19:01:48.886+0000] {processor.py:914} INFO - Processing file /home/airflow/.local/lib/python3.12/site-packages/airflow/example_dags/tutorial_objectstorage.py for tasks to queue
[2025-08-26T19:01:48.887+0000] {logging_mixin.py:190} INFO - [2025-08-26T19:01:48.886+0000] {dagbag.py:588} INFO - Filling up the DagBag from /home/airflow/.local/lib/python3.12/site-packages/airflow/example_dags/tutorial_objectstorage.py
[2025-08-26T19:01:48.891+0000] {processor.py:925} INFO - DAG(s) 'tutorial_objectstorage' retrieved from /home/airflow/.local/lib/python3.12/site-packages/airflow/example_dags/tutorial_objectstorage.py
[2025-08-26T19:01:48.898+0000] {logging_mixin.py:190} INFO - [2025-08-26T19:01:48.898+0000] {dag.py:3239} INFO - Sync 1 DAGs
[2025-08-26T19:01:48.903+0000] {logging_mixin.py:190} INFO - [2025-08-26T19:01:48.902+0000] {dag.py:4180} INFO - Setting next_dagrun for tutorial_objectstorage to None, run_after=None
[2025-08-26T19:01:48.908+0000] {processor.py:208} INFO - Processing /home/airflow/.local/lib/python3.12/site-packages/airflow/example_dags/tutorial_objectstorage.py took 0.026 seconds
[2025-08-26T19:02:19.734+0000] {processor.py:186} INFO - Started process (PID=2403) to work on /home/airflow/.local/lib/python3.12/site-packages/airflow/example_dags/tutorial_objectstorage.py
[2025-08-26T19:02:19.735+0000] {processor.py:914} INFO - Processing file /home/airflow/.local/lib/python3.12/site-packages/airflow/example_dags/tutorial_objectstorage.py for tasks to queue
[2025-08-26T19:02:19.737+0000] {logging_mixin.py:190} INFO - [2025-08-26T19:02:19.737+0000] {dagbag.py:588} INFO - Filling up the DagBag from /home/airflow/.local/lib/python3.12/site-packages/airflow/example_dags/tutorial_objectstorage.py
[2025-08-26T19:02:19.743+0000] {processor.py:925} INFO - DAG(s) 'tutorial_objectstorage' retrieved from /home/airflow/.local/lib/python3.12/site-packages/airflow/example_dags/tutorial_objectstorage.py
[2025-08-26T19:02:19.752+0000] {logging_mixin.py:190} INFO - [2025-08-26T19:02:19.752+0000] {dag.py:3239} INFO - Sync 1 DAGs
[2025-08-26T19:02:19.757+0000] {logging_mixin.py:190} INFO - [2025-08-26T19:02:19.757+0000] {dag.py:4180} INFO - Setting next_dagrun for tutorial_objectstorage to None, run_after=None
[2025-08-26T19:02:19.763+0000] {processor.py:208} INFO - Processing /home/airflow/.local/lib/python3.12/site-packages/airflow/example_dags/tutorial_objectstorage.py took 0.032 seconds
[2025-08-26T19:02:50.412+0000] {processor.py:186} INFO - Started process (PID=2466) to work on /home/airflow/.local/lib/python3.12/site-packages/airflow/example_dags/tutorial_objectstorage.py
[2025-08-26T19:02:50.413+0000] {processor.py:914} INFO - Processing file /home/airflow/.local/lib/python3.12/site-packages/airflow/example_dags/tutorial_objectstorage.py for tasks to queue
[2025-08-26T19:02:50.413+0000] {logging_mixin.py:190} INFO - [2025-08-26T19:02:50.413+0000] {dagbag.py:588} INFO - Filling up the DagBag from /home/airflow/.local/lib/python3.12/site-packages/airflow/example_dags/tutorial_objectstorage.py
[2025-08-26T19:02:50.417+0000] {processor.py:925} INFO - DAG(s) 'tutorial_objectstorage' retrieved from /home/airflow/.local/lib/python3.12/site-packages/airflow/example_dags/tutorial_objectstorage.py
[2025-08-26T19:02:50.424+0000] {logging_mixin.py:190} INFO - [2025-08-26T19:02:50.424+0000] {dag.py:3239} INFO - Sync 1 DAGs
[2025-08-26T19:02:50.428+0000] {logging_mixin.py:190} INFO - [2025-08-26T19:02:50.428+0000] {dag.py:4180} INFO - Setting next_dagrun for tutorial_objectstorage to None, run_after=None
[2025-08-26T19:02:50.434+0000] {processor.py:208} INFO - Processing /home/airflow/.local/lib/python3.12/site-packages/airflow/example_dags/tutorial_objectstorage.py took 0.024 seconds
[2025-08-26T19:03:21.028+0000] {processor.py:186} INFO - Started process (PID=2529) to work on /home/airflow/.local/lib/python3.12/site-packages/airflow/example_dags/tutorial_objectstorage.py
[2025-08-26T19:03:21.029+0000] {processor.py:914} INFO - Processing file /home/airflow/.local/lib/python3.12/site-packages/airflow/example_dags/tutorial_objectstorage.py for tasks to queue
[2025-08-26T19:03:21.030+0000] {logging_mixin.py:190} INFO - [2025-08-26T19:03:21.030+0000] {dagbag.py:588} INFO - Filling up the DagBag from /home/airflow/.local/lib/python3.12/site-packages/airflow/example_dags/tutorial_objectstorage.py
[2025-08-26T19:03:21.034+0000] {processor.py:925} INFO - DAG(s) 'tutorial_objectstorage' retrieved from /home/airflow/.local/lib/python3.12/site-packages/airflow/example_dags/tutorial_objectstorage.py
[2025-08-26T19:03:21.041+0000] {logging_mixin.py:190} INFO - [2025-08-26T19:03:21.041+0000] {dag.py:3239} INFO - Sync 1 DAGs
[2025-08-26T19:03:21.046+0000] {logging_mixin.py:190} INFO - [2025-08-26T19:03:21.046+0000] {dag.py:4180} INFO - Setting next_dagrun for tutorial_objectstorage to None, run_after=None
[2025-08-26T19:03:21.055+0000] {processor.py:208} INFO - Processing /home/airflow/.local/lib/python3.12/site-packages/airflow/example_dags/tutorial_objectstorage.py took 0.029 seconds
[2025-08-26T19:03:51.738+0000] {processor.py:186} INFO - Started process (PID=2592) to work on /home/airflow/.local/lib/python3.12/site-packages/airflow/example_dags/tutorial_objectstorage.py
[2025-08-26T19:03:51.739+0000] {processor.py:914} INFO - Processing file /home/airflow/.local/lib/python3.12/site-packages/airflow/example_dags/tutorial_objectstorage.py for tasks to queue
[2025-08-26T19:03:51.739+0000] {logging_mixin.py:190} INFO - [2025-08-26T19:03:51.739+0000] {dagbag.py:588} INFO - Filling up the DagBag from /home/airflow/.local/lib/python3.12/site-packages/airflow/example_dags/tutorial_objectstorage.py
[2025-08-26T19:03:51.744+0000] {processor.py:925} INFO - DAG(s) 'tutorial_objectstorage' retrieved from /home/airflow/.local/lib/python3.12/site-packages/airflow/example_dags/tutorial_objectstorage.py
[2025-08-26T19:03:51.752+0000] {logging_mixin.py:190} INFO - [2025-08-26T19:03:51.752+0000] {dag.py:3239} INFO - Sync 1 DAGs
[2025-08-26T19:03:51.757+0000] {logging_mixin.py:190} INFO - [2025-08-26T19:03:51.757+0000] {dag.py:4180} INFO - Setting next_dagrun for tutorial_objectstorage to None, run_after=None
[2025-08-26T19:03:51.765+0000] {processor.py:208} INFO - Processing /home/airflow/.local/lib/python3.12/site-packages/airflow/example_dags/tutorial_objectstorage.py took 0.030 seconds
[2025-08-26T19:04:22.386+0000] {processor.py:186} INFO - Started process (PID=2655) to work on /home/airflow/.local/lib/python3.12/site-packages/airflow/example_dags/tutorial_objectstorage.py
[2025-08-26T19:04:22.386+0000] {processor.py:914} INFO - Processing file /home/airflow/.local/lib/python3.12/site-packages/airflow/example_dags/tutorial_objectstorage.py for tasks to queue
[2025-08-26T19:04:22.387+0000] {logging_mixin.py:190} INFO - [2025-08-26T19:04:22.387+0000] {dagbag.py:588} INFO - Filling up the DagBag from /home/airflow/.local/lib/python3.12/site-packages/airflow/example_dags/tutorial_objectstorage.py
[2025-08-26T19:04:22.391+0000] {processor.py:925} INFO - DAG(s) 'tutorial_objectstorage' retrieved from /home/airflow/.local/lib/python3.12/site-packages/airflow/example_dags/tutorial_objectstorage.py
[2025-08-26T19:04:22.398+0000] {logging_mixin.py:190} INFO - [2025-08-26T19:04:22.398+0000] {dag.py:3239} INFO - Sync 1 DAGs
[2025-08-26T19:04:22.403+0000] {logging_mixin.py:190} INFO - [2025-08-26T19:04:22.403+0000] {dag.py:4180} INFO - Setting next_dagrun for tutorial_objectstorage to None, run_after=None
[2025-08-26T19:04:22.409+0000] {processor.py:208} INFO - Processing /home/airflow/.local/lib/python3.12/site-packages/airflow/example_dags/tutorial_objectstorage.py took 0.025 seconds
[2025-08-26T19:04:53.164+0000] {processor.py:186} INFO - Started process (PID=2718) to work on /home/airflow/.local/lib/python3.12/site-packages/airflow/example_dags/tutorial_objectstorage.py
[2025-08-26T19:04:53.165+0000] {processor.py:914} INFO - Processing file /home/airflow/.local/lib/python3.12/site-packages/airflow/example_dags/tutorial_objectstorage.py for tasks to queue
[2025-08-26T19:04:53.166+0000] {logging_mixin.py:190} INFO - [2025-08-26T19:04:53.166+0000] {dagbag.py:588} INFO - Filling up the DagBag from /home/airflow/.local/lib/python3.12/site-packages/airflow/example_dags/tutorial_objectstorage.py
[2025-08-26T19:04:53.170+0000] {processor.py:925} INFO - DAG(s) 'tutorial_objectstorage' retrieved from /home/airflow/.local/lib/python3.12/site-packages/airflow/example_dags/tutorial_objectstorage.py
[2025-08-26T19:04:53.178+0000] {logging_mixin.py:190} INFO - [2025-08-26T19:04:53.178+0000] {dag.py:3239} INFO - Sync 1 DAGs
[2025-08-26T19:04:53.183+0000] {logging_mixin.py:190} INFO - [2025-08-26T19:04:53.183+0000] {dag.py:4180} INFO - Setting next_dagrun for tutorial_objectstorage to None, run_after=None
[2025-08-26T19:04:53.192+0000] {processor.py:208} INFO - Processing /home/airflow/.local/lib/python3.12/site-packages/airflow/example_dags/tutorial_objectstorage.py took 0.030 seconds
[2025-08-26T19:05:23.869+0000] {processor.py:186} INFO - Started process (PID=2781) to work on /home/airflow/.local/lib/python3.12/site-packages/airflow/example_dags/tutorial_objectstorage.py
[2025-08-26T19:05:23.870+0000] {processor.py:914} INFO - Processing file /home/airflow/.local/lib/python3.12/site-packages/airflow/example_dags/tutorial_objectstorage.py for tasks to queue
[2025-08-26T19:05:23.871+0000] {logging_mixin.py:190} INFO - [2025-08-26T19:05:23.871+0000] {dagbag.py:588} INFO - Filling up the DagBag from /home/airflow/.local/lib/python3.12/site-packages/airflow/example_dags/tutorial_objectstorage.py
[2025-08-26T19:05:23.875+0000] {processor.py:925} INFO - DAG(s) 'tutorial_objectstorage' retrieved from /home/airflow/.local/lib/python3.12/site-packages/airflow/example_dags/tutorial_objectstorage.py
[2025-08-26T19:05:23.882+0000] {logging_mixin.py:190} INFO - [2025-08-26T19:05:23.882+0000] {dag.py:3239} INFO - Sync 1 DAGs
[2025-08-26T19:05:23.887+0000] {logging_mixin.py:190} INFO - [2025-08-26T19:05:23.886+0000] {dag.py:4180} INFO - Setting next_dagrun for tutorial_objectstorage to None, run_after=None
[2025-08-26T19:05:23.893+0000] {processor.py:208} INFO - Processing /home/airflow/.local/lib/python3.12/site-packages/airflow/example_dags/tutorial_objectstorage.py took 0.026 seconds
[2025-08-26T19:05:54.602+0000] {processor.py:186} INFO - Started process (PID=2844) to work on /home/airflow/.local/lib/python3.12/site-packages/airflow/example_dags/tutorial_objectstorage.py
[2025-08-26T19:05:54.605+0000] {processor.py:914} INFO - Processing file /home/airflow/.local/lib/python3.12/site-packages/airflow/example_dags/tutorial_objectstorage.py for tasks to queue
[2025-08-26T19:05:54.607+0000] {logging_mixin.py:190} INFO - [2025-08-26T19:05:54.606+0000] {dagbag.py:588} INFO - Filling up the DagBag from /home/airflow/.local/lib/python3.12/site-packages/airflow/example_dags/tutorial_objectstorage.py
[2025-08-26T19:05:54.611+0000] {processor.py:925} INFO - DAG(s) 'tutorial_objectstorage' retrieved from /home/airflow/.local/lib/python3.12/site-packages/airflow/example_dags/tutorial_objectstorage.py
[2025-08-26T19:05:54.618+0000] {logging_mixin.py:190} INFO - [2025-08-26T19:05:54.617+0000] {dag.py:3239} INFO - Sync 1 DAGs
[2025-08-26T19:05:54.622+0000] {logging_mixin.py:190} INFO - [2025-08-26T19:05:54.622+0000] {dag.py:4180} INFO - Setting next_dagrun for tutorial_objectstorage to None, run_after=None
[2025-08-26T19:05:54.629+0000] {processor.py:208} INFO - Processing /home/airflow/.local/lib/python3.12/site-packages/airflow/example_dags/tutorial_objectstorage.py took 0.029 seconds
[2025-08-26T19:06:25.242+0000] {processor.py:186} INFO - Started process (PID=2906) to work on /home/airflow/.local/lib/python3.12/site-packages/airflow/example_dags/tutorial_objectstorage.py
[2025-08-26T19:06:25.242+0000] {processor.py:914} INFO - Processing file /home/airflow/.local/lib/python3.12/site-packages/airflow/example_dags/tutorial_objectstorage.py for tasks to queue
[2025-08-26T19:06:25.243+0000] {logging_mixin.py:190} INFO - [2025-08-26T19:06:25.243+0000] {dagbag.py:588} INFO - Filling up the DagBag from /home/airflow/.local/lib/python3.12/site-packages/airflow/example_dags/tutorial_objectstorage.py
[2025-08-26T19:06:25.248+0000] {processor.py:925} INFO - DAG(s) 'tutorial_objectstorage' retrieved from /home/airflow/.local/lib/python3.12/site-packages/airflow/example_dags/tutorial_objectstorage.py
[2025-08-26T19:06:25.254+0000] {logging_mixin.py:190} INFO - [2025-08-26T19:06:25.254+0000] {dag.py:3239} INFO - Sync 1 DAGs
[2025-08-26T19:06:25.260+0000] {logging_mixin.py:190} INFO - [2025-08-26T19:06:25.260+0000] {dag.py:4180} INFO - Setting next_dagrun for tutorial_objectstorage to None, run_after=None
[2025-08-26T19:06:25.271+0000] {processor.py:208} INFO - Processing /home/airflow/.local/lib/python3.12/site-packages/airflow/example_dags/tutorial_objectstorage.py took 0.031 seconds
[2025-08-26T19:06:55.880+0000] {processor.py:186} INFO - Started process (PID=2970) to work on /home/airflow/.local/lib/python3.12/site-packages/airflow/example_dags/tutorial_objectstorage.py
[2025-08-26T19:06:55.881+0000] {processor.py:914} INFO - Processing file /home/airflow/.local/lib/python3.12/site-packages/airflow/example_dags/tutorial_objectstorage.py for tasks to queue
[2025-08-26T19:06:55.882+0000] {logging_mixin.py:190} INFO - [2025-08-26T19:06:55.882+0000] {dagbag.py:588} INFO - Filling up the DagBag from /home/airflow/.local/lib/python3.12/site-packages/airflow/example_dags/tutorial_objectstorage.py
[2025-08-26T19:06:55.886+0000] {processor.py:925} INFO - DAG(s) 'tutorial_objectstorage' retrieved from /home/airflow/.local/lib/python3.12/site-packages/airflow/example_dags/tutorial_objectstorage.py
[2025-08-26T19:06:55.896+0000] {logging_mixin.py:190} INFO - [2025-08-26T19:06:55.896+0000] {dag.py:3239} INFO - Sync 1 DAGs
[2025-08-26T19:06:55.901+0000] {logging_mixin.py:190} INFO - [2025-08-26T19:06:55.901+0000] {dag.py:4180} INFO - Setting next_dagrun for tutorial_objectstorage to None, run_after=None
[2025-08-26T19:06:55.912+0000] {processor.py:208} INFO - Processing /home/airflow/.local/lib/python3.12/site-packages/airflow/example_dags/tutorial_objectstorage.py took 0.035 seconds
[2025-08-26T19:07:26.627+0000] {processor.py:186} INFO - Started process (PID=3033) to work on /home/airflow/.local/lib/python3.12/site-packages/airflow/example_dags/tutorial_objectstorage.py
[2025-08-26T19:07:26.629+0000] {processor.py:914} INFO - Processing file /home/airflow/.local/lib/python3.12/site-packages/airflow/example_dags/tutorial_objectstorage.py for tasks to queue
[2025-08-26T19:07:26.630+0000] {logging_mixin.py:190} INFO - [2025-08-26T19:07:26.630+0000] {dagbag.py:588} INFO - Filling up the DagBag from /home/airflow/.local/lib/python3.12/site-packages/airflow/example_dags/tutorial_objectstorage.py
[2025-08-26T19:07:26.634+0000] {processor.py:925} INFO - DAG(s) 'tutorial_objectstorage' retrieved from /home/airflow/.local/lib/python3.12/site-packages/airflow/example_dags/tutorial_objectstorage.py
[2025-08-26T19:07:26.645+0000] {logging_mixin.py:190} INFO - [2025-08-26T19:07:26.645+0000] {dag.py:3239} INFO - Sync 1 DAGs
[2025-08-26T19:07:26.650+0000] {logging_mixin.py:190} INFO - [2025-08-26T19:07:26.649+0000] {dag.py:4180} INFO - Setting next_dagrun for tutorial_objectstorage to None, run_after=None
[2025-08-26T19:07:26.658+0000] {processor.py:208} INFO - Processing /home/airflow/.local/lib/python3.12/site-packages/airflow/example_dags/tutorial_objectstorage.py took 0.033 seconds
[2025-08-26T19:07:57.263+0000] {processor.py:186} INFO - Started process (PID=3096) to work on /home/airflow/.local/lib/python3.12/site-packages/airflow/example_dags/tutorial_objectstorage.py
[2025-08-26T19:07:57.263+0000] {processor.py:914} INFO - Processing file /home/airflow/.local/lib/python3.12/site-packages/airflow/example_dags/tutorial_objectstorage.py for tasks to queue
[2025-08-26T19:07:57.264+0000] {logging_mixin.py:190} INFO - [2025-08-26T19:07:57.264+0000] {dagbag.py:588} INFO - Filling up the DagBag from /home/airflow/.local/lib/python3.12/site-packages/airflow/example_dags/tutorial_objectstorage.py
[2025-08-26T19:07:57.268+0000] {processor.py:925} INFO - DAG(s) 'tutorial_objectstorage' retrieved from /home/airflow/.local/lib/python3.12/site-packages/airflow/example_dags/tutorial_objectstorage.py
[2025-08-26T19:07:57.276+0000] {logging_mixin.py:190} INFO - [2025-08-26T19:07:57.276+0000] {dag.py:3239} INFO - Sync 1 DAGs
[2025-08-26T19:07:57.280+0000] {logging_mixin.py:190} INFO - [2025-08-26T19:07:57.280+0000] {dag.py:4180} INFO - Setting next_dagrun for tutorial_objectstorage to None, run_after=None
[2025-08-26T19:07:57.290+0000] {processor.py:208} INFO - Processing /home/airflow/.local/lib/python3.12/site-packages/airflow/example_dags/tutorial_objectstorage.py took 0.029 seconds
[2025-08-26T19:08:27.900+0000] {processor.py:186} INFO - Started process (PID=3159) to work on /home/airflow/.local/lib/python3.12/site-packages/airflow/example_dags/tutorial_objectstorage.py
[2025-08-26T19:08:27.900+0000] {processor.py:914} INFO - Processing file /home/airflow/.local/lib/python3.12/site-packages/airflow/example_dags/tutorial_objectstorage.py for tasks to queue
[2025-08-26T19:08:27.901+0000] {logging_mixin.py:190} INFO - [2025-08-26T19:08:27.901+0000] {dagbag.py:588} INFO - Filling up the DagBag from /home/airflow/.local/lib/python3.12/site-packages/airflow/example_dags/tutorial_objectstorage.py
[2025-08-26T19:08:27.905+0000] {processor.py:925} INFO - DAG(s) 'tutorial_objectstorage' retrieved from /home/airflow/.local/lib/python3.12/site-packages/airflow/example_dags/tutorial_objectstorage.py
[2025-08-26T19:08:27.911+0000] {logging_mixin.py:190} INFO - [2025-08-26T19:08:27.911+0000] {dag.py:3239} INFO - Sync 1 DAGs
[2025-08-26T19:08:27.917+0000] {logging_mixin.py:190} INFO - [2025-08-26T19:08:27.917+0000] {dag.py:4180} INFO - Setting next_dagrun for tutorial_objectstorage to None, run_after=None
[2025-08-26T19:08:27.922+0000] {processor.py:208} INFO - Processing /home/airflow/.local/lib/python3.12/site-packages/airflow/example_dags/tutorial_objectstorage.py took 0.025 seconds
[2025-08-26T19:08:58.498+0000] {processor.py:186} INFO - Started process (PID=3222) to work on /home/airflow/.local/lib/python3.12/site-packages/airflow/example_dags/tutorial_objectstorage.py
[2025-08-26T19:08:58.499+0000] {processor.py:914} INFO - Processing file /home/airflow/.local/lib/python3.12/site-packages/airflow/example_dags/tutorial_objectstorage.py for tasks to queue
[2025-08-26T19:08:58.500+0000] {logging_mixin.py:190} INFO - [2025-08-26T19:08:58.500+0000] {dagbag.py:588} INFO - Filling up the DagBag from /home/airflow/.local/lib/python3.12/site-packages/airflow/example_dags/tutorial_objectstorage.py
[2025-08-26T19:08:58.504+0000] {processor.py:925} INFO - DAG(s) 'tutorial_objectstorage' retrieved from /home/airflow/.local/lib/python3.12/site-packages/airflow/example_dags/tutorial_objectstorage.py
[2025-08-26T19:08:58.512+0000] {logging_mixin.py:190} INFO - [2025-08-26T19:08:58.512+0000] {dag.py:3239} INFO - Sync 1 DAGs
[2025-08-26T19:08:58.518+0000] {logging_mixin.py:190} INFO - [2025-08-26T19:08:58.518+0000] {dag.py:4180} INFO - Setting next_dagrun for tutorial_objectstorage to None, run_after=None
[2025-08-26T19:08:58.523+0000] {processor.py:208} INFO - Processing /home/airflow/.local/lib/python3.12/site-packages/airflow/example_dags/tutorial_objectstorage.py took 0.027 seconds
[2025-08-26T19:09:29.221+0000] {processor.py:186} INFO - Started process (PID=3285) to work on /home/airflow/.local/lib/python3.12/site-packages/airflow/example_dags/tutorial_objectstorage.py
[2025-08-26T19:09:29.221+0000] {processor.py:914} INFO - Processing file /home/airflow/.local/lib/python3.12/site-packages/airflow/example_dags/tutorial_objectstorage.py for tasks to queue
[2025-08-26T19:09:29.222+0000] {logging_mixin.py:190} INFO - [2025-08-26T19:09:29.222+0000] {dagbag.py:588} INFO - Filling up the DagBag from /home/airflow/.local/lib/python3.12/site-packages/airflow/example_dags/tutorial_objectstorage.py
[2025-08-26T19:09:29.226+0000] {processor.py:925} INFO - DAG(s) 'tutorial_objectstorage' retrieved from /home/airflow/.local/lib/python3.12/site-packages/airflow/example_dags/tutorial_objectstorage.py
[2025-08-26T19:09:29.233+0000] {logging_mixin.py:190} INFO - [2025-08-26T19:09:29.233+0000] {dag.py:3239} INFO - Sync 1 DAGs
[2025-08-26T19:09:29.238+0000] {logging_mixin.py:190} INFO - [2025-08-26T19:09:29.238+0000] {dag.py:4180} INFO - Setting next_dagrun for tutorial_objectstorage to None, run_after=None
[2025-08-26T19:09:29.244+0000] {processor.py:208} INFO - Processing /home/airflow/.local/lib/python3.12/site-packages/airflow/example_dags/tutorial_objectstorage.py took 0.026 seconds
[2025-08-26T19:09:59.960+0000] {processor.py:186} INFO - Started process (PID=3348) to work on /home/airflow/.local/lib/python3.12/site-packages/airflow/example_dags/tutorial_objectstorage.py
[2025-08-26T19:09:59.961+0000] {processor.py:914} INFO - Processing file /home/airflow/.local/lib/python3.12/site-packages/airflow/example_dags/tutorial_objectstorage.py for tasks to queue
[2025-08-26T19:09:59.962+0000] {logging_mixin.py:190} INFO - [2025-08-26T19:09:59.962+0000] {dagbag.py:588} INFO - Filling up the DagBag from /home/airflow/.local/lib/python3.12/site-packages/airflow/example_dags/tutorial_objectstorage.py
[2025-08-26T19:09:59.966+0000] {processor.py:925} INFO - DAG(s) 'tutorial_objectstorage' retrieved from /home/airflow/.local/lib/python3.12/site-packages/airflow/example_dags/tutorial_objectstorage.py
[2025-08-26T19:09:59.974+0000] {logging_mixin.py:190} INFO - [2025-08-26T19:09:59.973+0000] {dag.py:3239} INFO - Sync 1 DAGs
[2025-08-26T19:09:59.979+0000] {logging_mixin.py:190} INFO - [2025-08-26T19:09:59.979+0000] {dag.py:4180} INFO - Setting next_dagrun for tutorial_objectstorage to None, run_after=None
[2025-08-26T19:09:59.985+0000] {processor.py:208} INFO - Processing /home/airflow/.local/lib/python3.12/site-packages/airflow/example_dags/tutorial_objectstorage.py took 0.027 seconds
[2025-08-26T19:10:30.729+0000] {processor.py:186} INFO - Started process (PID=3411) to work on /home/airflow/.local/lib/python3.12/site-packages/airflow/example_dags/tutorial_objectstorage.py
[2025-08-26T19:10:30.730+0000] {processor.py:914} INFO - Processing file /home/airflow/.local/lib/python3.12/site-packages/airflow/example_dags/tutorial_objectstorage.py for tasks to queue
[2025-08-26T19:10:30.731+0000] {logging_mixin.py:190} INFO - [2025-08-26T19:10:30.731+0000] {dagbag.py:588} INFO - Filling up the DagBag from /home/airflow/.local/lib/python3.12/site-packages/airflow/example_dags/tutorial_objectstorage.py
[2025-08-26T19:10:30.736+0000] {processor.py:925} INFO - DAG(s) 'tutorial_objectstorage' retrieved from /home/airflow/.local/lib/python3.12/site-packages/airflow/example_dags/tutorial_objectstorage.py
[2025-08-26T19:10:30.743+0000] {logging_mixin.py:190} INFO - [2025-08-26T19:10:30.743+0000] {dag.py:3239} INFO - Sync 1 DAGs
[2025-08-26T19:10:30.748+0000] {logging_mixin.py:190} INFO - [2025-08-26T19:10:30.748+0000] {dag.py:4180} INFO - Setting next_dagrun for tutorial_objectstorage to None, run_after=None
[2025-08-26T19:10:30.753+0000] {processor.py:208} INFO - Processing /home/airflow/.local/lib/python3.12/site-packages/airflow/example_dags/tutorial_objectstorage.py took 0.027 seconds
[2025-08-26T19:11:01.484+0000] {processor.py:186} INFO - Started process (PID=3474) to work on /home/airflow/.local/lib/python3.12/site-packages/airflow/example_dags/tutorial_objectstorage.py
[2025-08-26T19:11:01.486+0000] {processor.py:914} INFO - Processing file /home/airflow/.local/lib/python3.12/site-packages/airflow/example_dags/tutorial_objectstorage.py for tasks to queue
[2025-08-26T19:11:01.488+0000] {logging_mixin.py:190} INFO - [2025-08-26T19:11:01.487+0000] {dagbag.py:588} INFO - Filling up the DagBag from /home/airflow/.local/lib/python3.12/site-packages/airflow/example_dags/tutorial_objectstorage.py
[2025-08-26T19:11:01.492+0000] {processor.py:925} INFO - DAG(s) 'tutorial_objectstorage' retrieved from /home/airflow/.local/lib/python3.12/site-packages/airflow/example_dags/tutorial_objectstorage.py
[2025-08-26T19:11:01.500+0000] {logging_mixin.py:190} INFO - [2025-08-26T19:11:01.500+0000] {dag.py:3239} INFO - Sync 1 DAGs
[2025-08-26T19:11:01.505+0000] {logging_mixin.py:190} INFO - [2025-08-26T19:11:01.505+0000] {dag.py:4180} INFO - Setting next_dagrun for tutorial_objectstorage to None, run_after=None
[2025-08-26T19:11:01.510+0000] {processor.py:208} INFO - Processing /home/airflow/.local/lib/python3.12/site-packages/airflow/example_dags/tutorial_objectstorage.py took 0.028 seconds
[2025-08-26T19:11:32.307+0000] {processor.py:186} INFO - Started process (PID=3537) to work on /home/airflow/.local/lib/python3.12/site-packages/airflow/example_dags/tutorial_objectstorage.py
[2025-08-26T19:11:32.308+0000] {processor.py:914} INFO - Processing file /home/airflow/.local/lib/python3.12/site-packages/airflow/example_dags/tutorial_objectstorage.py for tasks to queue
[2025-08-26T19:11:32.308+0000] {logging_mixin.py:190} INFO - [2025-08-26T19:11:32.308+0000] {dagbag.py:588} INFO - Filling up the DagBag from /home/airflow/.local/lib/python3.12/site-packages/airflow/example_dags/tutorial_objectstorage.py
[2025-08-26T19:11:32.312+0000] {processor.py:925} INFO - DAG(s) 'tutorial_objectstorage' retrieved from /home/airflow/.local/lib/python3.12/site-packages/airflow/example_dags/tutorial_objectstorage.py
[2025-08-26T19:11:32.319+0000] {logging_mixin.py:190} INFO - [2025-08-26T19:11:32.318+0000] {dag.py:3239} INFO - Sync 1 DAGs
[2025-08-26T19:11:32.323+0000] {logging_mixin.py:190} INFO - [2025-08-26T19:11:32.323+0000] {dag.py:4180} INFO - Setting next_dagrun for tutorial_objectstorage to None, run_after=None
[2025-08-26T19:11:32.331+0000] {processor.py:208} INFO - Processing /home/airflow/.local/lib/python3.12/site-packages/airflow/example_dags/tutorial_objectstorage.py took 0.026 seconds
[2025-08-26T19:12:03.070+0000] {processor.py:186} INFO - Started process (PID=3600) to work on /home/airflow/.local/lib/python3.12/site-packages/airflow/example_dags/tutorial_objectstorage.py
[2025-08-26T19:12:03.071+0000] {processor.py:914} INFO - Processing file /home/airflow/.local/lib/python3.12/site-packages/airflow/example_dags/tutorial_objectstorage.py for tasks to queue
[2025-08-26T19:12:03.072+0000] {logging_mixin.py:190} INFO - [2025-08-26T19:12:03.071+0000] {dagbag.py:588} INFO - Filling up the DagBag from /home/airflow/.local/lib/python3.12/site-packages/airflow/example_dags/tutorial_objectstorage.py
[2025-08-26T19:12:03.075+0000] {processor.py:925} INFO - DAG(s) 'tutorial_objectstorage' retrieved from /home/airflow/.local/lib/python3.12/site-packages/airflow/example_dags/tutorial_objectstorage.py
[2025-08-26T19:12:03.083+0000] {logging_mixin.py:190} INFO - [2025-08-26T19:12:03.083+0000] {dag.py:3239} INFO - Sync 1 DAGs
[2025-08-26T19:12:03.088+0000] {logging_mixin.py:190} INFO - [2025-08-26T19:12:03.088+0000] {dag.py:4180} INFO - Setting next_dagrun for tutorial_objectstorage to None, run_after=None
[2025-08-26T19:12:03.095+0000] {processor.py:208} INFO - Processing /home/airflow/.local/lib/python3.12/site-packages/airflow/example_dags/tutorial_objectstorage.py took 0.027 seconds
[2025-08-26T19:12:33.915+0000] {processor.py:186} INFO - Started process (PID=3663) to work on /home/airflow/.local/lib/python3.12/site-packages/airflow/example_dags/tutorial_objectstorage.py
[2025-08-26T19:12:33.916+0000] {processor.py:914} INFO - Processing file /home/airflow/.local/lib/python3.12/site-packages/airflow/example_dags/tutorial_objectstorage.py for tasks to queue
[2025-08-26T19:12:33.916+0000] {logging_mixin.py:190} INFO - [2025-08-26T19:12:33.916+0000] {dagbag.py:588} INFO - Filling up the DagBag from /home/airflow/.local/lib/python3.12/site-packages/airflow/example_dags/tutorial_objectstorage.py
[2025-08-26T19:12:33.920+0000] {processor.py:925} INFO - DAG(s) 'tutorial_objectstorage' retrieved from /home/airflow/.local/lib/python3.12/site-packages/airflow/example_dags/tutorial_objectstorage.py
[2025-08-26T19:12:33.928+0000] {logging_mixin.py:190} INFO - [2025-08-26T19:12:33.928+0000] {dag.py:3239} INFO - Sync 1 DAGs
[2025-08-26T19:12:33.933+0000] {logging_mixin.py:190} INFO - [2025-08-26T19:12:33.933+0000] {dag.py:4180} INFO - Setting next_dagrun for tutorial_objectstorage to None, run_after=None
[2025-08-26T19:12:33.939+0000] {processor.py:208} INFO - Processing /home/airflow/.local/lib/python3.12/site-packages/airflow/example_dags/tutorial_objectstorage.py took 0.026 seconds
[2025-08-26T19:13:04.838+0000] {processor.py:186} INFO - Started process (PID=3726) to work on /home/airflow/.local/lib/python3.12/site-packages/airflow/example_dags/tutorial_objectstorage.py
[2025-08-26T19:13:04.839+0000] {processor.py:914} INFO - Processing file /home/airflow/.local/lib/python3.12/site-packages/airflow/example_dags/tutorial_objectstorage.py for tasks to queue
[2025-08-26T19:13:04.840+0000] {logging_mixin.py:190} INFO - [2025-08-26T19:13:04.839+0000] {dagbag.py:588} INFO - Filling up the DagBag from /home/airflow/.local/lib/python3.12/site-packages/airflow/example_dags/tutorial_objectstorage.py
[2025-08-26T19:13:04.843+0000] {processor.py:925} INFO - DAG(s) 'tutorial_objectstorage' retrieved from /home/airflow/.local/lib/python3.12/site-packages/airflow/example_dags/tutorial_objectstorage.py
[2025-08-26T19:13:04.849+0000] {logging_mixin.py:190} INFO - [2025-08-26T19:13:04.849+0000] {dag.py:3239} INFO - Sync 1 DAGs
[2025-08-26T19:13:04.854+0000] {logging_mixin.py:190} INFO - [2025-08-26T19:13:04.854+0000] {dag.py:4180} INFO - Setting next_dagrun for tutorial_objectstorage to None, run_after=None
[2025-08-26T19:13:04.859+0000] {processor.py:208} INFO - Processing /home/airflow/.local/lib/python3.12/site-packages/airflow/example_dags/tutorial_objectstorage.py took 0.023 seconds
[2025-08-26T19:13:35.763+0000] {processor.py:186} INFO - Started process (PID=3789) to work on /home/airflow/.local/lib/python3.12/site-packages/airflow/example_dags/tutorial_objectstorage.py
[2025-08-26T19:13:35.763+0000] {processor.py:914} INFO - Processing file /home/airflow/.local/lib/python3.12/site-packages/airflow/example_dags/tutorial_objectstorage.py for tasks to queue
[2025-08-26T19:13:35.764+0000] {logging_mixin.py:190} INFO - [2025-08-26T19:13:35.764+0000] {dagbag.py:588} INFO - Filling up the DagBag from /home/airflow/.local/lib/python3.12/site-packages/airflow/example_dags/tutorial_objectstorage.py
[2025-08-26T19:13:35.769+0000] {processor.py:925} INFO - DAG(s) 'tutorial_objectstorage' retrieved from /home/airflow/.local/lib/python3.12/site-packages/airflow/example_dags/tutorial_objectstorage.py
[2025-08-26T19:13:35.779+0000] {logging_mixin.py:190} INFO - [2025-08-26T19:13:35.779+0000] {dag.py:3239} INFO - Sync 1 DAGs
[2025-08-26T19:13:35.783+0000] {logging_mixin.py:190} INFO - [2025-08-26T19:13:35.783+0000] {dag.py:4180} INFO - Setting next_dagrun for tutorial_objectstorage to None, run_after=None
[2025-08-26T19:13:35.790+0000] {processor.py:208} INFO - Processing /home/airflow/.local/lib/python3.12/site-packages/airflow/example_dags/tutorial_objectstorage.py took 0.030 seconds
[2025-08-26T19:14:06.664+0000] {processor.py:186} INFO - Started process (PID=3852) to work on /home/airflow/.local/lib/python3.12/site-packages/airflow/example_dags/tutorial_objectstorage.py
[2025-08-26T19:14:06.665+0000] {processor.py:914} INFO - Processing file /home/airflow/.local/lib/python3.12/site-packages/airflow/example_dags/tutorial_objectstorage.py for tasks to queue
[2025-08-26T19:14:06.666+0000] {logging_mixin.py:190} INFO - [2025-08-26T19:14:06.666+0000] {dagbag.py:588} INFO - Filling up the DagBag from /home/airflow/.local/lib/python3.12/site-packages/airflow/example_dags/tutorial_objectstorage.py
[2025-08-26T19:14:06.670+0000] {processor.py:925} INFO - DAG(s) 'tutorial_objectstorage' retrieved from /home/airflow/.local/lib/python3.12/site-packages/airflow/example_dags/tutorial_objectstorage.py
[2025-08-26T19:14:06.677+0000] {logging_mixin.py:190} INFO - [2025-08-26T19:14:06.677+0000] {dag.py:3239} INFO - Sync 1 DAGs
[2025-08-26T19:14:06.682+0000] {logging_mixin.py:190} INFO - [2025-08-26T19:14:06.682+0000] {dag.py:4180} INFO - Setting next_dagrun for tutorial_objectstorage to None, run_after=None
[2025-08-26T19:14:06.687+0000] {processor.py:208} INFO - Processing /home/airflow/.local/lib/python3.12/site-packages/airflow/example_dags/tutorial_objectstorage.py took 0.025 seconds
[2025-08-26T19:14:37.622+0000] {processor.py:186} INFO - Started process (PID=3915) to work on /home/airflow/.local/lib/python3.12/site-packages/airflow/example_dags/tutorial_objectstorage.py
[2025-08-26T19:14:37.623+0000] {processor.py:914} INFO - Processing file /home/airflow/.local/lib/python3.12/site-packages/airflow/example_dags/tutorial_objectstorage.py for tasks to queue
[2025-08-26T19:14:37.624+0000] {logging_mixin.py:190} INFO - [2025-08-26T19:14:37.623+0000] {dagbag.py:588} INFO - Filling up the DagBag from /home/airflow/.local/lib/python3.12/site-packages/airflow/example_dags/tutorial_objectstorage.py
[2025-08-26T19:14:37.627+0000] {processor.py:925} INFO - DAG(s) 'tutorial_objectstorage' retrieved from /home/airflow/.local/lib/python3.12/site-packages/airflow/example_dags/tutorial_objectstorage.py
[2025-08-26T19:14:37.634+0000] {logging_mixin.py:190} INFO - [2025-08-26T19:14:37.634+0000] {dag.py:3239} INFO - Sync 1 DAGs
[2025-08-26T19:14:37.642+0000] {logging_mixin.py:190} INFO - [2025-08-26T19:14:37.642+0000] {dag.py:4180} INFO - Setting next_dagrun for tutorial_objectstorage to None, run_after=None
[2025-08-26T19:14:37.652+0000] {processor.py:208} INFO - Processing /home/airflow/.local/lib/python3.12/site-packages/airflow/example_dags/tutorial_objectstorage.py took 0.032 seconds
