[2025-08-28T08:45:03.898+0000] {local_task_job_runner.py:123} INFO - ::group::Pre task execution logs
[2025-08-28T08:45:03.905+0000] {taskinstance.py:2612} INFO - Dependencies all met for dep_context=non-requeueable deps ti=<TaskInstance: unemployment_etl_dag.merge_cz_files manual__2025-08-28T08:44:15.888756+00:00 [queued]>
[2025-08-28T08:45:03.909+0000] {taskinstance.py:2612} INFO - Dependencies all met for dep_context=requeueable deps ti=<TaskInstance: unemployment_etl_dag.merge_cz_files manual__2025-08-28T08:44:15.888756+00:00 [queued]>
[2025-08-28T08:45:03.909+0000] {taskinstance.py:2865} INFO - Starting attempt 1 of 1
[2025-08-28T08:45:03.914+0000] {taskinstance.py:2888} INFO - Executing <Task(PythonOperator): merge_cz_files> on 2025-08-28 08:44:15.888756+00:00
[2025-08-28T08:45:03.917+0000] {warnings.py:112} WARNING - /home/***/.local/lib/python3.12/site-packages/***/task/task_runner/standard_task_runner.py:70: DeprecationWarning: This process (pid=495) is multi-threaded, use of fork() may lead to deadlocks in the child.
  pid = os.fork()

[2025-08-28T08:45:03.918+0000] {standard_task_runner.py:72} INFO - Started process 499 to run task
[2025-08-28T08:45:03.919+0000] {standard_task_runner.py:104} INFO - Running: ['***', 'tasks', 'run', 'unemployment_etl_dag', 'merge_cz_files', 'manual__2025-08-28T08:44:15.888756+00:00', '--job-id', '19', '--raw', '--subdir', 'DAGS_FOLDER/unemployment_etl_dag.py', '--cfg-path', '/tmp/tmpovzif1kp']
[2025-08-28T08:45:03.919+0000] {standard_task_runner.py:105} INFO - Job 19: Subtask merge_cz_files
[2025-08-28T08:45:03.936+0000] {task_command.py:467} INFO - Running <TaskInstance: unemployment_etl_dag.merge_cz_files manual__2025-08-28T08:44:15.888756+00:00 [running]> on host 6c81a3d5d2a8
[2025-08-28T08:45:03.962+0000] {taskinstance.py:3131} INFO - Exporting env vars: AIRFLOW_CTX_DAG_OWNER='***' AIRFLOW_CTX_DAG_ID='unemployment_etl_dag' AIRFLOW_CTX_TASK_ID='merge_cz_files' AIRFLOW_CTX_EXECUTION_DATE='2025-08-28T08:44:15.888756+00:00' AIRFLOW_CTX_TRY_NUMBER='1' AIRFLOW_CTX_DAG_RUN_ID='manual__2025-08-28T08:44:15.888756+00:00'
[2025-08-28T08:45:03.963+0000] {logging_mixin.py:190} INFO - Task instance is in running state
[2025-08-28T08:45:03.963+0000] {logging_mixin.py:190} INFO -  Previous state of the Task instance: queued
[2025-08-28T08:45:03.963+0000] {logging_mixin.py:190} INFO - Current task name:merge_cz_files state:running start_date:2025-08-28 08:45:03.905979+00:00
[2025-08-28T08:45:03.963+0000] {logging_mixin.py:190} INFO - Dag name:unemployment_etl_dag and current dag run status:running
[2025-08-28T08:45:03.963+0000] {taskinstance.py:731} INFO - ::endgroup::
[2025-08-28T08:45:03.977+0000] {logging_mixin.py:190} INFO - Merged file saved: data/merged/CZ_merged.csv
[2025-08-28T08:45:03.977+0000] {python.py:240} INFO - Done. Returned value was:     country  ...  youth_female_unemployment_rate
23  Czechia  ...                          17.382
22  Czechia  ...                          17.293
21  Czechia  ...                          17.222
20  Czechia  ...                          18.809
19  Czechia  ...                          19.474
18  Czechia  ...                          19.079
17  Czechia  ...                          18.646
16  Czechia  ...                          10.967
15  Czechia  ...                           9.928
14  Czechia  ...                          16.699
13  Czechia  ...                          18.486
12  Czechia  ...                          17.962
11  Czechia  ...                          18.996
10  Czechia  ...                          19.447
9   Czechia  ...                          17.101
8   Czechia  ...                          14.434
7   Czechia  ...                          11.397
6   Czechia  ...                           8.745
5   Czechia  ...                           7.194
4   Czechia  ...                           5.989
3   Czechia  ...                           9.139
2   Czechia  ...                           9.044
1   Czechia  ...                           7.912
0   Czechia  ...                           8.880

[24 rows x 14 columns]
[2025-08-28T08:45:04.023+0000] {taskinstance.py:340} INFO - ::group::Post task execution logs
[2025-08-28T08:45:04.023+0000] {taskinstance.py:352} INFO - Marking task as SUCCESS. dag_id=unemployment_etl_dag, task_id=merge_cz_files, run_id=manual__2025-08-28T08:44:15.888756+00:00, execution_date=20250828T084415, start_date=20250828T084503, end_date=20250828T084504
[2025-08-28T08:45:04.025+0000] {logging_mixin.py:190} INFO - Task instance in success state
[2025-08-28T08:45:04.026+0000] {logging_mixin.py:190} INFO -  Previous state of the Task instance: running
[2025-08-28T08:45:04.026+0000] {logging_mixin.py:190} INFO - Dag name:unemployment_etl_dag queued_at:2025-08-28 08:44:15.907244+00:00
[2025-08-28T08:45:04.026+0000] {logging_mixin.py:190} INFO - Task hostname:6c81a3d5d2a8 operator:PythonOperator
[2025-08-28T08:45:04.058+0000] {local_task_job_runner.py:266} INFO - Task exited with return code 0
[2025-08-28T08:45:04.063+0000] {taskinstance.py:3900} INFO - 0 downstream tasks scheduled from follow-on schedule check
[2025-08-28T08:45:04.063+0000] {local_task_job_runner.py:245} INFO - ::endgroup::
