[2025-08-27T10:05:50.118+0000] {local_task_job_runner.py:123} INFO - ::group::Pre task execution logs
[2025-08-27T10:05:50.125+0000] {taskinstance.py:2612} INFO - Dependencies all met for dep_context=non-requeueable deps ti=<TaskInstance: unemployment_etl_dag.run_etl manual__2025-08-27T10:05:49.315095+00:00 [queued]>
[2025-08-27T10:05:50.128+0000] {taskinstance.py:2612} INFO - Dependencies all met for dep_context=requeueable deps ti=<TaskInstance: unemployment_etl_dag.run_etl manual__2025-08-27T10:05:49.315095+00:00 [queued]>
[2025-08-27T10:05:50.128+0000] {taskinstance.py:2865} INFO - Starting attempt 1 of 1
[2025-08-27T10:05:50.133+0000] {taskinstance.py:2888} INFO - Executing <Task(PythonOperator): run_etl> on 2025-08-27 10:05:49.315095+00:00
[2025-08-27T10:05:50.137+0000] {warnings.py:112} WARNING - /home/***/.local/lib/python3.12/site-packages/***/task/task_runner/standard_task_runner.py:70: DeprecationWarning: This process (pid=1714) is multi-threaded, use of fork() may lead to deadlocks in the child.
  pid = os.fork()

[2025-08-27T10:05:50.138+0000] {standard_task_runner.py:72} INFO - Started process 1716 to run task
[2025-08-27T10:05:50.139+0000] {standard_task_runner.py:104} INFO - Running: ['***', 'tasks', 'run', 'unemployment_etl_dag', 'run_etl', 'manual__2025-08-27T10:05:49.315095+00:00', '--job-id', '10', '--raw', '--subdir', 'DAGS_FOLDER/unemployment_etl_dag.py', '--cfg-path', '/tmp/tmpzq16yyml']
[2025-08-27T10:05:50.139+0000] {standard_task_runner.py:105} INFO - Job 10: Subtask run_etl
[2025-08-27T10:05:50.163+0000] {task_command.py:467} INFO - Running <TaskInstance: unemployment_etl_dag.run_etl manual__2025-08-27T10:05:49.315095+00:00 [running]> on host 6c81a3d5d2a8
[2025-08-27T10:05:50.206+0000] {taskinstance.py:3131} INFO - Exporting env vars: AIRFLOW_CTX_DAG_OWNER='***' AIRFLOW_CTX_DAG_ID='unemployment_etl_dag' AIRFLOW_CTX_TASK_ID='run_etl' AIRFLOW_CTX_EXECUTION_DATE='2025-08-27T10:05:49.315095+00:00' AIRFLOW_CTX_TRY_NUMBER='1' AIRFLOW_CTX_DAG_RUN_ID='manual__2025-08-27T10:05:49.315095+00:00'
[2025-08-27T10:05:50.207+0000] {logging_mixin.py:190} INFO - Task instance is in running state
[2025-08-27T10:05:50.207+0000] {logging_mixin.py:190} INFO -  Previous state of the Task instance: queued
[2025-08-27T10:05:50.207+0000] {logging_mixin.py:190} INFO - Current task name:run_etl state:running start_date:2025-08-27 10:05:50.125864+00:00
[2025-08-27T10:05:50.208+0000] {logging_mixin.py:190} INFO - Dag name:unemployment_etl_dag and current dag run status:running
[2025-08-27T10:05:50.208+0000] {taskinstance.py:731} INFO - ::endgroup::
[2025-08-27T10:05:50.478+0000] {logging_mixin.py:190} INFO - Saved: /opt/***/data/raw/unemployment_CZ_total_unemployment_rate.json and /opt/***/data/processed/unemployment_CZ_total_unemployment_rate.csv
[2025-08-27T10:05:51.770+0000] {logging_mixin.py:190} INFO - Saved: /opt/***/data/raw/unemployment_CZ_male_unemployment_rate.json and /opt/***/data/processed/unemployment_CZ_male_unemployment_rate.csv
[2025-08-27T10:05:53.381+0000] {logging_mixin.py:190} INFO - Saved: /opt/***/data/raw/unemployment_CZ_female_unemployment_rate.json and /opt/***/data/processed/unemployment_CZ_female_unemployment_rate.csv
[2025-08-27T10:05:54.711+0000] {logging_mixin.py:190} INFO - Saved: /opt/***/data/raw/unemployment_CZ_youth_unemployment_rate.json and /opt/***/data/processed/unemployment_CZ_youth_unemployment_rate.csv
[2025-08-27T10:05:56.272+0000] {logging_mixin.py:190} INFO - Saved: /opt/***/data/raw/unemployment_CZ_youth_male_unemployment_rate.json and /opt/***/data/processed/unemployment_CZ_youth_male_unemployment_rate.csv
[2025-08-27T10:05:57.505+0000] {logging_mixin.py:190} INFO - Saved: /opt/***/data/raw/unemployment_CZ_youth_female_unemployment_rate.json and /opt/***/data/processed/unemployment_CZ_youth_female_unemployment_rate.csv
[2025-08-27T10:05:58.738+0000] {logging_mixin.py:190} INFO - Saved: /opt/***/data/raw/unemployment_CZ_unemployment_rate_basic_education_male.json and /opt/***/data/processed/unemployment_CZ_unemployment_rate_basic_education_male.csv
[2025-08-27T10:05:59.976+0000] {logging_mixin.py:190} INFO - Saved: /opt/***/data/raw/unemployment_CZ_unemployment_rate_intermediate_education_male.json and /opt/***/data/processed/unemployment_CZ_unemployment_rate_intermediate_education_male.csv
[2025-08-27T10:06:01.210+0000] {logging_mixin.py:190} INFO - Saved: /opt/***/data/raw/unemployment_CZ_unemployment_rate_advanced_education_male.json and /opt/***/data/processed/unemployment_CZ_unemployment_rate_advanced_education_male.csv
[2025-08-27T10:06:02.454+0000] {logging_mixin.py:190} INFO - Saved: /opt/***/data/raw/unemployment_CZ_unemployment_rate_basic_education_female.json and /opt/***/data/processed/unemployment_CZ_unemployment_rate_basic_education_female.csv
[2025-08-27T10:06:03.923+0000] {logging_mixin.py:190} INFO - Saved: /opt/***/data/raw/unemployment_CZ_unemployment_rate_intermediate_education_female.json and /opt/***/data/processed/unemployment_CZ_unemployment_rate_intermediate_education_female.csv
[2025-08-27T10:06:05.155+0000] {logging_mixin.py:190} INFO - Saved: /opt/***/data/raw/unemployment_CZ_unemployment_rate_advanced_education_female.json and /opt/***/data/processed/unemployment_CZ_unemployment_rate_advanced_education_female.csv
[2025-08-27T10:06:06.489+0000] {logging_mixin.py:190} INFO - Saved: /opt/***/data/raw/unemployment_EUU_total_unemployment_rate.json and /opt/***/data/processed/unemployment_EUU_total_unemployment_rate.csv
[2025-08-27T10:06:07.689+0000] {logging_mixin.py:190} INFO - Saved: /opt/***/data/raw/unemployment_EUU_male_unemployment_rate.json and /opt/***/data/processed/unemployment_EUU_male_unemployment_rate.csv
[2025-08-27T10:06:08.974+0000] {logging_mixin.py:190} INFO - Saved: /opt/***/data/raw/unemployment_EUU_female_unemployment_rate.json and /opt/***/data/processed/unemployment_EUU_female_unemployment_rate.csv
[2025-08-27T10:06:10.376+0000] {logging_mixin.py:190} INFO - Saved: /opt/***/data/raw/unemployment_EUU_youth_unemployment_rate.json and /opt/***/data/processed/unemployment_EUU_youth_unemployment_rate.csv
[2025-08-27T10:06:11.960+0000] {logging_mixin.py:190} INFO - Saved: /opt/***/data/raw/unemployment_EUU_youth_male_unemployment_rate.json and /opt/***/data/processed/unemployment_EUU_youth_male_unemployment_rate.csv
[2025-08-27T10:06:13.210+0000] {logging_mixin.py:190} INFO - Saved: /opt/***/data/raw/unemployment_EUU_youth_female_unemployment_rate.json and /opt/***/data/processed/unemployment_EUU_youth_female_unemployment_rate.csv
[2025-08-27T10:06:14.578+0000] {logging_mixin.py:190} INFO - Saved: /opt/***/data/raw/unemployment_EUU_unemployment_rate_basic_education_male.json and /opt/***/data/processed/unemployment_EUU_unemployment_rate_basic_education_male.csv
[2025-08-27T10:06:15.816+0000] {logging_mixin.py:190} INFO - Saved: /opt/***/data/raw/unemployment_EUU_unemployment_rate_intermediate_education_male.json and /opt/***/data/processed/unemployment_EUU_unemployment_rate_intermediate_education_male.csv
[2025-08-27T10:06:17.055+0000] {logging_mixin.py:190} INFO - Saved: /opt/***/data/raw/unemployment_EUU_unemployment_rate_advanced_education_male.json and /opt/***/data/processed/unemployment_EUU_unemployment_rate_advanced_education_male.csv
[2025-08-27T10:06:18.279+0000] {logging_mixin.py:190} INFO - Saved: /opt/***/data/raw/unemployment_EUU_unemployment_rate_basic_education_female.json and /opt/***/data/processed/unemployment_EUU_unemployment_rate_basic_education_female.csv
[2025-08-27T10:06:19.481+0000] {logging_mixin.py:190} INFO - Saved: /opt/***/data/raw/unemployment_EUU_unemployment_rate_intermediate_education_female.json and /opt/***/data/processed/unemployment_EUU_unemployment_rate_intermediate_education_female.csv
[2025-08-27T10:06:21.134+0000] {logging_mixin.py:190} INFO - Saved: /opt/***/data/raw/unemployment_EUU_unemployment_rate_advanced_education_female.json and /opt/***/data/processed/unemployment_EUU_unemployment_rate_advanced_education_female.csv
[2025-08-27T10:06:22.137+0000] {python.py:240} INFO - Done. Returned value was: None
[2025-08-27T10:06:22.148+0000] {taskinstance.py:340} INFO - ::group::Post task execution logs
[2025-08-27T10:06:22.149+0000] {taskinstance.py:352} INFO - Marking task as SUCCESS. dag_id=unemployment_etl_dag, task_id=run_etl, run_id=manual__2025-08-27T10:05:49.315095+00:00, execution_date=20250827T100549, start_date=20250827T100550, end_date=20250827T100622
[2025-08-27T10:06:22.156+0000] {logging_mixin.py:190} INFO - Task instance in success state
[2025-08-27T10:06:22.156+0000] {logging_mixin.py:190} INFO -  Previous state of the Task instance: running
[2025-08-27T10:06:22.156+0000] {logging_mixin.py:190} INFO - Dag name:unemployment_etl_dag queued_at:2025-08-27 10:05:49.321974+00:00
[2025-08-27T10:06:22.156+0000] {logging_mixin.py:190} INFO - Task hostname:6c81a3d5d2a8 operator:PythonOperator
[2025-08-27T10:06:22.198+0000] {local_task_job_runner.py:266} INFO - Task exited with return code 0
[2025-08-27T10:06:22.220+0000] {taskinstance.py:3900} INFO - 2 downstream tasks scheduled from follow-on schedule check
[2025-08-27T10:06:22.221+0000] {local_task_job_runner.py:245} INFO - ::endgroup::
