[2025-08-27T08:17:00.896+0000] {local_task_job_runner.py:123} INFO - ::group::Pre task execution logs
[2025-08-27T08:17:00.900+0000] {taskinstance.py:2612} INFO - Dependencies all met for dep_context=non-requeueable deps ti=<TaskInstance: hello_world_dag.say_hello_task manual__2025-08-27T08:16:59.399422+00:00 [queued]>
[2025-08-27T08:17:00.902+0000] {taskinstance.py:2612} INFO - Dependencies all met for dep_context=requeueable deps ti=<TaskInstance: hello_world_dag.say_hello_task manual__2025-08-27T08:16:59.399422+00:00 [queued]>
[2025-08-27T08:17:00.902+0000] {taskinstance.py:2865} INFO - Starting attempt 1 of 1
[2025-08-27T08:17:00.906+0000] {taskinstance.py:2888} INFO - Executing <Task(PythonOperator): say_hello_task> on 2025-08-27 08:16:59.399422+00:00
[2025-08-27T08:17:00.908+0000] {warnings.py:112} WARNING - /home/***/.local/lib/python3.12/site-packages/***/task/task_runner/standard_task_runner.py:70: DeprecationWarning: This process (pid=440) is multi-threaded, use of fork() may lead to deadlocks in the child.
  pid = os.fork()

[2025-08-27T08:17:00.909+0000] {standard_task_runner.py:72} INFO - Started process 442 to run task
[2025-08-27T08:17:00.909+0000] {standard_task_runner.py:104} INFO - Running: ['***', 'tasks', 'run', 'hello_world_dag', 'say_hello_task', 'manual__2025-08-27T08:16:59.399422+00:00', '--job-id', '7', '--raw', '--subdir', 'DAGS_FOLDER/hello_world.py', '--cfg-path', '/tmp/tmpz2v095wa']
[2025-08-27T08:17:00.909+0000] {standard_task_runner.py:105} INFO - Job 7: Subtask say_hello_task
[2025-08-27T08:17:00.924+0000] {task_command.py:467} INFO - Running <TaskInstance: hello_world_dag.say_hello_task manual__2025-08-27T08:16:59.399422+00:00 [running]> on host 6c81a3d5d2a8
[2025-08-27T08:17:00.945+0000] {taskinstance.py:3131} INFO - Exporting env vars: AIRFLOW_CTX_DAG_OWNER='***' AIRFLOW_CTX_DAG_ID='hello_world_dag' AIRFLOW_CTX_TASK_ID='say_hello_task' AIRFLOW_CTX_EXECUTION_DATE='2025-08-27T08:16:59.399422+00:00' AIRFLOW_CTX_TRY_NUMBER='1' AIRFLOW_CTX_DAG_RUN_ID='manual__2025-08-27T08:16:59.399422+00:00'
[2025-08-27T08:17:00.945+0000] {logging_mixin.py:190} INFO - Task instance is in running state
[2025-08-27T08:17:00.945+0000] {logging_mixin.py:190} INFO -  Previous state of the Task instance: queued
[2025-08-27T08:17:00.945+0000] {logging_mixin.py:190} INFO - Current task name:say_hello_task state:running start_date:2025-08-27 08:17:00.900743+00:00
[2025-08-27T08:17:00.945+0000] {logging_mixin.py:190} INFO - Dag name:hello_world_dag and current dag run status:running
[2025-08-27T08:17:00.946+0000] {taskinstance.py:731} INFO - ::endgroup::
[2025-08-27T08:17:00.946+0000] {logging_mixin.py:190} INFO - Hello World from Airflow!
[2025-08-27T08:17:00.946+0000] {python.py:240} INFO - Done. Returned value was: None
[2025-08-27T08:17:00.948+0000] {taskinstance.py:340} INFO - ::group::Post task execution logs
[2025-08-27T08:17:00.948+0000] {taskinstance.py:352} INFO - Marking task as SUCCESS. dag_id=hello_world_dag, task_id=say_hello_task, run_id=manual__2025-08-27T08:16:59.399422+00:00, execution_date=20250827T081659, start_date=20250827T081700, end_date=20250827T081700
[2025-08-27T08:17:00.951+0000] {logging_mixin.py:190} INFO - Task instance in success state
[2025-08-27T08:17:00.951+0000] {logging_mixin.py:190} INFO -  Previous state of the Task instance: running
[2025-08-27T08:17:00.951+0000] {logging_mixin.py:190} INFO - Dag name:hello_world_dag queued_at:2025-08-27 08:16:59.413370+00:00
[2025-08-27T08:17:00.951+0000] {logging_mixin.py:190} INFO - Task hostname:6c81a3d5d2a8 operator:PythonOperator
[2025-08-27T08:17:00.966+0000] {local_task_job_runner.py:266} INFO - Task exited with return code 0
[2025-08-27T08:17:00.971+0000] {taskinstance.py:3900} INFO - 0 downstream tasks scheduled from follow-on schedule check
[2025-08-27T08:17:00.972+0000] {local_task_job_runner.py:245} INFO - ::endgroup::
