[2025-08-27T07:49:17.895+0000] {processor.py:186} INFO - Started process (PID=95) to work on /home/airflow/.local/lib/python3.12/site-packages/airflow/example_dags/example_branch_python_dop_operator_3.py
[2025-08-27T07:49:17.897+0000] {processor.py:914} INFO - Processing file /home/airflow/.local/lib/python3.12/site-packages/airflow/example_dags/example_branch_python_dop_operator_3.py for tasks to queue
[2025-08-27T07:49:17.898+0000] {logging_mixin.py:190} INFO - [2025-08-27T07:49:17.898+0000] {dagbag.py:588} INFO - Filling up the DagBag from /home/airflow/.local/lib/python3.12/site-packages/airflow/example_dags/example_branch_python_dop_operator_3.py
[2025-08-27T07:49:17.902+0000] {processor.py:925} INFO - DAG(s) 'example_branch_dop_operator_v3' retrieved from /home/airflow/.local/lib/python3.12/site-packages/airflow/example_dags/example_branch_python_dop_operator_3.py
[2025-08-27T07:49:17.908+0000] {logging_mixin.py:190} INFO - [2025-08-27T07:49:17.908+0000] {dag.py:3239} INFO - Sync 1 DAGs
[2025-08-27T07:49:17.918+0000] {logging_mixin.py:190} INFO - [2025-08-27T07:49:17.918+0000] {dag.py:4180} INFO - Setting next_dagrun for example_branch_dop_operator_v3 to 2025-08-27 07:48:00+00:00, run_after=2025-08-27 07:49:00+00:00
[2025-08-27T07:49:17.923+0000] {processor.py:208} INFO - Processing /home/airflow/.local/lib/python3.12/site-packages/airflow/example_dags/example_branch_python_dop_operator_3.py took 0.030 seconds
[2025-08-27T07:49:48.551+0000] {processor.py:186} INFO - Started process (PID=158) to work on /home/airflow/.local/lib/python3.12/site-packages/airflow/example_dags/example_branch_python_dop_operator_3.py
[2025-08-27T07:49:48.552+0000] {processor.py:914} INFO - Processing file /home/airflow/.local/lib/python3.12/site-packages/airflow/example_dags/example_branch_python_dop_operator_3.py for tasks to queue
[2025-08-27T07:49:48.553+0000] {logging_mixin.py:190} INFO - [2025-08-27T07:49:48.553+0000] {dagbag.py:588} INFO - Filling up the DagBag from /home/airflow/.local/lib/python3.12/site-packages/airflow/example_dags/example_branch_python_dop_operator_3.py
[2025-08-27T07:49:48.557+0000] {processor.py:925} INFO - DAG(s) 'example_branch_dop_operator_v3' retrieved from /home/airflow/.local/lib/python3.12/site-packages/airflow/example_dags/example_branch_python_dop_operator_3.py
[2025-08-27T07:49:48.564+0000] {logging_mixin.py:190} INFO - [2025-08-27T07:49:48.564+0000] {dag.py:3239} INFO - Sync 1 DAGs
[2025-08-27T07:49:48.572+0000] {logging_mixin.py:190} INFO - [2025-08-27T07:49:48.572+0000] {dag.py:4180} INFO - Setting next_dagrun for example_branch_dop_operator_v3 to 2025-08-27 07:48:00+00:00, run_after=2025-08-27 07:49:00+00:00
[2025-08-27T07:49:48.579+0000] {processor.py:208} INFO - Processing /home/airflow/.local/lib/python3.12/site-packages/airflow/example_dags/example_branch_python_dop_operator_3.py took 0.031 seconds
[2025-08-27T07:50:19.179+0000] {processor.py:186} INFO - Started process (PID=221) to work on /home/airflow/.local/lib/python3.12/site-packages/airflow/example_dags/example_branch_python_dop_operator_3.py
[2025-08-27T07:50:19.180+0000] {processor.py:914} INFO - Processing file /home/airflow/.local/lib/python3.12/site-packages/airflow/example_dags/example_branch_python_dop_operator_3.py for tasks to queue
[2025-08-27T07:50:19.181+0000] {logging_mixin.py:190} INFO - [2025-08-27T07:50:19.180+0000] {dagbag.py:588} INFO - Filling up the DagBag from /home/airflow/.local/lib/python3.12/site-packages/airflow/example_dags/example_branch_python_dop_operator_3.py
[2025-08-27T07:50:19.184+0000] {processor.py:925} INFO - DAG(s) 'example_branch_dop_operator_v3' retrieved from /home/airflow/.local/lib/python3.12/site-packages/airflow/example_dags/example_branch_python_dop_operator_3.py
[2025-08-27T07:50:19.190+0000] {logging_mixin.py:190} INFO - [2025-08-27T07:50:19.190+0000] {dag.py:3239} INFO - Sync 1 DAGs
[2025-08-27T07:50:19.198+0000] {logging_mixin.py:190} INFO - [2025-08-27T07:50:19.198+0000] {dag.py:4180} INFO - Setting next_dagrun for example_branch_dop_operator_v3 to 2025-08-27 07:49:00+00:00, run_after=2025-08-27 07:50:00+00:00
[2025-08-27T07:50:19.203+0000] {processor.py:208} INFO - Processing /home/airflow/.local/lib/python3.12/site-packages/airflow/example_dags/example_branch_python_dop_operator_3.py took 0.025 seconds
[2025-08-27T07:50:49.811+0000] {processor.py:186} INFO - Started process (PID=284) to work on /home/airflow/.local/lib/python3.12/site-packages/airflow/example_dags/example_branch_python_dop_operator_3.py
[2025-08-27T07:50:49.811+0000] {processor.py:914} INFO - Processing file /home/airflow/.local/lib/python3.12/site-packages/airflow/example_dags/example_branch_python_dop_operator_3.py for tasks to queue
[2025-08-27T07:50:49.812+0000] {logging_mixin.py:190} INFO - [2025-08-27T07:50:49.812+0000] {dagbag.py:588} INFO - Filling up the DagBag from /home/airflow/.local/lib/python3.12/site-packages/airflow/example_dags/example_branch_python_dop_operator_3.py
[2025-08-27T07:50:49.815+0000] {processor.py:925} INFO - DAG(s) 'example_branch_dop_operator_v3' retrieved from /home/airflow/.local/lib/python3.12/site-packages/airflow/example_dags/example_branch_python_dop_operator_3.py
[2025-08-27T07:50:49.824+0000] {logging_mixin.py:190} INFO - [2025-08-27T07:50:49.823+0000] {dag.py:3239} INFO - Sync 1 DAGs
[2025-08-27T07:50:49.832+0000] {logging_mixin.py:190} INFO - [2025-08-27T07:50:49.832+0000] {dag.py:4180} INFO - Setting next_dagrun for example_branch_dop_operator_v3 to 2025-08-27 07:49:00+00:00, run_after=2025-08-27 07:50:00+00:00
[2025-08-27T07:50:49.838+0000] {processor.py:208} INFO - Processing /home/airflow/.local/lib/python3.12/site-packages/airflow/example_dags/example_branch_python_dop_operator_3.py took 0.029 seconds
[2025-08-27T07:51:20.379+0000] {processor.py:186} INFO - Started process (PID=346) to work on /home/airflow/.local/lib/python3.12/site-packages/airflow/example_dags/example_branch_python_dop_operator_3.py
[2025-08-27T07:51:20.381+0000] {processor.py:914} INFO - Processing file /home/airflow/.local/lib/python3.12/site-packages/airflow/example_dags/example_branch_python_dop_operator_3.py for tasks to queue
[2025-08-27T07:51:20.382+0000] {logging_mixin.py:190} INFO - [2025-08-27T07:51:20.382+0000] {dagbag.py:588} INFO - Filling up the DagBag from /home/airflow/.local/lib/python3.12/site-packages/airflow/example_dags/example_branch_python_dop_operator_3.py
[2025-08-27T07:51:20.386+0000] {processor.py:925} INFO - DAG(s) 'example_branch_dop_operator_v3' retrieved from /home/airflow/.local/lib/python3.12/site-packages/airflow/example_dags/example_branch_python_dop_operator_3.py
[2025-08-27T07:51:20.392+0000] {logging_mixin.py:190} INFO - [2025-08-27T07:51:20.392+0000] {dag.py:3239} INFO - Sync 1 DAGs
[2025-08-27T07:51:20.401+0000] {logging_mixin.py:190} INFO - [2025-08-27T07:51:20.401+0000] {dag.py:4180} INFO - Setting next_dagrun for example_branch_dop_operator_v3 to 2025-08-27 07:50:00+00:00, run_after=2025-08-27 07:51:00+00:00
[2025-08-27T07:51:20.409+0000] {processor.py:208} INFO - Processing /home/airflow/.local/lib/python3.12/site-packages/airflow/example_dags/example_branch_python_dop_operator_3.py took 0.032 seconds
[2025-08-27T07:51:51.026+0000] {processor.py:186} INFO - Started process (PID=409) to work on /home/airflow/.local/lib/python3.12/site-packages/airflow/example_dags/example_branch_python_dop_operator_3.py
[2025-08-27T07:51:51.027+0000] {processor.py:914} INFO - Processing file /home/airflow/.local/lib/python3.12/site-packages/airflow/example_dags/example_branch_python_dop_operator_3.py for tasks to queue
[2025-08-27T07:51:51.027+0000] {logging_mixin.py:190} INFO - [2025-08-27T07:51:51.027+0000] {dagbag.py:588} INFO - Filling up the DagBag from /home/airflow/.local/lib/python3.12/site-packages/airflow/example_dags/example_branch_python_dop_operator_3.py
[2025-08-27T07:51:51.031+0000] {processor.py:925} INFO - DAG(s) 'example_branch_dop_operator_v3' retrieved from /home/airflow/.local/lib/python3.12/site-packages/airflow/example_dags/example_branch_python_dop_operator_3.py
[2025-08-27T07:51:51.037+0000] {logging_mixin.py:190} INFO - [2025-08-27T07:51:51.037+0000] {dag.py:3239} INFO - Sync 1 DAGs
[2025-08-27T07:51:51.045+0000] {logging_mixin.py:190} INFO - [2025-08-27T07:51:51.045+0000] {dag.py:4180} INFO - Setting next_dagrun for example_branch_dop_operator_v3 to 2025-08-27 07:50:00+00:00, run_after=2025-08-27 07:51:00+00:00
[2025-08-27T07:51:51.049+0000] {processor.py:208} INFO - Processing /home/airflow/.local/lib/python3.12/site-packages/airflow/example_dags/example_branch_python_dop_operator_3.py took 0.025 seconds
[2025-08-27T07:52:21.669+0000] {processor.py:186} INFO - Started process (PID=472) to work on /home/airflow/.local/lib/python3.12/site-packages/airflow/example_dags/example_branch_python_dop_operator_3.py
[2025-08-27T07:52:21.669+0000] {processor.py:914} INFO - Processing file /home/airflow/.local/lib/python3.12/site-packages/airflow/example_dags/example_branch_python_dop_operator_3.py for tasks to queue
[2025-08-27T07:52:21.670+0000] {logging_mixin.py:190} INFO - [2025-08-27T07:52:21.670+0000] {dagbag.py:588} INFO - Filling up the DagBag from /home/airflow/.local/lib/python3.12/site-packages/airflow/example_dags/example_branch_python_dop_operator_3.py
[2025-08-27T07:52:21.675+0000] {processor.py:925} INFO - DAG(s) 'example_branch_dop_operator_v3' retrieved from /home/airflow/.local/lib/python3.12/site-packages/airflow/example_dags/example_branch_python_dop_operator_3.py
[2025-08-27T07:52:21.686+0000] {logging_mixin.py:190} INFO - [2025-08-27T07:52:21.686+0000] {dag.py:3239} INFO - Sync 1 DAGs
[2025-08-27T07:52:21.697+0000] {logging_mixin.py:190} INFO - [2025-08-27T07:52:21.697+0000] {dag.py:4180} INFO - Setting next_dagrun for example_branch_dop_operator_v3 to 2025-08-27 07:51:00+00:00, run_after=2025-08-27 07:52:00+00:00
[2025-08-27T07:52:21.707+0000] {processor.py:208} INFO - Processing /home/airflow/.local/lib/python3.12/site-packages/airflow/example_dags/example_branch_python_dop_operator_3.py took 0.041 seconds
[2025-08-27T07:52:52.290+0000] {processor.py:186} INFO - Started process (PID=535) to work on /home/airflow/.local/lib/python3.12/site-packages/airflow/example_dags/example_branch_python_dop_operator_3.py
[2025-08-27T07:52:52.290+0000] {processor.py:914} INFO - Processing file /home/airflow/.local/lib/python3.12/site-packages/airflow/example_dags/example_branch_python_dop_operator_3.py for tasks to queue
[2025-08-27T07:52:52.291+0000] {logging_mixin.py:190} INFO - [2025-08-27T07:52:52.291+0000] {dagbag.py:588} INFO - Filling up the DagBag from /home/airflow/.local/lib/python3.12/site-packages/airflow/example_dags/example_branch_python_dop_operator_3.py
[2025-08-27T07:52:52.295+0000] {processor.py:925} INFO - DAG(s) 'example_branch_dop_operator_v3' retrieved from /home/airflow/.local/lib/python3.12/site-packages/airflow/example_dags/example_branch_python_dop_operator_3.py
[2025-08-27T07:52:52.302+0000] {logging_mixin.py:190} INFO - [2025-08-27T07:52:52.302+0000] {dag.py:3239} INFO - Sync 1 DAGs
[2025-08-27T07:52:52.311+0000] {logging_mixin.py:190} INFO - [2025-08-27T07:52:52.311+0000] {dag.py:4180} INFO - Setting next_dagrun for example_branch_dop_operator_v3 to 2025-08-27 07:51:00+00:00, run_after=2025-08-27 07:52:00+00:00
[2025-08-27T07:52:52.316+0000] {processor.py:208} INFO - Processing /home/airflow/.local/lib/python3.12/site-packages/airflow/example_dags/example_branch_python_dop_operator_3.py took 0.028 seconds
