[2025-08-27T07:49:16.867+0000] {processor.py:186} INFO - Started process (PID=64) to work on /home/airflow/.local/lib/python3.12/site-packages/airflow/example_dags/example_display_name.py
[2025-08-27T07:49:16.869+0000] {processor.py:914} INFO - Processing file /home/airflow/.local/lib/python3.12/site-packages/airflow/example_dags/example_display_name.py for tasks to queue
[2025-08-27T07:49:16.873+0000] {logging_mixin.py:190} INFO - [2025-08-27T07:49:16.872+0000] {dagbag.py:588} INFO - Filling up the DagBag from /home/airflow/.local/lib/python3.12/site-packages/airflow/example_dags/example_display_name.py
[2025-08-27T07:49:16.883+0000] {processor.py:925} INFO - DAG(s) 'example_display_name' retrieved from /home/airflow/.local/lib/python3.12/site-packages/airflow/example_dags/example_display_name.py
[2025-08-27T07:49:16.911+0000] {logging_mixin.py:190} INFO - [2025-08-27T07:49:16.910+0000] {dag.py:3239} INFO - Sync 1 DAGs
[2025-08-27T07:49:16.926+0000] {logging_mixin.py:190} INFO - [2025-08-27T07:49:16.926+0000] {dag.py:4180} INFO - Setting next_dagrun for example_display_name to None, run_after=None
[2025-08-27T07:49:16.949+0000] {processor.py:208} INFO - Processing /home/airflow/.local/lib/python3.12/site-packages/airflow/example_dags/example_display_name.py took 0.088 seconds
[2025-08-27T07:49:47.743+0000] {processor.py:186} INFO - Started process (PID=127) to work on /home/airflow/.local/lib/python3.12/site-packages/airflow/example_dags/example_display_name.py
[2025-08-27T07:49:47.743+0000] {processor.py:914} INFO - Processing file /home/airflow/.local/lib/python3.12/site-packages/airflow/example_dags/example_display_name.py for tasks to queue
[2025-08-27T07:49:47.744+0000] {logging_mixin.py:190} INFO - [2025-08-27T07:49:47.744+0000] {dagbag.py:588} INFO - Filling up the DagBag from /home/airflow/.local/lib/python3.12/site-packages/airflow/example_dags/example_display_name.py
[2025-08-27T07:49:47.746+0000] {processor.py:925} INFO - DAG(s) 'example_display_name' retrieved from /home/airflow/.local/lib/python3.12/site-packages/airflow/example_dags/example_display_name.py
[2025-08-27T07:49:47.753+0000] {logging_mixin.py:190} INFO - [2025-08-27T07:49:47.753+0000] {dag.py:3239} INFO - Sync 1 DAGs
[2025-08-27T07:49:47.758+0000] {logging_mixin.py:190} INFO - [2025-08-27T07:49:47.758+0000] {dag.py:4180} INFO - Setting next_dagrun for example_display_name to None, run_after=None
[2025-08-27T07:49:47.769+0000] {processor.py:208} INFO - Processing /home/airflow/.local/lib/python3.12/site-packages/airflow/example_dags/example_display_name.py took 0.028 seconds
[2025-08-27T07:50:18.361+0000] {processor.py:186} INFO - Started process (PID=190) to work on /home/airflow/.local/lib/python3.12/site-packages/airflow/example_dags/example_display_name.py
[2025-08-27T07:50:18.362+0000] {processor.py:914} INFO - Processing file /home/airflow/.local/lib/python3.12/site-packages/airflow/example_dags/example_display_name.py for tasks to queue
[2025-08-27T07:50:18.365+0000] {logging_mixin.py:190} INFO - [2025-08-27T07:50:18.365+0000] {dagbag.py:588} INFO - Filling up the DagBag from /home/airflow/.local/lib/python3.12/site-packages/airflow/example_dags/example_display_name.py
[2025-08-27T07:50:18.368+0000] {processor.py:925} INFO - DAG(s) 'example_display_name' retrieved from /home/airflow/.local/lib/python3.12/site-packages/airflow/example_dags/example_display_name.py
[2025-08-27T07:50:18.376+0000] {logging_mixin.py:190} INFO - [2025-08-27T07:50:18.376+0000] {dag.py:3239} INFO - Sync 1 DAGs
[2025-08-27T07:50:18.383+0000] {logging_mixin.py:190} INFO - [2025-08-27T07:50:18.383+0000] {dag.py:4180} INFO - Setting next_dagrun for example_display_name to None, run_after=None
[2025-08-27T07:50:18.393+0000] {processor.py:208} INFO - Processing /home/airflow/.local/lib/python3.12/site-packages/airflow/example_dags/example_display_name.py took 0.034 seconds
[2025-08-27T07:50:49.014+0000] {processor.py:186} INFO - Started process (PID=253) to work on /home/airflow/.local/lib/python3.12/site-packages/airflow/example_dags/example_display_name.py
[2025-08-27T07:50:49.015+0000] {processor.py:914} INFO - Processing file /home/airflow/.local/lib/python3.12/site-packages/airflow/example_dags/example_display_name.py for tasks to queue
[2025-08-27T07:50:49.016+0000] {logging_mixin.py:190} INFO - [2025-08-27T07:50:49.015+0000] {dagbag.py:588} INFO - Filling up the DagBag from /home/airflow/.local/lib/python3.12/site-packages/airflow/example_dags/example_display_name.py
[2025-08-27T07:50:49.019+0000] {processor.py:925} INFO - DAG(s) 'example_display_name' retrieved from /home/airflow/.local/lib/python3.12/site-packages/airflow/example_dags/example_display_name.py
[2025-08-27T07:50:49.027+0000] {logging_mixin.py:190} INFO - [2025-08-27T07:50:49.026+0000] {dag.py:3239} INFO - Sync 1 DAGs
[2025-08-27T07:50:49.033+0000] {logging_mixin.py:190} INFO - [2025-08-27T07:50:49.033+0000] {dag.py:4180} INFO - Setting next_dagrun for example_display_name to None, run_after=None
[2025-08-27T07:50:49.038+0000] {processor.py:208} INFO - Processing /home/airflow/.local/lib/python3.12/site-packages/airflow/example_dags/example_display_name.py took 0.025 seconds
[2025-08-27T07:51:19.593+0000] {processor.py:186} INFO - Started process (PID=315) to work on /home/airflow/.local/lib/python3.12/site-packages/airflow/example_dags/example_display_name.py
[2025-08-27T07:51:19.594+0000] {processor.py:914} INFO - Processing file /home/airflow/.local/lib/python3.12/site-packages/airflow/example_dags/example_display_name.py for tasks to queue
[2025-08-27T07:51:19.594+0000] {logging_mixin.py:190} INFO - [2025-08-27T07:51:19.594+0000] {dagbag.py:588} INFO - Filling up the DagBag from /home/airflow/.local/lib/python3.12/site-packages/airflow/example_dags/example_display_name.py
[2025-08-27T07:51:19.597+0000] {processor.py:925} INFO - DAG(s) 'example_display_name' retrieved from /home/airflow/.local/lib/python3.12/site-packages/airflow/example_dags/example_display_name.py
[2025-08-27T07:51:19.603+0000] {logging_mixin.py:190} INFO - [2025-08-27T07:51:19.603+0000] {dag.py:3239} INFO - Sync 1 DAGs
[2025-08-27T07:51:19.607+0000] {logging_mixin.py:190} INFO - [2025-08-27T07:51:19.607+0000] {dag.py:4180} INFO - Setting next_dagrun for example_display_name to None, run_after=None
[2025-08-27T07:51:19.612+0000] {processor.py:208} INFO - Processing /home/airflow/.local/lib/python3.12/site-packages/airflow/example_dags/example_display_name.py took 0.021 seconds
[2025-08-27T07:51:50.247+0000] {processor.py:186} INFO - Started process (PID=378) to work on /home/airflow/.local/lib/python3.12/site-packages/airflow/example_dags/example_display_name.py
[2025-08-27T07:51:50.249+0000] {processor.py:914} INFO - Processing file /home/airflow/.local/lib/python3.12/site-packages/airflow/example_dags/example_display_name.py for tasks to queue
[2025-08-27T07:51:50.250+0000] {logging_mixin.py:190} INFO - [2025-08-27T07:51:50.250+0000] {dagbag.py:588} INFO - Filling up the DagBag from /home/airflow/.local/lib/python3.12/site-packages/airflow/example_dags/example_display_name.py
[2025-08-27T07:51:50.253+0000] {processor.py:925} INFO - DAG(s) 'example_display_name' retrieved from /home/airflow/.local/lib/python3.12/site-packages/airflow/example_dags/example_display_name.py
[2025-08-27T07:51:50.262+0000] {logging_mixin.py:190} INFO - [2025-08-27T07:51:50.262+0000] {dag.py:3239} INFO - Sync 1 DAGs
[2025-08-27T07:51:50.266+0000] {logging_mixin.py:190} INFO - [2025-08-27T07:51:50.266+0000] {dag.py:4180} INFO - Setting next_dagrun for example_display_name to None, run_after=None
[2025-08-27T07:51:50.273+0000] {processor.py:208} INFO - Processing /home/airflow/.local/lib/python3.12/site-packages/airflow/example_dags/example_display_name.py took 0.028 seconds
[2025-08-27T07:52:20.850+0000] {processor.py:186} INFO - Started process (PID=441) to work on /home/airflow/.local/lib/python3.12/site-packages/airflow/example_dags/example_display_name.py
[2025-08-27T07:52:20.850+0000] {processor.py:914} INFO - Processing file /home/airflow/.local/lib/python3.12/site-packages/airflow/example_dags/example_display_name.py for tasks to queue
[2025-08-27T07:52:20.851+0000] {logging_mixin.py:190} INFO - [2025-08-27T07:52:20.851+0000] {dagbag.py:588} INFO - Filling up the DagBag from /home/airflow/.local/lib/python3.12/site-packages/airflow/example_dags/example_display_name.py
[2025-08-27T07:52:20.855+0000] {processor.py:925} INFO - DAG(s) 'example_display_name' retrieved from /home/airflow/.local/lib/python3.12/site-packages/airflow/example_dags/example_display_name.py
[2025-08-27T07:52:20.861+0000] {logging_mixin.py:190} INFO - [2025-08-27T07:52:20.861+0000] {dag.py:3239} INFO - Sync 1 DAGs
[2025-08-27T07:52:20.865+0000] {logging_mixin.py:190} INFO - [2025-08-27T07:52:20.865+0000] {dag.py:4180} INFO - Setting next_dagrun for example_display_name to None, run_after=None
[2025-08-27T07:52:20.870+0000] {processor.py:208} INFO - Processing /home/airflow/.local/lib/python3.12/site-packages/airflow/example_dags/example_display_name.py took 0.022 seconds
[2025-08-27T07:52:51.482+0000] {processor.py:186} INFO - Started process (PID=504) to work on /home/airflow/.local/lib/python3.12/site-packages/airflow/example_dags/example_display_name.py
[2025-08-27T07:52:51.483+0000] {processor.py:914} INFO - Processing file /home/airflow/.local/lib/python3.12/site-packages/airflow/example_dags/example_display_name.py for tasks to queue
[2025-08-27T07:52:51.483+0000] {logging_mixin.py:190} INFO - [2025-08-27T07:52:51.483+0000] {dagbag.py:588} INFO - Filling up the DagBag from /home/airflow/.local/lib/python3.12/site-packages/airflow/example_dags/example_display_name.py
[2025-08-27T07:52:51.486+0000] {processor.py:925} INFO - DAG(s) 'example_display_name' retrieved from /home/airflow/.local/lib/python3.12/site-packages/airflow/example_dags/example_display_name.py
[2025-08-27T07:52:51.492+0000] {logging_mixin.py:190} INFO - [2025-08-27T07:52:51.492+0000] {dag.py:3239} INFO - Sync 1 DAGs
[2025-08-27T07:52:51.496+0000] {logging_mixin.py:190} INFO - [2025-08-27T07:52:51.496+0000] {dag.py:4180} INFO - Setting next_dagrun for example_display_name to None, run_after=None
[2025-08-27T07:52:51.500+0000] {processor.py:208} INFO - Processing /home/airflow/.local/lib/python3.12/site-packages/airflow/example_dags/example_display_name.py took 0.020 seconds
