[2025-08-27T07:49:17.588+0000] {processor.py:186} INFO - Started process (PID=85) to work on /home/airflow/.local/lib/python3.12/site-packages/airflow/example_dags/example_inlet_event_extra.py
[2025-08-27T07:49:17.589+0000] {processor.py:914} INFO - Processing file /home/airflow/.local/lib/python3.12/site-packages/airflow/example_dags/example_inlet_event_extra.py for tasks to queue
[2025-08-27T07:49:17.590+0000] {logging_mixin.py:190} INFO - [2025-08-27T07:49:17.590+0000] {dagbag.py:588} INFO - Filling up the DagBag from /home/airflow/.local/lib/python3.12/site-packages/airflow/example_dags/example_inlet_event_extra.py
[2025-08-27T07:49:17.637+0000] {processor.py:925} INFO - DAG(s) 'read_dataset_event', 'read_dataset_event_from_classic' retrieved from /home/airflow/.local/lib/python3.12/site-packages/airflow/example_dags/example_inlet_event_extra.py
[2025-08-27T07:49:17.645+0000] {logging_mixin.py:190} INFO - [2025-08-27T07:49:17.645+0000] {dag.py:3239} INFO - Sync 2 DAGs
[2025-08-27T07:49:17.653+0000] {logging_mixin.py:190} INFO - [2025-08-27T07:49:17.653+0000] {dag.py:4180} INFO - Setting next_dagrun for read_dataset_event to 2025-08-26 00:00:00+00:00, run_after=2025-08-27 00:00:00+00:00
[2025-08-27T07:49:17.655+0000] {logging_mixin.py:190} INFO - [2025-08-27T07:49:17.655+0000] {dag.py:4180} INFO - Setting next_dagrun for read_dataset_event_from_classic to 2025-08-26 00:00:00+00:00, run_after=2025-08-27 00:00:00+00:00
[2025-08-27T07:49:17.664+0000] {processor.py:208} INFO - Processing /home/airflow/.local/lib/python3.12/site-packages/airflow/example_dags/example_inlet_event_extra.py took 0.078 seconds
[2025-08-27T07:49:48.246+0000] {processor.py:186} INFO - Started process (PID=148) to work on /home/airflow/.local/lib/python3.12/site-packages/airflow/example_dags/example_inlet_event_extra.py
[2025-08-27T07:49:48.247+0000] {processor.py:914} INFO - Processing file /home/airflow/.local/lib/python3.12/site-packages/airflow/example_dags/example_inlet_event_extra.py for tasks to queue
[2025-08-27T07:49:48.248+0000] {logging_mixin.py:190} INFO - [2025-08-27T07:49:48.248+0000] {dagbag.py:588} INFO - Filling up the DagBag from /home/airflow/.local/lib/python3.12/site-packages/airflow/example_dags/example_inlet_event_extra.py
[2025-08-27T07:49:48.300+0000] {processor.py:925} INFO - DAG(s) 'read_dataset_event', 'read_dataset_event_from_classic' retrieved from /home/airflow/.local/lib/python3.12/site-packages/airflow/example_dags/example_inlet_event_extra.py
[2025-08-27T07:49:48.312+0000] {logging_mixin.py:190} INFO - [2025-08-27T07:49:48.312+0000] {dag.py:3239} INFO - Sync 2 DAGs
[2025-08-27T07:49:48.319+0000] {logging_mixin.py:190} INFO - [2025-08-27T07:49:48.319+0000] {dag.py:4180} INFO - Setting next_dagrun for read_dataset_event to 2025-08-26 00:00:00+00:00, run_after=2025-08-27 00:00:00+00:00
[2025-08-27T07:49:48.321+0000] {logging_mixin.py:190} INFO - [2025-08-27T07:49:48.321+0000] {dag.py:4180} INFO - Setting next_dagrun for read_dataset_event_from_classic to 2025-08-26 00:00:00+00:00, run_after=2025-08-27 00:00:00+00:00
[2025-08-27T07:49:48.326+0000] {processor.py:208} INFO - Processing /home/airflow/.local/lib/python3.12/site-packages/airflow/example_dags/example_inlet_event_extra.py took 0.082 seconds
[2025-08-27T07:50:18.885+0000] {processor.py:186} INFO - Started process (PID=211) to work on /home/airflow/.local/lib/python3.12/site-packages/airflow/example_dags/example_inlet_event_extra.py
[2025-08-27T07:50:18.885+0000] {processor.py:914} INFO - Processing file /home/airflow/.local/lib/python3.12/site-packages/airflow/example_dags/example_inlet_event_extra.py for tasks to queue
[2025-08-27T07:50:18.886+0000] {logging_mixin.py:190} INFO - [2025-08-27T07:50:18.886+0000] {dagbag.py:588} INFO - Filling up the DagBag from /home/airflow/.local/lib/python3.12/site-packages/airflow/example_dags/example_inlet_event_extra.py
[2025-08-27T07:50:18.936+0000] {processor.py:925} INFO - DAG(s) 'read_dataset_event_from_classic', 'read_dataset_event' retrieved from /home/airflow/.local/lib/python3.12/site-packages/airflow/example_dags/example_inlet_event_extra.py
[2025-08-27T07:50:18.949+0000] {logging_mixin.py:190} INFO - [2025-08-27T07:50:18.949+0000] {dag.py:3239} INFO - Sync 2 DAGs
[2025-08-27T07:50:18.959+0000] {logging_mixin.py:190} INFO - [2025-08-27T07:50:18.959+0000] {dag.py:4180} INFO - Setting next_dagrun for read_dataset_event to 2025-08-26 00:00:00+00:00, run_after=2025-08-27 00:00:00+00:00
[2025-08-27T07:50:18.961+0000] {logging_mixin.py:190} INFO - [2025-08-27T07:50:18.961+0000] {dag.py:4180} INFO - Setting next_dagrun for read_dataset_event_from_classic to 2025-08-26 00:00:00+00:00, run_after=2025-08-27 00:00:00+00:00
[2025-08-27T07:50:18.970+0000] {processor.py:208} INFO - Processing /home/airflow/.local/lib/python3.12/site-packages/airflow/example_dags/example_inlet_event_extra.py took 0.087 seconds
[2025-08-27T07:50:49.504+0000] {processor.py:186} INFO - Started process (PID=274) to work on /home/airflow/.local/lib/python3.12/site-packages/airflow/example_dags/example_inlet_event_extra.py
[2025-08-27T07:50:49.505+0000] {processor.py:914} INFO - Processing file /home/airflow/.local/lib/python3.12/site-packages/airflow/example_dags/example_inlet_event_extra.py for tasks to queue
[2025-08-27T07:50:49.506+0000] {logging_mixin.py:190} INFO - [2025-08-27T07:50:49.506+0000] {dagbag.py:588} INFO - Filling up the DagBag from /home/airflow/.local/lib/python3.12/site-packages/airflow/example_dags/example_inlet_event_extra.py
[2025-08-27T07:50:49.564+0000] {processor.py:925} INFO - DAG(s) 'read_dataset_event_from_classic', 'read_dataset_event' retrieved from /home/airflow/.local/lib/python3.12/site-packages/airflow/example_dags/example_inlet_event_extra.py
[2025-08-27T07:50:49.580+0000] {logging_mixin.py:190} INFO - [2025-08-27T07:50:49.580+0000] {dag.py:3239} INFO - Sync 2 DAGs
[2025-08-27T07:50:49.589+0000] {logging_mixin.py:190} INFO - [2025-08-27T07:50:49.588+0000] {dag.py:4180} INFO - Setting next_dagrun for read_dataset_event to 2025-08-26 00:00:00+00:00, run_after=2025-08-27 00:00:00+00:00
[2025-08-27T07:50:49.590+0000] {logging_mixin.py:190} INFO - [2025-08-27T07:50:49.590+0000] {dag.py:4180} INFO - Setting next_dagrun for read_dataset_event_from_classic to 2025-08-26 00:00:00+00:00, run_after=2025-08-27 00:00:00+00:00
[2025-08-27T07:50:49.598+0000] {processor.py:208} INFO - Processing /home/airflow/.local/lib/python3.12/site-packages/airflow/example_dags/example_inlet_event_extra.py took 0.096 seconds
[2025-08-27T07:51:20.082+0000] {processor.py:186} INFO - Started process (PID=336) to work on /home/airflow/.local/lib/python3.12/site-packages/airflow/example_dags/example_inlet_event_extra.py
[2025-08-27T07:51:20.083+0000] {processor.py:914} INFO - Processing file /home/airflow/.local/lib/python3.12/site-packages/airflow/example_dags/example_inlet_event_extra.py for tasks to queue
[2025-08-27T07:51:20.084+0000] {logging_mixin.py:190} INFO - [2025-08-27T07:51:20.084+0000] {dagbag.py:588} INFO - Filling up the DagBag from /home/airflow/.local/lib/python3.12/site-packages/airflow/example_dags/example_inlet_event_extra.py
[2025-08-27T07:51:20.133+0000] {processor.py:925} INFO - DAG(s) 'read_dataset_event', 'read_dataset_event_from_classic' retrieved from /home/airflow/.local/lib/python3.12/site-packages/airflow/example_dags/example_inlet_event_extra.py
[2025-08-27T07:51:20.144+0000] {logging_mixin.py:190} INFO - [2025-08-27T07:51:20.144+0000] {dag.py:3239} INFO - Sync 2 DAGs
[2025-08-27T07:51:20.153+0000] {logging_mixin.py:190} INFO - [2025-08-27T07:51:20.152+0000] {dag.py:4180} INFO - Setting next_dagrun for read_dataset_event to 2025-08-26 00:00:00+00:00, run_after=2025-08-27 00:00:00+00:00
[2025-08-27T07:51:20.154+0000] {logging_mixin.py:190} INFO - [2025-08-27T07:51:20.154+0000] {dag.py:4180} INFO - Setting next_dagrun for read_dataset_event_from_classic to 2025-08-26 00:00:00+00:00, run_after=2025-08-27 00:00:00+00:00
[2025-08-27T07:51:20.164+0000] {processor.py:208} INFO - Processing /home/airflow/.local/lib/python3.12/site-packages/airflow/example_dags/example_inlet_event_extra.py took 0.084 seconds
[2025-08-27T07:51:50.745+0000] {processor.py:186} INFO - Started process (PID=399) to work on /home/airflow/.local/lib/python3.12/site-packages/airflow/example_dags/example_inlet_event_extra.py
[2025-08-27T07:51:50.747+0000] {processor.py:914} INFO - Processing file /home/airflow/.local/lib/python3.12/site-packages/airflow/example_dags/example_inlet_event_extra.py for tasks to queue
[2025-08-27T07:51:50.748+0000] {logging_mixin.py:190} INFO - [2025-08-27T07:51:50.748+0000] {dagbag.py:588} INFO - Filling up the DagBag from /home/airflow/.local/lib/python3.12/site-packages/airflow/example_dags/example_inlet_event_extra.py
[2025-08-27T07:51:50.794+0000] {processor.py:925} INFO - DAG(s) 'read_dataset_event', 'read_dataset_event_from_classic' retrieved from /home/airflow/.local/lib/python3.12/site-packages/airflow/example_dags/example_inlet_event_extra.py
[2025-08-27T07:51:50.801+0000] {logging_mixin.py:190} INFO - [2025-08-27T07:51:50.801+0000] {dag.py:3239} INFO - Sync 2 DAGs
[2025-08-27T07:51:50.810+0000] {logging_mixin.py:190} INFO - [2025-08-27T07:51:50.810+0000] {dag.py:4180} INFO - Setting next_dagrun for read_dataset_event to 2025-08-26 00:00:00+00:00, run_after=2025-08-27 00:00:00+00:00
[2025-08-27T07:51:50.812+0000] {logging_mixin.py:190} INFO - [2025-08-27T07:51:50.812+0000] {dag.py:4180} INFO - Setting next_dagrun for read_dataset_event_from_classic to 2025-08-26 00:00:00+00:00, run_after=2025-08-27 00:00:00+00:00
[2025-08-27T07:51:50.822+0000] {processor.py:208} INFO - Processing /home/airflow/.local/lib/python3.12/site-packages/airflow/example_dags/example_inlet_event_extra.py took 0.078 seconds
[2025-08-27T07:52:21.365+0000] {processor.py:186} INFO - Started process (PID=462) to work on /home/airflow/.local/lib/python3.12/site-packages/airflow/example_dags/example_inlet_event_extra.py
[2025-08-27T07:52:21.365+0000] {processor.py:914} INFO - Processing file /home/airflow/.local/lib/python3.12/site-packages/airflow/example_dags/example_inlet_event_extra.py for tasks to queue
[2025-08-27T07:52:21.367+0000] {logging_mixin.py:190} INFO - [2025-08-27T07:52:21.367+0000] {dagbag.py:588} INFO - Filling up the DagBag from /home/airflow/.local/lib/python3.12/site-packages/airflow/example_dags/example_inlet_event_extra.py
[2025-08-27T07:52:21.414+0000] {processor.py:925} INFO - DAG(s) 'read_dataset_event_from_classic', 'read_dataset_event' retrieved from /home/airflow/.local/lib/python3.12/site-packages/airflow/example_dags/example_inlet_event_extra.py
[2025-08-27T07:52:21.423+0000] {logging_mixin.py:190} INFO - [2025-08-27T07:52:21.423+0000] {dag.py:3239} INFO - Sync 2 DAGs
[2025-08-27T07:52:21.431+0000] {logging_mixin.py:190} INFO - [2025-08-27T07:52:21.431+0000] {dag.py:4180} INFO - Setting next_dagrun for read_dataset_event to 2025-08-26 00:00:00+00:00, run_after=2025-08-27 00:00:00+00:00
[2025-08-27T07:52:21.433+0000] {logging_mixin.py:190} INFO - [2025-08-27T07:52:21.433+0000] {dag.py:4180} INFO - Setting next_dagrun for read_dataset_event_from_classic to 2025-08-26 00:00:00+00:00, run_after=2025-08-27 00:00:00+00:00
[2025-08-27T07:52:21.441+0000] {processor.py:208} INFO - Processing /home/airflow/.local/lib/python3.12/site-packages/airflow/example_dags/example_inlet_event_extra.py took 0.079 seconds
[2025-08-27T07:52:51.993+0000] {processor.py:186} INFO - Started process (PID=525) to work on /home/airflow/.local/lib/python3.12/site-packages/airflow/example_dags/example_inlet_event_extra.py
[2025-08-27T07:52:51.994+0000] {processor.py:914} INFO - Processing file /home/airflow/.local/lib/python3.12/site-packages/airflow/example_dags/example_inlet_event_extra.py for tasks to queue
[2025-08-27T07:52:51.995+0000] {logging_mixin.py:190} INFO - [2025-08-27T07:52:51.995+0000] {dagbag.py:588} INFO - Filling up the DagBag from /home/airflow/.local/lib/python3.12/site-packages/airflow/example_dags/example_inlet_event_extra.py
[2025-08-27T07:52:52.045+0000] {processor.py:925} INFO - DAG(s) 'read_dataset_event', 'read_dataset_event_from_classic' retrieved from /home/airflow/.local/lib/python3.12/site-packages/airflow/example_dags/example_inlet_event_extra.py
[2025-08-27T07:52:52.062+0000] {logging_mixin.py:190} INFO - [2025-08-27T07:52:52.062+0000] {dag.py:3239} INFO - Sync 2 DAGs
[2025-08-27T07:52:52.072+0000] {logging_mixin.py:190} INFO - [2025-08-27T07:52:52.072+0000] {dag.py:4180} INFO - Setting next_dagrun for read_dataset_event to 2025-08-26 00:00:00+00:00, run_after=2025-08-27 00:00:00+00:00
[2025-08-27T07:52:52.074+0000] {logging_mixin.py:190} INFO - [2025-08-27T07:52:52.074+0000] {dag.py:4180} INFO - Setting next_dagrun for read_dataset_event_from_classic to 2025-08-26 00:00:00+00:00, run_after=2025-08-27 00:00:00+00:00
[2025-08-27T07:52:52.078+0000] {processor.py:208} INFO - Processing /home/airflow/.local/lib/python3.12/site-packages/airflow/example_dags/example_inlet_event_extra.py took 0.087 seconds
[2025-08-27T07:53:22.613+0000] {processor.py:186} INFO - Started process (PID=588) to work on /home/airflow/.local/lib/python3.12/site-packages/airflow/example_dags/example_inlet_event_extra.py
[2025-08-27T07:53:22.614+0000] {processor.py:914} INFO - Processing file /home/airflow/.local/lib/python3.12/site-packages/airflow/example_dags/example_inlet_event_extra.py for tasks to queue
[2025-08-27T07:53:22.615+0000] {logging_mixin.py:190} INFO - [2025-08-27T07:53:22.615+0000] {dagbag.py:588} INFO - Filling up the DagBag from /home/airflow/.local/lib/python3.12/site-packages/airflow/example_dags/example_inlet_event_extra.py
[2025-08-27T07:53:22.667+0000] {processor.py:925} INFO - DAG(s) 'read_dataset_event', 'read_dataset_event_from_classic' retrieved from /home/airflow/.local/lib/python3.12/site-packages/airflow/example_dags/example_inlet_event_extra.py
[2025-08-27T07:53:22.676+0000] {logging_mixin.py:190} INFO - [2025-08-27T07:53:22.675+0000] {dag.py:3239} INFO - Sync 2 DAGs
[2025-08-27T07:53:22.684+0000] {logging_mixin.py:190} INFO - [2025-08-27T07:53:22.684+0000] {dag.py:4180} INFO - Setting next_dagrun for read_dataset_event to 2025-08-26 00:00:00+00:00, run_after=2025-08-27 00:00:00+00:00
[2025-08-27T07:53:22.686+0000] {logging_mixin.py:190} INFO - [2025-08-27T07:53:22.686+0000] {dag.py:4180} INFO - Setting next_dagrun for read_dataset_event_from_classic to 2025-08-26 00:00:00+00:00, run_after=2025-08-27 00:00:00+00:00
[2025-08-27T07:53:22.694+0000] {processor.py:208} INFO - Processing /home/airflow/.local/lib/python3.12/site-packages/airflow/example_dags/example_inlet_event_extra.py took 0.083 seconds
[2025-08-27T07:53:53.162+0000] {processor.py:186} INFO - Started process (PID=651) to work on /home/airflow/.local/lib/python3.12/site-packages/airflow/example_dags/example_inlet_event_extra.py
[2025-08-27T07:53:53.162+0000] {processor.py:914} INFO - Processing file /home/airflow/.local/lib/python3.12/site-packages/airflow/example_dags/example_inlet_event_extra.py for tasks to queue
[2025-08-27T07:53:53.163+0000] {logging_mixin.py:190} INFO - [2025-08-27T07:53:53.163+0000] {dagbag.py:588} INFO - Filling up the DagBag from /home/airflow/.local/lib/python3.12/site-packages/airflow/example_dags/example_inlet_event_extra.py
[2025-08-27T07:53:53.213+0000] {processor.py:925} INFO - DAG(s) 'read_dataset_event_from_classic', 'read_dataset_event' retrieved from /home/airflow/.local/lib/python3.12/site-packages/airflow/example_dags/example_inlet_event_extra.py
[2025-08-27T07:53:53.221+0000] {logging_mixin.py:190} INFO - [2025-08-27T07:53:53.221+0000] {dag.py:3239} INFO - Sync 2 DAGs
[2025-08-27T07:53:53.230+0000] {logging_mixin.py:190} INFO - [2025-08-27T07:53:53.230+0000] {dag.py:4180} INFO - Setting next_dagrun for read_dataset_event to 2025-08-26 00:00:00+00:00, run_after=2025-08-27 00:00:00+00:00
[2025-08-27T07:53:53.233+0000] {logging_mixin.py:190} INFO - [2025-08-27T07:53:53.233+0000] {dag.py:4180} INFO - Setting next_dagrun for read_dataset_event_from_classic to 2025-08-26 00:00:00+00:00, run_after=2025-08-27 00:00:00+00:00
[2025-08-27T07:53:53.242+0000] {processor.py:208} INFO - Processing /home/airflow/.local/lib/python3.12/site-packages/airflow/example_dags/example_inlet_event_extra.py took 0.082 seconds
[2025-08-27T07:54:23.774+0000] {processor.py:186} INFO - Started process (PID=714) to work on /home/airflow/.local/lib/python3.12/site-packages/airflow/example_dags/example_inlet_event_extra.py
[2025-08-27T07:54:23.775+0000] {processor.py:914} INFO - Processing file /home/airflow/.local/lib/python3.12/site-packages/airflow/example_dags/example_inlet_event_extra.py for tasks to queue
[2025-08-27T07:54:23.776+0000] {logging_mixin.py:190} INFO - [2025-08-27T07:54:23.776+0000] {dagbag.py:588} INFO - Filling up the DagBag from /home/airflow/.local/lib/python3.12/site-packages/airflow/example_dags/example_inlet_event_extra.py
[2025-08-27T07:54:23.826+0000] {processor.py:925} INFO - DAG(s) 'read_dataset_event_from_classic', 'read_dataset_event' retrieved from /home/airflow/.local/lib/python3.12/site-packages/airflow/example_dags/example_inlet_event_extra.py
[2025-08-27T07:54:23.836+0000] {logging_mixin.py:190} INFO - [2025-08-27T07:54:23.836+0000] {dag.py:3239} INFO - Sync 2 DAGs
[2025-08-27T07:54:23.845+0000] {logging_mixin.py:190} INFO - [2025-08-27T07:54:23.845+0000] {dag.py:4180} INFO - Setting next_dagrun for read_dataset_event to 2025-08-26 00:00:00+00:00, run_after=2025-08-27 00:00:00+00:00
[2025-08-27T07:54:23.847+0000] {logging_mixin.py:190} INFO - [2025-08-27T07:54:23.847+0000] {dag.py:4180} INFO - Setting next_dagrun for read_dataset_event_from_classic to 2025-08-26 00:00:00+00:00, run_after=2025-08-27 00:00:00+00:00
[2025-08-27T07:54:23.853+0000] {processor.py:208} INFO - Processing /home/airflow/.local/lib/python3.12/site-packages/airflow/example_dags/example_inlet_event_extra.py took 0.081 seconds
