[2025-08-27T07:49:17.815+0000] {processor.py:186} INFO - Started process (PID=93) to work on /home/airflow/.local/lib/python3.12/site-packages/airflow/example_dags/example_complex.py
[2025-08-27T07:49:17.815+0000] {processor.py:914} INFO - Processing file /home/airflow/.local/lib/python3.12/site-packages/airflow/example_dags/example_complex.py for tasks to queue
[2025-08-27T07:49:17.816+0000] {logging_mixin.py:190} INFO - [2025-08-27T07:49:17.816+0000] {dagbag.py:588} INFO - Filling up the DagBag from /home/airflow/.local/lib/python3.12/site-packages/airflow/example_dags/example_complex.py
[2025-08-27T07:49:17.821+0000] {processor.py:925} INFO - DAG(s) 'example_complex' retrieved from /home/airflow/.local/lib/python3.12/site-packages/airflow/example_dags/example_complex.py
[2025-08-27T07:49:17.833+0000] {logging_mixin.py:190} INFO - [2025-08-27T07:49:17.833+0000] {dag.py:3239} INFO - Sync 1 DAGs
[2025-08-27T07:49:17.838+0000] {logging_mixin.py:190} INFO - [2025-08-27T07:49:17.838+0000] {dag.py:4180} INFO - Setting next_dagrun for example_complex to None, run_after=None
[2025-08-27T07:49:17.844+0000] {processor.py:208} INFO - Processing /home/airflow/.local/lib/python3.12/site-packages/airflow/example_dags/example_complex.py took 0.031 seconds
[2025-08-27T07:49:48.483+0000] {processor.py:186} INFO - Started process (PID=156) to work on /home/airflow/.local/lib/python3.12/site-packages/airflow/example_dags/example_complex.py
[2025-08-27T07:49:48.483+0000] {processor.py:914} INFO - Processing file /home/airflow/.local/lib/python3.12/site-packages/airflow/example_dags/example_complex.py for tasks to queue
[2025-08-27T07:49:48.484+0000] {logging_mixin.py:190} INFO - [2025-08-27T07:49:48.484+0000] {dagbag.py:588} INFO - Filling up the DagBag from /home/airflow/.local/lib/python3.12/site-packages/airflow/example_dags/example_complex.py
[2025-08-27T07:49:48.488+0000] {processor.py:925} INFO - DAG(s) 'example_complex' retrieved from /home/airflow/.local/lib/python3.12/site-packages/airflow/example_dags/example_complex.py
[2025-08-27T07:49:48.498+0000] {logging_mixin.py:190} INFO - [2025-08-27T07:49:48.498+0000] {dag.py:3239} INFO - Sync 1 DAGs
[2025-08-27T07:49:48.503+0000] {logging_mixin.py:190} INFO - [2025-08-27T07:49:48.503+0000] {dag.py:4180} INFO - Setting next_dagrun for example_complex to None, run_after=None
[2025-08-27T07:49:48.508+0000] {processor.py:208} INFO - Processing /home/airflow/.local/lib/python3.12/site-packages/airflow/example_dags/example_complex.py took 0.027 seconds
[2025-08-27T07:50:19.107+0000] {processor.py:186} INFO - Started process (PID=219) to work on /home/airflow/.local/lib/python3.12/site-packages/airflow/example_dags/example_complex.py
[2025-08-27T07:50:19.107+0000] {processor.py:914} INFO - Processing file /home/airflow/.local/lib/python3.12/site-packages/airflow/example_dags/example_complex.py for tasks to queue
[2025-08-27T07:50:19.108+0000] {logging_mixin.py:190} INFO - [2025-08-27T07:50:19.108+0000] {dagbag.py:588} INFO - Filling up the DagBag from /home/airflow/.local/lib/python3.12/site-packages/airflow/example_dags/example_complex.py
[2025-08-27T07:50:19.112+0000] {processor.py:925} INFO - DAG(s) 'example_complex' retrieved from /home/airflow/.local/lib/python3.12/site-packages/airflow/example_dags/example_complex.py
[2025-08-27T07:50:19.122+0000] {logging_mixin.py:190} INFO - [2025-08-27T07:50:19.121+0000] {dag.py:3239} INFO - Sync 1 DAGs
[2025-08-27T07:50:19.126+0000] {logging_mixin.py:190} INFO - [2025-08-27T07:50:19.126+0000] {dag.py:4180} INFO - Setting next_dagrun for example_complex to None, run_after=None
[2025-08-27T07:50:19.132+0000] {processor.py:208} INFO - Processing /home/airflow/.local/lib/python3.12/site-packages/airflow/example_dags/example_complex.py took 0.027 seconds
[2025-08-27T07:50:49.738+0000] {processor.py:186} INFO - Started process (PID=282) to work on /home/airflow/.local/lib/python3.12/site-packages/airflow/example_dags/example_complex.py
[2025-08-27T07:50:49.738+0000] {processor.py:914} INFO - Processing file /home/airflow/.local/lib/python3.12/site-packages/airflow/example_dags/example_complex.py for tasks to queue
[2025-08-27T07:50:49.739+0000] {logging_mixin.py:190} INFO - [2025-08-27T07:50:49.739+0000] {dagbag.py:588} INFO - Filling up the DagBag from /home/airflow/.local/lib/python3.12/site-packages/airflow/example_dags/example_complex.py
[2025-08-27T07:50:49.742+0000] {processor.py:925} INFO - DAG(s) 'example_complex' retrieved from /home/airflow/.local/lib/python3.12/site-packages/airflow/example_dags/example_complex.py
[2025-08-27T07:50:49.752+0000] {logging_mixin.py:190} INFO - [2025-08-27T07:50:49.752+0000] {dag.py:3239} INFO - Sync 1 DAGs
[2025-08-27T07:50:49.757+0000] {logging_mixin.py:190} INFO - [2025-08-27T07:50:49.757+0000] {dag.py:4180} INFO - Setting next_dagrun for example_complex to None, run_after=None
[2025-08-27T07:50:49.763+0000] {processor.py:208} INFO - Processing /home/airflow/.local/lib/python3.12/site-packages/airflow/example_dags/example_complex.py took 0.027 seconds
[2025-08-27T07:51:20.294+0000] {processor.py:186} INFO - Started process (PID=344) to work on /home/airflow/.local/lib/python3.12/site-packages/airflow/example_dags/example_complex.py
[2025-08-27T07:51:20.298+0000] {processor.py:914} INFO - Processing file /home/airflow/.local/lib/python3.12/site-packages/airflow/example_dags/example_complex.py for tasks to queue
[2025-08-27T07:51:20.299+0000] {logging_mixin.py:190} INFO - [2025-08-27T07:51:20.299+0000] {dagbag.py:588} INFO - Filling up the DagBag from /home/airflow/.local/lib/python3.12/site-packages/airflow/example_dags/example_complex.py
[2025-08-27T07:51:20.304+0000] {processor.py:925} INFO - DAG(s) 'example_complex' retrieved from /home/airflow/.local/lib/python3.12/site-packages/airflow/example_dags/example_complex.py
[2025-08-27T07:51:20.316+0000] {logging_mixin.py:190} INFO - [2025-08-27T07:51:20.316+0000] {dag.py:3239} INFO - Sync 1 DAGs
[2025-08-27T07:51:20.322+0000] {logging_mixin.py:190} INFO - [2025-08-27T07:51:20.322+0000] {dag.py:4180} INFO - Setting next_dagrun for example_complex to None, run_after=None
[2025-08-27T07:51:20.327+0000] {processor.py:208} INFO - Processing /home/airflow/.local/lib/python3.12/site-packages/airflow/example_dags/example_complex.py took 0.035 seconds
[2025-08-27T07:51:50.953+0000] {processor.py:186} INFO - Started process (PID=407) to work on /home/airflow/.local/lib/python3.12/site-packages/airflow/example_dags/example_complex.py
[2025-08-27T07:51:50.953+0000] {processor.py:914} INFO - Processing file /home/airflow/.local/lib/python3.12/site-packages/airflow/example_dags/example_complex.py for tasks to queue
[2025-08-27T07:51:50.954+0000] {logging_mixin.py:190} INFO - [2025-08-27T07:51:50.954+0000] {dagbag.py:588} INFO - Filling up the DagBag from /home/airflow/.local/lib/python3.12/site-packages/airflow/example_dags/example_complex.py
[2025-08-27T07:51:50.958+0000] {processor.py:925} INFO - DAG(s) 'example_complex' retrieved from /home/airflow/.local/lib/python3.12/site-packages/airflow/example_dags/example_complex.py
[2025-08-27T07:51:50.968+0000] {logging_mixin.py:190} INFO - [2025-08-27T07:51:50.968+0000] {dag.py:3239} INFO - Sync 1 DAGs
[2025-08-27T07:51:50.972+0000] {logging_mixin.py:190} INFO - [2025-08-27T07:51:50.972+0000] {dag.py:4180} INFO - Setting next_dagrun for example_complex to None, run_after=None
[2025-08-27T07:51:50.978+0000] {processor.py:208} INFO - Processing /home/airflow/.local/lib/python3.12/site-packages/airflow/example_dags/example_complex.py took 0.026 seconds
[2025-08-27T07:52:21.576+0000] {processor.py:186} INFO - Started process (PID=470) to work on /home/airflow/.local/lib/python3.12/site-packages/airflow/example_dags/example_complex.py
[2025-08-27T07:52:21.576+0000] {processor.py:914} INFO - Processing file /home/airflow/.local/lib/python3.12/site-packages/airflow/example_dags/example_complex.py for tasks to queue
[2025-08-27T07:52:21.577+0000] {logging_mixin.py:190} INFO - [2025-08-27T07:52:21.577+0000] {dagbag.py:588} INFO - Filling up the DagBag from /home/airflow/.local/lib/python3.12/site-packages/airflow/example_dags/example_complex.py
[2025-08-27T07:52:21.581+0000] {processor.py:925} INFO - DAG(s) 'example_complex' retrieved from /home/airflow/.local/lib/python3.12/site-packages/airflow/example_dags/example_complex.py
[2025-08-27T07:52:21.592+0000] {logging_mixin.py:190} INFO - [2025-08-27T07:52:21.592+0000] {dag.py:3239} INFO - Sync 1 DAGs
[2025-08-27T07:52:21.597+0000] {logging_mixin.py:190} INFO - [2025-08-27T07:52:21.597+0000] {dag.py:4180} INFO - Setting next_dagrun for example_complex to None, run_after=None
[2025-08-27T07:52:21.606+0000] {processor.py:208} INFO - Processing /home/airflow/.local/lib/python3.12/site-packages/airflow/example_dags/example_complex.py took 0.032 seconds
[2025-08-27T07:52:52.222+0000] {processor.py:186} INFO - Started process (PID=533) to work on /home/airflow/.local/lib/python3.12/site-packages/airflow/example_dags/example_complex.py
[2025-08-27T07:52:52.222+0000] {processor.py:914} INFO - Processing file /home/airflow/.local/lib/python3.12/site-packages/airflow/example_dags/example_complex.py for tasks to queue
[2025-08-27T07:52:52.223+0000] {logging_mixin.py:190} INFO - [2025-08-27T07:52:52.223+0000] {dagbag.py:588} INFO - Filling up the DagBag from /home/airflow/.local/lib/python3.12/site-packages/airflow/example_dags/example_complex.py
[2025-08-27T07:52:52.228+0000] {processor.py:925} INFO - DAG(s) 'example_complex' retrieved from /home/airflow/.local/lib/python3.12/site-packages/airflow/example_dags/example_complex.py
[2025-08-27T07:52:52.238+0000] {logging_mixin.py:190} INFO - [2025-08-27T07:52:52.238+0000] {dag.py:3239} INFO - Sync 1 DAGs
[2025-08-27T07:52:52.243+0000] {logging_mixin.py:190} INFO - [2025-08-27T07:52:52.243+0000] {dag.py:4180} INFO - Setting next_dagrun for example_complex to None, run_after=None
[2025-08-27T07:52:52.249+0000] {processor.py:208} INFO - Processing /home/airflow/.local/lib/python3.12/site-packages/airflow/example_dags/example_complex.py took 0.029 seconds
[2025-08-27T07:53:22.842+0000] {processor.py:186} INFO - Started process (PID=596) to work on /home/airflow/.local/lib/python3.12/site-packages/airflow/example_dags/example_complex.py
[2025-08-27T07:53:22.842+0000] {processor.py:914} INFO - Processing file /home/airflow/.local/lib/python3.12/site-packages/airflow/example_dags/example_complex.py for tasks to queue
[2025-08-27T07:53:22.843+0000] {logging_mixin.py:190} INFO - [2025-08-27T07:53:22.843+0000] {dagbag.py:588} INFO - Filling up the DagBag from /home/airflow/.local/lib/python3.12/site-packages/airflow/example_dags/example_complex.py
[2025-08-27T07:53:22.847+0000] {processor.py:925} INFO - DAG(s) 'example_complex' retrieved from /home/airflow/.local/lib/python3.12/site-packages/airflow/example_dags/example_complex.py
[2025-08-27T07:53:22.857+0000] {logging_mixin.py:190} INFO - [2025-08-27T07:53:22.857+0000] {dag.py:3239} INFO - Sync 1 DAGs
[2025-08-27T07:53:22.861+0000] {logging_mixin.py:190} INFO - [2025-08-27T07:53:22.861+0000] {dag.py:4180} INFO - Setting next_dagrun for example_complex to None, run_after=None
[2025-08-27T07:53:22.867+0000] {processor.py:208} INFO - Processing /home/airflow/.local/lib/python3.12/site-packages/airflow/example_dags/example_complex.py took 0.027 seconds
[2025-08-27T07:53:53.389+0000] {processor.py:186} INFO - Started process (PID=659) to work on /home/airflow/.local/lib/python3.12/site-packages/airflow/example_dags/example_complex.py
[2025-08-27T07:53:53.390+0000] {processor.py:914} INFO - Processing file /home/airflow/.local/lib/python3.12/site-packages/airflow/example_dags/example_complex.py for tasks to queue
[2025-08-27T07:53:53.390+0000] {logging_mixin.py:190} INFO - [2025-08-27T07:53:53.390+0000] {dagbag.py:588} INFO - Filling up the DagBag from /home/airflow/.local/lib/python3.12/site-packages/airflow/example_dags/example_complex.py
[2025-08-27T07:53:53.395+0000] {processor.py:925} INFO - DAG(s) 'example_complex' retrieved from /home/airflow/.local/lib/python3.12/site-packages/airflow/example_dags/example_complex.py
[2025-08-27T07:53:53.406+0000] {logging_mixin.py:190} INFO - [2025-08-27T07:53:53.406+0000] {dag.py:3239} INFO - Sync 1 DAGs
[2025-08-27T07:53:53.411+0000] {logging_mixin.py:190} INFO - [2025-08-27T07:53:53.411+0000] {dag.py:4180} INFO - Setting next_dagrun for example_complex to None, run_after=None
[2025-08-27T07:53:53.418+0000] {processor.py:208} INFO - Processing /home/airflow/.local/lib/python3.12/site-packages/airflow/example_dags/example_complex.py took 0.031 seconds
[2025-08-27T07:54:23.995+0000] {processor.py:186} INFO - Started process (PID=722) to work on /home/airflow/.local/lib/python3.12/site-packages/airflow/example_dags/example_complex.py
[2025-08-27T07:54:23.995+0000] {processor.py:914} INFO - Processing file /home/airflow/.local/lib/python3.12/site-packages/airflow/example_dags/example_complex.py for tasks to queue
[2025-08-27T07:54:23.997+0000] {logging_mixin.py:190} INFO - [2025-08-27T07:54:23.997+0000] {dagbag.py:588} INFO - Filling up the DagBag from /home/airflow/.local/lib/python3.12/site-packages/airflow/example_dags/example_complex.py
[2025-08-27T07:54:24.001+0000] {processor.py:925} INFO - DAG(s) 'example_complex' retrieved from /home/airflow/.local/lib/python3.12/site-packages/airflow/example_dags/example_complex.py
[2025-08-27T07:54:24.012+0000] {logging_mixin.py:190} INFO - [2025-08-27T07:54:24.012+0000] {dag.py:3239} INFO - Sync 1 DAGs
[2025-08-27T07:54:24.017+0000] {logging_mixin.py:190} INFO - [2025-08-27T07:54:24.017+0000] {dag.py:4180} INFO - Setting next_dagrun for example_complex to None, run_after=None
[2025-08-27T07:54:24.023+0000] {processor.py:208} INFO - Processing /home/airflow/.local/lib/python3.12/site-packages/airflow/example_dags/example_complex.py took 0.030 seconds
