[2025-08-27T07:49:16.537+0000] {processor.py:186} INFO - Started process (PID=51) to work on /home/airflow/.local/lib/python3.12/site-packages/airflow/example_dags/example_external_task_marker_dag.py
[2025-08-27T07:49:16.537+0000] {processor.py:914} INFO - Processing file /home/airflow/.local/lib/python3.12/site-packages/airflow/example_dags/example_external_task_marker_dag.py for tasks to queue
[2025-08-27T07:49:16.539+0000] {logging_mixin.py:190} INFO - [2025-08-27T07:49:16.539+0000] {dagbag.py:588} INFO - Filling up the DagBag from /home/airflow/.local/lib/python3.12/site-packages/airflow/example_dags/example_external_task_marker_dag.py
[2025-08-27T07:49:16.545+0000] {processor.py:925} INFO - DAG(s) 'example_external_task_marker_parent', 'example_external_task_marker_child' retrieved from /home/airflow/.local/lib/python3.12/site-packages/airflow/example_dags/example_external_task_marker_dag.py
[2025-08-27T07:49:16.567+0000] {logging_mixin.py:190} INFO - [2025-08-27T07:49:16.566+0000] {dag.py:3239} INFO - Sync 2 DAGs
[2025-08-27T07:49:16.577+0000] {logging_mixin.py:190} INFO - [2025-08-27T07:49:16.577+0000] {dag.py:4180} INFO - Setting next_dagrun for example_external_task_marker_child to None, run_after=None
[2025-08-27T07:49:16.579+0000] {logging_mixin.py:190} INFO - [2025-08-27T07:49:16.579+0000] {dag.py:4180} INFO - Setting next_dagrun for example_external_task_marker_parent to None, run_after=None
[2025-08-27T07:49:16.587+0000] {processor.py:208} INFO - Processing /home/airflow/.local/lib/python3.12/site-packages/airflow/example_dags/example_external_task_marker_dag.py took 0.054 seconds
[2025-08-27T07:49:47.592+0000] {processor.py:186} INFO - Started process (PID=120) to work on /home/airflow/.local/lib/python3.12/site-packages/airflow/example_dags/example_external_task_marker_dag.py
[2025-08-27T07:49:47.592+0000] {processor.py:914} INFO - Processing file /home/airflow/.local/lib/python3.12/site-packages/airflow/example_dags/example_external_task_marker_dag.py for tasks to queue
[2025-08-27T07:49:47.593+0000] {logging_mixin.py:190} INFO - [2025-08-27T07:49:47.593+0000] {dagbag.py:588} INFO - Filling up the DagBag from /home/airflow/.local/lib/python3.12/site-packages/airflow/example_dags/example_external_task_marker_dag.py
[2025-08-27T07:49:47.596+0000] {processor.py:925} INFO - DAG(s) 'example_external_task_marker_parent', 'example_external_task_marker_child' retrieved from /home/airflow/.local/lib/python3.12/site-packages/airflow/example_dags/example_external_task_marker_dag.py
[2025-08-27T07:49:47.603+0000] {logging_mixin.py:190} INFO - [2025-08-27T07:49:47.603+0000] {dag.py:3239} INFO - Sync 2 DAGs
[2025-08-27T07:49:47.608+0000] {logging_mixin.py:190} INFO - [2025-08-27T07:49:47.608+0000] {dag.py:4180} INFO - Setting next_dagrun for example_external_task_marker_child to None, run_after=None
[2025-08-27T07:49:47.609+0000] {logging_mixin.py:190} INFO - [2025-08-27T07:49:47.609+0000] {dag.py:4180} INFO - Setting next_dagrun for example_external_task_marker_parent to None, run_after=None
[2025-08-27T07:49:47.614+0000] {processor.py:208} INFO - Processing /home/airflow/.local/lib/python3.12/site-packages/airflow/example_dags/example_external_task_marker_dag.py took 0.024 seconds
[2025-08-27T07:50:18.203+0000] {processor.py:186} INFO - Started process (PID=183) to work on /home/airflow/.local/lib/python3.12/site-packages/airflow/example_dags/example_external_task_marker_dag.py
[2025-08-27T07:50:18.203+0000] {processor.py:914} INFO - Processing file /home/airflow/.local/lib/python3.12/site-packages/airflow/example_dags/example_external_task_marker_dag.py for tasks to queue
[2025-08-27T07:50:18.204+0000] {logging_mixin.py:190} INFO - [2025-08-27T07:50:18.204+0000] {dagbag.py:588} INFO - Filling up the DagBag from /home/airflow/.local/lib/python3.12/site-packages/airflow/example_dags/example_external_task_marker_dag.py
[2025-08-27T07:50:18.207+0000] {processor.py:925} INFO - DAG(s) 'example_external_task_marker_parent', 'example_external_task_marker_child' retrieved from /home/airflow/.local/lib/python3.12/site-packages/airflow/example_dags/example_external_task_marker_dag.py
[2025-08-27T07:50:18.223+0000] {logging_mixin.py:190} INFO - [2025-08-27T07:50:18.223+0000] {dag.py:3239} INFO - Sync 2 DAGs
[2025-08-27T07:50:18.228+0000] {logging_mixin.py:190} INFO - [2025-08-27T07:50:18.228+0000] {dag.py:4180} INFO - Setting next_dagrun for example_external_task_marker_child to None, run_after=None
[2025-08-27T07:50:18.230+0000] {logging_mixin.py:190} INFO - [2025-08-27T07:50:18.230+0000] {dag.py:4180} INFO - Setting next_dagrun for example_external_task_marker_parent to None, run_after=None
[2025-08-27T07:50:18.237+0000] {processor.py:208} INFO - Processing /home/airflow/.local/lib/python3.12/site-packages/airflow/example_dags/example_external_task_marker_dag.py took 0.036 seconds
[2025-08-27T07:50:48.859+0000] {processor.py:186} INFO - Started process (PID=246) to work on /home/airflow/.local/lib/python3.12/site-packages/airflow/example_dags/example_external_task_marker_dag.py
[2025-08-27T07:50:48.860+0000] {processor.py:914} INFO - Processing file /home/airflow/.local/lib/python3.12/site-packages/airflow/example_dags/example_external_task_marker_dag.py for tasks to queue
[2025-08-27T07:50:48.860+0000] {logging_mixin.py:190} INFO - [2025-08-27T07:50:48.860+0000] {dagbag.py:588} INFO - Filling up the DagBag from /home/airflow/.local/lib/python3.12/site-packages/airflow/example_dags/example_external_task_marker_dag.py
[2025-08-27T07:50:48.863+0000] {processor.py:925} INFO - DAG(s) 'example_external_task_marker_child', 'example_external_task_marker_parent' retrieved from /home/airflow/.local/lib/python3.12/site-packages/airflow/example_dags/example_external_task_marker_dag.py
[2025-08-27T07:50:48.871+0000] {logging_mixin.py:190} INFO - [2025-08-27T07:50:48.871+0000] {dag.py:3239} INFO - Sync 2 DAGs
[2025-08-27T07:50:48.876+0000] {logging_mixin.py:190} INFO - [2025-08-27T07:50:48.875+0000] {dag.py:4180} INFO - Setting next_dagrun for example_external_task_marker_child to None, run_after=None
[2025-08-27T07:50:48.877+0000] {logging_mixin.py:190} INFO - [2025-08-27T07:50:48.877+0000] {dag.py:4180} INFO - Setting next_dagrun for example_external_task_marker_parent to None, run_after=None
[2025-08-27T07:50:48.881+0000] {processor.py:208} INFO - Processing /home/airflow/.local/lib/python3.12/site-packages/airflow/example_dags/example_external_task_marker_dag.py took 0.024 seconds
