[2025-08-27T07:49:16.215+0000] {processor.py:186} INFO - Started process (PID=43) to work on /home/airflow/.local/lib/python3.12/site-packages/airflow/example_dags/example_latest_only.py
[2025-08-27T07:49:16.216+0000] {processor.py:914} INFO - Processing file /home/airflow/.local/lib/python3.12/site-packages/airflow/example_dags/example_latest_only.py for tasks to queue
[2025-08-27T07:49:16.218+0000] {logging_mixin.py:190} INFO - [2025-08-27T07:49:16.218+0000] {dagbag.py:588} INFO - Filling up the DagBag from /home/airflow/.local/lib/python3.12/site-packages/airflow/example_dags/example_latest_only.py
[2025-08-27T07:49:16.222+0000] {processor.py:925} INFO - DAG(s) 'latest_only' retrieved from /home/airflow/.local/lib/python3.12/site-packages/airflow/example_dags/example_latest_only.py
[2025-08-27T07:49:16.239+0000] {logging_mixin.py:190} INFO - [2025-08-27T07:49:16.239+0000] {dag.py:3239} INFO - Sync 1 DAGs
[2025-08-27T07:49:16.249+0000] {logging_mixin.py:190} INFO - [2025-08-27T07:49:16.249+0000] {dag.py:4180} INFO - Setting next_dagrun for latest_only to 2025-08-27 00:00:00+00:00, run_after=2025-08-27 04:00:00+00:00
[2025-08-27T07:49:16.257+0000] {processor.py:208} INFO - Processing /home/airflow/.local/lib/python3.12/site-packages/airflow/example_dags/example_latest_only.py took 0.045 seconds
[2025-08-27T07:49:46.377+0000] {processor.py:186} INFO - Started process (PID=106) to work on /home/airflow/.local/lib/python3.12/site-packages/airflow/example_dags/example_latest_only.py
[2025-08-27T07:49:46.377+0000] {processor.py:914} INFO - Processing file /home/airflow/.local/lib/python3.12/site-packages/airflow/example_dags/example_latest_only.py for tasks to queue
[2025-08-27T07:49:46.379+0000] {logging_mixin.py:190} INFO - [2025-08-27T07:49:46.378+0000] {dagbag.py:588} INFO - Filling up the DagBag from /home/airflow/.local/lib/python3.12/site-packages/airflow/example_dags/example_latest_only.py
[2025-08-27T07:49:46.382+0000] {processor.py:925} INFO - DAG(s) 'latest_only' retrieved from /home/airflow/.local/lib/python3.12/site-packages/airflow/example_dags/example_latest_only.py
[2025-08-27T07:49:46.389+0000] {logging_mixin.py:190} INFO - [2025-08-27T07:49:46.389+0000] {dag.py:3239} INFO - Sync 1 DAGs
[2025-08-27T07:49:46.396+0000] {logging_mixin.py:190} INFO - [2025-08-27T07:49:46.396+0000] {dag.py:4180} INFO - Setting next_dagrun for latest_only to 2025-08-27 00:00:00+00:00, run_after=2025-08-27 04:00:00+00:00
[2025-08-27T07:49:46.404+0000] {processor.py:208} INFO - Processing /home/airflow/.local/lib/python3.12/site-packages/airflow/example_dags/example_latest_only.py took 0.029 seconds
[2025-08-27T07:50:17.020+0000] {processor.py:186} INFO - Started process (PID=175) to work on /home/airflow/.local/lib/python3.12/site-packages/airflow/example_dags/example_latest_only.py
[2025-08-27T07:50:17.021+0000] {processor.py:914} INFO - Processing file /home/airflow/.local/lib/python3.12/site-packages/airflow/example_dags/example_latest_only.py for tasks to queue
[2025-08-27T07:50:17.021+0000] {logging_mixin.py:190} INFO - [2025-08-27T07:50:17.021+0000] {dagbag.py:588} INFO - Filling up the DagBag from /home/airflow/.local/lib/python3.12/site-packages/airflow/example_dags/example_latest_only.py
[2025-08-27T07:50:17.024+0000] {processor.py:925} INFO - DAG(s) 'latest_only' retrieved from /home/airflow/.local/lib/python3.12/site-packages/airflow/example_dags/example_latest_only.py
[2025-08-27T07:50:17.031+0000] {logging_mixin.py:190} INFO - [2025-08-27T07:50:17.031+0000] {dag.py:3239} INFO - Sync 1 DAGs
[2025-08-27T07:50:17.038+0000] {logging_mixin.py:190} INFO - [2025-08-27T07:50:17.038+0000] {dag.py:4180} INFO - Setting next_dagrun for latest_only to 2025-08-27 00:00:00+00:00, run_after=2025-08-27 04:00:00+00:00
[2025-08-27T07:50:17.049+0000] {processor.py:208} INFO - Processing /home/airflow/.local/lib/python3.12/site-packages/airflow/example_dags/example_latest_only.py took 0.031 seconds
[2025-08-27T07:50:47.678+0000] {processor.py:186} INFO - Started process (PID=238) to work on /home/airflow/.local/lib/python3.12/site-packages/airflow/example_dags/example_latest_only.py
[2025-08-27T07:50:47.679+0000] {processor.py:914} INFO - Processing file /home/airflow/.local/lib/python3.12/site-packages/airflow/example_dags/example_latest_only.py for tasks to queue
[2025-08-27T07:50:47.680+0000] {logging_mixin.py:190} INFO - [2025-08-27T07:50:47.680+0000] {dagbag.py:588} INFO - Filling up the DagBag from /home/airflow/.local/lib/python3.12/site-packages/airflow/example_dags/example_latest_only.py
[2025-08-27T07:50:47.683+0000] {processor.py:925} INFO - DAG(s) 'latest_only' retrieved from /home/airflow/.local/lib/python3.12/site-packages/airflow/example_dags/example_latest_only.py
[2025-08-27T07:50:47.692+0000] {logging_mixin.py:190} INFO - [2025-08-27T07:50:47.692+0000] {dag.py:3239} INFO - Sync 1 DAGs
[2025-08-27T07:50:47.700+0000] {logging_mixin.py:190} INFO - [2025-08-27T07:50:47.700+0000] {dag.py:4180} INFO - Setting next_dagrun for latest_only to 2025-08-27 00:00:00+00:00, run_after=2025-08-27 04:00:00+00:00
[2025-08-27T07:50:47.706+0000] {processor.py:208} INFO - Processing /home/airflow/.local/lib/python3.12/site-packages/airflow/example_dags/example_latest_only.py took 0.030 seconds
[2025-08-27T07:51:18.250+0000] {processor.py:186} INFO - Started process (PID=300) to work on /home/airflow/.local/lib/python3.12/site-packages/airflow/example_dags/example_latest_only.py
[2025-08-27T07:51:18.251+0000] {processor.py:914} INFO - Processing file /home/airflow/.local/lib/python3.12/site-packages/airflow/example_dags/example_latest_only.py for tasks to queue
[2025-08-27T07:51:18.252+0000] {logging_mixin.py:190} INFO - [2025-08-27T07:51:18.252+0000] {dagbag.py:588} INFO - Filling up the DagBag from /home/airflow/.local/lib/python3.12/site-packages/airflow/example_dags/example_latest_only.py
[2025-08-27T07:51:18.255+0000] {processor.py:925} INFO - DAG(s) 'latest_only' retrieved from /home/airflow/.local/lib/python3.12/site-packages/airflow/example_dags/example_latest_only.py
[2025-08-27T07:51:18.262+0000] {logging_mixin.py:190} INFO - [2025-08-27T07:51:18.262+0000] {dag.py:3239} INFO - Sync 1 DAGs
[2025-08-27T07:51:18.270+0000] {logging_mixin.py:190} INFO - [2025-08-27T07:51:18.270+0000] {dag.py:4180} INFO - Setting next_dagrun for latest_only to 2025-08-27 00:00:00+00:00, run_after=2025-08-27 04:00:00+00:00
[2025-08-27T07:51:18.275+0000] {processor.py:208} INFO - Processing /home/airflow/.local/lib/python3.12/site-packages/airflow/example_dags/example_latest_only.py took 0.027 seconds
[2025-08-27T07:51:48.868+0000] {processor.py:186} INFO - Started process (PID=363) to work on /home/airflow/.local/lib/python3.12/site-packages/airflow/example_dags/example_latest_only.py
[2025-08-27T07:51:48.868+0000] {processor.py:914} INFO - Processing file /home/airflow/.local/lib/python3.12/site-packages/airflow/example_dags/example_latest_only.py for tasks to queue
[2025-08-27T07:51:48.869+0000] {logging_mixin.py:190} INFO - [2025-08-27T07:51:48.869+0000] {dagbag.py:588} INFO - Filling up the DagBag from /home/airflow/.local/lib/python3.12/site-packages/airflow/example_dags/example_latest_only.py
[2025-08-27T07:51:48.872+0000] {processor.py:925} INFO - DAG(s) 'latest_only' retrieved from /home/airflow/.local/lib/python3.12/site-packages/airflow/example_dags/example_latest_only.py
[2025-08-27T07:51:48.881+0000] {logging_mixin.py:190} INFO - [2025-08-27T07:51:48.881+0000] {dag.py:3239} INFO - Sync 1 DAGs
[2025-08-27T07:51:48.891+0000] {logging_mixin.py:190} INFO - [2025-08-27T07:51:48.891+0000] {dag.py:4180} INFO - Setting next_dagrun for latest_only to 2025-08-27 00:00:00+00:00, run_after=2025-08-27 04:00:00+00:00
[2025-08-27T07:51:48.898+0000] {processor.py:208} INFO - Processing /home/airflow/.local/lib/python3.12/site-packages/airflow/example_dags/example_latest_only.py took 0.033 seconds
[2025-08-27T07:52:19.498+0000] {processor.py:186} INFO - Started process (PID=426) to work on /home/airflow/.local/lib/python3.12/site-packages/airflow/example_dags/example_latest_only.py
[2025-08-27T07:52:19.499+0000] {processor.py:914} INFO - Processing file /home/airflow/.local/lib/python3.12/site-packages/airflow/example_dags/example_latest_only.py for tasks to queue
[2025-08-27T07:52:19.500+0000] {logging_mixin.py:190} INFO - [2025-08-27T07:52:19.500+0000] {dagbag.py:588} INFO - Filling up the DagBag from /home/airflow/.local/lib/python3.12/site-packages/airflow/example_dags/example_latest_only.py
[2025-08-27T07:52:19.503+0000] {processor.py:925} INFO - DAG(s) 'latest_only' retrieved from /home/airflow/.local/lib/python3.12/site-packages/airflow/example_dags/example_latest_only.py
[2025-08-27T07:52:19.511+0000] {logging_mixin.py:190} INFO - [2025-08-27T07:52:19.511+0000] {dag.py:3239} INFO - Sync 1 DAGs
[2025-08-27T07:52:19.519+0000] {logging_mixin.py:190} INFO - [2025-08-27T07:52:19.519+0000] {dag.py:4180} INFO - Setting next_dagrun for latest_only to 2025-08-27 00:00:00+00:00, run_after=2025-08-27 04:00:00+00:00
[2025-08-27T07:52:19.525+0000] {processor.py:208} INFO - Processing /home/airflow/.local/lib/python3.12/site-packages/airflow/example_dags/example_latest_only.py took 0.029 seconds
[2025-08-27T07:52:50.157+0000] {processor.py:186} INFO - Started process (PID=489) to work on /home/airflow/.local/lib/python3.12/site-packages/airflow/example_dags/example_latest_only.py
[2025-08-27T07:52:50.158+0000] {processor.py:914} INFO - Processing file /home/airflow/.local/lib/python3.12/site-packages/airflow/example_dags/example_latest_only.py for tasks to queue
[2025-08-27T07:52:50.159+0000] {logging_mixin.py:190} INFO - [2025-08-27T07:52:50.159+0000] {dagbag.py:588} INFO - Filling up the DagBag from /home/airflow/.local/lib/python3.12/site-packages/airflow/example_dags/example_latest_only.py
[2025-08-27T07:52:50.164+0000] {processor.py:925} INFO - DAG(s) 'latest_only' retrieved from /home/airflow/.local/lib/python3.12/site-packages/airflow/example_dags/example_latest_only.py
[2025-08-27T07:52:50.172+0000] {logging_mixin.py:190} INFO - [2025-08-27T07:52:50.172+0000] {dag.py:3239} INFO - Sync 1 DAGs
[2025-08-27T07:52:50.180+0000] {logging_mixin.py:190} INFO - [2025-08-27T07:52:50.180+0000] {dag.py:4180} INFO - Setting next_dagrun for latest_only to 2025-08-27 00:00:00+00:00, run_after=2025-08-27 04:00:00+00:00
[2025-08-27T07:52:50.186+0000] {processor.py:208} INFO - Processing /home/airflow/.local/lib/python3.12/site-packages/airflow/example_dags/example_latest_only.py took 0.031 seconds
[2025-08-27T07:53:20.778+0000] {processor.py:186} INFO - Started process (PID=552) to work on /home/airflow/.local/lib/python3.12/site-packages/airflow/example_dags/example_latest_only.py
[2025-08-27T07:53:20.778+0000] {processor.py:914} INFO - Processing file /home/airflow/.local/lib/python3.12/site-packages/airflow/example_dags/example_latest_only.py for tasks to queue
[2025-08-27T07:53:20.780+0000] {logging_mixin.py:190} INFO - [2025-08-27T07:53:20.780+0000] {dagbag.py:588} INFO - Filling up the DagBag from /home/airflow/.local/lib/python3.12/site-packages/airflow/example_dags/example_latest_only.py
[2025-08-27T07:53:20.782+0000] {processor.py:925} INFO - DAG(s) 'latest_only' retrieved from /home/airflow/.local/lib/python3.12/site-packages/airflow/example_dags/example_latest_only.py
[2025-08-27T07:53:20.793+0000] {logging_mixin.py:190} INFO - [2025-08-27T07:53:20.793+0000] {dag.py:3239} INFO - Sync 1 DAGs
[2025-08-27T07:53:20.801+0000] {logging_mixin.py:190} INFO - [2025-08-27T07:53:20.801+0000] {dag.py:4180} INFO - Setting next_dagrun for latest_only to 2025-08-27 00:00:00+00:00, run_after=2025-08-27 04:00:00+00:00
[2025-08-27T07:53:20.807+0000] {processor.py:208} INFO - Processing /home/airflow/.local/lib/python3.12/site-packages/airflow/example_dags/example_latest_only.py took 0.030 seconds
[2025-08-27T07:53:51.355+0000] {processor.py:186} INFO - Started process (PID=615) to work on /home/airflow/.local/lib/python3.12/site-packages/airflow/example_dags/example_latest_only.py
[2025-08-27T07:53:51.356+0000] {processor.py:914} INFO - Processing file /home/airflow/.local/lib/python3.12/site-packages/airflow/example_dags/example_latest_only.py for tasks to queue
[2025-08-27T07:53:51.357+0000] {logging_mixin.py:190} INFO - [2025-08-27T07:53:51.356+0000] {dagbag.py:588} INFO - Filling up the DagBag from /home/airflow/.local/lib/python3.12/site-packages/airflow/example_dags/example_latest_only.py
[2025-08-27T07:53:51.359+0000] {processor.py:925} INFO - DAG(s) 'latest_only' retrieved from /home/airflow/.local/lib/python3.12/site-packages/airflow/example_dags/example_latest_only.py
[2025-08-27T07:53:51.367+0000] {logging_mixin.py:190} INFO - [2025-08-27T07:53:51.366+0000] {dag.py:3239} INFO - Sync 1 DAGs
[2025-08-27T07:53:51.374+0000] {logging_mixin.py:190} INFO - [2025-08-27T07:53:51.374+0000] {dag.py:4180} INFO - Setting next_dagrun for latest_only to 2025-08-27 00:00:00+00:00, run_after=2025-08-27 04:00:00+00:00
[2025-08-27T07:53:51.380+0000] {processor.py:208} INFO - Processing /home/airflow/.local/lib/python3.12/site-packages/airflow/example_dags/example_latest_only.py took 0.027 seconds
[2025-08-27T07:54:21.946+0000] {processor.py:186} INFO - Started process (PID=678) to work on /home/airflow/.local/lib/python3.12/site-packages/airflow/example_dags/example_latest_only.py
[2025-08-27T07:54:21.947+0000] {processor.py:914} INFO - Processing file /home/airflow/.local/lib/python3.12/site-packages/airflow/example_dags/example_latest_only.py for tasks to queue
[2025-08-27T07:54:21.949+0000] {logging_mixin.py:190} INFO - [2025-08-27T07:54:21.948+0000] {dagbag.py:588} INFO - Filling up the DagBag from /home/airflow/.local/lib/python3.12/site-packages/airflow/example_dags/example_latest_only.py
[2025-08-27T07:54:21.951+0000] {processor.py:925} INFO - DAG(s) 'latest_only' retrieved from /home/airflow/.local/lib/python3.12/site-packages/airflow/example_dags/example_latest_only.py
[2025-08-27T07:54:21.959+0000] {logging_mixin.py:190} INFO - [2025-08-27T07:54:21.959+0000] {dag.py:3239} INFO - Sync 1 DAGs
[2025-08-27T07:54:21.966+0000] {logging_mixin.py:190} INFO - [2025-08-27T07:54:21.966+0000] {dag.py:4180} INFO - Setting next_dagrun for latest_only to 2025-08-27 00:00:00+00:00, run_after=2025-08-27 04:00:00+00:00
[2025-08-27T07:54:21.978+0000] {processor.py:208} INFO - Processing /home/airflow/.local/lib/python3.12/site-packages/airflow/example_dags/example_latest_only.py took 0.034 seconds
