[2025-08-27T07:49:17.807+0000] {processor.py:186} INFO - Started process (PID=92) to work on /home/airflow/.local/lib/python3.12/site-packages/airflow/example_dags/example_dataset_alias.py
[2025-08-27T07:49:17.807+0000] {processor.py:914} INFO - Processing file /home/airflow/.local/lib/python3.12/site-packages/airflow/example_dags/example_dataset_alias.py for tasks to queue
[2025-08-27T07:49:17.808+0000] {logging_mixin.py:190} INFO - [2025-08-27T07:49:17.808+0000] {dagbag.py:588} INFO - Filling up the DagBag from /home/airflow/.local/lib/python3.12/site-packages/airflow/example_dags/example_dataset_alias.py
[2025-08-27T07:49:17.869+0000] {processor.py:925} INFO - DAG(s) 'dataset_alias_example_alias_consumer', 'dataset_s3_bucket_consumer', 'dataset_s3_bucket_producer', 'dataset_alias_example_alias_producer' retrieved from /home/airflow/.local/lib/python3.12/site-packages/airflow/example_dags/example_dataset_alias.py
[2025-08-27T07:49:17.879+0000] {logging_mixin.py:190} INFO - [2025-08-27T07:49:17.879+0000] {dag.py:3239} INFO - Sync 4 DAGs
[2025-08-27T07:49:17.887+0000] {logging_mixin.py:190} INFO - [2025-08-27T07:49:17.887+0000] {dag.py:4180} INFO - Setting next_dagrun for dataset_alias_example_alias_consumer to None, run_after=None
[2025-08-27T07:49:17.888+0000] {logging_mixin.py:190} INFO - [2025-08-27T07:49:17.888+0000] {dag.py:4180} INFO - Setting next_dagrun for dataset_alias_example_alias_producer to None, run_after=None
[2025-08-27T07:49:17.888+0000] {logging_mixin.py:190} INFO - [2025-08-27T07:49:17.888+0000] {dag.py:4180} INFO - Setting next_dagrun for dataset_s3_bucket_consumer to None, run_after=None
[2025-08-27T07:49:17.889+0000] {logging_mixin.py:190} INFO - [2025-08-27T07:49:17.889+0000] {dag.py:4180} INFO - Setting next_dagrun for dataset_s3_bucket_producer to None, run_after=None
[2025-08-27T07:49:17.894+0000] {processor.py:208} INFO - Processing /home/airflow/.local/lib/python3.12/site-packages/airflow/example_dags/example_dataset_alias.py took 0.090 seconds
[2025-08-27T07:49:48.450+0000] {processor.py:186} INFO - Started process (PID=155) to work on /home/airflow/.local/lib/python3.12/site-packages/airflow/example_dags/example_dataset_alias.py
[2025-08-27T07:49:48.452+0000] {processor.py:914} INFO - Processing file /home/airflow/.local/lib/python3.12/site-packages/airflow/example_dags/example_dataset_alias.py for tasks to queue
[2025-08-27T07:49:48.454+0000] {logging_mixin.py:190} INFO - [2025-08-27T07:49:48.454+0000] {dagbag.py:588} INFO - Filling up the DagBag from /home/airflow/.local/lib/python3.12/site-packages/airflow/example_dags/example_dataset_alias.py
[2025-08-27T07:49:48.512+0000] {processor.py:925} INFO - DAG(s) 'dataset_alias_example_alias_producer', 'dataset_s3_bucket_consumer', 'dataset_alias_example_alias_consumer', 'dataset_s3_bucket_producer' retrieved from /home/airflow/.local/lib/python3.12/site-packages/airflow/example_dags/example_dataset_alias.py
[2025-08-27T07:49:48.517+0000] {logging_mixin.py:190} INFO - [2025-08-27T07:49:48.517+0000] {dag.py:3239} INFO - Sync 4 DAGs
[2025-08-27T07:49:48.527+0000] {logging_mixin.py:190} INFO - [2025-08-27T07:49:48.527+0000] {dag.py:4180} INFO - Setting next_dagrun for dataset_alias_example_alias_consumer to None, run_after=None
[2025-08-27T07:49:48.528+0000] {logging_mixin.py:190} INFO - [2025-08-27T07:49:48.528+0000] {dag.py:4180} INFO - Setting next_dagrun for dataset_alias_example_alias_producer to None, run_after=None
[2025-08-27T07:49:48.528+0000] {logging_mixin.py:190} INFO - [2025-08-27T07:49:48.528+0000] {dag.py:4180} INFO - Setting next_dagrun for dataset_s3_bucket_consumer to None, run_after=None
[2025-08-27T07:49:48.529+0000] {logging_mixin.py:190} INFO - [2025-08-27T07:49:48.529+0000] {dag.py:4180} INFO - Setting next_dagrun for dataset_s3_bucket_producer to None, run_after=None
[2025-08-27T07:49:48.539+0000] {processor.py:208} INFO - Processing /home/airflow/.local/lib/python3.12/site-packages/airflow/example_dags/example_dataset_alias.py took 0.092 seconds
[2025-08-27T07:50:19.081+0000] {processor.py:186} INFO - Started process (PID=218) to work on /home/airflow/.local/lib/python3.12/site-packages/airflow/example_dags/example_dataset_alias.py
[2025-08-27T07:50:19.082+0000] {processor.py:914} INFO - Processing file /home/airflow/.local/lib/python3.12/site-packages/airflow/example_dags/example_dataset_alias.py for tasks to queue
[2025-08-27T07:50:19.085+0000] {logging_mixin.py:190} INFO - [2025-08-27T07:50:19.085+0000] {dagbag.py:588} INFO - Filling up the DagBag from /home/airflow/.local/lib/python3.12/site-packages/airflow/example_dags/example_dataset_alias.py
[2025-08-27T07:50:19.140+0000] {processor.py:925} INFO - DAG(s) 'dataset_alias_example_alias_producer', 'dataset_s3_bucket_producer', 'dataset_alias_example_alias_consumer', 'dataset_s3_bucket_consumer' retrieved from /home/airflow/.local/lib/python3.12/site-packages/airflow/example_dags/example_dataset_alias.py
[2025-08-27T07:50:19.151+0000] {logging_mixin.py:190} INFO - [2025-08-27T07:50:19.151+0000] {dag.py:3239} INFO - Sync 4 DAGs
[2025-08-27T07:50:19.161+0000] {logging_mixin.py:190} INFO - [2025-08-27T07:50:19.161+0000] {dag.py:4180} INFO - Setting next_dagrun for dataset_alias_example_alias_consumer to None, run_after=None
[2025-08-27T07:50:19.162+0000] {logging_mixin.py:190} INFO - [2025-08-27T07:50:19.162+0000] {dag.py:4180} INFO - Setting next_dagrun for dataset_alias_example_alias_producer to None, run_after=None
[2025-08-27T07:50:19.163+0000] {logging_mixin.py:190} INFO - [2025-08-27T07:50:19.163+0000] {dag.py:4180} INFO - Setting next_dagrun for dataset_s3_bucket_consumer to None, run_after=None
[2025-08-27T07:50:19.164+0000] {logging_mixin.py:190} INFO - [2025-08-27T07:50:19.164+0000] {dag.py:4180} INFO - Setting next_dagrun for dataset_s3_bucket_producer to None, run_after=None
[2025-08-27T07:50:19.172+0000] {processor.py:208} INFO - Processing /home/airflow/.local/lib/python3.12/site-packages/airflow/example_dags/example_dataset_alias.py took 0.093 seconds
[2025-08-27T07:50:49.717+0000] {processor.py:186} INFO - Started process (PID=281) to work on /home/airflow/.local/lib/python3.12/site-packages/airflow/example_dags/example_dataset_alias.py
[2025-08-27T07:50:49.718+0000] {processor.py:914} INFO - Processing file /home/airflow/.local/lib/python3.12/site-packages/airflow/example_dags/example_dataset_alias.py for tasks to queue
[2025-08-27T07:50:49.719+0000] {logging_mixin.py:190} INFO - [2025-08-27T07:50:49.719+0000] {dagbag.py:588} INFO - Filling up the DagBag from /home/airflow/.local/lib/python3.12/site-packages/airflow/example_dags/example_dataset_alias.py
[2025-08-27T07:50:49.778+0000] {processor.py:925} INFO - DAG(s) 'dataset_alias_example_alias_producer', 'dataset_alias_example_alias_consumer', 'dataset_s3_bucket_producer', 'dataset_s3_bucket_consumer' retrieved from /home/airflow/.local/lib/python3.12/site-packages/airflow/example_dags/example_dataset_alias.py
[2025-08-27T07:50:49.785+0000] {logging_mixin.py:190} INFO - [2025-08-27T07:50:49.785+0000] {dag.py:3239} INFO - Sync 4 DAGs
[2025-08-27T07:50:49.795+0000] {logging_mixin.py:190} INFO - [2025-08-27T07:50:49.795+0000] {dag.py:4180} INFO - Setting next_dagrun for dataset_alias_example_alias_consumer to None, run_after=None
[2025-08-27T07:50:49.797+0000] {logging_mixin.py:190} INFO - [2025-08-27T07:50:49.797+0000] {dag.py:4180} INFO - Setting next_dagrun for dataset_alias_example_alias_producer to None, run_after=None
[2025-08-27T07:50:49.797+0000] {logging_mixin.py:190} INFO - [2025-08-27T07:50:49.797+0000] {dag.py:4180} INFO - Setting next_dagrun for dataset_s3_bucket_consumer to None, run_after=None
[2025-08-27T07:50:49.797+0000] {logging_mixin.py:190} INFO - [2025-08-27T07:50:49.797+0000] {dag.py:4180} INFO - Setting next_dagrun for dataset_s3_bucket_producer to None, run_after=None
[2025-08-27T07:50:49.806+0000] {processor.py:208} INFO - Processing /home/airflow/.local/lib/python3.12/site-packages/airflow/example_dags/example_dataset_alias.py took 0.090 seconds
