[2025-08-27T07:49:17.477+0000] {processor.py:186} INFO - Started process (PID=82) to work on /home/airflow/.local/lib/python3.12/site-packages/airflow/example_dags/example_datasets.py
[2025-08-27T07:49:17.478+0000] {processor.py:914} INFO - Processing file /home/airflow/.local/lib/python3.12/site-packages/airflow/example_dags/example_datasets.py for tasks to queue
[2025-08-27T07:49:17.478+0000] {logging_mixin.py:190} INFO - [2025-08-27T07:49:17.478+0000] {dagbag.py:588} INFO - Filling up the DagBag from /home/airflow/.local/lib/python3.12/site-packages/airflow/example_dags/example_datasets.py
[2025-08-27T07:49:17.535+0000] {processor.py:925} INFO - DAG(s) 'dataset_produces_1', 'consume_1_or_2_with_dataset_expressions', 'conditional_dataset_and_time_based_timetable', 'dataset_consumes_1', 'consume_1_or_both_2_and_3_with_dataset_expressions', 'dataset_consumes_1_and_2', 'dataset_consumes_unknown_never_scheduled', 'dataset_consumes_1_never_scheduled', 'consume_1_and_2_with_dataset_expressions', 'dataset_produces_2' retrieved from /home/airflow/.local/lib/python3.12/site-packages/airflow/example_dags/example_datasets.py
[2025-08-27T07:49:17.548+0000] {logging_mixin.py:190} INFO - [2025-08-27T07:49:17.548+0000] {dag.py:3239} INFO - Sync 10 DAGs
[2025-08-27T07:49:17.558+0000] {logging_mixin.py:190} INFO - [2025-08-27T07:49:17.558+0000] {dag.py:4180} INFO - Setting next_dagrun for conditional_dataset_and_time_based_timetable to 2025-08-27 01:00:00+00:00, run_after=2025-08-27 01:00:00+00:00
[2025-08-27T07:49:17.560+0000] {logging_mixin.py:190} INFO - [2025-08-27T07:49:17.560+0000] {dag.py:4180} INFO - Setting next_dagrun for consume_1_and_2_with_dataset_expressions to None, run_after=None
[2025-08-27T07:49:17.561+0000] {logging_mixin.py:190} INFO - [2025-08-27T07:49:17.561+0000] {dag.py:4180} INFO - Setting next_dagrun for consume_1_or_2_with_dataset_expressions to None, run_after=None
[2025-08-27T07:49:17.562+0000] {logging_mixin.py:190} INFO - [2025-08-27T07:49:17.562+0000] {dag.py:4180} INFO - Setting next_dagrun for consume_1_or_both_2_and_3_with_dataset_expressions to None, run_after=None
[2025-08-27T07:49:17.562+0000] {logging_mixin.py:190} INFO - [2025-08-27T07:49:17.562+0000] {dag.py:4180} INFO - Setting next_dagrun for dataset_consumes_1 to None, run_after=None
[2025-08-27T07:49:17.563+0000] {logging_mixin.py:190} INFO - [2025-08-27T07:49:17.563+0000] {dag.py:4180} INFO - Setting next_dagrun for dataset_consumes_1_and_2 to None, run_after=None
[2025-08-27T07:49:17.563+0000] {logging_mixin.py:190} INFO - [2025-08-27T07:49:17.563+0000] {dag.py:4180} INFO - Setting next_dagrun for dataset_consumes_1_never_scheduled to None, run_after=None
[2025-08-27T07:49:17.564+0000] {logging_mixin.py:190} INFO - [2025-08-27T07:49:17.564+0000] {dag.py:4180} INFO - Setting next_dagrun for dataset_consumes_unknown_never_scheduled to None, run_after=None
[2025-08-27T07:49:17.565+0000] {logging_mixin.py:190} INFO - [2025-08-27T07:49:17.565+0000] {dag.py:4180} INFO - Setting next_dagrun for dataset_produces_1 to 2025-08-26 00:00:00+00:00, run_after=2025-08-27 00:00:00+00:00
[2025-08-27T07:49:17.567+0000] {logging_mixin.py:190} INFO - [2025-08-27T07:49:17.567+0000] {dag.py:4180} INFO - Setting next_dagrun for dataset_produces_2 to None, run_after=None
[2025-08-27T07:49:17.583+0000] {processor.py:208} INFO - Processing /home/airflow/.local/lib/python3.12/site-packages/airflow/example_dags/example_datasets.py took 0.108 seconds
[2025-08-27T07:49:48.164+0000] {processor.py:186} INFO - Started process (PID=145) to work on /home/airflow/.local/lib/python3.12/site-packages/airflow/example_dags/example_datasets.py
[2025-08-27T07:49:48.164+0000] {processor.py:914} INFO - Processing file /home/airflow/.local/lib/python3.12/site-packages/airflow/example_dags/example_datasets.py for tasks to queue
[2025-08-27T07:49:48.165+0000] {logging_mixin.py:190} INFO - [2025-08-27T07:49:48.165+0000] {dagbag.py:588} INFO - Filling up the DagBag from /home/airflow/.local/lib/python3.12/site-packages/airflow/example_dags/example_datasets.py
[2025-08-27T07:49:48.218+0000] {processor.py:925} INFO - DAG(s) 'dataset_produces_2', 'consume_1_and_2_with_dataset_expressions', 'dataset_consumes_unknown_never_scheduled', 'conditional_dataset_and_time_based_timetable', 'dataset_consumes_1_and_2', 'dataset_consumes_1_never_scheduled', 'consume_1_or_2_with_dataset_expressions', 'dataset_produces_1', 'consume_1_or_both_2_and_3_with_dataset_expressions', 'dataset_consumes_1' retrieved from /home/airflow/.local/lib/python3.12/site-packages/airflow/example_dags/example_datasets.py
[2025-08-27T07:49:48.240+0000] {logging_mixin.py:190} INFO - [2025-08-27T07:49:48.240+0000] {dag.py:3239} INFO - Sync 10 DAGs
[2025-08-27T07:49:48.249+0000] {logging_mixin.py:190} INFO - [2025-08-27T07:49:48.249+0000] {dag.py:4180} INFO - Setting next_dagrun for conditional_dataset_and_time_based_timetable to 2025-08-27 01:00:00+00:00, run_after=2025-08-27 01:00:00+00:00
[2025-08-27T07:49:48.252+0000] {logging_mixin.py:190} INFO - [2025-08-27T07:49:48.252+0000] {dag.py:4180} INFO - Setting next_dagrun for consume_1_and_2_with_dataset_expressions to None, run_after=None
[2025-08-27T07:49:48.253+0000] {logging_mixin.py:190} INFO - [2025-08-27T07:49:48.253+0000] {dag.py:4180} INFO - Setting next_dagrun for consume_1_or_2_with_dataset_expressions to None, run_after=None
[2025-08-27T07:49:48.255+0000] {logging_mixin.py:190} INFO - [2025-08-27T07:49:48.255+0000] {dag.py:4180} INFO - Setting next_dagrun for consume_1_or_both_2_and_3_with_dataset_expressions to None, run_after=None
[2025-08-27T07:49:48.256+0000] {logging_mixin.py:190} INFO - [2025-08-27T07:49:48.256+0000] {dag.py:4180} INFO - Setting next_dagrun for dataset_consumes_1 to None, run_after=None
[2025-08-27T07:49:48.257+0000] {logging_mixin.py:190} INFO - [2025-08-27T07:49:48.257+0000] {dag.py:4180} INFO - Setting next_dagrun for dataset_consumes_1_and_2 to None, run_after=None
[2025-08-27T07:49:48.259+0000] {logging_mixin.py:190} INFO - [2025-08-27T07:49:48.259+0000] {dag.py:4180} INFO - Setting next_dagrun for dataset_consumes_1_never_scheduled to None, run_after=None
[2025-08-27T07:49:48.260+0000] {logging_mixin.py:190} INFO - [2025-08-27T07:49:48.260+0000] {dag.py:4180} INFO - Setting next_dagrun for dataset_consumes_unknown_never_scheduled to None, run_after=None
[2025-08-27T07:49:48.261+0000] {logging_mixin.py:190} INFO - [2025-08-27T07:49:48.261+0000] {dag.py:4180} INFO - Setting next_dagrun for dataset_produces_1 to 2025-08-26 00:00:00+00:00, run_after=2025-08-27 00:00:00+00:00
[2025-08-27T07:49:48.264+0000] {logging_mixin.py:190} INFO - [2025-08-27T07:49:48.264+0000] {dag.py:4180} INFO - Setting next_dagrun for dataset_produces_2 to None, run_after=None
[2025-08-27T07:49:48.277+0000] {processor.py:208} INFO - Processing /home/airflow/.local/lib/python3.12/site-packages/airflow/example_dags/example_datasets.py took 0.116 seconds
[2025-08-27T07:50:18.793+0000] {processor.py:186} INFO - Started process (PID=208) to work on /home/airflow/.local/lib/python3.12/site-packages/airflow/example_dags/example_datasets.py
[2025-08-27T07:50:18.793+0000] {processor.py:914} INFO - Processing file /home/airflow/.local/lib/python3.12/site-packages/airflow/example_dags/example_datasets.py for tasks to queue
[2025-08-27T07:50:18.795+0000] {logging_mixin.py:190} INFO - [2025-08-27T07:50:18.794+0000] {dagbag.py:588} INFO - Filling up the DagBag from /home/airflow/.local/lib/python3.12/site-packages/airflow/example_dags/example_datasets.py
[2025-08-27T07:50:18.848+0000] {processor.py:925} INFO - DAG(s) 'dataset_consumes_unknown_never_scheduled', 'consume_1_or_both_2_and_3_with_dataset_expressions', 'consume_1_or_2_with_dataset_expressions', 'dataset_consumes_1_never_scheduled', 'dataset_produces_2', 'dataset_consumes_1', 'conditional_dataset_and_time_based_timetable', 'dataset_produces_1', 'consume_1_and_2_with_dataset_expressions', 'dataset_consumes_1_and_2' retrieved from /home/airflow/.local/lib/python3.12/site-packages/airflow/example_dags/example_datasets.py
[2025-08-27T07:50:18.867+0000] {logging_mixin.py:190} INFO - [2025-08-27T07:50:18.866+0000] {dag.py:3239} INFO - Sync 10 DAGs
[2025-08-27T07:50:18.876+0000] {logging_mixin.py:190} INFO - [2025-08-27T07:50:18.876+0000] {dag.py:4180} INFO - Setting next_dagrun for conditional_dataset_and_time_based_timetable to 2025-08-27 01:00:00+00:00, run_after=2025-08-27 01:00:00+00:00
[2025-08-27T07:50:18.878+0000] {logging_mixin.py:190} INFO - [2025-08-27T07:50:18.878+0000] {dag.py:4180} INFO - Setting next_dagrun for consume_1_and_2_with_dataset_expressions to None, run_after=None
[2025-08-27T07:50:18.878+0000] {logging_mixin.py:190} INFO - [2025-08-27T07:50:18.878+0000] {dag.py:4180} INFO - Setting next_dagrun for consume_1_or_2_with_dataset_expressions to None, run_after=None
[2025-08-27T07:50:18.878+0000] {logging_mixin.py:190} INFO - [2025-08-27T07:50:18.878+0000] {dag.py:4180} INFO - Setting next_dagrun for consume_1_or_both_2_and_3_with_dataset_expressions to None, run_after=None
[2025-08-27T07:50:18.879+0000] {logging_mixin.py:190} INFO - [2025-08-27T07:50:18.879+0000] {dag.py:4180} INFO - Setting next_dagrun for dataset_consumes_1 to None, run_after=None
[2025-08-27T07:50:18.879+0000] {logging_mixin.py:190} INFO - [2025-08-27T07:50:18.879+0000] {dag.py:4180} INFO - Setting next_dagrun for dataset_consumes_1_and_2 to None, run_after=None
[2025-08-27T07:50:18.879+0000] {logging_mixin.py:190} INFO - [2025-08-27T07:50:18.879+0000] {dag.py:4180} INFO - Setting next_dagrun for dataset_consumes_1_never_scheduled to None, run_after=None
[2025-08-27T07:50:18.880+0000] {logging_mixin.py:190} INFO - [2025-08-27T07:50:18.880+0000] {dag.py:4180} INFO - Setting next_dagrun for dataset_consumes_unknown_never_scheduled to None, run_after=None
[2025-08-27T07:50:18.880+0000] {logging_mixin.py:190} INFO - [2025-08-27T07:50:18.880+0000] {dag.py:4180} INFO - Setting next_dagrun for dataset_produces_1 to 2025-08-26 00:00:00+00:00, run_after=2025-08-27 00:00:00+00:00
[2025-08-27T07:50:18.881+0000] {logging_mixin.py:190} INFO - [2025-08-27T07:50:18.881+0000] {dag.py:4180} INFO - Setting next_dagrun for dataset_produces_2 to None, run_after=None
[2025-08-27T07:50:18.892+0000] {processor.py:208} INFO - Processing /home/airflow/.local/lib/python3.12/site-packages/airflow/example_dags/example_datasets.py took 0.101 seconds
[2025-08-27T07:50:49.410+0000] {processor.py:186} INFO - Started process (PID=271) to work on /home/airflow/.local/lib/python3.12/site-packages/airflow/example_dags/example_datasets.py
[2025-08-27T07:50:49.410+0000] {processor.py:914} INFO - Processing file /home/airflow/.local/lib/python3.12/site-packages/airflow/example_dags/example_datasets.py for tasks to queue
[2025-08-27T07:50:49.411+0000] {logging_mixin.py:190} INFO - [2025-08-27T07:50:49.411+0000] {dagbag.py:588} INFO - Filling up the DagBag from /home/airflow/.local/lib/python3.12/site-packages/airflow/example_dags/example_datasets.py
[2025-08-27T07:50:49.464+0000] {processor.py:925} INFO - DAG(s) 'dataset_produces_1', 'dataset_produces_2', 'consume_1_and_2_with_dataset_expressions', 'consume_1_or_both_2_and_3_with_dataset_expressions', 'conditional_dataset_and_time_based_timetable', 'consume_1_or_2_with_dataset_expressions', 'dataset_consumes_1_and_2', 'dataset_consumes_1', 'dataset_consumes_1_never_scheduled', 'dataset_consumes_unknown_never_scheduled' retrieved from /home/airflow/.local/lib/python3.12/site-packages/airflow/example_dags/example_datasets.py
[2025-08-27T07:50:49.481+0000] {logging_mixin.py:190} INFO - [2025-08-27T07:50:49.480+0000] {dag.py:3239} INFO - Sync 10 DAGs
[2025-08-27T07:50:49.489+0000] {logging_mixin.py:190} INFO - [2025-08-27T07:50:49.489+0000] {dag.py:4180} INFO - Setting next_dagrun for conditional_dataset_and_time_based_timetable to 2025-08-27 01:00:00+00:00, run_after=2025-08-27 01:00:00+00:00
[2025-08-27T07:50:49.490+0000] {logging_mixin.py:190} INFO - [2025-08-27T07:50:49.490+0000] {dag.py:4180} INFO - Setting next_dagrun for consume_1_and_2_with_dataset_expressions to None, run_after=None
[2025-08-27T07:50:49.491+0000] {logging_mixin.py:190} INFO - [2025-08-27T07:50:49.490+0000] {dag.py:4180} INFO - Setting next_dagrun for consume_1_or_2_with_dataset_expressions to None, run_after=None
[2025-08-27T07:50:49.491+0000] {logging_mixin.py:190} INFO - [2025-08-27T07:50:49.491+0000] {dag.py:4180} INFO - Setting next_dagrun for consume_1_or_both_2_and_3_with_dataset_expressions to None, run_after=None
[2025-08-27T07:50:49.492+0000] {logging_mixin.py:190} INFO - [2025-08-27T07:50:49.492+0000] {dag.py:4180} INFO - Setting next_dagrun for dataset_consumes_1 to None, run_after=None
[2025-08-27T07:50:49.493+0000] {logging_mixin.py:190} INFO - [2025-08-27T07:50:49.493+0000] {dag.py:4180} INFO - Setting next_dagrun for dataset_consumes_1_and_2 to None, run_after=None
[2025-08-27T07:50:49.494+0000] {logging_mixin.py:190} INFO - [2025-08-27T07:50:49.494+0000] {dag.py:4180} INFO - Setting next_dagrun for dataset_consumes_1_never_scheduled to None, run_after=None
[2025-08-27T07:50:49.495+0000] {logging_mixin.py:190} INFO - [2025-08-27T07:50:49.495+0000] {dag.py:4180} INFO - Setting next_dagrun for dataset_consumes_unknown_never_scheduled to None, run_after=None
[2025-08-27T07:50:49.496+0000] {logging_mixin.py:190} INFO - [2025-08-27T07:50:49.496+0000] {dag.py:4180} INFO - Setting next_dagrun for dataset_produces_1 to 2025-08-26 00:00:00+00:00, run_after=2025-08-27 00:00:00+00:00
[2025-08-27T07:50:49.497+0000] {logging_mixin.py:190} INFO - [2025-08-27T07:50:49.497+0000] {dag.py:4180} INFO - Setting next_dagrun for dataset_produces_2 to None, run_after=None
[2025-08-27T07:50:49.506+0000] {processor.py:208} INFO - Processing /home/airflow/.local/lib/python3.12/site-packages/airflow/example_dags/example_datasets.py took 0.098 seconds
[2025-08-27T07:51:19.985+0000] {processor.py:186} INFO - Started process (PID=333) to work on /home/airflow/.local/lib/python3.12/site-packages/airflow/example_dags/example_datasets.py
[2025-08-27T07:51:19.985+0000] {processor.py:914} INFO - Processing file /home/airflow/.local/lib/python3.12/site-packages/airflow/example_dags/example_datasets.py for tasks to queue
[2025-08-27T07:51:19.986+0000] {logging_mixin.py:190} INFO - [2025-08-27T07:51:19.986+0000] {dagbag.py:588} INFO - Filling up the DagBag from /home/airflow/.local/lib/python3.12/site-packages/airflow/example_dags/example_datasets.py
[2025-08-27T07:51:20.042+0000] {processor.py:925} INFO - DAG(s) 'consume_1_or_both_2_and_3_with_dataset_expressions', 'dataset_consumes_1_and_2', 'consume_1_or_2_with_dataset_expressions', 'dataset_produces_2', 'consume_1_and_2_with_dataset_expressions', 'conditional_dataset_and_time_based_timetable', 'dataset_consumes_unknown_never_scheduled', 'dataset_consumes_1', 'dataset_consumes_1_never_scheduled', 'dataset_produces_1' retrieved from /home/airflow/.local/lib/python3.12/site-packages/airflow/example_dags/example_datasets.py
[2025-08-27T07:51:20.056+0000] {logging_mixin.py:190} INFO - [2025-08-27T07:51:20.056+0000] {dag.py:3239} INFO - Sync 10 DAGs
[2025-08-27T07:51:20.065+0000] {logging_mixin.py:190} INFO - [2025-08-27T07:51:20.065+0000] {dag.py:4180} INFO - Setting next_dagrun for conditional_dataset_and_time_based_timetable to 2025-08-27 01:00:00+00:00, run_after=2025-08-27 01:00:00+00:00
[2025-08-27T07:51:20.066+0000] {logging_mixin.py:190} INFO - [2025-08-27T07:51:20.066+0000] {dag.py:4180} INFO - Setting next_dagrun for consume_1_and_2_with_dataset_expressions to None, run_after=None
[2025-08-27T07:51:20.067+0000] {logging_mixin.py:190} INFO - [2025-08-27T07:51:20.067+0000] {dag.py:4180} INFO - Setting next_dagrun for consume_1_or_2_with_dataset_expressions to None, run_after=None
[2025-08-27T07:51:20.068+0000] {logging_mixin.py:190} INFO - [2025-08-27T07:51:20.068+0000] {dag.py:4180} INFO - Setting next_dagrun for consume_1_or_both_2_and_3_with_dataset_expressions to None, run_after=None
[2025-08-27T07:51:20.070+0000] {logging_mixin.py:190} INFO - [2025-08-27T07:51:20.070+0000] {dag.py:4180} INFO - Setting next_dagrun for dataset_consumes_1 to None, run_after=None
[2025-08-27T07:51:20.071+0000] {logging_mixin.py:190} INFO - [2025-08-27T07:51:20.071+0000] {dag.py:4180} INFO - Setting next_dagrun for dataset_consumes_1_and_2 to None, run_after=None
[2025-08-27T07:51:20.072+0000] {logging_mixin.py:190} INFO - [2025-08-27T07:51:20.072+0000] {dag.py:4180} INFO - Setting next_dagrun for dataset_consumes_1_never_scheduled to None, run_after=None
[2025-08-27T07:51:20.072+0000] {logging_mixin.py:190} INFO - [2025-08-27T07:51:20.072+0000] {dag.py:4180} INFO - Setting next_dagrun for dataset_consumes_unknown_never_scheduled to None, run_after=None
[2025-08-27T07:51:20.073+0000] {logging_mixin.py:190} INFO - [2025-08-27T07:51:20.073+0000] {dag.py:4180} INFO - Setting next_dagrun for dataset_produces_1 to 2025-08-26 00:00:00+00:00, run_after=2025-08-27 00:00:00+00:00
[2025-08-27T07:51:20.075+0000] {logging_mixin.py:190} INFO - [2025-08-27T07:51:20.075+0000] {dag.py:4180} INFO - Setting next_dagrun for dataset_produces_2 to None, run_after=None
[2025-08-27T07:51:20.087+0000] {processor.py:208} INFO - Processing /home/airflow/.local/lib/python3.12/site-packages/airflow/example_dags/example_datasets.py took 0.104 seconds
[2025-08-27T07:51:50.644+0000] {processor.py:186} INFO - Started process (PID=396) to work on /home/airflow/.local/lib/python3.12/site-packages/airflow/example_dags/example_datasets.py
[2025-08-27T07:51:50.644+0000] {processor.py:914} INFO - Processing file /home/airflow/.local/lib/python3.12/site-packages/airflow/example_dags/example_datasets.py for tasks to queue
[2025-08-27T07:51:50.645+0000] {logging_mixin.py:190} INFO - [2025-08-27T07:51:50.645+0000] {dagbag.py:588} INFO - Filling up the DagBag from /home/airflow/.local/lib/python3.12/site-packages/airflow/example_dags/example_datasets.py
[2025-08-27T07:51:50.699+0000] {processor.py:925} INFO - DAG(s) 'dataset_produces_1', 'consume_1_or_both_2_and_3_with_dataset_expressions', 'dataset_produces_2', 'dataset_consumes_1_and_2', 'dataset_consumes_1', 'dataset_consumes_1_never_scheduled', 'consume_1_or_2_with_dataset_expressions', 'consume_1_and_2_with_dataset_expressions', 'conditional_dataset_and_time_based_timetable', 'dataset_consumes_unknown_never_scheduled' retrieved from /home/airflow/.local/lib/python3.12/site-packages/airflow/example_dags/example_datasets.py
[2025-08-27T07:51:50.715+0000] {logging_mixin.py:190} INFO - [2025-08-27T07:51:50.715+0000] {dag.py:3239} INFO - Sync 10 DAGs
[2025-08-27T07:51:50.725+0000] {logging_mixin.py:190} INFO - [2025-08-27T07:51:50.725+0000] {dag.py:4180} INFO - Setting next_dagrun for conditional_dataset_and_time_based_timetable to 2025-08-27 01:00:00+00:00, run_after=2025-08-27 01:00:00+00:00
[2025-08-27T07:51:50.728+0000] {logging_mixin.py:190} INFO - [2025-08-27T07:51:50.728+0000] {dag.py:4180} INFO - Setting next_dagrun for consume_1_and_2_with_dataset_expressions to None, run_after=None
[2025-08-27T07:51:50.729+0000] {logging_mixin.py:190} INFO - [2025-08-27T07:51:50.729+0000] {dag.py:4180} INFO - Setting next_dagrun for consume_1_or_2_with_dataset_expressions to None, run_after=None
[2025-08-27T07:51:50.729+0000] {logging_mixin.py:190} INFO - [2025-08-27T07:51:50.729+0000] {dag.py:4180} INFO - Setting next_dagrun for consume_1_or_both_2_and_3_with_dataset_expressions to None, run_after=None
[2025-08-27T07:51:50.729+0000] {logging_mixin.py:190} INFO - [2025-08-27T07:51:50.729+0000] {dag.py:4180} INFO - Setting next_dagrun for dataset_consumes_1 to None, run_after=None
[2025-08-27T07:51:50.731+0000] {logging_mixin.py:190} INFO - [2025-08-27T07:51:50.731+0000] {dag.py:4180} INFO - Setting next_dagrun for dataset_consumes_1_and_2 to None, run_after=None
[2025-08-27T07:51:50.732+0000] {logging_mixin.py:190} INFO - [2025-08-27T07:51:50.732+0000] {dag.py:4180} INFO - Setting next_dagrun for dataset_consumes_1_never_scheduled to None, run_after=None
[2025-08-27T07:51:50.732+0000] {logging_mixin.py:190} INFO - [2025-08-27T07:51:50.732+0000] {dag.py:4180} INFO - Setting next_dagrun for dataset_consumes_unknown_never_scheduled to None, run_after=None
[2025-08-27T07:51:50.733+0000] {logging_mixin.py:190} INFO - [2025-08-27T07:51:50.733+0000] {dag.py:4180} INFO - Setting next_dagrun for dataset_produces_1 to 2025-08-26 00:00:00+00:00, run_after=2025-08-27 00:00:00+00:00
[2025-08-27T07:51:50.733+0000] {logging_mixin.py:190} INFO - [2025-08-27T07:51:50.733+0000] {dag.py:4180} INFO - Setting next_dagrun for dataset_produces_2 to None, run_after=None
[2025-08-27T07:51:50.744+0000] {processor.py:208} INFO - Processing /home/airflow/.local/lib/python3.12/site-packages/airflow/example_dags/example_datasets.py took 0.103 seconds
[2025-08-27T07:52:21.268+0000] {processor.py:186} INFO - Started process (PID=459) to work on /home/airflow/.local/lib/python3.12/site-packages/airflow/example_dags/example_datasets.py
[2025-08-27T07:52:21.268+0000] {processor.py:914} INFO - Processing file /home/airflow/.local/lib/python3.12/site-packages/airflow/example_dags/example_datasets.py for tasks to queue
[2025-08-27T07:52:21.269+0000] {logging_mixin.py:190} INFO - [2025-08-27T07:52:21.269+0000] {dagbag.py:588} INFO - Filling up the DagBag from /home/airflow/.local/lib/python3.12/site-packages/airflow/example_dags/example_datasets.py
[2025-08-27T07:52:21.325+0000] {processor.py:925} INFO - DAG(s) 'dataset_consumes_1', 'consume_1_or_both_2_and_3_with_dataset_expressions', 'dataset_consumes_1_never_scheduled', 'dataset_produces_1', 'dataset_consumes_unknown_never_scheduled', 'conditional_dataset_and_time_based_timetable', 'dataset_consumes_1_and_2', 'dataset_produces_2', 'consume_1_or_2_with_dataset_expressions', 'consume_1_and_2_with_dataset_expressions' retrieved from /home/airflow/.local/lib/python3.12/site-packages/airflow/example_dags/example_datasets.py
[2025-08-27T07:52:21.342+0000] {logging_mixin.py:190} INFO - [2025-08-27T07:52:21.342+0000] {dag.py:3239} INFO - Sync 10 DAGs
[2025-08-27T07:52:21.352+0000] {logging_mixin.py:190} INFO - [2025-08-27T07:52:21.352+0000] {dag.py:4180} INFO - Setting next_dagrun for conditional_dataset_and_time_based_timetable to 2025-08-27 01:00:00+00:00, run_after=2025-08-27 01:00:00+00:00
[2025-08-27T07:52:21.353+0000] {logging_mixin.py:190} INFO - [2025-08-27T07:52:21.353+0000] {dag.py:4180} INFO - Setting next_dagrun for consume_1_and_2_with_dataset_expressions to None, run_after=None
[2025-08-27T07:52:21.354+0000] {logging_mixin.py:190} INFO - [2025-08-27T07:52:21.354+0000] {dag.py:4180} INFO - Setting next_dagrun for consume_1_or_2_with_dataset_expressions to None, run_after=None
[2025-08-27T07:52:21.354+0000] {logging_mixin.py:190} INFO - [2025-08-27T07:52:21.354+0000] {dag.py:4180} INFO - Setting next_dagrun for consume_1_or_both_2_and_3_with_dataset_expressions to None, run_after=None
[2025-08-27T07:52:21.355+0000] {logging_mixin.py:190} INFO - [2025-08-27T07:52:21.355+0000] {dag.py:4180} INFO - Setting next_dagrun for dataset_consumes_1 to None, run_after=None
[2025-08-27T07:52:21.356+0000] {logging_mixin.py:190} INFO - [2025-08-27T07:52:21.356+0000] {dag.py:4180} INFO - Setting next_dagrun for dataset_consumes_1_and_2 to None, run_after=None
[2025-08-27T07:52:21.356+0000] {logging_mixin.py:190} INFO - [2025-08-27T07:52:21.356+0000] {dag.py:4180} INFO - Setting next_dagrun for dataset_consumes_1_never_scheduled to None, run_after=None
[2025-08-27T07:52:21.357+0000] {logging_mixin.py:190} INFO - [2025-08-27T07:52:21.357+0000] {dag.py:4180} INFO - Setting next_dagrun for dataset_consumes_unknown_never_scheduled to None, run_after=None
[2025-08-27T07:52:21.357+0000] {logging_mixin.py:190} INFO - [2025-08-27T07:52:21.357+0000] {dag.py:4180} INFO - Setting next_dagrun for dataset_produces_1 to 2025-08-26 00:00:00+00:00, run_after=2025-08-27 00:00:00+00:00
[2025-08-27T07:52:21.358+0000] {logging_mixin.py:190} INFO - [2025-08-27T07:52:21.358+0000] {dag.py:4180} INFO - Setting next_dagrun for dataset_produces_2 to None, run_after=None
[2025-08-27T07:52:21.368+0000] {processor.py:208} INFO - Processing /home/airflow/.local/lib/python3.12/site-packages/airflow/example_dags/example_datasets.py took 0.103 seconds
[2025-08-27T07:52:51.929+0000] {processor.py:186} INFO - Started process (PID=522) to work on /home/airflow/.local/lib/python3.12/site-packages/airflow/example_dags/example_datasets.py
[2025-08-27T07:52:51.929+0000] {processor.py:914} INFO - Processing file /home/airflow/.local/lib/python3.12/site-packages/airflow/example_dags/example_datasets.py for tasks to queue
[2025-08-27T07:52:51.930+0000] {logging_mixin.py:190} INFO - [2025-08-27T07:52:51.930+0000] {dagbag.py:588} INFO - Filling up the DagBag from /home/airflow/.local/lib/python3.12/site-packages/airflow/example_dags/example_datasets.py
[2025-08-27T07:52:51.982+0000] {processor.py:925} INFO - DAG(s) 'conditional_dataset_and_time_based_timetable', 'dataset_consumes_1', 'consume_1_or_2_with_dataset_expressions', 'dataset_consumes_1_and_2', 'consume_1_or_both_2_and_3_with_dataset_expressions', 'dataset_produces_1', 'dataset_produces_2', 'dataset_consumes_1_never_scheduled', 'dataset_consumes_unknown_never_scheduled', 'consume_1_and_2_with_dataset_expressions' retrieved from /home/airflow/.local/lib/python3.12/site-packages/airflow/example_dags/example_datasets.py
[2025-08-27T07:52:51.996+0000] {logging_mixin.py:190} INFO - [2025-08-27T07:52:51.995+0000] {dag.py:3239} INFO - Sync 10 DAGs
[2025-08-27T07:52:52.008+0000] {logging_mixin.py:190} INFO - [2025-08-27T07:52:52.008+0000] {dag.py:4180} INFO - Setting next_dagrun for conditional_dataset_and_time_based_timetable to 2025-08-27 01:00:00+00:00, run_after=2025-08-27 01:00:00+00:00
[2025-08-27T07:52:52.009+0000] {logging_mixin.py:190} INFO - [2025-08-27T07:52:52.009+0000] {dag.py:4180} INFO - Setting next_dagrun for consume_1_and_2_with_dataset_expressions to None, run_after=None
[2025-08-27T07:52:52.011+0000] {logging_mixin.py:190} INFO - [2025-08-27T07:52:52.011+0000] {dag.py:4180} INFO - Setting next_dagrun for consume_1_or_2_with_dataset_expressions to None, run_after=None
[2025-08-27T07:52:52.012+0000] {logging_mixin.py:190} INFO - [2025-08-27T07:52:52.012+0000] {dag.py:4180} INFO - Setting next_dagrun for consume_1_or_both_2_and_3_with_dataset_expressions to None, run_after=None
[2025-08-27T07:52:52.013+0000] {logging_mixin.py:190} INFO - [2025-08-27T07:52:52.013+0000] {dag.py:4180} INFO - Setting next_dagrun for dataset_consumes_1 to None, run_after=None
[2025-08-27T07:52:52.015+0000] {logging_mixin.py:190} INFO - [2025-08-27T07:52:52.015+0000] {dag.py:4180} INFO - Setting next_dagrun for dataset_consumes_1_and_2 to None, run_after=None
[2025-08-27T07:52:52.015+0000] {logging_mixin.py:190} INFO - [2025-08-27T07:52:52.015+0000] {dag.py:4180} INFO - Setting next_dagrun for dataset_consumes_1_never_scheduled to None, run_after=None
[2025-08-27T07:52:52.016+0000] {logging_mixin.py:190} INFO - [2025-08-27T07:52:52.016+0000] {dag.py:4180} INFO - Setting next_dagrun for dataset_consumes_unknown_never_scheduled to None, run_after=None
[2025-08-27T07:52:52.018+0000] {logging_mixin.py:190} INFO - [2025-08-27T07:52:52.018+0000] {dag.py:4180} INFO - Setting next_dagrun for dataset_produces_1 to 2025-08-26 00:00:00+00:00, run_after=2025-08-27 00:00:00+00:00
[2025-08-27T07:52:52.019+0000] {logging_mixin.py:190} INFO - [2025-08-27T07:52:52.019+0000] {dag.py:4180} INFO - Setting next_dagrun for dataset_produces_2 to None, run_after=None
[2025-08-27T07:52:52.031+0000] {processor.py:208} INFO - Processing /home/airflow/.local/lib/python3.12/site-packages/airflow/example_dags/example_datasets.py took 0.104 seconds
[2025-08-27T07:53:22.536+0000] {processor.py:186} INFO - Started process (PID=585) to work on /home/airflow/.local/lib/python3.12/site-packages/airflow/example_dags/example_datasets.py
[2025-08-27T07:53:22.536+0000] {processor.py:914} INFO - Processing file /home/airflow/.local/lib/python3.12/site-packages/airflow/example_dags/example_datasets.py for tasks to queue
[2025-08-27T07:53:22.537+0000] {logging_mixin.py:190} INFO - [2025-08-27T07:53:22.537+0000] {dagbag.py:588} INFO - Filling up the DagBag from /home/airflow/.local/lib/python3.12/site-packages/airflow/example_dags/example_datasets.py
[2025-08-27T07:53:22.590+0000] {processor.py:925} INFO - DAG(s) 'dataset_produces_2', 'dataset_produces_1', 'consume_1_or_2_with_dataset_expressions', 'consume_1_and_2_with_dataset_expressions', 'dataset_consumes_1_never_scheduled', 'consume_1_or_both_2_and_3_with_dataset_expressions', 'dataset_consumes_1', 'conditional_dataset_and_time_based_timetable', 'dataset_consumes_unknown_never_scheduled', 'dataset_consumes_1_and_2' retrieved from /home/airflow/.local/lib/python3.12/site-packages/airflow/example_dags/example_datasets.py
[2025-08-27T07:53:22.607+0000] {logging_mixin.py:190} INFO - [2025-08-27T07:53:22.607+0000] {dag.py:3239} INFO - Sync 10 DAGs
[2025-08-27T07:53:22.616+0000] {logging_mixin.py:190} INFO - [2025-08-27T07:53:22.616+0000] {dag.py:4180} INFO - Setting next_dagrun for conditional_dataset_and_time_based_timetable to 2025-08-27 01:00:00+00:00, run_after=2025-08-27 01:00:00+00:00
[2025-08-27T07:53:22.620+0000] {logging_mixin.py:190} INFO - [2025-08-27T07:53:22.620+0000] {dag.py:4180} INFO - Setting next_dagrun for consume_1_and_2_with_dataset_expressions to None, run_after=None
[2025-08-27T07:53:22.622+0000] {logging_mixin.py:190} INFO - [2025-08-27T07:53:22.621+0000] {dag.py:4180} INFO - Setting next_dagrun for consume_1_or_2_with_dataset_expressions to None, run_after=None
[2025-08-27T07:53:22.622+0000] {logging_mixin.py:190} INFO - [2025-08-27T07:53:22.622+0000] {dag.py:4180} INFO - Setting next_dagrun for consume_1_or_both_2_and_3_with_dataset_expressions to None, run_after=None
[2025-08-27T07:53:22.623+0000] {logging_mixin.py:190} INFO - [2025-08-27T07:53:22.623+0000] {dag.py:4180} INFO - Setting next_dagrun for dataset_consumes_1 to None, run_after=None
[2025-08-27T07:53:22.625+0000] {logging_mixin.py:190} INFO - [2025-08-27T07:53:22.625+0000] {dag.py:4180} INFO - Setting next_dagrun for dataset_consumes_1_and_2 to None, run_after=None
[2025-08-27T07:53:22.625+0000] {logging_mixin.py:190} INFO - [2025-08-27T07:53:22.625+0000] {dag.py:4180} INFO - Setting next_dagrun for dataset_consumes_1_never_scheduled to None, run_after=None
[2025-08-27T07:53:22.626+0000] {logging_mixin.py:190} INFO - [2025-08-27T07:53:22.626+0000] {dag.py:4180} INFO - Setting next_dagrun for dataset_consumes_unknown_never_scheduled to None, run_after=None
[2025-08-27T07:53:22.628+0000] {logging_mixin.py:190} INFO - [2025-08-27T07:53:22.628+0000] {dag.py:4180} INFO - Setting next_dagrun for dataset_produces_1 to 2025-08-26 00:00:00+00:00, run_after=2025-08-27 00:00:00+00:00
[2025-08-27T07:53:22.628+0000] {logging_mixin.py:190} INFO - [2025-08-27T07:53:22.628+0000] {dag.py:4180} INFO - Setting next_dagrun for dataset_produces_2 to None, run_after=None
[2025-08-27T07:53:22.643+0000] {processor.py:208} INFO - Processing /home/airflow/.local/lib/python3.12/site-packages/airflow/example_dags/example_datasets.py took 0.110 seconds
[2025-08-27T07:53:53.057+0000] {processor.py:186} INFO - Started process (PID=648) to work on /home/airflow/.local/lib/python3.12/site-packages/airflow/example_dags/example_datasets.py
[2025-08-27T07:53:53.057+0000] {processor.py:914} INFO - Processing file /home/airflow/.local/lib/python3.12/site-packages/airflow/example_dags/example_datasets.py for tasks to queue
[2025-08-27T07:53:53.058+0000] {logging_mixin.py:190} INFO - [2025-08-27T07:53:53.058+0000] {dagbag.py:588} INFO - Filling up the DagBag from /home/airflow/.local/lib/python3.12/site-packages/airflow/example_dags/example_datasets.py
[2025-08-27T07:53:53.114+0000] {processor.py:925} INFO - DAG(s) 'conditional_dataset_and_time_based_timetable', 'dataset_consumes_1_and_2', 'consume_1_and_2_with_dataset_expressions', 'dataset_produces_2', 'dataset_produces_1', 'dataset_consumes_unknown_never_scheduled', 'consume_1_or_2_with_dataset_expressions', 'consume_1_or_both_2_and_3_with_dataset_expressions', 'dataset_consumes_1', 'dataset_consumes_1_never_scheduled' retrieved from /home/airflow/.local/lib/python3.12/site-packages/airflow/example_dags/example_datasets.py
[2025-08-27T07:53:53.129+0000] {logging_mixin.py:190} INFO - [2025-08-27T07:53:53.129+0000] {dag.py:3239} INFO - Sync 10 DAGs
[2025-08-27T07:53:53.138+0000] {logging_mixin.py:190} INFO - [2025-08-27T07:53:53.138+0000] {dag.py:4180} INFO - Setting next_dagrun for conditional_dataset_and_time_based_timetable to 2025-08-27 01:00:00+00:00, run_after=2025-08-27 01:00:00+00:00
[2025-08-27T07:53:53.139+0000] {logging_mixin.py:190} INFO - [2025-08-27T07:53:53.139+0000] {dag.py:4180} INFO - Setting next_dagrun for consume_1_and_2_with_dataset_expressions to None, run_after=None
[2025-08-27T07:53:53.140+0000] {logging_mixin.py:190} INFO - [2025-08-27T07:53:53.140+0000] {dag.py:4180} INFO - Setting next_dagrun for consume_1_or_2_with_dataset_expressions to None, run_after=None
[2025-08-27T07:53:53.140+0000] {logging_mixin.py:190} INFO - [2025-08-27T07:53:53.140+0000] {dag.py:4180} INFO - Setting next_dagrun for consume_1_or_both_2_and_3_with_dataset_expressions to None, run_after=None
[2025-08-27T07:53:53.140+0000] {logging_mixin.py:190} INFO - [2025-08-27T07:53:53.140+0000] {dag.py:4180} INFO - Setting next_dagrun for dataset_consumes_1 to None, run_after=None
[2025-08-27T07:53:53.141+0000] {logging_mixin.py:190} INFO - [2025-08-27T07:53:53.141+0000] {dag.py:4180} INFO - Setting next_dagrun for dataset_consumes_1_and_2 to None, run_after=None
[2025-08-27T07:53:53.142+0000] {logging_mixin.py:190} INFO - [2025-08-27T07:53:53.142+0000] {dag.py:4180} INFO - Setting next_dagrun for dataset_consumes_1_never_scheduled to None, run_after=None
[2025-08-27T07:53:53.142+0000] {logging_mixin.py:190} INFO - [2025-08-27T07:53:53.142+0000] {dag.py:4180} INFO - Setting next_dagrun for dataset_consumes_unknown_never_scheduled to None, run_after=None
[2025-08-27T07:53:53.143+0000] {logging_mixin.py:190} INFO - [2025-08-27T07:53:53.143+0000] {dag.py:4180} INFO - Setting next_dagrun for dataset_produces_1 to 2025-08-26 00:00:00+00:00, run_after=2025-08-27 00:00:00+00:00
[2025-08-27T07:53:53.144+0000] {logging_mixin.py:190} INFO - [2025-08-27T07:53:53.144+0000] {dag.py:4180} INFO - Setting next_dagrun for dataset_produces_2 to None, run_after=None
[2025-08-27T07:53:53.156+0000] {processor.py:208} INFO - Processing /home/airflow/.local/lib/python3.12/site-packages/airflow/example_dags/example_datasets.py took 0.102 seconds
[2025-08-27T07:54:23.668+0000] {processor.py:186} INFO - Started process (PID=711) to work on /home/airflow/.local/lib/python3.12/site-packages/airflow/example_dags/example_datasets.py
[2025-08-27T07:54:23.669+0000] {processor.py:914} INFO - Processing file /home/airflow/.local/lib/python3.12/site-packages/airflow/example_dags/example_datasets.py for tasks to queue
[2025-08-27T07:54:23.670+0000] {logging_mixin.py:190} INFO - [2025-08-27T07:54:23.670+0000] {dagbag.py:588} INFO - Filling up the DagBag from /home/airflow/.local/lib/python3.12/site-packages/airflow/example_dags/example_datasets.py
[2025-08-27T07:54:23.725+0000] {processor.py:925} INFO - DAG(s) 'consume_1_and_2_with_dataset_expressions', 'dataset_consumes_1', 'consume_1_or_2_with_dataset_expressions', 'dataset_consumes_1_never_scheduled', 'dataset_produces_1', 'conditional_dataset_and_time_based_timetable', 'consume_1_or_both_2_and_3_with_dataset_expressions', 'dataset_consumes_unknown_never_scheduled', 'dataset_produces_2', 'dataset_consumes_1_and_2' retrieved from /home/airflow/.local/lib/python3.12/site-packages/airflow/example_dags/example_datasets.py
[2025-08-27T07:54:23.739+0000] {logging_mixin.py:190} INFO - [2025-08-27T07:54:23.739+0000] {dag.py:3239} INFO - Sync 10 DAGs
[2025-08-27T07:54:23.753+0000] {logging_mixin.py:190} INFO - [2025-08-27T07:54:23.753+0000] {dag.py:4180} INFO - Setting next_dagrun for conditional_dataset_and_time_based_timetable to 2025-08-27 01:00:00+00:00, run_after=2025-08-27 01:00:00+00:00
[2025-08-27T07:54:23.754+0000] {logging_mixin.py:190} INFO - [2025-08-27T07:54:23.754+0000] {dag.py:4180} INFO - Setting next_dagrun for consume_1_and_2_with_dataset_expressions to None, run_after=None
[2025-08-27T07:54:23.755+0000] {logging_mixin.py:190} INFO - [2025-08-27T07:54:23.755+0000] {dag.py:4180} INFO - Setting next_dagrun for consume_1_or_2_with_dataset_expressions to None, run_after=None
[2025-08-27T07:54:23.756+0000] {logging_mixin.py:190} INFO - [2025-08-27T07:54:23.756+0000] {dag.py:4180} INFO - Setting next_dagrun for consume_1_or_both_2_and_3_with_dataset_expressions to None, run_after=None
[2025-08-27T07:54:23.756+0000] {logging_mixin.py:190} INFO - [2025-08-27T07:54:23.756+0000] {dag.py:4180} INFO - Setting next_dagrun for dataset_consumes_1 to None, run_after=None
[2025-08-27T07:54:23.757+0000] {logging_mixin.py:190} INFO - [2025-08-27T07:54:23.757+0000] {dag.py:4180} INFO - Setting next_dagrun for dataset_consumes_1_and_2 to None, run_after=None
[2025-08-27T07:54:23.758+0000] {logging_mixin.py:190} INFO - [2025-08-27T07:54:23.758+0000] {dag.py:4180} INFO - Setting next_dagrun for dataset_consumes_1_never_scheduled to None, run_after=None
[2025-08-27T07:54:23.758+0000] {logging_mixin.py:190} INFO - [2025-08-27T07:54:23.758+0000] {dag.py:4180} INFO - Setting next_dagrun for dataset_consumes_unknown_never_scheduled to None, run_after=None
[2025-08-27T07:54:23.759+0000] {logging_mixin.py:190} INFO - [2025-08-27T07:54:23.759+0000] {dag.py:4180} INFO - Setting next_dagrun for dataset_produces_1 to 2025-08-26 00:00:00+00:00, run_after=2025-08-27 00:00:00+00:00
[2025-08-27T07:54:23.759+0000] {logging_mixin.py:190} INFO - [2025-08-27T07:54:23.759+0000] {dag.py:4180} INFO - Setting next_dagrun for dataset_produces_2 to None, run_after=None
[2025-08-27T07:54:23.772+0000] {processor.py:208} INFO - Processing /home/airflow/.local/lib/python3.12/site-packages/airflow/example_dags/example_datasets.py took 0.106 seconds
