[2025-08-27T07:49:17.246+0000] {processor.py:186} INFO - Started process (PID=72) to work on /home/airflow/.local/lib/python3.12/site-packages/airflow/example_dags/example_sla_dag.py
[2025-08-27T07:49:17.248+0000] {processor.py:914} INFO - Processing file /home/airflow/.local/lib/python3.12/site-packages/airflow/example_dags/example_sla_dag.py for tasks to queue
[2025-08-27T07:49:17.249+0000] {logging_mixin.py:190} INFO - [2025-08-27T07:49:17.249+0000] {dagbag.py:588} INFO - Filling up the DagBag from /home/airflow/.local/lib/python3.12/site-packages/airflow/example_dags/example_sla_dag.py
[2025-08-27T07:49:17.253+0000] {processor.py:925} INFO - DAG(s) 'example_sla_dag' retrieved from /home/airflow/.local/lib/python3.12/site-packages/airflow/example_dags/example_sla_dag.py
[2025-08-27T07:49:17.264+0000] {logging_mixin.py:190} INFO - [2025-08-27T07:49:17.264+0000] {dag.py:3239} INFO - Sync 1 DAGs
[2025-08-27T07:49:17.272+0000] {logging_mixin.py:190} INFO - [2025-08-27T07:49:17.272+0000] {dag.py:4180} INFO - Setting next_dagrun for example_sla_dag to 2025-08-27 07:46:00+00:00, run_after=2025-08-27 07:48:00+00:00
[2025-08-27T07:49:17.279+0000] {processor.py:208} INFO - Processing /home/airflow/.local/lib/python3.12/site-packages/airflow/example_dags/example_sla_dag.py took 0.035 seconds
[2025-08-27T07:49:47.964+0000] {processor.py:186} INFO - Started process (PID=135) to work on /home/airflow/.local/lib/python3.12/site-packages/airflow/example_dags/example_sla_dag.py
[2025-08-27T07:49:47.965+0000] {processor.py:914} INFO - Processing file /home/airflow/.local/lib/python3.12/site-packages/airflow/example_dags/example_sla_dag.py for tasks to queue
[2025-08-27T07:49:47.966+0000] {logging_mixin.py:190} INFO - [2025-08-27T07:49:47.965+0000] {dagbag.py:588} INFO - Filling up the DagBag from /home/airflow/.local/lib/python3.12/site-packages/airflow/example_dags/example_sla_dag.py
[2025-08-27T07:49:47.970+0000] {processor.py:925} INFO - DAG(s) 'example_sla_dag' retrieved from /home/airflow/.local/lib/python3.12/site-packages/airflow/example_dags/example_sla_dag.py
[2025-08-27T07:49:47.976+0000] {logging_mixin.py:190} INFO - [2025-08-27T07:49:47.976+0000] {dag.py:3239} INFO - Sync 1 DAGs
[2025-08-27T07:49:47.986+0000] {logging_mixin.py:190} INFO - [2025-08-27T07:49:47.986+0000] {dag.py:4180} INFO - Setting next_dagrun for example_sla_dag to 2025-08-27 07:46:00+00:00, run_after=2025-08-27 07:48:00+00:00
[2025-08-27T07:49:47.998+0000] {processor.py:208} INFO - Processing /home/airflow/.local/lib/python3.12/site-packages/airflow/example_dags/example_sla_dag.py took 0.036 seconds
[2025-08-27T07:50:18.588+0000] {processor.py:186} INFO - Started process (PID=198) to work on /home/airflow/.local/lib/python3.12/site-packages/airflow/example_dags/example_sla_dag.py
[2025-08-27T07:50:18.589+0000] {processor.py:914} INFO - Processing file /home/airflow/.local/lib/python3.12/site-packages/airflow/example_dags/example_sla_dag.py for tasks to queue
[2025-08-27T07:50:18.590+0000] {logging_mixin.py:190} INFO - [2025-08-27T07:50:18.590+0000] {dagbag.py:588} INFO - Filling up the DagBag from /home/airflow/.local/lib/python3.12/site-packages/airflow/example_dags/example_sla_dag.py
[2025-08-27T07:50:18.594+0000] {processor.py:925} INFO - DAG(s) 'example_sla_dag' retrieved from /home/airflow/.local/lib/python3.12/site-packages/airflow/example_dags/example_sla_dag.py
[2025-08-27T07:50:18.605+0000] {logging_mixin.py:190} INFO - [2025-08-27T07:50:18.605+0000] {dag.py:3239} INFO - Sync 1 DAGs
[2025-08-27T07:50:18.616+0000] {logging_mixin.py:190} INFO - [2025-08-27T07:50:18.616+0000] {dag.py:4180} INFO - Setting next_dagrun for example_sla_dag to 2025-08-27 07:48:00+00:00, run_after=2025-08-27 07:50:00+00:00
[2025-08-27T07:50:18.623+0000] {processor.py:208} INFO - Processing /home/airflow/.local/lib/python3.12/site-packages/airflow/example_dags/example_sla_dag.py took 0.037 seconds
[2025-08-27T07:50:49.215+0000] {processor.py:186} INFO - Started process (PID=261) to work on /home/airflow/.local/lib/python3.12/site-packages/airflow/example_dags/example_sla_dag.py
[2025-08-27T07:50:49.216+0000] {processor.py:914} INFO - Processing file /home/airflow/.local/lib/python3.12/site-packages/airflow/example_dags/example_sla_dag.py for tasks to queue
[2025-08-27T07:50:49.217+0000] {logging_mixin.py:190} INFO - [2025-08-27T07:50:49.217+0000] {dagbag.py:588} INFO - Filling up the DagBag from /home/airflow/.local/lib/python3.12/site-packages/airflow/example_dags/example_sla_dag.py
[2025-08-27T07:50:49.222+0000] {processor.py:925} INFO - DAG(s) 'example_sla_dag' retrieved from /home/airflow/.local/lib/python3.12/site-packages/airflow/example_dags/example_sla_dag.py
[2025-08-27T07:50:49.229+0000] {logging_mixin.py:190} INFO - [2025-08-27T07:50:49.229+0000] {dag.py:3239} INFO - Sync 1 DAGs
[2025-08-27T07:50:49.238+0000] {logging_mixin.py:190} INFO - [2025-08-27T07:50:49.238+0000] {dag.py:4180} INFO - Setting next_dagrun for example_sla_dag to 2025-08-27 07:48:00+00:00, run_after=2025-08-27 07:50:00+00:00
[2025-08-27T07:50:49.243+0000] {processor.py:208} INFO - Processing /home/airflow/.local/lib/python3.12/site-packages/airflow/example_dags/example_sla_dag.py took 0.031 seconds
