[2025-08-27T07:49:17.360+0000] {processor.py:186} INFO - Started process (PID=76) to work on /home/airflow/.local/lib/python3.12/site-packages/airflow/example_dags/example_sensors.py
[2025-08-27T07:49:17.361+0000] {processor.py:914} INFO - Processing file /home/airflow/.local/lib/python3.12/site-packages/airflow/example_dags/example_sensors.py for tasks to queue
[2025-08-27T07:49:17.361+0000] {logging_mixin.py:190} INFO - [2025-08-27T07:49:17.361+0000] {dagbag.py:588} INFO - Filling up the DagBag from /home/airflow/.local/lib/python3.12/site-packages/airflow/example_dags/example_sensors.py
[2025-08-27T07:49:17.366+0000] {processor.py:925} INFO - DAG(s) 'example_sensors' retrieved from /home/airflow/.local/lib/python3.12/site-packages/airflow/example_dags/example_sensors.py
[2025-08-27T07:49:17.376+0000] {logging_mixin.py:190} INFO - [2025-08-27T07:49:17.376+0000] {dag.py:3239} INFO - Sync 1 DAGs
[2025-08-27T07:49:17.382+0000] {logging_mixin.py:190} INFO - [2025-08-27T07:49:17.382+0000] {dag.py:4180} INFO - Setting next_dagrun for example_sensors to None, run_after=None
[2025-08-27T07:49:17.391+0000] {processor.py:208} INFO - Processing /home/airflow/.local/lib/python3.12/site-packages/airflow/example_dags/example_sensors.py took 0.033 seconds
[2025-08-27T07:49:48.044+0000] {processor.py:186} INFO - Started process (PID=139) to work on /home/airflow/.local/lib/python3.12/site-packages/airflow/example_dags/example_sensors.py
[2025-08-27T07:49:48.045+0000] {processor.py:914} INFO - Processing file /home/airflow/.local/lib/python3.12/site-packages/airflow/example_dags/example_sensors.py for tasks to queue
[2025-08-27T07:49:48.046+0000] {logging_mixin.py:190} INFO - [2025-08-27T07:49:48.045+0000] {dagbag.py:588} INFO - Filling up the DagBag from /home/airflow/.local/lib/python3.12/site-packages/airflow/example_dags/example_sensors.py
[2025-08-27T07:49:48.049+0000] {processor.py:925} INFO - DAG(s) 'example_sensors' retrieved from /home/airflow/.local/lib/python3.12/site-packages/airflow/example_dags/example_sensors.py
[2025-08-27T07:49:48.059+0000] {logging_mixin.py:190} INFO - [2025-08-27T07:49:48.059+0000] {dag.py:3239} INFO - Sync 1 DAGs
[2025-08-27T07:49:48.064+0000] {logging_mixin.py:190} INFO - [2025-08-27T07:49:48.064+0000] {dag.py:4180} INFO - Setting next_dagrun for example_sensors to None, run_after=None
[2025-08-27T07:49:48.070+0000] {processor.py:208} INFO - Processing /home/airflow/.local/lib/python3.12/site-packages/airflow/example_dags/example_sensors.py took 0.028 seconds
[2025-08-27T07:50:18.659+0000] {processor.py:186} INFO - Started process (PID=202) to work on /home/airflow/.local/lib/python3.12/site-packages/airflow/example_dags/example_sensors.py
[2025-08-27T07:50:18.660+0000] {processor.py:914} INFO - Processing file /home/airflow/.local/lib/python3.12/site-packages/airflow/example_dags/example_sensors.py for tasks to queue
[2025-08-27T07:50:18.660+0000] {logging_mixin.py:190} INFO - [2025-08-27T07:50:18.660+0000] {dagbag.py:588} INFO - Filling up the DagBag from /home/airflow/.local/lib/python3.12/site-packages/airflow/example_dags/example_sensors.py
[2025-08-27T07:50:18.664+0000] {processor.py:925} INFO - DAG(s) 'example_sensors' retrieved from /home/airflow/.local/lib/python3.12/site-packages/airflow/example_dags/example_sensors.py
[2025-08-27T07:50:18.674+0000] {logging_mixin.py:190} INFO - [2025-08-27T07:50:18.674+0000] {dag.py:3239} INFO - Sync 1 DAGs
[2025-08-27T07:50:18.679+0000] {logging_mixin.py:190} INFO - [2025-08-27T07:50:18.678+0000] {dag.py:4180} INFO - Setting next_dagrun for example_sensors to None, run_after=None
[2025-08-27T07:50:18.688+0000] {processor.py:208} INFO - Processing /home/airflow/.local/lib/python3.12/site-packages/airflow/example_dags/example_sensors.py took 0.031 seconds
[2025-08-27T07:50:49.293+0000] {processor.py:186} INFO - Started process (PID=265) to work on /home/airflow/.local/lib/python3.12/site-packages/airflow/example_dags/example_sensors.py
[2025-08-27T07:50:49.294+0000] {processor.py:914} INFO - Processing file /home/airflow/.local/lib/python3.12/site-packages/airflow/example_dags/example_sensors.py for tasks to queue
[2025-08-27T07:50:49.294+0000] {logging_mixin.py:190} INFO - [2025-08-27T07:50:49.294+0000] {dagbag.py:588} INFO - Filling up the DagBag from /home/airflow/.local/lib/python3.12/site-packages/airflow/example_dags/example_sensors.py
[2025-08-27T07:50:49.298+0000] {processor.py:925} INFO - DAG(s) 'example_sensors' retrieved from /home/airflow/.local/lib/python3.12/site-packages/airflow/example_dags/example_sensors.py
[2025-08-27T07:50:49.309+0000] {logging_mixin.py:190} INFO - [2025-08-27T07:50:49.309+0000] {dag.py:3239} INFO - Sync 1 DAGs
[2025-08-27T07:50:49.313+0000] {logging_mixin.py:190} INFO - [2025-08-27T07:50:49.313+0000] {dag.py:4180} INFO - Setting next_dagrun for example_sensors to None, run_after=None
[2025-08-27T07:50:49.321+0000] {processor.py:208} INFO - Processing /home/airflow/.local/lib/python3.12/site-packages/airflow/example_dags/example_sensors.py took 0.029 seconds
