[2025-08-27T07:49:16.466+0000] {processor.py:186} INFO - Started process (PID=49) to work on /home/airflow/.local/lib/python3.12/site-packages/airflow/example_dags/example_xcomargs.py
[2025-08-27T07:49:16.467+0000] {processor.py:914} INFO - Processing file /home/airflow/.local/lib/python3.12/site-packages/airflow/example_dags/example_xcomargs.py for tasks to queue
[2025-08-27T07:49:16.468+0000] {logging_mixin.py:190} INFO - [2025-08-27T07:49:16.468+0000] {dagbag.py:588} INFO - Filling up the DagBag from /home/airflow/.local/lib/python3.12/site-packages/airflow/example_dags/example_xcomargs.py
[2025-08-27T07:49:16.477+0000] {processor.py:925} INFO - DAG(s) 'example_xcom_args', 'example_xcom_args_with_operators' retrieved from /home/airflow/.local/lib/python3.12/site-packages/airflow/example_dags/example_xcomargs.py
[2025-08-27T07:49:16.494+0000] {logging_mixin.py:190} INFO - [2025-08-27T07:49:16.494+0000] {dag.py:3239} INFO - Sync 2 DAGs
[2025-08-27T07:49:16.502+0000] {logging_mixin.py:190} INFO - [2025-08-27T07:49:16.501+0000] {dag.py:4180} INFO - Setting next_dagrun for example_xcom_args to None, run_after=None
[2025-08-27T07:49:16.505+0000] {logging_mixin.py:190} INFO - [2025-08-27T07:49:16.505+0000] {dag.py:4180} INFO - Setting next_dagrun for example_xcom_args_with_operators to None, run_after=None
[2025-08-27T07:49:16.518+0000] {processor.py:208} INFO - Processing /home/airflow/.local/lib/python3.12/site-packages/airflow/example_dags/example_xcomargs.py took 0.055 seconds
[2025-08-27T07:49:47.533+0000] {processor.py:186} INFO - Started process (PID=118) to work on /home/airflow/.local/lib/python3.12/site-packages/airflow/example_dags/example_xcomargs.py
[2025-08-27T07:49:47.534+0000] {processor.py:914} INFO - Processing file /home/airflow/.local/lib/python3.12/site-packages/airflow/example_dags/example_xcomargs.py for tasks to queue
[2025-08-27T07:49:47.536+0000] {logging_mixin.py:190} INFO - [2025-08-27T07:49:47.536+0000] {dagbag.py:588} INFO - Filling up the DagBag from /home/airflow/.local/lib/python3.12/site-packages/airflow/example_dags/example_xcomargs.py
[2025-08-27T07:49:47.551+0000] {processor.py:925} INFO - DAG(s) 'example_xcom_args_with_operators', 'example_xcom_args' retrieved from /home/airflow/.local/lib/python3.12/site-packages/airflow/example_dags/example_xcomargs.py
[2025-08-27T07:49:47.565+0000] {logging_mixin.py:190} INFO - [2025-08-27T07:49:47.565+0000] {dag.py:3239} INFO - Sync 2 DAGs
[2025-08-27T07:49:47.574+0000] {logging_mixin.py:190} INFO - [2025-08-27T07:49:47.574+0000] {dag.py:4180} INFO - Setting next_dagrun for example_xcom_args to None, run_after=None
[2025-08-27T07:49:47.576+0000] {logging_mixin.py:190} INFO - [2025-08-27T07:49:47.576+0000] {dag.py:4180} INFO - Setting next_dagrun for example_xcom_args_with_operators to None, run_after=None
[2025-08-27T07:49:47.584+0000] {processor.py:208} INFO - Processing /home/airflow/.local/lib/python3.12/site-packages/airflow/example_dags/example_xcomargs.py took 0.057 seconds
[2025-08-27T07:50:18.152+0000] {processor.py:186} INFO - Started process (PID=181) to work on /home/airflow/.local/lib/python3.12/site-packages/airflow/example_dags/example_xcomargs.py
[2025-08-27T07:50:18.156+0000] {processor.py:914} INFO - Processing file /home/airflow/.local/lib/python3.12/site-packages/airflow/example_dags/example_xcomargs.py for tasks to queue
[2025-08-27T07:50:18.158+0000] {logging_mixin.py:190} INFO - [2025-08-27T07:50:18.158+0000] {dagbag.py:588} INFO - Filling up the DagBag from /home/airflow/.local/lib/python3.12/site-packages/airflow/example_dags/example_xcomargs.py
[2025-08-27T07:50:18.166+0000] {processor.py:925} INFO - DAG(s) 'example_xcom_args', 'example_xcom_args_with_operators' retrieved from /home/airflow/.local/lib/python3.12/site-packages/airflow/example_dags/example_xcomargs.py
[2025-08-27T07:50:18.179+0000] {logging_mixin.py:190} INFO - [2025-08-27T07:50:18.179+0000] {dag.py:3239} INFO - Sync 2 DAGs
[2025-08-27T07:50:18.185+0000] {logging_mixin.py:190} INFO - [2025-08-27T07:50:18.185+0000] {dag.py:4180} INFO - Setting next_dagrun for example_xcom_args to None, run_after=None
[2025-08-27T07:50:18.187+0000] {logging_mixin.py:190} INFO - [2025-08-27T07:50:18.187+0000] {dag.py:4180} INFO - Setting next_dagrun for example_xcom_args_with_operators to None, run_after=None
[2025-08-27T07:50:18.194+0000] {processor.py:208} INFO - Processing /home/airflow/.local/lib/python3.12/site-packages/airflow/example_dags/example_xcomargs.py took 0.048 seconds
[2025-08-27T07:50:48.810+0000] {processor.py:186} INFO - Started process (PID=244) to work on /home/airflow/.local/lib/python3.12/site-packages/airflow/example_dags/example_xcomargs.py
[2025-08-27T07:50:48.812+0000] {processor.py:914} INFO - Processing file /home/airflow/.local/lib/python3.12/site-packages/airflow/example_dags/example_xcomargs.py for tasks to queue
[2025-08-27T07:50:48.813+0000] {logging_mixin.py:190} INFO - [2025-08-27T07:50:48.813+0000] {dagbag.py:588} INFO - Filling up the DagBag from /home/airflow/.local/lib/python3.12/site-packages/airflow/example_dags/example_xcomargs.py
[2025-08-27T07:50:48.823+0000] {processor.py:925} INFO - DAG(s) 'example_xcom_args', 'example_xcom_args_with_operators' retrieved from /home/airflow/.local/lib/python3.12/site-packages/airflow/example_dags/example_xcomargs.py
[2025-08-27T07:50:48.835+0000] {logging_mixin.py:190} INFO - [2025-08-27T07:50:48.835+0000] {dag.py:3239} INFO - Sync 2 DAGs
[2025-08-27T07:50:48.842+0000] {logging_mixin.py:190} INFO - [2025-08-27T07:50:48.842+0000] {dag.py:4180} INFO - Setting next_dagrun for example_xcom_args to None, run_after=None
[2025-08-27T07:50:48.844+0000] {logging_mixin.py:190} INFO - [2025-08-27T07:50:48.844+0000] {dag.py:4180} INFO - Setting next_dagrun for example_xcom_args_with_operators to None, run_after=None
[2025-08-27T07:50:48.852+0000] {processor.py:208} INFO - Processing /home/airflow/.local/lib/python3.12/site-packages/airflow/example_dags/example_xcomargs.py took 0.048 seconds
[2025-08-27T07:51:19.378+0000] {processor.py:186} INFO - Started process (PID=306) to work on /home/airflow/.local/lib/python3.12/site-packages/airflow/example_dags/example_xcomargs.py
[2025-08-27T07:51:19.379+0000] {processor.py:914} INFO - Processing file /home/airflow/.local/lib/python3.12/site-packages/airflow/example_dags/example_xcomargs.py for tasks to queue
[2025-08-27T07:51:19.381+0000] {logging_mixin.py:190} INFO - [2025-08-27T07:51:19.381+0000] {dagbag.py:588} INFO - Filling up the DagBag from /home/airflow/.local/lib/python3.12/site-packages/airflow/example_dags/example_xcomargs.py
[2025-08-27T07:51:19.389+0000] {processor.py:925} INFO - DAG(s) 'example_xcom_args_with_operators', 'example_xcom_args' retrieved from /home/airflow/.local/lib/python3.12/site-packages/airflow/example_dags/example_xcomargs.py
[2025-08-27T07:51:19.408+0000] {logging_mixin.py:190} INFO - [2025-08-27T07:51:19.407+0000] {dag.py:3239} INFO - Sync 2 DAGs
[2025-08-27T07:51:19.415+0000] {logging_mixin.py:190} INFO - [2025-08-27T07:51:19.415+0000] {dag.py:4180} INFO - Setting next_dagrun for example_xcom_args to None, run_after=None
[2025-08-27T07:51:19.417+0000] {logging_mixin.py:190} INFO - [2025-08-27T07:51:19.417+0000] {dag.py:4180} INFO - Setting next_dagrun for example_xcom_args_with_operators to None, run_after=None
[2025-08-27T07:51:19.425+0000] {processor.py:208} INFO - Processing /home/airflow/.local/lib/python3.12/site-packages/airflow/example_dags/example_xcomargs.py took 0.053 seconds
[2025-08-27T07:51:50.032+0000] {processor.py:186} INFO - Started process (PID=369) to work on /home/airflow/.local/lib/python3.12/site-packages/airflow/example_dags/example_xcomargs.py
[2025-08-27T07:51:50.033+0000] {processor.py:914} INFO - Processing file /home/airflow/.local/lib/python3.12/site-packages/airflow/example_dags/example_xcomargs.py for tasks to queue
[2025-08-27T07:51:50.036+0000] {logging_mixin.py:190} INFO - [2025-08-27T07:51:50.036+0000] {dagbag.py:588} INFO - Filling up the DagBag from /home/airflow/.local/lib/python3.12/site-packages/airflow/example_dags/example_xcomargs.py
[2025-08-27T07:51:50.047+0000] {processor.py:925} INFO - DAG(s) 'example_xcom_args', 'example_xcom_args_with_operators' retrieved from /home/airflow/.local/lib/python3.12/site-packages/airflow/example_dags/example_xcomargs.py
[2025-08-27T07:51:50.064+0000] {logging_mixin.py:190} INFO - [2025-08-27T07:51:50.064+0000] {dag.py:3239} INFO - Sync 2 DAGs
[2025-08-27T07:51:50.071+0000] {logging_mixin.py:190} INFO - [2025-08-27T07:51:50.071+0000] {dag.py:4180} INFO - Setting next_dagrun for example_xcom_args to None, run_after=None
[2025-08-27T07:51:50.073+0000] {logging_mixin.py:190} INFO - [2025-08-27T07:51:50.073+0000] {dag.py:4180} INFO - Setting next_dagrun for example_xcom_args_with_operators to None, run_after=None
[2025-08-27T07:51:50.081+0000] {processor.py:208} INFO - Processing /home/airflow/.local/lib/python3.12/site-packages/airflow/example_dags/example_xcomargs.py took 0.056 seconds
[2025-08-27T07:52:20.641+0000] {processor.py:186} INFO - Started process (PID=432) to work on /home/airflow/.local/lib/python3.12/site-packages/airflow/example_dags/example_xcomargs.py
[2025-08-27T07:52:20.642+0000] {processor.py:914} INFO - Processing file /home/airflow/.local/lib/python3.12/site-packages/airflow/example_dags/example_xcomargs.py for tasks to queue
[2025-08-27T07:52:20.644+0000] {logging_mixin.py:190} INFO - [2025-08-27T07:52:20.644+0000] {dagbag.py:588} INFO - Filling up the DagBag from /home/airflow/.local/lib/python3.12/site-packages/airflow/example_dags/example_xcomargs.py
[2025-08-27T07:52:20.650+0000] {processor.py:925} INFO - DAG(s) 'example_xcom_args_with_operators', 'example_xcom_args' retrieved from /home/airflow/.local/lib/python3.12/site-packages/airflow/example_dags/example_xcomargs.py
[2025-08-27T07:52:20.666+0000] {logging_mixin.py:190} INFO - [2025-08-27T07:52:20.666+0000] {dag.py:3239} INFO - Sync 2 DAGs
[2025-08-27T07:52:20.674+0000] {logging_mixin.py:190} INFO - [2025-08-27T07:52:20.674+0000] {dag.py:4180} INFO - Setting next_dagrun for example_xcom_args to None, run_after=None
[2025-08-27T07:52:20.675+0000] {logging_mixin.py:190} INFO - [2025-08-27T07:52:20.675+0000] {dag.py:4180} INFO - Setting next_dagrun for example_xcom_args_with_operators to None, run_after=None
[2025-08-27T07:52:20.682+0000] {processor.py:208} INFO - Processing /home/airflow/.local/lib/python3.12/site-packages/airflow/example_dags/example_xcomargs.py took 0.047 seconds
[2025-08-27T07:52:51.280+0000] {processor.py:186} INFO - Started process (PID=495) to work on /home/airflow/.local/lib/python3.12/site-packages/airflow/example_dags/example_xcomargs.py
[2025-08-27T07:52:51.281+0000] {processor.py:914} INFO - Processing file /home/airflow/.local/lib/python3.12/site-packages/airflow/example_dags/example_xcomargs.py for tasks to queue
[2025-08-27T07:52:51.282+0000] {logging_mixin.py:190} INFO - [2025-08-27T07:52:51.282+0000] {dagbag.py:588} INFO - Filling up the DagBag from /home/airflow/.local/lib/python3.12/site-packages/airflow/example_dags/example_xcomargs.py
[2025-08-27T07:52:51.293+0000] {processor.py:925} INFO - DAG(s) 'example_xcom_args', 'example_xcom_args_with_operators' retrieved from /home/airflow/.local/lib/python3.12/site-packages/airflow/example_dags/example_xcomargs.py
[2025-08-27T07:52:51.306+0000] {logging_mixin.py:190} INFO - [2025-08-27T07:52:51.306+0000] {dag.py:3239} INFO - Sync 2 DAGs
[2025-08-27T07:52:51.311+0000] {logging_mixin.py:190} INFO - [2025-08-27T07:52:51.311+0000] {dag.py:4180} INFO - Setting next_dagrun for example_xcom_args to None, run_after=None
[2025-08-27T07:52:51.313+0000] {logging_mixin.py:190} INFO - [2025-08-27T07:52:51.313+0000] {dag.py:4180} INFO - Setting next_dagrun for example_xcom_args_with_operators to None, run_after=None
[2025-08-27T07:52:51.321+0000] {processor.py:208} INFO - Processing /home/airflow/.local/lib/python3.12/site-packages/airflow/example_dags/example_xcomargs.py took 0.045 seconds
[2025-08-27T07:53:21.889+0000] {processor.py:186} INFO - Started process (PID=558) to work on /home/airflow/.local/lib/python3.12/site-packages/airflow/example_dags/example_xcomargs.py
[2025-08-27T07:53:21.891+0000] {processor.py:914} INFO - Processing file /home/airflow/.local/lib/python3.12/site-packages/airflow/example_dags/example_xcomargs.py for tasks to queue
[2025-08-27T07:53:21.892+0000] {logging_mixin.py:190} INFO - [2025-08-27T07:53:21.892+0000] {dagbag.py:588} INFO - Filling up the DagBag from /home/airflow/.local/lib/python3.12/site-packages/airflow/example_dags/example_xcomargs.py
[2025-08-27T07:53:21.898+0000] {processor.py:925} INFO - DAG(s) 'example_xcom_args', 'example_xcom_args_with_operators' retrieved from /home/airflow/.local/lib/python3.12/site-packages/airflow/example_dags/example_xcomargs.py
[2025-08-27T07:53:21.907+0000] {logging_mixin.py:190} INFO - [2025-08-27T07:53:21.907+0000] {dag.py:3239} INFO - Sync 2 DAGs
[2025-08-27T07:53:21.913+0000] {logging_mixin.py:190} INFO - [2025-08-27T07:53:21.913+0000] {dag.py:4180} INFO - Setting next_dagrun for example_xcom_args to None, run_after=None
[2025-08-27T07:53:21.915+0000] {logging_mixin.py:190} INFO - [2025-08-27T07:53:21.915+0000] {dag.py:4180} INFO - Setting next_dagrun for example_xcom_args_with_operators to None, run_after=None
[2025-08-27T07:53:21.924+0000] {processor.py:208} INFO - Processing /home/airflow/.local/lib/python3.12/site-packages/airflow/example_dags/example_xcomargs.py took 0.037 seconds
[2025-08-27T07:53:52.470+0000] {processor.py:186} INFO - Started process (PID=621) to work on /home/airflow/.local/lib/python3.12/site-packages/airflow/example_dags/example_xcomargs.py
[2025-08-27T07:53:52.470+0000] {processor.py:914} INFO - Processing file /home/airflow/.local/lib/python3.12/site-packages/airflow/example_dags/example_xcomargs.py for tasks to queue
[2025-08-27T07:53:52.471+0000] {logging_mixin.py:190} INFO - [2025-08-27T07:53:52.471+0000] {dagbag.py:588} INFO - Filling up the DagBag from /home/airflow/.local/lib/python3.12/site-packages/airflow/example_dags/example_xcomargs.py
[2025-08-27T07:53:52.475+0000] {processor.py:925} INFO - DAG(s) 'example_xcom_args', 'example_xcom_args_with_operators' retrieved from /home/airflow/.local/lib/python3.12/site-packages/airflow/example_dags/example_xcomargs.py
[2025-08-27T07:53:52.484+0000] {logging_mixin.py:190} INFO - [2025-08-27T07:53:52.484+0000] {dag.py:3239} INFO - Sync 2 DAGs
[2025-08-27T07:53:52.489+0000] {logging_mixin.py:190} INFO - [2025-08-27T07:53:52.489+0000] {dag.py:4180} INFO - Setting next_dagrun for example_xcom_args to None, run_after=None
[2025-08-27T07:53:52.490+0000] {logging_mixin.py:190} INFO - [2025-08-27T07:53:52.490+0000] {dag.py:4180} INFO - Setting next_dagrun for example_xcom_args_with_operators to None, run_after=None
[2025-08-27T07:53:52.500+0000] {processor.py:208} INFO - Processing /home/airflow/.local/lib/python3.12/site-packages/airflow/example_dags/example_xcomargs.py took 0.033 seconds
[2025-08-27T07:54:23.078+0000] {processor.py:186} INFO - Started process (PID=684) to work on /home/airflow/.local/lib/python3.12/site-packages/airflow/example_dags/example_xcomargs.py
[2025-08-27T07:54:23.079+0000] {processor.py:914} INFO - Processing file /home/airflow/.local/lib/python3.12/site-packages/airflow/example_dags/example_xcomargs.py for tasks to queue
[2025-08-27T07:54:23.082+0000] {logging_mixin.py:190} INFO - [2025-08-27T07:54:23.081+0000] {dagbag.py:588} INFO - Filling up the DagBag from /home/airflow/.local/lib/python3.12/site-packages/airflow/example_dags/example_xcomargs.py
[2025-08-27T07:54:23.090+0000] {processor.py:925} INFO - DAG(s) 'example_xcom_args', 'example_xcom_args_with_operators' retrieved from /home/airflow/.local/lib/python3.12/site-packages/airflow/example_dags/example_xcomargs.py
[2025-08-27T07:54:23.106+0000] {logging_mixin.py:190} INFO - [2025-08-27T07:54:23.106+0000] {dag.py:3239} INFO - Sync 2 DAGs
[2025-08-27T07:54:23.113+0000] {logging_mixin.py:190} INFO - [2025-08-27T07:54:23.113+0000] {dag.py:4180} INFO - Setting next_dagrun for example_xcom_args to None, run_after=None
[2025-08-27T07:54:23.115+0000] {logging_mixin.py:190} INFO - [2025-08-27T07:54:23.115+0000] {dag.py:4180} INFO - Setting next_dagrun for example_xcom_args_with_operators to None, run_after=None
[2025-08-27T07:54:23.124+0000] {processor.py:208} INFO - Processing /home/airflow/.local/lib/python3.12/site-packages/airflow/example_dags/example_xcomargs.py took 0.052 seconds
