[2025-08-27T07:49:17.747+0000] {processor.py:186} INFO - Started process (PID=90) to work on /home/airflow/.local/lib/python3.12/site-packages/airflow/example_dags/example_python_operator.py
[2025-08-27T07:49:17.748+0000] {processor.py:914} INFO - Processing file /home/airflow/.local/lib/python3.12/site-packages/airflow/example_dags/example_python_operator.py for tasks to queue
[2025-08-27T07:49:17.749+0000] {logging_mixin.py:190} INFO - [2025-08-27T07:49:17.749+0000] {dagbag.py:588} INFO - Filling up the DagBag from /home/airflow/.local/lib/python3.12/site-packages/airflow/example_dags/example_python_operator.py
[2025-08-27T07:49:17.754+0000] {processor.py:925} INFO - DAG(s) 'example_python_operator' retrieved from /home/airflow/.local/lib/python3.12/site-packages/airflow/example_dags/example_python_operator.py
[2025-08-27T07:49:17.789+0000] {logging_mixin.py:190} INFO - [2025-08-27T07:49:17.788+0000] {dag.py:3239} INFO - Sync 1 DAGs
[2025-08-27T07:49:17.794+0000] {logging_mixin.py:190} INFO - [2025-08-27T07:49:17.794+0000] {dag.py:4180} INFO - Setting next_dagrun for example_python_operator to None, run_after=None
[2025-08-27T07:49:17.802+0000] {processor.py:208} INFO - Processing /home/airflow/.local/lib/python3.12/site-packages/airflow/example_dags/example_python_operator.py took 0.057 seconds
[2025-08-27T07:49:48.414+0000] {processor.py:186} INFO - Started process (PID=153) to work on /home/airflow/.local/lib/python3.12/site-packages/airflow/example_dags/example_python_operator.py
[2025-08-27T07:49:48.415+0000] {processor.py:914} INFO - Processing file /home/airflow/.local/lib/python3.12/site-packages/airflow/example_dags/example_python_operator.py for tasks to queue
[2025-08-27T07:49:48.415+0000] {logging_mixin.py:190} INFO - [2025-08-27T07:49:48.415+0000] {dagbag.py:588} INFO - Filling up the DagBag from /home/airflow/.local/lib/python3.12/site-packages/airflow/example_dags/example_python_operator.py
[2025-08-27T07:49:48.419+0000] {processor.py:925} INFO - DAG(s) 'example_python_operator' retrieved from /home/airflow/.local/lib/python3.12/site-packages/airflow/example_dags/example_python_operator.py
[2025-08-27T07:49:48.429+0000] {logging_mixin.py:190} INFO - [2025-08-27T07:49:48.428+0000] {dag.py:3239} INFO - Sync 1 DAGs
[2025-08-27T07:49:48.434+0000] {logging_mixin.py:190} INFO - [2025-08-27T07:49:48.433+0000] {dag.py:4180} INFO - Setting next_dagrun for example_python_operator to None, run_after=None
[2025-08-27T07:49:48.440+0000] {processor.py:208} INFO - Processing /home/airflow/.local/lib/python3.12/site-packages/airflow/example_dags/example_python_operator.py took 0.028 seconds
[2025-08-27T07:50:19.042+0000] {processor.py:186} INFO - Started process (PID=216) to work on /home/airflow/.local/lib/python3.12/site-packages/airflow/example_dags/example_python_operator.py
[2025-08-27T07:50:19.043+0000] {processor.py:914} INFO - Processing file /home/airflow/.local/lib/python3.12/site-packages/airflow/example_dags/example_python_operator.py for tasks to queue
[2025-08-27T07:50:19.044+0000] {logging_mixin.py:190} INFO - [2025-08-27T07:50:19.044+0000] {dagbag.py:588} INFO - Filling up the DagBag from /home/airflow/.local/lib/python3.12/site-packages/airflow/example_dags/example_python_operator.py
[2025-08-27T07:50:19.050+0000] {processor.py:925} INFO - DAG(s) 'example_python_operator' retrieved from /home/airflow/.local/lib/python3.12/site-packages/airflow/example_dags/example_python_operator.py
[2025-08-27T07:50:19.060+0000] {logging_mixin.py:190} INFO - [2025-08-27T07:50:19.060+0000] {dag.py:3239} INFO - Sync 1 DAGs
[2025-08-27T07:50:19.065+0000] {logging_mixin.py:190} INFO - [2025-08-27T07:50:19.065+0000] {dag.py:4180} INFO - Setting next_dagrun for example_python_operator to None, run_after=None
[2025-08-27T07:50:19.071+0000] {processor.py:208} INFO - Processing /home/airflow/.local/lib/python3.12/site-packages/airflow/example_dags/example_python_operator.py took 0.031 seconds
[2025-08-27T07:50:49.680+0000] {processor.py:186} INFO - Started process (PID=279) to work on /home/airflow/.local/lib/python3.12/site-packages/airflow/example_dags/example_python_operator.py
[2025-08-27T07:50:49.681+0000] {processor.py:914} INFO - Processing file /home/airflow/.local/lib/python3.12/site-packages/airflow/example_dags/example_python_operator.py for tasks to queue
[2025-08-27T07:50:49.682+0000] {logging_mixin.py:190} INFO - [2025-08-27T07:50:49.682+0000] {dagbag.py:588} INFO - Filling up the DagBag from /home/airflow/.local/lib/python3.12/site-packages/airflow/example_dags/example_python_operator.py
[2025-08-27T07:50:49.688+0000] {processor.py:925} INFO - DAG(s) 'example_python_operator' retrieved from /home/airflow/.local/lib/python3.12/site-packages/airflow/example_dags/example_python_operator.py
[2025-08-27T07:50:49.695+0000] {logging_mixin.py:190} INFO - [2025-08-27T07:50:49.695+0000] {dag.py:3239} INFO - Sync 1 DAGs
[2025-08-27T07:50:49.700+0000] {logging_mixin.py:190} INFO - [2025-08-27T07:50:49.700+0000] {dag.py:4180} INFO - Setting next_dagrun for example_python_operator to None, run_after=None
[2025-08-27T07:50:49.708+0000] {processor.py:208} INFO - Processing /home/airflow/.local/lib/python3.12/site-packages/airflow/example_dags/example_python_operator.py took 0.030 seconds
