[2025-08-27T07:49:17.701+0000] {processor.py:186} INFO - Started process (PID=88) to work on /home/airflow/.local/lib/python3.12/site-packages/airflow/example_dags/example_branch_labels.py
[2025-08-27T07:49:17.701+0000] {processor.py:914} INFO - Processing file /home/airflow/.local/lib/python3.12/site-packages/airflow/example_dags/example_branch_labels.py for tasks to queue
[2025-08-27T07:49:17.702+0000] {logging_mixin.py:190} INFO - [2025-08-27T07:49:17.702+0000] {dagbag.py:588} INFO - Filling up the DagBag from /home/airflow/.local/lib/python3.12/site-packages/airflow/example_dags/example_branch_labels.py
[2025-08-27T07:49:17.705+0000] {processor.py:925} INFO - DAG(s) 'example_branch_labels' retrieved from /home/airflow/.local/lib/python3.12/site-packages/airflow/example_dags/example_branch_labels.py
[2025-08-27T07:49:17.714+0000] {logging_mixin.py:190} INFO - [2025-08-27T07:49:17.714+0000] {dag.py:3239} INFO - Sync 1 DAGs
[2025-08-27T07:49:17.725+0000] {logging_mixin.py:190} INFO - [2025-08-27T07:49:17.724+0000] {dag.py:4180} INFO - Setting next_dagrun for example_branch_labels to 2025-08-26 00:00:00+00:00, run_after=2025-08-27 00:00:00+00:00
[2025-08-27T07:49:17.737+0000] {processor.py:208} INFO - Processing /home/airflow/.local/lib/python3.12/site-packages/airflow/example_dags/example_branch_labels.py took 0.039 seconds
[2025-08-27T07:49:48.371+0000] {processor.py:186} INFO - Started process (PID=151) to work on /home/airflow/.local/lib/python3.12/site-packages/airflow/example_dags/example_branch_labels.py
[2025-08-27T07:49:48.373+0000] {processor.py:914} INFO - Processing file /home/airflow/.local/lib/python3.12/site-packages/airflow/example_dags/example_branch_labels.py for tasks to queue
[2025-08-27T07:49:48.373+0000] {logging_mixin.py:190} INFO - [2025-08-27T07:49:48.373+0000] {dagbag.py:588} INFO - Filling up the DagBag from /home/airflow/.local/lib/python3.12/site-packages/airflow/example_dags/example_branch_labels.py
[2025-08-27T07:49:48.377+0000] {processor.py:925} INFO - DAG(s) 'example_branch_labels' retrieved from /home/airflow/.local/lib/python3.12/site-packages/airflow/example_dags/example_branch_labels.py
[2025-08-27T07:49:48.384+0000] {logging_mixin.py:190} INFO - [2025-08-27T07:49:48.384+0000] {dag.py:3239} INFO - Sync 1 DAGs
[2025-08-27T07:49:48.394+0000] {logging_mixin.py:190} INFO - [2025-08-27T07:49:48.394+0000] {dag.py:4180} INFO - Setting next_dagrun for example_branch_labels to 2025-08-26 00:00:00+00:00, run_after=2025-08-27 00:00:00+00:00
[2025-08-27T07:49:48.405+0000] {processor.py:208} INFO - Processing /home/airflow/.local/lib/python3.12/site-packages/airflow/example_dags/example_branch_labels.py took 0.036 seconds
[2025-08-27T07:50:19.002+0000] {processor.py:186} INFO - Started process (PID=214) to work on /home/airflow/.local/lib/python3.12/site-packages/airflow/example_dags/example_branch_labels.py
[2025-08-27T07:50:19.002+0000] {processor.py:914} INFO - Processing file /home/airflow/.local/lib/python3.12/site-packages/airflow/example_dags/example_branch_labels.py for tasks to queue
[2025-08-27T07:50:19.004+0000] {logging_mixin.py:190} INFO - [2025-08-27T07:50:19.004+0000] {dagbag.py:588} INFO - Filling up the DagBag from /home/airflow/.local/lib/python3.12/site-packages/airflow/example_dags/example_branch_labels.py
[2025-08-27T07:50:19.008+0000] {processor.py:925} INFO - DAG(s) 'example_branch_labels' retrieved from /home/airflow/.local/lib/python3.12/site-packages/airflow/example_dags/example_branch_labels.py
[2025-08-27T07:50:19.015+0000] {logging_mixin.py:190} INFO - [2025-08-27T07:50:19.015+0000] {dag.py:3239} INFO - Sync 1 DAGs
[2025-08-27T07:50:19.022+0000] {logging_mixin.py:190} INFO - [2025-08-27T07:50:19.022+0000] {dag.py:4180} INFO - Setting next_dagrun for example_branch_labels to 2025-08-26 00:00:00+00:00, run_after=2025-08-27 00:00:00+00:00
[2025-08-27T07:50:19.033+0000] {processor.py:208} INFO - Processing /home/airflow/.local/lib/python3.12/site-packages/airflow/example_dags/example_branch_labels.py took 0.033 seconds
[2025-08-27T07:50:49.637+0000] {processor.py:186} INFO - Started process (PID=277) to work on /home/airflow/.local/lib/python3.12/site-packages/airflow/example_dags/example_branch_labels.py
[2025-08-27T07:50:49.638+0000] {processor.py:914} INFO - Processing file /home/airflow/.local/lib/python3.12/site-packages/airflow/example_dags/example_branch_labels.py for tasks to queue
[2025-08-27T07:50:49.639+0000] {logging_mixin.py:190} INFO - [2025-08-27T07:50:49.639+0000] {dagbag.py:588} INFO - Filling up the DagBag from /home/airflow/.local/lib/python3.12/site-packages/airflow/example_dags/example_branch_labels.py
[2025-08-27T07:50:49.643+0000] {processor.py:925} INFO - DAG(s) 'example_branch_labels' retrieved from /home/airflow/.local/lib/python3.12/site-packages/airflow/example_dags/example_branch_labels.py
[2025-08-27T07:50:49.650+0000] {logging_mixin.py:190} INFO - [2025-08-27T07:50:49.650+0000] {dag.py:3239} INFO - Sync 1 DAGs
[2025-08-27T07:50:49.658+0000] {logging_mixin.py:190} INFO - [2025-08-27T07:50:49.657+0000] {dag.py:4180} INFO - Setting next_dagrun for example_branch_labels to 2025-08-26 00:00:00+00:00, run_after=2025-08-27 00:00:00+00:00
[2025-08-27T07:50:49.667+0000] {processor.py:208} INFO - Processing /home/airflow/.local/lib/python3.12/site-packages/airflow/example_dags/example_branch_labels.py took 0.032 seconds
