[2025-08-27T07:49:16.051+0000] {processor.py:186} INFO - Started process (PID=39) to work on /home/airflow/.local/lib/python3.12/site-packages/airflow/example_dags/example_skip_dag.py
[2025-08-27T07:49:16.052+0000] {processor.py:914} INFO - Processing file /home/airflow/.local/lib/python3.12/site-packages/airflow/example_dags/example_skip_dag.py for tasks to queue
[2025-08-27T07:49:16.054+0000] {logging_mixin.py:190} INFO - [2025-08-27T07:49:16.054+0000] {dagbag.py:588} INFO - Filling up the DagBag from /home/airflow/.local/lib/python3.12/site-packages/airflow/example_dags/example_skip_dag.py
[2025-08-27T07:49:16.063+0000] {processor.py:925} INFO - DAG(s) 'example_skip_dag' retrieved from /home/airflow/.local/lib/python3.12/site-packages/airflow/example_dags/example_skip_dag.py
[2025-08-27T07:49:16.083+0000] {logging_mixin.py:190} INFO - [2025-08-27T07:49:16.083+0000] {dag.py:3239} INFO - Sync 1 DAGs
[2025-08-27T07:49:16.104+0000] {logging_mixin.py:190} INFO - [2025-08-27T07:49:16.103+0000] {dag.py:4180} INFO - Setting next_dagrun for example_skip_dag to 2025-08-26 00:00:00+00:00, run_after=2025-08-27 00:00:00+00:00
[2025-08-27T07:49:16.114+0000] {processor.py:208} INFO - Processing /home/airflow/.local/lib/python3.12/site-packages/airflow/example_dags/example_skip_dag.py took 0.066 seconds
[2025-08-27T07:49:46.273+0000] {processor.py:186} INFO - Started process (PID=102) to work on /home/airflow/.local/lib/python3.12/site-packages/airflow/example_dags/example_skip_dag.py
[2025-08-27T07:49:46.274+0000] {processor.py:914} INFO - Processing file /home/airflow/.local/lib/python3.12/site-packages/airflow/example_dags/example_skip_dag.py for tasks to queue
[2025-08-27T07:49:46.276+0000] {logging_mixin.py:190} INFO - [2025-08-27T07:49:46.276+0000] {dagbag.py:588} INFO - Filling up the DagBag from /home/airflow/.local/lib/python3.12/site-packages/airflow/example_dags/example_skip_dag.py
[2025-08-27T07:49:46.281+0000] {processor.py:925} INFO - DAG(s) 'example_skip_dag' retrieved from /home/airflow/.local/lib/python3.12/site-packages/airflow/example_dags/example_skip_dag.py
[2025-08-27T07:49:46.293+0000] {logging_mixin.py:190} INFO - [2025-08-27T07:49:46.293+0000] {dag.py:3239} INFO - Sync 1 DAGs
[2025-08-27T07:49:46.303+0000] {logging_mixin.py:190} INFO - [2025-08-27T07:49:46.303+0000] {dag.py:4180} INFO - Setting next_dagrun for example_skip_dag to 2025-08-26 00:00:00+00:00, run_after=2025-08-27 00:00:00+00:00
[2025-08-27T07:49:46.310+0000] {processor.py:208} INFO - Processing /home/airflow/.local/lib/python3.12/site-packages/airflow/example_dags/example_skip_dag.py took 0.041 seconds
[2025-08-27T07:50:16.920+0000] {processor.py:186} INFO - Started process (PID=171) to work on /home/airflow/.local/lib/python3.12/site-packages/airflow/example_dags/example_skip_dag.py
[2025-08-27T07:50:16.921+0000] {processor.py:914} INFO - Processing file /home/airflow/.local/lib/python3.12/site-packages/airflow/example_dags/example_skip_dag.py for tasks to queue
[2025-08-27T07:50:16.922+0000] {logging_mixin.py:190} INFO - [2025-08-27T07:50:16.922+0000] {dagbag.py:588} INFO - Filling up the DagBag from /home/airflow/.local/lib/python3.12/site-packages/airflow/example_dags/example_skip_dag.py
[2025-08-27T07:50:16.926+0000] {processor.py:925} INFO - DAG(s) 'example_skip_dag' retrieved from /home/airflow/.local/lib/python3.12/site-packages/airflow/example_dags/example_skip_dag.py
[2025-08-27T07:50:16.935+0000] {logging_mixin.py:190} INFO - [2025-08-27T07:50:16.935+0000] {dag.py:3239} INFO - Sync 1 DAGs
[2025-08-27T07:50:16.945+0000] {logging_mixin.py:190} INFO - [2025-08-27T07:50:16.945+0000] {dag.py:4180} INFO - Setting next_dagrun for example_skip_dag to 2025-08-26 00:00:00+00:00, run_after=2025-08-27 00:00:00+00:00
[2025-08-27T07:50:16.954+0000] {processor.py:208} INFO - Processing /home/airflow/.local/lib/python3.12/site-packages/airflow/example_dags/example_skip_dag.py took 0.037 seconds
[2025-08-27T07:50:47.579+0000] {processor.py:186} INFO - Started process (PID=234) to work on /home/airflow/.local/lib/python3.12/site-packages/airflow/example_dags/example_skip_dag.py
[2025-08-27T07:50:47.580+0000] {processor.py:914} INFO - Processing file /home/airflow/.local/lib/python3.12/site-packages/airflow/example_dags/example_skip_dag.py for tasks to queue
[2025-08-27T07:50:47.582+0000] {logging_mixin.py:190} INFO - [2025-08-27T07:50:47.582+0000] {dagbag.py:588} INFO - Filling up the DagBag from /home/airflow/.local/lib/python3.12/site-packages/airflow/example_dags/example_skip_dag.py
[2025-08-27T07:50:47.586+0000] {processor.py:925} INFO - DAG(s) 'example_skip_dag' retrieved from /home/airflow/.local/lib/python3.12/site-packages/airflow/example_dags/example_skip_dag.py
[2025-08-27T07:50:47.599+0000] {logging_mixin.py:190} INFO - [2025-08-27T07:50:47.599+0000] {dag.py:3239} INFO - Sync 1 DAGs
[2025-08-27T07:50:47.609+0000] {logging_mixin.py:190} INFO - [2025-08-27T07:50:47.609+0000] {dag.py:4180} INFO - Setting next_dagrun for example_skip_dag to 2025-08-26 00:00:00+00:00, run_after=2025-08-27 00:00:00+00:00
[2025-08-27T07:50:47.621+0000] {processor.py:208} INFO - Processing /home/airflow/.local/lib/python3.12/site-packages/airflow/example_dags/example_skip_dag.py took 0.047 seconds
[2025-08-27T07:51:18.154+0000] {processor.py:186} INFO - Started process (PID=296) to work on /home/airflow/.local/lib/python3.12/site-packages/airflow/example_dags/example_skip_dag.py
[2025-08-27T07:51:18.155+0000] {processor.py:914} INFO - Processing file /home/airflow/.local/lib/python3.12/site-packages/airflow/example_dags/example_skip_dag.py for tasks to queue
[2025-08-27T07:51:18.158+0000] {logging_mixin.py:190} INFO - [2025-08-27T07:51:18.158+0000] {dagbag.py:588} INFO - Filling up the DagBag from /home/airflow/.local/lib/python3.12/site-packages/airflow/example_dags/example_skip_dag.py
[2025-08-27T07:51:18.163+0000] {processor.py:925} INFO - DAG(s) 'example_skip_dag' retrieved from /home/airflow/.local/lib/python3.12/site-packages/airflow/example_dags/example_skip_dag.py
[2025-08-27T07:51:18.177+0000] {logging_mixin.py:190} INFO - [2025-08-27T07:51:18.177+0000] {dag.py:3239} INFO - Sync 1 DAGs
[2025-08-27T07:51:18.186+0000] {logging_mixin.py:190} INFO - [2025-08-27T07:51:18.186+0000] {dag.py:4180} INFO - Setting next_dagrun for example_skip_dag to 2025-08-26 00:00:00+00:00, run_after=2025-08-27 00:00:00+00:00
[2025-08-27T07:51:18.195+0000] {processor.py:208} INFO - Processing /home/airflow/.local/lib/python3.12/site-packages/airflow/example_dags/example_skip_dag.py took 0.046 seconds
[2025-08-27T07:51:48.757+0000] {processor.py:186} INFO - Started process (PID=359) to work on /home/airflow/.local/lib/python3.12/site-packages/airflow/example_dags/example_skip_dag.py
[2025-08-27T07:51:48.759+0000] {processor.py:914} INFO - Processing file /home/airflow/.local/lib/python3.12/site-packages/airflow/example_dags/example_skip_dag.py for tasks to queue
[2025-08-27T07:51:48.760+0000] {logging_mixin.py:190} INFO - [2025-08-27T07:51:48.760+0000] {dagbag.py:588} INFO - Filling up the DagBag from /home/airflow/.local/lib/python3.12/site-packages/airflow/example_dags/example_skip_dag.py
[2025-08-27T07:51:48.764+0000] {processor.py:925} INFO - DAG(s) 'example_skip_dag' retrieved from /home/airflow/.local/lib/python3.12/site-packages/airflow/example_dags/example_skip_dag.py
[2025-08-27T07:51:48.777+0000] {logging_mixin.py:190} INFO - [2025-08-27T07:51:48.777+0000] {dag.py:3239} INFO - Sync 1 DAGs
[2025-08-27T07:51:48.789+0000] {logging_mixin.py:190} INFO - [2025-08-27T07:51:48.789+0000] {dag.py:4180} INFO - Setting next_dagrun for example_skip_dag to 2025-08-26 00:00:00+00:00, run_after=2025-08-27 00:00:00+00:00
[2025-08-27T07:51:48.799+0000] {processor.py:208} INFO - Processing /home/airflow/.local/lib/python3.12/site-packages/airflow/example_dags/example_skip_dag.py took 0.046 seconds
[2025-08-27T07:52:19.410+0000] {processor.py:186} INFO - Started process (PID=422) to work on /home/airflow/.local/lib/python3.12/site-packages/airflow/example_dags/example_skip_dag.py
[2025-08-27T07:52:19.410+0000] {processor.py:914} INFO - Processing file /home/airflow/.local/lib/python3.12/site-packages/airflow/example_dags/example_skip_dag.py for tasks to queue
[2025-08-27T07:52:19.411+0000] {logging_mixin.py:190} INFO - [2025-08-27T07:52:19.411+0000] {dagbag.py:588} INFO - Filling up the DagBag from /home/airflow/.local/lib/python3.12/site-packages/airflow/example_dags/example_skip_dag.py
[2025-08-27T07:52:19.415+0000] {processor.py:925} INFO - DAG(s) 'example_skip_dag' retrieved from /home/airflow/.local/lib/python3.12/site-packages/airflow/example_dags/example_skip_dag.py
[2025-08-27T07:52:19.424+0000] {logging_mixin.py:190} INFO - [2025-08-27T07:52:19.424+0000] {dag.py:3239} INFO - Sync 1 DAGs
[2025-08-27T07:52:19.433+0000] {logging_mixin.py:190} INFO - [2025-08-27T07:52:19.432+0000] {dag.py:4180} INFO - Setting next_dagrun for example_skip_dag to 2025-08-26 00:00:00+00:00, run_after=2025-08-27 00:00:00+00:00
[2025-08-27T07:52:19.442+0000] {processor.py:208} INFO - Processing /home/airflow/.local/lib/python3.12/site-packages/airflow/example_dags/example_skip_dag.py took 0.034 seconds
[2025-08-27T07:52:50.065+0000] {processor.py:186} INFO - Started process (PID=485) to work on /home/airflow/.local/lib/python3.12/site-packages/airflow/example_dags/example_skip_dag.py
[2025-08-27T07:52:50.067+0000] {processor.py:914} INFO - Processing file /home/airflow/.local/lib/python3.12/site-packages/airflow/example_dags/example_skip_dag.py for tasks to queue
[2025-08-27T07:52:50.069+0000] {logging_mixin.py:190} INFO - [2025-08-27T07:52:50.069+0000] {dagbag.py:588} INFO - Filling up the DagBag from /home/airflow/.local/lib/python3.12/site-packages/airflow/example_dags/example_skip_dag.py
[2025-08-27T07:52:50.074+0000] {processor.py:925} INFO - DAG(s) 'example_skip_dag' retrieved from /home/airflow/.local/lib/python3.12/site-packages/airflow/example_dags/example_skip_dag.py
[2025-08-27T07:52:50.084+0000] {logging_mixin.py:190} INFO - [2025-08-27T07:52:50.084+0000] {dag.py:3239} INFO - Sync 1 DAGs
[2025-08-27T07:52:50.093+0000] {logging_mixin.py:190} INFO - [2025-08-27T07:52:50.093+0000] {dag.py:4180} INFO - Setting next_dagrun for example_skip_dag to 2025-08-26 00:00:00+00:00, run_after=2025-08-27 00:00:00+00:00
[2025-08-27T07:52:50.100+0000] {processor.py:208} INFO - Processing /home/airflow/.local/lib/python3.12/site-packages/airflow/example_dags/example_skip_dag.py took 0.042 seconds
