[2025-08-27T07:49:17.676+0000] {processor.py:186} INFO - Started process (PID=87) to work on /home/airflow/.local/lib/python3.12/site-packages/airflow/example_dags/example_task_group.py
[2025-08-27T07:49:17.676+0000] {processor.py:914} INFO - Processing file /home/airflow/.local/lib/python3.12/site-packages/airflow/example_dags/example_task_group.py for tasks to queue
[2025-08-27T07:49:17.677+0000] {logging_mixin.py:190} INFO - [2025-08-27T07:49:17.677+0000] {dagbag.py:588} INFO - Filling up the DagBag from /home/airflow/.local/lib/python3.12/site-packages/airflow/example_dags/example_task_group.py
[2025-08-27T07:49:17.681+0000] {processor.py:925} INFO - DAG(s) 'example_task_group' retrieved from /home/airflow/.local/lib/python3.12/site-packages/airflow/example_dags/example_task_group.py
[2025-08-27T07:49:17.691+0000] {logging_mixin.py:190} INFO - [2025-08-27T07:49:17.691+0000] {dag.py:3239} INFO - Sync 1 DAGs
[2025-08-27T07:49:17.697+0000] {logging_mixin.py:190} INFO - [2025-08-27T07:49:17.696+0000] {dag.py:4180} INFO - Setting next_dagrun for example_task_group to None, run_after=None
[2025-08-27T07:49:17.702+0000] {processor.py:208} INFO - Processing /home/airflow/.local/lib/python3.12/site-packages/airflow/example_dags/example_task_group.py took 0.029 seconds
[2025-08-27T07:49:48.335+0000] {processor.py:186} INFO - Started process (PID=150) to work on /home/airflow/.local/lib/python3.12/site-packages/airflow/example_dags/example_task_group.py
[2025-08-27T07:49:48.336+0000] {processor.py:914} INFO - Processing file /home/airflow/.local/lib/python3.12/site-packages/airflow/example_dags/example_task_group.py for tasks to queue
[2025-08-27T07:49:48.336+0000] {logging_mixin.py:190} INFO - [2025-08-27T07:49:48.336+0000] {dagbag.py:588} INFO - Filling up the DagBag from /home/airflow/.local/lib/python3.12/site-packages/airflow/example_dags/example_task_group.py
[2025-08-27T07:49:48.339+0000] {processor.py:925} INFO - DAG(s) 'example_task_group' retrieved from /home/airflow/.local/lib/python3.12/site-packages/airflow/example_dags/example_task_group.py
[2025-08-27T07:49:48.349+0000] {logging_mixin.py:190} INFO - [2025-08-27T07:49:48.349+0000] {dag.py:3239} INFO - Sync 1 DAGs
[2025-08-27T07:49:48.355+0000] {logging_mixin.py:190} INFO - [2025-08-27T07:49:48.355+0000] {dag.py:4180} INFO - Setting next_dagrun for example_task_group to None, run_after=None
[2025-08-27T07:49:48.362+0000] {processor.py:208} INFO - Processing /home/airflow/.local/lib/python3.12/site-packages/airflow/example_dags/example_task_group.py took 0.029 seconds
[2025-08-27T07:50:18.981+0000] {processor.py:186} INFO - Started process (PID=213) to work on /home/airflow/.local/lib/python3.12/site-packages/airflow/example_dags/example_task_group.py
[2025-08-27T07:50:18.981+0000] {processor.py:914} INFO - Processing file /home/airflow/.local/lib/python3.12/site-packages/airflow/example_dags/example_task_group.py for tasks to queue
[2025-08-27T07:50:18.982+0000] {logging_mixin.py:190} INFO - [2025-08-27T07:50:18.982+0000] {dagbag.py:588} INFO - Filling up the DagBag from /home/airflow/.local/lib/python3.12/site-packages/airflow/example_dags/example_task_group.py
[2025-08-27T07:50:18.985+0000] {processor.py:925} INFO - DAG(s) 'example_task_group' retrieved from /home/airflow/.local/lib/python3.12/site-packages/airflow/example_dags/example_task_group.py
[2025-08-27T07:50:18.992+0000] {logging_mixin.py:190} INFO - [2025-08-27T07:50:18.992+0000] {dag.py:3239} INFO - Sync 1 DAGs
[2025-08-27T07:50:18.998+0000] {logging_mixin.py:190} INFO - [2025-08-27T07:50:18.997+0000] {dag.py:4180} INFO - Setting next_dagrun for example_task_group to None, run_after=None
[2025-08-27T07:50:19.005+0000] {processor.py:208} INFO - Processing /home/airflow/.local/lib/python3.12/site-packages/airflow/example_dags/example_task_group.py took 0.027 seconds
[2025-08-27T07:50:49.610+0000] {processor.py:186} INFO - Started process (PID=276) to work on /home/airflow/.local/lib/python3.12/site-packages/airflow/example_dags/example_task_group.py
[2025-08-27T07:50:49.611+0000] {processor.py:914} INFO - Processing file /home/airflow/.local/lib/python3.12/site-packages/airflow/example_dags/example_task_group.py for tasks to queue
[2025-08-27T07:50:49.613+0000] {logging_mixin.py:190} INFO - [2025-08-27T07:50:49.613+0000] {dagbag.py:588} INFO - Filling up the DagBag from /home/airflow/.local/lib/python3.12/site-packages/airflow/example_dags/example_task_group.py
[2025-08-27T07:50:49.617+0000] {processor.py:925} INFO - DAG(s) 'example_task_group' retrieved from /home/airflow/.local/lib/python3.12/site-packages/airflow/example_dags/example_task_group.py
[2025-08-27T07:50:49.625+0000] {logging_mixin.py:190} INFO - [2025-08-27T07:50:49.625+0000] {dag.py:3239} INFO - Sync 1 DAGs
[2025-08-27T07:50:49.630+0000] {logging_mixin.py:190} INFO - [2025-08-27T07:50:49.630+0000] {dag.py:4180} INFO - Setting next_dagrun for example_task_group to None, run_after=None
[2025-08-27T07:50:49.636+0000] {processor.py:208} INFO - Processing /home/airflow/.local/lib/python3.12/site-packages/airflow/example_dags/example_task_group.py took 0.028 seconds
