[2025-08-27T07:49:17.243+0000] {processor.py:186} INFO - Started process (PID=71) to work on /home/airflow/.local/lib/python3.12/site-packages/airflow/example_dags/tutorial_objectstorage.py
[2025-08-27T07:49:17.244+0000] {processor.py:914} INFO - Processing file /home/airflow/.local/lib/python3.12/site-packages/airflow/example_dags/tutorial_objectstorage.py for tasks to queue
[2025-08-27T07:49:17.245+0000] {logging_mixin.py:190} INFO - [2025-08-27T07:49:17.244+0000] {dagbag.py:588} INFO - Filling up the DagBag from /home/airflow/.local/lib/python3.12/site-packages/airflow/example_dags/tutorial_objectstorage.py
[2025-08-27T07:49:17.248+0000] {processor.py:925} INFO - DAG(s) 'tutorial_objectstorage' retrieved from /home/airflow/.local/lib/python3.12/site-packages/airflow/example_dags/tutorial_objectstorage.py
[2025-08-27T07:49:17.259+0000] {logging_mixin.py:190} INFO - [2025-08-27T07:49:17.259+0000] {dag.py:3239} INFO - Sync 1 DAGs
[2025-08-27T07:49:17.263+0000] {logging_mixin.py:190} INFO - [2025-08-27T07:49:17.263+0000] {dag.py:4180} INFO - Setting next_dagrun for tutorial_objectstorage to None, run_after=None
[2025-08-27T07:49:17.275+0000] {processor.py:208} INFO - Processing /home/airflow/.local/lib/python3.12/site-packages/airflow/example_dags/tutorial_objectstorage.py took 0.034 seconds
[2025-08-27T07:49:47.938+0000] {processor.py:186} INFO - Started process (PID=134) to work on /home/airflow/.local/lib/python3.12/site-packages/airflow/example_dags/tutorial_objectstorage.py
[2025-08-27T07:49:47.940+0000] {processor.py:914} INFO - Processing file /home/airflow/.local/lib/python3.12/site-packages/airflow/example_dags/tutorial_objectstorage.py for tasks to queue
[2025-08-27T07:49:47.941+0000] {logging_mixin.py:190} INFO - [2025-08-27T07:49:47.941+0000] {dagbag.py:588} INFO - Filling up the DagBag from /home/airflow/.local/lib/python3.12/site-packages/airflow/example_dags/tutorial_objectstorage.py
[2025-08-27T07:49:47.944+0000] {processor.py:925} INFO - DAG(s) 'tutorial_objectstorage' retrieved from /home/airflow/.local/lib/python3.12/site-packages/airflow/example_dags/tutorial_objectstorage.py
[2025-08-27T07:49:47.953+0000] {logging_mixin.py:190} INFO - [2025-08-27T07:49:47.952+0000] {dag.py:3239} INFO - Sync 1 DAGs
[2025-08-27T07:49:47.960+0000] {logging_mixin.py:190} INFO - [2025-08-27T07:49:47.960+0000] {dag.py:4180} INFO - Setting next_dagrun for tutorial_objectstorage to None, run_after=None
[2025-08-27T07:49:47.966+0000] {processor.py:208} INFO - Processing /home/airflow/.local/lib/python3.12/site-packages/airflow/example_dags/tutorial_objectstorage.py took 0.030 seconds
[2025-08-27T07:50:18.556+0000] {processor.py:186} INFO - Started process (PID=197) to work on /home/airflow/.local/lib/python3.12/site-packages/airflow/example_dags/tutorial_objectstorage.py
[2025-08-27T07:50:18.556+0000] {processor.py:914} INFO - Processing file /home/airflow/.local/lib/python3.12/site-packages/airflow/example_dags/tutorial_objectstorage.py for tasks to queue
[2025-08-27T07:50:18.558+0000] {logging_mixin.py:190} INFO - [2025-08-27T07:50:18.558+0000] {dagbag.py:588} INFO - Filling up the DagBag from /home/airflow/.local/lib/python3.12/site-packages/airflow/example_dags/tutorial_objectstorage.py
[2025-08-27T07:50:18.563+0000] {processor.py:925} INFO - DAG(s) 'tutorial_objectstorage' retrieved from /home/airflow/.local/lib/python3.12/site-packages/airflow/example_dags/tutorial_objectstorage.py
[2025-08-27T07:50:18.569+0000] {logging_mixin.py:190} INFO - [2025-08-27T07:50:18.569+0000] {dag.py:3239} INFO - Sync 1 DAGs
[2025-08-27T07:50:18.573+0000] {logging_mixin.py:190} INFO - [2025-08-27T07:50:18.573+0000] {dag.py:4180} INFO - Setting next_dagrun for tutorial_objectstorage to None, run_after=None
[2025-08-27T07:50:18.579+0000] {processor.py:208} INFO - Processing /home/airflow/.local/lib/python3.12/site-packages/airflow/example_dags/tutorial_objectstorage.py took 0.026 seconds
[2025-08-27T07:50:49.201+0000] {processor.py:186} INFO - Started process (PID=260) to work on /home/airflow/.local/lib/python3.12/site-packages/airflow/example_dags/tutorial_objectstorage.py
[2025-08-27T07:50:49.202+0000] {processor.py:914} INFO - Processing file /home/airflow/.local/lib/python3.12/site-packages/airflow/example_dags/tutorial_objectstorage.py for tasks to queue
[2025-08-27T07:50:49.203+0000] {logging_mixin.py:190} INFO - [2025-08-27T07:50:49.203+0000] {dagbag.py:588} INFO - Filling up the DagBag from /home/airflow/.local/lib/python3.12/site-packages/airflow/example_dags/tutorial_objectstorage.py
[2025-08-27T07:50:49.206+0000] {processor.py:925} INFO - DAG(s) 'tutorial_objectstorage' retrieved from /home/airflow/.local/lib/python3.12/site-packages/airflow/example_dags/tutorial_objectstorage.py
[2025-08-27T07:50:49.213+0000] {logging_mixin.py:190} INFO - [2025-08-27T07:50:49.213+0000] {dag.py:3239} INFO - Sync 1 DAGs
[2025-08-27T07:50:49.218+0000] {logging_mixin.py:190} INFO - [2025-08-27T07:50:49.218+0000] {dag.py:4180} INFO - Setting next_dagrun for tutorial_objectstorage to None, run_after=None
[2025-08-27T07:50:49.226+0000] {processor.py:208} INFO - Processing /home/airflow/.local/lib/python3.12/site-packages/airflow/example_dags/tutorial_objectstorage.py took 0.027 seconds
