[2025-08-27T07:49:16.710+0000] {processor.py:186} INFO - Started process (PID=55) to work on /home/airflow/.local/lib/python3.12/site-packages/airflow/example_dags/tutorial.py
[2025-08-27T07:49:16.711+0000] {processor.py:914} INFO - Processing file /home/airflow/.local/lib/python3.12/site-packages/airflow/example_dags/tutorial.py for tasks to queue
[2025-08-27T07:49:16.713+0000] {logging_mixin.py:190} INFO - [2025-08-27T07:49:16.712+0000] {dagbag.py:588} INFO - Filling up the DagBag from /home/airflow/.local/lib/python3.12/site-packages/airflow/example_dags/tutorial.py
[2025-08-27T07:49:16.717+0000] {processor.py:925} INFO - DAG(s) 'tutorial' retrieved from /home/airflow/.local/lib/python3.12/site-packages/airflow/example_dags/tutorial.py
[2025-08-27T07:49:16.732+0000] {logging_mixin.py:190} INFO - [2025-08-27T07:49:16.732+0000] {dag.py:3239} INFO - Sync 1 DAGs
[2025-08-27T07:49:16.745+0000] {logging_mixin.py:190} INFO - [2025-08-27T07:49:16.745+0000] {dag.py:4180} INFO - Setting next_dagrun for tutorial to 2025-08-26 00:00:00+00:00, run_after=2025-08-27 00:00:00+00:00
[2025-08-27T07:49:16.762+0000] {processor.py:208} INFO - Processing /home/airflow/.local/lib/python3.12/site-packages/airflow/example_dags/tutorial.py took 0.056 seconds
[2025-08-27T07:49:47.670+0000] {processor.py:186} INFO - Started process (PID=124) to work on /home/airflow/.local/lib/python3.12/site-packages/airflow/example_dags/tutorial.py
[2025-08-27T07:49:47.670+0000] {processor.py:914} INFO - Processing file /home/airflow/.local/lib/python3.12/site-packages/airflow/example_dags/tutorial.py for tasks to queue
[2025-08-27T07:49:47.671+0000] {logging_mixin.py:190} INFO - [2025-08-27T07:49:47.671+0000] {dagbag.py:588} INFO - Filling up the DagBag from /home/airflow/.local/lib/python3.12/site-packages/airflow/example_dags/tutorial.py
[2025-08-27T07:49:47.674+0000] {processor.py:925} INFO - DAG(s) 'tutorial' retrieved from /home/airflow/.local/lib/python3.12/site-packages/airflow/example_dags/tutorial.py
[2025-08-27T07:49:47.683+0000] {logging_mixin.py:190} INFO - [2025-08-27T07:49:47.683+0000] {dag.py:3239} INFO - Sync 1 DAGs
[2025-08-27T07:49:47.690+0000] {logging_mixin.py:190} INFO - [2025-08-27T07:49:47.690+0000] {dag.py:4180} INFO - Setting next_dagrun for tutorial to 2025-08-26 00:00:00+00:00, run_after=2025-08-27 00:00:00+00:00
[2025-08-27T07:49:47.696+0000] {processor.py:208} INFO - Processing /home/airflow/.local/lib/python3.12/site-packages/airflow/example_dags/tutorial.py took 0.028 seconds
[2025-08-27T07:50:18.280+0000] {processor.py:186} INFO - Started process (PID=187) to work on /home/airflow/.local/lib/python3.12/site-packages/airflow/example_dags/tutorial.py
[2025-08-27T07:50:18.281+0000] {processor.py:914} INFO - Processing file /home/airflow/.local/lib/python3.12/site-packages/airflow/example_dags/tutorial.py for tasks to queue
[2025-08-27T07:50:18.282+0000] {logging_mixin.py:190} INFO - [2025-08-27T07:50:18.282+0000] {dagbag.py:588} INFO - Filling up the DagBag from /home/airflow/.local/lib/python3.12/site-packages/airflow/example_dags/tutorial.py
[2025-08-27T07:50:18.284+0000] {processor.py:925} INFO - DAG(s) 'tutorial' retrieved from /home/airflow/.local/lib/python3.12/site-packages/airflow/example_dags/tutorial.py
[2025-08-27T07:50:18.293+0000] {logging_mixin.py:190} INFO - [2025-08-27T07:50:18.293+0000] {dag.py:3239} INFO - Sync 1 DAGs
[2025-08-27T07:50:18.301+0000] {logging_mixin.py:190} INFO - [2025-08-27T07:50:18.301+0000] {dag.py:4180} INFO - Setting next_dagrun for tutorial to 2025-08-26 00:00:00+00:00, run_after=2025-08-27 00:00:00+00:00
[2025-08-27T07:50:18.313+0000] {processor.py:208} INFO - Processing /home/airflow/.local/lib/python3.12/site-packages/airflow/example_dags/tutorial.py took 0.035 seconds
[2025-08-27T07:50:48.937+0000] {processor.py:186} INFO - Started process (PID=250) to work on /home/airflow/.local/lib/python3.12/site-packages/airflow/example_dags/tutorial.py
[2025-08-27T07:50:48.938+0000] {processor.py:914} INFO - Processing file /home/airflow/.local/lib/python3.12/site-packages/airflow/example_dags/tutorial.py for tasks to queue
[2025-08-27T07:50:48.939+0000] {logging_mixin.py:190} INFO - [2025-08-27T07:50:48.939+0000] {dagbag.py:588} INFO - Filling up the DagBag from /home/airflow/.local/lib/python3.12/site-packages/airflow/example_dags/tutorial.py
[2025-08-27T07:50:48.942+0000] {processor.py:925} INFO - DAG(s) 'tutorial' retrieved from /home/airflow/.local/lib/python3.12/site-packages/airflow/example_dags/tutorial.py
[2025-08-27T07:50:48.951+0000] {logging_mixin.py:190} INFO - [2025-08-27T07:50:48.951+0000] {dag.py:3239} INFO - Sync 1 DAGs
[2025-08-27T07:50:48.959+0000] {logging_mixin.py:190} INFO - [2025-08-27T07:50:48.959+0000] {dag.py:4180} INFO - Setting next_dagrun for tutorial to 2025-08-26 00:00:00+00:00, run_after=2025-08-27 00:00:00+00:00
[2025-08-27T07:50:48.964+0000] {processor.py:208} INFO - Processing /home/airflow/.local/lib/python3.12/site-packages/airflow/example_dags/tutorial.py took 0.029 seconds
