[2025-08-28T09:08:09.373+0000] {local_task_job_runner.py:123} INFO - ::group::Pre task execution logs
[2025-08-28T09:08:09.379+0000] {taskinstance.py:2612} INFO - Dependencies all met for dep_context=non-requeueable deps ti=<TaskInstance: unemployment_etl_dag.merge_euu_files manual__2025-08-28T09:07:37.249375+00:00 [queued]>
[2025-08-28T09:08:09.382+0000] {taskinstance.py:2612} INFO - Dependencies all met for dep_context=requeueable deps ti=<TaskInstance: unemployment_etl_dag.merge_euu_files manual__2025-08-28T09:07:37.249375+00:00 [queued]>
[2025-08-28T09:08:09.383+0000] {taskinstance.py:2865} INFO - Starting attempt 1 of 1
[2025-08-28T09:08:09.387+0000] {taskinstance.py:2888} INFO - Executing <Task(PythonOperator): merge_euu_files> on 2025-08-28 09:07:37.249375+00:00
[2025-08-28T09:08:09.390+0000] {warnings.py:112} WARNING - /home/***/.local/lib/python3.12/site-packages/***/task/task_runner/standard_task_runner.py:70: DeprecationWarning: This process (pid=815) is multi-threaded, use of fork() may lead to deadlocks in the child.
  pid = os.fork()

[2025-08-28T09:08:09.392+0000] {standard_task_runner.py:72} INFO - Started process 820 to run task
[2025-08-28T09:08:09.392+0000] {standard_task_runner.py:104} INFO - Running: ['***', 'tasks', 'run', 'unemployment_etl_dag', 'merge_euu_files', 'manual__2025-08-28T09:07:37.249375+00:00', '--job-id', '23', '--raw', '--subdir', 'DAGS_FOLDER/unemployment_etl_dag.py', '--cfg-path', '/tmp/tmpe4jemphe']
[2025-08-28T09:08:09.392+0000] {standard_task_runner.py:105} INFO - Job 23: Subtask merge_euu_files
[2025-08-28T09:08:09.408+0000] {task_command.py:467} INFO - Running <TaskInstance: unemployment_etl_dag.merge_euu_files manual__2025-08-28T09:07:37.249375+00:00 [running]> on host 6c81a3d5d2a8
[2025-08-28T09:08:09.433+0000] {taskinstance.py:3131} INFO - Exporting env vars: AIRFLOW_CTX_DAG_OWNER='***' AIRFLOW_CTX_DAG_ID='unemployment_etl_dag' AIRFLOW_CTX_TASK_ID='merge_euu_files' AIRFLOW_CTX_EXECUTION_DATE='2025-08-28T09:07:37.249375+00:00' AIRFLOW_CTX_TRY_NUMBER='1' AIRFLOW_CTX_DAG_RUN_ID='manual__2025-08-28T09:07:37.249375+00:00'
[2025-08-28T09:08:09.436+0000] {logging_mixin.py:190} INFO - Task instance is in running state
[2025-08-28T09:08:09.436+0000] {logging_mixin.py:190} INFO -  Previous state of the Task instance: queued
[2025-08-28T09:08:09.437+0000] {logging_mixin.py:190} INFO - Current task name:merge_euu_files state:running start_date:2025-08-28 09:08:09.380105+00:00
[2025-08-28T09:08:09.437+0000] {logging_mixin.py:190} INFO - Dag name:unemployment_etl_dag and current dag run status:running
[2025-08-28T09:08:09.437+0000] {taskinstance.py:731} INFO - ::endgroup::
[2025-08-28T09:08:09.449+0000] {logging_mixin.py:190} INFO - Merged file saved: /opt/***/data/merged/EUU_merged.csv
[2025-08-28T09:08:09.451+0000] {python.py:240} INFO - Done. Returned value was:            country  ...  unemployment_rate_basic_education_female
23  European Union  ...                                 17.303030
22  European Union  ...                                 16.952628
21  European Union  ...                                 17.147079
20  European Union  ...                                 17.166924
19  European Union  ...                                 17.437891
18  European Union  ...                                 17.388568
17  European Union  ...                                 16.361329
16  European Union  ...                                 14.033331
15  European Union  ...                                 13.604792
14  European Union  ...                                 16.819625
13  European Union  ...                                 18.276809
12  European Union  ...                                 19.141760
11  European Union  ...                                 21.700405
10  European Union  ...                                 22.982487
9   European Union  ...                                 22.260813
8   European Union  ...                                 20.733269
7   European Union  ...                                 19.964312
6   European Union  ...                                 18.678668
5   European Union  ...                                 17.518849
4   European Union  ...                                 16.619256
3   European Union  ...                                 16.873130
2   European Union  ...                                 17.292913
1   European Union  ...                                 16.035570
0   European Union  ...                                 15.027527

[24 rows x 14 columns]
[2025-08-28T09:08:09.472+0000] {taskinstance.py:340} INFO - ::group::Post task execution logs
[2025-08-28T09:08:09.473+0000] {taskinstance.py:352} INFO - Marking task as SUCCESS. dag_id=unemployment_etl_dag, task_id=merge_euu_files, run_id=manual__2025-08-28T09:07:37.249375+00:00, execution_date=20250828T090737, start_date=20250828T090809, end_date=20250828T090809
[2025-08-28T09:08:09.476+0000] {logging_mixin.py:190} INFO - Task instance in success state
[2025-08-28T09:08:09.477+0000] {logging_mixin.py:190} INFO -  Previous state of the Task instance: running
[2025-08-28T09:08:09.479+0000] {logging_mixin.py:190} INFO - Dag name:unemployment_etl_dag queued_at:2025-08-28 09:07:37.260250+00:00
[2025-08-28T09:08:09.479+0000] {logging_mixin.py:190} INFO - Task hostname:6c81a3d5d2a8 operator:PythonOperator
[2025-08-28T09:08:09.492+0000] {local_task_job_runner.py:266} INFO - Task exited with return code 0
[2025-08-28T09:08:09.499+0000] {taskinstance.py:3900} INFO - 0 downstream tasks scheduled from follow-on schedule check
[2025-08-28T09:08:09.499+0000] {local_task_job_runner.py:245} INFO - ::endgroup::
